1    0.000849
2    0.000621
3    0.000807
4    0.000658
5    0.000783
6    0.000645
7    0.000802
8    0.000816
9    0.000406
10    0.00058
11    0.000813
12    0.000816
13    0.000822
14    0.000824
15    0.000832
16    0.000849
17    0.000818
18    0.000822
19    0.000813
20    0.000829
21    0.000825
22    0.000834
23    0.000845
24    0.000835
25    0.000841
26    0.000822
27    0.000822
28    0.000822
29    0.000828
30    0.000822
31    0.000836
32    0.000866
33    0.000833
34    0.000826
35    0.000821
36    0.00082
37    0.00082
38    0.00085
39    0.000828
40    0.000823
41    0.000823
42    0.000835
43    0.000817
44    0.000819
45    0.000835
46    0.000819
47    0.000819
48    0.000822
49    0.000837
50    0.000829
51    0.000834
52    0.000829
53    0.000838
54    0.000833
55    0.000838
56    0.000842
57    0.000831
58    0.000835
59    0.00085
60    0.000827
61    0.000815
62    0.000847
63    0.000836
64    0.00083
65    0.000832
66    0.000845
67    0.000825
68    0.00084
69    0.000838
70    0.000832
71    0.000818
72    0.000839
73    0.000829
74    0.000829
75    0.000842
76    0.000828
77    0.000825
78    0.000845
79    0.000833
80    0.000829
81    0.000824
82    0.000826
83    0.000825
84    0.000843
85    0.000831
86    0.000841
87    0.000827
88    0.000825
89    0.000839
90    0.000847
91    0.000831
92    0.000821
93    0.000823
94    0.000824
95    0.000859
96    0.000835
97    0.000831
98    0.000839
99    0.000825
100    0.000831
101    0.000827
102    0.000847
103    0.000832
104    0.000819
105    0.000826
106    0.000831
107    0.000822
108    0.000823
109    0.000826
110    0.000829
111    0.000838
112    0.000819
113    0.000819
114    0.000826
115    0.000827
116    0.000827
117    0.001048
118    0.000871
119    0.000868
120    0.000828
121    0.000829
122    0.00085
123    0.000836
124    0.000837
125    0.000837
126    0.000828
127    0.000835
128    0.00084
129    0.000835
130    0.000838
131    0.000832
132    0.000847
133    0.000832
134    0.000848
135    0.000825
136    0.000831
137    0.000828
138    0.000838
139    0.000826
140    0.000852
141    0.00083
142    0.000825
143    0.000842
144    0.000898
145    0.00083
146    0.000828
147    0.000838
148    0.000831
149    0.000844
150    0.000833
151    0.000829
152    0.00083
153    0.000833
154    0.000822
155    0.000844
156    0.000828
157    0.000829
158    0.00085
159    0.000834
160    0.000827
161    0.000838
162    0.00083
163    0.00084
164    0.000829
165    0.000857
166    0.00091
167    0.000825
168    0.000828
169    0.000839
170    0.00084
171    0.000832
172    0.000836
173    0.000861
174    0.000833
175    0.000817
176    0.00083
177    0.000839
178    0.00084
179    0.000846
180    0.00083
181    0.000843
182    0.000831
183    0.000829
184    0.000852
185    0.000835
186    0.000841
187    0.000831
188    0.000836
189    0.000836
190    0.000845
191    0.000843
192    0.000844
193    0.000832
194    0.000841
195    0.000835
196    0.000864
197    0.000833
198    0.000838
199    0.000829
200    0.000832
201    0.000854
202    0.00086
203    0.000842
204    0.000834
205    0.000834
206    0.000837
207    0.000854
208    0.000895
209    0.000851
210    0.000827
211    0.000839
212    0.000837
213    0.000839
214    0.000952
215    0.000832
216    0.000862
217    0.000863
218    0.00085
219    0.000827
220    0.00085
221    0.000831
222    0.000837
223    0.000845
224    0.000816
225    0.000834
226    0.000856
227    0.000825
228    0.000829
229    0.000827
230    0.000855
231    0.000853
232    0.000831
233    0.000832
234    0.000833
235    0.00083
236    0.000848
237    0.000838
238    0.000866
239    0.000833
240    0.000845
241    0.000829
242    0.000835
243    0.000824
244    0.000836
245    0.000833
246    0.000846
247    0.000826
248    0.000856
249    0.000843
250    0.000856
251    0.000831
252    0.000828
253    0.000843
254    0.000828
255    0.000829
256    0.000859
257    0.000837
258    0.000839
259    0.000819
260    0.000832
261    0.000845
262    0.000833
263    0.000845
264    0.000837
265    0.000837
266    0.000903
267    0.000865
268    0.001056
269    0.000833
270    0.000914
271    0.000852
272    0.000847
273    0.00084
274    0.000832
275    0.000845
276    0.000838
277    0.000822
278    0.000857
279    0.00084
280    0.000824
281    0.000835
282    0.000834
283    0.000826
284    0.00083
285    0.000831
286    0.000831
287    0.00083
288    0.000843
289    0.000835
290    0.000828
291    0.000829
292    0.000854
293    0.000824
294    0.000847
295    0.000832
296    0.000824
297    0.000825
298    0.000832
299    0.000857
300    0.000873
301    0.000831
302    0.000841
303    0.000831
304    0.00085
305    0.000848
306    0.000834
307    0.00084
308    0.000835
309    0.00084
310    0.000828
311    0.000836
312    0.000839
313    0.00083
314    0.00083
315    0.000837
316    0.000829
317    0.000829
318    0.000828
319    0.000839
320    0.000832
321    0.000842
322    0.000826
323    0.00085
324    0.000825
325    0.000847
326    0.000828
327    0.000835
328    0.000829
329    0.00084
330    0.000818
331    0.000834
332    0.000834
333    0.000832
334    0.000963
335    0.000835
336    0.000831
337    0.000833
338    0.000842
339    0.000827
340    0.000827
341    0.000908
342    0.00085
343    0.000822
344    0.00083
345    0.000826
346    0.000826
347    0.000837
348    0.000836
349    0.000838
350    0.000849
351    0.000822
352    0.000829
353    0.000822
354    0.000836
355    0.000828
356    0.000835
357    0.000834
358    0.000831
359    0.000836
360    0.000848
361    0.000837
362    0.000847
363    0.000829
364    0.00084
365    0.00082
366    0.000853
367    0.000825
368    0.000849
369    0.000833
370    0.00083
371    0.000832
372    0.000845
373    0.000827
374    0.000828
375    0.000845
376    0.000844
377    0.000834
378    0.000833
379    0.000821
380    0.000847
381    0.000824
382    0.000837
383    0.000816
384    0.000829
385    0.000835
386    0.000834
387    0.00084
388    0.000867
389    0.000842
390    0.00084
391    0.00084
392    0.000827
393    0.000833
394    0.000851
395    0.000852
396    0.000831
397    0.000833
398    0.000866
399    0.000862
400    0.000835
401    0.000843
402    0.000823
403    0.000836
404    0.000833
405    0.000822
406    0.000831
407    0.000832
408    0.000829
409    0.000849
410    0.000849
411    0.00088
412    0.000832
413    0.000824
414    0.000836
415    0.000851
416    0.000841
417    0.000831
418    0.000822
419    0.000828
420    0.000827
421    0.000828
422    0.000837
423    0.000873
424    0.000834
425    0.000841
426    0.000848
427    0.00084
428    0.00083
429    0.00083
430    0.000835
431    0.000832
432    0.000835
433    0.000839
434    0.000841
435    0.000838
436    0.000836
437    0.000837
438    0.000828
439    0.00085
440    0.000823
441    0.000904
442    0.000829
443    0.000853
444    0.000829
445    0.000838
446    0.000828
447    0.000822
448    0.000832
449    0.00084
450    0.000838
451    0.00084
452    0.000828
453    0.000833
454    0.000844
455    0.000826
456    0.000836
457    0.000833
458    0.000838
459    0.000832
460    0.000848
461    0.000833
462    0.000827
463    0.000828
464    0.000854
465    0.000826
466    0.000841
467    0.000844
468    0.000831
469    0.000824
470    0.000834
471    0.000828
472    0.000838
473    0.000833
474    0.000838
475    0.000839
476    0.000851
477    0.000836
478    0.000829
479    0.000836
480    0.000828
481    0.000832
482    0.000818
483    0.000838
484    0.000827
485    0.000839
486    0.000833
487    0.000843
488    0.00083
489    0.00083
490    0.000836
491    0.000846
492    0.000834
493    0.000843
494    0.000832
495    0.000847
496    0.000826
497    0.00084
498    0.000827
499    0.000839
500    0.000846
501    0.000826
502    0.000853
503    0.000823
504    0.000829
505    0.000821
506    0.000823
507    0.000838
508    0.00083
509    0.000825
510    0.000823
511    0.000848
512    0.000844
513    0.000835
514    0.000837
515    0.000847
516    0.000849
517    0.000834
518    0.000837
519    0.00083
520    0.00083
521    0.000834
522    0.000829
523    0.000833
524    0.000833
525    0.000838
526    0.000861
527    0.000833
528    0.000828
529    0.000847
530    0.000827
531    0.000838
532    0.00083
533    0.000832
534    0.000825
535    0.000822
536    0.000838
537    0.000843
538    0.000841
539    0.000834
540    0.000843
541    0.00084
542    0.00083
543    0.000834
544    0.000838
545    0.000838
546    0.000824
547    0.000837
548    0.000838
549    0.000834
550    0.000839
551    0.000844
552    0.000882
553    0.000843
554    0.000953
555    0.000837
556    0.000831
557    0.000837
558    0.000828
559    0.000835
560    0.000844
561    0.00083
562    0.000849
563    0.000848
564    0.000844
565    0.00083
566    0.000846
567    0.000837
568    0.000838
569    0.000832
570    0.000837
571    0.000854
572    0.000833
573    0.000856
574    0.000829
575    0.00084
576    0.000843
577    0.000833
578    0.000922
579    0.000851
580    0.000845
581    0.000832
582    0.000844
583    0.000852
584    0.000831
585    0.000851
586    0.000829
587    0.000828
588    0.00086
589    0.000828
590    0.000833
591    0.00085
592    0.000825
593    0.000858
594    0.000843
595    0.000857
596    0.00083
597    0.000836
598    0.000837
599    0.000832
600    0.000833
601    0.001371
602    0.000845
603    0.001369
604    0.000848
605    0.000834
606    0.000825
607    0.000854
608    0.00083
609    0.000841
610    0.000823
611    0.000827
612    0.000839
613    0.000827
614    0.000834
615    0.000838
616    0.000836
617    0.00083
618    0.000824
619    0.000832
620    0.000831
621    0.000835
622    0.000836
623    0.000825
624    0.000828
625    0.000822
626    0.000841
627    0.000839
628    0.000836
629    0.00083
630    0.000833
631    0.000831
632    0.000832
633    0.000829
634    0.000831
635    0.000857
636    0.000828
637    0.000849
638    0.000838
639    0.000854
640    0.000827
641    0.000831
642    0.000835
643    0.000835
644    0.000842
645    0.000841
646    0.000841
647    0.000841
648    0.000864
649    0.000835
650    0.000836
651    0.000849
652    0.00083
653    0.000829
654    0.000835
655    0.00083
656    0.000836
657    0.000831
658    0.000831
659    0.000848
660    0.000833
661    0.000828
662    0.000845
663    0.000844
664    0.000842
665    0.000827
666    0.000839
667    0.000839
668    0.000841
669    0.000826
670    0.000833
671    0.000833
672    0.00084
673    0.000836
674    0.000842
675    0.000827
676    0.000849
677    0.000834
678    0.00085
679    0.000843
680    0.000854
681    0.000842
682    0.000836
683    0.00083
684    0.000832
685    0.000835
686    0.000835
687    0.000861
688    0.000852
689    0.000841
690    0.000836
691    0.000857
692    0.000837
693    0.000831
694    0.000847
695    0.00083
696    0.000838
697    0.000835
698    0.000831
699    0.000856
700    0.00083
701    0.000847
702    0.000856
703    0.000837
704    0.000827
705    0.000845
706    0.000831
707    0.000845
708    0.00083
709    0.000846
710    0.000831
711    0.000834
712    0.000836
713    0.000847
714    0.000844
715    0.000851
716    0.00083
717    0.000829
718    0.000833
719    0.000831
720    0.00083
721    0.000838
722    0.000946
723    0.00083
724    0.000843
725    0.00083
726    0.000858
727    0.000834
728    0.00084
729    0.000836
730    0.000837
731    0.00083
732    0.000836
733    0.000833
734    0.000822
735    0.000847
736    0.000836
737    0.000841
738    0.000829
739    0.000841
740    0.000826
741    0.000849
742    0.000825
743    0.000834
744    0.000834
745    0.00085
746    0.000837
747    0.000839
748    0.000837
749    0.000837
750    0.000839
751    0.000843
752    0.000825
753    0.000851
754    0.000854
755    0.000852
756    0.000863
757    0.000834
758    0.000835
759    0.000833
760    0.000832
761    0.000829
762    0.000821
763    0.000828
764    0.000828
765    0.000827
766    0.000831
767    0.000829
768    0.000826
769    0.000844
770    0.000834
771    0.000836
772    0.000837
773    0.000853
774    0.000839
775    0.000827
776    0.000828
777    0.000828
778    0.000836
779    0.000834
780    0.000826
781    0.000889
782    0.000841
783    0.000864
784    0.00083
785    0.000833
786    0.000916
787    0.000852
788    0.000836
789    0.000839
790    0.000848
791    0.000821
792    0.000823
793    0.000828
794    0.000847
795    0.000846
796    0.000833
797    0.000841
798    0.00084
799    0.000842
800    0.000836
801    0.000839
802    0.000834
803    0.000838
804    0.00083
805    0.000837
806    0.000834
807    0.000832
808    0.00082
809    0.000838
810    0.000828
811    0.00084
812    0.00084
813    0.000826
814    0.000845
815    0.000831
816    0.000835
817    0.000834
818    0.000837
819    0.00083
820    0.000843
821    0.000838
822    0.00083
823    0.000837
824    0.000862
825    0.000829
826    0.000841
827    0.000823
828    0.000833
829    0.000915
830    0.000832
831    0.000833
832    0.00083
833    0.000838
834    0.000857
835    0.000859
836    0.000832
837    0.001058
838    0.000835
839    0.000834
840    0.000829
841    0.00085
842    0.000839
843    0.000862
844    0.000838
845    0.000836
846    0.000842
847    0.000839
848    0.000863
849    0.000828
850    0.00085
851    0.000837
852    0.000841
853    0.00086
854    0.00083
855    0.000848
856    0.000855
857    0.000851
858    0.000825
859    0.000841
860    0.000821
861    0.000837
862    0.000832
863    0.000852
864    0.000844
865    0.00083
866    0.00083
867    0.000857
868    0.000828
869    0.000845
870    0.000831
871    0.000849
872    0.000831
873    0.000833
874    0.000887
875    0.000831
876    0.000834
877    0.000832
878    0.000876
879    0.000838
880    0.000857
881    0.000833
882    0.000856
883    0.000832
884    0.000832
885    0.000839
886    0.000835
887    0.000838
888    0.000858
889    0.000829
890    0.000843
891    0.000861
892    0.000865
893    0.000836
894    0.000843
895    0.001357
896    0.000833
897    0.001375
898    0.000834
899    0.000848
900    0.000828
901    0.000841
902    0.000834
903    0.000827
904    0.000829
905    0.000841
906    0.000843
907    0.000839
908    0.000835
909    0.000833
910    0.00085
911    0.000842
912    0.000831
913    0.000866
914    0.000859
915    0.00083
916    0.000834
917    0.000829
918    0.000852
919    0.000834
920    0.000823
921    0.000838
922    0.000845
923    0.000832
924    0.000872
925    0.000832
926    0.000857
927    0.000836
928    0.000833
929    0.000927
930    0.000858
931    0.000845
932    0.000859
933    0.000833
934    0.00084
935    0.000843
936    0.000828
937    0.00083
938    0.00082
939    0.000826
940    0.000828
941    0.000849
942    0.000847
943    0.000839
944    0.000843
945    0.000824
946    0.000828
947    0.000834
948    0.000844
949    0.000821
950    0.000834
951    0.00084
952    0.000823
953    0.000824
954    0.000824
955    0.000846
956    0.00084
957    0.000842
958    0.000833
959    0.000982
960    0.000903
961    0.000844
962    0.000833
963    0.000849
964    0.000835
965    0.000864
966    0.000854
967    0.000832
968    0.000829
969    0.000825
970    0.000835
971    0.000843
972    0.000831
973    0.000827
974    0.000828
975    0.00082
976    0.000841
977    0.000821
978    0.000839
979    0.000831
980    0.000855
981    0.000853
982    0.000848
983    0.000835
984    0.000833
985    0.000831
986    0.00084
987    0.000824
988    0.000831
989    0.000843
990    0.000828
991    0.000825
992    0.000831
993    0.000845
994    0.000828
995    0.000837
996    0.000827
997    0.000838
998    0.000836
999    0.000833
1000    0.000824
1001    0.00085
1002    0.000854
1003    0.00087
1004    0.000827
1005    0.000832
1006    0.000833
1007    0.000823
1008    0.000824
1009    0.000839
1010    0.000829
1011    0.000836
1012    0.000838
1013    0.000851
1014    0.00083
1015    0.000826
1016    0.001097
1017    0.000838
1018    0.000825
1019    0.000851
1020    0.000844
1021    0.000834
1022    0.000852
1023    0.00083
1024    0.000827
1025    0.000832
1026    0.000844
1027    0.000828
1028    0.000849
1029    0.00083
1030    0.000824
1031    0.000846
1032    0.000827
1033    0.000846
1034    0.000835
1035    0.000842
1036    0.000836
1037    0.000836
1038    0.000827
1039    0.000846
1040    0.000821
1041    0.000826
1042    0.000834
1043    0.000849
1044    0.00083
1045    0.000829
1046    0.00082
1047    0.000839
1048    0.000828
1049    0.000835
1050    0.000846
1051    0.000832
1052    0.000858
1053    0.000837
1054    0.000825
1055    0.000832
1056    0.000827
1057    0.000847
1058    0.000829
1059    0.000828
1060    0.000845
1061    0.000825
1062    0.000836
1063    0.000816
1064    0.000836
1065    0.00083
1066    0.000824
1067    0.000827
1068    0.000827
1069    0.000828
1070    0.000838
1071    0.000838
1072    0.000836
1073    0.000834
1074    0.000843
1075    0.000826
1076    0.000831
1077    0.000827
1078    0.000832
1079    0.000829
1080    0.00083
1081    0.00084
1082    0.000822
1083    0.000842
1084    0.000825
1085    0.000852
1086    0.000827
1087    0.000827
1088    0.000829
1089    0.000822
1090    0.000827
1091    0.000821
1092    0.00085
1093    0.000829
1094    0.000827
1095    0.000834
1096    0.000827
1097    0.000831
1098    0.000842
1099    0.000825
1100    0.000841
1101    0.000834
1102    0.000818
1103    0.000837
1104    0.000865
1105    0.000846
1106    0.000838
1107    0.000825
1108    0.00084
1109    0.000832
1110    0.000829
1111    0.00083
1112    0.000837
1113    0.000834
1114    0.000856
1115    0.000826
1116    0.00083
1117    0.000877
1118    0.000842
1119    0.000825
1120    0.000837
1121    0.000829
1122    0.000826
1123    0.000826
1124    0.00083
1125    0.000828
1126    0.000821
1127    0.000835
1128    0.000839
1129    0.000845
1130    0.000839
1131    0.000837
1132    0.000823
1133    0.000831
1134    0.000828
1135    0.000834
1136    0.000845
1137    0.000845
1138    0.000851
1139    0.000836
1140    0.000828
1141    0.000836
1142    0.000826
1143    0.000833
1144    0.000853
1145    0.000854
1146    0.000843
1147    0.000835
1148    0.000844
1149    0.000818
1150    0.000837
1151    0.000848
1152    0.000839
1153    0.000842
1154    0.000833
1155    0.000839
1156    0.000848
1157    0.000902
1158    0.000846
1159    0.000835
1160    0.000846
1161    0.000973
1162    0.000872
1163    0.000834
1164    0.000825
1165    0.000852
1166    0.000827
1167    0.000883
1168    0.000827
1169    0.000847
1170    0.00083
1171    0.000837
1172    0.000827
1173    0.000845
1174    0.00083
1175    0.00083
1176    0.000848
1177    0.000844
1178    0.000831
1179    0.000841
1180    0.000837
1181    0.000837
1182    0.000858
1183    0.000833
1184    0.000834
1185    0.000836
1186    0.000847
1187    0.000864
1188    0.00084
1189    0.000833
1190    0.000864
1191    0.000884
1192    0.000834
1193    0.00087
1194    0.000835
1195    0.00084
1196    0.000827
1197    0.000841
1198    0.000823
1199    0.000846
1200    0.00085
1201    0.000843
1202    0.000839
1203    0.000841
1204    0.000835
1205    0.000839
1206    0.00083
1207    0.00083
1208    0.000828
1209    0.000839
1210    0.00083
1211    0.000835
1212    0.000843
1213    0.000841
1214    0.000848
1215    0.000843
1216    0.000831
1217    0.000845
1218    0.00084
1219    0.000847
1220    0.000831
1221    0.000844
1222    0.000884
1223    0.000887
1224    0.000852
1225    0.00084
1226    0.000831
1227    0.000838
1228    0.000852
1229    0.000846
1230    0.000838
1231    0.000836
1232    0.000836
1233    0.000847
1234    0.000837
1235    0.000863
1236    0.000825
1237    0.00083
1238    0.000835
1239    0.000833
1240    0.000838
1241    0.000831
1242    0.000835
1243    0.000838
1244    0.000823
1245    0.000828
1246    0.000833
1247    0.00082
1248    0.000856
1249    0.000853
1250    0.000821
1251    0.000833
1252    0.000829
1253    0.000849
1254    0.000829
1255    0.000852
1256    0.000828
1257    0.000828
1258    0.000833
1259    0.000848
1260    0.000834
1261    0.000831
1262    0.000842
1263    0.000848
1264    0.000829
1265    0.000827
1266    0.00085
1267    0.000823
1268    0.00084
1269    0.000832
1270    0.00083
1271    0.000835
1272    0.000826
1273    0.000836
1274    0.000832
1275    0.000823
1276    0.000838
1277    0.000818
1278    0.000848
1279    0.000844
1280    0.000832
1281    0.000815
1282    0.000841
1283    0.000833
1284    0.000834
1285    0.000834
1286    0.000839
1287    0.000846
1288    0.000815
1289    0.000839
1290    0.000821
1291    0.000845
1292    0.00084
1293    0.000855
1294    0.000831
1295    0.000837
1296    0.000824
1297    0.000831
1298    0.000842
1299    0.000823
1300    0.000827
1301    0.000834
1302    0.000856
1303    0.000829
1304    0.000844
1305    0.000845
1306    0.000841
1307    0.000847
1308    0.00082
1309    0.000857
1310    0.000862
1311    0.000837
1312    0.000846
1313    0.000838
1314    0.000856
1315    0.000895
1316    0.000841
1317    0.000852
1318    0.000833
1319    0.000835
1320    0.000839
1321    0.000849
1322    0.000832
1323    0.000826
1324    0.000826
1325    0.000837
1326    0.000832
1327    0.000833
1328    0.000826
1329    0.000845
1330    0.000838
1331    0.00084
1332    0.000841
1333    0.00084
1334    0.000838
1335    0.000843
1336    0.000822
1337    0.000816
1338    0.000821
1339    0.000832
1340    0.00082
1341    0.000824
1342    0.000827
1343    0.000858
1344    0.000835
1345    0.000867
1346    0.000827
1347    0.000921
1348    0.00085
1349    0.00085
1350    0.000843
1351    0.00083
1352    0.000844
1353    0.000839
1354    0.000838
1355    0.00083
1356    0.000857
1357    0.000835
1358    0.000827
1359    0.000839
1360    0.000835
1361    0.000854
1362    0.000843
1363    0.000833
1364    0.000821
1365    0.000832
1366    0.000853
1367    0.000823
1368    0.000842
1369    0.000834
1370    0.000825
1371    0.000829
1372    0.000823
1373    0.000832
1374    0.000842
1375    0.000835
1376    0.000832
1377    0.000826
1378    0.000848
1379    0.000827
1380    0.000846
1381    0.000827
1382    0.000851
1383    0.000825
1384    0.000824
1385    0.000831
1386    0.000823
1387    0.000836
1388    0.00083
1389    0.000826
1390    0.000826
1391    0.000826
1392    0.000833
1393    0.000834
1394    0.000844
1395    0.000827
1396    0.000831
1397    0.000847
1398    0.000836
1399    0.000836
1400    0.000838
1401    0.000837
1402    0.000844
1403    0.000917
1404    0.000842
1405    0.000849
1406    0.000842
1407    0.00085
1408    0.000836
1409    0.000843
1410    0.000828
1411    0.000834
1412    0.000845
1413    0.000826
1414    0.000833
1415    0.000855
1416    0.000836
1417    0.000838
1418    0.000865
1419    0.000837
1420    0.000844
1421    0.000838
1422    0.000831
1423    0.000838
1424    0.000833
1425    0.000837
1426    0.000835
1427    0.000831
1428    0.000847
1429    0.000918
1430    0.00084
1431    0.000846
1432    0.000834
1433    0.000834
1434    0.000841
1435    0.000839
1436    0.000836
1437    0.000826
1438    0.000841
1439    0.000859
1440    0.000861
1441    0.000837
1442    0.000837
1443    0.00085
1444    0.000847
1445    0.000835
1446    0.000839
1447    0.000848
1448    0.000824
1449    0.001048
1450    0.000835
1451    0.000838
1452    0.000833
1453    0.000832
1454    0.000843
1455    0.000833
1456    0.000851
1457    0.000832
1458    0.000831
1459    0.000845
1460    0.00083
1461    0.000836
1462    0.000842
1463    0.000842
1464    0.000827
1465    0.000841
1466    0.000831
1467    0.000856
1468    0.000829
1469    0.000834
1470    0.000826
1471    0.000833
1472    0.000832
1473    0.000831
1474    0.000849
1475    0.000838
1476    0.000834
1477    0.000835
1478    0.000845
1479    0.000828
1480    0.00083
1481    0.000846
1482    0.000854
1483    0.000846
1484    0.000837
1485    0.000832
1486    0.000832
1487    0.000823
1488    0.000833
1489    0.000836
1490    0.00085
1491    0.00083
1492    0.000839
1493    0.000844
1494    0.000848
1495    0.000852
1496    0.000824
1497    0.000851
1498    0.000829
1499    0.00084
1500    0.000824
1501    0.00083
1502    0.000852
1503    0.000825
1504    0.000838
1505    0.000847
1506    0.000834
1507    0.000831
1508    0.00084
1509    0.000834
1510    0.000847
1511    0.000839
1512    0.000835
1513    0.000837
1514    0.000842
1515    0.000831
1516    0.000842
1517    0.00085
1518    0.000851
1519    0.000834
1520    0.000831
1521    0.000826
1522    0.000849
1523    0.000822
1524    0.000838
1525    0.000857
1526    0.000842
1527    0.000871
1528    0.000832
1529    0.000834
1530    0.000828
1531    0.000841
1532    0.000853
1533    0.000843
1534    0.000836
1535    0.000834
1536    0.00084
1537    0.000833
1538    0.000882
1539    0.000843
1540    0.00088
1541    0.000839
1542    0.000825
1543    0.000856
1544    0.000854
1545    0.000841
1546    0.000835
1547    0.000848
1548    0.000839
1549    0.000844
1550    0.000857
1551    0.000828
1552    0.000833
1553    0.00084
1554    0.000831
1555    0.000836
1556    0.000823
1557    0.00084
1558    0.000834
1559    0.00084
1560    0.000827
1561    0.000847
1562    0.000827
1563    0.000831
1564    0.000835
1565    0.000847
1566    0.000827
1567    0.000934
1568    0.000844
1569    0.000835
1570    0.000862
1571    0.000825
1572    0.000837
1573    0.00084
1574    0.000828
1575    0.000829
1576    0.000837
1577    0.000879
1578    0.000847
1579    0.000835
1580    0.000829
1581    0.000831
1582    0.00083
1583    0.00085
1584    0.000834
1585    0.000836
1586    0.00084
1587    0.000836
1588    0.000823
1589    0.000844
1590    0.000831
1591    0.000833
1592    0.000829
1593    0.000837
1594    0.000833
1595    0.000841
1596    0.000844
1597    0.000864
1598    0.000844
1599    0.00083
1600    0.000824
1601    0.000826
1602    0.000826
1603    0.000829
1604    0.000823
1605    0.000962
1606    0.000824
1607    0.000827
1608    0.00082
1609    0.00086
1610    0.000835
1611    0.000829
1612    0.000838
1613    0.000829
1614    0.000828
1615    0.000848
1616    0.000833
1617    0.000838
1618    0.000871
1619    0.000825
1620    0.000833
1621    0.000824
1622    0.000836
1623    0.000827
1624    0.000865
1625    0.000824
1626    0.000835
1627    0.000892
1628    0.000857
1629    0.000823
1630    0.000821
1631    0.000888
1632    0.000841
1633    0.000836
1634    0.000825
1635    0.000836
1636    0.000826
1637    0.000841
1638    0.000828
1639    0.000842
1640    0.000831
1641    0.00085
1642    0.000818
1643    0.000836
1644    0.000868
1645    0.000837
1646    0.000826
1647    0.000832
1648    0.000816
1649    0.000827
1650    0.000854
1651    0.000854
1652    0.000814
1653    0.000839
1654    0.000821
1655    0.000828
1656    0.000888
1657    0.000832
1658    0.000823
1659    0.000827
1660    0.000826
1661    0.000844
1662    0.000831
1663    0.00083
1664    0.000835
1665    0.00084
1666    0.000836
1667    0.000878
1668    0.000825
1669    0.000843
1670    0.000829
1671    0.000856
1672    0.000827
1673    0.000832
1674    0.000833
1675    0.00084
1676    0.000825
1677    0.000835
1678    0.000838
1679    0.000839
1680    0.000838
1681    0.000832
1682    0.000831
1683    0.000828
1684    0.000825
1685    0.000832
1686    0.000833
1687    0.00084
1688    0.000832
1689    0.000839
1690    0.000832
1691    0.000832
1692    0.000832
1693    0.000839
1694    0.000833
1695    0.000826
1696    0.000826
1697    0.00082
1698    0.000828
1699    0.000824
1700    0.000861
1701    0.000874
1702    0.000861
1703    0.00083
1704    0.000835
1705    0.000848
1706    0.000833
1707    0.000823
1708    0.000831
1709    0.000838
1710    0.000974
1711    0.000824
1712    0.000831
1713    0.000831
1714    0.000834
1715    0.000829
1716    0.000837
1717    0.000826
1718    0.000831
1719    0.000871
1720    0.000834
1721    0.000838
1722    0.000827
1723    0.000826
1724    0.000827
1725    0.000828
1726    0.000834
1727    0.000852
1728    0.000843
1729    0.000825
1730    0.000827
1731    0.000845
1732    0.000826
1733    0.000835
1734    0.000848
1735    0.00083
1736    0.000845
1737    0.000838
1738    0.000835
1739    0.000832
1740    0.000834
1741    0.000855
1742    0.000816
1743    0.000839
1744    0.000818
1745    0.000833
1746    0.000828
1747    0.000838
1748    0.000821
1749    0.000821
1750    0.000825
1751    0.000831
1752    0.000845
1753    0.000829
1754    0.000818
1755    0.000833
1756    0.00083
1757    0.000847
1758    0.000832
1759    0.000833
1760    0.000845
1761    0.000831
1762    0.000836
1763    0.000824
1764    0.000827
1765    0.000833
1766    0.000828
1767    0.000842
1768    0.000841
1769    0.000828
1770    0.000853
1771    0.000845
1772    0.000826
1773    0.000839
1774    0.000837
1775    0.00085
1776    0.000825
1777    0.000851
1778    0.000839
1779    0.000867
1780    0.000832
1781    0.00083
1782    0.000834
1783    0.000855
1784    0.000835
1785    0.00084
1786    0.000841
1787    0.000834
1788    0.000833
1789    0.000834
1790    0.000826
1791    0.000834
1792    0.000834
1793    0.000836
1794    0.000835
1795    0.000827
1796    0.000844
1797    0.000877
1798    0.000827
1799    0.000839
1800    0.000828
1801    0.00084
1802    0.00084
1803    0.00083
1804    0.000839
1805    0.000831
1806    0.000833
1807    0.000847
1808    0.000827
1809    0.000831
1810    0.000842
1811    0.000833
1812    0.001012
1813    0.000845
1814    0.000856
1815    0.000843
1816    0.000826
1817    0.000836
1818    0.00083
1819    0.000847
1820    0.000829
1821    0.000832
1822    0.000823
1823    0.000846
1824    0.000834
1825    0.000845
1826    0.000831
1827    0.000834
1828    0.000837
1829    0.000824
1830    0.000845
1831    0.000827
1832    0.000841
1833    0.000831
1834    0.000847
1835    0.000828
1836    0.000836
1837    0.000844
1838    0.000833
1839    0.000828
1840    0.000826
1841    0.000828
1842    0.000829
1843    0.00085
1844    0.000828
1845    0.000871
1846    0.000826
1847    0.00086
1848    0.000831
1849    0.000843
1850    0.000827
1851    0.000861
1852    0.000829
1853    0.000836
1854    0.000835
1855    0.000824
1856    0.000824
1857    0.000862
1858    0.000836
1859    0.000844
1860    0.000829
1861    0.000839
1862    0.000834
1863    0.000842
1864    0.000827
1865    0.000827
1866    0.000827
1867    0.000829
1868    0.00084
1869    0.000828
1870    0.000846
1871    0.000936
1872    0.000839
1873    0.000834
1874    0.000834
1875    0.00082
1876    0.000848
1877    0.000825
1878    0.000837
1879    0.000827
1880    0.000839
1881    0.000825
1882    0.000835
1883    0.000837
1884    0.000886
1885    0.000837
1886    0.000828
1887    0.000839
1888    0.000832
1889    0.000835
1890    0.000843
1891    0.000832
1892    0.000831
1893    0.00082
1894    0.00085
1895    0.00083
1896    0.000838
1897    0.00084
1898    0.000837
1899    0.000826
1900    0.000832
1901    0.000826
1902    0.000827
1903    0.000824
1904    0.000829
1905    0.000842
1906    0.000916
1907    0.000839
1908    0.000843
1909    0.000826
1910    0.000836
1911    0.000824
1912    0.00083
1913    0.00083
1914    0.000828
1915    0.000825
1916    0.000832
1917    0.00083
1918    0.000823
1919    0.000826
1920    0.000827
1921    0.000836
1922    0.000841
1923    0.000856
1924    0.000836
1925    0.000828
1926    0.00085
1927    0.000831
1928    0.000852
1929    0.000834
1930    0.000828
1931    0.00083
1932    0.000828
1933    0.000829
1934    0.000832
1935    0.000814
1936    0.000845
1937    0.00085
1938    0.000832
1939    0.000828
1940    0.000824
1941    0.000837
1942    0.000835
1943    0.000828
1944    0.000829
1945    0.000835
1946    0.000844
1947    0.000831
1948    0.000842
1949    0.000831
1950    0.000831
1951    0.000834
1952    0.000829
1953    0.000827
1954    0.000846
1955    0.000825
1956    0.000832
1957    0.000828
1958    0.000813
1959    0.000832
1960    0.000828
1961    0.000833
1962    0.00084
1963    0.000831
1964    0.000846
1965    0.000832
1966    0.00084
1967    0.000842
1968    0.000836
1969    0.000839
1970    0.000831
1971    0.000863
1972    0.000835
1973    0.000846
1974    0.000845
1975    0.000832
1976    0.000848
1977    0.000834
1978    0.00083
1979    0.000849
1980    0.000836
1981    0.000839
1982    0.000834
1983    0.000853
1984    0.000875
1985    0.000839
1986    0.000858
1987    0.000835
1988    0.000851
1989    0.000836
1990    0.000835
1991    0.000833
1992    0.000845
1993    0.000852
1994    0.000853
1995    0.000836
1996    0.000842
1997    0.000837
1998    0.000857
1999    0.000837
2000    0.000839
2001    0.000854
2002    0.000837
2003    0.000831
2004    0.000832
2005    0.000834
2006    0.000849
2007    0.000843
2008    0.000824
2009    0.000823
2010    0.000852
2011    0.000828
2012    0.000829
2013    0.000851
2014    0.000842
2015    0.000835
2016    0.000831
2017    0.00084
2018    0.000846
2019    0.000853
2020    0.000844
2021    0.000831
2022    0.000832
2023    0.000856
2024    0.000842
2025    0.000829
2026    0.000851
2027    0.000828
2028    0.000821
2029    0.00085
2030    0.000833
2031    0.000872
2032    0.000866
2033    0.000831
2034    0.000853
2035    0.000847
2036    0.000872
2037    0.000844
2038    0.000828
2039    0.000831
2040    0.000831
2041    0.000839
2042    0.000858
2043    0.000828
2044    0.000838
2045    0.000971
2046    0.000845
2047    0.000828
2048    0.000837
2049    0.000847
2050    0.000839
2051    0.000858
2052    0.000853
2053    0.000833
2054    0.000963
2055    0.000854
2056    0.000839
2057    0.000831
2058    0.00083
2059    0.000889
2060    0.000821
2061    0.000831
2062    0.000844
2063    0.00083
2064    0.000839
2065    0.000827
2066    0.00084
2067    0.000847
2068    0.000825
2069    0.00082
2070    0.000839
2071    0.000829
2072    0.00084
2073    0.000832
2074    0.000829
2075    0.000829
2076    0.000828
2077    0.000836
2078    0.000826
2079    0.000825
2080    0.000818
2081    0.000837
2082    0.000826
2083    0.000865
2084    0.000817
2085    0.000838
2086    0.000824
2087    0.000828
2088    0.000827
2089    0.000837
2090    0.00084
2091    0.000834
2092    0.000829
2093    0.000827
2094    0.000844
2095    0.000816
2096    0.000821
2097    0.00084
2098    0.000823
2099    0.000826
2100    0.00082
2101    0.000853
2102    0.00083
2103    0.000848
2104    0.000844
2105    0.000843
2106    0.000835
2107    0.000841
2108    0.000833
2109    0.000833
2110    0.000831
2111    0.000841
2112    0.000837
2113    0.000842
2114    0.000845
2115    0.000832
2116    0.000821
2117    0.000828
2118    0.000847
2119    0.000836
2120    0.000855
2121    0.000826
2122    0.000832
2123    0.00083
2124    0.00084
2125    0.000823
2126    0.000834
2127    0.000813
2128    0.000836
2129    0.000823
2130    0.000844
2131    0.000827
2132    0.000829
2133    0.000826
2134    0.000838
2135    0.000842
2136    0.000827
2137    0.000842
2138    0.000828
2139    0.000842
2140    0.000827
2141    0.000851
2142    0.000822
2143    0.000848
2144    0.000829
2145    0.00083
2146    0.000825
2147    0.000839
2148    0.000836
2149    0.000877
2150    0.000831
2151    0.000833
2152    0.000834
2153    0.000849
2154    0.000835
2155    0.000829
2156    0.000854
2157    0.000843
2158    0.000839
2159    0.000868
2160    0.000827
2161    0.000844
2162    0.000835
2163    0.000843
2164    0.000828
2165    0.000856
2166    0.000831
2167    0.000832
2168    0.000838
2169    0.000853
2170    0.000843
2171    0.000854
2172    0.000827
2173    0.000837
2174    0.000853
2175    0.000827
2176    0.000839
2177    0.000835
2178    0.000877
2179    0.000842
2180    0.000836
2181    0.000837
2182    0.000828
2183    0.000831
2184    0.000829
2185    0.000827
2186    0.000828
2187    0.000837
2188    0.000835
2189    0.000822
2190    0.000843
2191    0.000829
2192    0.000851
2193    0.000829
2194    0.000842
2195    0.000844
2196    0.000836
2197    0.00086
2198    0.000834
2199    0.000852
2200    0.000829
2201    0.000828
2202    0.000836
2203    0.000831
2204    0.00086
2205    0.000836
2206    0.000827
2207    0.00085
2208    0.00084
2209    0.000831
2210    0.00083
2211    0.000822
2212    0.000825
2213    0.000826
2214    0.000835
2215    0.000829
2216    0.000848
2217    0.000843
2218    0.000837
2219    0.000833
2220    0.000836
2221    0.000829
2222    0.000838
2223    0.000828
2224    0.000831
2225    0.001302
2226    0.000835
2227    0.000831
2228    0.000864
2229    0.000848
2230    0.000845
2231    0.000825
2232    0.000831
2233    0.000864
2234    0.000843
2235    0.000828
2236    0.00083
2237    0.000849
2238    0.000839
2239    0.000846
2240    0.001276
2241    0.000858
2242    0.000837
2243    0.000827
2244    0.00083
2245    0.000842
2246    0.000834
2247    0.000833
2248    0.000835
2249    0.000828
2250    0.000831
2251    0.000845
2252    0.000823
2253    0.000826
2254    0.000843
2255    0.000834
2256    0.000845
2257    0.000833
2258    0.000826
2259    0.000826
2260    0.000834
2261    0.000826
2262    0.000835
2263    0.000852
2264    0.000814
2265    0.000869
2266    0.000859
2267    0.000826
2268    0.000837
2269    0.000835
2270    0.000828
2271    0.000829
2272    0.000862
2273    0.000824
2274    0.000831
2275    0.000825
2276    0.000825
2277    0.000827
2278    0.000822
2279    0.000831
2280    0.000824
2281    0.000862
2282    0.00083
2283    0.00084
2284    0.000832
2285    0.000868
2286    0.000828
2287    0.000846
2288    0.000828
2289    0.000843
2290    0.000828
2291    0.000842
2292    0.000835
2293    0.000845
2294    0.000829
2295    0.000851
2296    0.000824
2297    0.000846
2298    0.000825
2299    0.000828
2300    0.000835
2301    0.000836
2302    0.000931
2303    0.000841
2304    0.000823
2305    0.000827
2306    0.000829
2307    0.000831
2308    0.000994
2309    0.000831
2310    0.000828
2311    0.00084
2312    0.000828
2313    0.000836
2314    0.000821
2315    0.000827
2316    0.000829
2317    0.000823
2318    0.000832
2319    0.000851
2320    0.00082
2321    0.000833
2322    0.000829
2323    0.00083
2324    0.000825
2325    0.000828
2326    0.00082
2327    0.000829
2328    0.00083
2329    0.000829
2330    0.000822
2331    0.000828
2332    0.000825
2333    0.000833
2334    0.000837
2335    0.000852
2336    0.000819
2337    0.000825
2338    0.000827
2339    0.000834
2340    0.00082
2341    0.000832
2342    0.000835
2343    0.000842
2344    0.000828
2345    0.000836
2346    0.000823
2347    0.000836
2348    0.000818
2349    0.00083
2350    0.000832
2351    0.000826
2352    0.000834
2353    0.000838
2354    0.000831
2355    0.000822
2356    0.000824
2357    0.000837
2358    0.000831
2359    0.000856
2360    0.00083
2361    0.000831
2362    0.00083
2363    0.000861
2364    0.000833
2365    0.000828
2366    0.00082
2367    0.000821
2368    0.000825
2369    0.000826
2370    0.00084
2371    0.000817
2372    0.000819
2373    0.000824
2374    0.000832
2375    0.00083
2376    0.00083
2377    0.000825
2378    0.000841
2379    0.000832
2380    0.000829
2381    0.000825
2382    0.000821
2383    0.000817
2384    0.000832
2385    0.000833
2386    0.000823
2387    0.000827
2388    0.000826
2389    0.000845
2390    0.000825
2391    0.000852
2392    0.001369
2393    0.000842
2394    0.001204
2395    0.000838
2396    0.000967
2397    0.000831
2398    0.000894
2399    0.000837
2400    0.000837
2401    0.00085
2402    0.000833
2403    0.000831
2404    0.000849
2405    0.000829
2406    0.000831
2407    0.000857
2408    0.000825
2409    0.000827
2410    0.000826
2411    0.000844
2412    0.00082
2413    0.000818
2414    0.000832
2415    0.000823
2416    0.000836
2417    0.000829
2418    0.000847
2419    0.000828
2420    0.000831
2421    0.000825
2422    0.000826
2423    0.000818
2424    0.000827
2425    0.000825
2426    0.000822
2427    0.000835
2428    0.000834
2429    0.000837
2430    0.000813
2431    0.000839
2432    0.000818
2433    0.000819
2434    0.000829
2435    0.000826
2436    0.000829
2437    0.000839
2438    0.000833
2439    0.000836
2440    0.000823
2441    0.000824
2442    0.00082
2443    0.000824
2444    0.000818
2445    0.00087
2446    0.000826
2447    0.001007
2448    0.000823
2449    0.000825
2450    0.000839
2451    0.000851
2452    0.000822
2453    0.000829
2454    0.000821
2455    0.000841
2456    0.000819
2457    0.000824
2458    0.000822
2459    0.000817
2460    0.000833
2461    0.00082
2462    0.000842
2463    0.000823
2464    0.000826
2465    0.000825
2466    0.000823
2467    0.000818
2468    0.000822
2469    0.000825
2470    0.000827
2471    0.00082
2472    0.000823
2473    0.000833
2474    0.000818
2475    0.000843
2476    0.000826
2477    0.000843
2478    0.000816
2479    0.000824
2480    0.000822
2481    0.000855
2482    0.000823
2483    0.00083
2484    0.000841
2485    0.000853
2486    0.000841
2487    0.000825
2488    0.000825
2489    0.000855
2490    0.00083
2491    0.000834
2492    0.000828
2493    0.00082
2494    0.000831
2495    0.000824
2496    0.000827
2497    0.000831
2498    0.000819
2499    0.000836
2500    0.000831
2501    0.00082
2502    0.00082
2503    0.000828
2504    0.000821
2505    0.00085
2506    0.000829
2507    0.000837
2508    0.00083
2509    0.000823
2510    0.000834
2511    0.000837
2512    0.000821
2513    0.000827
2514    0.000836
2515    0.000825
2516    0.000846
2517    0.000831
2518    0.000824
2519    0.00086
2520    0.000841
2521    0.00083
2522    0.000827
2523    0.000838
2524    0.000841
2525    0.000836
2526    0.000831
2527    0.000825
2528    0.000822
2529    0.000841
2530    0.000824
2531    0.000819
2532    0.000832
2533    0.000822
2534    0.000844
2535    0.000819
2536    0.000846
2537    0.000823
2538    0.000819
2539    0.000834
2540    0.000831
2541    0.000825
2542    0.000821
2543    0.000826
2544    0.000823
2545    0.000844
2546    0.000826
2547    0.00092
2548    0.000821
2549    0.000848
2550    0.000827
2551    0.000832
2552    0.000825
2553    0.000842
2554    0.000827
2555    0.000837
2556    0.00082
2557    0.000822
2558    0.000845
2559    0.00085
2560    0.000845
2561    0.000831
2562    0.000816
2563    0.000827
2564    0.000822
2565    0.001171
2566    0.000841
2567    0.000826
2568    0.00083
2569    0.000825
2570    0.000854
2571    0.000998
2572    0.000825
2573    0.000823
2574    0.000828
2575    0.000841
2576    0.000829
2577    0.000833
2578    0.000827
2579    0.000836
2580    0.000832
2581    0.000822
2582    0.000832
2583    0.000824
2584    0.000827
2585    0.000816
2586    0.000822
2587    0.000843
2588    0.000817
2589    0.000851
2590    0.000827
2591    0.00083
2592    0.000833
2593    0.000832
2594    0.000825
2595    0.000825
2596    0.000826
2597    0.00083
2598    0.00082
2599    0.000827
2600    0.000832
2601    0.000843
2602    0.000827
2603    0.000827
2604    0.000825
2605    0.000838
2606    0.000828
2607    0.000839
2608    0.000829
2609    0.000855
2610    0.000829
2611    0.00084
2612    0.000823
2613    0.000831
2614    0.000829
2615    0.000847
2616    0.000824
2617    0.000827
2618    0.000826
2619    0.000838
2620    0.000844
2621    0.000851
2622    0.000828
2623    0.000821
2624    0.000829
2625    0.00083
2626    0.000823
2627    0.000823
2628    0.000828
2629    0.000829
2630    0.000831
2631    0.000822
2632    0.000838
2633    0.000823
2634    0.00084
2635    0.000908
2636    0.000836
2637    0.000826
2638    0.000837
2639    0.000881
2640    0.000842
2641    0.000836
2642    0.000824
2643    0.000828
2644    0.00083
2645    0.000832
2646    0.00082
2647    0.000823
2648    0.000832
2649    0.000817
2650    0.000824
2651    0.000854
2652    0.000822
2653    0.000825
2654    0.000831
2655    0.000838
2656    0.000832
2657    0.000822
2658    0.000824
2659    0.000822
2660    0.00084
2661    0.000828
2662    0.000819
2663    0.000827
2664    0.000827
2665    0.000828
2666    0.000823
2667    0.000827
2668    0.000846
2669    0.000824
2670    0.000831
2671    0.000831
2672    0.00083
2673    0.000828
2674    0.00083
2675    0.000843
2676    0.00084
2677    0.000825
2678    0.000841
2679    0.000824
2680    0.000847
2681    0.000838
2682    0.000824
2683    0.000832
2684    0.000831
2685    0.000824
2686    0.000819
2687    0.000846
2688    0.000836
2689    0.000828
2690    0.000828
2691    0.000833
2692    0.000834
2693    0.000835
2694    0.000824
2695    0.000824
2696    0.000838
2697    0.000841
2698    0.000826
2699    0.000834
2700    0.000829
2701    0.000826
2702    0.000831
2703    0.000826
2704    0.000828
2705    0.000824
2706    0.000872
2707    0.00082
2708    0.000825
2709    0.000829
2710    0.00084
2711    0.000816
2712    0.000845
2713    0.000828
2714    0.000839
2715    0.00083
2716    0.000826
2717    0.000825
2718    0.000833
2719    0.000831
2720    0.000824
2721    0.000828
2722    0.000839
2723    0.000823
2724    0.000829
2725    0.000832
2726    0.00083
2727    0.000818
2728    0.000848
2729    0.000825
2730    0.000826
2731    0.000826
2732    0.000833
2733    0.000834
2734    0.000834
2735    0.000852
2736    0.000819
2737    0.000843
2738    0.000865
2739    0.000834
2740    0.000843
2741    0.000825
2742    0.000828
2743    0.000824
2744    0.000864
2745    0.00083
2746    0.000828
2747    0.000859
2748    0.000833
2749    0.000831
2750    0.000828
2751    0.000836
2752    0.000841
2753    0.00084
2754    0.000825
2755    0.00082
2756    0.000834
2757    0.000832
2758    0.000828
2759    0.000845
2760    0.000827
2761    0.000827
2762    0.000827
2763    0.000829
2764    0.000825
2765    0.000826
2766    0.000836
2767    0.000819
2768    0.000827
2769    0.000832
2770    0.00082
2771    0.000833
2772    0.000826
2773    0.00083
2774    0.00083
2775    0.000826
2776    0.000826
2777    0.000824
2778    0.000822
2779    0.000824
2780    0.000826
2781    0.000908
2782    0.000823
2783    0.000824
2784    0.000816
2785    0.000822
2786    0.000807
2787    0.000848
2788    0.000826
2789    0.000819
2790    0.000827
2791    0.000821
2792    0.000822
2793    0.000819
2794    0.000823
2795    0.000822
2796    0.000826
2797    0.000841
2798    0.00084
2799    0.000829
2800    0.000829
2801    0.000828
2802    0.000828
2803    0.000812
2804    0.00083
2805    0.000824
2806    0.000816
2807    0.000844
2808    0.000817
2809    0.000827
2810    0.000813
2811    0.000826
2812    0.000811
2813    0.000847
2814    0.000908
2815    0.000824
2816    0.000819
2817    0.000832
2818    0.000848
2819    0.000829
2820    0.000827
2821    0.000817
2822    0.000825
2823    0.000821
2824    0.000821
2825    0.000817
2826    0.000826
2827    0.000849
2828    0.001012
2829    0.000825
2830    0.000829
2831    0.000843
2832    0.000832
2833    0.00082
2834    0.000832
2835    0.000823
2836    0.000841
2837    0.000834
2838    0.000823
2839    0.000829
2840    0.000827
2841    0.000832
2842    0.00084
2843    0.000827
2844    0.000824
2845    0.000823
2846    0.000825
2847    0.000831
2848    0.000885
2849    0.000841
2850    0.000849
2851    0.000837
2852    0.000832
2853    0.000824
2854    0.000829
2855    0.000835
2856    0.00082
2857    0.000844
2858    0.000826
2859    0.000843
2860    0.000822
2861    0.000838
2862    0.000825
2863    0.000846
2864    0.000821
2865    0.000845
2866    0.000823
2867    0.00082
2868    0.000826
2869    0.000826
2870    0.00082
2871    0.000844
2872    0.00082
2873    0.000831
2874    0.000834
2875    0.000829
2876    0.000825
2877    0.00084
2878    0.000829
2879    0.000822
2880    0.000821
2881    0.000831
2882    0.000827
2883    0.000823
2884    0.000823
2885    0.000841
2886    0.000836
2887    0.000828
2888    0.000821
2889    0.000833
2890    0.000821
2891    0.000846
2892    0.000824
2893    0.000842
2894    0.000832
2895    0.000821
2896    0.00083
2897    0.000979
2898    0.000824
2899    0.000826
2900    0.000829
2901    0.000833
2902    0.000834
2903    0.000838
2904    0.000846
2905    0.000827
2906    0.000828
2907    0.000879
2908    0.000843
2909    0.000837
2910    0.000841
2911    0.000827
2912    0.000827
2913    0.000844
2914    0.000827
2915    0.000831
2916    0.000829
2917    0.000862
2918    0.000841
2919    0.000838
2920    0.000838
2921    0.000839
2922    0.000824
2923    0.000829
2924    0.000826
2925    0.000837
2926    0.000832
2927    0.000849
2928    0.000834
2929    0.000828
2930    0.000831
2931    0.000832
2932    0.000852
2933    0.000831
2934    0.000833
2935    0.000829
2936    0.000823
2937    0.000822
2938    0.00082
2939    0.000829
2940    0.000824
2941    0.000828
2942    0.000843
2943    0.000833
2944    0.000827
2945    0.000844
2946    0.000834
2947    0.000837
2948    0.000826
2949    0.000833
2950    0.000834
2951    0.000833
2952    0.000826
2953    0.000839
2954    0.000822
2955    0.000831
2956    0.000838
2957    0.000818
2958    0.000829
2959    0.000832
2960    0.000831
2961    0.000834
2962    0.000845
2963    0.000818
2964    0.000858
2965    0.00083
2966    0.000843
2967    0.000841
2968    0.000852
2969    0.000826
2970    0.000846
2971    0.000839
2972    0.000839
2973    0.000827
2974    0.000828
2975    0.00087
2976    0.000844
2977    0.000821
2978    0.000818
2979    0.000834
2980    0.000824
2981    0.000844
2982    0.000824
2983    0.000839
2984    0.000822
2985    0.000849
2986    0.000818
2987    0.000831
2988    0.000824
2989    0.000831
2990    0.000827
2991    0.000833
2992    0.000829
2993    0.000828
2994    0.000832
2995    0.000822
2996    0.000834
2997    0.000817
2998    0.000832
2999    0.000826
3000    0.000831
