1    0.001506
2    0.001016
3    0.00101
4    0.001284
5    0.001506
6    0.00123
7    0.001548
8    0.001251
9    0.000756
10    0.000985
11    0.001567
12    0.0015
13    0.001498
14    0.00156
15    0.001443
16    0.001514
17    0.001428
18    0.001562
19    0.001425
20    0.00149
21    0.001411
22    0.001749
23    0.002247
24    0.001654
25    0.001597
26    0.00161
27    0.001621
28    0.001578
29    0.0016
30    0.00161
31    0.00155
32    0.001193
33    0.001546
34    0.001227
35    0.001154
36    0.001568
37    0.001292
38    0.001514
39    0.001278
40    0.001514
41    0.001515
42    0.001561
43    0.001322
44    0.001547
45    0.001697
46    0.001526
47    0.001747
48    0.001581
49    0.001559
50    0.001616
51    0.000872
52    0.0016
53    0.00142
54    0.001559
55    0.001335
56    0.001432
57    0.001554
58    0.001423
59    0.001639
60    0.001603
61    0.001578
62    0.001208
63    0.001711
64    0.001593
65    0.001603
66    0.00151
67    0.001539
68    0.001365
69    0.001528
70    0.00137
71    0.001626
72    0.001518
73    0.001502
74    0.001435
75    0.001584
76    0.001521
77    0.001577
78    0.001488
79    0.001508
80    0.001477
81    0.001284
82    0.001564
83    0.001513
84    0.001523
85    0.001549
86    0.001575
87    0.001567
88    0.001523
89    0.001527
90    0.001447
91    0.001504
92    0.001218
93    0.001433
94    0.0016
95    0.000912
96    0.000848
97    0.000921
98    0.001499
99    0.00153
100    0.00148
101    0.001513
102    0.001338
103    0.001293
104    0.001568
105    0.001522
106    0.001203
107    0.001292
108    0.001512
109    0.001463
110    0.001513
111    0.00149
112    0.001002
113    0.001608
114    0.001267
115    0.001583
116    0.001518
117    0.001531
118    0.001493
119    0.001253
120    0.001224
121    0.001238
122    0.001371
123    0.001254
124    0.001599
125    0.001564
126    0.00153
127    0.001281
128    0.001074
129    0.001488
130    0.001556
131    0.001554
132    0.001525
133    0.001499
134    0.001523
135    0.00153
136    0.001321
137    0.001562
138    0.001514
139    0.001548
140    0.00151
141    0.001198
142    0.001175
143    0.001518
144    0.001284
145    0.001476
146    0.001492
147    0.001299
148    0.001015
149    0.001518
150    0.001527
151    0.001621
152    0.001359
153    0.00159
154    0.001512
155    0.001213
156    0.001531
157    0.001191
158    0.001278
159    0.001572
160    0.001594
161    0.001601
162    0.001485
163    0.001504
164    0.001496
165    0.001508
166    0.002175
167    0.001584
168    0.00154
169    0.001486
170    0.001498
171    0.001097
172    0.001186
173    0.001554
174    0.001571
175    0.001496
176    0.001499
177    0.001495
178    0.001498
179    0.002257
180    0.001372
181    0.001573
182    0.001593
183    0.001538
184    0.001527
185    0.001519
186    0.001219
187    0.001366
188    0.001595
189    0.001575
190    0.001514
191    0.001451
192    0.001605
193    0.00163
194    0.001534
195    0.001516
196    0.000877
197    0.001051
198    0.001222
199    0.000984
200    0.00127
201    0.001041
202    0.001504
203    0.001503
204    0.001557
205    0.001577
206    0.001281
207    0.001133
208    0.001553
209    0.001579
210    0.001409
211    0.000907
212    0.001459
213    0.001454
214    0.001257
215    0.001594
216    0.001581
217    0.001569
218    0.001287
219    0.001265
220    0.001528
221    0.001545
222    0.001548
223    0.001549
224    0.001495
225    0.001505
226    0.001272
227    0.001324
228    0.001448
229    0.001174
230    0.001484
231    0.001297
232    0.001583
233    0.001393
234    0.001494
235    0.001481
236    0.001573
237    0.00157
238    0.001396
239    0.001598
240    0.001574
241    0.001229
242    0.00153
243    0.001232
244    0.001437
245    0.001541
246    0.001444
247    0.001567
248    0.001331
249    0.001546
250    0.001522
251    0.001409
252    0.001579
253    0.001552
254    0.001534
255    0.001545
256    0.001529
257    0.001669
258    0.003355
259    0.001588
260    0.001635
261    0.00157
262    0.000911
263    0.001605
264    0.002472
265    0.00166
266    0.001579
267    0.001618
268    0.00158
269    0.001617
270    0.001661
271    0.001338
272    0.001606
273    0.001004
274    0.001687
275    0.001182
276    0.001323
277    0.002299
278    0.001529
279    0.001221
280    0.00151
281    0.001612
282    0.00158
283    0.001619
284    0.001596
285    0.001597
286    0.001594
287    0.001604
288    0.001181
289    0.001566
290    0.001368
291    0.001546
292    0.001476
293    0.001258
294    0.001503
295    0.001303
296    0.001516
297    0.001094
298    0.001482
299    0.001547
300    0.000929
301    0.001395
302    0.001529
303    0.001512
304    0.001442
305    0.001481
306    0.001595
307    0.001492
308    0.001595
309    0.00193
310    0.001643
311    0.001582
312    0.001651
313    0.001288
314    0.001513
315    0.001472
316    0.001622
317    0.001611
318    0.001568
319    0.001557
320    0.001746
321    0.001577
322    0.001567
323    0.001202
324    0.001545
325    0.00154
326    0.00152
327    0.001338
328    0.001299
329    0.001531
330    0.001019
331    0.001616
332    0.001613
333    0.001573
334    0.001609
335    0.001436
336    0.001412
337    0.001524
338    0.001552
339    0.00152
340    0.001516
341    0.001183
342    0.001384
343    0.001411
344    0.001348
345    0.001499
346    0.001495
347    0.001421
348    0.001559
349    0.001614
350    0.001586
351    0.001577
352    0.001483
353    0.001422
354    0.00154
355    0.00119
356    0.001582
357    0.001511
358    0.001583
359    0.001616
360    0.0016
361    0.001494
362    0.00155
363    0.001503
364    0.001666
365    0.001593
366    0.001512
367    0.001497
368    0.001516
369    0.000863
370    0.001179
371    0.000868
372    0.001318
373    0.001335
374    0.001603
375    0.001499
376    0.001212
377    0.001553
378    0.001281
379    0.00136
380    0.001129
381    0.00126
382    0.001556
383    0.001445
384    0.001526
385    0.001575
386    0.001576
387    0.001589
388    0.001574
389    0.001373
390    0.001604
391    0.001354
392    0.001417
393    0.00167
394    0.001505
395    0.001165
396    0.001321
397    0.001543
398    0.001593
399    0.001578
400    0.001579
401    0.001517
402    0.001528
403    0.00152
404    0.001549
405    0.001342
406    0.001503
407    0.001549
408    0.001519
409    0.001214
410    0.001294
411    0.001558
412    0.001568
413    0.001261
414    0.001448
415    0.001327
416    0.001556
417    0.001572
418    0.001458
419    0.000976
420    0.001597
421    0.001505
422    0.001533
423    0.001365
424    0.001509
425    0.00158
426    0.001563
427    0.001571
428    0.001483
429    0.001695
430    0.001519
431    0.001469
432    0.001374
433    0.001329
434    0.001556
435    0.001222
436    0.001511
437    0.001637
438    0.001485
439    0.001501
440    0.001257
441    0.001641
442    0.001491
443    0.00127
444    0.001479
445    0.001434
446    0.001063
447    0.001565
448    0.0015
449    0.001484
450    0.00141
451    0.001578
452    0.001573
453    0.001605
454    0.001597
455    0.001601
456    0.001297
457    0.001497
458    0.001527
459    0.001529
460    0.001244
461    0.001556
462    0.001305
463    0.001398
464    0.001495
465    0.001519
466    0.001585
467    0.001577
468    0.001529
469    0.001381
470    0.001514
471    0.001835
472    0.001035
473    0.000925
474    0.001595
475    0.001604
476    0.001526
477    0.001406
478    0.001603
479    0.001586
480    0.002107
481    0.001511
482    0.001534
483    0.001622
484    0.001613
485    0.001623
486    0.001309
487    0.001633
488    0.001918
489    0.001249
490    0.001217
491    0.001617
492    0.001315
493    0.001519
494    0.001271
495    0.001583
496    0.001623
497    0.001612
498    0.001619
499    0.001614
500    0.001539
501    0.000835
502    0.001503
503    0.001536
504    0.001596
505    0.001571
506    0.001584
507    0.001586
508    0.001508
509    0.001532
510    0.001519
511    0.001602
512    0.001499
513    0.001484
514    0.001194
515    0.001249
516    0.001585
517    0.001311
518    0.001383
519    0.000842
520    0.001511
521    0.001515
522    0.001586
523    0.001504
524    0.001497
525    0.001511
526    0.001587
527    0.001369
528    0.001515
529    0.001526
530    0.001528
531    0.001321
532    0.000935
533    0.001515
534    0.001545
535    0.001539
536    0.001606
537    0.000966
538    0.001577
539    0.001485
540    0.001406
541    0.001461
542    0.001287
543    0.001503
544    0.00189
545    0.001525
546    0.001607
547    0.001581
548    0.001397
549    0.001619
550    0.001738
551    0.001585
552    0.001619
553    0.001601
554    0.001604
555    0.001235
556    0.001545
557    0.00143
558    0.001571
559    0.00163
560    0.001607
561    0.001637
562    0.002615
563    0.001423
564    0.001522
565    0.001222
566    0.001512
567    0.001518
568    0.00159
569    0.000956
570    0.001526
571    0.001512
572    0.00151
573    0.000833
574    0.000868
575    0.001363
576    0.001583
577    0.001585
578    0.001504
579    0.001507
580    0.001512
581    0.001539
582    0.001581
583    0.001559
584    0.001452
585    0.001556
586    0.001612
587    0.001564
588    0.001621
589    0.001367
590    0.001549
591    0.001577
592    0.001801
593    0.001628
594    0.001664
595    0.002249
596    0.001593
597    0.001586
598    0.001672
599    0.001652
600    0.001623
601    0.001633
602    0.001687
603    0.001409
604    0.001684
605    0.001558
606    0.001598
607    0.001628
608    0.001574
609    0.00159
610    0.001511
611    0.001447
612    0.00157
613    0.001353
614    0.001569
615    0.001528
616    0.001484
617    0.001588
618    0.001575
619    0.001514
620    0.001598
621    0.001558
622    0.001607
623    0.001315
624    0.001572
625    0.00154
626    0.001537
627    0.001524
628    0.001567
629    0.001623
630    0.001608
631    0.001334
632    0.00157
633    0.001544
634    0.001564
635    0.001341
636    0.00157
637    0.001572
638    0.001452
639    0.001407
640    0.001315
641    0.000902
642    0.001577
643    0.001594
644    0.001496
645    0.001558
646    0.001171
647    0.001558
648    0.00162
649    0.001596
650    0.001192
651    0.001595
652    0.001598
653    0.001411
654    0.001219
655    0.001653
656    0.001156
657    0.00161
658    0.000955
659    0.0016
660    0.001258
661    0.001209
662    0.001567
663    0.001124
664    0.001571
665    0.001588
666    0.001663
667    0.001592
668    0.001239
669    0.001504
670    0.001547
671    0.002386
672    0.001449
673    0.001514
674    0.001279
675    0.001409
676    0.001531
677    0.001537
678    0.001327
679    0.001175
680    0.001133
681    0.001276
682    0.001394
683    0.001516
684    0.001522
685    0.001588
686    0.001595
687    0.001564
688    0.001509
689    0.001508
690    0.001546
691    0.001425
692    0.001528
693    0.001066
694    0.001438
695    0.001525
696    0.001375
697    0.001323
698    0.001571
699    0.001534
700    0.001653
701    0.001611
702    0.001588
703    0.001558
704    0.001575
705    0.001574
706    0.001517
707    0.001528
708    0.001328
709    0.002848
710    0.001589
711    0.003297
712    0.00258
713    0.001611
714    0.001615
715    0.001636
716    0.001618
717    0.0016
718    0.001632
719    0.001622
720    0.001598
721    0.001463
722    0.001355
723    0.001537
724    0.00159
725    0.001647
726    0.001772
727    0.001545
728    0.001654
729    0.001593
730    0.001627
731    0.001589
732    0.001444
733    0.001337
734    0.001325
735    0.00114
736    0.001574
737    0.001483
738    0.001515
739    0.001539
740    0.001618
741    0.001527
742    0.001576
743    0.001609
744    0.000906
745    0.001574
746    0.001438
747    0.001386
748    0.001493
749    0.001501
750    0.00158
751    0.001515
752    0.001485
753    0.00132
754    0.001091
755    0.001127
756    0.000858
757    0.001457
758    0.001526
759    0.001494
760    0.00143
761    0.000978
762    0.001533
763    0.001194
764    0.001518
765    0.00149
766    0.001506
767    0.001221
768    0.001488
769    0.001212
770    0.001569
771    0.001277
772    0.001519
773    0.001124
774    0.000979
775    0.001299
776    0.001592
777    0.001255
778    0.001211
779    0.001481
780    0.00133
781    0.001648
782    0.001637
783    0.001508
784    0.001576
785    0.001501
786    0.001619
787    0.001043
788    0.001567
789    0.001447
790    0.001631
791    0.001684
792    0.001364
793    0.001502
794    0.001458
795    0.001525
796    0.001473
797    0.001492
798    0.001281
799    0.001633
800    0.001581
801    0.001538
802    0.001521
803    0.001537
804    0.001606
805    0.001595
806    0.001576
807    0.001606
808    0.0015
809    0.000892
810    0.001233
811    0.000837
812    0.000931
813    0.001448
814    0.001579
815    0.001579
816    0.001135
817    0.001502
818    0.001486
819    0.001574
820    0.001559
821    0.001508
822    0.001521
823    0.000946
824    0.001324
825    0.001553
826    0.001535
827    0.001533
828    0.001484
829    0.001138
830    0.001572
831    0.001622
832    0.001589
833    0.001512
834    0.001379
835    0.001377
836    0.001568
837    0.001451
838    0.001429
839    0.001467
840    0.001507
841    0.001438
842    0.001587
843    0.00138
844    0.001467
845    0.001165
846    0.001392
847    0.001128
848    0.0013
849    0.00165
850    0.001597
851    0.00094
852    0.001722
853    0.001584
854    0.001583
855    0.0015
856    0.001516
857    0.001288
858    0.001469
859    0.001592
860    0.001576
861    0.00155
862    0.001398
863    0.001231
864    0.001583
865    0.001592
866    0.001521
867    0.001564
868    0.001285
869    0.001561
870    0.001594
871    0.001551
872    0.001396
873    0.000897
874    0.001522
875    0.001559
876    0.00128
877    0.001209
878    0.001535
879    0.001392
880    0.001354
881    0.001167
882    0.001633
883    0.001303
884    0.001555
885    0.001579
886    0.001568
887    0.001079
888    0.001285
889    0.001575
890    0.001603
891    0.001583
892    0.001547
893    0.0014
894    0.001475
895    0.001241
896    0.001996
897    0.001504
898    0.001623
899    0.001531
900    0.001587
901    0.001358
902    0.001309
903    0.001438
904    0.001436
905    0.001487
906    0.00151
907    0.00153
908    0.001507
909    0.001569
910    0.001572
911    0.001485
912    0.0015
913    0.001316
914    0.001132
915    0.001588
916    0.001473
917    0.00151
918    0.001512
919    0.001558
920    0.001464
921    0.001576
922    0.001575
923    0.001538
924    0.001561
925    0.001494
926    0.001508
927    0.001361
928    0.001603
929    0.001177
930    0.001254
931    0.001532
932    0.001489
933    0.001497
934    0.001629
935    0.001529
936    0.001288
937    0.001191
938    0.001479
939    0.001512
940    0.00158
941    0.001607
942    0.001532
943    0.001515
944    0.001518
945    0.001494
946    0.001554
947    0.001581
948    0.001408
949    0.001128
950    0.001611
951    0.001504
952    0.001564
953    0.001571
954    0.000917
955    0.000831
956    0.001328
957    0.001358
958    0.001442
959    0.001573
960    0.001574
961    0.001527
962    0.001489
963    0.001272
964    0.001596
965    0.001504
966    0.001181
967    0.001625
968    0.001001
969    0.000913
970    0.001055
971    0.001019
972    0.00151
973    0.001453
974    0.001606
975    0.00155
976    0.001331
977    0.001564
978    0.00156
979    0.001596
980    0.001587
981    0.001516
982    0.001518
983    0.001515
984    0.001485
985    0.001294
986    0.001349
987    0.001581
988    0.001644
989    0.001579
990    0.001446
991    0.001458
992    0.001576
993    0.001474
994    0.001378
995    0.001793
996    0.001661
997    0.001631
998    0.001685
999    0.001751
1000    0.001558
1001    0.001512
1002    0.001567
1003    0.001553
1004    0.001493
1005    0.001586
1006    0.001593
1007    0.001514
1008    0.00152
1009    0.001602
1010    0.001592
1011    0.001345
1012    0.001599
1013    0.001222
1014    0.001494
1015    0.001496
1016    0.00148
1017    0.001609
1018    0.002195
1019    0.001572
1020    0.001603
1021    0.001696
1022    0.001533
1023    0.001522
1024    0.001548
1025    0.001358
1026    0.001576
1027    0.001312
1028    0.001588
1029    0.001599
1030    0.001579
1031    0.001614
1032    0.001518
1033    0.001814
1034    0.001351
1035    0.001431
1036    0.000986
1037    0.00144
1038    0.001574
1039    0.001511
1040    0.001252
1041    0.001564
1042    0.001602
1043    0.001502
1044    0.001524
1045    0.001544
1046    0.001605
1047    0.001474
1048    0.00162
1049    0.001846
1050    0.001469
1051    0.001475
1052    0.001496
1053    0.00153
1054    0.001506
1055    0.00134
1056    0.001655
1057    0.001518
1058    0.00123
1059    0.001233
1060    0.001325
1061    0.001554
1062    0.001524
1063    0.001491
1064    0.001404
1065    0.001503
1066    0.001559
1067    0.00113
1068    0.001588
1069    0.001404
1070    0.001871
1071    0.002191
1072    0.00152
1073    0.001614
1074    0.001559
1075    0.001493
1076    0.001252
1077    0.001582
1078    0.001192
1079    0.001064
1080    0.0015
1081    0.001516
1082    0.001516
1083    0.001578
1084    0.001584
1085    0.001569
1086    0.001521
1087    0.001508
1088    0.001225
1089    0.001083
1090    0.000863
1091    0.00098
1092    0.001564
1093    0.001521
1094    0.001149
1095    0.001506
1096    0.001551
1097    0.00131
1098    0.001606
1099    0.001535
1100    0.001572
1101    0.001236
1102    0.012363
1103    0.001491
1104    0.001083
1105    0.001394
1106    0.001361
1107    0.000949
1108    0.001485
1109    0.001536
1110    0.002211
1111    0.001537
1112    0.001566
1113    0.001782
1114    0.001515
1115    0.001683
1116    0.001497
1117    0.001051
1118    0.001568
1119    0.001632
1120    0.001601
1121    0.001397
1122    0.001777
1123    0.001772
1124    0.001655
1125    0.001706
1126    0.001391
1127    0.00161
1128    0.001594
1129    0.003195
1130    0.001584
1131    0.001546
1132    0.001612
1133    0.001672
1134    0.001605
1135    0.001585
1136    0.00161
1137    0.001001
1138    0.001092
1139    0.000965
1140    0.002372
1141    0.001233
1142    0.001185
1143    0.001517
1144    0.001534
1145    0.001576
1146    0.001517
1147    0.001504
1148    0.00159
1149    0.001457
1150    0.001582
1151    0.001424
1152    0.000971
1153    0.001053
1154    0.001463
1155    0.001253
1156    0.00149
1157    0.001524
1158    0.001536
1159    0.001586
1160    0.001305
1161    0.001554
1162    0.001467
1163    0.001544
1164    0.001513
1165    0.001586
1166    0.001592
1167    0.001518
1168    0.001222
1169    0.001466
1170    0.001526
1171    0.001563
1172    0.00143
1173    0.00137
1174    0.001626
1175    0.001567
1176    0.001591
1177    0.001531
1178    0.001593
1179    0.001577
1180    0.001536
1181    0.001622
1182    0.00159
1183    0.00154
1184    0.00158
1185    0.001493
1186    0.001521
1187    0.001697
1188    0.001592
1189    0.001602
1190    0.001646
1191    0.002001
1192    0.001557
1193    0.0016
1194    0.00239
1195    0.014585
1196    0.001613
1197    0.001536
1198    0.001651
1199    0.001587
1200    0.001807
1201    0.001777
1202    0.00113
1203    0.001097
1204    0.001036
1205    0.001083
1206    0.001537
1207    0.001972
1208    0.001932
1209    0.002356
1210    0.001914
1211    0.001507
1212    0.001678
1213    0.001638
1214    0.001504
1215    0.001629
1216    0.001595
1217    0.001447
1218    0.001469
1219    0.001572
1220    0.001578
1221    0.001415
1222    0.001439
1223    0.001225
1224    0.001245
1225    0.001675
1226    0.001696
1227    0.001642
1228    0.001611
1229    0.001645
1230    0.001764
1231    0.001765
1232    0.001452
1233    0.001673
1234    0.001561
1235    0.001572
1236    0.001621
1237    0.001588
1238    0.001668
1239    0.001197
1240    0.001071
1241    0.001496
1242    0.001423
1243    0.001576
1244    0.001548
1245    0.001531
1246    0.001533
1247    0.001572
1248    0.001574
1249    0.001572
1250    0.001586
1251    0.001575
1252    0.001382
1253    0.001239
1254    0.001478
1255    0.0015
1256    0.001212
1257    0.001486
1258    0.001091
1259    0.000988
1260    0.001541
1261    0.00133
1262    0.001662
1263    0.00159
1264    0.001215
1265    0.001263
1266    0.001253
1267    0.001504
1268    0.001509
1269    0.001514
1270    0.001169
1271    0.0016
1272    0.00159
1273    0.002027
1274    0.001572
1275    0.001478
1276    0.001355
1277    0.001573
1278    0.001574
1279    0.001567
1280    0.001297
1281    0.001194
1282    0.001497
1283    0.001498
1284    0.001556
1285    0.001584
1286    0.001592
1287    0.001585
1288    0.001492
1289    0.001505
1290    0.001114
1291    0.001042
1292    0.001389
1293    0.000975
1294    0.000907
1295    0.001221
1296    0.000848
1297    0.001014
1298    0.001495
1299    0.001497
1300    0.000849
1301    0.001241
1302    0.001552
1303    0.001562
1304    0.001647
1305    0.001563
1306    0.001439
1307    0.001273
1308    0.001579
1309    0.001265
1310    0.00157
1311    0.001557
1312    0.001267
1313    0.001461
1314    0.001515
1315    0.001215
1316    0.001461
1317    0.001457
1318    0.001554
1319    0.001501
1320    0.001487
1321    0.001215
1322    0.001554
1323    0.001413
1324    0.001281
1325    0.001469
1326    0.001578
1327    0.00097
1328    0.001578
1329    0.001556
1330    0.001502
1331    0.001513
1332    0.001534
1333    0.001279
1334    0.001554
1335    0.00177
1336    0.001498
1337    0.000925
1338    0.001605
1339    0.001648
1340    0.001721
1341    0.001567
1342    0.001757
1343    0.001779
1344    0.001423
1345    0.001687
1346    0.001618
1347    0.001642
1348    0.001635
1349    0.001571
1350    0.001595
1351    0.001518
1352    0.001472
1353    0.001469
1354    0.001584
1355    0.001521
1356    0.001505
1357    0.001578
1358    0.001307
1359    0.001289
1360    0.001596
1361    0.001348
1362    0.00102
1363    0.00157
1364    0.001574
1365    0.001019
1366    0.001634
1367    0.001497
1368    0.001534
1369    0.001475
1370    0.001488
1371    0.001456
1372    0.001312
1373    0.000897
1374    0.001432
1375    0.001545
1376    0.001502
1377    0.001616
1378    0.001142
1379    0.001317
1380    0.001421
1381    0.001679
1382    0.002093
1383    0.001651
1384    0.001558
1385    0.001571
1386    0.001591
1387    0.001635
1388    0.001572
1389    0.001566
1390    0.001582
1391    0.001606
1392    0.001622
1393    0.001486
1394    0.001514
1395    0.001583
1396    0.001299
1397    0.001446
1398    0.001548
1399    0.001519
1400    0.00142
1401    0.001591
1402    0.001439
1403    0.001508
1404    0.001524
1405    0.001519
1406    0.001617
1407    0.001577
1408    0.001318
1409    0.001642
1410    0.001523
1411    0.001609
1412    0.001536
1413    0.001599
1414    0.001533
1415    0.001574
1416    0.001507
1417    0.001541
1418    0.001546
1419    0.001602
1420    0.001588
1421    0.001544
1422    0.001496
1423    0.001547
1424    0.001598
1425    0.001505
1426    0.001491
1427    0.001265
1428    0.001397
1429    0.001497
1430    0.001575
1431    0.001583
1432    0.001509
1433    0.001479
1434    0.001437
1435    0.001598
1436    0.001429
1437    0.001431
1438    0.001431
1439    0.001651
1440    0.001671
1441    0.001647
1442    0.00165
1443    0.001124
1444    0.001156
1445    0.001583
1446    0.001519
1447    0.001529
1448    0.001546
1449    0.001598
1450    0.001443
1451    0.001568
1452    0.001142
1453    0.001569
1454    0.001285
1455    0.001655
1456    0.001464
1457    0.001596
1458    0.001582
1459    0.00151
1460    0.001521
1461    0.001205
1462    0.001579
1463    0.001446
1464    0.00153
1465    0.001323
1466    0.001522
1467    0.001531
1468    0.001004
1469    0.001484
1470    0.001575
1471    0.001521
1472    0.001514
1473    0.001535
1474    0.001302
1475    0.001632
1476    0.001631
1477    0.001295
1478    0.001164
1479    0.001521
1480    0.001506
1481    0.001543
1482    0.001512
1483    0.001589
1484    0.001499
1485    0.001509
1486    0.001529
1487    0.001505
1488    0.001476
1489    0.001545
1490    0.001623
1491    0.001488
1492    0.00159
1493    0.001455
1494    0.001526
1495    0.001577
1496    0.001592
1497    0.001571
1498    0.00156
1499    0.001222
1500    0.001516
1501    0.001562
1502    0.001502
1503    0.001564
1504    0.001419
1505    0.001508
1506    0.001543
1507    0.001525
1508    0.001102
1509    0.001505
1510    0.001391
1511    0.001557
1512    0.001575
1513    0.001531
1514    0.001548
1515    0.001485
1516    0.001503
1517    0.001624
1518    0.001534
1519    0.001516
1520    0.001507
1521    0.001424
1522    0.001586
1523    0.001548
1524    0.001581
1525    0.001541
1526    0.001309
1527    0.001429
1528    0.001262
1529    0.001108
1530    0.001293
1531    0.001548
1532    0.0012
1533    0.001577
1534    0.001512
1535    0.00157
1536    0.001552
1537    0.001099
1538    0.001517
1539    0.00153
1540    0.001575
1541    0.001598
1542    0.000922
1543    0.001191
1544    0.001466
1545    0.0016
1546    0.001357
1547    0.00173
1548    0.001503
1549    0.001537
1550    0.001556
1551    0.001562
1552    0.001522
1553    0.001441
1554    0.001145
1555    0.000866
1556    0.000922
1557    0.001581
1558    0.00149
1559    0.001505
1560    0.001183
1561    0.001534
1562    0.001566
1563    0.001229
1564    0.001587
1565    0.00182
1566    0.001826
1567    0.001641
1568    0.001556
1569    0.001687
1570    0.00153
1571    0.001234
1572    0.00155
1573    0.001461
1574    0.001634
1575    0.00141
1576    0.001369
1577    0.001623
1578    0.001662
1579    0.001591
1580    0.001572
1581    0.001355
1582    0.000921
1583    0.001505
1584    0.001523
1585    0.00159
1586    0.001569
1587    0.001255
1588    0.001426
1589    0.001571
1590    0.001166
1591    0.000873
1592    0.001656
1593    0.001551
1594    0.001516
1595    0.001534
1596    0.00143
1597    0.001489
1598    0.001539
1599    0.001028
1600    0.001502
1601    0.001264
1602    0.001514
1603    0.001506
1604    0.001546
1605    0.001416
1606    0.001596
1607    0.001625
1608    0.001471
1609    0.001553
1610    0.001508
1611    0.001579
1612    0.001546
1613    0.001569
1614    0.001573
1615    0.001328
1616    0.001556
1617    0.001576
1618    0.001526
1619    0.001483
1620    0.000968
1621    0.001269
1622    0.001304
1623    0.00152
1624    0.001497
1625    0.001516
1626    0.001509
1627    0.002941
1628    0.003865
1629    0.001627
1630    0.001613
1631    0.001524
1632    0.000933
1633    0.001661
1634    0.001622
1635    0.001789
1636    0.001832
1637    0.00232
1638    0.000872
1639    0.00163
1640    0.001582
1641    0.001338
1642    0.001615
1643    0.001629
1644    0.002821
1645    0.001694
1646    0.001576
1647    0.001531
1648    0.001614
1649    0.001565
1650    0.001016
1651    0.002523
1652    0.001564
1653    0.001632
1654    0.001744
1655    0.001582
1656    0.001576
1657    0.001557
1658    0.001637
1659    0.002205
1660    0.001923
1661    0.001744
1662    0.001715
1663    0.001405
1664    0.001634
1665    0.001694
1666    0.001461
1667    0.001283
1668    0.001508
1669    0.001457
1670    0.001575
1671    0.001373
1672    0.001613
1673    0.001596
1674    0.001584
1675    0.001343
1676    0.001584
1677    0.001537
1678    0.001614
1679    0.001582
1680    0.001535
1681    0.001577
1682    0.001581
1683    0.001546
1684    0.002077
1685    0.001073
1686    0.001523
1687    0.001563
1688    0.001582
1689    0.001589
1690    0.001244
1691    0.001507
1692    0.001446
1693    0.001314
1694    0.0013
1695    0.001724
1696    0.001664
1697    0.001625
1698    0.001495
1699    0.001003
1700    0.001513
1701    0.001265
1702    0.001458
1703    0.001508
1704    0.001095
1705    0.00151
1706    0.001089
1707    0.001354
1708    0.00146
1709    0.00123
1710    0.001208
1711    0.001521
1712    0.001502
1713    0.001561
1714    0.001504
1715    0.001494
1716    0.00151
1717    0.001587
1718    0.001592
1719    0.001522
1720    0.00151
1721    0.000831
1722    0.001497
1723    0.001442
1724    0.00144
1725    0.001565
1726    0.001481
1727    0.001484
1728    0.001218
1729    0.001419
1730    0.001591
1731    0.001601
1732    0.001588
1733    0.001517
1734    0.001515
1735    0.00159
1736    0.001609
1737    0.001579
1738    0.001118
1739    0.001056
1740    0.001488
1741    0.001513
1742    0.001694
1743    0.001593
1744    0.001569
1745    0.001574
1746    0.00159
1747    0.001566
1748    0.001295
1749    0.001547
1750    0.001571
1751    0.001488
1752    0.001118
1753    0.001515
1754    0.001222
1755    0.001635
1756    0.001571
1757    0.001406
1758    0.001327
1759    0.000949
1760    0.001562
1761    0.001208
1762    0.001406
1763    0.001627
1764    0.001571
1765    0.001059
1766    0.001568
1767    0.001711
1768    0.001581
1769    0.001354
1770    0.001503
1771    0.001575
1772    0.001506
1773    0.001579
1774    0.001596
1775    0.001589
1776    0.001609
1777    0.001419
1778    0.001492
1779    0.001513
1780    0.001594
1781    0.00159
1782    0.001508
1783    0.001526
1784    0.001515
1785    0.001888
1786    0.001556
1787    0.00156
1788    0.001556
1789    0.001578
1790    0.001583
1791    0.001527
1792    0.001514
1793    0.001526
1794    0.001495
1795    0.001576
1796    0.001533
1797    0.001509
1798    0.001551
1799    0.00159
1800    0.001605
1801    0.001456
1802    0.00126
1803    0.001485
1804    0.001521
1805    0.00151
1806    0.001562
1807    0.001257
1808    0.001503
1809    0.00161
1810    0.001595
1811    0.001632
1812    0.001518
1813    0.00165
1814    0.001207
1815    0.001163
1816    0.001189
1817    0.001265
1818    0.001293
1819    0.001476
1820    0.001633
1821    0.00138
1822    0.001541
1823    0.001432
1824    0.001667
1825    0.001427
1826    0.001614
1827    0.001563
1828    0.001598
1829    0.001582
1830    0.001609
1831    0.001553
1832    0.001541
1833    0.001486
1834    0.000844
1835    0.001489
1836    0.001553
1837    0.00164
1838    0.001324
1839    0.001308
1840    0.001499
1841    0.001652
1842    0.001546
1843    0.001556
1844    0.001552
1845    0.00158
1846    0.001507
1847    0.001315
1848    0.001536
1849    0.001582
1850    0.001492
1851    0.001493
1852    0.001556
1853    0.001545
1854    0.001087
1855    0.00142
1856    0.00148
1857    0.001505
1858    0.001516
1859    0.001495
1860    0.001498
1861    0.001526
1862    0.00155
1863    0.00162
1864    0.001322
1865    0.001385
1866    0.00161
1867    0.001378
1868    0.001168
1869    0.001707
1870    0.001592
1871    0.001531
1872    0.001502
1873    0.00156
1874    0.001565
1875    0.001554
1876    0.00157
1877    0.001671
1878    0.000963
1879    0.001576
1880    0.001052
1881    0.001388
1882    0.001241
1883    0.001584
1884    0.001554
1885    0.001538
1886    0.0016
1887    0.001541
1888    0.001742
1889    0.001629
1890    0.001647
1891    0.003693
1892    0.00229
1893    0.001353
1894    0.001039
1895    0.001592
1896    0.000951
1897    0.001621
1898    0.001509
1899    0.001565
1900    0.001585
1901    0.001521
1902    0.001454
1903    0.001508
1904    0.001514
1905    0.001558
1906    0.001091
1907    0.001564
1908    0.001667
1909    0.001517
1910    0.001158
1911    0.001486
1912    0.001598
1913    0.001541
1914    0.001807
1915    0.001607
1916    0.001513
1917    0.001479
1918    0.001498
1919    0.001506
1920    0.001462
1921    0.001484
1922    0.001432
1923    0.001516
1924    0.001505
1925    0.001581
1926    0.001627
1927    0.001894
1928    0.001615
1929    0.001624
1930    0.001459
1931    0.001238
1932    0.001572
1933    0.001421
1934    0.001498
1935    0.001492
1936    0.001597
1937    0.001019
1938    0.001199
1939    0.001519
1940    0.001386
1941    0.001552
1942    0.001583
1943    0.001515
1944    0.001071
1945    0.001311
1946    0.001038
1947    0.000934
1948    0.001593
1949    0.001374
1950    0.001486
1951    0.001494
1952    0.001493
1953    0.001507
1954    0.001557
1955    0.001485
1956    0.001089
1957    0.001556
1958    0.001554
1959    0.001189
1960    0.001144
1961    0.001426
1962    0.001535
1963    0.001501
1964    0.001189
1965    0.001566
1966    0.001371
1967    0.001543
1968    0.001556
1969    0.001559
1970    0.001135
1971    0.001402
1972    0.001583
1973    0.001623
1974    0.001626
1975    0.001531
1976    0.001558
1977    0.001535
1978    0.001508
1979    0.001566
1980    0.001569
1981    0.000865
1982    0.001529
1983    0.001532
1984    0.001239
1985    0.00149
1986    0.001599
1987    0.001515
1988    0.001506
1989    0.001225
1990    0.001172
1991    0.001522
1992    0.001581
1993    0.001575
1994    0.001585
1995    0.001521
1996    0.00147
1997    0.001491
1998    0.001586
1999    0.001595
2000    0.001585
2001    0.001144
2002    0.002047
2003    0.001464
2004    0.001486
2005    0.001503
2006    0.001518
2007    0.001644
2008    0.001589
2009    0.001589
2010    0.001568
2011    0.001518
2012    0.001505
2013    0.001503
2014    0.001625
2015    0.001584
2016    0.001206
2017    0.001526
2018    0.001235
2019    0.001418
2020    0.001573
2021    0.001555
2022    0.000899
2023    0.001496
2024    0.00126
2025    0.001318
2026    0.001547
2027    0.001366
2028    0.001596
2029    0.00133
2030    0.001514
2031    0.001516
2032    0.001545
2033    0.001587
2034    0.002219
2035    0.001493
2036    0.001175
2037    0.001197
2038    0.000865
2039    0.001502
2040    0.001582
2041    0.001586
2042    0.001516
2043    0.001432
2044    0.001519
2045    0.002286
2046    0.001539
2047    0.001576
2048    0.001517
2049    0.001271
2050    0.001525
2051    0.001533
2052    0.001402
2053    0.001506
2054    0.001669
2055    0.001567
2056    0.00296
2057    0.001386
2058    0.001313
2059    0.000937
2060    0.001145
2061    0.000878
2062    0.000933
2063    0.001563
2064    0.001616
2065    0.001041
2066    0.001554
2067    0.001504
2068    0.001503
2069    0.001503
2070    0.001582
2071    0.001522
2072    0.001513
2073    0.001479
2074    0.001492
2075    0.001516
2076    0.001385
2077    0.001662
2078    0.001322
2079    0.001537
2080    0.001401
2081    0.001516
2082    0.001478
2083    0.001559
2084    0.001587
2085    0.001581
2086    0.001593
2087    0.001567
2088    0.001505
2089    0.001527
2090    0.00108
2091    0.001547
2092    0.001588
2093    0.001554
2094    0.001494
2095    0.001489
2096    0.001492
2097    0.001343
2098    0.001559
2099    0.001522
2100    0.001501
2101    0.001513
2102    0.001542
2103    0.001545
2104    0.001509
2105    0.001513
2106    0.001541
2107    0.001543
2108    0.001539
2109    0.001589
2110    0.001547
2111    0.001594
2112    0.00157
2113    0.001523
2114    0.001234
2115    0.001561
2116    0.001187
2117    0.001485
2118    0.001491
2119    0.001502
2120    0.001508
2121    0.001369
2122    0.001222
2123    0.00145
2124    0.001278
2125    0.001202
2126    0.001561
2127    0.00146
2128    0.001524
2129    0.001527
2130    0.001522
2131    0.001519
2132    0.00157
2133    0.001584
2134    0.001485
2135    0.001516
2136    0.001317
2137    0.001018
2138    0.001532
2139    0.001587
2140    0.001507
2141    0.001499
2142    0.001377
2143    0.001519
2144    0.001059
2145    0.000994
2146    0.001135
2147    0.000988
2148    0.000962
2149    0.001356
2150    0.001579
2151    0.001446
2152    0.001469
2153    0.001464
2154    0.001093
2155    0.001286
2156    0.001497
2157    0.001383
2158    0.001501
2159    0.001499
2160    0.001106
2161    0.001446
2162    0.00156
2163    0.001515
2164    0.001573
2165    0.001493
2166    0.001598
2167    0.001566
2168    0.001608
2169    0.000837
2170    0.0011
2171    0.00116
2172    0.000832
2173    0.001636
2174    0.001323
2175    0.001512
2176    0.00152
2177    0.001181
2178    0.001229
2179    0.001552
2180    0.001384
2181    0.001568
2182    0.001582
2183    0.001471
2184    0.001481
2185    0.001528
2186    0.001558
2187    0.001541
2188    0.001521
2189    0.001499
2190    0.00122
2191    0.001591
2192    0.001577
2193    0.001569
2194    0.001512
2195    0.001533
2196    0.001527
2197    0.001567
2198    0.001573
2199    0.00156
2200    0.000839
2201    0.001556
2202    0.001506
2203    0.001471
2204    0.001447
2205    0.00086
2206    0.001219
2207    0.001302
2208    0.001557
2209    0.001544
2210    0.001504
2211    0.001198
2212    0.001237
2213    0.001566
2214    0.0016
2215    0.001274
2216    0.001491
2217    0.001499
2218    0.001393
2219    0.001525
2220    0.001572
2221    0.001608
2222    0.001492
2223    0.001502
2224    0.001495
2225    0.001336
2226    0.00158
2227    0.001266
2228    0.001568
2229    0.00135
2230    0.001505
2231    0.00152
2232    0.001517
2233    0.001593
2234    0.001565
2235    0.00132
2236    0.001537
2237    0.001446
2238    0.001558
2239    0.001588
2240    0.001573
2241    0.001488
2242    0.001508
2243    0.001472
2244    0.001439
2245    0.001601
2246    0.001532
2247    0.001526
2248    0.001493
2249    0.001601
2250    0.001228
2251    0.001511
2252    0.001471
2253    0.001168
2254    0.001238
2255    0.001517
2256    0.001107
2257    0.001227
2258    0.001528
2259    0.001501
2260    0.001498
2261    0.000836
2262    0.001199
2263    0.001514
2264    0.001536
2265    0.00156
2266    0.001603
2267    0.001253
2268    0.001515
2269    0.00122
2270    0.001515
2271    0.001285
2272    0.001598
2273    0.001715
2274    0.001226
2275    0.001474
2276    0.001525
2277    0.001577
2278    0.00158
2279    0.001548
2280    0.001592
2281    0.001139
2282    0.001518
2283    0.00152
2284    0.001576
2285    0.001582
2286    0.001585
2287    0.001554
2288    0.001506
2289    0.001239
2290    0.001084
2291    0.00151
2292    0.001447
2293    0.001513
2294    0.001272
2295    0.001588
2296    0.001498
2297    0.001185
2298    0.001488
2299    0.001469
2300    0.001589
2301    0.001128
2302    0.001504
2303    0.001242
2304    0.001512
2305    0.001113
2306    0.00151
2307    0.001484
2308    0.001507
2309    0.001556
2310    0.00157
2311    0.001085
2312    0.001015
2313    0.0011
2314    0.001519
2315    0.001185
2316    0.001352
2317    0.0016
2318    0.00153
2319    0.001233
2320    0.00151
2321    0.00155
2322    0.0015
2323    0.001276
2324    0.001522
2325    0.001523
2326    0.001154
2327    0.001358
2328    0.001575
2329    0.001514
2330    0.001508
2331    0.001539
2332    0.001491
2333    0.001584
2334    0.001602
2335    0.001504
2336    0.001518
2337    0.000833
2338    0.001593
2339    0.001598
2340    0.001524
2341    0.001369
2342    0.001471
2343    0.001493
2344    0.001624
2345    0.001607
2346    0.001556
2347    0.001492
2348    0.001516
2349    0.001522
2350    0.001624
2351    0.001237
2352    0.001481
2353    0.001261
2354    0.001212
2355    0.001354
2356    0.001425
2357    0.001231
2358    0.001309
2359    0.001295
2360    0.001433
2361    0.001522
2362    0.00149
2363    0.001499
2364    0.001505
2365    0.001607
2366    0.001142
2367    0.001196
2368    0.001514
2369    0.001418
2370    0.001193
2371    0.001264
2372    0.001527
2373    0.001602
2374    0.001392
2375    0.001553
2376    0.001573
2377    0.00152
2378    0.001512
2379    0.001579
2380    0.001648
2381    0.001052
2382    0.001305
2383    0.001521
2384    0.001514
2385    0.001504
2386    0.001579
2387    0.001378
2388    0.001003
2389    0.001011
2390    0.001037
2391    0.001162
2392    0.001519
2393    0.001554
2394    0.00156
2395    0.001516
2396    0.001476
2397    0.001532
2398    0.001537
2399    0.001575
2400    0.001565
2401    0.001451
2402    0.001436
2403    0.00116
2404    0.001455
2405    0.001465
2406    0.001525
2407    0.001514
2408    0.001484
2409    0.001505
2410    0.001462
2411    0.001304
2412    0.00151
2413    0.001505
2414    0.001571
2415    0.001529
2416    0.00157
2417    0.001349
2418    0.001471
2419    0.00151
2420    0.001503
2421    0.001444
2422    0.001565
2423    0.001566
2424    0.001572
2425    0.001587
2426    0.001491
2427    0.00154
2428    0.001487
2429    0.001562
2430    0.001616
2431    0.001319
2432    0.001523
2433    0.001485
2434    0.001577
2435    0.001591
2436    0.001558
2437    0.001471
2438    0.001505
2439    0.001434
2440    0.001534
2441    0.001575
2442    0.001389
2443    0.001554
2444    0.001451
2445    0.001522
2446    0.001503
2447    0.001063
2448    0.00097
2449    0.001463
2450    0.001341
2451    0.0015
2452    0.001112
2453    0.001452
2454    0.001137
2455    0.001113
2456    0.001077
2457    0.001525
2458    0.001512
2459    0.001529
2460    0.001574
2461    0.001506
2462    0.001346
2463    0.001439
2464    0.001217
2465    0.001471
2466    0.001577
2467    0.001204
2468    0.001487
2469    0.001521
2470    0.00141
2471    0.001576
2472    0.00156
2473    0.001543
2474    0.001475
2475    0.000851
2476    0.000915
2477    0.000941
2478    0.000944
2479    0.001605
2480    0.001591
2481    0.001512
2482    0.00097
2483    0.001076
2484    0.001542
2485    0.000972
2486    0.001599
2487    0.00124
2488    0.001495
2489    0.00149
2490    0.00151
2491    0.001576
2492    0.001606
2493    0.001441
2494    0.001469
2495    0.001528
2496    0.00151
2497    0.001297
2498    0.001467
2499    0.001508
2500    0.001489
2501    0.001526
2502    0.001234
2503    0.001106
2504    0.001148
2505    0.001216
2506    0.001132
2507    0.001498
2508    0.001504
2509    0.001522
2510    0.00149
2511    0.001508
2512    0.00129
2513    0.001322
2514    0.001242
2515    0.001535
2516    0.001575
2517    0.001594
2518    0.001572
2519    0.001562
2520    0.001482
2521    0.001513
2522    0.001509
2523    0.001571
2524    0.001565
2525    0.001497
2526    0.001525
2527    0.00154
2528    0.001532
2529    0.001596
2530    0.001598
2531    0.001437
2532    0.001432
2533    0.001567
2534    0.001572
2535    0.001533
2536    0.001497
2537    0.001505
2538    0.001555
2539    0.001595
2540    0.00145
2541    0.001529
2542    0.001509
2543    0.001514
2544    0.001376
2545    0.001551
2546    0.00131
2547    0.001552
2548    0.001411
2549    0.001406
2550    0.00147
2551    0.001577
2552    0.001575
2553    0.001428
2554    0.00125
2555    0.001587
2556    0.001489
2557    0.001511
2558    0.001513
2559    0.001501
2560    0.001244
2561    0.001236
2562    0.001574
2563    0.001515
2564    0.001548
2565    0.001516
2566    0.001514
2567    0.0015
2568    0.001516
2569    0.001446
2570    0.001538
2571    0.001234
2572    0.001246
2573    0.001561
2574    0.001502
2575    0.00155
2576    0.001258
2577    0.001506
2578    0.00156
2579    0.000899
2580    0.001024
2581    0.001579
2582    0.001575
2583    0.001602
2584    0.001503
2585    0.001517
2586    0.00101
2587    0.001588
2588    0.001599
2589    0.001526
2590    0.001521
2591    0.0015
2592    0.001327
2593    0.001539
2594    0.001586
2595    0.001572
2596    0.001624
2597    0.00154
2598    0.001446
2599    0.001517
2600    0.00157
2601    0.001103
2602    0.001461
2603    0.001268
2604    0.001509
2605    0.001508
2606    0.001505
2607    0.001506
2608    0.001505
2609    0.001449
2610    0.001643
2611    0.001516
2612    0.001498
2613    0.001524
2614    0.001567
2615    0.00151
2616    0.001216
2617    0.001558
2618    0.00118
2619    0.001513
2620    0.001509
2621    0.00118
2622    0.001437
2623    0.001555
2624    0.001504
2625    0.001523
2626    0.001273
2627    0.001518
2628    0.001511
2629    0.001037
2630    0.001484
2631    0.0015
2632    0.001513
2633    0.001587
2634    0.00157
2635    0.001563
2636    0.001576
2637    0.001577
2638    0.001576
2639    0.001504
2640    0.001513
2641    0.001525
2642    0.001474
2643    0.001563
2644    0.001603
2645    0.001457
2646    0.001501
2647    0.001442
2648    0.001456
2649    0.001498
2650    0.001599
2651    0.001461
2652    0.001509
2653    0.001459
2654    0.001147
2655    0.001091
2656    0.000826
2657    0.001557
2658    0.001582
2659    0.001472
2660    0.001501
2661    0.001574
2662    0.000961
2663    0.001537
2664    0.001473
2665    0.00089
2666    0.001517
2667    0.00151
2668    0.001076
2669    0.001307
2670    0.001299
2671    0.000994
2672    0.001534
2673    0.001534
2674    0.001153
2675    0.001454
2676    0.000815
2677    0.001463
2678    0.001445
2679    0.001436
2680    0.001508
2681    0.001516
2682    0.001523
2683    0.001524
2684    0.001189
2685    0.001565
2686    0.001232
2687    0.000942
2688    0.001021
2689    0.001497
2690    0.001502
2691    0.001501
2692    0.000842
2693    0.000852
2694    0.000832
2695    0.001362
2696    0.00148
2697    0.000846
2698    0.001512
2699    0.001513
2700    0.001512
2701    0.001438
2702    0.001498
2703    0.000918
2704    0.001449
2705    0.001503
2706    0.001493
2707    0.001546
2708    0.001464
2709    0.001454
2710    0.001447
2711    0.001242
2712    0.001541
2713    0.001214
2714    0.00143
2715    0.001506
2716    0.001521
2717    0.001501
2718    0.001494
2719    0.001497
2720    0.001525
2721    0.001441
2722    0.001445
2723    0.001439
2724    0.001511
2725    0.001067
2726    0.001505
2727    0.000825
2728    0.001503
2729    0.001448
2730    0.001437
2731    0.001409
2732    0.001433
2733    0.001446
2734    0.001496
2735    0.000846
2736    0.00134
2737    0.001367
2738    0.001419
2739    0.001447
2740    0.001514
2741    0.001508
2742    0.001479
2743    0.00148
2744    0.001491
2745    0.000812
2746    0.00145
2747    0.001444
2748    0.001271
2749    0.001313
2750    0.001518
2751    0.001194
2752    0.000796
2753    0.001142
2754    0.001417
2755    0.001505
2756    0.000935
2757    0.001303
2758    0.001387
2759    0.001435
2760    0.001559
2761    0.001522
2762    0.001256
2763    0.001593
2764    0.001532
2765    0.001453
2766    0.001146
2767    0.001481
2768    0.001203
2769    0.001722
2770    0.001508
2771    0.00137
2772    0.000887
2773    0.001553
2774    0.001496
2775    0.001522
2776    0.001516
2777    0.001378
2778    0.001421
2779    0.001417
2780    0.001382
2781    0.00157
2782    0.001482
2783    0.001111
2784    0.001073
2785    0.001603
2786    0.001567
2787    0.001503
2788    0.001542
2789    0.001502
2790    0.001563
2791    0.00138
2792    0.001473
2793    0.001529
2794    0.001517
2795    0.001532
2796    0.001505
2797    0.001455
2798    0.001547
2799    0.001527
2800    0.000961
2801    0.001653
2802    0.001619
2803    0.00162
2804    0.001611
2805    0.001584
2806    0.001375
2807    0.001532
2808    0.000835
2809    0.001526
2810    0.001523
2811    0.001522
2812    0.000832
2813    0.001323
2814    0.001472
2815    0.001507
2816    0.001508
2817    0.001406
2818    0.001543
2819    0.001539
2820    0.001491
2821    0.001503
2822    0.001468
2823    0.001441
2824    0.001475
2825    0.000893
2826    0.001467
2827    0.000799
2828    0.001182
2829    0.001489
2830    0.001602
2831    0.00157
2832    0.001329
2833    0.000955
2834    0.000835
2835    0.001374
2836    0.001513
2837    0.001464
2838    0.001297
2839    0.001432
2840    0.001512
2841    0.00155
2842    0.000844
2843    0.001429
2844    0.0015
2845    0.001431
2846    0.001442
2847    0.001414
2848    0.001262
2849    0.001085
2850    0.000826
2851    0.001306
2852    0.001442
2853    0.001457
2854    0.001474
2855    0.001528
2856    0.001502
2857    0.001529
2858    0.001186
2859    0.001482
2860    0.001542
2861    0.001539
2862    0.001514
2863    0.001275
2864    0.001163
2865    0.001534
2866    0.001517
2867    0.000956
2868    0.00153
2869    0.000863
2870    0.001519
2871    0.001053
2872    0.001111
2873    0.001498
2874    0.00156
2875    0.001444
2876    0.001491
2877    0.001522
2878    0.001509
2879    0.001407
2880    0.001528
2881    0.001139
2882    0.001539
2883    0.001531
2884    0.001505
2885    0.001555
2886    0.001491
2887    0.001222
2888    0.000908
2889    0.001527
2890    0.000833
2891    0.000841
2892    0.000954
2893    0.000861
2894    0.000993
2895    0.001508
2896    0.001512
2897    0.00084
2898    0.001504
2899    0.001366
2900    0.001176
2901    0.001448
2902    0.00152
2903    0.001047
2904    0.00142
2905    0.001433
2906    0.001443
2907    0.001383
2908    0.001427
2909    0.001455
2910    0.001454
2911    0.001456
2912    0.001543
2913    0.001129
2914    0.001496
2915    0.001514
2916    0.001048
2917    0.001475
2918    0.00145
2919    0.001462
2920    0.000914
2921    0.001367
2922    0.000835
2923    0.000844
2924    0.001424
2925    0.00093
2926    0.001004
2927    0.001216
2928    0.000929
2929    0.00107
2930    0.001504
2931    0.000835
2932    0.001143
2933    0.000924
2934    0.001138
2935    0.000913
2936    0.001517
2937    0.001519
2938    0.001513
2939    0.001562
2940    0.001551
2941    0.001573
2942    0.001264
2943    0.001245
2944    0.001515
2945    0.001633
2946    0.001641
2947    0.00165
2948    0.001518
2949    0.001574
2950    0.001603
2951    0.001467
2952    0.00114
2953    0.001067
2954    0.001443
2955    0.000855
2956    0.001133
2957    0.001526
2958    0.001142
2959    0.001609
2960    0.001431
2961    0.000868
2962    0.001539
2963    0.00149
2964    0.001184
2965    0.001162
2966    0.000818
2967    0.000796
2968    0.001507
2969    0.001421
2970    0.001354
2971    0.001468
2972    0.001252
2973    0.000812
2974    0.001487
2975    0.001466
2976    0.001448
2977    0.001533
2978    0.001471
2979    0.00152
2980    0.000843
2981    0.001502
2982    0.001428
2983    0.00144
2984    0.001514
2985    0.000888
2986    0.001438
2987    0.001242
2988    0.001534
2989    0.001513
2990    0.001534
2991    0.001436
2992    0.001474
2993    0.000851
2994    0.001493
2995    0.00144
2996    0.001018
2997    0.000858
2998    0.000786
2999    0.000813
3000    0.000911
