1    0.000854
2    0.000583
3    0.00099
4    0.000815
5    0.000967
6    0.000832
7    0.000682
8    0.000824
9    0.000864
10    0.000582
11    0.000815
12    0.000864
13    0.000813
14    0.000835
15    0.000848
16    0.000842
17    0.000739
18    0.000569
19    0.000831
20    0.000859
21    0.00082
22    0.000828
23    0.000856
24    0.000855
25    0.00109
26    0.000844
27    0.000845
28    0.000826
29    0.000733
30    0.000848
31    0.000843
32    0.000828
33    0.000828
34    0.000845
35    0.000823
36    0.000839
37    0.000834
38    0.000859
39    0.000835
40    0.000848
41    0.000838
42    0.000852
43    0.000848
44    0.00084
45    0.000837
46    0.000852
47    0.000823
48    0.000825
49    0.000833
50    0.000845
51    0.000866
52    0.000841
53    0.000835
54    0.000836
55    0.000854
56    0.000865
57    0.000824
58    0.00084
59    0.000854
60    0.000857
61    0.000862
62    0.000837
63    0.000851
64    0.000851
65    0.000842
66    0.00083
67    0.000854
68    0.000836
69    0.00085
70    0.000832
71    0.000841
72    0.000848
73    0.000839
74    0.000837
75    0.000828
76    0.000836
77    0.00084
78    0.000847
79    0.000862
80    0.000857
81    0.000941
82    0.000828
83    0.000848
84    0.00084
85    0.000825
86    0.000838
87    0.000844
88    0.000835
89    0.000842
90    0.000848
91    0.000844
92    0.000836
93    0.000854
94    0.000832
95    0.00084
96    0.000851
97    0.000831
98    0.000846
99    0.000851
100    0.000837
101    0.000832
102    0.000842
103    0.000832
104    0.000854
105    0.000859
106    0.000827
107    0.000825
108    0.000866
109    0.000842
110    0.000843
111    0.000892
112    0.000829
113    0.00086
114    0.000832
115    0.000833
116    0.000841
117    0.000842
118    0.000836
119    0.000834
120    0.000834
121    0.000833
122    0.000858
123    0.000841
124    0.000842
125    0.000825
126    0.000832
127    0.000829
128    0.000838
129    0.000832
130    0.000837
131    0.000722
132    0.000818
133    0.00085
134    0.000864
135    0.000837
136    0.000847
137    0.000834
138    0.000848
139    0.00086
140    0.000836
141    0.000856
142    0.000863
143    0.000866
144    0.000837
145    0.000847
146    0.000833
147    0.000838
148    0.000832
149    0.000838
150    0.00084
151    0.000833
152    0.000841
153    0.000834
154    0.000833
155    0.000848
156    0.000833
157    0.000829
158    0.000836
159    0.000823
160    0.000833
161    0.000843
162    0.000849
163    0.000841
164    0.000855
165    0.000828
166    0.001436
167    0.000863
168    0.00083
169    0.000833
170    0.000842
171    0.000855
172    0.000843
173    0.000847
174    0.000837
175    0.000841
176    0.000853
177    0.000835
178    0.000826
179    0.000849
180    0.000861
181    0.00086
182    0.000829
183    0.000861
184    0.000821
185    0.000846
186    0.000845
187    0.000829
188    0.000842
189    0.00085
190    0.000839
191    0.000839
192    0.000837
193    0.000933
194    0.000857
195    0.000841
196    0.000838
197    0.000845
198    0.000847
199    0.000834
200    0.000829
201    0.000837
202    0.000835
203    0.000839
204    0.000838
205    0.000839
206    0.000846
207    0.000842
208    0.000829
209    0.000833
210    0.000847
211    0.000829
212    0.000843
213    0.000835
214    0.000842
215    0.00084
216    0.000859
217    0.000838
218    0.00083
219    0.000835
220    0.000842
221    0.000837
222    0.000827
223    0.000843
224    0.00083
225    0.000839
226    0.000834
227    0.00085
228    0.000838
229    0.00084
230    0.000843
231    0.00083
232    0.000834
233    0.000731
234    0.00084
235    0.000849
236    0.000849
237    0.000832
238    0.000844
239    0.00084
240    0.000857
241    0.000841
242    0.000859
243    0.000861
244    0.000865
245    0.000893
246    0.000838
247    0.000843
248    0.000854
249    0.000842
250    0.00087
251    0.000852
252    0.000844
253    0.000834
254    0.000839
255    0.000843
256    0.000851
257    0.00086
258    0.000844
259    0.000849
260    0.000856
261    0.000843
262    0.000828
263    0.000867
264    0.000855
265    0.00084
266    0.000853
267    0.000862
268    0.000842
269    0.000833
270    0.000857
271    0.000844
272    0.000848
273    0.000858
274    0.000827
275    0.00084
276    0.000877
277    0.000863
278    0.000855
279    0.000863
280    0.000844
281    0.00084
282    0.000858
283    0.00086
284    0.00083
285    0.00085
286    0.000843
287    0.000852
288    0.000843
289    0.000848
290    0.000865
291    0.000875
292    0.000819
293    0.000841
294    0.000856
295    0.000843
296    0.000849
297    0.000843
298    0.000846
299    0.000858
300    0.000847
301    0.000843
302    0.000846
303    0.000879
304    0.000858
305    0.000841
306    0.000836
307    0.000844
308    0.000842
309    0.000845
310    0.000833
311    0.000859
312    0.000899
313    0.000847
314    0.000841
315    0.000857
316    0.000874
317    0.000852
318    0.000841
319    0.000868
320    0.00086
321    0.000835
322    0.000855
323    0.000866
324    0.000849
325    0.00084
326    0.00089
327    0.000861
328    0.000823
329    0.000855
330    0.000854
331    0.000835
332    0.000852
333    0.000841
334    0.000891
335    0.000752
336    0.000835
337    0.000855
338    0.000848
339    0.000852
340    0.000863
341    0.000853
342    0.000861
343    0.000854
344    0.000861
345    0.000862
346    0.000855
347    0.000844
348    0.000872
349    0.000866
350    0.000841
351    0.000896
352    0.000864
353    0.000869
354    0.000842
355    0.000855
356    0.000843
357    0.000843
358    0.000858
359    0.000842
360    0.000838
361    0.000855
362    0.000847
363    0.000953
364    0.000842
365    0.000838
366    0.000839
367    0.000843
368    0.000829
369    0.00084
370    0.000855
371    0.000829
372    0.000847
373    0.000837
374    0.000851
375    0.000849
376    0.000853
377    0.000856
378    0.000838
379    0.000844
380    0.000854
381    0.000844
382    0.000857
383    0.000841
384    0.000859
385    0.000849
386    0.000849
387    0.000847
388    0.000843
389    0.000872
390    0.000848
391    0.000834
392    0.00085
393    0.000859
394    0.000843
395    0.000853
396    0.000869
397    0.000867
398    0.000834
399    0.000845
400    0.000863
401    0.000841
402    0.000836
403    0.000851
404    0.000841
405    0.000847
406    0.000849
407    0.000835
408    0.000853
409    0.000853
410    0.00084
411    0.000865
412    0.000832
413    0.000866
414    0.000836
415    0.000847
416    0.000829
417    0.000827
418    0.000841
419    0.000841
420    0.000837
421    0.000857
422    0.000845
423    0.000879
424    0.000842
425    0.00086
426    0.000837
427    0.00085
428    0.000843
429    0.000861
430    0.000867
431    0.000849
432    0.000863
433    0.000855
434    0.000846
435    0.000851
436    0.000861
437    0.000732
438    0.000847
439    0.000838
440    0.000837
441    0.00085
442    0.000847
443    0.000835
444    0.000859
445    0.000837
446    0.000841
447    0.000866
448    0.000852
449    0.000862
450    0.000833
451    0.000872
452    0.000875
453    0.000847
454    0.000856
455    0.000843
456    0.000848
457    0.000836
458    0.000842
459    0.000862
460    0.000864
461    0.000833
462    0.000841
463    0.001023
464    0.000833
465    0.000842
466    0.000846
467    0.000854
468    0.000828
469    0.000852
470    0.00083
471    0.000841
472    0.000859
473    0.00084
474    0.000871
475    0.000823
476    0.000825
477    0.000868
478    0.000834
479    0.000852
480    0.000851
481    0.000861
482    0.000839
483    0.000849
484    0.000864
485    0.000844
486    0.000838
487    0.000843
488    0.000836
489    0.000837
490    0.00085
491    0.000886
492    0.000842
493    0.000899
494    0.000866
495    0.000832
496    0.000845
497    0.000832
498    0.000857
499    0.000849
500    0.000828
501    0.000869
502    0.000834
503    0.00087
504    0.000861
505    0.000843
506    0.000861
507    0.000835
508    0.000852
509    0.000839
510    0.000832
511    0.000821
512    0.000826
513    0.000851
514    0.000842
515    0.000865
516    0.000827
517    0.00084
518    0.001088
519    0.000864
520    0.000858
521    0.000842
522    0.000862
523    0.001031
524    0.000817
525    0.000842
526    0.000841
527    0.000847
528    0.000835
529    0.000839
530    0.000825
531    0.00083
532    0.000838
533    0.000852
534    0.000817
535    0.000862
536    0.00084
537    0.000834
538    0.000839
539    0.000725
540    0.000821
541    0.000854
542    0.000836
543    0.000884
544    0.000857
545    0.000831
546    0.000858
547    0.000917
548    0.000836
549    0.000839
550    0.000817
551    0.000844
552    0.000841
553    0.00084
554    0.00086
555    0.000867
556    0.000879
557    0.000908
558    0.000831
559    0.000836
560    0.000822
561    0.000838
562    0.000855
563    0.000827
564    0.000837
565    0.00083
566    0.000856
567    0.000833
568    0.00084
569    0.00086
570    0.000823
571    0.000843
572    0.000844
573    0.000865
574    0.000849
575    0.000849
576    0.000843
577    0.000831
578    0.000833
579    0.000832
580    0.000819
581    0.000874
582    0.000839
583    0.000857
584    0.001047
585    0.000864
586    0.000821
587    0.000831
588    0.000855
589    0.000829
590    0.000849
591    0.000873
592    0.000822
593    0.00083
594    0.00085
595    0.000975
596    0.000837
597    0.00142
598    0.00085
599    0.000833
600    0.000835
601    0.000846
602    0.000841
603    0.000947
604    0.000834
605    0.000837
606    0.000838
607    0.000833
608    0.000832
609    0.000858
610    0.000848
611    0.000837
612    0.000841
613    0.000848
614    0.000833
615    0.00087
616    0.000827
617    0.000828
618    0.000831
619    0.000849
620    0.000837
621    0.000832
622    0.000841
623    0.000855
624    0.000817
625    0.000839
626    0.000855
627    0.000846
628    0.000846
629    0.000845
630    0.000853
631    0.000836
632    0.000833
633    0.000741
634    0.000844
635    0.000843
636    0.000863
637    0.001438
638    0.000887
639    0.001034
640    0.000834
641    0.001435
642    0.001118
643    0.000861
644    0.000885
645    0.000869
646    0.000837
647    0.000831
648    0.000836
649    0.000852
650    0.000828
651    0.000833
652    0.000847
653    0.000871
654    0.000899
655    0.000883
656    0.000829
657    0.000835
658    0.000827
659    0.000894
660    0.000848
661    0.000871
662    0.000846
663    0.000888
664    0.000868
665    0.000842
666    0.000832
667    0.000843
668    0.000867
669    0.000851
670    0.000836
671    0.000874
672    0.000833
673    0.000844
674    0.000843
675    0.000854
676    0.00083
677    0.000864
678    0.000853
679    0.000871
680    0.000848
681    0.000851
682    0.000814
683    0.000833
684    0.000848
685    0.000843
686    0.000855
687    0.00084
688    0.000846
689    0.000838
690    0.000839
691    0.000839
692    0.000836
693    0.000842
694    0.00086
695    0.000833
696    0.000842
697    0.000835
698    0.000818
699    0.000831
700    0.000839
701    0.000846
702    0.000845
703    0.000845
704    0.000859
705    0.000853
706    0.000845
707    0.000837
708    0.00085
709    0.00087
710    0.00086
711    0.001431
712    0.000848
713    0.000925
714    0.000893
715    0.000731
716    0.000832
717    0.000858
718    0.000836
719    0.000903
720    0.000836
721    0.000851
722    0.000838
723    0.000833
724    0.000822
725    0.000838
726    0.000829
727    0.000838
728    0.00086
729    0.000835
730    0.000846
731    0.00084
732    0.000853
733    0.000873
734    0.000892
735    0.000847
736    0.000841
737    0.000841
738    0.000863
739    0.000847
740    0.000834
741    0.000836
742    0.000858
743    0.000864
744    0.000836
745    0.000836
746    0.000836
747    0.000855
748    0.000844
749    0.000847
750    0.000839
751    0.000838
752    0.000834
753    0.000833
754    0.000841
755    0.000833
756    0.000823
757    0.000848
758    0.000843
759    0.000841
760    0.000858
761    0.000833
762    0.000854
763    0.000896
764    0.00082
765    0.000839
766    0.000844
767    0.000845
768    0.000915
769    0.000857
770    0.000846
771    0.000838
772    0.000835
773    0.000859
774    0.000839
775    0.000836
776    0.000831
777    0.000857
778    0.000848
779    0.000834
780    0.000833
781    0.000851
782    0.00105
783    0.00086
784    0.000837
785    0.000859
786    0.000836
787    0.000865
788    0.000837
789    0.000916
790    0.000899
791    0.000849
792    0.000832
793    0.000849
794    0.000834
795    0.000841
796    0.000824
797    0.000739
798    0.000821
799    0.000835
800    0.000828
801    0.000838
802    0.000842
803    0.000838
804    0.000849
805    0.000852
806    0.000839
807    0.000833
808    0.00084
809    0.000833
810    0.000829
811    0.000838
812    0.000843
813    0.000833
814    0.000831
815    0.000837
816    0.000837
817    0.000836
818    0.000892
819    0.001409
820    0.000855
821    0.000834
822    0.000824
823    0.000834
824    0.001025
825    0.000863
826    0.000864
827    0.000837
828    0.000824
829    0.000846
830    0.000847
831    0.000858
832    0.000829
833    0.000859
834    0.000844
835    0.000846
836    0.000835
837    0.000871
838    0.000837
839    0.000831
840    0.000852
841    0.000852
842    0.000847
843    0.00083
844    0.000837
845    0.000841
846    0.000832
847    0.000835
848    0.000837
849    0.000858
850    0.001293
851    0.000836
852    0.000819
853    0.000839
854    0.000981
855    0.000846
856    0.000852
857    0.000858
858    0.000828
859    0.000741
860    0.000832
861    0.000847
862    0.000848
863    0.000836
864    0.000846
865    0.000846
866    0.000878
867    0.000835
868    0.000855
869    0.000851
870    0.000839
871    0.00085
872    0.000828
873    0.000851
874    0.000893
875    0.000861
876    0.000838
877    0.000837
878    0.000825
879    0.000851
880    0.000876
881    0.000845
882    0.00087
883    0.000841
884    0.000833
885    0.000831
886    0.00085
887    0.000881
888    0.000839
889    0.00084
890    0.001417
891    0.000856
892    0.000857
893    0.000852
894    0.000858
895    0.000833
896    0.000841
897    0.000848
898    0.000842
899    0.000843
900    0.000833
901    0.000843
902    0.000906
903    0.000841
904    0.0009
905    0.000862
906    0.000845
907    0.000855
908    0.000923
909    0.000837
910    0.000903
911    0.00085
912    0.000845
913    0.000844
914    0.000831
915    0.000863
916    0.000871
917    0.000843
918    0.00083
919    0.000732
920    0.000848
921    0.000835
922    0.000842
923    0.000854
924    0.000863
925    0.000834
926    0.000829
927    0.00084
928    0.000838
929    0.000839
930    0.000846
931    0.000833
932    0.000837
933    0.000848
934    0.00085
935    0.000838
936    0.000826
937    0.000851
938    0.000836
939    0.000837
940    0.000823
941    0.000842
942    0.00086
943    0.000851
944    0.000844
945    0.000861
946    0.000841
947    0.000832
948    0.000843
949    0.000849
950    0.00084
951    0.000845
952    0.000821
953    0.000826
954    0.000827
955    0.000833
956    0.000832
957    0.000856
958    0.000828
959    0.000833
960    0.001089
961    0.000774
962    0.000811
963    0.000816
964    0.00083
965    0.000824
966    0.000829
967    0.000834
968    0.000824
969    0.000841
970    0.000821
971    0.000846
972    0.000756
973    0.00083
974    0.000842
975    0.000833
976    0.000858
977    0.00084
978    0.000864
979    0.000836
980    0.000841
981    0.000837
982    0.000868
983    0.001005
984    0.000819
985    0.000823
986    0.000858
987    0.000822
988    0.000845
989    0.000862
990    0.000824
991    0.00088
992    0.000848
993    0.000833
994    0.000739
995    0.000801
996    0.000821
997    0.000819
998    0.000824
999    0.000839
1000    0.000829
1001    0.00083
1002    0.000838
1003    0.000825
1004    0.000838
1005    0.000726
1006    0.000832
1007    0.000824
1008    0.000829
1009    0.000876
1010    0.000835
1011    0.000831
1012    0.000824
1013    0.000832
1014    0.000827
1015    0.00073
1016    0.00082
1017    0.000834
1018    0.000825
1019    0.000822
1020    0.000832
1021    0.00085
1022    0.000823
1023    0.000826
1024    0.000817
1025    0.000815
1026    0.00072
1027    0.000821
1028    0.000853
1029    0.000839
1030    0.000852
1031    0.000852
1032    0.000847
1033    0.000895
1034    0.000834
1035    0.000828
1036    0.000836
1037    0.000861
1038    0.000837
1039    0.000837
1040    0.00083
1041    0.000841
1042    0.00084
1043    0.000835
1044    0.000844
1045    0.000835
1046    0.000858
1047    0.001435
1048    0.000838
1049    0.000863
1050    0.000885
1051    0.000844
1052    0.000877
1053    0.000874
1054    0.00084
1055    0.000859
1056    0.000837
1057    0.000825
1058    0.000855
1059    0.00086
1060    0.00084
1061    0.000838
1062    0.000843
1063    0.000848
1064    0.000836
1065    0.000838
1066    0.000846
1067    0.000831
1068    0.000849
1069    0.000839
1070    0.000839
1071    0.000963
1072    0.000837
1073    0.000862
1074    0.000841
1075    0.000834
1076    0.000845
1077    0.000827
1078    0.000832
1079    0.000842
1080    0.000866
1081    0.000842
1082    0.000841
1083    0.00091
1084    0.000847
1085    0.000864
1086    0.000883
1087    0.000855
1088    0.000869
1089    0.000831
1090    0.000838
1091    0.000952
1092    0.000835
1093    0.000837
1094    0.000839
1095    0.000833
1096    0.000844
1097    0.000884
1098    0.000846
1099    0.000845
1100    0.000824
1101    0.000831
1102    0.00084
1103    0.000827
1104    0.000835
1105    0.000842
1106    0.000871
1107    0.000842
1108    0.000844
1109    0.000846
1110    0.000847
1111    0.000849
1112    0.000845
1113    0.000834
1114    0.000845
1115    0.00086
1116    0.000828
1117    0.000844
1118    0.000843
1119    0.000854
1120    0.000852
1121    0.000845
1122    0.000862
1123    0.00085
1124    0.000838
1125    0.000834
1126    0.000838
1127    0.00084
1128    0.000731
1129    0.000856
1130    0.000851
1131    0.000836
1132    0.000853
1133    0.000852
1134    0.000862
1135    0.000846
1136    0.000831
1137    0.000838
1138    0.000846
1139    0.000852
1140    0.000824
1141    0.00084
1142    0.000849
1143    0.000846
1144    0.000857
1145    0.000843
1146    0.000848
1147    0.000848
1148    0.000833
1149    0.000847
1150    0.000831
1151    0.000843
1152    0.000829
1153    0.000858
1154    0.000874
1155    0.00087
1156    0.000851
1157    0.000857
1158    0.000853
1159    0.000865
1160    0.000843
1161    0.000853
1162    0.000863
1163    0.000841
1164    0.000825
1165    0.000844
1166    0.000855
1167    0.000849
1168    0.000825
1169    0.000744
1170    0.000843
1171    0.000844
1172    0.000836
1173    0.000881
1174    0.000832
1175    0.000843
1176    0.000839
1177    0.001116
1178    0.000864
1179    0.000857
1180    0.000831
1181    0.000837
1182    0.000823
1183    0.000838
1184    0.000842
1185    0.000849
1186    0.000832
1187    0.000841
1188    0.000844
1189    0.000876
1190    0.000828
1191    0.000839
1192    0.000849
1193    0.000859
1194    0.00084
1195    0.000889
1196    0.000883
1197    0.000838
1198    0.000823
1199    0.00086
1200    0.000847
1201    0.000839
1202    0.000838
1203    0.000848
1204    0.000832
1205    0.000847
1206    0.000848
1207    0.000846
1208    0.000845
1209    0.000841
1210    0.000834
1211    0.000741
1212    0.000839
1213    0.000834
1214    0.000837
1215    0.00084
1216    0.000827
1217    0.000891
1218    0.000832
1219    0.000833
1220    0.000856
1221    0.000855
1222    0.000858
1223    0.000834
1224    0.000843
1225    0.000841
1226    0.000837
1227    0.000883
1228    0.00086
1229    0.000848
1230    0.000836
1231    0.00085
1232    0.000827
1233    0.000832
1234    0.000849
1235    0.000833
1236    0.000821
1237    0.00084
1238    0.00083
1239    0.000835
1240    0.000825
1241    0.000838
1242    0.000837
1243    0.000839
1244    0.000833
1245    0.000848
1246    0.000834
1247    0.001151
1248    0.000822
1249    0.000849
1250    0.00093
1251    0.000847
1252    0.000832
1253    0.000745
1254    0.000835
1255    0.000876
1256    0.000858
1257    0.000857
1258    0.000825
1259    0.000855
1260    0.001133
1261    0.000848
1262    0.000831
1263    0.000842
1264    0.000833
1265    0.001432
1266    0.000836
1267    0.000911
1268    0.000854
1269    0.000839
1270    0.000848
1271    0.00085
1272    0.000842
1273    0.000843
1274    0.000838
1275    0.000842
1276    0.000846
1277    0.00085
1278    0.0009
1279    0.000854
1280    0.000895
1281    0.000862
1282    0.000831
1283    0.000847
1284    0.000878
1285    0.000847
1286    0.000835
1287    0.000853
1288    0.000863
1289    0.000857
1290    0.00084
1291    0.000835
1292    0.000832
1293    0.000851
1294    0.000906
1295    0.000736
1296    0.00082
1297    0.000863
1298    0.00084
1299    0.000836
1300    0.000879
1301    0.000852
1302    0.000829
1303    0.000858
1304    0.000818
1305    0.000832
1306    0.000834
1307    0.00083
1308    0.000826
1309    0.000853
1310    0.000865
1311    0.000843
1312    0.000823
1313    0.000847
1314    0.000834
1315    0.000828
1316    0.00083
1317    0.000861
1318    0.000863
1319    0.000832
1320    0.000845
1321    0.000825
1322    0.000839
1323    0.000853
1324    0.000831
1325    0.000843
1326    0.000839
1327    0.000839
1328    0.000827
1329    0.000842
1330    0.000845
1331    0.000837
1332    0.000826
1333    0.000857
1334    0.000861
1335    0.000853
1336    0.000852
1337    0.000738
1338    0.000831
1339    0.000854
1340    0.00084
1341    0.000842
1342    0.000834
1343    0.000839
1344    0.000849
1345    0.000834
1346    0.000824
1347    0.000843
1348    0.000846
1349    0.00084
1350    0.000818
1351    0.000878
1352    0.000838
1353    0.00086
1354    0.001099
1355    0.000858
1356    0.00085
1357    0.000858
1358    0.000851
1359    0.000852
1360    0.00086
1361    0.000838
1362    0.000822
1363    0.000835
1364    0.000831
1365    0.000839
1366    0.000835
1367    0.000843
1368    0.000839
1369    0.000837
1370    0.000844
1371    0.000852
1372    0.000859
1373    0.000837
1374    0.000833
1375    0.000836
1376    0.000851
1377    0.00085
1378    0.000833
1379    0.000736
1380    0.000833
1381    0.00086
1382    0.000849
1383    0.000846
1384    0.000827
1385    0.000973
1386    0.000841
1387    0.000879
1388    0.000832
1389    0.000839
1390    0.000837
1391    0.000849
1392    0.000854
1393    0.000846
1394    0.000831
1395    0.000863
1396    0.000839
1397    0.000867
1398    0.000849
1399    0.000838
1400    0.000839
1401    0.000834
1402    0.000835
1403    0.000821
1404    0.000826
1405    0.000838
1406    0.000837
1407    0.000841
1408    0.000859
1409    0.000839
1410    0.000838
1411    0.00083
1412    0.000825
1413    0.000828
1414    0.000893
1415    0.000849
1416    0.00082
1417    0.00084
1418    0.000866
1419    0.000837
1420    0.000824
1421    0.000732
1422    0.000825
1423    0.000946
1424    0.000859
1425    0.000852
1426    0.000826
1427    0.00085
1428    0.000848
1429    0.000847
1430    0.000832
1431    0.000845
1432    0.000848
1433    0.000841
1434    0.000838
1435    0.00088
1436    0.000854
1437    0.000848
1438    0.000832
1439    0.000836
1440    0.000835
1441    0.00084
1442    0.000838
1443    0.000888
1444    0.000848
1445    0.000854
1446    0.000838
1447    0.000833
1448    0.000865
1449    0.00085
1450    0.000832
1451    0.000844
1452    0.00085
1453    0.00084
1454    0.000835
1455    0.000841
1456    0.000835
1457    0.00082
1458    0.000849
1459    0.000839
1460    0.000818
1461    0.000739
1462    0.000832
1463    0.000858
1464    0.000842
1465    0.000847
1466    0.000828
1467    0.000845
1468    0.000849
1469    0.000818
1470    0.000936
1471    0.000873
1472    0.000827
1473    0.000837
1474    0.000821
1475    0.000837
1476    0.000848
1477    0.000855
1478    0.00082
1479    0.000839
1480    0.000828
1481    0.000869
1482    0.000833
1483    0.000832
1484    0.000841
1485    0.000841
1486    0.000836
1487    0.00084
1488    0.000854
1489    0.000829
1490    0.000881
1491    0.000854
1492    0.000846
1493    0.000739
1494    0.000831
1495    0.000842
1496    0.00083
1497    0.000857
1498    0.00084
1499    0.000849
1500    0.000836
1501    0.000847
1502    0.000844
1503    0.000828
1504    0.000829
1505    0.000852
1506    0.000835
1507    0.000877
1508    0.000828
1509    0.000862
1510    0.000827
1511    0.000841
1512    0.000889
1513    0.000855
1514    0.00085
1515    0.00073
1516    0.000824
1517    0.000836
1518    0.000829
1519    0.000837
1520    0.000823
1521    0.000837
1522    0.000836
1523    0.000836
1524    0.000848
1525    0.000837
1526    0.000831
1527    0.000834
1528    0.000852
1529    0.000836
1530    0.000834
1531    0.000869
1532    0.000862
1533    0.000845
1534    0.000834
1535    0.000854
1536    0.000862
1537    0.000727
1538    0.000821
1539    0.000838
1540    0.000851
1541    0.000844
1542    0.000888
1543    0.000839
1544    0.000828
1545    0.000828
1546    0.000842
1547    0.000836
1548    0.000839
1549    0.000853
1550    0.000826
1551    0.00086
1552    0.000828
1553    0.00088
1554    0.000828
1555    0.000837
1556    0.000831
1557    0.000826
1558    0.000825
1559    0.000723
1560    0.000825
1561    0.000899
1562    0.000823
1563    0.000833
1564    0.000827
1565    0.000845
1566    0.000826
1567    0.000854
1568    0.000823
1569    0.00085
1570    0.000839
1571    0.000839
1572    0.000819
1573    0.000846
1574    0.000825
1575    0.000847
1576    0.000827
1577    0.000834
1578    0.000832
1579    0.000841
1580    0.000828
1581    0.000722
1582    0.000834
1583    0.000867
1584    0.00085
1585    0.000844
1586    0.000836
1587    0.000852
1588    0.000836
1589    0.000851
1590    0.000877
1591    0.000838
1592    0.000832
1593    0.000839
1594    0.000831
1595    0.000846
1596    0.000846
1597    0.000909
1598    0.000835
1599    0.000824
1600    0.000822
1601    0.000871
1602    0.000868
1603    0.000727
1604    0.000868
1605    0.000834
1606    0.000832
1607    0.000853
1608    0.000824
1609    0.000832
1610    0.000827
1611    0.000903
1612    0.000852
1613    0.000854
1614    0.000945
1615    0.000852
1616    0.000849
1617    0.000848
1618    0.000847
1619    0.000849
1620    0.000806
1621    0.000834
1622    0.00084
1623    0.000843
1624    0.000832
1625    0.000754
1626    0.000844
1627    0.000837
1628    0.000824
1629    0.000841
1630    0.000821
1631    0.000841
1632    0.000833
1633    0.000847
1634    0.000831
1635    0.000849
1636    0.000848
1637    0.000832
1638    0.000828
1639    0.000927
1640    0.00083
1641    0.000832
1642    0.000829
1643    0.000836
1644    0.000835
1645    0.000855
1646    0.000834
1647    0.000734
1648    0.000838
1649    0.000919
1650    0.000895
1651    0.00084
1652    0.000822
1653    0.000836
1654    0.000831
1655    0.000849
1656    0.000853
1657    0.000856
1658    0.000833
1659    0.000889
1660    0.000836
1661    0.000853
1662    0.000826
1663    0.000838
1664    0.000831
1665    0.000884
1666    0.000841
1667    0.000839
1668    0.000839
1669    0.000892
1670    0.000847
1671    0.000861
1672    0.000851
1673    0.000852
1674    0.000836
1675    0.000845
1676    0.000841
1677    0.000832
1678    0.000822
1679    0.00087
1680    0.000823
1681    0.000856
1682    0.000834
1683    0.000874
1684    0.000831
1685    0.000834
1686    0.000846
1687    0.000875
1688    0.000829
1689    0.00086
1690    0.000846
1691    0.000726
1692    0.000827
1693    0.000837
1694    0.000914
1695    0.000852
1696    0.000817
1697    0.00085
1698    0.000826
1699    0.000835
1700    0.000861
1701    0.000832
1702    0.000822
1703    0.00085
1704    0.001033
1705    0.000882
1706    0.000828
1707    0.000836
1708    0.000826
1709    0.000846
1710    0.000823
1711    0.000837
1712    0.000823
1713    0.000734
1714    0.000833
1715    0.000851
1716    0.000821
1717    0.000847
1718    0.000823
1719    0.000839
1720    0.000832
1721    0.000851
1722    0.000827
1723    0.000851
1724    0.000832
1725    0.000862
1726    0.000831
1727    0.000842
1728    0.000826
1729    0.000841
1730    0.000824
1731    0.000839
1732    0.000825
1733    0.000863
1734    0.00083
1735    0.00073
1736    0.000837
1737    0.000837
1738    0.000829
1739    0.000864
1740    0.000819
1741    0.000847
1742    0.00084
1743    0.000865
1744    0.000831
1745    0.000834
1746    0.000825
1747    0.000836
1748    0.000824
1749    0.000836
1750    0.000836
1751    0.000839
1752    0.000984
1753    0.000836
1754    0.000844
1755    0.000832
1756    0.000823
1757    0.000722
1758    0.000831
1759    0.000844
1760    0.000832
1761    0.000854
1762    0.000835
1763    0.00085
1764    0.000834
1765    0.000837
1766    0.000838
1767    0.000853
1768    0.000821
1769    0.00084
1770    0.000838
1771    0.000947
1772    0.000825
1773    0.000846
1774    0.001077
1775    0.001346
1776    0.000844
1777    0.000838
1778    0.000829
1779    0.00085
1780    0.000845
1781    0.000829
1782    0.000838
1783    0.000857
1784    0.000814
1785    0.000834
1786    0.000832
1787    0.000843
1788    0.000841
1789    0.000834
1790    0.000838
1791    0.000835
1792    0.00082
1793    0.000877
1794    0.001308
1795    0.000843
1796    0.000818
1797    0.000912
1798    0.000849
1799    0.00086
1800    0.000839
1801    0.001058
1802    0.000838
1803    0.000832
1804    0.000845
1805    0.00085
1806    0.00083
1807    0.00084
1808    0.000826
1809    0.000846
1810    0.000835
1811    0.000854
1812    0.001292
1813    0.000907
1814    0.001294
1815    0.000893
1816    0.000846
1817    0.000836
1818    0.000846
1819    0.000835
1820    0.000848
1821    0.000838
1822    0.000826
1823    0.000735
1824    0.000825
1825    0.000831
1826    0.00087
1827    0.000837
1828    0.000824
1829    0.000859
1830    0.000816
1831    0.000843
1832    0.000814
1833    0.000853
1834    0.00082
1835    0.000837
1836    0.000818
1837    0.00085
1838    0.00084
1839    0.000856
1840    0.000855
1841    0.000857
1842    0.000821
1843    0.000839
1844    0.000818
1845    0.000737
1846    0.000833
1847    0.000842
1848    0.000834
1849    0.000841
1850    0.000825
1851    0.000843
1852    0.00082
1853    0.000866
1854    0.000889
1855    0.000838
1856    0.000828
1857    0.00088
1858    0.000876
1859    0.000839
1860    0.000914
1861    0.000902
1862    0.000872
1863    0.000892
1864    0.000824
1865    0.000935
1866    0.000869
1867    0.00077
1868    0.000836
1869    0.000834
1870    0.000828
1871    0.001434
1872    0.000835
1873    0.000846
1874    0.000832
1875    0.000854
1876    0.000832
1877    0.000852
1878    0.000849
1879    0.000857
1880    0.000828
1881    0.000829
1882    0.000821
1883    0.000841
1884    0.000831
1885    0.000867
1886    0.000842
1887    0.000832
1888    0.000825
1889    0.000742
1890    0.000826
1891    0.000847
1892    0.000837
1893    0.000831
1894    0.000829
1895    0.000841
1896    0.000821
1897    0.000856
1898    0.000833
1899    0.000864
1900    0.000855
1901    0.000906
1902    0.000842
1903    0.00085
1904    0.000823
1905    0.000834
1906    0.000837
1907    0.000839
1908    0.000829
1909    0.000836
1910    0.000824
1911    0.000727
1912    0.000826
1913    0.000848
1914    0.000874
1915    0.00085
1916    0.000827
1917    0.000838
1918    0.000835
1919    0.000845
1920    0.001411
1921    0.000861
1922    0.000832
1923    0.000838
1924    0.000823
1925    0.000848
1926    0.000862
1927    0.001372
1928    0.000853
1929    0.000847
1930    0.000835
1931    0.000838
1932    0.000823
1933    0.000868
1934    0.000836
1935    0.000943
1936    0.0014
1937    0.000856
1938    0.000833
1939    0.000853
1940    0.000828
1941    0.000846
1942    0.000828
1943    0.000839
1944    0.00083
1945    0.000841
1946    0.000848
1947    0.000859
1948    0.00084
1949    0.000837
1950    0.000842
1951    0.000858
1952    0.000841
1953    0.000863
1954    0.00083
1955    0.000729
1956    0.000833
1957    0.000886
1958    0.000988
1959    0.00085
1960    0.000851
1961    0.00092
1962    0.000835
1963    0.00084
1964    0.000988
1965    0.000854
1966    0.000915
1967    0.000913
1968    0.000828
1969    0.000889
1970    0.000824
1971    0.000835
1972    0.000829
1973    0.000866
1974    0.00085
1975    0.000848
1976    0.000844
1977    0.000733
1978    0.00082
1979    0.00083
1980    0.00083
1981    0.000837
1982    0.000828
1983    0.000844
1984    0.000822
1985    0.000854
1986    0.000824
1987    0.000861
1988    0.00082
1989    0.000847
1990    0.000843
1991    0.000832
1992    0.000821
1993    0.000827
1994    0.000821
1995    0.000869
1996    0.000824
1997    0.000829
1998    0.000824
1999    0.00072
2000    0.000828
2001    0.000846
2002    0.000834
2003    0.000853
2004    0.000824
2005    0.000849
2006    0.000826
2007    0.000852
2008    0.000839
2009    0.000842
2010    0.000821
2011    0.000838
2012    0.00083
2013    0.000845
2014    0.000821
2015    0.000851
2016    0.000821
2017    0.000832
2018    0.000828
2019    0.000836
2020    0.000819
2021    0.00072
2022    0.000844
2023    0.000857
2024    0.000842
2025    0.000841
2026    0.000834
2027    0.000828
2028    0.000837
2029    0.000833
2030    0.000833
2031    0.000847
2032    0.000826
2033    0.000839
2034    0.000842
2035    0.000867
2036    0.00083
2037    0.000874
2038    0.00083
2039    0.000851
2040    0.000822
2041    0.000842
2042    0.000826
2043    0.000733
2044    0.000827
2045    0.000987
2046    0.000839
2047    0.00089
2048    0.00086
2049    0.000877
2050    0.000836
2051    0.000861
2052    0.000825
2053    0.000922
2054    0.000834
2055    0.000851
2056    0.000831
2057    0.000856
2058    0.000833
2059    0.000843
2060    0.000831
2061    0.000831
2062    0.000831
2063    0.000842
2064    0.000841
2065    0.000721
2066    0.000823
2067    0.000856
2068    0.000844
2069    0.000846
2070    0.000906
2071    0.000847
2072    0.000826
2073    0.000835
2074    0.000829
2075    0.000846
2076    0.000814
2077    0.000852
2078    0.000821
2079    0.000832
2080    0.000823
2081    0.000847
2082    0.000824
2083    0.000831
2084    0.000823
2085    0.000848
2086    0.000823
2087    0.000753
2088    0.000835
2089    0.000907
2090    0.000829
2091    0.00084
2092    0.000841
2093    0.000868
2094    0.000846
2095    0.000849
2096    0.000841
2097    0.000841
2098    0.00085
2099    0.000843
2100    0.000822
2101    0.000847
2102    0.000928
2103    0.000843
2104    0.000825
2105    0.00084
2106    0.000898
2107    0.000875
2108    0.000829
2109    0.000724
2110    0.000826
2111    0.000836
2112    0.000822
2113    0.00082
2114    0.000814
2115    0.000839
2116    0.000878
2117    0.001174
2118    0.000956
2119    0.000847
2120    0.000822
2121    0.000831
2122    0.000821
2123    0.000844
2124    0.000918
2125    0.000923
2126    0.000827
2127    0.000857
2128    0.000821
2129    0.000834
2130    0.000929
2131    0.000752
2132    0.000832
2133    0.000837
2134    0.000845
2135    0.000865
2136    0.000824
2137    0.000865
2138    0.000849
2139    0.000908
2140    0.000824
2141    0.00083
2142    0.000859
2143    0.000833
2144    0.00084
2145    0.000848
2146    0.000867
2147    0.00117
2148    0.000845
2149    0.000834
2150    0.000944
2151    0.000854
2152    0.000876
2153    0.000773
2154    0.000849
2155    0.00085
2156    0.000849
2157    0.000835
2158    0.000892
2159    0.000854
2160    0.000838
2161    0.000852
2162    0.000834
2163    0.000839
2164    0.000848
2165    0.000844
2166    0.000835
2167    0.000857
2168    0.00084
2169    0.000846
2170    0.000866
2171    0.000843
2172    0.000832
2173    0.000865
2174    0.000851
2175    0.00074
2176    0.000827
2177    0.000847
2178    0.000817
2179    0.000838
2180    0.000827
2181    0.00084
2182    0.00083
2183    0.000843
2184    0.000846
2185    0.000834
2186    0.000838
2187    0.000834
2188    0.000824
2189    0.000854
2190    0.000826
2191    0.000836
2192    0.000817
2193    0.000835
2194    0.000828
2195    0.000837
2196    0.000835
2197    0.000894
2198    0.000831
2199    0.000832
2200    0.000852
2201    0.000844
2202    0.000827
2203    0.000842
2204    0.00094
2205    0.000832
2206    0.000833
2207    0.001411
2208    0.000831
2209    0.000831
2210    0.000837
2211    0.000868
2212    0.000813
2213    0.000845
2214    0.00086
2215    0.000829
2216    0.000859
2217    0.001422
2218    0.000826
2219    0.000724
2220    0.000834
2221    0.000957
2222    0.001144
2223    0.000852
2224    0.000828
2225    0.000861
2226    0.000845
2227    0.000865
2228    0.000831
2229    0.000838
2230    0.000833
2231    0.000825
2232    0.000829
2233    0.00084
2234    0.000824
2235    0.000842
2236    0.000885
2237    0.000829
2238    0.000822
2239    0.000831
2240    0.000828
2241    0.000727
2242    0.000824
2243    0.00086
2244    0.00084
2245    0.00084
2246    0.0009
2247    0.000856
2248    0.000838
2249    0.000839
2250    0.000831
2251    0.000833
2252    0.000859
2253    0.000838
2254    0.000814
2255    0.000855
2256    0.000828
2257    0.000826
2258    0.000827
2259    0.000833
2260    0.000818
2261    0.000853
2262    0.000832
2263    0.000721
2264    0.000823
2265    0.000856
2266    0.000831
2267    0.000839
2268    0.00083
2269    0.00084
2270    0.000834
2271    0.000878
2272    0.000828
2273    0.000841
2274    0.00084
2275    0.000928
2276    0.000821
2277    0.000869
2278    0.00084
2279    0.000845
2280    0.000834
2281    0.000841
2282    0.000873
2283    0.000864
2284    0.000846
2285    0.000733
2286    0.000814
2287    0.000856
2288    0.000816
2289    0.000833
2290    0.000827
2291    0.00084
2292    0.000832
2293    0.000971
2294    0.000817
2295    0.000846
2296    0.000811
2297    0.00082
2298    0.000839
2299    0.00085
2300    0.000833
2301    0.000833
2302    0.000818
2303    0.000823
2304    0.000816
2305    0.000819
2306    0.000845
2307    0.000734
2308    0.000814
2309    0.000834
2310    0.000892
2311    0.000833
2312    0.000825
2313    0.000831
2314    0.000828
2315    0.000828
2316    0.00081
2317    0.001342
2318    0.000836
2319    0.000842
2320    0.000845
2321    0.000842
2322    0.000842
2323    0.000871
2324    0.000828
2325    0.001244
2326    0.001215
2327    0.000838
2328    0.000826
2329    0.000745
2330    0.000821
2331    0.000861
2332    0.000833
2333    0.00085
2334    0.000825
2335    0.000843
2336    0.000829
2337    0.001
2338    0.000844
2339    0.000848
2340    0.000823
2341    0.000848
2342    0.000838
2343    0.00084
2344    0.000825
2345    0.000849
2346    0.000822
2347    0.000843
2348    0.000838
2349    0.000846
2350    0.00083
2351    0.000726
2352    0.000825
2353    0.00085
2354    0.00082
2355    0.000848
2356    0.000839
2357    0.000853
2358    0.000834
2359    0.000827
2360    0.000838
2361    0.000832
2362    0.000825
2363    0.000827
2364    0.00082
2365    0.000826
2366    0.000823
2367    0.000831
2368    0.000838
2369    0.000825
2370    0.000825
2371    0.000835
2372    0.000824
2373    0.000724
2374    0.000831
2375    0.000841
2376    0.000843
2377    0.000855
2378    0.000831
2379    0.000842
2380    0.00082
2381    0.000843
2382    0.000825
2383    0.000847
2384    0.000822
2385    0.00086
2386    0.000844
2387    0.000836
2388    0.000818
2389    0.000838
2390    0.000842
2391    0.000857
2392    0.000855
2393    0.000833
2394    0.000826
2395    0.000773
2396    0.000834
2397    0.000841
2398    0.000863
2399    0.000841
2400    0.000869
2401    0.000894
2402    0.000829
2403    0.000842
2404    0.000827
2405    0.000853
2406    0.000833
2407    0.000836
2408    0.000865
2409    0.00084
2410    0.000834
2411    0.000862
2412    0.000827
2413    0.000858
2414    0.00083
2415    0.000833
2416    0.000843
2417    0.000743
2418    0.000827
2419    0.000893
2420    0.000831
2421    0.000836
2422    0.000823
2423    0.000849
2424    0.000834
2425    0.000861
2426    0.000832
2427    0.000844
2428    0.000841
2429    0.000845
2430    0.00084
2431    0.000872
2432    0.000816
2433    0.000832
2434    0.000841
2435    0.000856
2436    0.000818
2437    0.000841
2438    0.000827
2439    0.000721
2440    0.000824
2441    0.000849
2442    0.000817
2443    0.000858
2444    0.000847
2445    0.000843
2446    0.000822
2447    0.000847
2448    0.000836
2449    0.000865
2450    0.000845
2451    0.000855
2452    0.001413
2453    0.000847
2454    0.000821
2455    0.000848
2456    0.000834
2457    0.00085
2458    0.000821
2459    0.00085
2460    0.000814
2461    0.000926
2462    0.00087
2463    0.00085
2464    0.001121
2465    0.000844
2466    0.001344
2467    0.000888
2468    0.000826
2469    0.000846
2470    0.000912
2471    0.000837
2472    0.000834
2473    0.000841
2474    0.000829
2475    0.000852
2476    0.000856
2477    0.000842
2478    0.000849
2479    0.000848
2480    0.000833
2481    0.000846
2482    0.000825
2483    0.000719
2484    0.00085
2485    0.000824
2486    0.000822
2487    0.000838
2488    0.000823
2489    0.000836
2490    0.00084
2491    0.000841
2492    0.000826
2493    0.000848
2494    0.000811
2495    0.000858
2496    0.000839
2497    0.00095
2498    0.000825
2499    0.000846
2500    0.000873
2501    0.000841
2502    0.000814
2503    0.000835
2504    0.000823
2505    0.000745
2506    0.000826
2507    0.000866
2508    0.00091
2509    0.000858
2510    0.000823
2511    0.000856
2512    0.000828
2513    0.000855
2514    0.000832
2515    0.000881
2516    0.000833
2517    0.000832
2518    0.000843
2519    0.000844
2520    0.000892
2521    0.000841
2522    0.000835
2523    0.000852
2524    0.000849
2525    0.00084
2526    0.001119
2527    0.000789
2528    0.000826
2529    0.000861
2530    0.000849
2531    0.000839
2532    0.000853
2533    0.000838
2534    0.000824
2535    0.000839
2536    0.00081
2537    0.000835
2538    0.000823
2539    0.000834
2540    0.000829
2541    0.000836
2542    0.00084
2543    0.000852
2544    0.000836
2545    0.000841
2546    0.000841
2547    0.000846
2548    0.000828
2549    0.000716
2550    0.00083
2551    0.000852
2552    0.000825
2553    0.000842
2554    0.000823
2555    0.000838
2556    0.000818
2557    0.00086
2558    0.000826
2559    0.000839
2560    0.000825
2561    0.000836
2562    0.000842
2563    0.000857
2564    0.000868
2565    0.000833
2566    0.000848
2567    0.000831
2568    0.000837
2569    0.000836
2570    0.000821
2571    0.000724
2572    0.000845
2573    0.000859
2574    0.000855
2575    0.000855
2576    0.000828
2577    0.000834
2578    0.000837
2579    0.000844
2580    0.000819
2581    0.000824
2582    0.000828
2583    0.000835
2584    0.000817
2585    0.000835
2586    0.000818
2587    0.000839
2588    0.000823
2589    0.000825
2590    0.00082
2591    0.000837
2592    0.000846
2593    0.000726
2594    0.000825
2595    0.000845
2596    0.000846
2597    0.000849
2598    0.000825
2599    0.000848
2600    0.00084
2601    0.000838
2602    0.000828
2603    0.000843
2604    0.000827
2605    0.000851
2606    0.000831
2607    0.000849
2608    0.000828
2609    0.000833
2610    0.000851
2611    0.000866
2612    0.000839
2613    0.000836
2614    0.000813
2615    0.000745
2616    0.00083
2617    0.000837
2618    0.00083
2619    0.000844
2620    0.000828
2621    0.000845
2622    0.000829
2623    0.00086
2624    0.000836
2625    0.000841
2626    0.000847
2627    0.000871
2628    0.000829
2629    0.000862
2630    0.000856
2631    0.000848
2632    0.000824
2633    0.00084
2634    0.000839
2635    0.000844
2636    0.000828
2637    0.00089
2638    0.000822
2639    0.00098
2640    0.000828
2641    0.000836
2642    0.000833
2643    0.000853
2644    0.000989
2645    0.000829
2646    0.000828
2647    0.000829
2648    0.000831
2649    0.000825
2650    0.000824
2651    0.000866
2652    0.000831
2653    0.000831
2654    0.000825
2655    0.000853
2656    0.000826
2657    0.000856
2658    0.000837
2659    0.000711
2660    0.000932
2661    0.00085
2662    0.000821
2663    0.000839
2664    0.00083
2665    0.000835
2666    0.000879
2667    0.000853
2668    0.000826
2669    0.000839
2670    0.000831
2671    0.000845
2672    0.000812
2673    0.000855
2674    0.000831
2675    0.000835
2676    0.000832
2677    0.000851
2678    0.000813
2679    0.000849
2680    0.000873
2681    0.00071
2682    0.000822
2683    0.000867
2684    0.000831
2685    0.000856
2686    0.00084
2687    0.000845
2688    0.000846
2689    0.000847
2690    0.000931
2691    0.000852
2692    0.000833
2693    0.000837
2694    0.000854
2695    0.000849
2696    0.000853
2697    0.000855
2698    0.000864
2699    0.000853
2700    0.000832
2701    0.00084
2702    0.000841
2703    0.000738
2704    0.000839
2705    0.000839
2706    0.00084
2707    0.000834
2708    0.000824
2709    0.000842
2710    0.000835
2711    0.000846
2712    0.000827
2713    0.000848
2714    0.000847
2715    0.000847
2716    0.000828
2717    0.000847
2718    0.000825
2719    0.000829
2720    0.000818
2721    0.000852
2722    0.000824
2723    0.000827
2724    0.000814
2725    0.000712
2726    0.000824
2727    0.000834
2728    0.00082
2729    0.000837
2730    0.000819
2731    0.000829
2732    0.000833
2733    0.000848
2734    0.000822
2735    0.000842
2736    0.000824
2737    0.000833
2738    0.000815
2739    0.000832
2740    0.000815
2741    0.000856
2742    0.000826
2743    0.000832
2744    0.000824
2745    0.000831
2746    0.000835
2747    0.000708
2748    0.000823
2749    0.000837
2750    0.000832
2751    0.000852
2752    0.00083
2753    0.000838
2754    0.000833
2755    0.000927
2756    0.000829
2757    0.000859
2758    0.000826
2759    0.000837
2760    0.000819
2761    0.000856
2762    0.000819
2763    0.000856
2764    0.000827
2765    0.000853
2766    0.000839
2767    0.000842
2768    0.000833
2769    0.000712
2770    0.000822
2771    0.000852
2772    0.000827
2773    0.000835
2774    0.00082
2775    0.000841
2776    0.000861
2777    0.000833
2778    0.000829
2779    0.000837
2780    0.000858
2781    0.000829
2782    0.000822
2783    0.000831
2784    0.000818
2785    0.000821
2786    0.000814
2787    0.000826
2788    0.00082
2789    0.000836
2790    0.000817
2791    0.000744
2792    0.000814
2793    0.000837
2794    0.000835
2795    0.000843
2796    0.000822
2797    0.00084
2798    0.000844
2799    0.000844
2800    0.000824
2801    0.000834
2802    0.000836
2803    0.000839
2804    0.00082
2805    0.000873
2806    0.000826
2807    0.000832
2808    0.00083
2809    0.000824
2810    0.000825
2811    0.000838
2812    0.000823
2813    0.000735
2814    0.001428
2815    0.000888
2816    0.000834
2817    0.000857
2818    0.000849
2819    0.000837
2820    0.000827
2821    0.000853
2822    0.000831
2823    0.000841
2824    0.000827
2825    0.000848
2826    0.000858
2827    0.000865
2828    0.000826
2829    0.000846
2830    0.000839
2831    0.000842
2832    0.000842
2833    0.00085
2834    0.000856
2835    0.000714
2836    0.000825
2837    0.00083
2838    0.000839
2839    0.000844
2840    0.000834
2841    0.000833
2842    0.000825
2843    0.000836
2844    0.000826
2845    0.000845
2846    0.000823
2847    0.000852
2848    0.00084
2849    0.000841
2850    0.000818
2851    0.000866
2852    0.000821
2853    0.000847
2854    0.000832
2855    0.000839
2856    0.000823
2857    0.000713
2858    0.000858
2859    0.000835
2860    0.000834
2861    0.00084
2862    0.000828
2863    0.000842
2864    0.000826
2865    0.000857
2866    0.000825
2867    0.000862
2868    0.000835
2869    0.000849
2870    0.00082
2871    0.000856
2872    0.000827
2873    0.00087
2874    0.000918
2875    0.000836
2876    0.000833
2877    0.000848
2878    0.000829
2879    0.000732
2880    0.000856
2881    0.000844
2882    0.00082
2883    0.000835
2884    0.000835
2885    0.000837
2886    0.000941
2887    0.000841
2888    0.000822
2889    0.000831
2890    0.000841
2891    0.000847
2892    0.00082
2893    0.000862
2894    0.000823
2895    0.000854
2896    0.000846
2897    0.000863
2898    0.000818
2899    0.000839
2900    0.00082
2901    0.000718
2902    0.00084
2903    0.000824
2904    0.000834
2905    0.000841
2906    0.000812
2907    0.000842
2908    0.000818
2909    0.000852
2910    0.00083
2911    0.000842
2912    0.000835
2913    0.000852
2914    0.000831
2915    0.000863
2916    0.000842
2917    0.000875
2918    0.000821
2919    0.000842
2920    0.00083
2921    0.000834
2922    0.000853
2923    0.000711
2924    0.000853
2925    0.000834
2926    0.000844
2927    0.000866
2928    0.000835
2929    0.000847
2930    0.000861
2931    0.000845
2932    0.00083
2933    0.000841
2934    0.001472
2935    0.001449
2936    0.000838
2937    0.000856
2938    0.000832
2939    0.000842
2940    0.000847
2941    0.000863
2942    0.000856
2943    0.000834
2944    0.00084
2945    0.00086
2946    0.000836
2947    0.000838
2948    0.000835
2949    0.00084
2950    0.000825
2951    0.000835
2952    0.000834
2953    0.000867
2954    0.000839
2955    0.00085
2956    0.000841
2957    0.000838
2958    0.000831
2959    0.000828
2960    0.000854
2961    0.000853
2962    0.00083
2963    0.000837
2964    0.000836
2965    0.000852
2966    0.000854
2967    0.000832
2968    0.000835
2969    0.000848
2970    0.000826
2971    0.000847
2972    0.000828
2973    0.001278
2974    0.000853
2975    0.000841
2976    0.000829
2977    0.000835
2978    0.000826
2979    0.000838
2980    0.000817
2981    0.000838
2982    0.00083
2983    0.000852
2984    0.000902
2985    0.000834
2986    0.000827
2987    0.00131
2988    0.000854
2989    0.000823
2990    0.000846
2991    0.000847
2992    0.000858
2993    0.000839
2994    0.000841
2995    0.000843
2996    0.000854
2997    0.00085
2998    0.000846
2999    0.00085
3000    0.000856
