1    0.000312
2    0.007768
3    4.4e-05
4    0.000332
5    7.8e-05
6    4.3e-05
7    0.002739
8    7.9e-05
9    4.1e-05
10    0.002278
11    8.1e-05
12    0
13    8e-05
14    0
15    7.9e-05
16    0
17    0.000745
18    0.002812
19    4.2e-05
20    4.4e-05
21    4.6e-05
22    4.3e-05
23    0
24    0
25    0
26    0
27    0
28    4.5e-05
29    0.000805
30    4.3e-05
31    0
32    0
33    0
34    0
35    4.4e-05
36    0
37    0
38    0
39    0
40    0
41    0
42    0
43    0
44    0
45    0
46    0
47    0
48    4.4e-05
49    0
50    0
51    0
52    0
53    0
54    0
55    0
56    0
57    0
58    0
59    0
60    0
61    0
62    0
63    0
64    0
65    0
66    0
67    0
68    0
69    0
70    0
71    0
72    0
73    0
74    0
75    0
76    0
77    0
78    0
79    0
80    0
81    0
82    4.6e-05
83    0
84    0
85    0
86    0
87    0
88    0
89    0
90    0
91    0
92    0
93    0
94    0
95    0
96    0
97    0
98    0
99    0
100    0
101    0
102    0
103    0
104    0
105    0
106    0
107    0
108    0
109    0
110    0
111    0
112    4.6e-05
113    0
114    0
115    0
116    0
117    0
118    0
119    0
120    0
121    0
122    0
123    0
124    0
125    0
126    0
127    0
128    0
129    0
130    0
131    0.00048
132    4.3e-05
133    0
134    0
135    0
136    0
137    0
138    0
139    0
140    0
141    0
142    0
143    0
144    0
145    0
146    0
147    0
148    0
149    0
150    0
151    0
152    0
153    0
154    0
155    0
156    0
157    0
158    0
159    4.7e-05
160    0
161    0
162    0
163    0
164    0
165    0
166    0
167    0
168    0
169    0
170    0
171    0
172    0
173    0
174    0
175    0
176    0
177    0
178    0
179    0
180    0
181    0
182    0
183    0
184    4.7e-05
185    0
186    0
187    0
188    0
189    0
190    0
191    0
192    0
193    0
194    0
195    0
196    0
197    0
198    0
199    0
200    0
201    0
202    0
203    0
204    0
205    0
206    0
207    0
208    4.8e-05
209    0
210    0
211    0
212    0
213    0
214    0
215    0
216    0
217    0
218    0
219    0
220    0
221    0
222    0
223    0
224    0
225    0
226    0
227    0
228    0
229    0
230    4.6e-05
231    0
232    0
233    0.000508
234    4.3e-05
235    0
236    0
237    0
238    0
239    0
240    0
241    0
242    0
243    0
244    0
245    0
246    0
247    0
248    0
249    0
250    0
251    0
252    0
253    0
254    4.7e-05
255    0
256    0
257    0
258    0
259    0
260    0
261    0
262    0
263    0
264    0
265    0
266    0
267    0
268    0
269    0
270    0
271    0
272    0
273    0
274    4.6e-05
275    0
276    0
277    0
278    0
279    0
280    0
281    0
282    0
283    0
284    0
285    0
286    0
287    0
288    0
289    0
290    0
291    0
292    4.5e-05
293    0
294    0
295    0
296    0
297    0
298    0
299    0
300    0
301    0
302    0
303    0
304    0
305    0
306    0
307    0
308    0
309    0
310    4.6e-05
311    0
312    0
313    0
314    0
315    0
316    0
317    0
318    0
319    0
320    0
321    0
322    0
323    0
324    0
325    0
326    0
327    0
328    4.5e-05
329    0
330    0
331    0
332    0
333    0
334    0
335    0.000484
336    4.3e-05
337    0
338    0
339    0
340    0
341    0
342    0
343    0
344    0
345    0
346    0
347    0
348    0
349    0
350    0
351    0
352    4.7e-05
353    0
354    0
355    0
356    0
357    0
358    0
359    0
360    0
361    0
362    0
363    0
364    0
365    0
366    0
367    0
368    4.5e-05
369    0
370    0
371    0
372    0
373    0
374    0
375    0
376    0
377    0
378    0
379    0
380    0
381    0
382    0
383    0
384    4.6e-05
385    0
386    0
387    0
388    0
389    0
390    0
391    0
392    0
393    0
394    0
395    0
396    0
397    0
398    4.6e-05
399    0
400    0
401    0
402    0
403    0
404    0
405    0
406    0
407    0
408    0
409    0
410    0
411    0
412    4.5e-05
413    0
414    0
415    0
416    0
417    0
418    0
419    0
420    0
421    0
422    0
423    0
424    0
425    0
426    4.6e-05
427    0
428    0
429    0
430    0
431    0
432    0
433    0
434    0
435    0
436    0
437    0.000487
438    4.3e-05
439    0
440    0
441    0
442    0
443    0
444    0
445    0
446    0
447    0
448    0
449    0
450    0
451    0
452    4.7e-05
453    0
454    0
455    0
456    0
457    0
458    0
459    0
460    0
461    0
462    0
463    0
464    4.6e-05
465    0
466    0
467    0
468    0
469    0
470    0
471    0
472    0
473    0
474    0
475    0
476    4.5e-05
477    0
478    0
479    0
480    0
481    0
482    0
483    0
484    0
485    0
486    0
487    0
488    4.4e-05
489    0
490    0
491    0
492    0
493    0
494    0
495    0
496    0
497    0
498    0
499    0
500    4.6e-05
501    0
502    0
503    0
504    0
505    0
506    0
507    0
508    0
509    0
510    0
511    0
512    6.2e-05
513    0
514    0
515    0
516    0
517    0
518    0
519    0
520    0
521    0
522    0
523    0
524    4.5e-05
525    0
526    0
527    0
528    0
529    0
530    0
531    0
532    0
533    0
534    4.6e-05
535    0
536    0
537    0
538    0
539    0.000481
540    4.2e-05
541    0
542    0
543    0
544    0
545    0
546    0
547    0
548    0
549    0
550    4.4e-05
551    0
552    0
553    0
554    0
555    0
556    0
557    0
558    0
559    0
560    4.6e-05
561    0
562    0
563    0
564    0
565    0
566    0
567    0
568    0
569    0
570    4.5e-05
571    0
572    0
573    0
574    0
575    0
576    0
577    0
578    0
579    0
580    4.5e-05
581    0
582    0
583    0
584    0
585    0
586    0
587    0
588    0
589    0
590    4.6e-05
591    0
592    0
593    0
594    0
595    0
596    0
597    0
598    0
599    0
600    4.5e-05
601    0
602    0
603    0
604    0
605    0
606    0
607    0
608    4.7e-05
609    0
610    0
611    0
612    0
613    0
614    0
615    0
616    4.5e-05
617    0
618    0
619    0
620    0
621    0
622    0
623    0
624    4.5e-05
625    0
626    0
627    0
628    0
629    0
630    0
631    0
632    4.4e-05
633    0.000483
634    4.3e-05
635    0
636    0
637    0
638    0
639    0
640    0
641    0
642    5.4e-05
643    0
644    0
645    0
646    0
647    0
648    0
649    0
650    4.5e-05
651    0
652    0
653    0
654    0
655    0
656    0
657    0
658    4.7e-05
659    0
660    0
661    0
662    0
663    0
664    0
665    0
666    4.7e-05
667    0
668    0
669    0
670    0
671    0
672    0
673    0
674    4.7e-05
675    0
676    0
677    0
678    0
679    0
680    0
681    0
682    4.5e-05
683    0
684    0
685    0
686    0
687    0
688    0
689    0
690    4.5e-05
691    0
692    0
693    0
694    0
695    0
696    0
697    0
698    4.5e-05
699    0
700    0
701    0
702    0
703    0
704    0
705    0
706    4.6e-05
707    0
708    0
709    0
710    0
711    0
712    0
713    0
714    4.4e-05
715    0.000488
716    4.4e-05
717    0
718    0
719    0
720    0
721    0
722    0
723    0
724    4.5e-05
725    0
726    0
727    0
728    0
729    0
730    0
731    0
732    4.4e-05
733    0
734    0
735    0
736    0
737    0
738    0
739    0
740    4.3e-05
741    0
742    0
743    0
744    0
745    0
746    0
747    0
748    4.4e-05
749    0
750    0
751    0
752    0
753    0
754    0
755    0
756    4.7e-05
757    0
758    0
759    0
760    0
761    0
762    0
763    0
764    4.6e-05
765    0
766    0
767    0
768    0
769    0
770    0
771    0
772    4.6e-05
773    0
774    0
775    0
776    0
777    0
778    0
779    0
780    4.6e-05
781    0
782    0
783    0
784    0
785    0
786    0
787    0
788    4.4e-05
789    0
790    0
791    0
792    0
793    0
794    0
795    0
796    4.5e-05
797    0.000477
798    4.3e-05
799    0
800    0
801    0
802    0
803    0
804    4.6e-05
805    0
806    0
807    0
808    0
809    0
810    4.8e-05
811    0
812    0
813    0
814    0
815    0
816    4.4e-05
817    0
818    0
819    0
820    0
821    0
822    4.4e-05
823    0
824    0
825    0
826    0
827    0
828    4.4e-05
829    0
830    0
831    0
832    0
833    0
834    4.3e-05
835    0
836    0
837    0
838    0
839    0
840    4.4e-05
841    0
842    0
843    0
844    0
845    0
846    4.4e-05
847    0
848    0
849    0
850    0
851    0
852    4.7e-05
853    0
854    0
855    0
856    0
857    0
858    4.5e-05
859    0.000481
860    4.4e-05
861    0
862    0
863    0
864    0
865    0
866    4.5e-05
867    0
868    0
869    0
870    0
871    0
872    4.4e-05
873    0
874    0
875    0
876    0
877    0
878    4.4e-05
879    0
880    0
881    0
882    0
883    0
884    4.4e-05
885    0
886    0
887    0
888    0
889    0
890    6.9e-05
891    0
892    0
893    0
894    0
895    0
896    4.3e-05
897    0
898    0
899    0
900    0
901    0
902    4.8e-05
903    0
904    0
905    0
906    0
907    0
908    4.6e-05
909    0
910    0
911    0
912    0
913    0
914    4.6e-05
915    0
916    0
917    0
918    4.3e-05
919    0.000488
920    4.2e-05
921    0
922    0
923    0
924    0
925    0
926    4.4e-05
927    0
928    0
929    0
930    0
931    0
932    4.7e-05
933    0
934    0
935    0
936    4.6e-05
937    0
938    0
939    0
940    4.5e-05
941    0
942    0
943    0
944    4.5e-05
945    0
946    0
947    0
948    4.4e-05
949    0
950    0
951    0
952    4.6e-05
953    0
954    0
955    0
956    4.5e-05
957    0
958    0
959    0
960    0.000111
961    0.000493
962    8e-05
963    4.1e-05
964    4.1e-05
965    4.1e-05
966    4.5e-05
967    4.4e-05
968    5.2e-05
969    4.3e-05
970    4.1e-05
971    4.3e-05
972    0.000509
973    8e-05
974    4.1e-05
975    4.2e-05
976    4.4e-05
977    4.3e-05
978    4.4e-05
979    4.1e-05
980    4.1e-05
981    4.1e-05
982    4.4e-05
983    0.000535
984    8e-05
985    4.2e-05
986    6.5e-05
987    4.3e-05
988    4e-05
989    4.1e-05
990    4.2e-05
991    5.6e-05
992    4.4e-05
993    4.3e-05
994    0.000477
995    7.9e-05
996    4.3e-05
997    4.4e-05
998    4.2e-05
999    4.1e-05
1000    4.1e-05
1001    4.7e-05
1002    4.2e-05
1003    4.3e-05
1004    4.4e-05
1005    0.000753
1006    7.9e-05
1007    4.5e-05
1008    4.2e-05
1009    4.1e-05
1010    4.5e-05
1011    4.3e-05
1012    4.2e-05
1013    4.1e-05
1014    4.2e-05
1015    0.000484
1016    8.2e-05
1017    4.3e-05
1018    3.9e-05
1019    4e-05
1020    4.2e-05
1021    4.3e-05
1022    4.2e-05
1023    4.3e-05
1024    3.9e-05
1025    4.1e-05
1026    0.000489
1027    9.6e-05
1028    4.3e-05
1029    4e-05
1030    4e-05
1031    0
1032    0
1033    0
1034    0
1035    0
1036    0
1037    0
1038    0
1039    0
1040    0
1041    0
1042    0
1043    0
1044    0
1045    0
1046    0
1047    0
1048    0
1049    0
1050    0
1051    0
1052    0
1053    0
1054    0
1055    0
1056    0
1057    0
1058    0
1059    0
1060    0
1061    0
1062    0
1063    0
1064    0
1065    0
1066    0
1067    0
1068    0
1069    0
1070    0
1071    0
1072    0
1073    0
1074    0
1075    0
1076    0
1077    0
1078    0
1079    0
1080    0
1081    0
1082    0
1083    0
1084    0
1085    0
1086    0
1087    0
1088    0
1089    0
1090    0
1091    0
1092    0
1093    0
1094    0
1095    0
1096    0
1097    0
1098    0
1099    0
1100    0
1101    0
1102    0
1103    0
1104    0
1105    0
1106    0
1107    0
1108    0
1109    0
1110    0
1111    0
1112    0
1113    0
1114    0
1115    0
1116    0
1117    0
1118    0
1119    0
1120    0
1121    0
1122    0
1123    0
1124    0
1125    0
1126    0
1127    0
1128    0.000494
1129    4.5e-05
1130    0
1131    0
1132    0
1133    4.5e-05
1134    0
1135    0
1136    4.5e-05
1137    0
1138    0
1139    0
1140    4.5e-05
1141    0
1142    0
1143    0
1144    4.4e-05
1145    0
1146    0
1147    0
1148    4.4e-05
1149    0
1150    0
1151    0
1152    4.7e-05
1153    0
1154    0
1155    0
1156    4.4e-05
1157    0
1158    0
1159    0
1160    5.6e-05
1161    0
1162    0
1163    0
1164    4.4e-05
1165    0
1166    0
1167    0
1168    4.5e-05
1169    0.000485
1170    4.2e-05
1171    0
1172    0
1173    0
1174    4.4e-05
1175    0
1176    0
1177    0
1178    4.5e-05
1179    0
1180    0
1181    0
1182    4.5e-05
1183    0
1184    0
1185    0
1186    4.3e-05
1187    0
1188    0
1189    0
1190    4.4e-05
1191    0
1192    0
1193    0
1194    4.5e-05
1195    0
1196    0
1197    0
1198    5.6e-05
1199    0
1200    0
1201    0
1202    4.7e-05
1203    0
1204    0
1205    0
1206    4.4e-05
1207    0
1208    0
1209    0
1210    4.5e-05
1211    0.000496
1212    4e-05
1213    0
1214    0
1215    0
1216    4.8e-05
1217    0
1218    0
1219    0
1220    4.9e-05
1221    0
1222    0
1223    0
1224    4.5e-05
1225    0
1226    0
1227    0
1228    4.4e-05
1229    0
1230    0
1231    0
1232    4.4e-05
1233    0
1234    0
1235    0
1236    4.5e-05
1237    0
1238    0
1239    0
1240    4.5e-05
1241    0
1242    0
1243    0
1244    4.5e-05
1245    0
1246    0
1247    0
1248    4.6e-05
1249    0
1250    0
1251    0
1252    4.6e-05
1253    0.000492
1254    4.5e-05
1255    0
1256    0
1257    0
1258    4.6e-05
1259    0
1260    0
1261    0
1262    4.6e-05
1263    0
1264    0
1265    0
1266    4.5e-05
1267    0
1268    0
1269    0
1270    4.4e-05
1271    0
1272    0
1273    0
1274    4.5e-05
1275    0
1276    0
1277    0
1278    4.4e-05
1279    0
1280    0
1281    0
1282    4.3e-05
1283    0
1284    0
1285    0
1286    4.3e-05
1287    0
1288    0
1289    0
1290    4.2e-05
1291    0
1292    0
1293    0
1294    4.4e-05
1295    0.000521
1296    4.6e-05
1297    0
1298    0
1299    0
1300    4.6e-05
1301    0
1302    0
1303    0
1304    4.6e-05
1305    0
1306    0
1307    0
1308    4.5e-05
1309    0
1310    0
1311    0
1312    4.4e-05
1313    0
1314    0
1315    0
1316    4.5e-05
1317    0
1318    0
1319    0
1320    4.4e-05
1321    0
1322    0
1323    0
1324    4.3e-05
1325    0
1326    0
1327    0
1328    4.4e-05
1329    0
1330    0
1331    0
1332    4.5e-05
1333    0
1334    0
1335    0
1336    4.5e-05
1337    0.000483
1338    4.6e-05
1339    0
1340    0
1341    0
1342    4.4e-05
1343    0
1344    0
1345    0
1346    4.4e-05
1347    0
1348    0
1349    0
1350    4.3e-05
1351    0
1352    0
1353    0
1354    7.3e-05
1355    0
1356    0
1357    0
1358    4.5e-05
1359    0
1360    0
1361    0
1362    4.5e-05
1363    0
1364    0
1365    0
1366    4.6e-05
1367    0
1368    0
1369    0
1370    4.7e-05
1371    0
1372    0
1373    0
1374    4.6e-05
1375    0
1376    0
1377    0
1378    4.5e-05
1379    0.000482
1380    4.4e-05
1381    0
1382    0
1383    0
1384    4.6e-05
1385    0
1386    0
1387    0
1388    4.4e-05
1389    0
1390    0
1391    0
1392    4.6e-05
1393    0
1394    0
1395    0
1396    4.4e-05
1397    0
1398    0
1399    0
1400    4.4e-05
1401    0
1402    0
1403    0
1404    4.7e-05
1405    0
1406    0
1407    0
1408    4.4e-05
1409    0
1410    0
1411    0
1412    4.5e-05
1413    0
1414    0
1415    0
1416    4.4e-05
1417    0
1418    0
1419    0
1420    4.4e-05
1421    0.000478
1422    4.2e-05
1423    0
1424    0
1425    0
1426    4.3e-05
1427    0
1428    0
1429    0
1430    4.2e-05
1431    0
1432    0
1433    0
1434    4.5e-05
1435    0
1436    0
1437    0
1438    4.4e-05
1439    0
1440    0
1441    0
1442    4.3e-05
1443    0
1444    0
1445    0
1446    4.3e-05
1447    0
1448    0
1449    0
1450    4.2e-05
1451    0
1452    0
1453    0
1454    4.5e-05
1455    0
1456    0
1457    4.4e-05
1458    0
1459    0
1460    4.4e-05
1461    0.000477
1462    4.2e-05
1463    0
1464    0
1465    0
1466    4.5e-05
1467    0
1468    0
1469    4.4e-05
1470    0
1471    0
1472    4.4e-05
1473    0
1474    4.2e-05
1475    0
1476    0
1477    0
1478    4.2e-05
1479    0
1480    4.3e-05
1481    0
1482    0
1483    4.5e-05
1484    0
1485    0
1486    4.3e-05
1487    0
1488    0
1489    6.3e-05
1490    0
1491    0
1492    4.4e-05
1493    0.000479
1494    4.1e-05
1495    0
1496    6.2e-05
1497    0
1498    4.3e-05
1499    0
1500    0
1501    4.5e-05
1502    0
1503    4.3e-05
1504    4.8e-05
1505    0
1506    9.3e-05
1507    0
1508    4.4e-05
1509    0
1510    4.6e-05
1511    0
1512    6e-05
1513    0
1514    4.4e-05
1515    0.000476
1516    4.3e-05
1517    0
1518    4.2e-05
1519    0
1520    4.4e-05
1521    0
1522    4.3e-05
1523    0
1524    4.5e-05
1525    0
1526    4.5e-05
1527    0
1528    4.6e-05
1529    0
1530    4.8e-05
1531    0
1532    4.5e-05
1533    0
1534    4.5e-05
1535    0
1536    4.3e-05
1537    0.000482
1538    4.3e-05
1539    0
1540    4.9e-05
1541    0
1542    4.6e-05
1543    0
1544    4.4e-05
1545    0
1546    4.7e-05
1547    0
1548    4.4e-05
1549    0
1550    4.4e-05
1551    0
1552    4.7e-05
1553    0
1554    4.4e-05
1555    0
1556    4.3e-05
1557    0
1558    4.4e-05
1559    0.000479
1560    4e-05
1561    0
1562    4.4e-05
1563    0
1564    4.4e-05
1565    0
1566    4.3e-05
1567    0
1568    4.3e-05
1569    0
1570    4.2e-05
1571    0
1572    4.1e-05
1573    0
1574    4.4e-05
1575    0
1576    4.5e-05
1577    0
1578    4.3e-05
1579    0
1580    4.3e-05
1581    0.000478
1582    4e-05
1583    0
1584    4.6e-05
1585    0
1586    4.3e-05
1587    0
1588    4.8e-05
1589    0
1590    4.5e-05
1591    0
1592    4.4e-05
1593    0
1594    4.4e-05
1595    0
1596    4.3e-05
1597    0
1598    4.4e-05
1599    0
1600    4.1e-05
1601    0
1602    4.6e-05
1603    0.00048
1604    4.4e-05
1605    0
1606    4.6e-05
1607    0
1608    4e-05
1609    0
1610    4.2e-05
1611    0
1612    4.2e-05
1613    0
1614    4.2e-05
1615    0
1616    4.2e-05
1617    0
1618    4.3e-05
1619    0
1620    4.1e-05
1621    0
1622    4.3e-05
1623    0
1624    4.1e-05
1625    0.00048
1626    4e-05
1627    0
1628    4.1e-05
1629    0
1630    4.1e-05
1631    0
1632    4.2e-05
1633    0
1634    4.2e-05
1635    0
1636    4.2e-05
1637    0
1638    4.2e-05
1639    0
1640    4.3e-05
1641    0
1642    4.7e-05
1643    0
1644    4.4e-05
1645    0
1646    4.2e-05
1647    0.000476
1648    4.1e-05
1649    0
1650    4.2e-05
1651    0
1652    4.8e-05
1653    0
1654    4.7e-05
1655    0
1656    4.5e-05
1657    0
1658    4.4e-05
1659    0
1660    4.4e-05
1661    0
1662    4.2e-05
1663    0
1664    4.4e-05
1665    0
1666    4.3e-05
1667    0
1668    4.3e-05
1669    0.000544
1670    4.2e-05
1671    0
1672    4.4e-05
1673    0
1674    4.2e-05
1675    0
1676    4.2e-05
1677    0
1678    4.2e-05
1679    0
1680    4.4e-05
1681    0
1682    4.3e-05
1683    0
1684    4.3e-05
1685    0
1686    4.2e-05
1687    0
1688    4.2e-05
1689    0
1690    4.3e-05
1691    0.000477
1692    4.1e-05
1693    0
1694    4.2e-05
1695    0
1696    4.1e-05
1697    0
1698    4.1e-05
1699    0
1700    4.2e-05
1701    0
1702    4.7e-05
1703    0
1704    5.4e-05
1705    0
1706    4.4e-05
1707    0
1708    4.5e-05
1709    0
1710    4.4e-05
1711    0
1712    4.4e-05
1713    0.00048
1714    4.3e-05
1715    0
1716    4.3e-05
1717    0
1718    4.2e-05
1719    0
1720    4.6e-05
1721    0
1722    4.3e-05
1723    0
1724    4.4e-05
1725    0
1726    4.2e-05
1727    0
1728    4.3e-05
1729    0
1730    4.1e-05
1731    0
1732    4.6e-05
1733    0
1734    4.5e-05
1735    0.000481
1736    4.4e-05
1737    0
1738    4.3e-05
1739    0
1740    4.1e-05
1741    0
1742    4.2e-05
1743    0
1744    4.4e-05
1745    0
1746    4.2e-05
1747    0
1748    4.3e-05
1749    0
1750    4.3e-05
1751    0
1752    4.7e-05
1753    0
1754    4.4e-05
1755    0
1756    4.1e-05
1757    0.000505
1758    4.4e-05
1759    0
1760    4.1e-05
1761    0
1762    4.2e-05
1763    0
1764    4.6e-05
1765    0
1766    4.4e-05
1767    0
1768    4.4e-05
1769    0
1770    4.2e-05
1771    0
1772    4.2e-05
1773    0
1774    4.3e-05
1775    0
1776    4.4e-05
1777    0
1778    4.3e-05
1779    0.000492
1780    4.2e-05
1781    0
1782    4.4e-05
1783    0
1784    4.7e-05
1785    0
1786    4.5e-05
1787    0
1788    4.2e-05
1789    0
1790    4.2e-05
1791    0
1792    4.3e-05
1793    0
1794    5.6e-05
1795    0
1796    4.3e-05
1797    0
1798    4.2e-05
1799    0
1800    4.3e-05
1801    0.00064
1802    4.7e-05
1803    0
1804    4.4e-05
1805    0
1806    4.5e-05
1807    0
1808    4.5e-05
1809    0
1810    5.1e-05
1811    0
1812    5.9e-05
1813    0
1814    6.3e-05
1815    0
1816    4.4e-05
1817    0
1818    4.4e-05
1819    0
1820    6e-05
1821    0
1822    4.5e-05
1823    0.000485
1824    4.3e-05
1825    0
1826    4.7e-05
1827    0
1828    4.5e-05
1829    0
1830    4.4e-05
1831    0
1832    4.4e-05
1833    0
1834    4.3e-05
1835    0
1836    4.5e-05
1837    0
1838    4.4e-05
1839    0
1840    4.3e-05
1841    0
1842    4.3e-05
1843    0
1844    4.4e-05
1845    0.000485
1846    4.5e-05
1847    0
1848    4.4e-05
1849    0
1850    4.1e-05
1851    0
1852    4.5e-05
1853    0
1854    6.7e-05
1855    0
1856    4.4e-05
1857    0
1858    4.4e-05
1859    0
1860    6.6e-05
1861    0
1862    4.4e-05
1863    0
1864    4.3e-05
1865    0
1866    4.3e-05
1867    0.000552
1868    4.1e-05
1869    0
1870    4.2e-05
1871    0
1872    4.2e-05
1873    0
1874    4.7e-05
1875    0
1876    4.4e-05
1877    0
1878    4.3e-05
1879    0
1880    4.4e-05
1881    0
1882    4.2e-05
1883    0
1884    4.4e-05
1885    0
1886    4.2e-05
1887    0
1888    4.2e-05
1889    0.000475
1890    4.1e-05
1891    0
1892    4.3e-05
1893    0
1894    4.3e-05
1895    0
1896    4.5e-05
1897    0
1898    4.5e-05
1899    0
1900    4.4e-05
1901    0
1902    4.7e-05
1903    0
1904    4.4e-05
1905    0
1906    4.8e-05
1907    0
1908    4.6e-05
1909    0
1910    4.5e-05
1911    0.000479
1912    4.5e-05
1913    0
1914    4.4e-05
1915    0
1916    4.3e-05
1917    0
1918    4.3e-05
1919    0
1920    7.1e-05
1921    0
1922    4.4e-05
1923    0
1924    4.4e-05
1925    0
1926    4.5e-05
1927    0
1928    4.5e-05
1929    0
1930    4.8e-05
1931    0
1932    4.6e-05
1933    0.000675
1934    4.5e-05
1935    0
1936    7e-05
1937    0
1938    4.6e-05
1939    0
1940    4.5e-05
1941    0
1942    4.4e-05
1943    0
1944    4.4e-05
1945    0
1946    4.4e-05
1947    0
1948    4.2e-05
1949    0
1950    4.3e-05
1951    0
1952    4.7e-05
1953    0
1954    4.5e-05
1955    0.000475
1956    4.3e-05
1957    0
1958    4.6e-05
1959    0
1960    4.5e-05
1961    0
1962    5e-05
1963    0
1964    6.8e-05
1965    0
1966    4.5e-05
1967    0
1968    4.4e-05
1969    0
1970    4.3e-05
1971    0
1972    4.4e-05
1973    0
1974    4.4e-05
1975    0
1976    4.3e-05
1977    0.000481
1978    4.2e-05
1979    0
1980    4.3e-05
1981    0
1982    4.3e-05
1983    0
1984    4.4e-05
1985    0
1986    4.5e-05
1987    0
1988    4.6e-05
1989    0
1990    4.6e-05
1991    0
1992    4.5e-05
1993    0
1994    4.4e-05
1995    0
1996    4.8e-05
1997    0
1998    4.6e-05
1999    0.000477
2000    4.3e-05
2001    0
2002    4.5e-05
2003    0
2004    4.4e-05
2005    0
2006    4.4e-05
2007    0
2008    4.4e-05
2009    0
2010    4.3e-05
2011    0
2012    4.5e-05
2013    0
2014    4.3e-05
2015    0
2016    4.4e-05
2017    0
2018    4.2e-05
2019    0
2020    4.2e-05
2021    0.000476
2022    4.1e-05
2023    0
2024    4.9e-05
2025    0
2026    4.5e-05
2027    0
2028    4.5e-05
2029    0
2030    4.5e-05
2031    0
2032    4.5e-05
2033    0
2034    4.5e-05
2035    0
2036    4.2e-05
2037    0
2038    4.4e-05
2039    0
2040    4.2e-05
2041    0
2042    4.1e-05
2043    0.000484
2044    4.1e-05
2045    0
2046    4.4e-05
2047    0
2048    4.6e-05
2049    0
2050    4.5e-05
2051    0
2052    4.6e-05
2053    0
2054    4.5e-05
2055    0
2056    4.4e-05
2057    0
2058    4.3e-05
2059    0
2060    4.4e-05
2061    0
2062    4.3e-05
2063    0
2064    4.5e-05
2065    0.00048
2066    4.4e-05
2067    0
2068    4.3e-05
2069    0
2070    4.7e-05
2071    0
2072    4.4e-05
2073    0
2074    4.4e-05
2075    0
2076    4.4e-05
2077    0
2078    4.4e-05
2079    0
2080    4.3e-05
2081    0
2082    4.2e-05
2083    0
2084    4.2e-05
2085    0
2086    4.1e-05
2087    0.00048
2088    4.1e-05
2089    0
2090    4.7e-05
2091    0
2092    4.8e-05
2093    0
2094    4.6e-05
2095    0
2096    4.5e-05
2097    0
2098    4.3e-05
2099    0
2100    4.4e-05
2101    0
2102    4.6e-05
2103    0
2104    4.4e-05
2105    0
2106    4.6e-05
2107    0
2108    4.6e-05
2109    0.000486
2110    4.4e-05
2111    0
2112    4.6e-05
2113    0
2114    4.6e-05
2115    0
2116    4.4e-05
2117    0
2118    4.5e-05
2119    0
2120    4.4e-05
2121    0
2122    4.4e-05
2123    0
2124    4.3e-05
2125    0
2126    4.3e-05
2127    0
2128    4.3e-05
2129    0
2130    4.2e-05
2131    0.000478
2132    4.2e-05
2133    0
2134    4.3e-05
2135    0
2136    4.2e-05
2137    0
2138    4.3e-05
2139    0
2140    4.3e-05
2141    0
2142    4.3e-05
2143    0
2144    4.2e-05
2145    0
2146    4.4e-05
2147    0
2148    4.5e-05
2149    0
2150    4.4e-05
2151    0
2152    4.5e-05
2153    0.000552
2154    4.7e-05
2155    0
2156    4.6e-05
2157    0
2158    4.5e-05
2159    0
2160    4.3e-05
2161    0
2162    4.2e-05
2163    0
2164    4.3e-05
2165    0
2166    4.2e-05
2167    0
2168    4.2e-05
2169    0
2170    4.3e-05
2171    0
2172    4.3e-05
2173    0
2174    4.3e-05
2175    0.000478
2176    4.1e-05
2177    0
2178    4.2e-05
2179    0
2180    5.1e-05
2181    0
2182    4.1e-05
2183    0
2184    4.2e-05
2185    0
2186    4.1e-05
2187    0
2188    4.1e-05
2189    0
2190    4.2e-05
2191    0
2192    4.4e-05
2193    0
2194    4.3e-05
2195    0
2196    4.3e-05
2197    0.000515
2198    4.7e-05
2199    0
2200    6.9e-05
2201    0
2202    4.7e-05
2203    0
2204    4.5e-05
2205    0
2206    4.8e-05
2207    0
2208    6.5e-05
2209    0
2210    4.2e-05
2211    0
2212    4.5e-05
2213    0
2214    4.4e-05
2215    0
2216    4.4e-05
2217    0
2218    4.4e-05
2219    0.000561
2220    4.2e-05
2221    0
2222    4.4e-05
2223    0
2224    4.4e-05
2225    0
2226    5.3e-05
2227    0
2228    4.3e-05
2229    0
2230    4.1e-05
2231    0
2232    4.5e-05
2233    0
2234    4.2e-05
2235    0
2236    4.3e-05
2237    0
2238    4.3e-05
2239    0
2240    4.2e-05
2241    0.00048
2242    4.2e-05
2243    0
2244    4.4e-05
2245    0
2246    4.2e-05
2247    0
2248    4.4e-05
2249    0
2250    4.3e-05
2251    0
2252    4.8e-05
2253    0
2254    4.6e-05
2255    0
2256    5.3e-05
2257    0
2258    4.2e-05
2259    0
2260    4.3e-05
2261    0
2262    4.4e-05
2263    0.000508
2264    4.2e-05
2265    0
2266    6.2e-05
2267    0
2268    4.3e-05
2269    0
2270    4.3e-05
2271    0
2272    4.5e-05
2273    0
2274    4.1e-05
2275    0
2276    4.4e-05
2277    0
2278    4.2e-05
2279    0
2280    4.4e-05
2281    0
2282    4.4e-05
2283    0
2284    4.4e-05
2285    0.000714
2286    4.3e-05
2287    0
2288    4.3e-05
2289    0
2290    4.4e-05
2291    0
2292    4.1e-05
2293    0
2294    4.4e-05
2295    0
2296    4.2e-05
2297    0
2298    4.3e-05
2299    0
2300    4.1e-05
2301    0
2302    4.6e-05
2303    0
2304    4.4e-05
2305    0
2306    4.4e-05
2307    0.000477
2308    4.1e-05
2309    0
2310    6.5e-05
2311    0
2312    4.3e-05
2313    0
2314    4.2e-05
2315    0
2316    4.6e-05
2317    0
2318    6e-05
2319    0
2320    4.5e-05
2321    0
2322    4.4e-05
2323    0
2324    4.9e-05
2325    0
2326    6.5e-05
2327    0
2328    4.6e-05
2329    0.000483
2330    4.3e-05
2331    0
2332    4.3e-05
2333    0
2334    4.8e-05
2335    0
2336    4.3e-05
2337    0
2338    4.3e-05
2339    0
2340    4.3e-05
2341    0
2342    4.2e-05
2343    0
2344    4.3e-05
2345    0
2346    4.1e-05
2347    0
2348    4.4e-05
2349    0
2350    4.3e-05
2351    0.00049
2352    6e-05
2353    0
2354    4.5e-05
2355    0
2356    4.6e-05
2357    0
2358    4.5e-05
2359    0
2360    4.4e-05
2361    0
2362    4.3e-05
2363    0
2364    4.2e-05
2365    0
2366    4.4e-05
2367    0
2368    4.4e-05
2369    0
2370    4.3e-05
2371    0
2372    4.4e-05
2373    0.000477
2374    4.6e-05
2375    0
2376    4.2e-05
2377    0
2378    4.5e-05
2379    0
2380    4.3e-05
2381    0
2382    4.3e-05
2383    0
2384    4.4e-05
2385    0
2386    4.2e-05
2387    0
2388    4.6e-05
2389    0
2390    4.5e-05
2391    0
2392    6.2e-05
2393    0
2394    4.2e-05
2395    0.000485
2396    4.2e-05
2397    0
2398    4.4e-05
2399    0
2400    4.3e-05
2401    0
2402    4.5e-05
2403    0
2404    4.4e-05
2405    0
2406    4.4e-05
2407    0
2408    4.3e-05
2409    0
2410    6.9e-05
2411    0
2412    4.2e-05
2413    0
2414    4.3e-05
2415    0
2416    4.3e-05
2417    0.000495
2418    4.2e-05
2419    0
2420    4.3e-05
2421    0
2422    4.5e-05
2423    0
2424    4.3e-05
2425    0
2426    4.3e-05
2427    0
2428    4.2e-05
2429    0
2430    4.2e-05
2431    0
2432    4.1e-05
2433    0
2434    4.1e-05
2435    0
2436    4.3e-05
2437    0
2438    4e-05
2439    0.000479
2440    4.3e-05
2441    0
2442    4.7e-05
2443    0
2444    4.2e-05
2445    0
2446    4.2e-05
2447    0
2448    4.2e-05
2449    0
2450    4.9e-05
2451    0
2452    7.5e-05
2453    0
2454    5e-05
2455    0
2456    4.5e-05
2457    0
2458    4.5e-05
2459    0
2460    4.3e-05
2461    0.000538
2462    4.9e-05
2463    0
2464    4.6e-05
2465    0
2466    7.3e-05
2467    0
2468    4.6e-05
2469    0
2470    4.5e-05
2471    0
2472    4.5e-05
2473    0
2474    4.4e-05
2475    0
2476    4.4e-05
2477    0
2478    4.3e-05
2479    0
2480    4.2e-05
2481    0
2482    4.4e-05
2483    0.000475
2484    4.2e-05
2485    0
2486    4.2e-05
2487    0
2488    4.6e-05
2489    0
2490    4.9e-05
2491    0
2492    4.6e-05
2493    0
2494    4.4e-05
2495    0
2496    4.4e-05
2497    0
2498    4.4e-05
2499    0
2500    4.4e-05
2501    0
2502    4.6e-05
2503    0
2504    4.4e-05
2505    0.000482
2506    4.4e-05
2507    0
2508    4.8e-05
2509    0
2510    4.4e-05
2511    0
2512    4.4e-05
2513    0
2514    4.3e-05
2515    0
2516    4.7e-05
2517    0
2518    6.9e-05
2519    0
2520    6.1e-05
2521    0
2522    4.2e-05
2523    0
2524    4.3e-05
2525    0
2526    4.4e-05
2527    0.000509
2528    4.3e-05
2529    0
2530    4.5e-05
2531    0
2532    5.1e-05
2533    0
2534    4.4e-05
2535    0
2536    4.3e-05
2537    0
2538    4.2e-05
2539    0
2540    4.3e-05
2541    0
2542    4.4e-05
2543    0
2544    4.2e-05
2545    0
2546    4.3e-05
2547    0
2548    4.3e-05
2549    0.000547
2550    4.2e-05
2551    0
2552    4.5e-05
2553    0
2554    4.5e-05
2555    0
2556    4.5e-05
2557    0
2558    4.7e-05
2559    0
2560    7.1e-05
2561    0
2562    4.5e-05
2563    0
2564    4.4e-05
2565    0
2566    4.3e-05
2567    0
2568    4.2e-05
2569    0
2570    4.5e-05
2571    0.000475
2572    4.2e-05
2573    0
2574    4.4e-05
2575    0
2576    4.4e-05
2577    0
2578    4.4e-05
2579    0
2580    4.2e-05
2581    0
2582    4.3e-05
2583    0
2584    4.2e-05
2585    0
2586    4.3e-05
2587    0
2588    4e-05
2589    0
2590    4.1e-05
2591    0
2592    4.4e-05
2593    0.000483
2594    4e-05
2595    0
2596    4.4e-05
2597    0
2598    4.3e-05
2599    0
2600    4.2e-05
2601    0
2602    4.7e-05
2603    0
2604    4.5e-05
2605    0
2606    4.6e-05
2607    0
2608    4.8e-05
2609    0
2610    4.5e-05
2611    0
2612    4.4e-05
2613    0
2614    4.3e-05
2615    0.000481
2616    4.1e-05
2617    0
2618    4.4e-05
2619    0
2620    4.6e-05
2621    0
2622    4.6e-05
2623    0
2624    4.5e-05
2625    0
2626    6e-05
2627    0
2628    4.7e-05
2629    0
2630    4.5e-05
2631    0
2632    4.2e-05
2633    0
2634    4.3e-05
2635    0
2636    4.3e-05
2637    0.000501
2638    4.2e-05
2639    0
2640    4.1e-05
2641    0
2642    4.3e-05
2643    0
2644    4.1e-05
2645    0
2646    4.2e-05
2647    0
2648    4.1e-05
2649    0
2650    4.2e-05
2651    0
2652    4.6e-05
2653    0
2654    4.4e-05
2655    0
2656    4.2e-05
2657    0
2658    4.5e-05
2659    0.000484
2660    4.4e-05
2661    0
2662    4.1e-05
2663    0
2664    4.2e-05
2665    0
2666    4.4e-05
2667    0
2668    4.3e-05
2669    0
2670    4.3e-05
2671    0
2672    4.1e-05
2673    0
2674    4.4e-05
2675    0
2676    4.4e-05
2677    0
2678    4.4e-05
2679    0
2680    4.1e-05
2681    0.000477
2682    4e-05
2683    0
2684    4.3e-05
2685    0
2686    4.5e-05
2687    0
2688    4.3e-05
2689    0
2690    4.3e-05
2691    0
2692    5.2e-05
2693    0
2694    4.6e-05
2695    0
2696    4.4e-05
2697    0
2698    4.2e-05
2699    0
2700    4.5e-05
2701    0
2702    4.6e-05
2703    0.000515
2704    4.5e-05
2705    0
2706    4.6e-05
2707    0
2708    4.4e-05
2709    0
2710    4.2e-05
2711    0
2712    4.3e-05
2713    0
2714    4.5e-05
2715    0
2716    4.2e-05
2717    0
2718    4.3e-05
2719    0
2720    4.3e-05
2721    0
2722    4.3e-05
2723    0
2724    4.3e-05
2725    0.000476
2726    4.1e-05
2727    0
2728    4.3e-05
2729    0
2730    4.2e-05
2731    0
2732    4.2e-05
2733    0
2734    4.1e-05
2735    0
2736    4.4e-05
2737    0
2738    4.2e-05
2739    0
2740    4.1e-05
2741    0
2742    4.4e-05
2743    0
2744    4.2e-05
2745    0
2746    4.2e-05
2747    0.00048
2748    4.1e-05
2749    0
2750    4.2e-05
2751    0
2752    4.8e-05
2753    0
2754    4.5e-05
2755    0
2756    6.3e-05
2757    0
2758    4.2e-05
2759    0
2760    4.1e-05
2761    0
2762    4.4e-05
2763    0
2764    4.2e-05
2765    0
2766    4e-05
2767    0
2768    4e-05
2769    0.000478
2770    4.3e-05
2771    0
2772    4.5e-05
2773    0
2774    4.2e-05
2775    0
2776    4.4e-05
2777    0
2778    4.5e-05
2779    0
2780    4.4e-05
2781    0
2782    4.2e-05
2783    0
2784    4.2e-05
2785    0
2786    4.4e-05
2787    0
2788    4.3e-05
2789    0
2790    4.4e-05
2791    0.000483
2792    4.5e-05
2793    0
2794    4.3e-05
2795    0
2796    4.4e-05
2797    0
2798    4.6e-05
2799    0
2800    4.6e-05
2801    0
2802    4.6e-05
2803    0
2804    5.1e-05
2805    0
2806    4.6e-05
2807    0
2808    4.2e-05
2809    0
2810    4.2e-05
2811    0
2812    4.3e-05
2813    0.000486
2814    6.7e-05
2815    0
2816    4.4e-05
2817    0
2818    4.4e-05
2819    0
2820    4.4e-05
2821    0
2822    4.1e-05
2823    0
2824    4.2e-05
2825    0
2826    4.2e-05
2827    0
2828    4.2e-05
2829    0
2830    4.2e-05
2831    0
2832    4.2e-05
2833    0
2834    4.1e-05
2835    0.000477
2836    4.1e-05
2837    0
2838    4.3e-05
2839    0
2840    4.1e-05
2841    0
2842    4.3e-05
2843    0
2844    4.1e-05
2845    0
2846    4.2e-05
2847    0
2848    4.2e-05
2849    0
2850    4.3e-05
2851    0
2852    4.6e-05
2853    0
2854    4.4e-05
2855    0
2856    4.5e-05
2857    0.000732
2858    4.1e-05
2859    0
2860    4.3e-05
2861    0
2862    4.3e-05
2863    0
2864    4.7e-05
2865    0
2866    4.5e-05
2867    0
2868    4.4e-05
2869    0
2870    4.1e-05
2871    0
2872    4.4e-05
2873    0
2874    4.4e-05
2875    0
2876    5.4e-05
2877    0
2878    4.4e-05
2879    0.000507
2880    4.1e-05
2881    0
2882    4.3e-05
2883    0
2884    4.3e-05
2885    0
2886    4.3e-05
2887    0
2888    4.4e-05
2889    0
2890    4.2e-05
2891    0
2892    4.2e-05
2893    0
2894    4.4e-05
2895    0
2896    4.2e-05
2897    0
2898    4.2e-05
2899    0
2900    4.4e-05
2901    0.000484
2902    4.2e-05
2903    0
2904    4.7e-05
2905    0
2906    4.3e-05
2907    0
2908    4.4e-05
2909    0
2910    4.5e-05
2911    0
2912    4.4e-05
2913    0
2914    4.4e-05
2915    0
2916    4.3e-05
2917    0
2918    4.4e-05
2919    0
2920    4.3e-05
2921    0
2922    4.2e-05
2923    0.000479
2924    4.1e-05
2925    0
2926    0
2927    0
2928    0
2929    0
2930    0
2931    0
2932    0
2933    0
2934    0
2935    0
2936    0
2937    0
2938    0
2939    0
2940    0
2941    0
2942    0
2943    0
2944    0
2945    0
2946    0
2947    0
2948    0
2949    0
2950    0
2951    0
2952    0
2953    0
2954    0
2955    0
2956    0
2957    0
2958    0
2959    0
2960    0
2961    0
2962    0
2963    0
2964    0
2965    0
2966    0
2967    0
2968    0
2969    0
2970    0
2971    0
2972    0
2973    0
2974    0
2975    0
2976    0
2977    0
2978    0
2979    0
2980    0
2981    0
2982    0
2983    0
2984    0
2985    0
2986    0
2987    0
2988    0
2989    0
2990    0
2991    0
2992    0
2993    0
2994    0
2995    0
2996    0
2997    0
2998    0
2999    0
3000    0
