1    80
2    52
3    80
4    79
5    79
6    80
7    60
8    79
9    80
10    52
11    79
12    81
13    79
14    81
15    79
16    81
17    68
18    50
19    80
20    80
21    80
22    80
23    81
24    81
25    81
26    81
27    81
28    80
29    66
30    80
31    81
32    81
33    81
34    81
35    80
36    81
37    81
38    81
39    81
40    81
41    81
42    81
43    81
44    81
45    81
46    81
47    81
48    80
49    81
50    81
51    81
52    81
53    81
54    81
55    81
56    81
57    81
58    81
59    81
60    81
61    81
62    81
63    81
64    81
65    81
66    81
67    81
68    81
69    81
70    81
71    81
72    81
73    81
74    81
75    81
76    81
77    81
78    81
79    81
80    81
81    81
82    80
83    81
84    81
85    81
86    81
87    81
88    81
89    81
90    81
91    81
92    81
93    81
94    81
95    81
96    81
97    81
98    81
99    81
100    81
101    81
102    81
103    81
104    81
105    81
106    81
107    81
108    81
109    81
110    81
111    81
112    80
113    81
114    81
115    81
116    81
117    81
118    81
119    81
120    81
121    81
122    81
123    81
124    81
125    81
126    81
127    81
128    81
129    81
130    81
131    68
132    80
133    81
134    81
135    81
136    81
137    81
138    81
139    81
140    81
141    81
142    81
143    81
144    81
145    81
146    81
147    81
148    81
149    81
150    81
151    81
152    81
153    81
154    81
155    81
156    81
157    81
158    81
159    80
160    81
161    81
162    81
163    81
164    81
165    81
166    81
167    81
168    81
169    81
170    81
171    81
172    81
173    81
174    81
175    81
176    81
177    81
178    81
179    81
180    81
181    81
182    81
183    81
184    80
185    81
186    81
187    81
188    81
189    81
190    81
191    81
192    81
193    81
194    81
195    81
196    81
197    81
198    81
199    81
200    81
201    81
202    81
203    81
204    81
205    81
206    81
207    81
208    80
209    81
210    81
211    81
212    81
213    81
214    81
215    81
216    81
217    81
218    81
219    81
220    81
221    81
222    81
223    81
224    81
225    81
226    81
227    81
228    81
229    81
230    80
231    81
232    81
233    68
234    80
235    81
236    81
237    81
238    81
239    81
240    81
241    81
242    81
243    81
244    81
245    81
246    81
247    81
248    81
249    81
250    81
251    81
252    81
253    81
254    80
255    81
256    81
257    81
258    81
259    81
260    81
261    81
262    81
263    81
264    81
265    81
266    81
267    81
268    81
269    81
270    81
271    81
272    81
273    81
274    80
275    81
276    81
277    81
278    81
279    81
280    81
281    81
282    81
283    81
284    81
285    81
286    81
287    81
288    81
289    81
290    81
291    81
292    80
293    81
294    81
295    81
296    81
297    81
298    81
299    81
300    81
301    81
302    81
303    81
304    81
305    81
306    81
307    81
308    81
309    81
310    80
311    81
312    81
313    81
314    81
315    81
316    81
317    81
318    81
319    81
320    81
321    81
322    81
323    81
324    81
325    81
326    81
327    81
328    80
329    81
330    81
331    81
332    81
333    81
334    81
335    68
336    80
337    81
338    81
339    81
340    81
341    81
342    81
343    81
344    81
345    81
346    81
347    81
348    81
349    81
350    81
351    81
352    80
353    81
354    81
355    81
356    81
357    81
358    81
359    81
360    81
361    81
362    81
363    81
364    81
365    81
366    81
367    81
368    80
369    81
370    81
371    81
372    81
373    81
374    81
375    81
376    81
377    81
378    81
379    81
380    81
381    81
382    81
383    81
384    80
385    81
386    81
387    81
388    81
389    81
390    81
391    81
392    81
393    81
394    81
395    81
396    81
397    81
398    80
399    81
400    81
401    81
402    81
403    81
404    81
405    81
406    81
407    81
408    81
409    81
410    81
411    81
412    80
413    81
414    81
415    81
416    81
417    81
418    81
419    81
420    81
421    81
422    81
423    81
424    81
425    81
426    80
427    81
428    81
429    81
430    81
431    81
432    81
433    81
434    81
435    81
436    81
437    68
438    80
439    81
440    81
441    81
442    81
443    81
444    81
445    81
446    81
447    81
448    81
449    81
450    81
451    81
452    80
453    81
454    81
455    81
456    81
457    81
458    81
459    81
460    81
461    81
462    81
463    81
464    80
465    81
466    81
467    81
468    81
469    81
470    81
471    81
472    81
473    81
474    81
475    81
476    80
477    81
478    81
479    81
480    81
481    81
482    81
483    81
484    81
485    81
486    81
487    81
488    80
489    81
490    81
491    81
492    81
493    81
494    81
495    81
496    81
497    81
498    81
499    81
500    80
501    81
502    81
503    81
504    81
505    81
506    81
507    81
508    81
509    81
510    81
511    81
512    80
513    81
514    81
515    81
516    81
517    81
518    81
519    81
520    81
521    81
522    81
523    81
524    80
525    81
526    81
527    81
528    81
529    81
530    81
531    81
532    81
533    81
534    80
535    81
536    81
537    81
538    81
539    68
540    80
541    81
542    81
543    81
544    81
545    81
546    81
547    81
548    81
549    81
550    80
551    81
552    81
553    81
554    81
555    81
556    81
557    81
558    81
559    81
560    80
561    81
562    81
563    81
564    81
565    81
566    81
567    81
568    81
569    81
570    80
571    81
572    81
573    81
574    81
575    81
576    81
577    81
578    81
579    81
580    80
581    81
582    81
583    81
584    81
585    81
586    81
587    81
588    81
589    81
590    80
591    81
592    81
593    81
594    81
595    81
596    81
597    81
598    81
599    81
600    80
601    81
602    81
603    81
604    81
605    81
606    81
607    81
608    80
609    81
610    81
611    81
612    81
613    81
614    81
615    81
616    80
617    81
618    81
619    81
620    81
621    81
622    81
623    81
624    80
625    81
626    81
627    81
628    81
629    81
630    81
631    81
632    80
633    68
634    80
635    81
636    81
637    81
638    81
639    81
640    81
641    81
642    80
643    81
644    81
645    81
646    81
647    81
648    81
649    81
650    80
651    81
652    81
653    81
654    81
655    81
656    81
657    81
658    80
659    81
660    81
661    81
662    81
663    81
664    81
665    81
666    80
667    81
668    81
669    81
670    81
671    81
672    81
673    81
674    80
675    81
676    81
677    81
678    81
679    81
680    81
681    81
682    80
683    81
684    81
685    81
686    81
687    81
688    81
689    81
690    80
691    81
692    81
693    81
694    81
695    81
696    81
697    81
698    80
699    81
700    81
701    81
702    81
703    81
704    81
705    81
706    80
707    81
708    81
709    81
710    81
711    81
712    81
713    81
714    80
715    68
716    80
717    81
718    81
719    81
720    81
721    81
722    81
723    81
724    80
725    81
726    81
727    81
728    81
729    81
730    81
731    81
732    80
733    81
734    81
735    81
736    81
737    81
738    81
739    81
740    80
741    81
742    81
743    81
744    81
745    81
746    81
747    81
748    80
749    81
750    81
751    81
752    81
753    81
754    81
755    81
756    80
757    81
758    81
759    81
760    81
761    81
762    81
763    81
764    80
765    81
766    81
767    81
768    81
769    81
770    81
771    81
772    80
773    81
774    81
775    81
776    81
777    81
778    81
779    81
780    80
781    81
782    81
783    81
784    81
785    81
786    81
787    81
788    80
789    81
790    81
791    81
792    81
793    81
794    81
795    81
796    80
797    68
798    80
799    81
800    81
801    81
802    81
803    81
804    80
805    81
806    81
807    81
808    81
809    81
810    80
811    81
812    81
813    81
814    81
815    81
816    80
817    81
818    81
819    81
820    81
821    81
822    80
823    81
824    81
825    81
826    81
827    81
828    80
829    81
830    81
831    81
832    81
833    81
834    80
835    81
836    81
837    81
838    81
839    81
840    80
841    81
842    81
843    81
844    81
845    81
846    80
847    81
848    81
849    81
850    81
851    81
852    80
853    81
854    81
855    81
856    81
857    81
858    80
859    68
860    80
861    81
862    81
863    81
864    81
865    81
866    80
867    81
868    81
869    81
870    81
871    81
872    80
873    81
874    81
875    81
876    81
877    81
878    80
879    81
880    81
881    81
882    81
883    81
884    80
885    81
886    81
887    81
888    81
889    81
890    80
891    81
892    81
893    81
894    81
895    81
896    80
897    81
898    81
899    81
900    81
901    81
902    80
903    81
904    81
905    81
906    81
907    81
908    80
909    81
910    81
911    81
912    81
913    81
914    80
915    81
916    81
917    81
918    80
919    68
920    80
921    81
922    81
923    81
924    81
925    81
926    80
927    81
928    81
929    81
930    81
931    81
932    80
933    81
934    81
935    81
936    80
937    81
938    81
939    81
940    80
941    81
942    81
943    81
944    80
945    81
946    81
947    81
948    80
949    81
950    81
951    81
952    80
953    81
954    81
955    81
956    80
957    81
958    81
959    81
960    79
961    68
962    79
963    80
964    80
965    80
966    80
967    80
968    80
969    80
970    80
971    80
972    68
973    79
974    80
975    80
976    80
977    80
978    80
979    80
980    80
981    80
982    80
983    68
984    79
985    80
986    80
987    80
988    80
989    80
990    80
991    80
992    80
993    80
994    68
995    79
996    80
997    80
998    80
999    80
1000    80
1001    80
1002    80
1003    80
1004    80
1005    67
1006    79
1007    80
1008    80
1009    80
1010    80
1011    80
1012    80
1013    80
1014    80
1015    68
1016    79
1017    80
1018    80
1019    80
1020    80
1021    80
1022    80
1023    80
1024    80
1025    80
1026    68
1027    79
1028    80
1029    80
1030    80
1031    81
1032    81
1033    81
1034    81
1035    81
1036    81
1037    81
1038    81
1039    81
1040    81
1041    81
1042    81
1043    81
1044    81
1045    81
1046    81
1047    81
1048    81
1049    81
1050    81
1051    81
1052    81
1053    81
1054    81
1055    81
1056    81
1057    81
1058    81
1059    81
1060    81
1061    81
1062    81
1063    81
1064    81
1065    81
1066    81
1067    81
1068    81
1069    81
1070    81
1071    81
1072    81
1073    81
1074    81
1075    81
1076    81
1077    81
1078    81
1079    81
1080    81
1081    81
1082    81
1083    81
1084    81
1085    81
1086    81
1087    81
1088    81
1089    81
1090    81
1091    81
1092    81
1093    81
1094    81
1095    81
1096    81
1097    81
1098    81
1099    81
1100    81
1101    81
1102    81
1103    81
1104    81
1105    81
1106    81
1107    81
1108    81
1109    81
1110    81
1111    81
1112    81
1113    81
1114    81
1115    81
1116    81
1117    81
1118    81
1119    81
1120    81
1121    81
1122    81
1123    81
1124    81
1125    81
1126    81
1127    81
1128    68
1129    80
1130    81
1131    81
1132    81
1133    80
1134    81
1135    81
1136    80
1137    81
1138    81
1139    81
1140    80
1141    81
1142    81
1143    81
1144    80
1145    81
1146    81
1147    81
1148    80
1149    81
1150    81
1151    81
1152    80
1153    81
1154    81
1155    81
1156    80
1157    81
1158    81
1159    81
1160    80
1161    81
1162    81
1163    81
1164    80
1165    81
1166    81
1167    81
1168    80
1169    68
1170    80
1171    81
1172    81
1173    81
1174    80
1175    81
1176    81
1177    81
1178    80
1179    81
1180    81
1181    81
1182    80
1183    81
1184    81
1185    81
1186    80
1187    81
1188    81
1189    81
1190    80
1191    81
1192    81
1193    81
1194    80
1195    81
1196    81
1197    81
1198    80
1199    81
1200    81
1201    81
1202    80
1203    81
1204    81
1205    81
1206    80
1207    81
1208    81
1209    81
1210    80
1211    68
1212    80
1213    81
1214    81
1215    81
1216    80
1217    81
1218    81
1219    81
1220    80
1221    81
1222    81
1223    81
1224    80
1225    81
1226    81
1227    81
1228    80
1229    81
1230    81
1231    81
1232    80
1233    81
1234    81
1235    81
1236    80
1237    81
1238    81
1239    81
1240    80
1241    81
1242    81
1243    81
1244    80
1245    81
1246    81
1247    81
1248    80
1249    81
1250    81
1251    81
1252    80
1253    68
1254    80
1255    81
1256    81
1257    81
1258    80
1259    81
1260    81
1261    81
1262    80
1263    81
1264    81
1265    81
1266    80
1267    81
1268    81
1269    81
1270    80
1271    81
1272    81
1273    81
1274    80
1275    81
1276    81
1277    81
1278    80
1279    81
1280    81
1281    81
1282    80
1283    81
1284    81
1285    81
1286    80
1287    81
1288    81
1289    81
1290    80
1291    81
1292    81
1293    81
1294    80
1295    68
1296    80
1297    81
1298    81
1299    81
1300    80
1301    81
1302    81
1303    81
1304    80
1305    81
1306    81
1307    81
1308    80
1309    81
1310    81
1311    81
1312    80
1313    81
1314    81
1315    81
1316    80
1317    81
1318    81
1319    81
1320    80
1321    81
1322    81
1323    81
1324    80
1325    81
1326    81
1327    81
1328    80
1329    81
1330    81
1331    81
1332    80
1333    81
1334    81
1335    81
1336    80
1337    68
1338    80
1339    81
1340    81
1341    81
1342    80
1343    81
1344    81
1345    81
1346    80
1347    81
1348    81
1349    81
1350    80
1351    81
1352    81
1353    81
1354    80
1355    81
1356    81
1357    81
1358    80
1359    81
1360    81
1361    81
1362    80
1363    81
1364    81
1365    81
1366    80
1367    81
1368    81
1369    81
1370    80
1371    81
1372    81
1373    81
1374    80
1375    81
1376    81
1377    81
1378    80
1379    68
1380    80
1381    81
1382    81
1383    81
1384    80
1385    81
1386    81
1387    81
1388    80
1389    81
1390    81
1391    81
1392    80
1393    81
1394    81
1395    81
1396    80
1397    81
1398    81
1399    81
1400    80
1401    81
1402    81
1403    81
1404    80
1405    81
1406    81
1407    81
1408    80
1409    81
1410    81
1411    81
1412    80
1413    81
1414    81
1415    81
1416    80
1417    81
1418    81
1419    81
1420    80
1421    68
1422    80
1423    81
1424    81
1425    81
1426    80
1427    81
1428    81
1429    81
1430    80
1431    81
1432    81
1433    81
1434    80
1435    81
1436    81
1437    81
1438    80
1439    81
1440    81
1441    81
1442    80
1443    81
1444    81
1445    81
1446    80
1447    81
1448    81
1449    81
1450    80
1451    81
1452    81
1453    81
1454    80
1455    81
1456    81
1457    80
1458    81
1459    81
1460    80
1461    68
1462    80
1463    81
1464    81
1465    81
1466    80
1467    81
1468    81
1469    80
1470    81
1471    81
1472    80
1473    81
1474    80
1475    81
1476    81
1477    81
1478    80
1479    81
1480    80
1481    81
1482    81
1483    80
1484    81
1485    81
1486    80
1487    81
1488    81
1489    80
1490    81
1491    81
1492    80
1493    68
1494    80
1495    81
1496    80
1497    81
1498    80
1499    81
1500    81
1501    80
1502    81
1503    80
1504    80
1505    81
1506    80
1507    81
1508    80
1509    81
1510    80
1511    81
1512    80
1513    81
1514    80
1515    68
1516    80
1517    81
1518    80
1519    81
1520    80
1521    81
1522    80
1523    81
1524    80
1525    81
1526    80
1527    81
1528    80
1529    81
1530    80
1531    81
1532    80
1533    81
1534    80
1535    81
1536    80
1537    68
1538    80
1539    81
1540    80
1541    81
1542    80
1543    81
1544    80
1545    81
1546    80
1547    81
1548    80
1549    81
1550    80
1551    81
1552    80
1553    81
1554    80
1555    81
1556    80
1557    81
1558    80
1559    68
1560    80
1561    81
1562    80
1563    81
1564    80
1565    81
1566    80
1567    81
1568    80
1569    81
1570    80
1571    81
1572    80
1573    81
1574    80
1575    81
1576    80
1577    81
1578    80
1579    81
1580    80
1581    68
1582    80
1583    81
1584    80
1585    81
1586    80
1587    81
1588    80
1589    81
1590    80
1591    81
1592    80
1593    81
1594    80
1595    81
1596    80
1597    81
1598    80
1599    81
1600    80
1601    81
1602    80
1603    68
1604    80
1605    81
1606    80
1607    81
1608    80
1609    81
1610    80
1611    81
1612    80
1613    81
1614    80
1615    81
1616    80
1617    81
1618    80
1619    81
1620    80
1621    81
1622    80
1623    81
1624    80
1625    68
1626    80
1627    81
1628    80
1629    81
1630    80
1631    81
1632    80
1633    81
1634    80
1635    81
1636    80
1637    81
1638    80
1639    81
1640    80
1641    81
1642    80
1643    81
1644    80
1645    81
1646    80
1647    68
1648    80
1649    81
1650    80
1651    81
1652    80
1653    81
1654    80
1655    81
1656    80
1657    81
1658    80
1659    81
1660    80
1661    81
1662    80
1663    81
1664    80
1665    81
1666    80
1667    81
1668    80
1669    68
1670    80
1671    81
1672    80
1673    81
1674    80
1675    81
1676    80
1677    81
1678    80
1679    81
1680    80
1681    81
1682    80
1683    81
1684    80
1685    81
1686    80
1687    81
1688    80
1689    81
1690    80
1691    68
1692    80
1693    81
1694    80
1695    81
1696    80
1697    81
1698    80
1699    81
1700    80
1701    81
1702    80
1703    81
1704    80
1705    81
1706    80
1707    81
1708    80
1709    81
1710    80
1711    81
1712    80
1713    68
1714    80
1715    81
1716    80
1717    81
1718    80
1719    81
1720    80
1721    81
1722    80
1723    81
1724    80
1725    81
1726    80
1727    81
1728    80
1729    81
1730    80
1731    81
1732    80
1733    81
1734    80
1735    68
1736    80
1737    81
1738    80
1739    81
1740    80
1741    81
1742    80
1743    81
1744    80
1745    81
1746    80
1747    81
1748    80
1749    81
1750    80
1751    81
1752    80
1753    81
1754    80
1755    81
1756    80
1757    68
1758    80
1759    81
1760    80
1761    81
1762    80
1763    81
1764    80
1765    81
1766    80
1767    81
1768    80
1769    81
1770    80
1771    81
1772    80
1773    81
1774    80
1775    81
1776    80
1777    81
1778    80
1779    68
1780    80
1781    81
1782    80
1783    81
1784    80
1785    81
1786    80
1787    81
1788    80
1789    81
1790    80
1791    81
1792    80
1793    81
1794    80
1795    81
1796    80
1797    81
1798    80
1799    81
1800    80
1801    68
1802    80
1803    81
1804    80
1805    81
1806    80
1807    81
1808    80
1809    81
1810    80
1811    81
1812    80
1813    81
1814    80
1815    81
1816    80
1817    81
1818    80
1819    81
1820    80
1821    81
1822    80
1823    68
1824    80
1825    81
1826    80
1827    81
1828    80
1829    81
1830    80
1831    81
1832    80
1833    81
1834    80
1835    81
1836    80
1837    81
1838    80
1839    81
1840    80
1841    81
1842    80
1843    81
1844    80
1845    68
1846    80
1847    81
1848    80
1849    81
1850    80
1851    81
1852    80
1853    81
1854    80
1855    81
1856    80
1857    81
1858    80
1859    81
1860    80
1861    81
1862    80
1863    81
1864    80
1865    81
1866    80
1867    68
1868    80
1869    81
1870    80
1871    81
1872    80
1873    81
1874    80
1875    81
1876    80
1877    81
1878    80
1879    81
1880    80
1881    81
1882    80
1883    81
1884    80
1885    81
1886    80
1887    81
1888    80
1889    68
1890    80
1891    81
1892    80
1893    81
1894    80
1895    81
1896    80
1897    81
1898    80
1899    81
1900    80
1901    81
1902    80
1903    81
1904    80
1905    81
1906    80
1907    81
1908    80
1909    81
1910    80
1911    68
1912    80
1913    81
1914    80
1915    81
1916    80
1917    81
1918    80
1919    81
1920    80
1921    81
1922    80
1923    81
1924    80
1925    81
1926    80
1927    81
1928    80
1929    81
1930    80
1931    81
1932    80
1933    68
1934    80
1935    81
1936    80
1937    81
1938    80
1939    81
1940    80
1941    81
1942    80
1943    81
1944    80
1945    81
1946    80
1947    81
1948    80
1949    81
1950    80
1951    81
1952    80
1953    81
1954    80
1955    68
1956    80
1957    81
1958    80
1959    81
1960    80
1961    81
1962    80
1963    81
1964    80
1965    81
1966    80
1967    81
1968    80
1969    81
1970    80
1971    81
1972    80
1973    81
1974    80
1975    81
1976    80
1977    68
1978    80
1979    81
1980    80
1981    81
1982    80
1983    81
1984    80
1985    81
1986    80
1987    81
1988    80
1989    81
1990    80
1991    81
1992    80
1993    81
1994    80
1995    81
1996    80
1997    81
1998    80
1999    68
2000    80
2001    81
2002    80
2003    81
2004    80
2005    81
2006    80
2007    81
2008    80
2009    81
2010    80
2011    81
2012    80
2013    81
2014    80
2015    81
2016    80
2017    81
2018    80
2019    81
2020    80
2021    68
2022    80
2023    81
2024    80
2025    81
2026    80
2027    81
2028    80
2029    81
2030    80
2031    81
2032    80
2033    81
2034    80
2035    81
2036    80
2037    81
2038    80
2039    81
2040    80
2041    81
2042    80
2043    68
2044    80
2045    81
2046    80
2047    81
2048    80
2049    81
2050    80
2051    81
2052    80
2053    81
2054    80
2055    81
2056    80
2057    81
2058    80
2059    81
2060    80
2061    81
2062    80
2063    81
2064    80
2065    68
2066    80
2067    81
2068    80
2069    81
2070    80
2071    81
2072    80
2073    81
2074    80
2075    81
2076    80
2077    81
2078    80
2079    81
2080    80
2081    81
2082    80
2083    81
2084    80
2085    81
2086    80
2087    68
2088    80
2089    81
2090    80
2091    81
2092    80
2093    81
2094    80
2095    81
2096    80
2097    81
2098    80
2099    81
2100    80
2101    81
2102    80
2103    81
2104    80
2105    81
2106    80
2107    81
2108    80
2109    68
2110    80
2111    81
2112    80
2113    81
2114    80
2115    81
2116    80
2117    81
2118    80
2119    81
2120    80
2121    81
2122    80
2123    81
2124    80
2125    81
2126    80
2127    81
2128    80
2129    81
2130    80
2131    68
2132    80
2133    81
2134    80
2135    81
2136    80
2137    81
2138    80
2139    81
2140    80
2141    81
2142    80
2143    81
2144    80
2145    81
2146    80
2147    81
2148    80
2149    81
2150    80
2151    81
2152    80
2153    68
2154    80
2155    81
2156    80
2157    81
2158    80
2159    81
2160    80
2161    81
2162    80
2163    81
2164    80
2165    81
2166    80
2167    81
2168    80
2169    81
2170    80
2171    81
2172    80
2173    81
2174    80
2175    68
2176    80
2177    81
2178    80
2179    81
2180    80
2181    81
2182    80
2183    81
2184    80
2185    81
2186    80
2187    81
2188    80
2189    81
2190    80
2191    81
2192    80
2193    81
2194    80
2195    81
2196    80
2197    68
2198    80
2199    81
2200    80
2201    81
2202    80
2203    81
2204    80
2205    81
2206    80
2207    81
2208    80
2209    81
2210    80
2211    81
2212    80
2213    81
2214    80
2215    81
2216    80
2217    81
2218    80
2219    68
2220    80
2221    81
2222    80
2223    81
2224    80
2225    81
2226    80
2227    81
2228    80
2229    81
2230    80
2231    81
2232    80
2233    81
2234    80
2235    81
2236    80
2237    81
2238    80
2239    81
2240    80
2241    68
2242    80
2243    81
2244    80
2245    81
2246    80
2247    81
2248    80
2249    81
2250    80
2251    81
2252    80
2253    81
2254    80
2255    81
2256    80
2257    81
2258    80
2259    81
2260    80
2261    81
2262    80
2263    68
2264    80
2265    81
2266    80
2267    81
2268    80
2269    81
2270    80
2271    81
2272    80
2273    81
2274    80
2275    81
2276    80
2277    81
2278    80
2279    81
2280    80
2281    81
2282    80
2283    81
2284    80
2285    68
2286    80
2287    81
2288    80
2289    81
2290    80
2291    81
2292    80
2293    81
2294    80
2295    81
2296    80
2297    81
2298    80
2299    81
2300    80
2301    81
2302    80
2303    81
2304    80
2305    81
2306    80
2307    68
2308    80
2309    81
2310    80
2311    81
2312    80
2313    81
2314    80
2315    81
2316    80
2317    81
2318    80
2319    81
2320    80
2321    81
2322    80
2323    81
2324    80
2325    81
2326    80
2327    81
2328    80
2329    68
2330    80
2331    81
2332    80
2333    81
2334    80
2335    81
2336    80
2337    81
2338    80
2339    81
2340    80
2341    81
2342    80
2343    81
2344    80
2345    81
2346    80
2347    81
2348    80
2349    81
2350    80
2351    68
2352    80
2353    81
2354    80
2355    81
2356    80
2357    81
2358    80
2359    81
2360    80
2361    81
2362    80
2363    81
2364    80
2365    81
2366    80
2367    81
2368    80
2369    81
2370    80
2371    81
2372    80
2373    68
2374    80
2375    81
2376    80
2377    81
2378    80
2379    81
2380    80
2381    81
2382    80
2383    81
2384    80
2385    81
2386    80
2387    81
2388    80
2389    81
2390    80
2391    81
2392    80
2393    81
2394    80
2395    68
2396    80
2397    81
2398    80
2399    81
2400    80
2401    81
2402    80
2403    81
2404    80
2405    81
2406    80
2407    81
2408    80
2409    81
2410    80
2411    81
2412    80
2413    81
2414    80
2415    81
2416    80
2417    68
2418    80
2419    81
2420    80
2421    81
2422    80
2423    81
2424    80
2425    81
2426    80
2427    81
2428    80
2429    81
2430    80
2431    81
2432    80
2433    81
2434    80
2435    81
2436    80
2437    81
2438    80
2439    68
2440    80
2441    81
2442    80
2443    81
2444    80
2445    81
2446    80
2447    81
2448    80
2449    81
2450    80
2451    81
2452    80
2453    81
2454    80
2455    81
2456    80
2457    81
2458    80
2459    81
2460    80
2461    68
2462    80
2463    81
2464    80
2465    81
2466    80
2467    81
2468    80
2469    81
2470    80
2471    81
2472    80
2473    81
2474    80
2475    81
2476    80
2477    81
2478    80
2479    81
2480    80
2481    81
2482    80
2483    68
2484    80
2485    81
2486    80
2487    81
2488    80
2489    81
2490    80
2491    81
2492    80
2493    81
2494    80
2495    81
2496    80
2497    81
2498    80
2499    81
2500    80
2501    81
2502    80
2503    81
2504    80
2505    68
2506    80
2507    81
2508    80
2509    81
2510    80
2511    81
2512    80
2513    81
2514    80
2515    81
2516    80
2517    81
2518    80
2519    81
2520    80
2521    81
2522    80
2523    81
2524    80
2525    81
2526    80
2527    68
2528    80
2529    81
2530    80
2531    81
2532    80
2533    81
2534    80
2535    81
2536    80
2537    81
2538    80
2539    81
2540    80
2541    81
2542    80
2543    81
2544    80
2545    81
2546    80
2547    81
2548    80
2549    68
2550    80
2551    81
2552    80
2553    81
2554    80
2555    81
2556    80
2557    81
2558    80
2559    81
2560    80
2561    81
2562    80
2563    81
2564    80
2565    81
2566    80
2567    81
2568    80
2569    81
2570    80
2571    68
2572    80
2573    81
2574    80
2575    81
2576    80
2577    81
2578    80
2579    81
2580    80
2581    81
2582    80
2583    81
2584    80
2585    81
2586    80
2587    81
2588    80
2589    81
2590    80
2591    81
2592    80
2593    68
2594    80
2595    81
2596    80
2597    81
2598    80
2599    81
2600    80
2601    81
2602    80
2603    81
2604    80
2605    81
2606    80
2607    81
2608    80
2609    81
2610    80
2611    81
2612    80
2613    81
2614    80
2615    68
2616    80
2617    81
2618    80
2619    81
2620    80
2621    81
2622    80
2623    81
2624    80
2625    81
2626    80
2627    81
2628    80
2629    81
2630    80
2631    81
2632    80
2633    81
2634    80
2635    81
2636    80
2637    68
2638    80
2639    81
2640    80
2641    81
2642    80
2643    81
2644    80
2645    81
2646    80
2647    81
2648    80
2649    81
2650    80
2651    81
2652    80
2653    81
2654    80
2655    81
2656    80
2657    81
2658    80
2659    68
2660    80
2661    81
2662    80
2663    81
2664    80
2665    81
2666    80
2667    81
2668    80
2669    81
2670    80
2671    81
2672    80
2673    81
2674    80
2675    81
2676    80
2677    81
2678    80
2679    81
2680    80
2681    68
2682    80
2683    81
2684    80
2685    81
2686    80
2687    81
2688    80
2689    81
2690    80
2691    81
2692    80
2693    81
2694    80
2695    81
2696    80
2697    81
2698    80
2699    81
2700    80
2701    81
2702    80
2703    68
2704    80
2705    81
2706    80
2707    81
2708    80
2709    81
2710    80
2711    81
2712    80
2713    81
2714    80
2715    81
2716    80
2717    81
2718    80
2719    81
2720    80
2721    81
2722    80
2723    81
2724    80
2725    68
2726    80
2727    81
2728    80
2729    81
2730    80
2731    81
2732    80
2733    81
2734    80
2735    81
2736    80
2737    81
2738    80
2739    81
2740    80
2741    81
2742    80
2743    81
2744    80
2745    81
2746    80
2747    68
2748    80
2749    81
2750    80
2751    81
2752    80
2753    81
2754    80
2755    81
2756    80
2757    81
2758    80
2759    81
2760    80
2761    81
2762    80
2763    81
2764    80
2765    81
2766    80
2767    81
2768    80
2769    68
2770    80
2771    81
2772    80
2773    81
2774    80
2775    81
2776    80
2777    81
2778    80
2779    81
2780    80
2781    81
2782    80
2783    81
2784    80
2785    81
2786    80
2787    81
2788    80
2789    81
2790    80
2791    68
2792    80
2793    81
2794    80
2795    81
2796    80
2797    81
2798    80
2799    81
2800    80
2801    81
2802    80
2803    81
2804    80
2805    81
2806    80
2807    81
2808    80
2809    81
2810    80
2811    81
2812    80
2813    68
2814    80
2815    81
2816    80
2817    81
2818    80
2819    81
2820    80
2821    81
2822    80
2823    81
2824    80
2825    81
2826    80
2827    81
2828    80
2829    81
2830    80
2831    81
2832    80
2833    81
2834    80
2835    68
2836    80
2837    81
2838    80
2839    81
2840    80
2841    81
2842    80
2843    81
2844    80
2845    81
2846    80
2847    81
2848    80
2849    81
2850    80
2851    81
2852    80
2853    81
2854    80
2855    81
2856    80
2857    68
2858    80
2859    81
2860    80
2861    81
2862    80
2863    81
2864    80
2865    81
2866    80
2867    81
2868    80
2869    81
2870    80
2871    81
2872    80
2873    81
2874    80
2875    81
2876    80
2877    81
2878    80
2879    68
2880    80
2881    81
2882    80
2883    81
2884    80
2885    81
2886    80
2887    81
2888    80
2889    81
2890    80
2891    81
2892    80
2893    81
2894    80
2895    81
2896    80
2897    81
2898    80
2899    81
2900    80
2901    68
2902    80
2903    81
2904    80
2905    81
2906    80
2907    81
2908    80
2909    81
2910    80
2911    81
2912    80
2913    81
2914    80
2915    81
2916    80
2917    81
2918    80
2919    81
2920    80
2921    81
2922    80
2923    68
2924    80
2925    81
2926    81
2927    81
2928    81
2929    81
2930    81
2931    81
2932    81
2933    81
2934    81
2935    81
2936    81
2937    81
2938    81
2939    81
2940    81
2941    81
2942    81
2943    81
2944    81
2945    81
2946    81
2947    81
2948    81
2949    81
2950    81
2951    81
2952    81
2953    81
2954    81
2955    81
2956    81
2957    81
2958    81
2959    81
2960    81
2961    81
2962    81
2963    81
2964    81
2965    81
2966    81
2967    81
2968    81
2969    81
2970    81
2971    81
2972    81
2973    81
2974    81
2975    81
2976    81
2977    81
2978    81
2979    81
2980    81
2981    81
2982    81
2983    81
2984    81
2985    81
2986    81
2987    81
2988    81
2989    81
2990    81
2991    81
2992    81
2993    81
2994    81
2995    81
2996    81
2997    81
2998    81
2999    81
3000    81
