1    0.000535
2    0.000487
3    0.000615
4    0.00063
5    0.000614
6    0.000645
7    0.000639
8    0.000642
9    0.000645
10    0.000482
11    0.000608
12    0.000609
13    0.000576
14    0.000598
15    0.000494
16    0.000507
17    0.000461
18    0.000391
19    0.000639
20    0.00063
21    0.000593
22    0.000621
23    0.00061
24    0.000746
25    0.000656
26    0.000681
27    0.000592
28    0.000582
29    0.000554
30    0.001161
31    0.000718
32    0.00065
33    0.000673
34    0.00061
35    0.000601
36    0.000645
37    0.00081
38    0.00065
39    0.000653
40    0.000636
41    0.000624
42    0.000687
43    0.000635
44    0.000724
45    0.00068
46    0.000694
47    0.000707
48    0.000741
49    0.000689
50    0.000728
51    0.000654
52    0.000649
53    0.000681
54    0.000687
55    0.00064
56    0.000632
57    0.000655
58    0.000653
59    0.00074
60    0.000682
61    0.000639
62    0.000647
63    0.000667
64    0.000642
65    0.000643
66    0.000713
67    0.000668
68    0.000637
69    0.000641
70    0.00064
71    0.000647
72    0.000651
73    0.000745
74    0.000588
75    0.000653
76    0.000584
77    0.000643
78    0.000647
79    0.000831
80    0.001251
81    0.000929
82    0.001211
83    0.000664
84    0.000693
85    0.000657
86    0.000693
87    0.001174
88    0.000629
89    0.000662
90    0.000646
91    0.00085
92    0.000649
93    0.000658
94    0.000672
95    0.000648
96    0.000647
97    0.001033
98    0.000876
99    0.000645
100    0.000771
101    0.000653
102    0.000644
103    0.000707
104    0.000673
105    0.000797
106    0.000651
107    0.000657
108    0.000668
109    0.000658
110    0.000816
111    0.000668
112    0.000645
113    0.000652
114    0.000673
115    0.000657
116    0.0008
117    0.000991
118    0.000674
119    0.000717
120    0.000687
121    0.001198
122    0.001217
123    0.000693
124    0.00087
125    0.000662
126    0.001182
127    0.000727
128    0.000707
129    0.000888
130    0.000705
131    0.000615
132    0.001189
133    0.001326
134    0.001219
135    0.000663
136    0.000647
137    0.000698
138    0.000656
139    0.000696
140    0.000651
141    0.000685
142    0.000638
143    0.000658
144    0.000641
145    0.000766
146    0.001005
147    0.001076
148    0.001128
149    0.001087
150    0.000974
151    0.00076
152    0.000693
153    0.00118
154    0.000661
155    0.000644
156    0.000972
157    0.00066
158    0.000728
159    0.000671
160    0.000647
161    0.000703
162    0.000687
163    0.00077
164    0.000671
165    0.000784
166    0.000668
167    0.000654
168    0.000649
169    0.000687
170    0.001023
171    0.000653
172    0.00064
173    0.000719
174    0.000706
175    0.000856
176    0.000663
177    0.000642
178    0.000646
179    0.000677
180    0.000625
181    0.000592
182    0.000503
183    0.000509
184    0.000507
185    0.000514
186    0.000509
187    0.000507
188    0.000529
189    0.001163
190    0.000776
191    0.000643
192    0.000686
193    0.000713
194    0.000644
195    0.000655
196    0.000669
197    0.000657
198    0.000747
199    0.000668
200    0.000935
201    0.000619
202    0.000606
203    0.000642
204    0.000613
205    0.000615
206    0.000588
207    0.000724
208    0.000659
209    0.000639
210    0.000623
211    0.000654
212    0.000638
213    0.000647
214    0.000605
215    0.000573
216    0.000504
217    0.0005
218    0.000513
219    0.000635
220    0.00066
221    0.000696
222    0.000672
223    0.000703
224    0.000665
225    0.000614
226    0.000581
227    0.000503
228    0.0006
229    0.000651
230    0.000629
231    0.000609
232    0.000683
233    0.000555
234    0.000576
235    0.000511
236    0.000499
237    0.000506
238    0.000506
239    0.000503
240    0.000515
241    0.000504
242    0.000518
243    0.000504
244    0.000503
245    0.000502
246    0.000501
247    0.000508
248    0.000501
249    0.000537
250    0.000919
251    0.000631
252    0.000597
253    0.000629
254    0.00059
255    0.000521
256    0.000511
257    0.000556
258    0.000589
259    0.000593
260    0.000606
261    0.00066
262    0.000584
263    0.00067
264    0.000658
265    0.000673
266    0.000688
267    0.000662
268    0.000655
269    0.000624
270    0.000573
271    0.000505
272    0.000504
273    0.000504
274    0.000508
275    0.000506
276    0.000525
277    0.00051
278    0.000572
279    0.000684
280    0.000644
281    0.00085
282    0.000657
283    0.000577
284    0.000494
285    0.000512
286    0.00055
287    0.000621
288    0.000688
289    0.000644
290    0.000649
291    0.000681
292    0.000643
293    0.000796
294    0.000646
295    0.000662
296    0.000849
297    0.000664
298    0.000649
299    0.000657
300    0.000884
301    0.00061
302    0.000683
303    0.000668
304    0.000655
305    0.000752
306    0.000645
307    0.000635
308    0.000614
309    0.000627
310    0.000734
311    0.000648
312    0.000648
313    0.000643
314    0.000704
315    0.000588
316    0.0006
317    0.000587
318    0.000576
319    0.000518
320    0.000506
321    0.000521
322    0.000507
323    0.000518
324    0.000502
325    0.000509
326    0.000535
327    0.000507
328    0.000526
329    0.000536
330    0.000512
331    0.000508
332    0.000506
333    0.000505
334    0.000497
335    0.000445
336    0.0005
337    0.000507
338    0.00051
339    0.000506
340    0.000507
341    0.000507
342    0.000511
343    0.000515
344    0.000513
345    0.000509
346    0.000508
347    0.00059
348    0.000508
349    0.000507
350    0.000561
351    0.000563
352    0.000597
353    0.000516
354    0.000512
355    0.000509
356    0.000512
357    0.000507
358    0.000509
359    0.000508
360    0.000511
361    0.00051
362    0.000517
363    0.000509
364    0.000535
365    0.000513
366    0.000509
367    0.000509
368    0.000512
369    0.000512
370    0.000507
371    0.000521
372    0.000519
373    0.000518
374    0.000513
375    0.00052
376    0.000514
377    0.000518
378    0.000519
379    0.000511
380    0.000508
381    0.000554
382    0.000601
383    0.000519
384    0.000494
385    0.000517
386    0.000509
387    0.000509
388    0.000521
389    0.00057
390    0.000596
391    0.000627
392    0.000598
393    0.000682
394    0.000713
395    0.000717
396    0.000665
397    0.000875
398    0.000655
399    0.0007
400    0.000658
401    0.000619
402    0.000522
403    0.000513
404    0.000529
405    0.000514
406    0.000513
407    0.000513
408    0.00052
409    0.000517
410    0.000531
411    0.000517
412    0.000515
413    0.000512
414    0.000544
415    0.000663
416    0.000695
417    0.000693
418    0.000658
419    0.00066
420    0.001057
421    0.00066
422    0.000662
423    0.000689
424    0.000652
425    0.000657
426    0.000693
427    0.000701
428    0.000657
429    0.0007
430    0.000685
431    0.000657
432    0.000626
433    0.000574
434    0.000509
435    0.000514
436    0.000611
437    0.000519
438    0.000585
439    0.000574
440    0.000511
441    0.000509
442    0.000505
443    0.000521
444    0.000512
445    0.000508
446    0.000511
447    0.00052
448    0.000589
449    0.000506
450    0.000508
451    0.000505
452    0.000639
453    0.000712
454    0.000625
455    0.0007
456    0.000666
457    0.000584
458    0.000512
459    0.000511
460    0.0005
461    0.000505
462    0.000508
463    0.000504
464    0.000504
465    0.000507
466    0.000517
467    0.000511
468    0.000513
469    0.000514
470    0.000506
471    0.000501
472    0.000515
473    0.000574
474    0.000731
475    0.000634
476    0.000538
477    0.000615
478    0.000671
479    0.000797
480    0.000668
481    0.00067
482    0.000649
483    0.000652
484    0.00081
485    0.000671
486    0.000678
487    0.000669
488    0.000653
489    0.000699
490    0.000672
491    0.000662
492    0.000677
493    0.000707
494    0.000643
495    0.000587
496    0.000506
497    0.000507
498    0.000509
499    0.000542
500    0.000516
501    0.000512
502    0.000643
503    0.0006
504    0.000574
505    0.000512
506    0.000509
507    0.000511
508    0.000649
509    0.000628
510    0.000616
511    0.000591
512    0.000589
513    0.000515
514    0.000519
515    0.000508
516    0.000513
517    0.00057
518    0.000734
519    0.000644
520    0.000646
521    0.000638
522    0.000583
523    0.000496
524    0.000504
525    0.000507
526    0.000488
527    0.000519
528    0.000502
529    0.00051
530    0.000643
531    0.000646
532    0.000588
533    0.000511
534    0.000531
535    0.000508
536    0.00062
537    0.000696
538    0.000674
539    0.000543
540    0.000575
541    0.000502
542    0.000513
543    0.000507
544    0.00051
545    0.000504
546    0.000528
547    0.000517
548    0.001029
549    0.000613
550    0.000576
551    0.000506
552    0.000509
553    0.000504
554    0.000513
555    0.000504
556    0.000512
557    0.000544
558    0.000592
559    0.000582
560    0.000607
561    0.001007
562    0.000639
563    0.00061
564    0.000581
565    0.000501
566    0.000506
567    0.000509
568    0.000516
569    0.000506
570    0.000508
571    0.000509
572    0.000506
573    0.000636
574    0.000627
575    0.000633
576    0.000588
577    0.000572
578    0.000506
579    0.000638
580    0.0006
581    0.000588
582    0.000587
583    0.000571
584    0.000514
585    0.000529
586    0.000579
587    0.000576
588    0.00051
589    0.00059
590    0.000572
591    0.000505
592    0.000508
593    0.000502
594    0.000511
595    0.000557
596    0.000509
597    0.000506
598    0.000505
599    0.000547
600    0.000577
601    0.000594
602    0.000629
603    0.000738
604    0.000834
605    0.000574
606    0.000505
607    0.000501
608    0.000502
609    0.00051
610    0.00051
611    0.00051
612    0.000522
613    0.000623
614    0.000642
615    0.000598
616    0.000586
617    0.000685
618    0.000634
619    0.000616
620    0.000575
621    0.000577
622    0.000615
623    0.000636
624    0.000635
625    0.00066
626    0.000655
627    0.000648
628    0.000611
629    0.000644
630    0.000635
631    0.000647
632    0.000648
633    0.000606
634    0.000608
635    0.000575
636    0.000572
637    0.000505
638    0.000523
639    0.00065
640    0.000671
641    0.000575
642    0.000612
643    0.000609
644    0.000571
645    0.000507
646    0.000503
647    0.000507
648    0.000566
649    0.000611
650    0.000517
651    0.001069
652    0.000642
653    0.000587
654    0.000571
655    0.000582
656    0.000516
657    0.000505
658    0.00052
659    0.000512
660    0.000504
661    0.000505
662    0.000509
663    0.000745
664    0.000504
665    0.0005
666    0.000509
667    0.000503
668    0.000517
669    0.000505
670    0.000502
671    0.000516
672    0.000537
673    0.00054
674    0.000498
675    0.000512
676    0.000511
677    0.000516
678    0.000507
679    0.000517
680    0.000507
681    0.00051
682    0.000491
683    0.000521
684    0.000507
685    0.000506
686    0.000521
687    0.000533
688    0.000504
689    0.000511
690    0.000516
691    0.000514
692    0.000499
693    0.00052
694    0.000506
695    0.000505
696    0.000514
697    0.000508
698    0.000505
699    0.000502
700    0.000511
701    0.000505
702    0.000645
703    0.000588
704    0.000589
705    0.000503
706    0.000501
707    0.000506
708    0.000516
709    0.000515
710    0.000525
711    0.000518
712    0.000505
713    0.000524
714    0.000532
715    0.000513
716    0.000502
717    0.000508
718    0.000504
719    0.000509
720    0.000501
721    0.000503
722    0.000492
723    0.000502
724    0.000503
725    0.000506
726    0.000502
727    0.000499
728    0.000501
729    0.000512
730    0.000505
731    0.000508
732    0.00051
733    0.000508
734    0.000508
735    0.000513
736    0.000503
737    0.000512
738    0.000506
739    0.000509
740    0.000509
741    0.000507
742    0.000518
743    0.000449
744    0.000504
745    0.000509
746    0.000507
747    0.000511
748    0.000517
749    0.000512
750    0.000666
751    0.000508
752    0.000505
753    0.000513
754    0.000501
755    0.000504
756    0.000503
757    0.0005
758    0.000506
759    0.000503
760    0.000499
761    0.0005
762    0.000501
763    0.000501
764    0.000508
765    0.0005
766    0.000511
767    0.000502
768    0.000507
769    0.000504
770    0.000504
771    0.000504
772    0.000502
773    0.000506
774    0.0005
775    0.000501
776    0.000507
777    0.000507
778    0.0005
779    0.000502
780    0.000505
781    0.000514
782    0.00049
783    0.000506
784    0.000502
785    0.000506
786    0.000508
787    0.000506
788    0.000514
789    0.000503
790    0.000501
791    0.000504
792    0.000504
793    0.000503
794    0.0005
795    0.000501
796    0.000502
797    0.0005
798    0.000505
799    0.000517
800    0.000506
801    0.000596
802    0.000566
803    0.000499
804    0.000513
805    0.000531
806    0.000518
807    0.000508
808    0.0005
809    0.000505
810    0.000507
811    0.000504
812    0.000509
813    0.000508
814    0.000504
815    0.000504
816    0.000506
817    0.000503
818    0.0005
819    0.000511
820    0.000498
821    0.000503
822    0.000503
823    0.000506
824    0.000506
825    0.000508
826    0.000508
827    0.000504
828    0.000514
829    0.000501
830    0.000505
831    0.000506
832    0.000501
833    0.000506
834    0.000504
835    0.000504
836    0.000507
837    0.000503
838    0.000503
839    0.000511
840    0.000499
841    0.000502
842    0.000512
843    0.000509
844    0.000514
845    0.000456
846    0.00052
847    0.000529
848    0.000518
849    0.000509
850    0.000522
851    0.000588
852    0.000507
853    0.000505
854    0.000507
855    0.00051
856    0.000506
857    0.000513
858    0.000508
859    0.000509
860    0.000511
861    0.000502
862    0.000513
863    0.000503
864    0.00051
865    0.000518
866    0.000502
867    0.000503
868    0.000507
869    0.000506
870    0.000508
871    0.000514
872    0.000511
873    0.000519
874    0.000523
875    0.000503
876    0.000623
877    0.000506
878    0.000613
879    0.000511
880    0.000517
881    0.000504
882    0.000495
883    0.000505
884    0.000539
885    0.00054
886    0.000518
887    0.000529
888    0.000516
889    0.000505
890    0.000505
891    0.000507
892    0.000502
893    0.000503
894    0.000571
895    0.000504
896    0.000517
897    0.000506
898    0.000513
899    0.000514
900    0.000685
901    0.000597
902    0.000632
903    0.000571
904    0.000504
905    0.000509
906    0.00051
907    0.001059
908    0.000508
909    0.000505
910    0.000504
911    0.000509
912    0.000513
913    0.000515
914    0.000515
915    0.00051
916    0.000509
917    0.000516
918    0.000502
919    0.000521
920    0.000515
921    0.000525
922    0.000514
923    0.000501
924    0.000608
925    0.000654
926    0.000644
927    0.000843
928    0.000769
929    0.00069
930    0.000701
931    0.000718
932    0.000666
933    0.000698
934    0.000685
935    0.000664
936    0.000754
937    0.000741
938    0.000687
939    0.000676
940    0.000733
941    0.00065
942    0.000873
943    0.000672
944    0.000676
945    0.000669
946    0.000669
947    0.00058
948    0.000605
949    0.000697
950    0.000735
951    0.000619
952    0.000592
953    0.000639
954    0.000592
955    0.000612
956    0.000767
957    0.000712
958    0.000673
959    0.000682
960    0.000672
961    0.000583
962    0.000515
963    0.000513
964    0.000514
965    0.000593
966    0.000587
967    0.000608
968    0.000603
969    0.000674
970    0.000639
971    0.000621
972    0.000678
973    0.000663
974    0.00059
975    0.000612
976    0.000626
977    0.000603
978    0.000614
979    0.000572
980    0.000505
981    0.0005
982    0.000494
983    0.000507
984    0.000508
985    0.000526
986    0.000618
987    0.000624
988    0.000607
989    0.000528
990    0.000511
991    0.000547
992    0.000593
993    0.000751
994    0.000667
995    0.000721
996    0.000671
997    0.000658
998    0.000648
999    0.000675
1000    0.000593
1001    0.000507
1002    0.000538
1003    0.000507
1004    0.000575
1005    0.000496
1006    0.000507
1007    0.000508
1008    0.000509
1009    0.000502
1010    0.000514
1011    0.000517
1012    0.000514
1013    0.000504
1014    0.000508
1015    0.000513
1016    0.000516
1017    0.000507
1018    0.000504
1019    0.000503
1020    0.000501
1021    0.000508
1022    0.000527
1023    0.000504
1024    0.000613
1025    0.000575
1026    0.000606
1027    0.00063
1028    0.000608
1029    0.000604
1030    0.000599
1031    0.000578
1032    0.000502
1033    0.000522
1034    0.000628
1035    0.000596
1036    0.000594
1037    0.000617
1038    0.000611
1039    0.000598
1040    0.000595
1041    0.000595
1042    0.000604
1043    0.000517
1044    0.000517
1045    0.000524
1046    0.000511
1047    0.00052
1048    0.000814
1049    0.000592
1050    0.000626
1051    0.00065
1052    0.000651
1053    0.00066
1054    0.000589
1055    0.000599
1056    0.000585
1057    0.000582
1058    0.00058
1059    0.000591
1060    0.000575
1061    0.000587
1062    0.000569
1063    0.000501
1064    0.000501
1065    0.000503
1066    0.000506
1067    0.000514
1068    0.000588
1069    0.000721
1070    0.000639
1071    0.000656
1072    0.000719
1073    0.000653
1074    0.000697
1075    0.000653
1076    0.000638
1077    0.000637
1078    0.00059
1079    0.000506
1080    0.000505
1081    0.000504
1082    0.000495
1083    0.000498
1084    0.000498
1085    0.000512
1086    0.000509
1087    0.000527
1088    0.00052
1089    0.000506
1090    0.000502
1091    0.000511
1092    0.000505
1093    0.000501
1094    0.0005
1095    0.0005
1096    0.000501
1097    0.000526
1098    0.000552
1099    0.000584
1100    0.000598
1101    0.000593
1102    0.000575
1103    0.000516
1104    0.000503
1105    0.000539
1106    0.000585
1107    0.000614
1108    0.000517
1109    0.0005
1110    0.000506
1111    0.000504
1112    0.000505
1113    0.000558
1114    0.000576
1115    0.000684
1116    0.000659
1117    0.000668
1118    0.000654
1119    0.000656
1120    0.000647
1121    0.000661
1122    0.000642
1123    0.000637
1124    0.000619
1125    0.00064
1126    0.00064
1127    0.000641
1128    0.000652
1129    0.000587
1130    0.000637
1131    0.000649
1132    0.000594
1133    0.000591
1134    0.000623
1135    0.000618
1136    0.000625
1137    0.00063
1138    0.001066
1139    0.000582
1140    0.000648
1141    0.000625
1142    0.000611
1143    0.000627
1144    0.00063
1145    0.000596
1146    0.000501
1147    0.000501
1148    0.000504
1149    0.000502
1150    0.000515
1151    0.000587
1152    0.000592
1153    0.000578
1154    0.000505
1155    0.000505
1156    0.000503
1157    0.000505
1158    0.000635
1159    0.000642
1160    0.000637
1161    0.000626
1162    0.000605
1163    0.000582
1164    0.000634
1165    0.000594
1166    0.000582
1167    0.000586
1168    0.000589
1169    0.000596
1170    0.000574
1171    0.000679
1172    0.000636
1173    0.000811
1174    0.000614
1175    0.000605
1176    0.000713
1177    0.000575
1178    0.000516
1179    0.000543
1180    0.000527
1181    0.000535
1182    0.000602
1183    0.000621
1184    0.000586
1185    0.000594
1186    0.000579
1187    0.000507
1188    0.000505
1189    0.000497
1190    0.000507
1191    0.000504
1192    0.000504
1193    0.000512
1194    0.000606
1195    0.000691
1196    0.000606
1197    0.000651
1198    0.00057
1199    0.000578
1200    0.000574
1201    0.000624
1202    0.000605
1203    0.000572
1204    0.000589
1205    0.000582
1206    0.000575
1207    0.000585
1208    0.000587
1209    0.000578
1210    0.000505
1211    0.000506
1212    0.000512
1213    0.000508
1214    0.000517
1215    0.00051
1216    0.000508
1217    0.000513
1218    0.000506
1219    0.000503
1220    0.000503
1221    0.000505
1222    0.000503
1223    0.000507
1224    0.000509
1225    0.000501
1226    0.000505
1227    0.000507
1228    0.000508
1229    0.000504
1230    0.000508
1231    0.000511
1232    0.000506
1233    0.000503
1234    0.000507
1235    0.000518
1236    0.000505
1237    0.000503
1238    0.000503
1239    0.000507
1240    0.000503
1241    0.000514
1242    0.000493
1243    0.000498
1244    0.000503
1245    0.000508
1246    0.0005
1247    0.000507
1248    0.000508
1249    0.000509
1250    0.00051
1251    0.000509
1252    0.000509
1253    0.000472
1254    0.000496
1255    0.000498
1256    0.000506
1257    0.000505
1258    0.000517
1259    0.00051
1260    0.000507
1261    0.000518
1262    0.000517
1263    0.000506
1264    0.0005
1265    0.000512
1266    0.000518
1267    0.000518
1268    0.000524
1269    0.000515
1270    0.00051
1271    0.00051
1272    0.000532
1273    0.000507
1274    0.000511
1275    0.000529
1276    0.000514
1277    0.00052
1278    0.000505
1279    0.000503
1280    0.000502
1281    0.00051
1282    0.000498
1283    0.000511
1284    0.000512
1285    0.000511
1286    0.000506
1287    0.000512
1288    0.000525
1289    0.000502
1290    0.000506
1291    0.00052
1292    0.000501
1293    0.000504
1294    0.000513
1295    0.000514
1296    0.000512
1297    0.000504
1298    0.000515
1299    0.000502
1300    0.000519
1301    0.000577
1302    0.00051
1303    0.000516
1304    0.000508
1305    0.000507
1306    0.000501
1307    0.000513
1308    0.000502
1309    0.00055
1310    0.0005
1311    0.000513
1312    0.000511
1313    0.000509
1314    0.000507
1315    0.000518
1316    0.000514
1317    0.000512
1318    0.000514
1319    0.000517
1320    0.000509
1321    0.000515
1322    0.000517
1323    0.000505
1324    0.000503
1325    0.000502
1326    0.00051
1327    0.000508
1328    0.00051
1329    0.000511
1330    0.000576
1331    0.000509
1332    0.000506
1333    0.000519
1334    0.000518
1335    0.0005
1336    0.000514
1337    0.000519
1338    0.000498
1339    0.000553
1340    0.0005
1341    0.000523
1342    0.000509
1343    0.000528
1344    0.000509
1345    0.000501
1346    0.00053
1347    0.000504
1348    0.000508
1349    0.000512
1350    0.000504
1351    0.000512
1352    0.000503
1353    0.000507
1354    0.00051
1355    0.000444
1356    0.000498
1357    0.00052
1358    0.000503
1359    0.000503
1360    0.000506
1361    0.000503
1362    0.000504
1363    0.0005
1364    0.000503
1365    0.000503
1366    0.000503
1367    0.000612
1368    0.000507
1369    0.000506
1370    0.000508
1371    0.000497
1372    0.000509
1373    0.000506
1374    0.000504
1375    0.000512
1376    0.000502
1377    0.000504
1378    0.0005
1379    0.000521
1380    0.000503
1381    0.000511
1382    0.000515
1383    0.000511
1384    0.0005
1385    0.000504
1386    0.000507
1387    0.000505
1388    0.000503
1389    0.000502
1390    0.000506
1391    0.000504
1392    0.000504
1393    0.000497
1394    0.000507
1395    0.000512
1396    0.000505
1397    0.000514
1398    0.000502
1399    0.000508
1400    0.000503
1401    0.000511
1402    0.000498
1403    0.000508
1404    0.000516
1405    0.000504
1406    0.000507
1407    0.000504
1408    0.000505
1409    0.000503
1410    0.000501
1411    0.000507
1412    0.000507
1413    0.000516
1414    0.0005
1415    0.000514
1416    0.000501
1417    0.000506
1418    0.000505
1419    0.000501
1420    0.000509
1421    0.000512
1422    0.000503
1423    0.000508
1424    0.000508
1425    0.000503
1426    0.000508
1427    0.000504
1428    0.00051
1429    0.0005
1430    0.000522
1431    0.0005
1432    0.000504
1433    0.000505
1434    0.000502
1435    0.000504
1436    0.000496
1437    0.000502
1438    0.000506
1439    0.00052
1440    0.00051
1441    0.000504
1442    0.000503
1443    0.000509
1444    0.000506
1445    0.0005
1446    0.000499
1447    0.000506
1448    0.000504
1449    0.000507
1450    0.00051
1451    0.000595
1452    0.000524
1453    0.000507
1454    0.000522
1455    0.000498
1456    0.000507
1457    0.000452
1458    0.000509
1459    0.000519
1460    0.000519
1461    0.000516
1462    0.000506
1463    0.000513
1464    0.00053
1465    0.000515
1466    0.000516
1467    0.000513
1468    0.000502
1469    0.000513
1470    0.000523
1471    0.000522
1472    0.000508
1473    0.000508
1474    0.000511
1475    0.00051
1476    0.000527
1477    0.000513
1478    0.000533
1479    0.000504
1480    0.000525
1481    0.000501
1482    0.000501
1483    0.000515
1484    0.000505
1485    0.000524
1486    0.000512
1487    0.000502
1488    0.000512
1489    0.000516
1490    0.000522
1491    0.000515
1492    0.000497
1493    0.000531
1494    0.000532
1495    0.000514
1496    0.000525
1497    0.000502
1498    0.000504
1499    0.000522
1500    0.000503
1501    0.000506
1502    0.000508
1503    0.000508
1504    0.000519
1505    0.000507
1506    0.000512
1507    0.000506
1508    0.000504
1509    0.000523
1510    0.000512
1511    0.000509
1512    0.000506
1513    0.000501
1514    0.000512
1515    0.00051
1516    0.000519
1517    0.000509
1518    0.000504
1519    0.000516
1520    0.000508
1521    0.000513
1522    0.000509
1523    0.000512
1524    0.00051
1525    0.00055
1526    0.000603
1527    0.000616
1528    0.001179
1529    0.000649
1530    0.000597
1531    0.000586
1532    0.000577
1533    0.000583
1534    0.000589
1535    0.000581
1536    0.000573
1537    0.000591
1538    0.000617
1539    0.000585
1540    0.000621
1541    0.000586
1542    0.000578
1543    0.000584
1544    0.000577
1545    0.000508
1546    0.000511
1547    0.000534
1548    0.000503
1549    0.000552
1550    0.000578
1551    0.000633
1552    0.000603
1553    0.000511
1554    0.000505
1555    0.000525
1556    0.000507
1557    0.000667
1558    0.000628
1559    0.000573
1560    0.000578
1561    0.000577
1562    0.000598
1563    0.000585
1564    0.000577
1565    0.000505
1566    0.000575
1567    0.000581
1568    0.000506
1569    0.000573
1570    0.000587
1571    0.000591
1572    0.00064
1573    0.000587
1574    0.000589
1575    0.000611
1576    0.000692
1577    0.000826
1578    0.000648
1579    0.000631
1580    0.00064
1581    0.000689
1582    0.00064
1583    0.000654
1584    0.000621
1585    0.000596
1586    0.000577
1587    0.000599
1588    0.000592
1589    0.000657
1590    0.00063
1591    0.000694
1592    0.000634
1593    0.000647
1594    0.00065
1595    0.000599
1596    0.00057
1597    0.000501
1598    0.000514
1599    0.000596
1600    0.000508
1601    0.000585
1602    0.000501
1603    0.0005
1604    0.000502
1605    0.000506
1606    0.000502
1607    0.000508
1608    0.000501
1609    0.0005
1610    0.000524
1611    0.0005
1612    0.000496
1613    0.000501
1614    0.000515
1615    0.000502
1616    0.000502
1617    0.000502
1618    0.000504
1619    0.000519
1620    0.000501
1621    0.00051
1622    0.000503
1623    0.000498
1624    0.000501
1625    0.000502
1626    0.000507
1627    0.000508
1628    0.000506
1629    0.000501
1630    0.000504
1631    0.0005
1632    0.000505
1633    0.00052
1634    0.00051
1635    0.000508
1636    0.000504
1637    0.000498
1638    0.000491
1639    0.00051
1640    0.000504
1641    0.000503
1642    0.000505
1643    0.000502
1644    0.000504
1645    0.000498
1646    0.0005
1647    0.000512
1648    0.000501
1649    0.000503
1650    0.000502
1651    0.000596
1652    0.000507
1653    0.000503
1654    0.000502
1655    0.000507
1656    0.000508
1657    0.000498
1658    0.000505
1659    0.000501
1660    0.000508
1661    0.000448
1662    0.000495
1663    0.000512
1664    0.000514
1665    0.000502
1666    0.000503
1667    0.000498
1668    0.000502
1669    0.000507
1670    0.000504
1671    0.000502
1672    0.000523
1673    0.000504
1674    0.000501
1675    0.000503
1676    0.000499
1677    0.00051
1678    0.000506
1679    0.000502
1680    0.000506
1681    0.000508
1682    0.000504
1683    0.000501
1684    0.000502
1685    0.000498
1686    0.000502
1687    0.000514
1688    0.000491
1689    0.000498
1690    0.0005
1691    0.000501
1692    0.000499
1693    0.000509
1694    0.000503
1695    0.000503
1696    0.000516
1697    0.000514
1698    0.000512
1699    0.000519
1700    0.000507
1701    0.000592
1702    0.000501
1703    0.000508
1704    0.000508
1705    0.000503
1706    0.000501
1707    0.000507
1708    0.000508
1709    0.000506
1710    0.00051
1711    0.000517
1712    0.000505
1713    0.000513
1714    0.000517
1715    0.000505
1716    0.000502
1717    0.000515
1718    0.000495
1719    0.000501
1720    0.000501
1721    0.000507
1722    0.000509
1723    0.000505
1724    0.000505
1725    0.000513
1726    0.000498
1727    0.000508
1728    0.000512
1729    0.000508
1730    0.000501
1731    0.000504
1732    0.000513
1733    0.000509
1734    0.000508
1735    0.000503
1736    0.000516
1737    0.000508
1738    0.000505
1739    0.000502
1740    0.000508
1741    0.00051
1742    0.000535
1743    0.000515
1744    0.00051
1745    0.000509
1746    0.000508
1747    0.000513
1748    0.000521
1749    0.000512
1750    0.000508
1751    0.000592
1752    0.000503
1753    0.000509
1754    0.000502
1755    0.000501
1756    0.000507
1757    0.000499
1758    0.0005
1759    0.000507
1760    0.000502
1761    0.000503
1762    0.0005
1763    0.000441
1764    0.000494
1765    0.000501
1766    0.000516
1767    0.000508
1768    0.000518
1769    0.000507
1770    0.00051
1771    0.000499
1772    0.000508
1773    0.000504
1774    0.000501
1775    0.000506
1776    0.000498
1777    0.000504
1778    0.000501
1779    0.000509
1780    0.000502
1781    0.0005
1782    0.000511
1783    0.000503
1784    0.000524
1785    0.000513
1786    0.000514
1787    0.000518
1788    0.000504
1789    0.000543
1790    0.000543
1791    0.000591
1792    0.000528
1793    0.000591
1794    0.000532
1795    0.00056
1796    0.000513
1797    0.000504
1798    0.00051
1799    0.000527
1800    0.000525
1801    0.000508
1802    0.000523
1803    0.00052
1804    0.000509
1805    0.000507
1806    0.000516
1807    0.000541
1808    0.0006
1809    0.000586
1810    0.00052
1811    0.000512
1812    0.00051
1813    0.000507
1814    0.000516
1815    0.000513
1816    0.000503
1817    0.000519
1818    0.000543
1819    0.000579
1820    0.000509
1821    0.000528
1822    0.00055
1823    0.000574
1824    0.000579
1825    0.00058
1826    0.000517
1827    0.000517
1828    0.00051
1829    0.00052
1830    0.000564
1831    0.000597
1832    0.000629
1833    0.00061
1834    0.000631
1835    0.000611
1836    0.000576
1837    0.000621
1838    0.000584
1839    0.000511
1840    0.000604
1841    0.000599
1842    0.000597
1843    0.000637
1844    0.000615
1845    0.000602
1846    0.000594
1847    0.000591
1848    0.000576
1849    0.000554
1850    0.000583
1851    0.000577
1852    0.000513
1853    0.000514
1854    0.000514
1855    0.000508
1856    0.000539
1857    0.00051
1858    0.000546
1859    0.000558
1860    0.000559
1861    0.000579
1862    0.000509
1863    0.000502
1864    0.000504
1865    0.00045
1866    0.000499
1867    0.000507
1868    0.000508
1869    0.000515
1870    0.000508
1871    0.000507
1872    0.00051
1873    0.000507
1874    0.000508
1875    0.000509
1876    0.000529
1877    0.000504
1878    0.000505
1879    0.000512
1880    0.000507
1881    0.000567
1882    0.000588
1883    0.000713
1884    0.000658
1885    0.000727
1886    0.000647
1887    0.000644
1888    0.000675
1889    0.001045
1890    0.000663
1891    0.000686
1892    0.000813
1893    0.000874
1894    0.000649
1895    0.00065
1896    0.000844
1897    0.000816
1898    0.000783
1899    0.000806
1900    0.000658
1901    0.000668
1902    0.00105
1903    0.000741
1904    0.000725
1905    0.000691
1906    0.000755
1907    0.000687
1908    0.001054
1909    0.000666
1910    0.001137
1911    0.000661
1912    0.000778
1913    0.000647
1914    0.000653
1915    0.00065
1916    0.000642
1917    0.000833
1918    0.000656
1919    0.00066
1920    0.000692
1921    0.00069
1922    0.00067
1923    0.00062
1924    0.000653
1925    0.000679
1926    0.00067
1927    0.000655
1928    0.000662
1929    0.000657
1930    0.000661
1931    0.000628
1932    0.000646
1933    0.00066
1934    0.000692
1935    0.00065
1936    0.000665
1937    0.000829
1938    0.000842
1939    0.000651
1940    0.000655
1941    0.000742
1942    0.000729
1943    0.000734
1944    0.000653
1945    0.000659
1946    0.000664
1947    0.000669
1948    0.000651
1949    0.000645
1950    0.000677
1951    0.000576
1952    0.000499
1953    0.000507
1954    0.000504
1955    0.000503
1956    0.000512
1957    0.000509
1958    0.000503
1959    0.000524
1960    0.000569
1961    0.000502
1962    0.000509
1963    0.000505
1964    0.000508
1965    0.000507
1966    0.000506
1967    0.000449
1968    0.000498
1969    0.000504
1970    0.000501
1971    0.000508
1972    0.000503
1973    0.000502
1974    0.000507
1975    0.000504
1976    0.000637
1977    0.000516
1978    0.000503
1979    0.000506
1980    0.000504
1981    0.000499
1982    0.000654
1983    0.000672
1984    0.000702
1985    0.000664
1986    0.00059
1987    0.000643
1988    0.000593
1989    0.000648
1990    0.000592
1991    0.000502
1992    0.000511
1993    0.000503
1994    0.000505
1995    0.000504
1996    0.000504
1997    0.000509
1998    0.000517
1999    0.000499
2000    0.000594
2001    0.000713
2002    0.000647
2003    0.000657
2004    0.000677
2005    0.000918
2006    0.000885
2007    0.000658
2008    0.000629
2009    0.00064
2010    0.000634
2011    0.000642
2012    0.000838
2013    0.00069
2014    0.000663
2015    0.000761
2016    0.000709
2017    0.000685
2018    0.001129
2019    0.000715
2020    0.000806
2021    0.000649
2022    0.000656
2023    0.000663
2024    0.001073
2025    0.000697
2026    0.000658
2027    0.000592
2028    0.0006
2029    0.000671
2030    0.000688
2031    0.001197
2032    0.000655
2033    0.000697
2034    0.000734
2035    0.000713
2036    0.001005
2037    0.00067
2038    0.00064
2039    0.000695
2040    0.00065
2041    0.000666
2042    0.000805
2043    0.001203
2044    0.001179
2045    0.000643
2046    0.001178
2047    0.000759
2048    0.000658
2049    0.000641
2050    0.000651
2051    0.000827
2052    0.000651
2053    0.000687
2054    0.000663
2055    0.000863
2056    0.000896
2057    0.000755
2058    0.000686
2059    0.000676
2060    0.000668
2061    0.000642
2062    0.000663
2063    0.001069
2064    0.000664
2065    0.000752
2066    0.000656
2067    0.000699
2068    0.000837
2069    0.000586
2070    0.001154
2071    0.000668
2072    0.000653
2073    0.000653
2074    0.000652
2075    0.000659
2076    0.000782
2077    0.000657
2078    0.000675
2079    0.000658
2080    0.000771
2081    0.000775
2082    0.000719
2083    0.000811
2084    0.000992
2085    0.00073
2086    0.000651
2087    0.000721
2088    0.000652
2089    0.000643
2090    0.000672
2091    0.000868
2092    0.000819
2093    0.000712
2094    0.000657
2095    0.000667
2096    0.000668
2097    0.000676
2098    0.000662
2099    0.000645
2100    0.00064
2101    0.000736
2102    0.000651
2103    0.000659
2104    0.000647
2105    0.000662
2106    0.000699
2107    0.000661
2108    0.000658
2109    0.000649
2110    0.000662
2111    0.00073
2112    0.000649
2113    0.000642
2114    0.000666
2115    0.000649
2116    0.000654
2117    0.000589
2118    0.000628
2119    0.00059
2120    0.000587
2121    0.000649
2122    0.000655
2123    0.000642
2124    0.000587
2125    0.000606
2126    0.000647
2127    0.000624
2128    0.000643
2129    0.000654
2130    0.000644
2131    0.000693
2132    0.00069
2133    0.000718
2134    0.000689
2135    0.000683
2136    0.000779
2137    0.000694
2138    0.000785
2139    0.000686
2140    0.000727
2141    0.000637
2142    0.001098
2143    0.001203
2144    0.00078
2145    0.000659
2146    0.000657
2147    0.001143
2148    0.00111
2149    0.00073
2150    0.000748
2151    0.000649
2152    0.000583
2153    0.000589
2154    0.000585
2155    0.000618
2156    0.000873
2157    0.000582
2158    0.00057
2159    0.000516
2160    0.000547
2161    0.000506
2162    0.000508
2163    0.000506
2164    0.000585
2165    0.000502
2166    0.000502
2167    0.000519
2168    0.000507
2169    0.000509
2170    0.000508
2171    0.000501
2172    0.000562
2173    0.000506
2174    0.000528
2175    0.000512
2176    0.000504
2177    0.000506
2178    0.000506
2179    0.000505
2180    0.000504
2181    0.000505
2182    0.000506
2183    0.000507
2184    0.000525
2185    0.000503
2186    0.000508
2187    0.000504
2188    0.00064
2189    0.000571
2190    0.0005
2191    0.000504
2192    0.000504
2193    0.000509
2194    0.000507
2195    0.000509
2196    0.000505
2197    0.000503
2198    0.000514
2199    0.000503
2200    0.000512
2201    0.00059
2202    0.000509
2203    0.000555
2204    0.00051
2205    0.000506
2206    0.000525
2207    0.000505
2208    0.000511
2209    0.000513
2210    0.000497
2211    0.000518
2212    0.000525
2213    0.000511
2214    0.000502
2215    0.000516
2216    0.000499
2217    0.000504
2218    0.000505
2219    0.000507
2220    0.000508
2221    0.000509
2222    0.000511
2223    0.000507
2224    0.00051
2225    0.000516
2226    0.000503
2227    0.000591
2228    0.000512
2229    0.00051
2230    0.000521
2231    0.000506
2232    0.00051
2233    0.000508
2234    0.000506
2235    0.000506
2236    0.000504
2237    0.000505
2238    0.000506
2239    0.000505
2240    0.000503
2241    0.000509
2242    0.000505
2243    0.000509
2244    0.000495
2245    0.000509
2246    0.000501
2247    0.000504
2248    0.000509
2249    0.00051
2250    0.000511
2251    0.000573
2252    0.000555
2253    0.000654
2254    0.000589
2255    0.000506
2256    0.000511
2257    0.000504
2258    0.000521
2259    0.000519
2260    0.000511
2261    0.000503
2262    0.000509
2263    0.000505
2264    0.000502
2265    0.000504
2266    0.000508
2267    0.000518
2268    0.000539
2269    0.000498
2270    0.000503
2271    0.000545
2272    0.000535
2273    0.000443
2274    0.0005
2275    0.000509
2276    0.000511
2277    0.000523
2278    0.000507
2279    0.000529
2280    0.000521
2281    0.000513
2282    0.000516
2283    0.000514
2284    0.000515
2285    0.000549
2286    0.000533
2287    0.000533
2288    0.00051
2289    0.000505
2290    0.000521
2291    0.000507
2292    0.000519
2293    0.000519
2294    0.000507
2295    0.000514
2296    0.000512
2297    0.000529
2298    0.000515
2299    0.000509
2300    0.000516
2301    0.00057
2302    0.00065
2303    0.00058
2304    0.000531
2305    0.000508
2306    0.000509
2307    0.000505
2308    0.000515
2309    0.000523
2310    0.000505
2311    0.000516
2312    0.00051
2313    0.000525
2314    0.000508
2315    0.000538
2316    0.000516
2317    0.000517
2318    0.000509
2319    0.000519
2320    0.000509
2321    0.000515
2322    0.000509
2323    0.000511
2324    0.000524
2325    0.000512
2326    0.000519
2327    0.000503
2328    0.000532
2329    0.000517
2330    0.000514
2331    0.000514
2332    0.000507
2333    0.000504
2334    0.000513
2335    0.000522
2336    0.000504
2337    0.000506
2338    0.00051
2339    0.000504
2340    0.000509
2341    0.00052
2342    0.000521
2343    0.000511
2344    0.000509
2345    0.000519
2346    0.00051
2347    0.000526
2348    0.000513
2349    0.000528
2350    0.000516
2351    0.000578
2352    0.000543
2353    0.000511
2354    0.000505
2355    0.00053
2356    0.000502
2357    0.000508
2358    0.000512
2359    0.000546
2360    0.000553
2361    0.00051
2362    0.000505
2363    0.000507
2364    0.000514
2365    0.000504
2366    0.000531
2367    0.000502
2368    0.000506
2369    0.000513
2370    0.000506
2371    0.000508
2372    0.00052
2373    0.000525
2374    0.000508
2375    0.00045
2376    0.000506
2377    0.000515
2378    0.000505
2379    0.000501
2380    0.000502
2381    0.000507
2382    0.000506
2383    0.000504
2384    0.000505
2385    0.000508
2386    0.000502
2387    0.000505
2388    0.000511
2389    0.000507
2390    0.000508
2391    0.000509
2392    0.000509
2393    0.0005
2394    0.000503
2395    0.000508
2396    0.000498
2397    0.000537
2398    0.000505
2399    0.000508
2400    0.000503
2401    0.000593
2402    0.000513
2403    0.000505
2404    0.000517
2405    0.000516
2406    0.000516
2407    0.000501
2408    0.000524
2409    0.000511
2410    0.000502
2411    0.000518
2412    0.000514
2413    0.000499
2414    0.000511
2415    0.000515
2416    0.000514
2417    0.000522
2418    0.0005
2419    0.000527
2420    0.000509
2421    0.000515
2422    0.000528
2423    0.000507
2424    0.00051
2425    0.000507
2426    0.000522
2427    0.000508
2428    0.000505
2429    0.000503
2430    0.000511
2431    0.000498
2432    0.000513
2433    0.000511
2434    0.000525
2435    0.000502
2436    0.000514
2437    0.000516
2438    0.000509
2439    0.00051
2440    0.000495
2441    0.000517
2442    0.000504
2443    0.000504
2444    0.000507
2445    0.000501
2446    0.000919
2447    0.000642
2448    0.000566
2449    0.000513
2450    0.000508
2451    0.000584
2452    0.000502
2453    0.000513
2454    0.000502
2455    0.000504
2456    0.000508
2457    0.000503
2458    0.000511
2459    0.000503
2460    0.000523
2461    0.001181
2462    0.000556
2463    0.000502
2464    0.000507
2465    0.000505
2466    0.000503
2467    0.000505
2468    0.000505
2469    0.000507
2470    0.000507
2471    0.000503
2472    0.000505
2473    0.00051
2474    0.000503
2475    0.000514
2476    0.000507
2477    0.00045
2478    0.000511
2479    0.000519
2480    0.000517
2481    0.000603
2482    0.000515
2483    0.000506
2484    0.000507
2485    0.000509
2486    0.000515
2487    0.000511
2488    0.000513
2489    0.00051
2490    0.000518
2491    0.000504
2492    0.000509
2493    0.00052
2494    0.000528
2495    0.000512
2496    0.000508
2497    0.000508
2498    0.000512
2499    0.000506
2500    0.00053
2501    0.000566
2502    0.000609
2503    0.000559
2504    0.000512
2505    0.000509
2506    0.000519
2507    0.000516
2508    0.000505
2509    0.000517
2510    0.000501
2511    0.000516
2512    0.000507
2513    0.000519
2514    0.00051
2515    0.000524
2516    0.000516
2517    0.00052
2518    0.0005
2519    0.000501
2520    0.00051
2521    0.000517
2522    0.000507
2523    0.00051
2524    0.000513
2525    0.000518
2526    0.000511
2527    0.000516
2528    0.000505
2529    0.000502
2530    0.000508
2531    0.000507
2532    0.000523
2533    0.000509
2534    0.000513
2535    0.000527
2536    0.000514
2537    0.00051
2538    0.000511
2539    0.000493
2540    0.000508
2541    0.000502
2542    0.000505
2543    0.000505
2544    0.000516
2545    0.000503
2546    0.000507
2547    0.000501
2548    0.000514
2549    0.000508
2550    0.000517
2551    0.000511
2552    0.000505
2553    0.000511
2554    0.000508
2555    0.000509
2556    0.000503
2557    0.000509
2558    0.000491
2559    0.000503
2560    0.000506
2561    0.000507
2562    0.000506
2563    0.000511
2564    0.000509
2565    0.000504
2566    0.000504
2567    0.000505
2568    0.00051
2569    0.000511
2570    0.000504
2571    0.000508
2572    0.000521
2573    0.000505
2574    0.000509
2575    0.000506
2576    0.0005
2577    0.000509
2578    0.000606
2579    0.000444
2580    0.000499
2581    0.000499
2582    0.000511
2583    0.000505
2584    0.00057
2585    0.000509
2586    0.000499
2587    0.000507
2588    0.000501
2589    0.000513
2590    0.000506
2591    0.000504
2592    0.000508
2593    0.000566
2594    0.000507
2595    0.00051
2596    0.000507
2597    0.000503
2598    0.000506
2599    0.000503
2600    0.000493
2601    0.00057
2602    0.000523
2603    0.000505
2604    0.000505
2605    0.000504
2606    0.000507
2607    0.000506
2608    0.000503
2609    0.000507
2610    0.000509
2611    0.000502
2612    0.000506
2613    0.000507
2614    0.000507
2615    0.000499
2616    0.000502
2617    0.0005
2618    0.00051
2619    0.000503
2620    0.000502
2621    0.000502
2622    0.000568
2623    0.000502
2624    0.00052
2625    0.000509
2626    0.000506
2627    0.0005
2628    0.000507
2629    0.000511
2630    0.000504
2631    0.000519
2632    0.000509
2633    0.000507
2634    0.000508
2635    0.000507
2636    0.000501
2637    0.000523
2638    0.000504
2639    0.000507
2640    0.000494
2641    0.000508
2642    0.000518
2643    0.000505
2644    0.000506
2645    0.000505
2646    0.000503
2647    0.000503
2648    0.000502
2649    0.000502
2650    0.000504
2651    0.000509
2652    0.000627
2653    0.000587
2654    0.000517
2655    0.000513
2656    0.000505
2657    0.0005
2658    0.000495
2659    0.000502
2660    0.000507
2661    0.000514
2662    0.000509
2663    0.000513
2664    0.000503
2665    0.0005
2666    0.000501
2667    0.000507
2668    0.00051
2669    0.000504
2670    0.000506
2671    0.000514
2672    0.000503
2673    0.000507
2674    0.000506
2675    0.00051
2676    0.000496
2677    0.000533
2678    0.000505
2679    0.000503
2680    0.000503
2681    0.000447
2682    0.000495
2683    0.000505
2684    0.0005
2685    0.000502
2686    0.000502
2687    0.000512
2688    0.000509
2689    0.000513
2690    0.000499
2691    0.000509
2692    0.0005
2693    0.000527
2694    0.000512
2695    0.000504
2696    0.00051
2697    0.000501
2698    0.000517
2699    0.000514
2700    0.000497
2701    0.000598
2702    0.000523
2703    0.000504
2704    0.000503
2705    0.000506
2706    0.000505
2707    0.0005
2708    0.000507
2709    0.000505
2710    0.000515
2711    0.000508
2712    0.00051
2713    0.00052
2714    0.000511
2715    0.00052
2716    0.000506
2717    0.000503
2718    0.000497
2719    0.000514
2720    0.0005
2721    0.000507
2722    0.000505
2723    0.00053
2724    0.000502
2725    0.00051
2726    0.00052
2727    0.000513
2728    0.000509
2729    0.000514
2730    0.000515
2731    0.000503
2732    0.00051
2733    0.000511
2734    0.00051
2735    0.000497
2736    0.000502
2737    0.000572
2738    0.000521
2739    0.000504
2740    0.000511
2741    0.000515
2742    0.000513
2743    0.000521
2744    0.000508
2745    0.000507
2746    0.000499
2747    0.000502
2748    0.000507
2749    0.000508
2750    0.0005
2751    0.000569
2752    0.000582
2753    0.000507
2754    0.000517
2755    0.000514
2756    0.000503
2757    0.000505
2758    0.000502
2759    0.000496
2760    0.000505
2761    0.000532
2762    0.000516
2763    0.000507
2764    0.000502
2765    0.0005
2766    0.000506
2767    0.000512
2768    0.000505
2769    0.00051
2770    0.000506
2771    0.000515
2772    0.00051
2773    0.000505
2774    0.00051
2775    0.000514
2776    0.000509
2777    0.000506
2778    0.000512
2779    0.000511
2780    0.000511
2781    0.000502
2782    0.000509
2783    0.000449
2784    0.000508
2785    0.00051
2786    0.000519
2787    0.00051
2788    0.000513
2789    0.000508
2790    0.000501
2791    0.000519
2792    0.0005
2793    0.000507
2794    0.000531
2795    0.000507
2796    0.00051
2797    0.000514
2798    0.000501
2799    0.000512
2800    0.000499
2801    0.000507
2802    0.000507
2803    0.00051
2804    0.000519
2805    0.000498
2806    0.000505
2807    0.000505
2808    0.000507
2809    0.000614
2810    0.000506
2811    0.000506
2812    0.000504
2813    0.000509
2814    0.000505
2815    0.000504
2816    0.0005
2817    0.000507
2818    0.00053
2819    0.000507
2820    0.000497
2821    0.000506
2822    0.000512
2823    0.000512
2824    0.000512
2825    0.000507
2826    0.000511
2827    0.000511
2828    0.000514
2829    0.00051
2830    0.000512
2831    0.000506
2832    0.000508
2833    0.000516
2834    0.000506
2835    0.000503
2836    0.000512
2837    0.000506
2838    0.000512
2839    0.000509
2840    0.000504
2841    0.000507
2842    0.000507
2843    0.000522
2844    0.000514
2845    0.000516
2846    0.000518
2847    0.000504
2848    0.000507
2849    0.000513
2850    0.000504
2851    0.000618
2852    0.000599
2853    0.000521
2854    0.000534
2855    0.000512
2856    0.000501
2857    0.000503
2858    0.000501
2859    0.000501
2860    0.000571
2861    0.000574
2862    0.000529
2863    0.000512
2864    0.000501
2865    0.000521
2866    0.000511
2867    0.000513
2868    0.000504
2869    0.000501
2870    0.000519
2871    0.000516
2872    0.000515
2873    0.000517
2874    0.000512
2875    0.000525
2876    0.000511
2877    0.000512
2878    0.000506
2879    0.000504
2880    0.000494
2881    0.000515
2882    0.000506
2883    0.000522
2884    0.00051
2885    0.000447
2886    0.000499
2887    0.000503
2888    0.000506
2889    0.000505
2890    0.000511
2891    0.000527
2892    0.000511
2893    0.000526
2894    0.000512
2895    0.00051
2896    0.000508
2897    0.000511
2898    0.000512
2899    0.000519
2900    0.000501
2901    0.000552
2902    0.000524
2903    0.000511
2904    0.000509
2905    0.000509
2906    0.000519
2907    0.000503
2908    0.000512
2909    0.000515
2910    0.000507
2911    0.000511
2912    0.000509
2913    0.000509
2914    0.000517
2915    0.000519
2916    0.000509
2917    0.000516
2918    0.000508
2919    0.000602
2920    0.000576
2921    0.000518
2922    0.000511
2923    0.000501
2924    0.000507
2925    0.000516
2926    0.000503
2927    0.000522
2928    0.000508
2929    0.000509
2930    0.000503
2931    0.000516
2932    0.000513
2933    0.000514
2934    0.000497
2935    0.000511
2936    0.000507
2937    0.000517
2938    0.000505
2939    0.000511
2940    0.000521
2941    0.000512
2942    0.000514
2943    0.000522
2944    0.000509
2945    0.000509
2946    0.000511
2947    0.000513
2948    0.00052
2949    0.000497
2950    0.000501
2951    0.000602
2952    0.000525
2953    0.000516
2954    0.000519
2955    0.000507
2956    0.000507
2957    0.000545
2958    0.00051
2959    0.000512
2960    0.000608
2961    0.000641
2962    0.000606
2963    0.00063
2964    0.000726
2965    0.000714
2966    0.000657
2967    0.000574
2968    0.000602
2969    0.000573
2970    0.000572
2971    0.000507
2972    0.000551
2973    0.000588
2974    0.000664
2975    0.000638
2976    0.000589
2977    0.000593
2978    0.000571
2979    0.00051
2980    0.000505
2981    0.000603
2982    0.000631
2983    0.000685
2984    0.000663
2985    0.000656
2986    0.000659
2987    0.00059
2988    0.000633
2989    0.000589
2990    0.000638
2991    0.000648
2992    0.000642
2993    0.000701
2994    0.000667
2995    0.000643
2996    0.000675
2997    0.000679
2998    0.000676
2999    0.000656
3000    0.000675
3001    0.001188
3002    0.000827
3003    0.000718
3004    0.000649
3005    0.00123
3006    0.000661
3007    0.000731
3008    0.001228
3009    0.001201
3010    0.001132
3011    0.000642
3012    0.000662
3013    0.000713
3014    0.000685
3015    0.000647
3016    0.000637
3017    0.000625
3018    0.000585
3019    0.000637
3020    0.000811
3021    0.000608
3022    0.000575
3023    0.000502
3024    0.000512
3025    0.000592
3026    0.000617
3027    0.000595
3028    0.000945
3029    0.000639
3030    0.000647
3031    0.000688
3032    0.000634
3033    0.000674
3034    0.000807
3035    0.000639
3036    0.000703
3037    0.000745
3038    0.000682
3039    0.000643
3040    0.000636
3041    0.000752
3042    0.000709
3043    0.000657
3044    0.000643
3045    0.000635
3046    0.000598
3047    0.000729
3048    0.00073
3049    0.000669
3050    0.000685
3051    0.0012
3052    0.000648
3053    0.000594
3054    0.000573
3055    0.000596
3056    0.000569
3057    0.000586
3058    0.000564
3059    0.00057
3060    0.000572
3061    0.000572
3062    0.0005
3063    0.000607
3064    0.000555
3065    0.000504
3066    0.000499
3067    0.00052
3068    0.000526
3069    0.000573
3070    0.000513
3071    0.000503
3072    0.000493
3073    0.000502
3074    0.000505
3075    0.000554
3076    0.0005
3077    0.000503
3078    0.000505
3079    0.000503
3080    0.000512
3081    0.000507
3082    0.000504
3083    0.000505
3084    0.000507
3085    0.000503
3086    0.000494
3087    0.000552
3088    0.000506
3089    0.000447
3090    0.000493
3091    0.000739
3092    0.000762
3093    0.000649
3094    0.000571
3095    0.000585
3096    0.000573
3097    0.000505
3098    0.000502
3099    0.000595
3100    0.00064
3101    0.000682
3102    0.000648
3103    0.000681
3104    0.000585
3105    0.000577
3106    0.000506
3107    0.000504
3108    0.000503
3109    0.000538
3110    0.000657
3111    0.000648
3112    0.000644
3113    0.000605
3114    0.000661
3115    0.000659
3116    0.000646
3117    0.000645
3118    0.000814
3119    0.000641
3120    0.000649
3121    0.000966
3122    0.000718
3123    0.00069
3124    0.000654
3125    0.000643
3126    0.000637
3127    0.000623
3128    0.000603
3129    0.00057
3130    0.000604
3131    0.000665
3132    0.000633
3133    0.000669
3134    0.000646
3135    0.000667
3136    0.001242
3137    0.000658
3138    0.000666
3139    0.000639
3140    0.001054
3141    0.000726
3142    0.000648
3143    0.000594
3144    0.000584
3145    0.000594
3146    0.000608
3147    0.000575
3148    0.000604
3149    0.000565
3150    0.000584
3151    0.0005
3152    0.000658
3153    0.000625
3154    0.00064
3155    0.000619
3156    0.000609
3157    0.000573
3158    0.000568
3159    0.000544
3160    0.000559
3161    0.000569
3162    0.0005
3163    0.000517
3164    0.000551
3165    0.000498
3166    0.000509
3167    0.00053
3168    0.000586
3169    0.000612
3170    0.000629
3171    0.000741
3172    0.000696
3173    0.000647
3174    0.000654
3175    0.000614
3176    0.000591
3177    0.00057
3178    0.000504
3179    0.000525
3180    0.000616
3181    0.000617
3182    0.000641
3183    0.000616
3184    0.000572
3185    0.000598
3186    0.000588
3187    0.000587
3188    0.000625
3189    0.000626
3190    0.000666
3191    0.000546
3192    0.000576
3193    0.000644
3194    0.000631
3195    0.000631
3196    0.000652
3197    0.000669
3198    0.000619
3199    0.000612
3200    0.000609
3201    0.000612
3202    0.000638
3203    0.000673
3204    0.000653
3205    0.000588
3206    0.00057
3207    0.000572
3208    0.000503
3209    0.000555
3210    0.000616
3211    0.000587
3212    0.000602
3213    0.000596
3214    0.00064
3215    0.000684
3216    0.000648
3217    0.000613
3218    0.000619
3219    0.00065
3220    0.000651
3221    0.000637
3222    0.000608
3223    0.000571
3224    0.000501
3225    0.000509
3226    0.000512
3227    0.000508
3228    0.000522
3229    0.000597
3230    0.000595
3231    0.000619
3232    0.000594
3233    0.000633
3234    0.000627
3235    0.000621
3236    0.000628
3237    0.000625
3238    0.000618
3239    0.000645
3240    0.000662
3241    0.000649
3242    0.000632
3243    0.000642
3244    0.000619
3245    0.000581
3246    0.000511
3247    0.000602
3248    0.000601
3249    0.000616
3250    0.00064
3251    0.000587
3252    0.000579
3253    0.000614
3254    0.000614
3255    0.000621
3256    0.000647
3257    0.000588
3258    0.00059
3259    0.000511
3260    0.000515
3261    0.000575
3262    0.000669
3263    0.000647
3264    0.000653
3265    0.00067
3266    0.000654
3267    0.000649
3268    0.000772
3269    0.000702
3270    0.000696
3271    0.000626
3272    0.000602
3273    0.000575
3274    0.000502
3275    0.000523
3276    0.000549
3277    0.000574
3278    0.000511
3279    0.000568
3280    0.000514
3281    0.000558
3282    0.000551
3283    0.000578
3284    0.000517
3285    0.000842
3286    0.000591
3287    0.000576
3288    0.000643
3289    0.000868
3290    0.000704
3291    0.000671
3292    0.000657
3293    0.000602
3294    0.000723
3295    0.000714
3296    0.000643
3297    0.000646
3298    0.000622
3299    0.000645
3300    0.000655
3301    0.000812
3302    0.001188
3303    0.001204
3304    0.000654
3305    0.000849
3306    0.000959
3307    0.001198
3308    0.000687
3309    0.001278
3310    0.000676
3311    0.000928
3312    0.000585
3313    0.000582
3314    0.000624
3315    0.000614
3316    0.000583
3317    0.000571
3318    0.000625
3319    0.000505
3320    0.000568
3321    0.000502
3322    0.0005
3323    0.000502
3324    0.000503
3325    0.000506
3326    0.000589
3327    0.000634
3328    0.000641
3329    0.000701
3330    0.00065
3331    0.000802
3332    0.000708
3333    0.000691
3334    0.000645
3335    0.000641
3336    0.000619
3337    0.000815
3338    0.000678
3339    0.000647
3340    0.000588
3341    0.000581
3342    0.000571
3343    0.000604
3344    0.000603
3345    0.000594
3346    0.000596
3347    0.000624
3348    0.000663
3349    0.00065
3350    0.000654
3351    0.000667
3352    0.000573
3353    0.000505
3354    0.00051
3355    0.000501
3356    0.000516
3357    0.000502
3358    0.000509
3359    0.000513
3360    0.000509
3361    0.000507
3362    0.000512
3363    0.000562
3364    0.000575
3365    0.000585
3366    0.001068
3367    0.000596
3368    0.000576
3369    0.000512
3370    0.000515
3371    0.000555
3372    0.000529
3373    0.000569
3374    0.000527
3375    0.000561
3376    0.000565
3377    0.000566
3378    0.000504
3379    0.000722
3380    0.000735
3381    0.000681
3382    0.000639
3383    0.00059
3384    0.000597
3385    0.000574
3386    0.000569
3387    0.000661
3388    0.000658
3389    0.000654
3390    0.000591
3391    0.000644
3392    0.00065
3393    0.000649
3394    0.000615
3395    0.000564
3396    0.000581
3397    0.000591
3398    0.000609
3399    0.000626
3400    0.000667
3401    0.000643
3402    0.000645
3403    0.00062
3404    0.000621
3405    0.000674
3406    0.000625
3407    0.000585
3408    0.000567
3409    0.000505
3410    0.000504
3411    0.000496
3412    0.000499
3413    0.000669
3414    0.000571
3415    0.0005
3416    0.000506
3417    0.000553
3418    0.000586
3419    0.000598
3420    0.000584
3421    0.000582
3422    0.000615
3423    0.000592
3424    0.000571
3425    0.000506
3426    0.000501
3427    0.00051
3428    0.000502
3429    0.000597
3430    0.000601
3431    0.000589
3432    0.000571
3433    0.00057
3434    0.000552
3435    0.000569
3436    0.000571
3437    0.000504
3438    0.000505
3439    0.000507
3440    0.000509
3441    0.000507
3442    0.000507
3443    0.000502
3444    0.000494
3445    0.000573
3446    0.000504
3447    0.000503
3448    0.000509
3449    0.000589
3450    0.000646
3451    0.000608
3452    0.000646
3453    0.000608
3454    0.000569
3455    0.000605
3456    0.00061
3457    0.000611
3458    0.000642
3459    0.000663
3460    0.00062
3461    0.000616
3462    0.000605
3463    0.000621
3464    0.00052
3465    0.000503
3466    0.000522
3467    0.000578
3468    0.000582
3469    0.000572
3470    0.000639
3471    0.000605
3472    0.000519
3473    0.000516
3474    0.000514
3475    0.000511
3476    0.000502
3477    0.00051
3478    0.000499
3479    0.000514
3480    0.000505
3481    0.000513
3482    0.000514
3483    0.000502
3484    0.000513
3485    0.000518
3486    0.000511
3487    0.000521
3488    0.000513
3489    0.000519
3490    0.000502
3491    0.000508
3492    0.000499
3493    0.000505
3494    0.000501
3495    0.000502
3496    0.0005
3497    0.000456
3498    0.000525
3499    0.000508
3500    0.000512
3501    0.00059
3502    0.000609
3503    0.000638
3504    0.00065
3505    0.000599
3506    0.000611
3507    0.000641
3508    0.000601
3509    0.000606
3510    0.000624
3511    0.000662
3512    0.000572
3513    0.000505
3514    0.000525
3515    0.0006
3516    0.000606
3517    0.000584
3518    0.00065
3519    0.000645
3520    0.000642
3521    0.000583
3522    0.000498
3523    0.00056
3524    0.000505
3525    0.000499
3526    0.000506
3527    0.000504
3528    0.000502
3529    0.000513
3530    0.000537
3531    0.000616
3532    0.000577
3533    0.000496
3534    0.000493
3535    0.000501
3536    0.000505
3537    0.00051
3538    0.000509
3539    0.000612
3540    0.000766
3541    0.000583
3542    0.000507
3543    0.000515
3544    0.000501
3545    0.000501
3546    0.00058
3547    0.000576
3548    0.000568
3549    0.000513
3550    0.00117
3551    0.001147
3552    0.000687
3553    0.000645
3554    0.000653
3555    0.000674
3556    0.000658
3557    0.00081
3558    0.000648
3559    0.000652
3560    0.000695
3561    0.000649
3562    0.000657
3563    0.000689
3564    0.000645
3565    0.000655
3566    0.000658
3567    0.000644
3568    0.000594
3569    0.000596
3570    0.000588
3571    0.000634
3572    0.000499
3573    0.000525
3574    0.000497
3575    0.000561
3576    0.000503
3577    0.000514
3578    0.000539
3579    0.000595
3580    0.000578
3581    0.000516
3582    0.000504
3583    0.000592
3584    0.000576
3585    0.000572
3586    0.000604
3587    0.000507
3588    0.0005
3589    0.0005
3590    0.000506
3591    0.000505
3592    0.000509
3593    0.000512
3594    0.000497
3595    0.000571
3596    0.000575
3597    0.000535
3598    0.000529
3599    0.000493
3600    0.000498
