1    6
2    6
3    6
4    6
5    6
6    6
7    6
9    6
10    6
11    6
13    6
15    6
17    6
18    6
19    6
20    6
21    6
22    6
28    6
29    6
30    6
35    6
56    6
112    6
131    6
132    6
186    6
233    6
234    6
284    6
334    6
335    6
336    6
384    6
430    6
437    6
438    6
483    6
526    6
539    6
540    6
582    6
624    6
641    6
642    6
682    6
722    6
743    6
744    6
782    6
820    6
845    6
846    6
882    6
918    6
947    6
948    6
982    6
1016    6
1048    6
1049    6
1050    6
1082    6
1114    6
1144    6
1151    6
1152    6
1182    6
1212    6
1242    6
1253    6
1254    6
1282    6
1310    6
1338    6
1355    6
1356    6
1384    6
1410    6
1436    6
1457    6
1458    6
1484    6
1510    6
1536    6
1559    6
1560    6
1586    6
1612    6
1638    6
1661    6
1662    6
1688    6
1714    6
1740    6
1763    6
1764    6
1788    6
1812    6
1836    6
1860    6
1865    6
1866    6
1888    6
1910    6
1932    6
1952    6
1967    6
1968    6
1988    6
2008    6
2028    6
2048    6
2068    6
2069    6
2070    6
2088    6
2106    6
2124    6
2142    6
2160    6
2171    6
2172    6
2190    6
2208    6
2226    6
2244    6
2262    6
2273    6
2274    6
2294    6
2314    6
2334    6
2354    6
2374    6
2375    6
2376    6
2396    6
2418    6
2440    6
2462    6
2477    6
2478    6
2498    6
2518    6
2539    6
2558    6
2578    6
2579    6
2580    6
2600    6
2620    6
2640    6
2658    6
2676    6
2681    6
2682    6
2700    6
2718    6
2736    6
2752    6
2768    6
2783    6
2784    6
2800    6
2816    6
2832    6
2848    6
2864    6
2880    6
2885    6
2886    6
2902    6
2918    6
2934    6
2950    6
2966    6
2982    6
2987    6
2988    6
3002    6
3016    6
3030    6
3044    6
3058    6
3072    6
3086    6
3089    6
3090    6
3104    6
3118    6
3132    6
3146    6
3160    6
3174    6
3188    6
3191    6
3192    6
3206    6
3220    6
3234    6
3248    6
3262    6
3276    6
3290    6
3293    6
3294    6
3308    6
3322    6
3336    6
3350    6
3363    6
3375    6
3386    6
3395    6
3396    6
3408    6
3420    6
3432    6
3444    6
3456    6
3468    6
3480    6
3492    6
3497    6
3498    6
3510    6
3522    6
3534    6
3546    6
3558    6
3570    6
3582    6
3594    6
3599    6
3600    6
