1    0.001046
2    0.000459
3    0.000566
4    0.000483
5    0.000539
6    0.000467
7    0.000564
8    0.000556
9    0.000319
10    0.000435
11    0.000574
12    0.00056
13    0.000553
14    0.00057
15    0.000587
16    0.000686
17    0.001076
18    0.000584
19    0.000576
20    0.000572
21    0.000586
22    0.000593
23    0.000602
24    0.000583
25    0.000586
26    0.000583
27    0.000577
28    0.000651
29    0.000572
30    0.000565
31    0.000564
32    0.000567
33    0.000569
34    0.000591
35    0.000586
36    0.000586
37    0.000582
38    0.000571
39    0.000571
40    0.000567
41    0.000571
42    0.000584
43    0.000585
44    0.000574
45    0.000581
46    0.000568
47    0.00058
48    0.000569
49    0.000565
50    0.000567
51    0.000592
52    0.00056
53    0.000565
54    0.000592
55    0.000571
56    0.00057
57    0.000613
58    0.000646
59    0.000573
60    0.000571
61    0.000731
62    0.00057
63    0.000552
64    0.000554
65    0.000572
66    0.000567
67    0.000584
68    0.000756
69    0.000645
70    0.000567
71    0.00056
72    0.000554
73    0.000572
74    0.000573
75    0.000587
76    0.00058
77    0.000579
78    0.000566
79    0.000578
80    0.000587
81    0.000566
82    0.000568
83    0.000559
84    0.000566
85    0.000643
86    0.000568
87    0.00057
88    0.000575
89    0.000566
90    0.000563
91    0.000565
92    0.000596
93    0.000565
94    0.000563
95    0.000567
96    0.000562
97    0.000569
98    0.000577
99    0.000566
100    0.000567
101    0.001047
102    0.000582
103    0.000606
104    0.00058
105    0.000561
106    0.000593
107    0.000566
108    0.000577
109    0.000567
110    0.00059
111    0.000577
112    0.00058
113    0.000585
114    0.000566
115    0.000629
116    0.000593
117    0.001082
118    0.001083
119    0.000995
120    0.000568
121    0.000574
122    0.00055
123    0.000566
124    0.000558
125    0.000566
126    0.000569
127    0.000572
128    0.000565
129    0.000564
130    0.000575
131    0.00056
132    0.000564
133    0.000668
134    0.00056
135    0.001076
136    0.000582
137    0.000577
138    0.0006
139    0.000577
140    0.000581
141    0.000591
142    0.000585
143    0.00056
144    0.000573
145    0.000568
146    0.000561
147    0.000553
148    0.000574
149    0.000625
150    0.000573
151    0.000563
152    0.000569
153    0.000568
154    0.000561
155    0.000648
156    0.000634
157    0.00056
158    0.000559
159    0.001019
160    0.000573
161    0.000646
162    0.000554
163    0.000576
164    0.000569
165    0.001073
166    0.000569
167    0.000563
168    0.000562
169    0.000561
170    0.000576
171    0.000587
172    0.000584
173    0.000672
174    0.000583
175    0.000672
176    0.000674
177    0.000565
178    0.000623
179    0.000562
180    0.000596
181    0.000571
182    0.000569
183    0.000565
184    0.000573
185    0.000569
186    0.000996
187    0.00056
188    0.000579
189    0.000576
190    0.001083
191    0.000667
192    0.000567
193    0.000584
194    0.000765
195    0.000589
196    0.000563
197    0.000574
198    0.000567
199    0.000562
200    0.000561
201    0.001067
202    0.000657
203    0.000657
204    0.000564
205    0.000564
206    0.000564
207    0.001026
208    0.00057
209    0.000565
210    0.000577
211    0.000565
212    0.000588
213    0.000567
214    0.000563
215    0.000562
216    0.000564
217    0.000564
218    0.000574
219    0.000601
220    0.000586
221    0.000577
222    0.000583
223    0.000585
224    0.000575
225    0.000591
226    0.000566
227    0.00057
228    0.000565
229    0.000622
230    0.000822
231    0.000576
232    0.000562
233    0.000559
234    0.000597
235    0.000583
236    0.000677
237    0.001073
238    0.001126
239    0.001131
240    0.000602
241    0.000597
242    0.000623
243    0.000619
244    0.000622
245    0.000692
246    0.001142
247    0.000626
248    0.000611
249    0.00075
250    0.000626
251    0.000619
252    0.000624
253    0.000628
254    0.000638
255    0.00063
256    0.000644
257    0.000946
258    0.000651
259    0.000637
260    0.000643
261    0.000649
262    0.00066
263    0.000679
264    0.000757
265    0.000676
266    0.000658
267    0.000661
268    0.00066
269    0.000658
270    0.000638
271    0.000724
272    0.000637
273    0.000617
274    0.000624
275    0.000617
276    0.000638
277    0.000644
278    0.000649
279    0.000642
280    0.00064
281    0.000657
282    0.001263
283    0.00066
284    0.001126
285    0.000641
286    0.000645
287    0.00065
288    0.000672
289    0.000669
290    0.000661
291    0.000661
292    0.000656
293    0.000687
294    0.00129
295    0.001115
296    0.001236
297    0.001009
298    0.001066
299    0.000947
300    0.000705
301    0.000735
302    0.000595
303    0.000602
304    0.000595
305    0.000596
306    0.0006
307    0.000591
308    0.000595
309    0.000601
310    0.000603
311    0.000624
312    0.000605
313    0.0006
314    0.000611
315    0.000612
316    0.001067
317    0.00109
318    0.000609
319    0.000591
320    0.000598
321    0.000606
322    0.001137
323    0.001102
324    0.001164
325    0.000606
326    0.000597
327    0.00062
328    0.000783
329    0.000626
330    0.000624
331    0.000614
332    0.000648
333    0.000619
334    0.000625
335    0.000621
336    0.000611
337    0.000603
338    0.000886
339    0.0007
340    0.000621
341    0.000622
342    0.000622
343    0.000624
344    0.000628
345    0.000638
346    0.000634
347    0.000616
348    0.000621
349    0.000711
350    0.000621
351    0.000634
352    0.000642
353    0.00063
354    0.000633
355    0.00062
356    0.000624
357    0.000622
358    0.000624
359    0.000627
360    0.000645
361    0.00064
362    0.000641
363    0.000607
364    0.000619
365    0.000612
366    0.000624
367    0.00122
368    0.001203
369    0.000636
370    0.000636
371    0.000685
372    0.000672
373    0.000674
374    0.00066
375    0.000673
376    0.000699
377    0.001203
378    0.00122
379    0.000661
380    0.000876
381    0.000664
382    0.001243
383    0.000926
384    0.001007
385    0.000687
386    0.001131
387    0.001203
388    0.001166
389    0.001072
390    0.001084
391    0.001021
392    0.000724
393    0.001021
394    0.000656
395    0.000663
396    0.000667
397    0.001018
398    0.000936
399    0.000663
400    0.001144
401    0.000647
402    0.000666
403    0.001111
404    0.000689
405    0.000665
406    0.000688
407    0.000694
408    0.000698
409    0.000688
410    0.000711
411    0.000683
412    0.001238
413    0.000661
414    0.000665
415    0.000704
416    0.001273
417    0.000672
418    0.001209
419    0.001238
420    0.000662
421    0.000657
422    0.000847
423    0.001133
424    0.000841
425    0.000658
426    0.000792
427    0.001277
428    0.001179
429    0.001193
430    0.000661
431    0.000663
432    0.000719
433    0.000765
434    0.00069
435    0.000662
436    0.00067
437    0.000685
438    0.000686
439    0.001231
440    0.001196
441    0.001216
442    0.001303
443    0.001215
444    0.000663
445    0.00067
446    0.00066
447    0.000675
448    0.000684
449    0.000688
450    0.000689
451    0.000657
452    0.000655
453    0.001092
454    0.001127
455    0.000654
456    0.001185
457    0.000656
458    0.000793
459    0.000849
460    0.000739
461    0.00121
462    0.000665
463    0.000685
464    0.001233
465    0.000988
466    0.000711
467    0.000723
468    0.001211
469    0.001281
470    0.001275
471    0.000852
472    0.000712
473    0.000703
474    0.000701
475    0.000688
476    0.001236
477    0.000688
478    0.000799
479    0.000729
480    0.00072
481    0.000713
482    0.000724
483    0.000753
484    0.000683
485    0.000711
486    0.00101
487    0.000763
488    0.000708
489    0.000918
490    0.000708
491    0.00083
492    0.000705
493    0.000682
494    0.000686
495    0.000738
496    0.000677
497    0.000663
498    0.000761
499    0.000788
500    0.000689
501    0.001238
502    0.001194
503    0.001199
504    0.001199
505    0.001208
506    0.00067
507    0.000668
508    0.000675
509    0.000667
510    0.00072
511    0.000659
512    0.000674
513    0.000684
514    0.000655
515    0.000681
516    0.000695
517    0.001341
518    0.000653
519    0.000657
520    0.000658
521    0.000661
522    0.001078
523    0.000709
524    0.000664
525    0.000699
526    0.00068
527    0.000704
528    0.000706
529    0.000712
530    0.000688
531    0.000692
532    0.001158
533    0.001115
534    0.001104
535    0.000676
536    0.000679
537    0.000623
538    0.000983
539    0.000822
540    0.00075
541    0.000668
542    0.000691
543    0.000635
544    0.000646
545    0.000722
546    0.000666
547    0.000772
548    0.000661
549    0.001196
550    0.000675
551    0.000893
552    0.001192
553    0.001268
554    0.001309
555    0.001331
556    0.000742
557    0.001057
558    0.000823
559    0.00076
560    0.000889
561    0.000757
562    0.000885
563    0.00082
564    0.001448
565    0.00124
566    0.001273
567    0.001227
568    0.000762
569    0.000936
570    0.000777
571    0.000981
572    0.001404
573    0.001405
574    0.001395
575    0.001398
576    0.000768
577    0.00077
578    0.000764
579    0.000776
580    0.000728
581    0.000798
582    0.000765
583    0.00079
584    0.000768
585    0.000767
586    0.001359
587    0.001373
588    0.001398
589    0.001344
590    0.001333
591    0.001328
592    0.00136
593    0.000737
594    0.001398
595    0.001386
596    0.00073
597    0.000736
598    0.000756
599    0.00078
600    0.000764
601    0.000818
602    0.00081
603    0.000776
604    0.000758
605    0.00087
606    0.000754
607    0.000771
608    0.001379
609    0.001402
610    0.001414
611    0.000795
612    0.000742
613    0.000782
614    0.001392
615    0.001287
616    0.001178
617    0.00078
618    0.000766
619    0.000763
620    0.001043
621    0.000769
622    0.00076
623    0.000744
624    0.000768
625    0.000772
626    0.000767
627    0.000813
628    0.000796
629    0.000799
630    0.000755
631    0.000802
632    0.001102
633    0.00146
634    0.0014
635    0.001388
636    0.000761
637    0.000764
638    0.000763
639    0.000761
640    0.001354
641    0.000794
642    0.000936
643    0.000761
644    0.00073
645    0.000743
646    0.000726
647    0.000729
648    0.000758
649    0.000857
650    0.000862
651    0.000732
652    0.000748
653    0.000741
654    0.001221
655    0.001365
656    0.000759
657    0.00081
658    0.000746
659    0.000735
660    0.000744
661    0.000735
662    0.000732
663    0.0011
664    0.000963
665    0.000757
666    0.000766
667    0.000793
668    0.00076
669    0.000784
670    0.000822
671    0.001372
672    0.000767
673    0.001364
674    0.001413
675    0.001404
676    0.001431
677    0.000761
678    0.000763
679    0.000763
680    0.000883
681    0.00079
682    0.000791
683    0.000922
684    0.001372
685    0.000755
686    0.000784
687    0.000825
688    0.000752
689    0.000837
690    0.000755
691    0.001373
692    0.000758
693    0.000759
694    0.000754
695    0.000759
696    0.000768
697    0.000916
698    0.000792
699    0.001054
700    0.001229
701    0.001121
702    0.00122
703    0.001199
704    0.000787
705    0.000766
706    0.00077
707    0.000913
708    0.000771
709    0.000775
710    0.000767
711    0.001389
712    0.001379
713    0.000813
714    0.001399
715    0.001254
716    0.001106
717    0.001395
718    0.001374
719    0.001332
720    0.000734
721    0.000732
722    0.00077
723    0.000744
724    0.000851
725    0.00078
726    0.000765
727    0.000771
728    0.000898
729    0.000768
730    0.00085
731    0.000755
732    0.000757
733    0.00076
734    0.000751
735    0.000753
736    0.000774
737    0.000771
738    0.000758
739    0.001374
740    0.000885
741    0.000833
742    0.000821
743    0.00079
744    0.000875
745    0.000832
746    0.000766
747    0.000757
748    0.000756
749    0.000881
750    0.000861
751    0.000912
752    0.001317
753    0.000757
754    0.000773
755    0.000767
756    0.000778
757    0.000778
758    0.000762
759    0.001203
760    0.000969
761    0.000855
762    0.000773
763    0.000812
764    0.000965
765    0.000802
766    0.001132
767    0.00075
768    0.001405
769    0.001391
770    0.000766
771    0.000756
772    0.000786
773    0.000864
774    0.001375
775    0.000854
776    0.000919
777    0.000724
778    0.000733
779    0.000758
780    0.00093
781    0.000785
782    0.000757
783    0.000754
784    0.00075
785    0.000826
786    0.000772
787    0.000762
788    0.001163
789    0.000762
790    0.000774
791    0.00076
792    0.00077
793    0.000813
794    0.000768
795    0.000765
796    0.00081
797    0.000756
798    0.000772
799    0.000763
800    0.000767
801    0.000755
802    0.000771
803    0.001394
804    0.001381
805    0.000763
806    0.000762
807    0.000904
808    0.000756
809    0.000756
810    0.00076
811    0.001377
812    0.000757
813    0.001053
814    0.001126
815    0.001428
816    0.001171
817    0.001272
818    0.001278
819    0.000886
820    0.000766
821    0.000778
822    0.000771
823    0.001398
824    0.001391
825    0.000764
826    0.000768
827    0.000765
828    0.000762
829    0.000757
830    0.000844
831    0.000774
832    0.000869
833    0.000763
834    0.000783
835    0.000779
836    0.001122
837    0.000774
838    0.000769
839    0.000771
840    0.000872
841    0.001137
842    0.001264
843    0.000761
844    0.000867
845    0.00087
846    0.000771
847    0.000766
848    0.000796
849    0.000791
850    0.000895
851    0.000814
852    0.000773
853    0.000925
854    0.000771
855    0.000786
856    0.000801
857    0.001281
858    0.001299
859    0.000764
860    0.000796
861    0.000759
862    0.000768
863    0.000765
864    0.000778
865    0.000878
866    0.000768
867    0.000791
868    0.000912
869    0.000794
870    0.000793
871    0.000804
872    0.000801
873    0.000793
874    0.001443
875    0.001387
876    0.001376
877    0.000759
878    0.000777
879    0.000765
880    0.000785
881    0.000757
882    0.000786
883    0.000793
884    0.000778
885    0.000945
886    0.000768
887    0.000826
888    0.000872
889    0.001179
890    0.000808
891    0.00078
892    0.000772
893    0.000783
894    0.000752
895    0.001304
896    0.000795
897    0.000781
898    0.001216
899    0.000757
900    0.000753
901    0.00074
902    0.000733
903    0.000743
904    0.001368
905    0.001376
906    0.000741
907    0.000758
908    0.001277
909    0.001442
910    0.001321
911    0.001261
912    0.000759
913    0.000776
914    0.000768
915    0.00079
916    0.001424
917    0.00079
918    0.000765
919    0.000756
920    0.000763
921    0.001398
922    0.001137
923    0.000766
924    0.000755
925    0.001129
926    0.000872
927    0.000752
928    0.000777
929    0.000782
930    0.000854
931    0.000788
932    0.000786
933    0.000797
934    0.00077
935    0.000791
936    0.000778
937    0.000774
938    0.000745
939    0.0008
940    0.00079
941    0.000794
942    0.000767
943    0.001067
944    0.001384
945    0.000728
946    0.000741
947    0.000748
948    0.000769
949    0.000746
950    0.000753
951    0.000755
952    0.000744
953    0.000859
954    0.000759
955    0.000737
956    0.000794
957    0.001424
958    0.001319
959    0.001268
960    0.00136
961    0.001352
962    0.000738
963    0.000792
964    0.000769
965    0.000797
966    0.000776
967    0.000777
968    0.001385
969    0.001316
970    0.001071
971    0.000739
972    0.00075
973    0.000731
974    0.000763
975    0.000737
976    0.000777
977    0.001338
978    0.000748
979    0.000763
980    0.000786
981    0.000758
982    0.000891
983    0.000773
984    0.000777
985    0.000775
986    0.000783
987    0.000843
988    0.000811
989    0.000797
990    0.000777
991    0.000765
992    0.000893
993    0.001437
994    0.000764
995    0.000796
996    0.00108
997    0.000802
998    0.000768
999    0.000761
1000    0.00079
1001    0.000776
1002    0.000736
1003    0.00074
1004    0.000869
1005    0.000773
1006    0.000799
1007    0.000765
1008    0.000765
1009    0.000763
1010    0.00077
1011    0.000878
1012    0.000766
1013    0.000799
1014    0.000766
1015    0.00094
1016    0.00076
1017    0.00077
1018    0.00076
1019    0.000813
1020    0.000755
1021    0.000767
1022    0.000777
1023    0.000794
1024    0.000812
1025    0.000759
1026    0.00076
1027    0.000758
1028    0.000762
1029    0.000765
1030    0.000756
1031    0.000768
1032    0.000786
1033    0.001435
1034    0.001377
1035    0.000778
1036    0.000765
1037    0.000799
1038    0.000764
1039    0.000768
1040    0.00074
1041    0.000732
1042    0.000752
1043    0.000736
1044    0.000737
1045    0.000733
1046    0.000744
1047    0.000737
1048    0.000736
1049    0.000737
1050    0.000769
1051    0.000737
1052    0.000786
1053    0.000761
1054    0.000881
1055    0.000766
1056    0.000764
1057    0.000764
1058    0.001111
1059    0.000764
1060    0.000759
1061    0.001284
1062    0.000758
1063    0.000909
1064    0.001436
1065    0.000758
1066    0.000736
1067    0.000749
1068    0.001307
1069    0.001329
1070    0.001345
1071    0.001334
1072    0.001104
1073    0.001272
1074    0.001333
1075    0.000713
1076    0.0013
1077    0.000714
1078    0.000812
1079    0.000777
1080    0.000749
1081    0.000752
1082    0.000782
1083    0.000933
1084    0.000783
1085    0.000869
1086    0.0009
1087    0.001381
1088    0.001383
1089    0.000742
1090    0.000744
1091    0.001315
1092    0.000726
1093    0.000757
1094    0.000758
1095    0.000842
1096    0.000757
1097    0.000758
1098    0.000852
1099    0.000781
1100    0.000753
1101    0.001395
1102    0.000759
1103    0.000767
1104    0.000768
1105    0.001375
1106    0.000763
1107    0.000811
1108    0.000734
1109    0.000914
1110    0.000883
1111    0.000991
1112    0.000741
1113    0.001124
1114    0.000891
1115    0.000767
1116    0.000735
1117    0.001241
1118    0.000754
1119    0.000748
1120    0.000744
1121    0.000736
1122    0.000772
1123    0.000784
1124    0.000775
1125    0.000784
1126    0.000764
1127    0.000764
1128    0.000761
1129    0.000774
1130    0.000804
1131    0.000771
1132    0.000756
1133    0.000769
1134    0.000813
1135    0.000807
1136    0.000773
1137    0.000768
1138    0.000763
1139    0.000742
1140    0.00075
1141    0.000731
1142    0.00074
1143    0.000744
1144    0.000778
1145    0.000771
1146    0.000777
1147    0.000769
1148    0.000789
1149    0.001388
1150    0.000788
1151    0.001436
1152    0.001389
1153    0.000765
1154    0.000764
1155    0.000764
1156    0.000773
1157    0.000835
1158    0.001247
1159    0.000759
1160    0.000776
1161    0.000776
1162    0.000896
1163    0.001137
1164    0.000762
1165    0.000767
1166    0.000773
1167    0.00078
1168    0.000948
1169    0.000782
1170    0.001415
1171    0.001388
1172    0.001263
1173    0.000742
1174    0.000747
1175    0.000762
1176    0.00077
1177    0.000801
1178    0.000734
1179    0.000746
1180    0.000739
1181    0.000759
1182    0.000736
1183    0.00076
1184    0.000742
1185    0.000751
1186    0.000742
1187    0.000727
1188    0.000737
1189    0.000738
1190    0.000736
1191    0.001097
1192    0.000865
1193    0.000741
1194    0.000732
1195    0.000767
1196    0.000907
1197    0.000747
1198    0.001326
1199    0.001323
1200    0.000729
1201    0.001366
1202    0.001313
1203    0.001234
1204    0.000734
1205    0.000775
1206    0.000771
1207    0.000926
1208    0.000764
1209    0.000789
1210    0.000774
1211    0.001396
1212    0.000779
1213    0.000926
1214    0.000789
1215    0.000762
1216    0.000883
1217    0.000916
1218    0.000771
1219    0.000799
1220    0.000776
1221    0.000923
1222    0.000762
1223    0.000758
1224    0.001088
1225    0.000841
1226    0.000764
1227    0.00084
1228    0.000774
1229    0.00089
1230    0.000766
1231    0.001266
1232    0.001251
1233    0.000972
1234    0.000811
1235    0.001335
1236    0.001342
1237    0.000737
1238    0.000789
1239    0.000841
1240    0.000852
1241    0.000783
1242    0.000914
1243    0.000769
1244    0.00073
1245    0.000735
1246    0.000767
1247    0.000766
1248    0.000776
1249    0.000758
1250    0.000785
1251    0.000761
1252    0.000763
1253    0.000777
1254    0.001073
1255    0.00076
1256    0.00074
1257    0.000738
1258    0.000795
1259    0.000815
1260    0.000773
1261    0.00078
1262    0.000764
1263    0.000759
1264    0.00076
1265    0.000763
1266    0.000859
1267    0.00077
1268    0.00092
1269    0.001109
1270    0.000757
1271    0.000765
1272    0.000781
1273    0.000783
1274    0.000777
1275    0.000784
1276    0.00078
1277    0.000763
1278    0.001263
1279    0.001248
1280    0.001379
1281    0.001382
1282    0.001386
1283    0.001315
1284    0.000744
1285    0.000769
1286    0.000735
1287    0.000788
1288    0.000781
1289    0.000892
1290    0.001379
1291    0.001395
1292    0.001326
1293    0.000884
1294    0.00081
1295    0.00077
1296    0.000764
1297    0.000762
1298    0.000734
1299    0.000941
1300    0.000737
1301    0.000766
1302    0.000759
1303    0.000758
1304    0.000911
1305    0.000757
1306    0.001392
1307    0.000756
1308    0.000806
1309    0.00084
1310    0.000922
1311    0.000765
1312    0.000762
1313    0.00077
1314    0.000773
1315    0.000859
1316    0.000763
1317    0.000771
1318    0.000768
1319    0.000759
1320    0.000883
1321    0.00139
1322    0.000755
1323    0.000771
1324    0.001127
1325    0.001206
1326    0.000834
1327    0.000889
1328    0.000899
1329    0.001194
1330    0.000743
1331    0.000816
1332    0.000759
1333    0.001331
1334    0.000756
1335    0.000758
1336    0.000729
1337    0.000751
1338    0.000733
1339    0.000759
1340    0.001393
1341    0.000741
1342    0.000746
1343    0.000763
1344    0.000813
1345    0.000774
1346    0.000751
1347    0.000761
1348    0.000768
1349    0.000762
1350    0.001389
1351    0.000773
1352    0.000767
1353    0.000767
1354    0.000782
1355    0.000788
1356    0.000762
1357    0.000795
1358    0.000777
1359    0.000796
1360    0.001347
1361    0.001339
1362    0.001341
1363    0.001387
1364    0.001332
1365    0.001271
1366    0.000735
1367    0.000748
1368    0.001381
1369    0.001375
1370    0.000771
1371    0.000795
1372    0.000745
1373    0.001302
1374    0.001239
1375    0.001246
1376    0.001285
1377    0.001266
1378    0.000848
1379    0.001396
1380    0.001387
1381    0.000728
1382    0.000744
1383    0.001343
1384    0.001022
1385    0.000899
1386    0.000766
1387    0.000766
1388    0.001179
1389    0.001345
1390    0.001341
1391    0.001321
1392    0.000742
1393    0.000785
1394    0.000729
1395    0.000728
1396    0.00076
1397    0.000769
1398    0.000755
1399    0.000852
1400    0.000753
1401    0.00075
1402    0.000777
1403    0.000729
1404    0.000859
1405    0.00075
1406    0.000774
1407    0.000765
1408    0.00076
1409    0.000772
1410    0.000841
1411    0.000766
1412    0.00138
1413    0.001374
1414    0.001364
1415    0.000783
1416    0.000773
1417    0.00073
1418    0.000739
1419    0.000733
1420    0.000824
1421    0.000762
1422    0.000759
1423    0.000836
1424    0.000762
1425    0.000785
1426    0.000751
1427    0.000732
1428    0.00079
1429    0.000757
1430    0.001333
1431    0.001384
1432    0.00073
1433    0.0008
1434    0.000778
1435    0.000735
1436    0.000769
1437    0.000766
1438    0.00074
1439    0.000726
1440    0.000821
1441    0.00073
1442    0.000728
1443    0.000729
1444    0.000762
1445    0.000752
1446    0.00075
1447    0.000759
1448    0.000738
1449    0.001397
1450    0.000766
1451    0.00076
1452    0.00077
1453    0.000766
1454    0.000771
1455    0.001422
1456    0.001278
1457    0.001399
1458    0.000772
1459    0.000784
1460    0.000882
1461    0.000767
1462    0.000793
1463    0.000802
1464    0.001055
1465    0.001398
1466    0.001389
1467    0.00137
1468    0.001381
1469    0.001393
1470    0.001086
1471    0.001174
1472    0.000743
1473    0.000734
1474    0.001168
1475    0.001107
1476    0.000733
1477    0.000735
1478    0.000736
1479    0.000739
1480    0.000745
1481    0.00075
1482    0.000739
1483    0.000769
1484    0.000803
1485    0.000752
1486    0.000732
1487    0.001309
1488    0.000752
1489    0.000747
1490    0.000737
1491    0.000805
1492    0.000767
1493    0.000762
1494    0.000762
1495    0.000762
1496    0.000829
1497    0.000767
1498    0.000759
1499    0.000761
1500    0.000765
1501    0.000772
1502    0.000762
1503    0.000831
1504    0.000771
1505    0.001269
1506    0.000766
1507    0.001441
1508    0.001455
1509    0.00144
1510    0.000765
1511    0.000847
1512    0.001458
1513    0.001412
1514    0.00077
1515    0.000759
1516    0.00139
1517    0.001373
1518    0.000774
1519    0.000874
1520    0.001369
1521    0.000802
1522    0.001315
1523    0.001329
1524    0.001298
1525    0.001348
1526    0.000727
1527    0.000872
1528    0.001331
1529    0.000742
1530    0.000733
1531    0.000734
1532    0.000735
1533    0.000977
1534    0.001354
1535    0.001357
1536    0.000738
1537    0.000735
1538    0.000757
1539    0.000751
1540    0.000737
1541    0.000764
1542    0.001391
1543    0.00076
1544    0.000778
1545    0.000761
1546    0.000758
1547    0.000769
1548    0.000761
1549    0.000816
1550    0.000756
1551    0.0014
1552    0.000766
1553    0.000803
1554    0.000761
1555    0.00089
1556    0.000853
1557    0.000754
1558    0.00077
1559    0.001405
1560    0.001377
1561    0.001429
1562    0.001071
1563    0.001039
1564    0.001165
1565    0.00076
1566    0.00082
1567    0.000759
1568    0.000732
1569    0.000735
1570    0.000734
1571    0.000813
1572    0.000735
1573    0.001231
1574    0.000741
1575    0.001201
1576    0.000743
1577    0.000736
1578    0.000746
1579    0.000905
1580    0.000835
1581    0.00099
1582    0.001403
1583    0.000861
1584    0.001123
1585    0.000764
1586    0.000764
1587    0.000765
1588    0.000759
1589    0.000901
1590    0.000761
1591    0.00076
1592    0.00077
1593    0.00076
1594    0.000821
1595    0.000773
1596    0.000788
1597    0.000768
1598    0.000775
1599    0.000864
1600    0.000767
1601    0.000917
1602    0.001025
1603    0.000776
1604    0.000761
1605    0.000784
1606    0.0009
1607    0.001371
1608    0.001368
1609    0.000923
1610    0.000963
1611    0.000959
1612    0.000797
1613    0.000947
1614    0.000758
1615    0.000766
1616    0.000757
1617    0.000757
1618    0.000773
1619    0.00078
1620    0.000756
1621    0.000731
1622    0.00075
1623    0.000785
1624    0.000723
1625    0.000752
1626    0.00081
1627    0.000702
1628    0.000927
1629    0.000952
1630    0.000748
1631    0.000733
1632    0.000734
1633    0.000737
1634    0.000748
1635    0.000737
1636    0.00078
1637    0.000732
1638    0.0008
1639    0.000931
1640    0.000764
1641    0.000757
1642    0.001371
1643    0.000951
1644    0.000762
1645    0.000778
1646    0.000804
1647    0.0014
1648    0.000728
1649    0.000805
1650    0.001372
1651    0.000888
1652    0.000762
1653    0.000782
1654    0.000776
1655    0.000756
1656    0.000789
1657    0.000763
1658    0.00076
1659    0.000802
1660    0.000932
1661    0.000759
1662    0.000754
1663    0.00076
1664    0.000766
1665    0.000886
1666    0.00076
1667    0.000772
1668    0.000761
1669    0.000763
1670    0.001403
1671    0.001398
1672    0.000762
1673    0.001245
1674    0.001039
1675    0.001349
1676    0.001341
1677    0.001172
1678    0.000737
1679    0.001093
1680    0.001281
1681    0.000726
1682    0.000777
1683    0.000743
1684    0.000742
1685    0.00075
1686    0.000768
1687    0.001384
1688    0.001377
1689    0.000831
1690    0.001325
1691    0.001326
1692    0.000735
1693    0.000739
1694    0.000757
1695    0.000763
1696    0.000931
1697    0.000847
1698    0.000786
1699    0.000896
1700    0.001342
1701    0.000912
1702    0.000796
1703    0.000771
1704    0.000763
1705    0.000934
1706    0.000798
1707    0.000781
1708    0.000958
1709    0.000761
1710    0.000751
1711    0.000791
1712    0.00073
1713    0.00073
1714    0.000855
1715    0.000729
1716    0.000766
1717    0.000759
1718    0.000838
1719    0.000788
1720    0.000761
1721    0.000745
1722    0.000771
1723    0.001152
1724    0.000732
1725    0.000732
1726    0.000753
1727    0.000755
1728    0.000755
1729    0.000761
1730    0.000753
1731    0.000758
1732    0.000721
1733    0.000872
1734    0.00073
1735    0.000728
1736    0.001379
1737    0.001393
1738    0.001313
1739    0.00136
1740    0.000738
1741    0.000727
1742    0.00073
1743    0.000808
1744    0.000756
1745    0.000759
1746    0.000828
1747    0.001412
1748    0.001374
1749    0.001116
1750    0.001396
1751    0.00123
1752    0.000772
1753    0.000774
1754    0.000774
1755    0.000754
1756    0.000763
1757    0.000776
1758    0.000769
1759    0.000736
1760    0.000731
1761    0.000737
1762    0.000757
1763    0.000769
1764    0.001137
1765    0.001305
1766    0.00074
1767    0.000749
1768    0.000799
1769    0.001272
1770    0.001432
1771    0.001382
1772    0.000734
1773    0.001223
1774    0.001132
1775    0.000733
1776    0.000733
1777    0.000741
1778    0.001395
1779    0.000736
1780    0.000748
1781    0.000838
1782    0.000772
1783    0.000935
1784    0.000762
1785    0.00134
1786    0.001436
1787    0.001343
1788    0.001338
1789    0.00075
1790    0.000735
1791    0.000741
1792    0.000739
1793    0.001408
1794    0.00135
1795    0.001341
1796    0.000751
1797    0.000748
1798    0.000735
1799    0.000734
1800    0.001409
1801    0.001326
1802    0.001361
1803    0.000767
1804    0.000741
1805    0.000747
1806    0.000748
1807    0.001185
1808    0.001351
1809    0.001326
1810    0.000862
1811    0.000789
1812    0.000759
1813    0.000806
1814    0.000796
1815    0.000797
1816    0.000752
1817    0.000764
1818    0.000744
1819    0.000754
1820    0.000728
1821    0.000859
1822    0.000786
1823    0.000784
1824    0.000765
1825    0.000747
1826    0.000744
1827    0.000733
1828    0.001354
1829    0.000802
1830    0.001285
1831    0.000763
1832    0.000734
1833    0.000967
1834    0.001157
1835    0.000856
1836    0.001121
1837    0.001194
1838    0.001292
1839    0.00077
1840    0.000809
1841    0.000769
1842    0.000975
1843    0.000772
1844    0.000771
1845    0.000738
1846    0.000742
1847    0.001337
1848    0.001316
1849    0.001348
1850    0.001337
1851    0.001201
1852    0.000797
1853    0.000943
1854    0.000897
1855    0.000804
1856    0.000765
1857    0.000767
1858    0.000763
1859    0.000768
1860    0.000772
1861    0.000768
1862    0.000765
1863    0.001426
1864    0.000767
1865    0.000778
1866    0.000769
1867    0.000771
1868    0.000763
1869    0.000761
1870    0.001228
1871    0.001357
1872    0.001384
1873    0.001386
1874    0.000767
1875    0.000804
1876    0.001372
1877    0.00074
1878    0.001328
1879    0.000917
1880    0.000757
1881    0.000737
1882    0.000944
1883    0.000928
1884    0.000779
1885    0.000817
1886    0.000754
1887    0.000764
1888    0.000895
1889    0.001392
1890    0.001081
1891    0.001124
1892    0.000767
1893    0.000762
1894    0.001248
1895    0.001292
1896    0.000759
1897    0.001374
1898    0.001348
1899    0.00075
1900    0.000746
1901    0.001396
1902    0.000771
1903    0.000776
1904    0.000773
1905    0.00077
1906    0.000781
1907    0.000784
1908    0.000773
1909    0.000775
1910    0.000788
1911    0.000783
1912    0.000764
1913    0.000806
1914    0.000764
1915    0.00074
1916    0.000746
1917    0.000768
1918    0.000761
1919    0.000761
1920    0.000808
1921    0.000769
1922    0.000779
1923    0.00127
1924    0.000763
1925    0.000773
1926    0.00135
1927    0.00134
1928    0.001328
1929    0.000727
1930    0.000734
1931    0.001305
1932    0.000747
1933    0.000758
1934    0.000761
1935    0.000759
1936    0.001027
1937    0.00101
1938    0.001331
1939    0.000759
1940    0.000802
1941    0.000773
1942    0.000831
1943    0.001074
1944    0.001378
1945    0.000759
1946    0.001371
1947    0.001391
1948    0.001384
1949    0.001386
1950    0.001393
1951    0.000771
1952    0.001008
1953    0.000772
1954    0.000778
1955    0.000774
1956    0.001398
1957    0.001406
1958    0.000843
1959    0.001457
1960    0.001504
1961    0.000733
1962    0.000731
1963    0.001361
1964    0.000732
1965    0.000737
1966    0.000741
1967    0.000734
1968    0.000731
1969    0.000721
1970    0.000706
1971    0.000704
1972    0.000704
1973    0.000717
1974    0.000713
1975    0.000707
1976    0.00071
1977    0.000707
1978    0.000705
1979    0.000702
1980    0.000705
1981    0.000737
1982    0.00071
1983    0.000711
1984    0.00071
1985    0.001261
1986    0.000704
1987    0.000805
1988    0.000694
1989    0.000679
1990    0.000687
1991    0.000678
1992    0.000693
1993    0.000673
1994    0.000784
1995    0.000685
1996    0.00083
1997    0.001322
1998    0.000684
1999    0.000681
2000    0.000688
2001    0.000704
2002    0.000716
2003    0.000727
2004    0.0007
2005    0.000713
2006    0.000711
2007    0.000806
2008    0.00078
2009    0.001186
2010    0.001205
2011    0.001292
2012    0.000694
2013    0.000712
2014    0.001074
2015    0.00069
2016    0.000697
2017    0.000678
2018    0.000689
2019    0.000683
2020    0.000695
2021    0.000684
2022    0.000681
2023    0.000738
2024    0.000707
2025    0.000706
2026    0.000702
2027    0.000709
2028    0.001304
2029    0.00069
2030    0.000695
2031    0.000686
2032    0.000706
2033    0.000713
2034    0.000698
2035    0.000707
2036    0.000782
2037    0.000717
2038    0.000709
2039    0.000708
2040    0.000707
2041    0.000707
2042    0.000709
2043    0.000716
2044    0.000705
2045    0.000728
2046    0.000707
2047    0.000707
2048    0.000721
2049    0.000699
2050    0.000708
2051    0.000682
2052    0.000684
2053    0.000684
2054    0.000688
2055    0.000711
2056    0.000683
2057    0.000687
2058    0.000677
2059    0.000681
2060    0.000674
2061    0.000997
2062    0.001045
2063    0.001255
2064    0.000678
2065    0.000682
2066    0.000687
2067    0.000682
2068    0.000689
2069    0.000682
2070    0.000675
2071    0.000682
2072    0.000671
2073    0.000687
2074    0.000682
2075    0.000686
2076    0.000681
2077    0.001235
2078    0.00069
2079    0.001245
2080    0.000682
2081    0.000684
2082    0.000682
2083    0.000679
2084    0.000686
2085    0.00071
2086    0.00069
2087    0.000728
2088    0.000713
2089    0.000689
2090    0.000691
2091    0.000676
2092    0.00069
2093    0.000693
2094    0.000705
2095    0.000848
2096    0.001243
2097    0.000677
2098    0.000712
2099    0.000681
2100    0.000672
2101    0.001256
2102    0.000733
2103    0.000738
2104    0.000737
2105    0.00073
2106    0.000736
2107    0.000703
2108    0.000744
2109    0.000817
2110    0.00071
2111    0.000714
2112    0.000715
2113    0.000742
2114    0.000775
2115    0.000745
2116    0.000823
2117    0.000743
2118    0.000714
2119    0.000761
2120    0.000858
2121    0.000749
2122    0.001037
2123    0.000847
2124    0.000866
2125    0.000839
2126    0.000739
2127    0.000748
2128    0.000713
2129    0.000724
2130    0.000822
2131    0.000765
2132    0.000722
2133    0.000681
2134    0.000686
2135    0.000696
2136    0.000712
2137    0.001287
2138    0.000801
2139    0.000671
2140    0.000793
2141    0.000679
2142    0.000675
2143    0.000674
2144    0.000675
2145    0.000708
2146    0.000707
2147    0.000702
2148    0.000689
2149    0.000743
2150    0.000828
2151    0.000702
2152    0.000822
2153    0.000716
2154    0.0007
2155    0.000716
2156    0.0013
2157    0.000708
2158    0.000692
2159    0.000695
2160    0.000703
2161    0.000824
2162    0.000998
2163    0.000963
2164    0.001271
2165    0.001327
2166    0.001135
2167    0.000774
2168    0.001327
2169    0.001353
2170    0.001301
2171    0.000682
2172    0.000681
2173    0.000649
2174    0.000647
2175    0.000645
2176    0.000653
2177    0.000667
2178    0.000613
2179    0.000645
2180    0.000618
2181    0.000622
2182    0.00061
2183    0.000613
2184    0.000636
2185    0.000626
2186    0.000602
2187    0.000598
2188    0.000595
2189    0.000868
2190    0.000619
2191    0.000628
2192    0.000617
2193    0.000615
2194    0.000642
2195    0.000613
2196    0.000611
2197    0.000616
2198    0.00069
2199    0.000691
2200    0.000639
2201    0.000611
2202    0.001096
2203    0.000602
2204    0.000616
2205    0.000597
2206    0.000602
2207    0.000602
2208    0.000601
2209    0.000623
2210    0.001117
2211    0.00063
2212    0.001111
2213    0.000666
2214    0.001095
2215    0.000652
2216    0.000773
2217    0.001227
2218    0.000671
2219    0.000677
2220    0.000681
2221    0.000706
2222    0.000766
2223    0.000686
2224    0.000685
2225    0.000692
2226    0.000724
2227    0.00085
2228    0.001001
2229    0.000681
2230    0.001224
2231    0.000683
2232    0.000678
2233    0.000741
2234    0.000658
2235    0.00067
2236    0.001067
2237    0.001174
2238    0.000614
2239    0.000632
2240    0.000645
2241    0.000657
2242    0.00063
2243    0.000619
2244    0.000647
2245    0.000654
2246    0.000673
2247    0.000649
2248    0.000627
2249    0.000621
2250    0.001088
2251    0.00062
2252    0.001111
2253    0.000581
2254    0.000595
2255    0.000605
2256    0.000663
2257    0.001048
2258    0.000826
2259    0.00061
2260    0.001119
2261    0.000599
2262    0.000601
2263    0.000595
2264    0.000953
2265    0.001073
2266    0.001054
2267    0.000889
2268    0.000613
2269    0.000598
2270    0.00062
2271    0.000615
2272    0.000607
2273    0.000625
2274    0.001141
2275    0.000657
2276    0.000659
2277    0.000671
2278    0.000651
2279    0.00083
2280    0.00121
2281    0.001267
2282    0.000689
2283    0.000726
2284    0.000693
2285    0.00071
2286    0.000699
2287    0.000703
2288    0.000799
2289    0.000701
2290    0.000704
2291    0.000689
2292    0.000697
2293    0.00072
2294    0.000721
2295    0.000709
2296    0.000694
2297    0.000708
2298    0.000753
2299    0.000822
2300    0.000703
2301    0.000727
2302    0.000691
2303    0.000704
2304    0.000693
2305    0.000711
2306    0.001312
2307    0.000713
2308    0.001255
2309    0.000722
2310    0.001284
2311    0.001245
2312    0.001149
2313    0.00062
2314    0.000623
2315    0.000638
2316    0.000647
2317    0.000662
2318    0.000649
2319    0.001149
2320    0.000617
2321    0.000612
2322    0.000656
2323    0.000616
2324    0.000798
2325    0.000621
2326    0.000712
2327    0.000614
2328    0.000613
2329    0.000658
2330    0.000612
2331    0.000605
2332    0.000617
2333    0.000609
2334    0.000625
2335    0.000626
2336    0.001246
2337    0.000666
2338    0.001199
2339    0.000787
2340    0.000677
2341    0.000701
2342    0.000679
2343    0.000684
2344    0.000689
2345    0.000687
2346    0.000672
2347    0.000671
2348    0.000838
2349    0.000715
2350    0.00075
2351    0.00071
2352    0.000717
2353    0.00068
2354    0.000831
2355    0.001247
2356    0.001243
2357    0.001187
2358    0.00108
2359    0.000779
2360    0.000711
2361    0.000724
2362    0.00114
2363    0.001156
2364    0.000754
2365    0.000766
2366    0.000756
2367    0.000786
2368    0.000755
2369    0.000699
2370    0.000747
2371    0.000716
2372    0.001325
2373    0.000726
2374    0.000729
2375    0.001108
2376    0.000743
2377    0.000711
2378    0.001299
2379    0.000768
2380    0.000768
2381    0.000769
2382    0.000828
2383    0.000754
2384    0.000793
2385    0.00071
2386    0.000764
2387    0.000842
2388    0.000831
2389    0.000727
2390    0.000731
2391    0.000742
2392    0.000701
2393    0.000697
2394    0.001107
2395    0.001305
2396    0.001248
2397    0.001225
2398    0.000958
2399    0.001392
2400    0.001341
2401    0.000768
2402    0.001057
2403    0.001267
2404    0.000714
2405    0.000711
2406    0.000685
2407    0.000692
2408    0.000695
2409    0.000713
2410    0.000715
2411    0.000717
2412    0.000724
2413    0.000711
2414    0.000718
2415    0.000722
2416    0.000704
2417    0.000718
2418    0.00072
2419    0.000709
2420    0.000714
2421    0.000732
2422    0.000746
2423    0.000718
2424    0.000717
2425    0.001025
2426    0.000746
2427    0.00071
2428    0.000724
2429    0.000711
2430    0.000719
2431    0.000705
2432    0.000712
2433    0.000722
2434    0.000774
2435    0.000714
2436    0.000876
2437    0.000714
2438    0.000725
2439    0.00084
2440    0.000817
2441    0.000725
2442    0.00074
2443    0.000688
2444    0.00081
2445    0.000711
2446    0.000812
2447    0.000745
2448    0.000702
2449    0.000731
2450    0.000716
2451    0.001294
2452    0.000689
2453    0.000867
2454    0.000681
2455    0.000687
2456    0.00069
2457    0.000687
2458    0.000683
2459    0.000682
2460    0.000724
2461    0.000721
2462    0.000714
2463    0.000698
2464    0.001228
2465    0.000686
2466    0.000728
2467    0.000731
2468    0.0007
2469    0.000705
2470    0.000714
2471    0.000731
2472    0.000712
2473    0.000731
2474    0.000739
2475    0.000719
2476    0.000887
2477    0.000942
2478    0.000713
2479    0.000702
2480    0.001349
2481    0.000717
2482    0.001534
2483    0.001382
2484    0.001247
2485    0.000877
2486    0.000809
2487    0.001333
2488    0.000775
2489    0.000768
2490    0.000762
2491    0.000817
2492    0.000765
2493    0.000797
2494    0.000775
2495    0.000873
2496    0.001412
2497    0.001342
2498    0.000734
2499    0.00071
2500    0.000709
2501    0.001294
2502    0.001286
2503    0.00128
2504    0.000709
2505    0.000701
2506    0.00071
2507    0.000713
2508    0.000714
2509    0.000714
2510    0.000762
2511    0.000797
2512    0.000813
2513    0.000701
2514    0.000705
2515    0.000719
2516    0.000707
2517    0.000707
2518    0.000738
2519    0.000701
2520    0.000725
2521    0.001284
2522    0.001296
2523    0.000805
2524    0.00102
2525    0.000806
2526    0.00139
2527    0.001369
2528    0.001361
2529    0.001312
2530    0.00075
2531    0.000742
2532    0.00074
2533    0.001313
2534    0.000705
2535    0.000735
2536    0.000716
2537    0.001073
2538    0.00107
2539    0.001172
2540    0.001284
2541    0.001225
2542    0.000877
2543    0.000893
2544    0.000902
2545    0.000772
2546    0.000712
2547    0.000707
2548    0.000825
2549    0.000713
2550    0.000768
2551    0.000698
2552    0.000977
2553    0.001284
2554    0.000898
2555    0.001236
2556    0.001412
2557    0.000742
2558    0.000954
2559    0.000767
2560    0.000879
2561    0.000761
2562    0.00139
2563    0.001337
2564    0.00074
2565    0.000734
2566    0.00073
2567    0.001045
2568    0.000689
2569    0.000683
2570    0.000753
2571    0.000644
2572    0.000662
2573    0.000646
2574    0.000642
2575    0.000641
2576    0.000702
2577    0.000651
2578    0.000617
2579    0.001131
2580    0.00063
2581    0.00063
2582    0.000636
2583    0.000789
2584    0.000624
2585    0.000613
2586    0.000631
2587    0.000625
2588    0.000965
2589    0.001023
2590    0.000957
2591    0.000646
2592    0.000688
2593    0.001262
2594    0.001265
2595    0.001269
2596    0.00067
2597    0.001288
2598    0.001069
2599    0.000716
2600    0.000759
2601    0.000723
2602    0.000729
2603    0.000683
2604    0.000714
2605    0.000765
2606    0.00072
2607    0.000811
2608    0.000782
2609    0.000711
2610    0.000682
2611    0.000692
2612    0.000803
2613    0.000717
2614    0.000714
2615    0.001325
2616    0.00072
2617    0.000707
2618    0.000704
2619    0.000733
2620    0.000687
2621    0.000793
2622    0.000678
2623    0.000714
2624    0.000693
2625    0.000679
2626    0.000679
2627    0.000682
2628    0.00069
2629    0.000681
2630    0.000679
2631    0.000689
2632    0.000684
2633    0.000681
2634    0.000841
2635    0.000764
2636    0.000728
2637    0.00074
2638    0.0007
2639    0.000712
2640    0.000721
2641    0.000726
2642    0.001305
2643    0.000693
2644    0.00069
2645    0.000723
2646    0.000717
2647    0.000736
2648    0.000722
2649    0.000729
2650    0.001079
2651    0.001286
2652    0.000714
2653    0.000715
2654    0.000708
2655    0.000715
2656    0.000736
2657    0.000748
2658    0.000797
2659    0.000793
2660    0.001274
2661    0.000706
2662    0.000707
2663    0.000705
2664    0.000713
2665    0.00094
2666    0.000714
2667    0.000719
2668    0.000715
2669    0.000727
2670    0.000746
2671    0.000743
2672    0.000706
2673    0.00074
2674    0.000701
2675    0.000704
2676    0.000719
2677    0.000786
2678    0.000707
2679    0.000712
2680    0.000805
2681    0.000705
2682    0.000735
2683    0.000714
2684    0.000722
2685    0.001002
2686    0.000713
2687    0.000741
2688    0.000769
2689    0.000737
2690    0.000706
2691    0.000724
2692    0.000717
2693    0.000708
2694    0.000705
2695    0.000712
2696    0.000736
2697    0.000708
2698    0.000746
2699    0.000756
2700    0.00073
2701    0.000705
2702    0.000713
2703    0.000849
2704    0.000942
2705    0.000738
2706    0.000884
2707    0.000728
2708    0.000713
2709    0.001017
2710    0.000792
2711    0.00071
2712    0.000693
2713    0.001095
2714    0.000735
2715    0.000714
2716    0.001118
2717    0.001403
2718    0.001352
2719    0.000711
2720    0.000703
2721    0.000716
2722    0.000733
2723    0.000711
2724    0.000717
2725    0.001279
2726    0.001259
2727    0.000708
2728    0.000699
2729    0.000711
2730    0.000702
2731    0.000723
2732    0.000715
2733    0.000709
2734    0.000708
2735    0.000705
2736    0.000708
2737    0.000718
2738    0.000758
2739    0.000724
2740    0.001036
2741    0.000754
2742    0.000726
2743    0.000719
2744    0.000778
2745    0.000732
2746    0.000784
2747    0.000743
2748    0.000713
2749    0.000707
2750    0.000715
2751    0.00119
2752    0.001209
2753    0.001184
2754    0.00071
2755    0.000733
2756    0.000707
2757    0.000678
2758    0.000683
2759    0.000677
2760    0.00071
2761    0.000726
2762    0.000732
2763    0.001111
2764    0.001063
2765    0.001025
2766    0.001239
2767    0.001173
2768    0.000681
2769    0.000696
2770    0.000687
2771    0.00072
2772    0.000697
2773    0.000715
2774    0.000709
2775    0.000714
2776    0.000747
2777    0.000714
2778    0.000704
2779    0.000712
2780    0.000707
2781    0.000731
2782    0.000757
2783    0.000766
2784    0.000735
2785    0.00072
2786    0.000734
2787    0.000916
2788    0.000727
2789    0.000719
2790    0.00076
2791    0.000742
2792    0.000767
2793    0.000757
2794    0.00175
2795    0.000799
2796    0.001413
2797    0.001419
2798    0.000752
2799    0.000737
2800    0.000736
2801    0.001268
2802    0.000812
2803    0.000719
2804    0.000717
2805    0.000717
2806    0.000729
2807    0.000725
2808    0.000721
2809    0.000711
2810    0.001291
2811    0.000701
2812    0.00068
2813    0.000788
2814    0.001311
2815    0.000692
2816    0.000674
2817    0.000678
2818    0.000686
2819    0.000692
2820    0.001256
2821    0.00124
2822    0.000691
2823    0.000691
2824    0.000701
2825    0.000686
2826    0.000771
2827    0.000831
2828    0.000701
2829    0.001064
2830    0.00092
2831    0.000723
2832    0.000705
2833    0.000828
2834    0.0007
2835    0.000685
2836    0.000691
2837    0.000688
2838    0.000699
2839    0.000688
2840    0.001282
2841    0.001237
2842    0.000685
2843    0.000689
2844    0.000693
2845    0.000682
2846    0.001193
2847    0.001197
2848    0.001175
2849    0.000681
2850    0.000659
2851    0.000687
2852    0.00069
2853    0.000685
2854    0.000705
2855    0.000689
2856    0.000705
2857    0.001254
2858    0.001255
2859    0.000682
2860    0.000681
2861    0.000678
2862    0.000716
2863    0.001264
2864    0.001247
2865    0.000691
2866    0.001048
2867    0.000687
2868    0.000687
2869    0.000758
2870    0.000681
2871    0.00068
2872    0.00071
2873    0.000699
2874    0.000711
2875    0.000683
2876    0.000773
2877    0.00068
2878    0.000742
2879    0.000693
2880    0.000704
2881    0.000696
2882    0.000721
2883    0.000728
2884    0.000729
2885    0.000756
2886    0.00071
2887    0.000712
2888    0.000724
2889    0.000714
2890    0.000685
2891    0.000703
2892    0.000706
2893    0.000725
2894    0.000874
2895    0.00071
2896    0.000699
2897    0.000697
2898    0.00072
2899    0.00072
2900    0.000724
2901    0.000688
2902    0.000684
2903    0.000709
2904    0.00072
2905    0.000738
2906    0.000719
2907    0.000715
2908    0.000709
2909    0.000714
2910    0.000725
2911    0.00077
2912    0.001282
2913    0.000689
2914    0.001147
2915    0.000687
2916    0.000689
2917    0.001157
2918    0.001229
2919    0.000697
2920    0.000688
2921    0.000695
2922    0.000701
2923    0.000722
2924    0.000729
2925    0.00081
2926    0.000751
2927    0.000718
2928    0.000702
2929    0.000695
2930    0.000691
2931    0.000726
2932    0.00069
2933    0.000704
2934    0.000685
2935    0.000681
2936    0.000829
2937    0.000688
2938    0.000696
2939    0.001251
2940    0.00071
2941    0.000972
2942    0.000837
2943    0.000704
2944    0.0008
2945    0.000718
2946    0.000705
2947    0.000708
2948    0.000679
2949    0.000731
2950    0.000713
2951    0.0013
2952    0.000682
2953    0.000682
2954    0.001257
2955    0.001237
2956    0.00078
2957    0.000688
2958    0.000691
2959    0.000693
2960    0.000948
2961    0.000716
2962    0.000719
2963    0.001314
2964    0.001384
2965    0.001445
2966    0.000763
2967    0.000799
2968    0.001383
2969    0.000767
2970    0.000794
2971    0.001476
2972    0.000791
2973    0.001373
2974    0.001357
2975    0.001392
2976    0.000817
2977    0.001293
2978    0.001367
2979    0.001354
2980    0.001006
2981    0.000758
2982    0.001393
2983    0.001434
2984    0.001312
2985    0.001395
2986    0.001403
2987    0.001336
2988    0.00074
2989    0.000737
2990    0.000751
2991    0.00072
2992    0.000712
2993    0.000704
2994    0.000721
2995    0.000723
2996    0.000723
2997    0.000712
2998    0.000713
2999    0.000729
3000    0.000714
3001    0.000692
3002    0.000863
3003    0.000696
3004    0.000691
3005    0.000729
3006    0.000718
3007    0.000713
3008    0.000808
3009    0.000707
3010    0.000755
3011    0.000713
3012    0.00074
3013    0.000723
3014    0.000714
3015    0.00071
3016    0.000723
3017    0.00077
3018    0.000718
3019    0.000725
3020    0.000712
3021    0.000732
3022    0.001197
3023    0.001193
3024    0.001286
3025    0.000733
3026    0.000697
3027    0.000672
3028    0.00067
3029    0.00064
3030    0.00066
3031    0.000921
3032    0.001166
3033    0.000662
3034    0.000678
3035    0.000635
3036    0.000633
3037    0.000629
3038    0.000619
3039    0.000624
3040    0.000612
3041    0.000659
3042    0.000651
3043    0.000619
3044    0.000635
3045    0.000612
3046    0.000598
3047    0.000698
3048    0.000822
3049    0.000647
3050    0.000704
3051    0.000776
3052    0.000608
3053    0.000602
3054    0.0006
3055    0.000617
3056    0.000625
3057    0.000634
3058    0.000606
3059    0.000616
3060    0.000607
3061    0.000715
3062    0.000639
3063    0.000617
3064    0.000624
3065    0.000644
3066    0.000657
3067    0.000629
3068    0.000658
3069    0.001123
3070    0.000619
3071    0.000644
3072    0.000658
3073    0.00064
3074    0.00067
3075    0.001232
3076    0.000751
3077    0.000687
3078    0.000978
3079    0.000694
3080    0.000675
3081    0.000686
3082    0.000816
3083    0.00071
3084    0.000718
3085    0.000732
3086    0.000777
3087    0.000702
3088    0.000734
3089    0.000996
3090    0.001188
3091    0.001167
3092    0.001205
3093    0.001067
3094    0.000764
3095    0.00075
3096    0.001455
3097    0.000816
3098    0.000812
3099    0.000782
3100    0.000785
3101    0.000739
3102    0.000739
3103    0.001404
3104    0.001353
3105    0.001126
3106    0.000679
3107    0.001205
3108    0.000661
3109    0.000658
3110    0.000661
3111    0.00063
3112    0.000674
3113    0.00064
3114    0.000804
3115    0.000926
3116    0.000764
3117    0.000623
3118    0.000646
3119    0.000631
3120    0.000627
3121    0.000609
3122    0.000575
3123    0.00058
3124    0.000577
3125    0.000586
3126    0.00072
3127    0.000885
3128    0.00069
3129    0.00061
3130    0.000628
3131    0.000639
3132    0.00072
3133    0.000657
3134    0.000691
3135    0.000681
3136    0.00068
3137    0.000689
3138    0.000781
3139    0.001016
3140    0.000743
3141    0.000724
3142    0.000714
3143    0.000708
3144    0.000719
3145    0.000716
3146    0.000697
3147    0.000719
3148    0.000719
3149    0.000743
3150    0.000711
3151    0.001276
3152    0.000715
3153    0.000712
3154    0.000706
3155    0.000712
3156    0.00091
3157    0.001204
3158    0.001168
3159    0.000715
3160    0.001216
3161    0.000698
3162    0.000697
3163    0.000685
3164    0.000773
3165    0.000703
3166    0.000684
3167    0.000676
3168    0.000954
3169    0.000659
3170    0.000756
3171    0.00065
3172    0.000658
3173    0.000656
3174    0.000656
3175    0.000686
3176    0.000696
3177    0.000737
3178    0.000701
3179    0.000688
3180    0.001207
3181    0.000664
3182    0.000653
3183    0.000658
3184    0.000659
3185    0.00066
3186    0.000678
3187    0.000662
3188    0.000681
3189    0.000677
3190    0.000698
3191    0.000722
3192    0.001167
3193    0.001292
3194    0.001333
3195    0.000736
3196    0.000854
3197    0.000749
3198    0.000732
3199    0.001313
3200    0.001312
3201    0.001378
3202    0.000753
3203    0.000752
3204    0.001419
3205    0.000764
3206    0.000761
3207    0.000768
3208    0.000863
3209    0.000764
3210    0.000765
3211    0.000779
3212    0.000767
3213    0.000763
3214    0.000791
3215    0.000869
3216    0.000765
3217    0.000781
3218    0.000815
3219    0.000989
3220    0.001184
3221    0.000788
3222    0.00147
3223    0.001383
3224    0.000766
3225    0.000799
3226    0.000786
3227    0.00079
3228    0.000827
3229    0.000787
3230    0.000766
3231    0.001388
3232    0.001337
3233    0.001347
3234    0.001387
3235    0.001373
3236    0.000907
3237    0.00126
3238    0.00145
3239    0.001343
3240    0.000702
3241    0.000749
3242    0.000681
3243    0.000729
3244    0.000805
3245    0.00084
3246    0.000776
3247    0.000657
3248    0.000666
3249    0.000685
3250    0.000755
3251    0.000655
3252    0.00065
3253    0.000775
3254    0.000655
3255    0.001226
3256    0.000653
3257    0.000664
3258    0.001267
3259    0.000677
3260    0.001254
3261    0.000661
3262    0.000658
3263    0.001235
3264    0.000879
3265    0.000687
3266    0.000681
3267    0.000694
3268    0.001244
3269    0.001153
3270    0.000658
3271    0.000667
3272    0.001193
3273    0.001195
3274    0.0007
3275    0.001208
3276    0.001234
3277    0.000665
3278    0.00066
3279    0.000693
3280    0.00071
3281    0.000693
3282    0.000698
3283    0.001257
3284    0.000682
3285    0.000703
3286    0.000717
3287    0.000675
3288    0.000696
3289    0.001179
3290    0.000659
3291    0.000696
3292    0.000663
3293    0.000656
3294    0.001223
3295    0.001176
3296    0.001228
3297    0.000663
3298    0.00068
3299    0.000837
3300    0.001049
3301    0.000817
3302    0.000759
3303    0.001369
3304    0.000757
3305    0.000772
3306    0.000756
3307    0.000812
3308    0.001382
3309    0.000757
3310    0.000787
3311    0.001435
3312    0.001104
3313    0.000758
3314    0.000853
3315    0.000742
3316    0.000729
3317    0.001315
3318    0.000786
3319    0.000922
3320    0.000752
3321    0.00078
3322    0.001033
3323    0.000916
3324    0.001106
3325    0.000819
3326    0.000966
3327    0.000768
3328    0.001125
3329    0.000861
3330    0.000939
3331    0.000797
3332    0.001387
3333    0.001292
3334    0.000774
3335    0.00073
3336    0.000729
3337    0.000764
3338    0.000845
3339    0.000766
3340    0.000859
3341    0.000854
3342    0.00076
3343    0.001339
3344    0.000751
3345    0.000739
3346    0.000771
3347    0.001416
3348    0.001137
3349    0.001254
3350    0.000967
3351    0.001337
3352    0.001192
3353    0.001116
3354    0.00111
3355    0.000738
3356    0.000737
3357    0.000738
3358    0.000734
3359    0.000746
3360    0.000772
3361    0.000762
3362    0.000771
3363    0.000785
3364    0.000818
3365    0.000855
3366    0.000758
3367    0.00088
3368    0.000766
3369    0.000945
3370    0.000774
3371    0.000765
3372    0.00078
3373    0.001367
3374    0.001334
3375    0.001336
3376    0.000764
3377    0.000811
3378    0.001061
3379    0.000763
3380    0.000761
3381    0.00076
3382    0.000769
3383    0.000838
3384    0.000773
3385    0.000766
3386    0.000786
3387    0.000769
3388    0.00078
3389    0.000809
3390    0.000798
3391    0.000795
3392    0.000834
3393    0.000776
3394    0.000768
3395    0.000764
3396    0.000946
3397    0.000795
3398    0.000916
3399    0.000941
3400    0.000764
3401    0.001066
3402    0.000957
3403    0.000964
3404    0.000812
3405    0.001305
3406    0.00071
3407    0.000714
3408    0.000703
3409    0.000709
3410    0.001164
3411    0.000687
3412    0.000856
3413    0.00068
3414    0.000688
3415    0.001233
3416    0.000699
3417    0.000768
3418    0.000686
3419    0.000692
3420    0.000732
3421    0.000772
3422    0.000686
3423    0.000687
3424    0.000682
3425    0.000715
3426    0.000689
3427    0.000789
3428    0.000718
3429    0.000702
3430    0.000708
3431    0.000844
3432    0.000712
3433    0.00071
3434    0.000822
3435    0.000724
3436    0.000798
3437    0.000728
3438    0.000709
3439    0.000785
3440    0.000712
3441    0.000715
3442    0.000705
3443    0.000715
3444    0.00081
3445    0.000703
3446    0.000707
3447    0.00071
3448    0.000823
3449    0.000723
3450    0.000743
3451    0.001176
3452    0.001209
3453    0.00123
3454    0.001233
3455    0.001143
3456    0.000708
3457    0.000718
3458    0.000713
3459    0.000709
3460    0.000709
3461    0.000724
3462    0.000714
3463    0.000708
3464    0.000709
3465    0.000707
3466    0.000919
3467    0.000709
3468    0.00134
3469    0.001422
3470    0.00137
3471    0.000693
3472    0.000996
3473    0.001054
3474    0.000677
3475    0.000974
3476    0.0007
3477    0.000996
3478    0.00104
3479    0.001326
3480    0.001323
3481    0.000732
3482    0.001238
3483    0.000736
3484    0.000764
3485    0.001398
3486    0.001397
3487    0.001324
3488    0.000739
3489    0.000757
3490    0.000775
3491    0.000763
3492    0.000781
3493    0.00074
3494    0.00131
3495    0.000706
3496    0.000704
3497    0.000765
3498    0.000702
3499    0.000722
3500    0.001296
3501    0.00115
3502    0.001126
3503    0.001145
3504    0.000618
3505    0.000614
3506    0.000744
3507    0.000627
3508    0.00059
3509    0.000597
3510    0.000675
3511    0.000608
3512    0.000613
3513    0.000654
3514    0.000604
3515    0.000595
3516    0.000595
3517    0.0006
3518    0.000596
3519    0.000606
3520    0.000612
3521    0.000612
3522    0.000638
3523    0.000618
3524    0.000602
3525    0.00068
3526    0.000611
3527    0.000619
3528    0.000631
3529    0.000633
3530    0.000631
3531    0.000672
3532    0.000658
3533    0.000659
3534    0.000656
3535    0.000756
3536    0.000673
3537    0.000702
3538    0.000678
3539    0.001227
3540    0.000681
3541    0.001223
3542    0.000759
3543    0.000786
3544    0.00068
3545    0.00068
3546    0.001227
3547    0.000675
3548    0.000674
3549    0.00102
3550    0.000673
3551    0.000583
3552    0.00105
3553    0.001042
3554    0.000617
3555    0.000642
3556    0.001143
3557    0.00064
3558    0.000996
3559    0.000634
3560    0.000652
3561    0.000636
3562    0.000658
3563    0.001197
3564    0.001164
3565    0.001146
3566    0.001145
3567    0.001212
3568    0.000737
3569    0.000702
3570    0.00075
3571    0.000745
3572    0.000748
3573    0.0012
3574    0.00073
3575    0.000758
3576    0.001392
3577    0.001287
3578    0.001317
3579    0.001317
3580    0.000735
3581    0.000897
3582    0.000747
3583    0.000792
3584    0.000765
3585    0.000738
3586    0.000735
3587    0.0007
3588    0.00071
3589    0.000707
3590    0.000669
3591    0.000735
3592    0.000678
3593    0.000781
3594    0.000662
3595    0.000661
3596    0.001228
3597    0.001221
3598    0.001215
3599    0.001173
3600    0.000717
