1    0.000677
2    0.000554
3    0.000661
4    0.000551
5    0.000655
6    0.000617
7    0.001188
8    0.00066
9    0.000364
10    0.00065
11    0.000679
12    0.001186
13    0.000651
14    0.001128
15    0.001148
16    0.001187
17    0.000653
18    0.000662
19    0.000649
20    0.000731
21    0.000662
22    0.000734
23    0.000655
24    0.000677
25    0.000685
26    0.000865
27    0.000836
28    0.001207
29    0.000662
30    0.001189
31    0.001179
32    0.001141
33    0.000739
34    0.0008
35    0.000663
36    0.00066
37    0.00067
38    0.001157
39    0.000646
40    0.000749
41    0.001205
42    0.001212
43    0.000665
44    0.000666
45    0.000668
46    0.000663
47    0.000693
48    0.000704
49    0.000718
50    0.000689
51    0.001194
52    0.000644
53    0.000635
54    0.000629
55    0.000641
56    0.000636
57    0.000646
58    0.000666
59    0.000662
60    0.000654
61    0.000656
62    0.000676
63    0.000846
64    0.001113
65    0.001042
66    0.001146
67    0.001178
68    0.001165
69    0.000653
70    0.000698
71    0.000702
72    0.000665
73    0.00066
74    0.000659
75    0.001115
76    0.000662
77    0.000666
78    0.000662
79    0.000663
80    0.000693
81    0.00119
82    0.00067
83    0.00073
84    0.000657
85    0.000768
86    0.00065
87    0.000651
88    0.001188
89    0.00123
90    0.001136
91    0.001141
92    0.000647
93    0.000653
94    0.001186
95    0.000664
96    0.000666
97    0.001189
98    0.001205
99    0.001138
100    0.000644
101    0.00064
102    0.000645
103    0.00064
104    0.000636
105    0.000654
106    0.000643
107    0.000646
108    0.000662
109    0.000955
110    0.000944
111    0.000669
112    0.000686
113    0.001254
114    0.001218
115    0.00122
116    0.001217
117    0.001236
118    0.00122
119    0.000659
120    0.000661
121    0.000678
122    0.001166
123    0.000664
124    0.000661
125    0.000667
126    0.000661
127    0.000751
128    0.000666
129    0.000821
130    0.00077
131    0.000764
132    0.000672
133    0.000664
134    0.000666
135    0.000662
136    0.00075
137    0.000668
138    0.000664
139    0.00121
140    0.0011
141    0.001168
142    0.001146
143    0.000634
144    0.00064
145    0.000679
146    0.000641
147    0.000643
148    0.000652
149    0.000644
150    0.00064
151    0.001139
152    0.000639
153    0.000687
154    0.000675
155    0.000636
156    0.000761
157    0.00064
158    0.001168
159    0.000639
160    0.000638
161    0.000636
162    0.000647
163    0.000653
164    0.00064
165    0.000635
166    0.000642
167    0.000652
168    0.00065
169    0.000657
170    0.000646
171    0.000678
172    0.000721
173    0.000659
174    0.000706
175    0.000657
176    0.000662
177    0.000733
178    0.000817
179    0.000689
180    0.000679
181    0.000662
182    0.000675
183    0.000678
184    0.000677
185    0.000666
186    0.001217
187    0.001193
188    0.001179
189    0.000658
190    0.000665
191    0.000669
192    0.00066
193    0.00068
194    0.000663
195    0.000725
196    0.000661
197    0.000657
198    0.000661
199    0.00066
200    0.000789
201    0.001073
202    0.001064
203    0.000685
204    0.001113
205    0.000838
206    0.00069
207    0.000654
208    0.000654
209    0.000656
210    0.000656
211    0.000665
212    0.000713
213    0.00066
214    0.00068
215    0.000658
216    0.000659
217    0.000659
218    0.000694
219    0.000658
220    0.000742
221    0.000684
222    0.00068
223    0.000682
224    0.000669
225    0.000696
226    0.000754
227    0.000665
228    0.00098
229    0.000738
230    0.000661
231    0.00069
232    0.00066
233    0.000658
234    0.000658
235    0.000669
236    0.000681
237    0.000658
238    0.000659
239    0.000707
240    0.001229
241    0.000679
242    0.000708
243    0.001204
244    0.001203
245    0.00123
246    0.00124
247    0.001115
248    0.000645
249    0.000643
250    0.000636
251    0.001171
252    0.001162
253    0.00121
254    0.00067
255    0.000673
256    0.001228
257    0.000679
258    0.000667
259    0.000674
260    0.00066
261    0.000939
262    0.000745
263    0.000726
264    0.000935
265    0.000693
266    0.001071
267    0.000706
268    0.000658
269    0.000657
270    0.000689
271    0.000828
272    0.001181
273    0.000661
274    0.000666
275    0.000687
276    0.000691
277    0.000671
278    0.000665
279    0.000661
280    0.000686
281    0.000695
282    0.000674
283    0.000679
284    0.000663
285    0.000671
286    0.00067
287    0.000736
288    0.000662
289    0.000743
290    0.000664
291    0.000678
292    0.000682
293    0.000686
294    0.000923
295    0.000642
296    0.000638
297    0.000663
298    0.000647
299    0.00068
300    0.00097
301    0.000637
302    0.000649
303    0.000655
304    0.000644
305    0.000664
306    0.000679
307    0.00067
308    0.000786
309    0.000664
310    0.000659
311    0.000662
312    0.000976
313    0.000917
314    0.000687
315    0.000664
316    0.000685
317    0.000658
318    0.000659
319    0.001216
320    0.001237
321    0.001251
322    0.00065
323    0.000658
324    0.000768
325    0.000668
326    0.000656
327    0.000661
328    0.000664
329    0.000657
330    0.000669
331    0.000685
332    0.000697
333    0.000714
334    0.00069
335    0.001164
336    0.00066
337    0.001149
338    0.000662
339    0.000678
340    0.000665
341    0.000659
342    0.000737
343    0.000656
344    0.000697
345    0.000684
346    0.000815
347    0.000749
348    0.000658
349    0.00069
350    0.000737
351    0.001226
352    0.000654
353    0.000694
354    0.000677
355    0.000724
356    0.000703
357    0.000673
358    0.000663
359    0.000668
360    0.000682
361    0.000659
362    0.001192
363    0.001167
364    0.00067
365    0.000764
366    0.000663
367    0.000921
368    0.000655
369    0.000668
370    0.000673
371    0.000662
372    0.000671
373    0.000897
374    0.000661
375    0.000659
376    0.000684
377    0.000679
378    0.000694
379    0.000656
380    0.00066
381    0.000653
382    0.000663
383    0.000709
384    0.000686
385    0.000674
386    0.000686
387    0.000686
388    0.000676
389    0.001181
390    0.000654
391    0.00066
392    0.000662
393    0.00066
394    0.001184
395    0.000708
396    0.00119
397    0.000656
398    0.000658
399    0.000667
400    0.00066
401    0.000657
402    0.000644
403    0.00064
404    0.000665
405    0.000674
406    0.001191
407    0.000747
408    0.000651
409    0.000661
410    0.000656
411    0.000643
412    0.000641
413    0.000658
414    0.000711
415    0.000682
416    0.000739
417    0.000721
418    0.000705
419    0.001331
420    0.000748
421    0.000757
422    0.000748
423    0.000758
424    0.001336
425    0.000786
426    0.000742
427    0.001365
428    0.000752
429    0.000895
430    0.000782
431    0.000762
432    0.00089
433    0.000778
434    0.000762
435    0.001389
436    0.000757
437    0.000769
438    0.000767
439    0.000759
440    0.00076
441    0.000773
442    0.000807
443    0.000757
444    0.000799
445    0.000761
446    0.000762
447    0.000892
448    0.000769
449    0.000761
450    0.001375
451    0.000758
452    0.000756
453    0.000763
454    0.000844
455    0.001474
456    0.000785
457    0.000876
458    0.0008
459    0.001383
460    0.000758
461    0.000755
462    0.000754
463    0.001374
464    0.001321
465    0.001322
466    0.00127
467    0.001332
468    0.001329
469    0.001231
470    0.001305
471    0.000758
472    0.00078
473    0.000761
474    0.00143
475    0.001499
476    0.000795
477    0.000927
478    0.00148
479    0.000904
480    0.000808
481    0.000795
482    0.000787
483    0.00091
484    0.001401
485    0.000759
486    0.000761
487    0.000759
488    0.000759
489    0.00142
490    0.001343
491    0.000752
492    0.000758
493    0.000782
494    0.000759
495    0.00104
496    0.000764
497    0.000779
498    0.000935
499    0.000797
500    0.000758
501    0.001399
502    0.000759
503    0.000779
504    0.000758
505    0.000801
506    0.000766
507    0.00079
508    0.000759
509    0.00077
510    0.000953
511    0.000762
512    0.00088
513    0.001418
514    0.001404
515    0.000765
516    0.000739
517    0.00091
518    0.000742
519    0.000733
520    0.001365
521    0.000792
522    0.001396
523    0.001372
524    0.001347
525    0.000739
526    0.000764
527    0.000759
528    0.001385
529    0.000771
530    0.001238
531    0.001289
532    0.001289
533    0.001289
534    0.001306
535    0.000754
536    0.000747
537    0.000755
538    0.000941
539    0.000845
540    0.000948
541    0.001392
542    0.000805
543    0.000787
544    0.000769
545    0.000762
546    0.000769
547    0.000849
548    0.000842
549    0.000883
550    0.000803
551    0.001328
552    0.001383
553    0.00131
554    0.001339
555    0.000739
556    0.001221
557    0.001157
558    0.001204
559    0.00104
560    0.000711
561    0.000762
562    0.000734
563    0.000736
564    0.000877
565    0.000777
566    0.000785
567    0.00077
568    0.000764
569    0.000764
570    0.001119
571    0.000797
572    0.000782
573    0.000767
574    0.001247
575    0.001287
576    0.001382
577    0.000764
578    0.000811
579    0.000802
580    0.000866
581    0.000942
582    0.000784
583    0.000763
584    0.000764
585    0.001216
586    0.000808
587    0.00076
588    0.000771
589    0.000764
590    0.000778
591    0.000875
592    0.000761
593    0.000773
594    0.000765
595    0.000788
596    0.00077
597    0.000797
598    0.000907
599    0.000869
600    0.000759
601    0.001339
602    0.001352
603    0.001357
604    0.001317
605    0.000735
606    0.000736
607    0.000737
608    0.000735
609    0.001049
610    0.000857
611    0.000753
612    0.000848
613    0.000751
614    0.000775
615    0.001391
616    0.001377
617    0.000773
618    0.000817
619    0.000775
620    0.000767
621    0.001329
622    0.000739
623    0.000754
624    0.001291
625    0.001382
626    0.001389
627    0.000769
628    0.00139
629    0.001458
630    0.000772
631    0.000763
632    0.000748
633    0.000778
634    0.000757
635    0.00139
636    0.000784
637    0.000771
638    0.000773
639    0.000777
640    0.000801
641    0.000738
642    0.000743
643    0.000737
644    0.000739
645    0.000739
646    0.000774
647    0.000741
648    0.000741
649    0.000755
650    0.000748
651    0.000767
652    0.000771
653    0.000774
654    0.00133
655    0.001125
656    0.001194
657    0.00125
658    0.000781
659    0.000854
660    0.000759
661    0.00077
662    0.000781
663    0.000803
664    0.001369
665    0.000951
666    0.000937
667    0.001417
668    0.001388
669    0.001331
670    0.001324
671    0.001322
672    0.00074
673    0.00074
674    0.001073
675    0.000902
676    0.00074
677    0.000731
678    0.000804
679    0.000769
680    0.000768
681    0.000765
682    0.000779
683    0.000993
684    0.000763
685    0.000756
686    0.000764
687    0.000751
688    0.000823
689    0.000842
690    0.001228
691    0.001037
692    0.000798
693    0.000836
694    0.000761
695    0.000756
696    0.00073
697    0.00074
698    0.001337
699    0.001327
700    0.001321
701    0.000736
702    0.000747
703    0.000741
704    0.000771
705    0.000794
706    0.000774
707    0.000771
708    0.00076
709    0.000785
710    0.000888
711    0.000768
712    0.000773
713    0.000811
714    0.0008
715    0.001395
716    0.000781
717    0.000786
718    0.000799
719    0.000826
720    0.000875
721    0.000799
722    0.000879
723    0.000765
724    0.000796
725    0.000739
726    0.001271
727    0.001337
728    0.001329
729    0.000753
730    0.000749
731    0.000762
732    0.000783
733    0.000764
734    0.000777
735    0.001376
736    0.00118
737    0.001339
738    0.000733
739    0.000733
740    0.000736
741    0.000764
742    0.000766
743    0.00076
744    0.000802
745    0.000896
746    0.000774
747    0.000763
748    0.001085
749    0.000735
750    0.001366
751    0.000734
752    0.001342
753    0.000778
754    0.000807
755    0.000768
756    0.000778
757    0.001268
758    0.001153
759    0.001374
760    0.001323
761    0.001313
762    0.001335
763    0.001278
764    0.00071
765    0.000718
766    0.000731
767    0.000746
768    0.000739
769    0.000782
770    0.000763
771    0.000853
772    0.00099
773    0.000757
774    0.001125
775    0.000914
776    0.00088
777    0.001363
778    0.000758
779    0.000754
780    0.000778
781    0.000849
782    0.000784
783    0.000756
784    0.000764
785    0.00075
786    0.000749
787    0.000767
788    0.000755
789    0.000787
790    0.000848
791    0.000964
792    0.000929
793    0.000754
794    0.001334
795    0.001379
796    0.001366
797    0.000753
798    0.000752
799    0.000985
800    0.001331
801    0.001331
802    0.001167
803    0.000743
804    0.000741
805    0.00073
806    0.001357
807    0.000735
808    0.000735
809    0.00118
810    0.001368
811    0.001361
812    0.00135
813    0.000779
814    0.000791
815    0.000761
816    0.000763
817    0.00077
818    0.000848
819    0.000874
820    0.000762
821    0.000762
822    0.000776
823    0.00077
824    0.000774
825    0.000758
826    0.000758
827    0.001384
828    0.001358
829    0.000767
830    0.00078
831    0.000799
832    0.000779
833    0.000771
834    0.000756
835    0.000765
836    0.000798
837    0.0008
838    0.00077
839    0.000738
840    0.001362
841    0.000736
842    0.000738
843    0.000824
844    0.00134
845    0.001345
846    0.000741
847    0.000829
848    0.000779
849    0.000764
850    0.000789
851    0.000765
852    0.000875
853    0.000769
854    0.00088
855    0.000787
856    0.000762
857    0.00079
858    0.000768
859    0.000739
860    0.000931
861    0.000737
862    0.001247
863    0.001105
864    0.000962
865    0.000747
866    0.000737
867    0.000737
868    0.000781
869    0.000754
870    0.000989
871    0.000799
872    0.000775
873    0.001323
874    0.001129
875    0.000944
876    0.000777
877    0.000881
878    0.000767
879    0.001372
880    0.00084
881    0.001004
882    0.000797
883    0.000792
884    0.000904
885    0.000883
886    0.001113
887    0.000767
888    0.000774
889    0.000828
890    0.000772
891    0.000766
892    0.000805
893    0.000789
894    0.000865
895    0.000765
896    0.000767
897    0.000764
898    0.000792
899    0.000772
900    0.000822
901    0.000793
902    0.000768
903    0.00078
904    0.00077
905    0.000772
906    0.000782
907    0.001105
908    0.001085
909    0.000741
910    0.000776
911    0.000751
912    0.000739
913    0.000752
914    0.00077
915    0.000843
916    0.000761
917    0.00078
918    0.000763
919    0.000773
920    0.000783
921    0.000764
922    0.00077
923    0.000899
924    0.00079
925    0.000765
926    0.00077
927    0.000764
928    0.000871
929    0.000775
930    0.001073
931    0.000768
932    0.000778
933    0.000746
934    0.000775
935    0.000771
936    0.000725
937    0.000771
938    0.000768
939    0.000825
940    0.000747
941    0.000827
942    0.000775
943    0.000775
944    0.000769
945    0.001361
946    0.001376
947    0.000896
948    0.000868
949    0.000776
950    0.000858
951    0.000807
952    0.000789
953    0.001042
954    0.000786
955    0.000801
956    0.000931
957    0.000781
958    0.00091
959    0.000776
960    0.001269
961    0.000758
962    0.000888
963    0.000834
964    0.000782
965    0.000784
966    0.000911
967    0.000758
968    0.000809
969    0.00076
970    0.000751
971    0.000745
972    0.000754
973    0.001053
974    0.000826
975    0.00108
976    0.000853
977    0.001423
978    0.001433
979    0.001361
980    0.001377
981    0.001386
982    0.00137
983    0.000865
984    0.000785
985    0.000801
986    0.000766
987    0.000818
988    0.001107
989    0.000926
990    0.000774
991    0.000904
992    0.000769
993    0.001099
994    0.000794
995    0.000785
996    0.0008
997    0.000776
998    0.000766
999    0.000766
1000    0.001387
1001    0.000776
1002    0.000794
1003    0.000788
1004    0.000882
1005    0.000822
1006    0.000913
1007    0.000867
1008    0.000791
1009    0.000787
1010    0.000771
1011    0.000801
1012    0.000765
1013    0.000779
1014    0.00077
1015    0.000769
1016    0.000803
1017    0.000791
1018    0.000742
1019    0.000854
1020    0.000743
1021    0.00075
1022    0.001032
1023    0.000821
1024    0.00077
1025    0.000785
1026    0.000902
1027    0.001105
1028    0.000767
1029    0.000769
1030    0.000766
1031    0.000801
1032    0.000811
1033    0.000798
1034    0.000791
1035    0.000771
1036    0.000784
1037    0.000767
1038    0.000767
1039    0.000769
1040    0.001111
1041    0.000779
1042    0.000778
1043    0.000786
1044    0.00139
1045    0.001141
1046    0.001374
1047    0.00132
1048    0.001325
1049    0.001334
1050    0.000734
1051    0.001327
1052    0.000723
1053    0.000727
1054    0.001262
1055    0.001405
1056    0.000761
1057    0.00076
1058    0.000778
1059    0.000756
1060    0.000752
1061    0.000759
1062    0.001178
1063    0.000799
1064    0.001289
1065    0.001411
1066    0.001361
1067    0.00074
1068    0.000741
1069    0.000736
1070    0.000788
1071    0.000763
1072    0.000781
1073    0.000793
1074    0.000764
1075    0.000797
1076    0.000777
1077    0.000793
1078    0.000768
1079    0.00077
1080    0.000763
1081    0.000796
1082    0.000761
1083    0.000761
1084    0.000781
1085    0.000799
1086    0.000754
1087    0.000762
1088    0.000772
1089    0.001104
1090    0.000763
1091    0.000788
1092    0.000786
1093    0.001413
1094    0.001234
1095    0.00077
1096    0.000816
1097    0.000766
1098    0.000761
1099    0.000863
1100    0.000966
1101    0.00138
1102    0.000764
1103    0.000774
1104    0.001062
1105    0.001426
1106    0.001395
1107    0.000745
1108    0.000732
1109    0.000729
1110    0.000787
1111    0.001307
1112    0.001307
1113    0.001315
1114    0.000769
1115    0.000782
1116    0.000773
1117    0.000732
1118    0.000727
1119    0.000774
1120    0.000775
1121    0.00075
1122    0.000813
1123    0.000768
1124    0.000832
1125    0.000775
1126    0.000821
1127    0.000787
1128    0.000779
1129    0.000801
1130    0.000788
1131    0.0008
1132    0.000798
1133    0.0008
1134    0.000808
1135    0.000839
1136    0.000866
1137    0.000807
1138    0.000765
1139    0.000772
1140    0.001375
1141    0.000763
1142    0.000774
1143    0.000889
1144    0.001176
1145    0.00143
1146    0.001415
1147    0.000776
1148    0.001167
1149    0.001417
1150    0.001424
1151    0.000735
1152    0.000737
1153    0.000734
1154    0.000883
1155    0.00109
1156    0.000736
1157    0.00078
1158    0.000736
1159    0.001392
1160    0.00143
1161    0.000735
1162    0.001234
1163    0.000738
1164    0.000751
1165    0.000758
1166    0.000941
1167    0.001233
1168    0.000947
1169    0.000779
1170    0.001156
1171    0.000735
1172    0.000737
1173    0.000757
1174    0.001248
1175    0.000929
1176    0.000785
1177    0.000764
1178    0.00101
1179    0.000885
1180    0.000766
1181    0.000787
1182    0.000953
1183    0.00076
1184    0.000735
1185    0.000737
1186    0.000832
1187    0.000762
1188    0.000763
1189    0.000768
1190    0.000769
1191    0.000771
1192    0.000767
1193    0.000772
1194    0.000762
1195    0.000778
1196    0.000788
1197    0.000766
1198    0.000766
1199    0.000767
1200    0.000766
1201    0.000964
1202    0.001439
1203    0.000803
1204    0.001274
1205    0.00121
1206    0.00077
1207    0.000768
1208    0.000895
1209    0.001339
1210    0.000736
1211    0.00074
1212    0.000764
1213    0.001232
1214    0.000786
1215    0.000799
1216    0.00076
1217    0.000785
1218    0.000764
1219    0.000769
1220    0.000764
1221    0.00076
1222    0.000763
1223    0.000809
1224    0.001371
1225    0.001421
1226    0.000764
1227    0.000758
1228    0.000764
1229    0.000769
1230    0.000869
1231    0.000855
1232    0.000759
1233    0.000791
1234    0.000771
1235    0.001219
1236    0.000834
1237    0.001412
1238    0.001411
1239    0.00089
1240    0.00087
1241    0.000795
1242    0.000802
1243    0.001405
1244    0.001365
1245    0.000735
1246    0.000788
1247    0.000772
1248    0.000766
1249    0.001331
1250    0.000728
1251    0.000753
1252    0.000743
1253    0.001358
1254    0.001338
1255    0.001431
1256    0.001367
1257    0.001342
1258    0.000756
1259    0.000734
1260    0.000728
1261    0.000835
1262    0.000784
1263    0.000851
1264    0.000766
1265    0.000908
1266    0.000753
1267    0.000809
1268    0.000754
1269    0.000776
1270    0.00076
1271    0.000753
1272    0.000763
1273    0.000773
1274    0.001033
1275    0.000757
1276    0.000785
1277    0.000734
1278    0.001324
1279    0.000745
1280    0.001321
1281    0.00074
1282    0.000753
1283    0.000933
1284    0.000789
1285    0.000765
1286    0.000771
1287    0.000769
1288    0.00079
1289    0.000763
1290    0.000768
1291    0.00078
1292    0.000767
1293    0.001371
1294    0.000767
1295    0.000764
1296    0.00077
1297    0.000794
1298    0.000769
1299    0.000779
1300    0.000762
1301    0.001318
1302    0.001316
1303    0.001415
1304    0.000802
1305    0.001337
1306    0.001374
1307    0.001388
1308    0.000766
1309    0.000769
1310    0.000843
1311    0.001386
1312    0.001382
1313    0.001377
1314    0.001334
1315    0.001321
1316    0.001329
1317    0.001342
1318    0.001324
1319    0.001324
1320    0.001328
1321    0.001322
1322    0.001317
1323    0.001326
1324    0.000733
1325    0.000757
1326    0.000796
1327    0.001375
1328    0.001413
1329    0.001297
1330    0.000744
1331    0.000733
1332    0.000754
1333    0.001395
1334    0.000762
1335    0.000758
1336    0.000737
1337    0.000738
1338    0.000761
1339    0.000764
1340    0.001399
1341    0.000776
1342    0.000917
1343    0.000765
1344    0.000774
1345    0.000783
1346    0.001383
1347    0.001343
1348    0.001311
1349    0.00074
1350    0.000934
1351    0.001225
1352    0.00139
1353    0.001254
1354    0.00122
1355    0.001077
1356    0.001052
1357    0.001503
1358    0.001309
1359    0.001313
1360    0.001604
1361    0.000991
1362    0.0016
1363    0.001608
1364    0.001036
1365    0.001627
1366    0.000856
1367    0.001148
1368    0.000974
1369    0.000838
1370    0.001554
1371    0.001585
1372    0.001463
1373    0.001253
1374    0.001532
1375    0.001507
1376    0.001252
1377    0.001222
1378    0.001402
1379    0.001163
1380    0.001173
1381    0.001632
1382    0.001406
1383    0.000969
1384    0.00088
1385    0.001516
1386    0.001006
1387    0.000801
1388    0.000801
1389    0.000758
1390    0.001411
1391    0.000847
1392    0.000825
1393    0.000845
1394    0.000824
1395    0.000958
1396    0.001102
1397    0.00153
1398    0.001272
1399    0.001485
1400    0.000947
1401    0.001604
1402    0.000858
1403    0.001594
1404    0.001117
1405    0.000814
1406    0.00159
1407    0.001212
1408    0.001024
1409    0.001519
1410    0.001551
1411    0.000939
1412    0.000988
1413    0.001567
1414    0.001439
1415    0.000921
1416    0.000843
1417    0.001168
1418    0.000814
1419    0.000808
1420    0.000839
1421    0.001482
1422    0.001247
1423    0.00151
1424    0.001836
1425    0.001312
1426    0.001094
1427    0.001579
1428    0.00162
1429    0.001466
1430    0.001022
1431    0.001464
1432    0.001484
1433    0.001362
1434    0.001462
1435    0.001052
1436    0.000962
1437    0.000815
1438    0.001517
1439    0.000792
1440    0.000813
1441    0.000964
1442    0.001547
1443    0.001517
1444    0.001511
1445    0.001513
1446    0.001059
1447    0.000945
1448    0.001571
1449    0.001022
1450    0.001685
1451    0.001597
1452    0.001575
1453    0.001139
1454    0.001146
1455    0.000987
1456    0.001559
1457    0.001543
1458    0.001549
1459    0.001324
1460    0.001554
1461    0.001572
1462    0.001124
1463    0.001536
1464    0.001562
1465    0.001526
1466    0.000951
1467    0.000897
1468    0.001499
1469    0.000862
1470    0.001597
1471    0.001572
1472    0.001642
1473    0.000866
1474    0.001529
1475    0.001298
1476    0.000878
1477    0.001586
1478    0.001032
1479    0.00156
1480    0.001602
1481    0.001651
1482    0.001105
1483    0.001232
1484    0.001557
1485    0.001479
1486    0.000869
1487    0.000947
1488    0.001461
1489    0.00193
1490    0.001484
1491    0.001505
1492    0.00089
1493    0.000993
1494    0.000833
1495    0.000999
1496    0.000909
1497    0.001505
1498    0.001462
1499    0.001045
1500    0.001615
1501    0.000869
1502    0.000827
1503    0.001449
1504    0.00151
1505    0.001154
1506    0.001466
1507    0.00098
1508    0.001506
1509    0.001071
1510    0.001549
1511    0.001225
1512    0.000984
1513    0.001509
1514    0.001566
1515    0.001571
1516    0.001106
1517    0.0011
1518    0.00164
1519    0.001596
1520    0.001144
1521    0.001632
1522    0.001603
1523    0.000945
1524    0.001013
1525    0.00151
1526    0.001298
1527    0.001556
1528    0.001413
1529    0.001084
1530    0.001482
1531    0.001354
1532    0.001453
1533    0.001476
1534    0.000828
1535    0.000817
1536    0.001572
1537    0.001243
1538    0.001064
1539    0.001534
1540    0.001211
1541    0.001538
1542    0.001562
1543    0.001463
1544    0.001467
1545    0.0009
1546    0.001477
1547    0.001504
1548    0.001438
1549    0.000847
1550    0.001273
1551    0.000786
1552    0.001111
1553    0.00141
1554    0.001365
1555    0.000783
1556    0.001402
1557    0.001297
1558    0.001425
1559    0.000762
1560    0.00145
1561    0.001449
1562    0.001432
1563    0.001371
1564    0.001365
1565    0.001332
1566    0.000909
1567    0.000863
1568    0.001304
1569    0.000737
1570    0.000769
1571    0.000795
1572    0.001377
1573    0.000828
1574    0.000778
1575    0.001386
1576    0.001411
1577    0.001402
1578    0.000876
1579    0.000976
1580    0.001394
1581    0.001317
1582    0.000817
1583    0.001386
1584    0.000847
1585    0.000791
1586    0.000758
1587    0.000803
1588    0.001423
1589    0.001441
1590    0.001379
1591    0.001368
1592    0.001484
1593    0.001365
1594    0.000762
1595    0.000799
1596    0.001449
1597    0.001401
1598    0.001188
1599    0.000951
1600    0.001387
1601    0.001174
1602    0.00083
1603    0.000744
1604    0.000983
1605    0.000934
1606    0.000729
1607    0.000758
1608    0.000764
1609    0.000731
1610    0.000821
1611    0.000796
1612    0.000744
1613    0.000849
1614    0.000737
1615    0.000885
1616    0.000705
1617    0.000731
1618    0.000853
1619    0.000778
1620    0.00072
1621    0.000716
1622    0.00127
1623    0.000717
1624    0.000756
1625    0.000739
1626    0.000833
1627    0.000734
1628    0.000741
1629    0.000703
1630    0.000722
1631    0.000755
1632    0.000727
1633    0.000736
1634    0.000721
1635    0.001288
1636    0.000731
1637    0.001315
1638    0.001035
1639    0.000767
1640    0.000711
1641    0.000826
1642    0.000809
1643    0.000726
1644    0.000724
1645    0.000713
1646    0.000749
1647    0.001308
1648    0.00073
1649    0.000843
1650    0.000876
1651    0.000947
1652    0.001357
1653    0.001341
1654    0.000985
1655    0.000903
1656    0.000694
1657    0.000709
1658    0.000708
1659    0.000729
1660    0.00081
1661    0.000858
1662    0.000907
1663    0.000901
1664    0.00083
1665    0.001247
1666    0.00072
1667    0.000722
1668    0.000754
1669    0.000983
1670    0.000717
1671    0.0008
1672    0.000905
1673    0.000687
1674    0.000848
1675    0.001378
1676    0.000787
1677    0.001105
1678    0.000719
1679    0.000708
1680    0.000726
1681    0.000731
1682    0.000745
1683    0.000734
1684    0.000706
1685    0.000731
1686    0.000717
1687    0.00071
1688    0.000711
1689    0.000717
1690    0.000707
1691    0.000735
1692    0.000743
1693    0.0009
1694    0.000751
1695    0.000734
1696    0.000758
1697    0.000806
1698    0.000855
1699    0.000747
1700    0.001009
1701    0.001352
1702    0.000715
1703    0.000929
1704    0.001225
1705    0.000814
1706    0.00077
1707    0.000743
1708    0.000762
1709    0.000864
1710    0.001223
1711    0.001194
1712    0.000894
1713    0.00132
1714    0.001172
1715    0.000873
1716    0.000713
1717    0.000731
1718    0.000744
1719    0.000714
1720    0.000738
1721    0.000736
1722    0.000808
1723    0.000839
1724    0.000885
1725    0.000779
1726    0.000792
1727    0.000789
1728    0.000698
1729    0.000745
1730    0.001288
1731    0.001266
1732    0.000714
1733    0.000699
1734    0.000814
1735    0.000924
1736    0.000714
1737    0.000717
1738    0.000711
1739    0.001285
1740    0.001032
1741    0.001172
1742    0.001244
1743    0.00083
1744    0.000874
1745    0.001256
1746    0.001411
1747    0.001395
1748    0.000822
1749    0.001419
1750    0.001388
1751    0.001521
1752    0.000889
1753    0.000908
1754    0.00136
1755    0.000959
1756    0.0015
1757    0.001033
1758    0.001064
1759    0.001374
1760    0.001467
1761    0.001451
1762    0.001467
1763    0.001506
1764    0.001198
1765    0.000854
1766    0.001433
1767    0.001467
1768    0.001259
1769    0.00087
1770    0.001135
1771    0.001497
1772    0.000877
1773    0.001455
1774    0.001531
1775    0.000874
1776    0.001254
1777    0.000844
1778    0.000834
1779    0.001053
1780    0.001452
1781    0.001015
1782    0.001095
1783    0.001462
1784    0.000817
1785    0.001422
1786    0.001417
1787    0.001407
1788    0.001502
1789    0.00084
1790    0.000845
1791    0.001424
1792    0.001472
1793    0.000829
1794    0.001437
1795    0.000944
1796    0.000859
1797    0.000895
1798    0.000831
1799    0.001209
1800    0.000836
1801    0.001471
1802    0.000831
1803    0.000854
1804    0.001124
1805    0.001181
1806    0.001119
1807    0.001467
1808    0.000814
1809    0.000838
1810    0.00099
1811    0.000823
1812    0.001107
1813    0.000884
1814    0.000745
1815    0.000785
1816    0.000819
1817    0.000765
1818    0.001049
1819    0.001271
1820    0.001291
1821    0.001269
1822    0.000718
1823    0.001272
1824    0.000708
1825    0.001323
1826    0.001023
1827    0.000746
1828    0.000728
1829    0.000738
1830    0.000712
1831    0.000705
1832    0.000727
1833    0.001283
1834    0.000771
1835    0.000734
1836    0.000734
1837    0.000782
1838    0.00071
1839    0.00127
1840    0.001299
1841    0.00071
1842    0.001256
1843    0.001278
1844    0.000941
1845    0.000856
1846    0.000725
1847    0.000737
1848    0.0007
1849    0.000702
1850    0.000731
1851    0.00074
1852    0.00083
1853    0.001221
1854    0.001069
1855    0.000938
1856    0.000921
1857    0.000711
1858    0.000792
1859    0.000725
1860    0.001356
1861    0.001306
1862    0.000715
1863    0.001281
1864    0.000734
1865    0.001263
1866    0.00073
1867    0.000705
1868    0.000694
1869    0.00073
1870    0.000698
1871    0.00124
1872    0.001234
1873    0.001248
1874    0.001254
1875    0.000793
1876    0.000691
1877    0.000851
1878    0.000694
1879    0.001395
1880    0.000725
1881    0.001302
1882    0.001285
1883    0.0013
1884    0.000688
1885    0.000809
1886    0.000727
1887    0.000732
1888    0.000706
1889    0.001103
1890    0.000686
1891    0.000676
1892    0.000643
1893    0.000655
1894    0.000652
1895    0.000709
1896    0.000694
1897    0.00066
1898    0.000661
1899    0.00064
1900    0.000641
1901    0.000644
1902    0.000651
1903    0.001242
1904    0.000847
1905    0.000659
1906    0.000657
1907    0.000675
1908    0.000675
1909    0.000646
1910    0.000675
1911    0.001087
1912    0.001147
1913    0.000725
1914    0.000648
1915    0.000621
1916    0.000614
1917    0.000607
1918    0.000671
1919    0.000589
1920    0.000571
1921    0.000582
1922    0.000608
1923    0.000572
1924    0.000799
1925    0.000562
1926    0.000572
1927    0.000552
1928    0.000558
1929    0.000536
1930    0.000535
1931    0.000582
1932    0.000567
1933    0.000691
1934    0.000539
1935    0.000543
1936    0.000543
1937    0.000535
1938    0.000543
1939    0.000535
1940    0.000575
1941    0.000545
1942    0.000543
1943    0.000557
1944    0.000537
1945    0.00053
1946    0.000532
1947    0.000539
1948    0.000533
1949    0.00052
1950    0.00056
1951    0.000547
1952    0.000618
1953    0.000564
1954    0.000563
1955    0.000563
1956    0.000546
1957    0.000535
1958    0.000527
1959    0.000529
1960    0.00055
1961    0.000544
1962    0.000533
1963    0.000534
1964    0.000537
1965    0.000535
1966    0.000538
1967    0.00056
1968    0.000538
1969    0.000659
1970    0.000555
1971    0.000533
1972    0.000574
1973    0.000533
1974    0.000532
1975    0.000511
1976    0.000531
1977    0.000526
1978    0.000532
1979    0.000527
1980    0.000524
1981    0.000549
1982    0.000595
1983    0.000542
1984    0.000546
1985    0.000538
1986    0.000535
1987    0.000547
1988    0.000548
1989    0.000534
1990    0.000536
1991    0.000517
1992    0.000516
1993    0.000539
1994    0.000535
1995    0.000544
1996    0.000524
1997    0.000545
1998    0.000544
1999    0.000552
2000    0.000518
