1    0.000197
2    0.004273
3    2.7e-05
4    0.00023
5    4.7e-05
6    2.7e-05
7    0.001586
8    4.8e-05
9    2.5e-05
10    0.001273
11    4.6e-05
12    0
13    4.5e-05
14    0
15    6.5e-05
16    0
17    0.000416
18    0.001557
19    2.9e-05
20    2.7e-05
21    2.6e-05
22    2.9e-05
23    0
24    0
25    0
26    0
27    0
28    2.6e-05
29    0.000426
30    2.8e-05
31    0
32    0
33    0
34    0
35    2.6e-05
36    0
37    0
38    0
39    0
40    0
41    0
42    0
43    0
44    0
45    0
46    0
47    0
48    0
49    0
50    0
51    0
52    0
53    0
54    0
55    0
56    0
57    0
58    0
59    0
60    0
61    0
62    0
63    0
64    0
65    0
66    0
67    0
68    0
69    0
70    0
71    2.6e-05
72    0
73    0
74    0
75    0
76    0
77    0
78    0
79    0
80    0
81    0
82    0
83    0
84    0
85    0
86    0
87    0
88    0
89    0
90    0
91    0
92    0
93    0
94    0
95    0
96    0
97    0
98    0
99    0
100    0
101    0
102    0
103    0
104    0
105    0
106    0
107    0
108    0
109    0
110    0
111    0
112    0
113    0
114    0
115    0
116    0
117    0
118    0
119    0
120    0
121    0
122    0
123    0
124    0
125    0
126    0
127    0
128    0
129    0
130    0
131    0.000279
132    2.7e-05
133    0
134    0
135    0
136    0
137    0
138    0
139    0
140    0
141    0
142    0
143    0
144    0
145    0
146    0
147    0
148    0
149    0
150    0
151    0
152    0
153    0
154    0
155    0
156    0
157    0
158    0
159    0
160    0
161    0
162    0
163    0
164    0
165    0
166    0
167    0
168    0
169    0
170    0
171    0
172    0
173    0
174    0
175    0
176    0
177    0
178    0
179    0
180    0
181    0
182    0
183    0
184    0
185    0
186    0
187    0
188    0
189    0
190    0
191    0
192    0
193    0
194    0
195    0
196    0
197    0
198    0
199    0
200    0
201    0
202    0
203    0
204    0
205    0
206    0
207    0
208    0
209    0
210    0
211    2.9e-05
212    0
213    0
214    0
215    0
216    0
217    0
218    0
219    0
220    0
221    0
222    0
223    0
224    0
225    0
226    0
227    0
228    0
229    0
230    0
231    0
232    0
233    0.000267
234    2.7e-05
235    0
236    0
237    0
238    0
239    0
240    0
241    0
242    0
243    0
244    0
245    0
246    0
247    0
248    0
249    0
250    0
251    0
252    0
253    0
254    0
255    0
256    0
257    0
258    0
259    0
260    0
261    0
262    0
263    0
264    0
265    0
266    0
267    0
268    0
269    0
270    0
271    0
272    0
273    0
274    0
275    0
276    0
277    0
278    0
279    0
280    0
281    0
282    0
283    0
284    0
285    0
286    0
287    0
288    0
289    0
290    0
291    0
292    0
293    0
294    0
295    0
296    0
297    0
298    0
299    0
300    0
301    0
302    0
303    4.2e-05
304    0
305    0
306    0
307    0
308    0
309    0
310    0
311    0
312    0
313    0
314    0
315    0
316    0
317    0
318    0
319    0
320    0
321    0
322    0
323    0
324    0
325    0
326    0
327    0
328    0
329    0
330    0
331    0
332    0
333    0
334    0
335    0.000263
336    2.8e-05
337    0
338    0
339    0
340    0
341    0
342    0
343    0
344    0
345    0
346    0
347    0
348    0
349    0
350    0
351    0
352    0
353    0
354    0
355    0
356    0
357    0
358    0
359    0
360    0
361    0
362    0
363    0
364    0
365    0
366    0
367    0
368    0
369    0
370    0
371    0
372    0
373    0
374    0
375    0
376    0
377    0
378    0
379    0
380    0
381    0
382    0
383    0
384    0
385    0
386    0
387    0
388    0
389    0
390    0
391    0
392    0
393    0
394    0
395    2.9e-05
396    0
397    0
398    0
399    0
400    0
401    0
402    0
403    0
404    0
405    0
406    0
407    0
408    0
409    0
410    0
411    0
412    0
413    0
414    0
415    0
416    0
417    0
418    0
419    0
420    0
421    0
422    0
423    0
424    0
425    0
426    0
427    0
428    0
429    0
430    0
431    0
432    0
433    0
434    0
435    0
436    0
437    0.000308
438    3.2e-05
439    0
440    0
441    0
442    0
443    0
444    0
445    0
446    0
447    0
448    0
449    0
450    0
451    0
452    0
453    0
454    0
455    0
456    0
457    0
458    0
459    0
460    0
461    0
462    0
463    0
464    0
465    0
466    0
467    0
468    0
469    0
470    0
471    0
472    0
473    0
474    0
475    0
476    0
477    0
478    0
479    0
480    0
481    0
482    0
483    0
484    0
485    0
486    0
487    0
488    0
489    4e-05
490    0
491    0
492    0
493    0
494    0
495    0
496    0
497    0
498    0
499    0
500    0
501    0
502    0
503    0
504    0
505    0
506    0
507    0
508    0
509    0
510    0
511    0
512    0
513    0
514    0
515    0
516    0
517    0
518    0
519    0
520    0
521    0
522    0
523    0
524    0
525    0
526    0
527    0
528    0
529    0
530    0
531    0
532    0
533    0
534    0
535    0
536    0
537    2.7e-05
538    0
539    0.000275
540    2.8e-05
541    0
542    0
543    0
544    0
545    0
546    0
547    0
548    0
549    0
550    0
551    0
552    0
553    0
554    0
555    0
556    0
557    0
558    0
559    0
560    0
561    0
562    0
563    0
564    0
565    0
566    0
567    0
568    0
569    0
570    0
571    0
572    0
573    0
574    0
575    0
576    0
577    0
578    0
579    0
580    0
581    0
582    0
583    0
584    0
585    2.9e-05
586    0
587    0
588    0
589    0
590    0
591    0
592    0
593    0
594    0
595    0
596    0
597    0
598    0
599    0
600    0
601    0
602    0
603    0
604    0
605    0
606    0
607    0
608    0
609    0
610    0
611    0
612    0
613    0
614    0
615    0
616    0
617    0
618    0
619    0
620    0
621    0
622    0
623    0
624    0
625    0
626    0
627    2.8e-05
628    0
629    0
630    0
631    0
632    0
633    0
634    0
635    0
636    0
637    0
638    0
639    0
640    0
641    0.000336
642    3.1e-05
643    0
644    0
645    0
646    0
647    0
648    0
649    0
650    0
651    0
652    0
653    0
654    0
655    0
656    0
657    0
658    0
659    0
660    0
661    0
662    0
663    0
664    0
665    0
666    0
667    0
668    0
669    0
670    0
671    0
672    0
673    0
674    0
675    0
676    0
677    0
678    0
679    0
680    0
681    2.8e-05
682    0
683    0
684    0
685    0
686    0
687    0
688    0
689    0
690    0
691    0
692    0
693    0
694    0
695    0
696    0
697    0
698    0
699    0
700    0
701    0
702    0
703    0
704    0
705    0
706    0
707    0
708    0
709    0
710    0
711    0
712    0
713    0
714    0
715    0
716    0
717    0
718    0
719    2.9e-05
720    0
721    0
722    0
723    0
724    0
725    0
726    0
727    0
728    0
729    0
730    0
731    0
732    0
733    0
734    0
735    0
736    0
737    0
738    0
739    0
740    0
741    0
742    0
743    0.000276
744    3.1e-05
745    0
746    0
747    0
748    0
749    0
750    0
751    0
752    0
753    0
754    0
755    0
756    0
757    0
758    0
759    0
760    0
761    0
762    0
763    0
764    0
765    0
766    0
767    0
768    0
769    0
770    0
771    0
772    0
773    0
774    0
775    0
776    0
777    0
778    0
779    2.9e-05
780    0
781    0
782    0
783    0
784    0
785    0
786    0
787    0
788    0
789    0
790    0
791    0
792    0
793    0
794    0
795    0
796    0
797    0
798    0
799    0
800    0
801    0
802    0
803    0
804    0
805    0
806    0
807    0
808    0
809    0
810    0
811    0
812    0
813    3e-05
814    0
815    0
816    0
817    0
818    0
819    0
820    0
821    0
822    0
823    0
824    0
825    0
826    0
827    0
828    0
829    0
830    0
831    0
832    0
833    0
834    0
835    0
836    0
837    0
838    0
839    0
840    0
841    0
842    0
843    0
844    0
845    0.000292
846    3e-05
847    0
848    0
849    0
850    0
851    0
852    0
853    0
854    0
855    0
856    0
857    0
858    0
859    0
860    0
861    0
862    0
863    0
864    0
865    0
866    0
867    0
868    0
869    0
870    0
871    0
872    0
873    0
874    0
875    0
876    0
877    3.2e-05
878    0
879    0
880    0
881    0
882    0
883    0
884    0
885    0
886    0
887    0
888    0
889    0
890    0
891    0
892    0
893    0
894    0
895    0
896    0
897    0
898    0
899    0
900    0
901    0
902    0
903    0
904    0
905    0
906    0
907    2.9e-05
908    0
909    0
910    0
911    0
912    0
913    0
914    0
915    0
916    0
917    0
918    0
919    0
920    0
921    0
922    0
923    0
924    0
925    0
926    0
927    0
928    0
929    0
930    0
931    0
932    0
933    0
934    0
935    0
936    0
937    3e-05
938    0
939    0
940    0
941    0
942    0
943    0
944    0
945    0
946    0
947    0.000292
948    2.9e-05
949    0
950    0
951    0
952    0
953    0
954    0
955    0
956    0
957    0
958    0
959    0
960    0
961    0
962    0
963    0
964    0
965    0
966    0
967    0
968    0
969    0
970    0
971    0
972    0
973    0
974    0
975    2.9e-05
976    0
977    0
978    0
979    0
980    0
981    0
982    0
983    0
984    0
985    0
986    0
987    0
988    0
989    0
990    0
991    0
992    0
993    0
994    0
995    0
996    0
997    0
998    0
999    0
1000    0
1001    3e-05
1002    0
1003    0
1004    0
1005    0
1006    0
1007    0
1008    0
1009    0
1010    0
1011    0
1012    0
1013    0
1014    0
1015    0
1016    0
1017    0
1018    0
1019    0
1020    0
1021    0
1022    0
1023    0
1024    0
1025    0
1026    0
1027    2.8e-05
1028    0
1029    0
1030    0
1031    0
1032    0
1033    0
1034    0
1035    0
1036    0
1037    0
1038    0
1039    0
1040    0
1041    0
1042    0
1043    0
1044    0
1045    0
1046    0
1047    0
1048    0
1049    0.000329
1050    3e-05
1051    0
1052    0
1053    0
1054    0
1055    0
1056    0
1057    0
1058    0
1059    0
1060    0
1061    0
1062    0
1063    0
1064    0
1065    0
1066    0
1067    0
1068    0
1069    0
1070    0
1071    0
1072    0
1073    3.6e-05
1074    0
1075    0
1076    0
1077    0
1078    0
1079    0
1080    0
1081    0
1082    0
1083    0
1084    0
1085    0
1086    0
1087    0
1088    0
1089    0
1090    0
1091    0
1092    0
1093    0
1094    0
1095    0
1096    0
1097    2.9e-05
1098    0
1099    0
1100    0
1101    0
1102    0
1103    0
1104    0
1105    0
1106    0
1107    0
1108    0
1109    0
1110    0
1111    0
1112    0
1113    0
1114    0
1115    0
1116    0
1117    0
1118    0
1119    0
1120    0
1121    2.9e-05
1122    0
1123    0
1124    0
1125    0
1126    0
1127    0
1128    0
1129    0
1130    0
1131    0
1132    0
1133    0
1134    0
1135    0
1136    0
1137    0
1138    0
1139    0
1140    0
1141    0
1142    0
1143    2.8e-05
1144    0
1145    0
1146    0
1147    0
1148    0
1149    0
1150    0
1151    0.000284
1152    2.9e-05
1153    0
1154    0
1155    0
1156    0
1157    0
1158    0
1159    0
1160    0
1161    0
1162    0
1163    0
1164    0
1165    0
1166    0
1167    0
1168    0
1169    0
1170    0
1171    0
1172    0
1173    2.8e-05
1174    0
1175    0
1176    0
1177    0
1178    0
1179    0
1180    0
1181    0
1182    0
1183    0
1184    0
1185    0
1186    0
1187    0
1188    0
1189    0
1190    0
1191    0
1192    0
1193    0
1194    0
1195    2.9e-05
1196    0
1197    0
1198    0
1199    0
1200    0
1201    0
1202    0
1203    0
1204    0
1205    0
1206    0
1207    0
1208    0
1209    0
1210    0
1211    0
1212    0
1213    0
1214    0
1215    0
1216    0
1217    2.9e-05
1218    0
1219    0
1220    0
1221    0
1222    0
1223    0
1224    0
1225    0
1226    0
1227    0
1228    0
1229    0
1230    0
1231    0
1232    0
1233    0
1234    0
1235    0
1236    0
1237    2.9e-05
1238    0
1239    0
1240    0
1241    0
1242    0
1243    0
1244    0
1245    0
1246    0
1247    0
1248    0
1249    0
1250    0
1251    0
1252    0
1253    0.000291
1254    2.9e-05
1255    0
1256    0
1257    0
1258    0
1259    0
1260    0
1261    0
1262    0
1263    0
1264    0
1265    0
1266    0
1267    0
1268    0
1269    0
1270    0
1271    0
1272    0
1273    3e-05
1274    0
1275    0
1276    0
1277    0
1278    0
1279    0
1280    0
1281    0
1282    0
1283    0
1284    0
1285    0
1286    0
1287    0
1288    0
1289    0
1290    0
1291    0
1292    0
1293    3e-05
1294    0
1295    0
1296    0
1297    0
1298    0
1299    0
1300    0
1301    0
1302    0
1303    0
1304    0
1305    0
1306    0
1307    0
1308    0
1309    0
1310    0
1311    0
1312    3e-05
1313    0
1314    0
1315    0
1316    0
1317    0
1318    0
1319    0
1320    0
1321    0
1322    0
1323    0
1324    0
1325    0
1326    0
1327    0
1328    0
1329    3e-05
1330    0
1331    0
1332    0
1333    0
1334    0
1335    0
1336    0
1337    0
1338    0
1339    0
1340    0
1341    0
1342    0
1343    0
1344    0
1345    0
1346    0
1347    2.9e-05
1348    0
1349    0
1350    0
1351    0
1352    0
1353    0
1354    0
1355    0.000276
1356    2.8e-05
1357    0
1358    0
1359    0
1360    0
1361    0
1362    0
1363    0
1364    0
1365    0
1366    0
1367    0
1368    0
1369    0
1370    0
1371    0
1372    0
1373    2.8e-05
1374    0
1375    0
1376    0
1377    0
1378    0
1379    0
1380    0
1381    0
1382    0
1383    0
1384    0
1385    0
1386    0
1387    0
1388    0
1389    0
1390    0
1391    2.8e-05
1392    0
1393    0
1394    0
1395    0
1396    0
1397    0
1398    0
1399    0
1400    0
1401    0
1402    0
1403    0
1404    0
1405    0
1406    0
1407    0
1408    2.9e-05
1409    0
1410    0
1411    0
1412    0
1413    0
1414    0
1415    0
1416    0
1417    0
1418    0
1419    0
1420    0
1421    0
1422    0
1423    2.9e-05
1424    0
1425    0
1426    0
1427    0
1428    0
1429    0
1430    0
1431    0
1432    0
1433    0
1434    0
1435    0
1436    0
1437    0
1438    0
1439    2.9e-05
1440    0
1441    0
1442    0
1443    0
1444    0
1445    0
1446    0
1447    0
1448    0
1449    0
1450    0
1451    0
1452    0
1453    0
1454    0
1455    3e-05
1456    0
1457    0.000282
1458    2.8e-05
1459    0
1460    0
1461    0
1462    0
1463    0
1464    0
1465    0
1466    0
1467    0
1468    0
1469    0
1470    0
1471    0
1472    0
1473    2.9e-05
1474    0
1475    0
1476    0
1477    0
1478    0
1479    0
1480    0
1481    0
1482    0
1483    0
1484    0
1485    0
1486    0
1487    0
1488    0
1489    3e-05
1490    0
1491    0
1492    0
1493    0
1494    0
1495    0
1496    0
1497    0
1498    0
1499    0
1500    0
1501    0
1502    0
1503    0
1504    0
1505    2.9e-05
1506    0
1507    0
1508    0
1509    0
1510    0
1511    0
1512    0
1513    0
1514    0
1515    0
1516    0
1517    0
1518    0
1519    0
1520    3e-05
1521    0
1522    0
1523    0
1524    0
1525    0
1526    0
1527    0
1528    0
1529    0
1530    0
1531    0
1532    0
1533    3e-05
1534    0
1535    0
1536    0
1537    0
1538    0
1539    0
1540    0
1541    0
1542    0
1543    0
1544    0
1545    0
1546    0
1547    2.9e-05
1548    0
1549    0
1550    0
1551    0
1552    0
1553    0
1554    0
1555    0
1556    0
1557    0
1558    0
1559    0.000307
1560    2.9e-05
1561    0
1562    0
1563    0
1564    0
1565    0
1566    0
1567    0
1568    0
1569    0
1570    0
1571    0
1572    0
1573    3e-05
1574    0
1575    0
1576    0
1577    0
1578    0
1579    0
1580    0
1581    0
1582    0
1583    0
1584    0
1585    0
1586    0
1587    2.9e-05
1588    0
1589    0
1590    0
1591    0
1592    0
1593    0
1594    0
1595    0
1596    0
1597    0
1598    0
1599    0
1600    0
1601    2.9e-05
1602    0
1603    0
1604    0
1605    0
1606    0
1607    0
1608    0
1609    0
1610    0
1611    0
1612    0
1613    0
1614    0
1615    2.8e-05
1616    0
1617    0
1618    0
1619    0
1620    0
1621    0
1622    0
1623    0
1624    0
1625    0
1626    0
1627    0
1628    0
1629    2.9e-05
1630    0
1631    0
1632    0
1633    0
1634    0
1635    0
1636    0
1637    0
1638    0
1639    0
1640    0
1641    0
1642    0
1643    2.9e-05
1644    0
1645    0
1646    0
1647    0
1648    0
1649    0
1650    0
1651    0
1652    0
1653    0
1654    0
1655    0
1656    2.8e-05
1657    0
1658    0
1659    0
1660    0
1661    0.000319
1662    2.8e-05
1663    0
1664    0
1665    0
1666    0
1667    0
1668    0
1669    0
1670    0
1671    0
1672    0
1673    2.8e-05
1674    0
1675    0
1676    0
1677    0
1678    0
1679    0
1680    0
1681    0
1682    0
1683    0
1684    0
1685    3e-05
1686    0
1687    0
1688    0
1689    0
1690    0
1691    0
1692    0
1693    0
1694    0
1695    0
1696    0
1697    2.9e-05
1698    0
1699    0
1700    0
1701    0
1702    0
1703    0
1704    0
1705    0
1706    0
1707    0
1708    0
1709    3e-05
1710    0
1711    0
1712    0
1713    0
1714    0
1715    0
1716    0
1717    0
1718    0
1719    0
1720    0
1721    2.9e-05
1722    0
1723    0
1724    0
1725    0
1726    0
1727    0
1728    0
1729    0
1730    0
1731    0
1732    0
1733    2.9e-05
1734    0
1735    0
1736    0
1737    0
1738    0
1739    0
1740    0
1741    0
1742    0
1743    0
1744    0
1745    3.1e-05
1746    0
1747    0
1748    0
1749    0
1750    0
1751    0
1752    0
1753    0
1754    0
1755    0
1756    0
1757    2.9e-05
1758    0
1759    0
1760    0
1761    0
1762    0
1763    0.00029
1764    3.1e-05
1765    0
1766    0
1767    0
1768    0
1769    0
1770    0
1771    0
1772    0
1773    0
1774    0
1775    3e-05
1776    0
1777    0
1778    0
1779    0
1780    0
1781    0
1782    0
1783    0
1784    0
1785    0
1786    0
1787    3e-05
1788    0
1789    0
1790    0
1791    0
1792    0
1793    0
1794    0
1795    0
1796    0
1797    0
1798    0
1799    2.9e-05
1800    0
1801    0
1802    0
1803    0
1804    0
1805    0
1806    0
1807    0
1808    0
1809    0
1810    0
1811    3.1e-05
1812    0
1813    0
1814    0
1815    0
1816    0
1817    0
1818    0
1819    0
1820    0
1821    0
1822    0
1823    2.9e-05
1824    0
1825    0
1826    0
1827    0
1828    0
1829    0
1830    0
1831    0
1832    0
1833    0
1834    0
1835    2.9e-05
1836    0
1837    0
1838    0
1839    0
1840    0
1841    0
1842    0
1843    0
1844    0
1845    0
1846    0
1847    2.9e-05
1848    0
1849    0
1850    0
1851    0
1852    0
1853    0
1854    0
1855    0
1856    0
1857    0
1858    0
1859    2.9e-05
1860    0
1861    0
1862    0
1863    0
1864    0
1865    0.000298
1866    2.9e-05
1867    0
1868    0
1869    0
1870    0
1871    0
1872    0
1873    0
1874    0
1875    0
1876    0
1877    2.9e-05
1878    0
1879    0
1880    0
1881    0
1882    0
1883    0
1884    0
1885    0
1886    0
1887    0
1888    0
1889    2.9e-05
1890    0
1891    0
1892    0
1893    0
1894    0
1895    0
1896    0
1897    0
1898    0
1899    0
1900    0
1901    3.1e-05
1902    0
1903    0
1904    0
1905    0
1906    0
1907    0
1908    0
1909    0
1910    0
1911    0
1912    3e-05
1913    0
1914    0
1915    0
1916    0
1917    0
1918    0
1919    0
1920    0
1921    3.5e-05
1922    0
1923    0
1924    0
1925    0
1926    0
1927    0
1928    0
1929    0
1930    0
1931    2.9e-05
1932    0
1933    0
1934    0
1935    0
1936    0
1937    0
1938    0
1939    0
1940    0
1941    2.9e-05
1942    0
1943    0
1944    0
1945    0
1946    0
1947    0
1948    0
1949    0
1950    0
1951    3.3e-05
1952    0
1953    0
1954    0
1955    0
1956    0
1957    0
1958    0
1959    0
1960    0
1961    3.1e-05
1962    0
1963    0
1964    0
1965    0
1966    0
1967    0.000307
1968    3e-05
1969    0
1970    0
1971    0
1972    0
1973    0
1974    0
1975    0
1976    0
1977    3.1e-05
1978    0
1979    0
1980    0
1981    0
1982    0
1983    0
1984    0
1985    0
1986    0
1987    3.1e-05
1988    0
1989    0
1990    0
1991    0
1992    0
1993    0
1994    0
1995    0
1996    3e-05
1997    0
1998    0
1999    0
2000    0
2001    0
2002    0
2003    3e-05
2004    0
2005    0
2006    0
2007    0
2008    0
2009    0
2010    0
2011    3.1e-05
2012    0
2013    0
2014    0
2015    0
2016    0
2017    0
2018    0
2019    3e-05
2020    0
2021    0
2022    0
2023    0
2024    0
2025    0
2026    0
2027    3e-05
2028    0
2029    0
2030    0
2031    0
2032    0
2033    0
2034    0
2035    3e-05
2036    0
2037    0
2038    0
2039    0
2040    0
2041    0
2042    0
2043    3e-05
2044    0
2045    0
2046    0
2047    0
2048    0
2049    0
2050    0
2051    3.4e-05
2052    0.000331
2053    3.3e-05
2054    0
2055    0
2056    0
2057    0
2058    0
2059    0
2060    0
2061    0
2062    0
2063    3.2e-05
2064    0
2065    0
2066    0
2067    0
2068    0
2069    0
2070    0
2071    0
2072    0
2073    3.1e-05
2074    0
2075    0
2076    0
2077    0
2078    0
2079    0
2080    0
2081    0
2082    0
2083    3e-05
2084    0
2085    0
2086    0
2087    0
2088    0
2089    0
2090    0
2091    0
2092    0
2093    2.9e-05
2094    0
2095    0
2096    0
2097    0
2098    0
2099    0
2100    0
2101    0
2102    0
2103    3.1e-05
2104    0
2105    0
2106    0
2107    0
2108    0
2109    0
2110    0
2111    0
2112    0
2113    2.9e-05
2114    0
2115    0
2116    0
2117    0
2118    0
2119    0
2120    0
2121    0
2122    0
2123    3e-05
2124    0
2125    0
2126    0
2127    0
2128    0
2129    0
2130    0
2131    0
2132    0
2133    3e-05
2134    0
2135    0
2136    0
2137    0
2138    0
2139    0
2140    0
2141    0
2142    0
2143    3.2e-05
2144    0
2145    0
2146    0
2147    0
2148    0
2149    0
2150    0
2151    0
2152    0
2153    3.2e-05
2154    0.000322
2155    3.3e-05
2156    0
2157    0
2158    0
2159    0
2160    0
2161    0
2162    0
2163    0
2164    0
2165    3.2e-05
2166    0
2167    0
2168    0
2169    0
2170    0
2171    0
2172    0
2173    0
2174    0
2175    0
2176    0
2177    3.3e-05
2178    0
2179    0
2180    0
2181    0
2182    0
2183    0
2184    0
2185    0
2186    0
2187    0
2188    0
2189    3.1e-05
2190    0
2191    0
2192    0
2193    0
2194    0
2195    0
2196    0
2197    0
2198    0
2199    0
2200    0
2201    3.3e-05
2202    0
2203    0
2204    0
2205    0
2206    0
2207    0
2208    0
2209    0
2210    0
2211    0
2212    0
2213    3.2e-05
2214    0
2215    0
2216    0
2217    0
2218    0
2219    0
2220    0
2221    0
2222    0
2223    0
2224    0
2225    0
2226    0
2227    3.2e-05
2228    0
2229    0
2230    0
2231    0
2232    0
2233    0
2234    0
2235    0
2236    0
2237    0
2238    0
2239    0
2240    0
2241    3.2e-05
2242    0
2243    0
2244    0
2245    0
2246    0
2247    0
2248    0
2249    0
2250    0
2251    0
2252    0
2253    0
2254    0
2255    3.2e-05
2256    0.000321
2257    3.2e-05
2258    0
2259    0
2260    0
2261    0
2262    0
2263    0
2264    0
2265    0
2266    0
2267    0
2268    0
2269    3.1e-05
2270    0
2271    0
2272    0
2273    0
2274    0
2275    0
2276    0
2277    0
2278    0
2279    0
2280    0
2281    3.1e-05
2282    0
2283    0
2284    0
2285    0
2286    0
2287    0
2288    0
2289    0
2290    0
2291    0
2292    0
2293    3.2e-05
2294    0
2295    0
2296    0
2297    0
2298    0
2299    0
2300    0
2301    0
2302    0
2303    0
2304    0
2305    3.2e-05
2306    0
2307    0
2308    0
2309    0
2310    0
2311    0
2312    0
2313    0
2314    0
2315    3.3e-05
2316    0
2317    0
2318    0
2319    0
2320    0
2321    0
2322    0
2323    0
2324    0
2325    3.1e-05
2326    0
2327    0
2328    0
2329    0
2330    0
2331    0
2332    0
2333    0
2334    0
2335    3e-05
2336    0
2337    0
2338    0
2339    0
2340    0
2341    0
2342    0
2343    0
2344    0
2345    3.2e-05
2346    0
2347    0
2348    0
2349    0
2350    0
2351    0
2352    0
2353    0
2354    0
2355    3.3e-05
2356    0
2357    0
2358    0.000329
2359    3.2e-05
2360    0
2361    0
2362    0
2363    0
2364    0
2365    0
2366    0
2367    3.2e-05
2368    0
2369    0
2370    0
2371    0
2372    0
2373    0
2374    0
2375    3.1e-05
2376    0
2377    0
2378    0
2379    0
2380    0
2381    0
2382    0
2383    3.1e-05
2384    0
2385    0
2386    0
2387    0
2388    0
2389    0
2390    0
2391    3.2e-05
2392    0
2393    0
2394    0
2395    0
2396    0
2397    0
2398    0
2399    3e-05
2400    0
2401    0
2402    0
2403    0
2404    0
2405    0
2406    0
2407    3.2e-05
2408    0
2409    0
2410    0
2411    0
2412    0
2413    0
2414    0
2415    3.2e-05
2416    0
2417    0
2418    0
2419    0
2420    0
2421    0
2422    0
2423    3.2e-05
2424    0
2425    0
2426    0
2427    0
2428    0
2429    0
2430    0
2431    3.2e-05
2432    0
2433    0
2434    0
2435    0
2436    0
2437    0
2438    0
2439    3.2e-05
2440    0.000322
2441    3.2e-05
2442    0
2443    0
2444    0
2445    0
2446    0
2447    0
2448    0
2449    3.2e-05
2450    0
2451    0
2452    0
2453    0
2454    0
2455    0
2456    0
2457    3.2e-05
2458    0
2459    0
2460    0
2461    0
2462    0
2463    0
2464    0
2465    3.1e-05
2466    0
2467    0
2468    0
2469    0
2470    0
2471    0
2472    0
2473    3.3e-05
2474    0
2475    0
2476    0
2477    0
2478    0
2479    0
2480    0
2481    3.2e-05
2482    0
2483    0
2484    0
2485    0
2486    0
2487    0
2488    0
2489    3.2e-05
2490    0
2491    0
2492    0
2493    0
2494    0
2495    0
2496    0
2497    3.1e-05
2498    0
2499    0
2500    0
2501    0
2502    0
2503    0
2504    0
2505    3.2e-05
2506    0
2507    0
2508    0
2509    0
2510    0
2511    0
2512    0
2513    3.2e-05
2514    0
2515    0
2516    0
2517    0
2518    0
2519    0
2520    0
2521    3.2e-05
2522    0.000318
2523    3.2e-05
2524    0
2525    0
2526    0
2527    0
2528    0
2529    0
2530    0
2531    3.2e-05
2532    0
2533    0
2534    0
2535    0
2536    0
2537    0
2538    0
2539    3.2e-05
2540    0
2541    0
2542    0
2543    0
2544    0
2545    0
2546    0
2547    3.1e-05
2548    0
2549    0
2550    0
2551    0
2552    0
2553    0
2554    0
2555    3.3e-05
2556    0
2557    0
2558    0
2559    0
2560    0
2561    0
2562    0
2563    3.1e-05
2564    0
2565    0
2566    0
2567    0
2568    0
2569    0
2570    0
2571    3.1e-05
2572    0
2573    0
2574    0
2575    0
2576    0
2577    0
2578    0
2579    3e-05
2580    0
2581    0
2582    0
2583    0
2584    0
2585    0
2586    3.2e-05
2587    0
2588    0
2589    0
2590    0
2591    0
2592    3.2e-05
2593    0
2594    0
2595    0
2596    0
2597    0
2598    3.2e-05
2599    0.000313
2600    3.1e-05
2601    0
2602    0
2603    0
2604    0
2605    3.2e-05
2606    0
2607    0
2608    0
2609    0
2610    0
2611    3.1e-05
2612    0
2613    0
2614    0
2615    0
2616    0
2617    3.1e-05
2618    0
2619    0
2620    0
2621    0
2622    0
2623    3.2e-05
2624    0
2625    0
2626    0
2627    0
2628    0
2629    3.2e-05
2630    0
2631    0
2632    0
2633    0
2634    0
2635    3.3e-05
2636    0
2637    0
2638    0
2639    0
2640    0
2641    3.1e-05
2642    0
2643    0
2644    0
2645    0
2646    0
2647    3.1e-05
2648    0
2649    0
2650    0
2651    0
2652    0
2653    3.2e-05
2654    0
2655    0
2656    0
2657    0
2658    0
2659    3.2e-05
2660    0.00031
2661    3.2e-05
2662    0
2663    0
2664    0
2665    0
2666    0
2667    3.9e-05
2668    0
2669    0
2670    0
2671    0
2672    0
2673    3.3e-05
2674    0
2675    0
2676    0
2677    0
2678    0
2679    3.3e-05
2680    0
2681    0
2682    0
2683    0
2684    0
2685    3.1e-05
2686    0
2687    0
2688    0
2689    0
2690    0
2691    3.1e-05
2692    0
2693    0
2694    0
2695    0
2696    0
2697    3.1e-05
2698    0
2699    0
2700    0
2701    0
2702    0
2703    3.3e-05
2704    0
2705    0
2706    0
2707    0
2708    0
2709    3.2e-05
2710    0
2711    0
2712    0
2713    0
2714    0
2715    3.3e-05
2716    0
2717    0
2718    0
2719    0
2720    0
2721    3.1e-05
2722    0.000326
2723    3.1e-05
2724    0
2725    0
2726    0
2727    0
2728    0
2729    3.2e-05
2730    0
2731    0
2732    0
2733    0
2734    0
2735    3.1e-05
2736    0
2737    0
2738    0
2739    0
2740    0
2741    3.2e-05
2742    0
2743    0
2744    0
2745    0
2746    0
2747    3.2e-05
2748    0
2749    0
2750    0
2751    0
2752    0
2753    4.1e-05
2754    0
2755    0
2756    0
2757    0
2758    0
2759    3.3e-05
2760    0
2761    0
2762    0
2763    0
2764    0
2765    3.2e-05
2766    0
2767    0
2768    0
2769    0
2770    0
2771    3.1e-05
2772    0
2773    0
2774    0
2775    0
2776    0
2777    3.2e-05
2778    0
2779    0
2780    0
2781    0
2782    0
2783    3.1e-05
2784    0.00032
2785    3.2e-05
2786    0
2787    0
2788    0
2789    0
2790    0
2791    3.2e-05
2792    0
2793    0
2794    0
2795    0
2796    0
2797    3.2e-05
2798    0
2799    0
2800    0
2801    0
2802    0
2803    3.3e-05
2804    0
2805    0
2806    0
2807    0
2808    0
2809    3.4e-05
2810    0
2811    0
2812    0
2813    0
2814    0
2815    3.3e-05
2816    0
2817    0
2818    0
2819    0
2820    0
2821    3.5e-05
2822    0
2823    0
2824    0
2825    0
2826    0
2827    3.3e-05
2828    0
2829    0
2830    0
2831    0
2832    0
2833    3.2e-05
2834    0
2835    0
2836    0
2837    0
2838    0
2839    3.3e-05
2840    0
2841    0
2842    0
2843    0
2844    0
2845    3.2e-05
2846    0.00032
2847    3.1e-05
2848    0
2849    0
2850    0
2851    0
2852    0
2853    3.2e-05
2854    0
2855    0
2856    0
2857    0
2858    0
2859    3.2e-05
2860    0
2861    0
2862    0
2863    0
2864    0
2865    3.3e-05
2866    0
2867    0
2868    0
2869    0
2870    0
2871    3.1e-05
2872    0
2873    0
2874    0
2875    0
2876    0
2877    3.1e-05
2878    0
2879    0
2880    0
2881    0
2882    0
2883    3.1e-05
2884    0
2885    0
2886    0
2887    0
2888    0
2889    3.2e-05
2890    0
2891    0
2892    0
2893    0
2894    0
2895    3.3e-05
2896    0
2897    0
2898    0
2899    0
2900    0
2901    3.6e-05
2902    0
2903    0
2904    0
2905    0
2906    0
2907    3.3e-05
2908    0.000336
2909    3.2e-05
2910    0
2911    0
2912    0
2913    0
2914    0
2915    3.2e-05
2916    0
2917    0
2918    0
2919    0
2920    0
2921    3.3e-05
2922    0
2923    0
2924    0
2925    0
2926    0
2927    3.2e-05
2928    0
2929    0
2930    0
2931    0
2932    0
2933    3.1e-05
2934    0
2935    0
2936    0
2937    0
2938    0
2939    3.3e-05
2940    0
2941    0
2942    0
2943    0
2944    0
2945    3.3e-05
2946    0
2947    0
2948    0
2949    0
2950    0
2951    3.4e-05
2952    0
2953    0
2954    0
2955    0
2956    0
2957    3.7e-05
2958    0
2959    0
2960    0
2961    0
2962    0
2963    4.1e-05
2964    0
2965    0
2966    0
2967    0
2968    0
2969    3.8e-05
2970    0.000401
2971    3.9e-05
2972    0
2973    0
2974    0
2975    0
2976    0
2977    3.9e-05
2978    0
2979    0
2980    0
2981    0
2982    0
2983    3.8e-05
2984    0
2985    0
2986    0
2987    0
2988    0
2989    3.8e-05
2990    0
2991    0
2992    0
2993    0
2994    0
2995    3.8e-05
2996    0
2997    0
2998    0
2999    0
3000    0
3001    3.8e-05
3002    0
3003    0
3004    0
3005    0
3006    0
3007    3.8e-05
3008    0
3009    0
3010    0
3011    0
3012    0
3013    3.5e-05
3014    0
3015    0
3016    0
3017    0
3018    0
3019    3.3e-05
3020    0
3021    0
3022    0
3023    0
3024    0
3025    4.4e-05
3026    0
3027    0
3028    0
3029    0
3030    0
3031    3.2e-05
3032    0.000324
3033    3.1e-05
3034    0
3035    0
3036    0
3037    0
3038    0
3039    3.2e-05
3040    0
3041    0
3042    0
3043    0
3044    0
3045    3.1e-05
3046    0
3047    0
3048    0
3049    0
3050    0
3051    3.4e-05
3052    0
3053    0
3054    0
3055    0
3056    0
3057    3.2e-05
3058    0
3059    0
3060    0
3061    0
3062    0
3063    3.2e-05
3064    0
3065    0
3066    0
3067    0
3068    0
3069    3.4e-05
3070    0
3071    0
3072    0
3073    0
3074    0
3075    3.1e-05
3076    0
3077    0
3078    0
3079    0
3080    0
3081    3.7e-05
3082    0
3083    0
3084    0
3085    0
3086    0
3087    3.9e-05
3088    0
3089    0
3090    0
3091    0
3092    0
3093    3.7e-05
3094    0.000598
3095    3.8e-05
3096    0
3097    0
3098    0
3099    0
3100    0
3101    3.8e-05
3102    0
3103    0
3104    0
3105    0
3106    0
3107    3.8e-05
3108    0
3109    0
3110    0
3111    0
3112    0
3113    3.8e-05
3114    0
3115    0
3116    0
3117    0
3118    3.8e-05
3119    0
3120    0
3121    0
3122    0
3123    4.2e-05
3124    0
3125    0
3126    0
3127    0
3128    0
3129    4e-05
3130    0
3131    0
3132    0
3133    0
3134    3.6e-05
3135    0
3136    0
3137    0
3138    0
3139    3.8e-05
3140    0
3141    0
3142    0
3143    3.7e-05
3144    0
3145    0
3146    0
3147    3.8e-05
3148    0.000446
3149    3.8e-05
3150    0
3151    0
3152    0
3153    3.9e-05
3154    0
3155    0
3156    0
3157    3.8e-05
3158    0
3159    0
3160    0
3161    4e-05
3162    0
3163    0
3164    0
3165    3.7e-05
3166    0
3167    0
3168    0
3169    3.6e-05
3170    0
3171    0
3172    0
3173    4.1e-05
3174    0
3175    0
3176    0
3177    4.2e-05
3178    0
3179    0
3180    0
3181    4.6e-05
3182    0
3183    0
3184    0
3185    5.7e-05
3186    0
3187    0
3188    0
3189    5e-05
3190    0.000601
3191    6.9e-05
3192    0
3193    0
3194    0
3195    7.1e-05
3196    0
3197    0
3198    0
3199    6.7e-05
3200    0
3201    0
3202    0
3203    4.6e-05
3204    0
3205    0
3206    0
3207    4.4e-05
3208    0
3209    0
3210    0
3211    4.4e-05
3212    0
3213    0
3214    0
3215    4.7e-05
3216    0
3217    0
3218    0
3219    4.7e-05
3220    0
3221    0
3222    0
3223    4.4e-05
3224    0
3225    0
3226    0
3227    4.9e-05
3228    0
3229    0
3230    0
3231    4.5e-05
3232    0.000504
3233    8.3e-05
3234    0
3235    0
3236    0
3237    4.6e-05
3238    0
3239    0
3240    0
3241    4.2e-05
3242    0
3243    0
3244    0
3245    4.7e-05
3246    0
3247    0
3248    0
3249    4.4e-05
3250    0
3251    0
3252    0
3253    5.9e-05
3254    0
3255    0
3256    0
3257    4.4e-05
3258    0
3259    0
3260    0
3261    4.7e-05
3262    0
3263    0
3264    0
3265    5e-05
3266    0
3267    0
3268    0
3269    4.5e-05
3270    0
3271    0
3272    0
3273    4.6e-05
3274    0.000523
3275    6.8e-05
3276    0
3277    0
3278    0
3279    4.5e-05
3280    0
3281    0
3282    0
3283    4.5e-05
3284    0
3285    0
3286    0
3287    4.4e-05
3288    0
3289    0
3290    0
3291    4.3e-05
3292    0
3293    0
3294    0
3295    4.2e-05
3296    0
3297    0
3298    0
3299    4.2e-05
3300    0
3301    0
3302    0
3303    4.4e-05
3304    0
3305    0
3306    0
3307    4.4e-05
3308    0
3309    0
3310    0
3311    4.4e-05
3312    0
3313    0
3314    0
3315    4.2e-05
3316    0.000556
3317    4.4e-05
3318    0
3319    0
3320    0
3321    4.2e-05
3322    0
3323    0
3324    0
3325    4.5e-05
3326    0
3327    0
3328    0
3329    8.7e-05
3330    0
3331    0
3332    0
3333    6.4e-05
3334    0
3335    0
3336    0
3337    4.5e-05
3338    0
3339    0
3340    0
3341    4.5e-05
3342    0
3343    0
3344    0
3345    6.6e-05
3346    0
3347    0
3348    0
3349    7e-05
3350    0
3351    0
3352    0
3353    4.5e-05
3354    0
3355    0
3356    0
3357    4.5e-05
3358    0.000534
3359    6.8e-05
3360    0
3361    0
3362    0
3363    5.4e-05
3364    0
3365    0
3366    0
3367    4.5e-05
3368    0
3369    0
3370    0
3371    6.8e-05
3372    0
3373    0
3374    0
3375    6.4e-05
3376    0
3377    0
3378    0
3379    6.5e-05
3380    0
3381    0
3382    0
3383    4.3e-05
3384    0
3385    0
3386    0
3387    4.3e-05
3388    0
3389    0
3390    0
3391    6.5e-05
3392    0
3393    0
3394    0
3395    4.3e-05
3396    0
3397    0
3398    0
3399    4.3e-05
3400    0.000518
3401    4.5e-05
3402    0
3403    0
3404    0
3405    4.6e-05
3406    0
3407    0
3408    0
3409    4.3e-05
3410    0
3411    0
3412    0
3413    4.3e-05
3414    0
3415    0
3416    0
3417    4.4e-05
3418    0
3419    0
3420    0
3421    4.3e-05
3422    0
3423    0
3424    0
3425    4.2e-05
3426    0
3427    0
3428    0
3429    4.3e-05
3430    0
3431    0
3432    0
3433    4.2e-05
3434    0
3435    0
3436    0
3437    4.5e-05
3438    0
3439    0
3440    0
3441    4.5e-05
3442    0.0005
3443    4.3e-05
3444    0
3445    0
3446    0
3447    4.2e-05
3448    0
3449    0
3450    0
3451    4.5e-05
3452    0
3453    0
3454    0
3455    4.7e-05
3456    0
3457    0
3458    0
3459    4.3e-05
3460    0
3461    0
3462    0
3463    6.5e-05
3464    0
3465    0
3466    0
3467    5.5e-05
3468    0
3469    0
3470    0
3471    4.2e-05
3472    0
3473    0
3474    0
3475    5.8e-05
3476    0
3477    0
3478    0
3479    4.2e-05
3480    0
3481    0
3482    0
3483    4.1e-05
3484    0.000481
3485    4.4e-05
3486    0
3487    0
3488    0
3489    4.3e-05
3490    0
3491    0
3492    0
3493    4.5e-05
3494    0
3495    0
3496    0
3497    4.4e-05
3498    0
3499    0
3500    0
3501    5.3e-05
3502    0
3503    0
3504    0
3505    4.3e-05
3506    0
3507    0
3508    0
3509    4.2e-05
3510    0
3511    0
3512    0
3513    4.3e-05
3514    0
3515    0
3516    0
3517    6e-05
3518    0
3519    0
3520    0
3521    4.4e-05
3522    0
3523    0
3524    0
3525    4.2e-05
3526    0.000485
3527    4.5e-05
3528    0
3529    0
3530    0
3531    4.4e-05
3532    0
3533    0
3534    0
3535    4.3e-05
3536    0
3537    0
3538    0
3539    4.5e-05
3540    0
3541    0
3542    0
3543    4.4e-05
3544    0
3545    0
3546    0
3547    6.9e-05
3548    0
3549    0
3550    0
3551    4.4e-05
3552    0
3553    0
3554    0
3555    4.4e-05
3556    0
3557    0
3558    0
3559    7.1e-05
3560    0
3561    0
3562    0
3563    4.7e-05
3564    0
3565    0
3566    0
3567    4.5e-05
3568    0.000528
3569    4.5e-05
3570    0
3571    0
3572    0
3573    4.6e-05
3574    0
3575    0
3576    0
3577    4.5e-05
3578    0
3579    0
3580    0
3581    4.7e-05
3582    0
3583    0
3584    0
3585    4.3e-05
3586    0
3587    0
3588    0
3589    4.4e-05
3590    0
3591    0
3592    0
3593    6e-05
3594    0
3595    0
3596    0
3597    4.5e-05
3598    0
3599    0
3600    0
3601    6.6e-05
3602    0
3603    0
3604    0
3605    4e-05
3606    0
3607    0
3608    0
3609    4.3e-05
3610    0.000657
3611    6.5e-05
3612    0
3613    0
3614    0
3615    4.4e-05
3616    0
3617    0
3618    0
3619    4.3e-05
3620    0
3621    0
3622    0
3623    4.4e-05
3624    0
3625    0
3626    0
3627    4.6e-05
3628    0
3629    0
3630    0
3631    4.4e-05
3632    0
3633    0
3634    0
3635    4.4e-05
3636    0
3637    0
3638    0
3639    4.5e-05
3640    0
3641    0
3642    0
3643    4.4e-05
3644    0
3645    0
3646    0
3647    4.3e-05
3648    0
3649    0
3650    0
3651    4.4e-05
3652    0.0005
3653    4.5e-05
3654    0
3655    0
3656    0
3657    6.5e-05
3658    0
3659    0
3660    0
3661    4.6e-05
3662    0
3663    0
3664    0
3665    4.3e-05
3666    0
3667    0
3668    0
3669    4.1e-05
3670    0
3671    0
3672    0
3673    4.2e-05
3674    0
3675    0
3676    0
3677    4.3e-05
3678    0
3679    0
3680    0
3681    4.1e-05
3682    0
3683    0
3684    0
3685    4.4e-05
3686    0
3687    0
3688    0
3689    4.3e-05
3690    0
3691    0
3692    0
3693    4.3e-05
3694    0.000464
3695    4e-05
3696    0
3697    0
3698    0
3699    4.3e-05
3700    0
3701    0
3702    0
3703    4.4e-05
3704    0
3705    0
3706    0
3707    4.4e-05
3708    0
3709    0
3710    0
3711    4.2e-05
3712    0
3713    0
3714    0
3715    4.2e-05
3716    0
3717    0
3718    0
3719    4.1e-05
3720    0
3721    0
3722    0
3723    4.4e-05
3724    0
3725    0
3726    0
3727    6.5e-05
3728    0
3729    0
3730    0
3731    4.2e-05
3732    0
3733    0
3734    0
3735    4.2e-05
3736    0.000493
3737    4.3e-05
3738    0
3739    0
3740    0
3741    4.3e-05
3742    0
3743    0
3744    0
3745    4.3e-05
3746    0
3747    0
3748    0
3749    5.4e-05
3750    0
3751    0
3752    0
3753    4.6e-05
3754    0
3755    0
3756    0
3757    4.3e-05
3758    0
3759    0
3760    0
3761    4.3e-05
3762    0
3763    0
3764    0
3765    4.1e-05
3766    0
3767    0
3768    0
3769    4.4e-05
3770    0
3771    0
3772    0
3773    4.3e-05
3774    0
3775    0
3776    0
3777    4.4e-05
3778    0.000477
3779    4.2e-05
3780    0
3781    0
3782    0
3783    4.1e-05
3784    0
3785    0
3786    0
3787    4.2e-05
3788    0
3789    0
3790    0
3791    4.2e-05
3792    0
3793    0
3794    0
3795    6.3e-05
3796    0
3797    0
3798    0
3799    4.2e-05
3800    0
3801    0
3802    0
3803    4.3e-05
3804    0
3805    0
3806    0
3807    6.3e-05
3808    0
3809    0
3810    0
3811    4.2e-05
3812    0
3813    0
3814    0
3815    4.5e-05
3816    0
3817    0
3818    0
3819    4.1e-05
3820    0.000474
3821    4.4e-05
3822    0
3823    0
3824    0
3825    4.4e-05
3826    0
3827    0
3828    0
3829    4.4e-05
3830    0
3831    0
3832    0
3833    4.3e-05
3834    0
3835    0
3836    0
3837    4.1e-05
3838    0
3839    0
3840    0
3841    4.5e-05
3842    0
3843    0
3844    0
3845    4.3e-05
3846    0
3847    0
3848    0
3849    4.5e-05
3850    0
3851    0
3852    0
3853    4.4e-05
3854    0
3855    0
3856    0
3857    4.2e-05
3858    0
3859    0
3860    0
3861    4.5e-05
3862    0.00048
3863    4.5e-05
3864    0
3865    0
3866    0
3867    4.2e-05
3868    0
3869    0
3870    0
3871    6.4e-05
3872    0
3873    0
3874    0
3875    4.3e-05
3876    0
3877    0
3878    0
3879    4.2e-05
3880    0
3881    0
3882    0
3883    4.4e-05
3884    0
3885    0
3886    0
3887    4.4e-05
3888    0
3889    0
3890    0
3891    4.3e-05
3892    0
3893    0
3894    0
3895    4.3e-05
3896    0
3897    0
3898    0
3899    4.3e-05
3900    0
3901    0
3902    0
3903    4.5e-05
3904    0.000538
3905    4.4e-05
3906    0
3907    0
3908    0
3909    4.3e-05
3910    0
3911    0
3912    0
3913    4.5e-05
3914    0
3915    0
3916    0
3917    7e-05
3918    0
3919    0
3920    0
3921    4.7e-05
3922    0
3923    0
3924    0
3925    4.8e-05
3926    0
3927    0
3928    0
3929    6.3e-05
3930    0
3931    0
3932    0
3933    6.9e-05
3934    0
3935    0
3936    0
3937    6.7e-05
3938    0
3939    0
3940    0
3941    4.4e-05
3942    0
3943    0
3944    0
3945    5e-05
3946    0.000736
3947    4.8e-05
3948    0
3949    0
3950    0
3951    4.9e-05
3952    0
3953    0
3954    0
3955    7.1e-05
3956    0
3957    0
3958    0
3959    6.6e-05
3960    0
3961    0
3962    0
3963    4.5e-05
3964    0
3965    0
3966    0
3967    6.9e-05
3968    0
3969    0
3970    0
3971    8.1e-05
3972    0
3973    0
3974    0
3975    0.000102
3976    0
3977    0
3978    0
3979    7.7e-05
3980    0
3981    0
3982    0
3983    5.1e-05
3984    0
3985    0
3986    0
3987    5.5e-05
3988    0.000592
3989    6.3e-05
3990    0
3991    0
3992    0
3993    6.7e-05
3994    0
3995    0
3996    0
3997    4.4e-05
3998    0
3999    0
4000    0
4001    4.4e-05
4002    0
4003    0
4004    0
4005    6.2e-05
4006    0
4007    0
4008    0
4009    6.4e-05
4010    0
4011    0
4012    0
4013    6.4e-05
4014    0
4015    0
4016    0
4017    4.3e-05
4018    0
4019    0
4020    0
4021    4.3e-05
4022    0
4023    0
4024    0
4025    4.2e-05
4026    0
4027    0
4028    0
4029    4.8e-05
4030    0.000564
4031    4.4e-05
4032    0
4033    0
4034    0
4035    7.1e-05
4036    0
4037    0
4038    0
4039    4.6e-05
4040    0
4041    0
4042    0
4043    4.9e-05
4044    0
4045    0
4046    0
4047    9.1e-05
4048    0
4049    0
4050    0
4051    4.3e-05
4052    0
4053    0
4054    0
4055    7.5e-05
4056    0
4057    0
4058    0
4059    4.9e-05
4060    0
4061    0
4062    0
4063    6.9e-05
4064    0
4065    0
4066    0
4067    5.2e-05
4068    0
4069    0
4070    0
4071    5.3e-05
4072    0.000583
4073    5.1e-05
4074    0
4075    0
4076    0
4077    6.9e-05
4078    0
4079    0
4080    0
4081    4.5e-05
4082    0
4083    0
4084    0
4085    6.7e-05
4086    0
4087    0
4088    0
4089    4.5e-05
4090    0
4091    0
4092    0
4093    4.6e-05
4094    0
4095    0
4096    0
4097    4.4e-05
4098    0
4099    0
4100    0
4101    6.4e-05
4102    0
4103    0
4104    0
4105    6.6e-05
4106    0
4107    0
4108    0
4109    4.4e-05
4110    0
4111    0
4112    0
4113    4.5e-05
4114    0.00065
4115    5.2e-05
4116    0
4117    0
4118    0
4119    4.7e-05
4120    0
4121    0
4122    0
4123    4.5e-05
4124    0
4125    0
4126    0
4127    4.3e-05
4128    0
4129    0
4130    0
4131    7e-05
4132    0
4133    0
4134    0
4135    4.3e-05
4136    0
4137    0
4138    4.4e-05
4139    0
4140    0
4141    4.2e-05
4142    0
4143    0
4144    6.9e-05
4145    0
4146    0
4147    4.2e-05
4148    0
4149    0
4150    4.2e-05
4151    0.000743
4152    4.2e-05
4153    0
4154    0
4155    4.2e-05
4156    0
4157    0
4158    0
4159    4.3e-05
4160    0
4161    0
4162    6.4e-05
4163    0
4164    0
4165    4.3e-05
4166    0
4167    0
4168    8.3e-05
4169    0
4170    0
4171    7.4e-05
4172    0
4173    4.9e-05
4174    0
4175    0
4176    0
4177    8.4e-05
4178    0
4179    4.6e-05
4180    0
4181    0
4182    0
4183    4.8e-05
4184    0.000641
4185    4.8e-05
4186    0
4187    0
4188    0
4189    6.2e-05
4190    0
4191    0
4192    0
4193    6e-05
4194    0
4195    0
4196    0
4197    5.3e-05
4198    0
4199    0
4200    0
4201    6.8e-05
4202    0
4203    0
4204    0
4205    7.3e-05
4206    0
4207    0
4208    0
4209    4.6e-05
4210    0
4211    0
4212    0
4213    6.1e-05
4214    0
4215    0
4216    4.9e-05
4217    0
4218    0
4219    7.1e-05
4220    0
4221    0
4222    4.7e-05
4223    0.000602
4224    4.7e-05
4225    0
4226    0
4227    4.3e-05
4228    0
4229    0
4230    0
4231    7.1e-05
4232    0
4233    0
4234    4.8e-05
4235    0
4236    0
4237    6.1e-05
4238    0
4239    0
4240    8.3e-05
4241    0
4242    0
4243    5.7e-05
4244    0
4245    7.5e-05
4246    0
4247    0
4248    0
4249    4.8e-05
4250    0
4251    4.6e-05
4252    0
4253    0
4254    0
4255    4.5e-05
4256    0.000688
4257    4.5e-05
4258    0
4259    0
4260    4.4e-05
4261    0
4262    0
4263    4.3e-05
4264    0
4265    0
4266    4.4e-05
4267    0
4268    0
4269    4.6e-05
4270    0
4271    0
4272    4.4e-05
4273    0
4274    0
4275    4.6e-05
4276    0
4277    0
4278    7.3e-05
4279    0
4280    0
4281    4.6e-05
4282    0
4283    0
4284    4.4e-05
4285    0
4286    4.1e-05
4287    0.000816
4288    4.3e-05
4289    0
4290    0
4291    4.9e-05
4292    0
4293    7.1e-05
4294    0
4295    0
4296    0
4297    7.8e-05
4298    0
4299    4.7e-05
4300    0
4301    0
4302    5.1e-05
4303    0
4304    0
4305    6.6e-05
4306    0
4307    0
4308    4.4e-05
4309    0
4310    0
4311    4.3e-05
4312    0
4313    0
4314    4.6e-05
4315    0
4316    0
4317    4.6e-05
4318    0.000537
4319    5.7e-05
4320    0
4321    5.7e-05
4322    0
4323    4.3e-05
4324    0
4325    0
4326    4.7e-05
4327    0
4328    4.4e-05
4329    0
4330    4.3e-05
4331    0
4332    0
4333    4.5e-05
4334    0
4335    4.8e-05
4336    0
4337    0
4338    4.4e-05
4339    0
4340    4.5e-05
4341    0
4342    4.4e-05
4343    0.000507
4344    4.2e-05
4345    0
4346    0
4347    4.3e-05
4348    0
4349    0
4350    6.8e-05
4351    0
4352    0
4353    5e-05
4354    0
4355    0
4356    4.5e-05
4357    0
4358    0
4359    5.8e-05
4360    0
4361    0
4362    4.5e-05
4363    0
4364    0
4365    7e-05
4366    0
4367    0
4368    4.7e-05
4369    0
4370    7.7e-05
4371    0
4372    7e-05
4373    0.000901
4374    4.5e-05
4375    0
4376    7.2e-05
4377    5.1e-05
4378    0
4379    4.5e-05
4380    0
4381    4.9e-05
4382    0
4383    4.7e-05
4384    0
4385    7.2e-05
4386    0
4387    7.6e-05
4388    0
4389    4.8e-05
4390    0
4391    4.6e-05
4392    0
4393    4.4e-05
4394    0.000664
4395    6.7e-05
4396    0
4397    5e-05
4398    0
4399    4.3e-05
4400    0
4401    4.4e-05
4402    0
4403    4.4e-05
4404    0
4405    6.7e-05
4406    0
4407    6.7e-05
4408    0
4409    4.4e-05
4410    0
4411    4.5e-05
4412    0
4413    5.8e-05
4414    0
4415    4.6e-05
4416    0.00056
4417    5.2e-05
4418    0
4419    4.6e-05
4420    0
4421    4.6e-05
4422    0
4423    9e-05
4424    0
4425    7.5e-05
4426    0
4427    9.4e-05
4428    0
4429    7.1e-05
4430    0
4431    8.5e-05
4432    0
4433    7.1e-05
4434    0
4435    4.5e-05
4436    0
4437    4.7e-05
4438    0.000675
4439    4.6e-05
4440    0
4441    4.9e-05
4442    0
4443    6.1e-05
4444    0
4445    7.1e-05
4446    0
4447    4.3e-05
4448    0
4449    4.4e-05
4450    0
4451    5.2e-05
4452    0
4453    4.5e-05
4454    0
4455    4.5e-05
4456    0
4457    4.6e-05
4458    0
4459    7e-05
4460    0.00055
4461    5.9e-05
4462    0
4463    4.6e-05
4464    0
4465    4.5e-05
4466    0
4467    6.5e-05
4468    0
4469    4.6e-05
4470    0
4471    4.3e-05
4472    0
4473    5.6e-05
4474    0
4475    4.9e-05
4476    0
4477    5.4e-05
4478    0
4479    4.6e-05
4480    0
4481    7.3e-05
4482    0.000646
4483    4.3e-05
4484    0
4485    5.3e-05
4486    0
4487    4.5e-05
4488    0
4489    4.5e-05
4490    0
4491    4.6e-05
4492    0
4493    4.5e-05
4494    0
4495    4.3e-05
4496    0
4497    7e-05
4498    0
4499    4.3e-05
4500    0
4501    6.9e-05
4502    0
4503    5e-05
4504    0.00064
4505    5.7e-05
4506    0
4507    7.3e-05
4508    0
4509    4.6e-05
4510    0
4511    4.6e-05
4512    0
4513    4.3e-05
4514    0
4515    4.5e-05
4516    0
4517    4.2e-05
4518    0
4519    6.6e-05
4520    0
4521    6.9e-05
4522    0
4523    4.5e-05
4524    0
4525    4.9e-05
4526    0.000669
4527    7.4e-05
4528    0
4529    4.5e-05
4530    0
4531    6.6e-05
4532    0
4533    5.9e-05
4534    0
4535    5.4e-05
4536    0
4537    5.9e-05
4538    0
4539    6.6e-05
4540    0
4541    6.6e-05
4542    0
4543    4.5e-05
4544    0
4545    4.6e-05
4546    0
4547    5e-05
4548    0.000674
4549    7.2e-05
4550    0
4551    7e-05
4552    0
4553    4.5e-05
4554    0
4555    4.4e-05
4556    0
4557    4.8e-05
4558    0
4559    4.2e-05
4560    0
4561    4.3e-05
4562    0
4563    6.7e-05
4564    0
4565    4.4e-05
4566    0
4567    4.4e-05
4568    0
4569    4.5e-05
4570    0.000496
4571    4.4e-05
4572    0
4573    4.3e-05
4574    0
4575    4.3e-05
4576    0
4577    4.5e-05
4578    0
4579    6.1e-05
4580    0
4581    4.3e-05
4582    0
4583    6.4e-05
4584    0
4585    4.1e-05
4586    0
4587    4.1e-05
4588    0
4589    4.1e-05
4590    0
4591    5.4e-05
4592    0.000572
4593    4.4e-05
4594    0
4595    5.6e-05
4596    0
4597    6.9e-05
4598    0
4599    4.7e-05
4600    0
4601    7.1e-05
4602    0
4603    4.5e-05
4604    0
4605    6.3e-05
4606    0
4607    4.1e-05
4608    0
4609    4.2e-05
4610    0
4611    4.2e-05
4612    0
4613    4.3e-05
4614    0.00053
4615    4.3e-05
4616    0
4617    4.2e-05
4618    0
4619    4.5e-05
4620    0
4621    4.4e-05
4622    0
4623    4.5e-05
4624    0
4625    4.2e-05
4626    0
4627    4.3e-05
4628    0
4629    4.8e-05
4630    0
4631    4.3e-05
4632    0
4633    4.5e-05
4634    0
4635    5.1e-05
4636    0.000521
4637    4.4e-05
4638    0
4639    4.2e-05
4640    0
4641    4e-05
4642    0
4643    4.4e-05
4644    0
4645    4.2e-05
4646    0
4647    4.4e-05
4648    0
4649    4.2e-05
4650    0
4651    4.1e-05
4652    0
4653    4.5e-05
4654    0
4655    6.6e-05
4656    0
4657    6.5e-05
4658    0.000843
4659    4.7e-05
4660    0
4661    6.1e-05
4662    0
4663    4.8e-05
4664    0
4665    5.2e-05
4666    0
4667    4.6e-05
4668    0
4669    4.7e-05
4670    0
4671    4.5e-05
4672    0
4673    4.5e-05
4674    0
4675    7e-05
4676    0
4677    5.5e-05
4678    0
4679    6.6e-05
4680    0.000745
4681    6.6e-05
4682    0
4683    5.1e-05
4684    0
4685    4.9e-05
4686    0
4687    5e-05
4688    0
4689    4.7e-05
4690    0
4691    4.5e-05
4692    0
4693    4.7e-05
4694    0
4695    5.1e-05
4696    0
4697    5.1e-05
4698    0
4699    4.7e-05
4700    0
4701    4.7e-05
4702    0.000824
4703    4.7e-05
4704    0
4705    4.9e-05
4706    0
4707    8.4e-05
4708    0
4709    5e-05
4710    0
4711    4.6e-05
4712    0
4713    6.7e-05
4714    0
4715    4.4e-05
4716    0
4717    7.5e-05
4718    0
4719    7.4e-05
4720    0
4721    7.2e-05
4722    0
4723    4.4e-05
4724    0.000608
4725    5.1e-05
4726    0
4727    4.7e-05
4728    0
4729    4.7e-05
4730    0
4731    4.9e-05
4732    0
4733    4.6e-05
4734    0
4735    4.3e-05
4736    0
4737    4.4e-05
4738    0
4739    4.3e-05
4740    0
4741    4.5e-05
4742    0
4743    4.2e-05
4744    0
4745    4.5e-05
4746    0.00071
4747    4.2e-05
4748    0
4749    5.5e-05
4750    0
4751    5.5e-05
4752    0
4753    4.8e-05
4754    0
4755    4.5e-05
4756    0
4757    4.7e-05
4758    0
4759    4.5e-05
4760    0
4761    4.3e-05
4762    0
4763    5.7e-05
4764    0
4765    5.3e-05
4766    0
4767    4.8e-05
4768    0.000868
4769    7e-05
4770    0
4771    7.3e-05
4772    0
4773    4.6e-05
4774    0
4775    5e-05
4776    0
4777    4.8e-05
4778    0
4779    5.8e-05
4780    0
4781    4.5e-05
4782    0
4783    5.8e-05
4784    0
4785    4.5e-05
4786    0
4787    4.6e-05
4788    0
4789    4.3e-05
4790    0.000533
4791    4.3e-05
4792    0
4793    6.7e-05
4794    0
4795    4.3e-05
4796    0
4797    4.1e-05
4798    0
4799    5.7e-05
4800    0
4801    7e-05
4802    0
4803    6.5e-05
4804    0
4805    5.1e-05
4806    0
4807    7.4e-05
4808    0
4809    7.7e-05
4810    0
4811    7e-05
4812    0.000643
4813    5.3e-05
4814    0
4815    4.7e-05
4816    0
4817    4.5e-05
4818    0
4819    5.9e-05
4820    0
4821    5.4e-05
4822    0
4823    6.7e-05
4824    0
4825    7.6e-05
4826    0
4827    4.4e-05
4828    0
4829    4.4e-05
4830    0
4831    4.8e-05
4832    0
4833    4.4e-05
4834    0.000514
4835    4.3e-05
4836    0
4837    6.6e-05
4838    0
4839    4.8e-05
4840    0
4841    4.4e-05
4842    0
4843    5.9e-05
4844    0
4845    5.1e-05
4846    0
4847    4.5e-05
4848    0
4849    4.5e-05
4850    0
4851    4.6e-05
4852    0
4853    4.5e-05
4854    0
4855    4.2e-05
4856    0.000641
4857    6.7e-05
4858    0
4859    4.4e-05
4860    0
4861    4.5e-05
4862    0
4863    5.9e-05
4864    0
4865    4.6e-05
4866    0
4867    4.5e-05
4868    0
4869    4.3e-05
4870    0
4871    6.4e-05
4872    0
4873    4.4e-05
4874    0
4875    6.5e-05
4876    0
4877    4.3e-05
4878    0.000558
4879    6.2e-05
4880    0
4881    5.1e-05
4882    0
4883    6.9e-05
4884    0
4885    5.5e-05
4886    0
4887    5e-05
4888    0
4889    6.9e-05
4890    0
4891    5e-05
4892    0
4893    4.4e-05
4894    0
4895    8.5e-05
4896    0
4897    4.5e-05
4898    0
4899    5.3e-05
4900    0.000621
4901    4.8e-05
4902    0
4903    4.8e-05
4904    0
4905    5e-05
4906    0
4907    6.9e-05
4908    0
4909    5.4e-05
4910    0
4911    5.5e-05
4912    0
4913    4.5e-05
4914    0
4915    6.8e-05
4916    0
4917    4.9e-05
4918    0
4919    4.6e-05
4920    0
4921    4.5e-05
4922    0.000481
4923    4.3e-05
4924    0
4925    6.2e-05
4926    0
4927    7.6e-05
4928    0
4929    7.6e-05
4930    0
4931    6.6e-05
4932    0
4933    5.9e-05
4934    0
4935    5.1e-05
4936    0
4937    8.7e-05
4938    0
4939    4.3e-05
4940    0
4941    5e-05
4942    0
4943    7.3e-05
4944    0.000743
4945    5.1e-05
4946    0
4947    7.5e-05
4948    0
4949    4.4e-05
4950    0
4951    5.6e-05
4952    0
4953    4.3e-05
4954    0
4955    4.2e-05
4956    0
4957    4.3e-05
4958    0
4959    6.4e-05
4960    0
4961    4.3e-05
4962    0
4963    4.3e-05
4964    0
4965    4.1e-05
4966    0.00047
4967    4.3e-05
4968    0
4969    4.2e-05
4970    0
4971    4.2e-05
4972    0
4973    4.2e-05
4974    0
4975    4.4e-05
4976    0
4977    5.9e-05
4978    0
4979    4.2e-05
4980    0
4981    4.4e-05
4982    0
4983    4.5e-05
4984    0
4985    4.2e-05
4986    0
4987    4.3e-05
4988    0.000534
4989    4.2e-05
4990    0
4991    4.3e-05
4992    0
4993    4.1e-05
4994    0
4995    4.3e-05
4996    0
4997    4.3e-05
4998    0
4999    7.1e-05
5000    0
5001    4.4e-05
5002    0
5003    4.4e-05
5004    0
5005    6.6e-05
5006    0
5007    4.4e-05
5008    0
5009    4.4e-05
5010    0.000496
5011    6.5e-05
5012    0
5013    4.4e-05
5014    0
5015    4.2e-05
5016    0
5017    4.2e-05
5018    0
5019    4.3e-05
5020    0
5021    6.1e-05
5022    0
5023    4.3e-05
5024    0
5025    6.1e-05
5026    0
5027    4.4e-05
5028    0
5029    4.4e-05
5030    0
5031    5.7e-05
5032    0.000605
5033    6.6e-05
5034    0
5035    7.4e-05
5036    0
5037    6.1e-05
5038    0
5039    4.4e-05
5040    0
5041    4.2e-05
5042    0
5043    4.2e-05
5044    0
5045    4.2e-05
5046    0
5047    4.2e-05
5048    0
5049    4.7e-05
5050    0
5051    4.7e-05
5052    0
5053    4.4e-05
5054    0.000551
5055    4.6e-05
5056    0
5057    6.6e-05
5058    0
5059    5.5e-05
5060    0
5061    4.4e-05
5062    0
5063    4.5e-05
5064    0
5065    4.4e-05
5066    0
5067    4.5e-05
5068    0
5069    4.2e-05
5070    0
5071    5.7e-05
5072    0
5073    4.4e-05
5074    0
5075    7.9e-05
5076    0.000623
5077    4.9e-05
5078    0
5079    7e-05
5080    0
5081    4.4e-05
5082    0
5083    4.5e-05
5084    0
5085    4.3e-05
5086    0
5087    4.8e-05
5088    0
5089    4.7e-05
5090    0
5091    4.3e-05
5092    0
5093    4.4e-05
5094    0
5095    4.2e-05
5096    0
5097    4.3e-05
5098    0.000605
5099    4.3e-05
5100    0
5101    4.4e-05
5102    0
5103    4.4e-05
5104    0
5105    4.7e-05
5106    0
5107    7.1e-05
5108    0
5109    6.7e-05
5110    0
5111    4.5e-05
5112    0
5113    5.1e-05
5114    0
5115    5.1e-05
5116    0
5117    4.8e-05
5118    0
5119    5e-05
5120    0.000482
5121    6.1e-05
5122    0
5123    6.1e-05
5124    0
5125    4.5e-05
5126    0
5127    4.5e-05
5128    0
5129    7.2e-05
5130    0
5131    6.6e-05
5132    0
5133    4.9e-05
5134    0
5135    5.9e-05
5136    0
5137    7.9e-05
5138    0
5139    4.6e-05
5140    0
5141    7.3e-05
5142    0.000687
5143    4.9e-05
5144    0
5145    4.6e-05
5146    0
5147    4.6e-05
5148    0
5149    5.1e-05
5150    0
5151    4.5e-05
5152    0
5153    4.2e-05
5154    0
5155    4.5e-05
5156    0
5157    4.4e-05
5158    0
5159    4.4e-05
5160    0
5161    6e-05
5162    0
5163    6.5e-05
5164    0.000711
5165    4.3e-05
5166    0
5167    4.2e-05
5168    0
5169    7.4e-05
5170    0
5171    4.9e-05
5172    0
5173    4.6e-05
5174    0
5175    4.6e-05
5176    0
5177    6.1e-05
5178    0
5179    4.5e-05
5180    0
5181    4.4e-05
5182    0
5183    4.7e-05
5184    0
5185    4.7e-05
5186    0.000563
5187    4.5e-05
5188    0
5189    4.6e-05
5190    0
5191    5.3e-05
5192    0
5193    7e-05
5194    0
5195    6e-05
5196    0
5197    4.7e-05
5198    0
5199    7.8e-05
5200    0
5201    7.6e-05
5202    0
5203    5.5e-05
5204    0
5205    4.5e-05
5206    0
5207    7.1e-05
5208    0.000573
5209    4.6e-05
5210    0
5211    4.6e-05
5212    0
5213    4.5e-05
5214    0
5215    7.1e-05
5216    0
5217    4.5e-05
5218    0
5219    4.2e-05
5220    0
5221    6.9e-05
5222    0
5223    4.6e-05
5224    0
5225    7.7e-05
5226    0
5227    4.5e-05
5228    0
5229    4.7e-05
5230    0.000809
5231    6.4e-05
5232    0
5233    5.1e-05
5234    0
5235    5.6e-05
5236    0
5237    4.4e-05
5238    0
5239    5.3e-05
5240    0
5241    4.6e-05
5242    0
5243    7.7e-05
5244    0
5245    6.8e-05
5246    0
5247    5e-05
5248    0
5249    6.9e-05
5250    0
5251    6.3e-05
5252    0.000577
5253    5.9e-05
5254    0
5255    4.5e-05
5256    0
5257    6.6e-05
5258    0
5259    4.8e-05
5260    0
5261    7.4e-05
5262    0
5263    4.4e-05
5264    0
5265    7e-05
5266    0
5267    4.4e-05
5268    0
5269    4.6e-05
5270    0
5271    6.8e-05
5272    0
5273    4.4e-05
5274    0.000648
5275    6.8e-05
5276    0
5277    5e-05
5278    0
5279    4.7e-05
5280    0
5281    4.5e-05
5282    0
5283    4.5e-05
5284    0
5285    8e-05
5286    0
5287    7.6e-05
5288    0
5289    4.9e-05
5290    0
5291    4.8e-05
5292    0
5293    7.4e-05
5294    0
5295    4.8e-05
5296    0.000663
5297    7e-05
5298    0
5299    5.9e-05
5300    0
5301    4.2e-05
5302    0
5303    0.000102
5304    0
5305    4.4e-05
5306    0
5307    6.9e-05
5308    0
5309    4.4e-05
5310    0
5311    7.6e-05
5312    0
5313    4.7e-05
5314    0
5315    4.7e-05
5316    0
5317    4.4e-05
5318    0.000563
5319    4.4e-05
5320    0
5321    4.6e-05
5322    0
5323    4.6e-05
5324    0
5325    6.2e-05
5326    0
5327    4.5e-05
5328    0
5329    5.8e-05
5330    0
5331    4.7e-05
5332    0
5333    7.1e-05
5334    0
5335    4.5e-05
5336    0
5337    4.6e-05
5338    0
5339    4.8e-05
5340    0.00088
5341    8.3e-05
5342    0
5343    7.6e-05
5344    0
5345    5.2e-05
5346    0
5347    6.5e-05
5348    0
5349    7.6e-05
5350    0
5351    4.4e-05
5352    0
5353    4.6e-05
5354    0
5355    4.5e-05
5356    0
5357    4.2e-05
5358    0
5359    4.3e-05
5360    0
5361    4.4e-05
5362    0.000499
5363    4.3e-05
5364    0
5365    4.2e-05
5366    0
5367    4.3e-05
5368    0
5369    4.6e-05
5370    0
5371    4.3e-05
5372    0
5373    4.5e-05
5374    0
5375    7.8e-05
5376    0
5377    4.2e-05
5378    0
5379    4.2e-05
5380    0
5381    4.4e-05
5382    0
5383    4.2e-05
5384    0.000474
5385    4e-05
5386    0
5387    4e-05
5388    0
5389    7.6e-05
5390    0
5391    4.7e-05
5392    0
5393    6.2e-05
5394    0
5395    4.5e-05
5396    0
5397    4.5e-05
5398    0
5399    6.5e-05
5400    0
5401    4.5e-05
5402    0
5403    4.5e-05
5404    0
5405    6.4e-05
5406    0.000714
5407    4.3e-05
5408    0
5409    7e-05
5410    0
5411    5.5e-05
5412    0
5413    4.2e-05
5414    0
5415    6.4e-05
5416    0
5417    4.5e-05
5418    0
5419    4.6e-05
5420    0
5421    6.7e-05
5422    0
5423    4.6e-05
5424    0
5425    4.7e-05
5426    0
5427    4.3e-05
5428    0.000557
5429    6.8e-05
5430    0
5431    4.2e-05
5432    0
5433    4.1e-05
5434    0
5435    4.2e-05
5436    0
5437    4.6e-05
5438    0
5439    4.2e-05
5440    0
5441    4.4e-05
5442    0
5443    4.3e-05
5444    0
5445    4.3e-05
5446    0
5447    6.6e-05
5448    0
5449    6.4e-05
5450    0.00052
5451    6.8e-05
5452    0
5453    5e-05
5454    0
5455    6.9e-05
5456    0
5457    4.2e-05
5458    0
5459    4.8e-05
5460    0
5461    5.3e-05
5462    0
5463    4.5e-05
5464    0
5465    4.4e-05
5466    0
5467    6.9e-05
5468    0
5469    6.7e-05
5470    0
5471    4.4e-05
5472    0.00047
5473    6.2e-05
5474    0
5475    6.1e-05
5476    0
5477    6.9e-05
5478    0
5479    7e-05
5480    0
5481    7.9e-05
5482    0
5483    6.9e-05
5484    0
5485    4.3e-05
5486    0
5487    4.3e-05
5488    0
5489    4.3e-05
5490    0
5491    4.3e-05
5492    0
5493    4.2e-05
5494    0.000483
5495    4.2e-05
5496    0
5497    4.2e-05
5498    0
5499    4.3e-05
5500    0
5501    4.4e-05
5502    0
5503    4.3e-05
5504    0
5505    4.2e-05
5506    0
5507    4.3e-05
5508    0
5509    4.3e-05
5510    0
5511    4.4e-05
5512    0
5513    6.5e-05
5514    0
5515    4.1e-05
5516    0.000528
5517    5.1e-05
5518    0
5519    4.3e-05
5520    0
5521    4.8e-05
5522    0
5523    7.2e-05
5524    0
5525    4.3e-05
5526    0
5527    6.3e-05
5528    0
5529    4.7e-05
5530    0
5531    4.3e-05
5532    0
5533    4.5e-05
5534    0
5535    4.4e-05
5536    0
5537    4.2e-05
5538    0.000523
5539    4.2e-05
5540    0
5541    8.4e-05
5542    0
5543    4.3e-05
5544    0
5545    4.2e-05
5546    0
5547    4.4e-05
5548    0
5549    4.3e-05
5550    0
5551    6.7e-05
5552    0
5553    4.5e-05
5554    0
5555    4.5e-05
5556    0
5557    4.4e-05
5558    0
5559    6.5e-05
5560    0.000589
5561    6.7e-05
5562    0
5563    6.6e-05
5564    0
5565    4.5e-05
5566    0
5567    4.4e-05
5568    0
5569    4.3e-05
5570    0
5571    4.9e-05
5572    0
5573    4.5e-05
5574    0
5575    4.5e-05
5576    0
5577    4.4e-05
5578    0
5579    4.7e-05
5580    0
5581    4.3e-05
5582    0.000549
5583    4.3e-05
5584    0
5585    4.3e-05
5586    0
5587    4.2e-05
5588    0
5589    4.2e-05
5590    0
5591    4.2e-05
5592    0
5593    4.7e-05
5594    0
5595    4.4e-05
5596    0
5597    4.2e-05
5598    0
5599    6.3e-05
5600    0
5601    4.5e-05
5602    0
5603    6.2e-05
5604    0.00069
5605    4.4e-05
5606    0
5607    4.3e-05
5608    0
5609    4.5e-05
5610    0
5611    4.5e-05
5612    0
5613    5.3e-05
5614    0
5615    4.6e-05
5616    0
5617    4.6e-05
5618    0
5619    8.4e-05
5620    0
5621    7.4e-05
5622    0
5623    4.4e-05
5624    0
5625    6.5e-05
5626    0.000488
5627    4.4e-05
5628    0
5629    4.4e-05
5630    0
5631    8.4e-05
5632    0
5633    5.9e-05
5634    0
5635    4.7e-05
5636    0
5637    4.7e-05
5638    0
5639    4.5e-05
5640    0
5641    4.3e-05
5642    0
5643    4.3e-05
5644    0
5645    4.5e-05
5646    0
5647    4.3e-05
5648    0.000621
5649    4.2e-05
5650    0
5651    4e-05
5652    0
5653    4.2e-05
5654    0
5655    4.5e-05
5656    0
5657    4.2e-05
5658    0
5659    6.3e-05
5660    0
5661    4.2e-05
5662    0
5663    4.2e-05
5664    0
5665    4.4e-05
5666    0
5667    4.3e-05
5668    0
5669    4.4e-05
5670    0.000724
5671    4.3e-05
5672    0
5673    4.5e-05
5674    0
5675    4.5e-05
5676    0
5677    4.6e-05
5678    0
5679    4.5e-05
5680    0
5681    4.4e-05
5682    0
5683    5.5e-05
5684    0
5685    4.4e-05
5686    0
5687    4.2e-05
5688    0
5689    4.3e-05
5690    0
5691    4.3e-05
5692    0.000596
5693    4e-05
5694    0
5695    4e-05
5696    0
5697    4.2e-05
5698    0
5699    4.2e-05
5700    0
5701    4.2e-05
5702    0
5703    4.3e-05
5704    0
5705    4.2e-05
5706    0
5707    4.5e-05
5708    0
5709    4.2e-05
5710    0
5711    5.6e-05
5712    0
5713    4.3e-05
5714    0.000489
5715    4.2e-05
5716    0
5717    4.4e-05
5718    0
5719    4.5e-05
5720    0
5721    4.3e-05
5722    0
5723    4.5e-05
5724    0
5725    4.5e-05
5726    0
5727    4.4e-05
5728    0
5729    9.2e-05
5730    0
5731    6.4e-05
5732    0
5733    4.6e-05
5734    0
5735    4.4e-05
5736    0.000476
5737    6.6e-05
5738    0
5739    6.7e-05
5740    0
5741    4.9e-05
5742    0
5743    4.5e-05
5744    0
5745    4.4e-05
5746    0
5747    4.4e-05
5748    0
5749    4.3e-05
5750    0
5751    4.4e-05
5752    0
5753    4.3e-05
5754    0
5755    4.6e-05
5756    0
5757    4.4e-05
5758    0.000513
5759    4.4e-05
5760    0
5761    4.3e-05
5762    0
5763    4.3e-05
5764    0
5765    4.3e-05
5766    0
5767    4.4e-05
5768    0
5769    4.4e-05
5770    0
5771    4.8e-05
5772    0
5773    8e-05
5774    0
5775    4.6e-05
5776    0
5777    5e-05
5778    0
5779    6.1e-05
5780    0.000656
5781    6.6e-05
5782    0
5783    7.2e-05
5784    0
5785    6.4e-05
5786    0
5787    4.2e-05
5788    0
5789    4.4e-05
5790    0
5791    4.7e-05
5792    0
5793    5.2e-05
5794    0
5795    7.3e-05
5796    0
5797    4.3e-05
5798    0
5799    4.9e-05
5800    0
5801    6.2e-05
5802    0.000543
5803    4.9e-05
5804    0
5805    5.7e-05
5806    0
5807    4.8e-05
5808    0
5809    7e-05
5810    0
5811    5e-05
5812    0
5813    4.8e-05
5814    0
5815    4.6e-05
5816    0
5817    4.5e-05
5818    0
5819    4.7e-05
5820    0
5821    4.2e-05
5822    0
5823    6.3e-05
5824    0.000757
5825    7.3e-05
5826    0
5827    4.7e-05
5828    0
5829    4.6e-05
5830    0
5831    4.7e-05
5832    0
5833    7.4e-05
5834    0
5835    4.6e-05
5836    0
5837    6.7e-05
5838    0
5839    6.7e-05
5840    0
5841    5.3e-05
5842    0
5843    5e-05
5844    0
5845    4.7e-05
5846    0.000603
5847    7e-05
5848    0
5849    4.3e-05
5850    0
5851    4.2e-05
5852    0
5853    4.5e-05
5854    0
5855    4.3e-05
5856    0
5857    7.2e-05
5858    0
5859    4.4e-05
5860    0
5861    4.3e-05
5862    0
5863    4.3e-05
5864    0
5865    6.1e-05
5866    0
5867    4.4e-05
5868    0.000755
5869    4.7e-05
5870    0
5871    4.5e-05
5872    0
5873    4.3e-05
5874    0
5875    4.6e-05
5876    0
5877    6.7e-05
5878    0
5879    4.4e-05
5880    0
5881    4.9e-05
5882    0
5883    7.4e-05
5884    0
5885    4.2e-05
5886    0
5887    4.3e-05
5888    0
5889    4.2e-05
5890    0.000538
5891    4.2e-05
5892    0
5893    4.5e-05
5894    0
5895    4.4e-05
5896    0
5897    4.6e-05
5898    0
5899    4.5e-05
5900    0
5901    4.3e-05
5902    0
5903    4.3e-05
5904    0
5905    4.3e-05
5906    0
5907    6.2e-05
5908    0
5909    4.1e-05
5910    0
5911    4.3e-05
5912    0.000703
5913    4.3e-05
5914    0
5915    4.4e-05
5916    0
5917    4.6e-05
5918    0
5919    4.3e-05
5920    0
5921    5.7e-05
5922    0
5923    4.2e-05
5924    0
5925    4.2e-05
5926    0
5927    4.3e-05
5928    0
5929    4.5e-05
5930    0
5931    4.3e-05
5932    0
5933    4.5e-05
5934    0.000548
5935    4.3e-05
5936    0
5937    4.4e-05
5938    0
5939    4.4e-05
5940    0
5941    4.4e-05
5942    0
5943    4.6e-05
5944    0
5945    4.5e-05
5946    0
5947    4.4e-05
5948    0
5949    4.4e-05
5950    0
5951    4.3e-05
5952    0
5953    3.9e-05
5954    0
5955    6.5e-05
5956    0.000564
5957    4.3e-05
5958    0
5959    4.2e-05
5960    0
5961    6.8e-05
5962    0
5963    4.3e-05
5964    0
5965    4.2e-05
5966    0
5967    4.3e-05
5968    0
5969    4.3e-05
5970    0
5971    4.2e-05
5972    0
5973    4.2e-05
5974    0
5975    4.4e-05
5976    0
5977    4.7e-05
5978    0.00049
5979    4.6e-05
5980    0
5981    4.4e-05
5982    0
5983    5.9e-05
5984    0
5985    4.2e-05
5986    0
5987    4.7e-05
5988    0
5989    4.6e-05
5990    0
5991    4.3e-05
5992    0
5993    5.6e-05
5994    0
5995    4.9e-05
5996    0
5997    4.4e-05
5998    0
5999    6.5e-05
6000    0.000863
