1    0
2    0.032308
3    0.001168
4    0.002421
5    0.002376
6    0.001204
7    0.021407
8    0.002418
9    0.001261
10    0.027951
11    0.002322
12    0
13    0.002276
14    0
15    0.002551
16    0
17    0.012788
18    0.030068
19    0.00129
20    0.001215
21    0.001178
22    0.001187
23    0
24    0
25    0
26    0
27    0
28    0.001218
29    0.013695
30    0.00127
31    0
32    0
33    0
34    0
35    0.001248
36    0
37    0
38    0
39    0
40    0
41    0
42    0
43    0
44    0
45    0
46    0
47    0
48    0
49    0
50    0
51    0
52    0
53    0
54    0
55    0
56    0
57    0
58    0
59    0
60    0
61    0
62    0
63    0
64    0
65    0
66    0
67    0
68    0
69    0
70    0
71    0.001158
72    0
73    0
74    0
75    0
76    0
77    0
78    0
79    0
80    0
81    0
82    0
83    0
84    0
85    0
86    0
87    0
88    0
89    0
90    0
91    0
92    0
93    0
94    0
95    0
96    0
97    0
98    0
99    0
100    0
101    0
102    0
103    0
104    0
105    0
106    0
107    0
108    0
109    0
110    0
111    0
112    0
113    0
114    0
115    0
116    0
117    0
118    0
119    0
120    0
121    0
122    0
123    0
124    0
125    0
126    0
127    0
128    0
129    0
130    0
131    0.012605
132    0.001299
133    0
134    0
135    0
136    0
137    0
138    0
139    0
140    0
141    0
142    0
143    0
144    0
145    0
146    0
147    0
148    0
149    0
150    0
151    0
152    0
153    0
154    0
155    0
156    0
157    0
158    0
159    0
160    0
161    0
162    0
163    0
164    0
165    0
166    0
167    0
168    0
169    0
170    0
171    0
172    0
173    0
174    0
175    0
176    0
177    0
178    0
179    0
180    0
181    0
182    0
183    0
184    0
185    0
186    0
187    0
188    0
189    0
190    0
191    0
192    0
193    0
194    0
195    0
196    0
197    0
198    0
199    0
200    0
201    0
202    0
203    0
204    0
205    0
206    0
207    0
208    0
209    0
210    0
211    0.00142
212    0
213    0
214    0
215    0
216    0
217    0
218    0
219    0
220    0
221    0
222    0
223    0
224    0
225    0
226    0
227    0
228    0
229    0
230    0
231    0
232    0
233    0.011687
234    0.001226
235    0
236    0
237    0
238    0
239    0
240    0
241    0
242    0
243    0
244    0
245    0
246    0
247    0
248    0
249    0
250    0
251    0
252    0
253    0
254    0
255    0
256    0
257    0
258    0
259    0
260    0
261    0
262    0
263    0
264    0
265    0
266    0
267    0
268    0
269    0
270    0
271    0
272    0
273    0
274    0
275    0
276    0
277    0
278    0
279    0
280    0
281    0
282    0
283    0
284    0
285    0
286    0
287    0
288    0
289    0
290    0
291    0
292    0
293    0
294    0
295    0
296    0
297    0
298    0
299    0
300    0
301    0
302    0
303    0.001408
304    0
305    0
306    0
307    0
308    0
309    0
310    0
311    0
312    0
313    0
314    0
315    0
316    0
317    0
318    0
319    0
320    0
321    0
322    0
323    0
324    0
325    0
326    0
327    0
328    0
329    0
330    0
331    0
332    0
333    0
334    0
335    0.011755
336    0.001384
337    0
338    0
339    0
340    0
341    0
342    0
343    0
344    0
345    0
346    0
347    0
348    0
349    0
350    0
351    0
352    0
353    0
354    0
355    0
356    0
357    0
358    0
359    0
360    0
361    0
362    0
363    0
364    0
365    0
366    0
367    0
368    0
369    0
370    0
371    0
372    0
373    0
374    0
375    0
376    0
377    0
378    0
379    0
380    0
381    0
382    0
383    0
384    0
385    0
386    0
387    0
388    0
389    0
390    0
391    0
392    0
393    0
394    0
395    0.001354
396    0
397    0
398    0
399    0
400    0
401    0
402    0
403    0
404    0
405    0
406    0
407    0
408    0
409    0
410    0
411    0
412    0
413    0
414    0
415    0
416    0
417    0
418    0
419    0
420    0
421    0
422    0
423    0
424    0
425    0
426    0
427    0
428    0
429    0
430    0
431    0
432    0
433    0
434    0
435    0
436    0
437    0.012172
438    0.001313
439    0
440    0
441    0
442    0
443    0
444    0
445    0
446    0
447    0
448    0
449    0
450    0
451    0
452    0
453    0
454    0
455    0
456    0
457    0
458    0
459    0
460    0
461    0
462    0
463    0
464    0
465    0
466    0
467    0
468    0
469    0
470    0
471    0
472    0
473    0
474    0
475    0
476    0
477    0
478    0
479    0
480    0
481    0
482    0
483    0
484    0
485    0
486    0
487    0
488    0
489    0.001316
490    0
491    0
492    0
493    0
494    0
495    0
496    0
497    0
498    0
499    0
500    0
501    0
502    0
503    0
504    0
505    0
506    0
507    0
508    0
509    0
510    0
511    0
512    0
513    0
514    0
515    0
516    0
517    0
518    0
519    0
520    0
521    0
522    0
523    0
524    0
525    0
526    0
527    0
528    0
529    0
530    0
531    0
532    0
533    0
534    0
535    0
536    0
537    0.001268
538    0
539    0.012062
540    0.001248
541    0
542    0
543    0
544    0
545    0
546    0
547    0
548    0
549    0
550    0
551    0
552    0
553    0
554    0
555    0
556    0
557    0
558    0
559    0
560    0
561    0
562    0
563    0
564    0
565    0
566    0
567    0
568    0
569    0
570    0
571    0
572    0
573    0
574    0
575    0
576    0
577    0
578    0
579    0
580    0
581    0
582    0
583    0
584    0
585    0.001318
586    0
587    0
588    0
589    0
590    0
591    0
592    0
593    0
594    0
595    0
596    0
597    0
598    0
599    0
600    0
601    0
602    0
603    0
604    0
605    0
606    0
607    0
608    0
609    0
610    0
611    0
612    0
613    0
614    0
615    0
616    0
617    0
618    0
619    0
620    0
621    0
622    0
623    0
624    0
625    0
626    0
627    0.001302
628    0
629    0
630    0
631    0
632    0
633    0
634    0
635    0
636    0
637    0
638    0
639    0
640    0
641    0.013
642    0.001339
643    0
644    0
645    0
646    0
647    0
648    0
649    0
650    0
651    0
652    0
653    0
654    0
655    0
656    0
657    0
658    0
659    0
660    0
661    0
662    0
663    0
664    0
665    0
666    0
667    0
668    0
669    0
670    0
671    0
672    0
673    0
674    0
675    0
676    0
677    0
678    0
679    0
680    0
681    0.001306
682    0
683    0
684    0
685    0
686    0
687    0
688    0
689    0
690    0
691    0
692    0
693    0
694    0
695    0
696    0
697    0
698    0
699    0
700    0
701    0
702    0
703    0
704    0
705    0
706    0
707    0
708    0
709    0
710    0
711    0
712    0
713    0
714    0
715    0
716    0
717    0
718    0
719    0.001296
720    0
721    0
722    0
723    0
724    0
725    0
726    0
727    0
728    0
729    0
730    0
731    0
732    0
733    0
734    0
735    0
736    0
737    0
738    0
739    0
740    0
741    0
742    0
743    0.012246
744    0.001287
745    0
746    0
747    0
748    0
749    0
750    0
751    0
752    0
753    0
754    0
755    0
756    0
757    0
758    0
759    0
760    0
761    0
762    0
763    0
764    0
765    0
766    0
767    0
768    0
769    0
770    0
771    0
772    0
773    0
774    0
775    0
776    0
777    0
778    0
779    0.001336
780    0
781    0
782    0
783    0
784    0
785    0
786    0
787    0
788    0
789    0
790    0
791    0
792    0
793    0
794    0
795    0
796    0
797    0
798    0
799    0
800    0
801    0
802    0
803    0
804    0
805    0
806    0
807    0
808    0
809    0
810    0
811    0
812    0
813    0.001443
814    0
815    0
816    0
817    0
818    0
819    0
820    0
821    0
822    0
823    0
824    0
825    0
826    0
827    0
828    0
829    0
830    0
831    0
832    0
833    0
834    0
835    0
836    0
837    0
838    0
839    0
840    0
841    0
842    0
843    0
844    0
845    0.012356
846    0.001428
847    0
848    0
849    0
850    0
851    0
852    0
853    0
854    0
855    0
856    0
857    0
858    0
859    0
860    0
861    0
862    0
863    0
864    0
865    0
866    0
867    0
868    0
869    0
870    0
871    0
872    0
873    0
874    0
875    0
876    0
877    0.001399
878    0
879    0
880    0
881    0
882    0
883    0
884    0
885    0
886    0
887    0
888    0
889    0
890    0
891    0
892    0
893    0
894    0
895    0
896    0
897    0
898    0
899    0
900    0
901    0
902    0
903    0
904    0
905    0
906    0
907    0.001347
908    0
909    0
910    0
911    0
912    0
913    0
914    0
915    0
916    0
917    0
918    0
919    0
920    0
921    0
922    0
923    0
924    0
925    0
926    0
927    0
928    0
929    0
930    0
931    0
932    0
933    0
934    0
935    0
936    0
937    0.001379
938    0
939    0
940    0
941    0
942    0
943    0
944    0
945    0
946    0
947    0.012418
948    0.001317
949    0
950    0
951    0
952    0
953    0
954    0
955    0
956    0
957    0
958    0
959    0
960    0
961    0
962    0
963    0
964    0
965    0
966    0
967    0
968    0
969    0
970    0
971    0
972    0
973    0
974    0
975    0.001315
976    0
977    0
978    0
979    0
980    0
981    0
982    0
983    0
984    0
985    0
986    0
987    0
988    0
989    0
990    0
991    0
992    0
993    0
994    0
995    0
996    0
997    0
998    0
999    0
1000    0
1001    0.001322
1002    0
1003    0
1004    0
1005    0
1006    0
1007    0
1008    0
1009    0
1010    0
1011    0
1012    0
1013    0
1014    0
1015    0
1016    0
1017    0
1018    0
1019    0
1020    0
1021    0
1022    0
1023    0
1024    0
1025    0
1026    0
1027    0.001358
1028    0
1029    0
1030    0
1031    0
1032    0
1033    0
1034    0
1035    0
1036    0
1037    0
1038    0
1039    0
1040    0
1041    0
1042    0
1043    0
1044    0
1045    0
1046    0
1047    0
1048    0
1049    0.012808
1050    0.001291
1051    0
1052    0
1053    0
1054    0
1055    0
1056    0
1057    0
1058    0
1059    0
1060    0
1061    0
1062    0
1063    0
1064    0
1065    0
1066    0
1067    0
1068    0
1069    0
1070    0
1071    0
1072    0
1073    0.001317
1074    0
1075    0
1076    0
1077    0
1078    0
1079    0
1080    0
1081    0
1082    0
1083    0
1084    0
1085    0
1086    0
1087    0
1088    0
1089    0
1090    0
1091    0
1092    0
1093    0
1094    0
1095    0
1096    0
1097    0.001294
1098    0
1099    0
1100    0
1101    0
1102    0
1103    0
1104    0
1105    0
1106    0
1107    0
1108    0
1109    0
1110    0
1111    0
1112    0
1113    0
1114    0
1115    0
1116    0
1117    0
1118    0
1119    0
1120    0
1121    0.001376
1122    0
1123    0
1124    0
1125    0
1126    0
1127    0
1128    0
1129    0
1130    0
1131    0
1132    0
1133    0
1134    0
1135    0
1136    0
1137    0
1138    0
1139    0
1140    0
1141    0
1142    0
1143    0.001225
1144    0
1145    0
1146    0
1147    0
1148    0
1149    0
1150    0
1151    0.012399
1152    0.001292
1153    0
1154    0
1155    0
1156    0
1157    0
1158    0
1159    0
1160    0
1161    0
1162    0
1163    0
1164    0
1165    0
1166    0
1167    0
1168    0
1169    0
1170    0
1171    0
1172    0
1173    0.001351
1174    0
1175    0
1176    0
1177    0
1178    0
1179    0
1180    0
1181    0
1182    0
1183    0
1184    0
1185    0
1186    0
1187    0
1188    0
1189    0
1190    0
1191    0
1192    0
1193    0
1194    0
1195    0.001341
1196    0
1197    0
1198    0
1199    0
1200    0
1201    0
1202    0
1203    0
1204    0
1205    0
1206    0
1207    0
1208    0
1209    0
1210    0
1211    0
1212    0
1213    0
1214    0
1215    0
1216    0
1217    0.001261
1218    0
1219    0
1220    0
1221    0
1222    0
1223    0
1224    0
1225    0
1226    0
1227    0
1228    0
1229    0
1230    0
1231    0
1232    0
1233    0
1234    0
1235    0
1236    0
1237    0.001266
1238    0
1239    0
1240    0
1241    0
1242    0
1243    0
1244    0
1245    0
1246    0
1247    0
1248    0
1249    0
1250    0
1251    0
1252    0
1253    0.012597
1254    0.001259
1255    0
1256    0
1257    0
1258    0
1259    0
1260    0
1261    0
1262    0
1263    0
1264    0
1265    0
1266    0
1267    0
1268    0
1269    0
1270    0
1271    0
1272    0
1273    0.001338
1274    0
1275    0
1276    0
1277    0
1278    0
1279    0
1280    0
1281    0
1282    0
1283    0
1284    0
1285    0
1286    0
1287    0
1288    0
1289    0
1290    0
1291    0
1292    0
1293    0.00133
1294    0
1295    0
1296    0
1297    0
1298    0
1299    0
1300    0
1301    0
1302    0
1303    0
1304    0
1305    0
1306    0
1307    0
1308    0
1309    0
1310    0
1311    0
1312    0.001445
1313    0
1314    0
1315    0
1316    0
1317    0
1318    0
1319    0
1320    0
1321    0
1322    0
1323    0
1324    0
1325    0
1326    0
1327    0
1328    0
1329    0.001294
1330    0
1331    0
1332    0
1333    0
1334    0
1335    0
1336    0
1337    0
1338    0
1339    0
1340    0
1341    0
1342    0
1343    0
1344    0
1345    0
1346    0
1347    0.001313
1348    0
1349    0
1350    0
1351    0
1352    0
1353    0
1354    0
1355    0.012369
1356    0.001241
1357    0
1358    0
1359    0
1360    0
1361    0
1362    0
1363    0
1364    0
1365    0
1366    0
1367    0
1368    0
1369    0
1370    0
1371    0
1372    0
1373    0.001284
1374    0
1375    0
1376    0
1377    0
1378    0
1379    0
1380    0
1381    0
1382    0
1383    0
1384    0
1385    0
1386    0
1387    0
1388    0
1389    0
1390    0
1391    0.001352
1392    0
1393    0
1394    0
1395    0
1396    0
1397    0
1398    0
1399    0
1400    0
1401    0
1402    0
1403    0
1404    0
1405    0
1406    0
1407    0
1408    0.001351
1409    0
1410    0
1411    0
1412    0
1413    0
1414    0
1415    0
1416    0
1417    0
1418    0
1419    0
1420    0
1421    0
1422    0
1423    0.001343
1424    0
1425    0
1426    0
1427    0
1428    0
1429    0
1430    0
1431    0
1432    0
1433    0
1434    0
1435    0
1436    0
1437    0
1438    0
1439    0.001297
1440    0
1441    0
1442    0
1443    0
1444    0
1445    0
1446    0
1447    0
1448    0
1449    0
1450    0
1451    0
1452    0
1453    0
1454    0
1455    0.001328
1456    0
1457    0.012716
1458    0.001378
1459    0
1460    0
1461    0
1462    0
1463    0
1464    0
1465    0
1466    0
1467    0
1468    0
1469    0
1470    0
1471    0
1472    0
1473    0.001341
1474    0
1475    0
1476    0
1477    0
1478    0
1479    0
1480    0
1481    0
1482    0
1483    0
1484    0
1485    0
1486    0
1487    0
1488    0
1489    0.001278
1490    0
1491    0
1492    0
1493    0
1494    0
1495    0
1496    0
1497    0
1498    0
1499    0
1500    0
1501    0
1502    0
1503    0
1504    0
1505    0.001283
1506    0
1507    0
1508    0
1509    0
1510    0
1511    0
1512    0
1513    0
1514    0
1515    0
1516    0
1517    0
1518    0
1519    0
1520    0.001272
1521    0
1522    0
1523    0
1524    0
1525    0
1526    0
1527    0
1528    0
1529    0
1530    0
1531    0
1532    0
1533    0.001323
1534    0
1535    0
1536    0
1537    0
1538    0
1539    0
1540    0
1541    0
1542    0
1543    0
1544    0
1545    0
1546    0
1547    0.001316
1548    0
1549    0
1550    0
1551    0
1552    0
1553    0
1554    0
1555    0
1556    0
1557    0
1558    0
1559    0.01271
1560    0.001393
1561    0
1562    0
1563    0
1564    0
1565    0
1566    0
1567    0
1568    0
1569    0
1570    0
1571    0
1572    0
1573    0.001297
1574    0
1575    0
1576    0
1577    0
1578    0
1579    0
1580    0
1581    0
1582    0
1583    0
1584    0
1585    0
1586    0
1587    0.001315
1588    0
1589    0
1590    0
1591    0
1592    0
1593    0
1594    0
1595    0
1596    0
1597    0
1598    0
1599    0
1600    0
1601    0.001285
1602    0
1603    0
1604    0
1605    0
1606    0
1607    0
1608    0
1609    0
1610    0
1611    0
1612    0
1613    0
1614    0
1615    0.001284
1616    0
1617    0
1618    0
1619    0
1620    0
1621    0
1622    0
1623    0
1624    0
1625    0
1626    0
1627    0
1628    0
1629    0.001279
1630    0
1631    0
1632    0
1633    0
1634    0
1635    0
1636    0
1637    0
1638    0
1639    0
1640    0
1641    0
1642    0
1643    0.001351
1644    0
1645    0
1646    0
1647    0
1648    0
1649    0
1650    0
1651    0
1652    0
1653    0
1654    0
1655    0
1656    0.001281
1657    0
1658    0
1659    0
1660    0
1661    0.013075
1662    0.00132
1663    0
1664    0
1665    0
1666    0
1667    0
1668    0
1669    0
1670    0
1671    0
1672    0
1673    0.001268
1674    0
1675    0
1676    0
1677    0
1678    0
1679    0
1680    0
1681    0
1682    0
1683    0
1684    0
1685    0.001334
1686    0
1687    0
1688    0
1689    0
1690    0
1691    0
1692    0
1693    0
1694    0
1695    0
1696    0
1697    0.001333
1698    0
1699    0
1700    0
1701    0
1702    0
1703    0
1704    0
1705    0
1706    0
1707    0
1708    0
1709    0.001425
1710    0
1711    0
1712    0
1713    0
1714    0
1715    0
1716    0
1717    0
1718    0
1719    0
1720    0
1721    0.001287
1722    0
1723    0
1724    0
1725    0
1726    0
1727    0
1728    0
1729    0
1730    0
1731    0
1732    0
1733    0.001303
1734    0
1735    0
1736    0
1737    0
1738    0
1739    0
1740    0
1741    0
1742    0
1743    0
1744    0
1745    0.0013
1746    0
1747    0
1748    0
1749    0
1750    0
1751    0
1752    0
1753    0
1754    0
1755    0
1756    0
1757    0.001363
1758    0
1759    0
1760    0
1761    0
1762    0
1763    0.012835
1764    0.001335
1765    0
1766    0
1767    0
1768    0
1769    0
1770    0
1771    0
1772    0
1773    0
1774    0
1775    0.001319
1776    0
1777    0
1778    0
1779    0
1780    0
1781    0
1782    0
1783    0
1784    0
1785    0
1786    0
1787    0.001354
1788    0
1789    0
1790    0
1791    0
1792    0
1793    0
1794    0
1795    0
1796    0
1797    0
1798    0
1799    0.001311
1800    0
1801    0
1802    0
1803    0
1804    0
1805    0
1806    0
1807    0
1808    0
1809    0
1810    0
1811    0.00134
1812    0
1813    0
1814    0
1815    0
1816    0
1817    0
1818    0
1819    0
1820    0
1821    0
1822    0
1823    0.001305
1824    0
1825    0
1826    0
1827    0
1828    0
1829    0
1830    0
1831    0
1832    0
1833    0
1834    0
1835    0.001299
1836    0
1837    0
1838    0
1839    0
1840    0
1841    0
1842    0
1843    0
1844    0
1845    0
1846    0
1847    0.001311
1848    0
1849    0
1850    0
1851    0
1852    0
1853    0
1854    0
1855    0
1856    0
1857    0
1858    0
1859    0.001318
1860    0
1861    0
1862    0
1863    0
1864    0
1865    0.012895
1866    0.001304
1867    0
1868    0
1869    0
1870    0
1871    0
1872    0
1873    0
1874    0
1875    0
1876    0
1877    0.001301
1878    0
1879    0
1880    0
1881    0
1882    0
1883    0
1884    0
1885    0
1886    0
1887    0
1888    0
1889    0.001302
1890    0
1891    0
1892    0
1893    0
1894    0
1895    0
1896    0
1897    0
1898    0
1899    0
1900    0
1901    0.001316
1902    0
1903    0
1904    0
1905    0
1906    0
1907    0
1908    0
1909    0
1910    0
1911    0
1912    0.001324
1913    0
1914    0
1915    0
1916    0
1917    0
1918    0
1919    0
1920    0
1921    0.001348
1922    0
1923    0
1924    0
1925    0
1926    0
1927    0
1928    0
1929    0
1930    0
1931    0.00132
1932    0
1933    0
1934    0
1935    0
1936    0
1937    0
1938    0
1939    0
1940    0
1941    0.001275
1942    0
1943    0
1944    0
1945    0
1946    0
1947    0
1948    0
1949    0
1950    0
1951    0.001371
1952    0
1953    0
1954    0
1955    0
1956    0
1957    0
1958    0
1959    0
1960    0
1961    0.001334
1962    0
1963    0
1964    0
1965    0
1966    0
1967    0.012868
1968    0.001333
1969    0
1970    0
1971    0
1972    0
1973    0
1974    0
1975    0
1976    0
1977    0.001291
1978    0
1979    0
1980    0
1981    0
1982    0
1983    0
1984    0
1985    0
1986    0
1987    0.001322
1988    0
1989    0
1990    0
1991    0
1992    0
1993    0
1994    0
1995    0
1996    0.001293
1997    0
1998    0
1999    0
2000    0
2001    0
2002    0
2003    0.001348
2004    0
2005    0
2006    0
2007    0
2008    0
2009    0
2010    0
2011    0.001316
2012    0
2013    0
2014    0
2015    0
2016    0
2017    0
2018    0
2019    0.001296
2020    0
2021    0
2022    0
2023    0
2024    0
2025    0
2026    0
2027    0.001336
2028    0
2029    0
2030    0
2031    0
2032    0
2033    0
2034    0
2035    0.001307
2036    0
2037    0
2038    0
2039    0
2040    0
2041    0
2042    0
2043    0.001294
2044    0
2045    0
2046    0
2047    0
2048    0
2049    0
2050    0
2051    0.001504
2052    0.01455
2053    0.001475
2054    0
2055    0
2056    0
2057    0
2058    0
2059    0
2060    0
2061    0
2062    0
2063    0.001444
2064    0
2065    0
2066    0
2067    0
2068    0
2069    0
2070    0
2071    0
2072    0
2073    0.001354
2074    0
2075    0
2076    0
2077    0
2078    0
2079    0
2080    0
2081    0
2082    0
2083    0.001316
2084    0
2085    0
2086    0
2087    0
2088    0
2089    0
2090    0
2091    0
2092    0
2093    0.001285
2094    0
2095    0
2096    0
2097    0
2098    0
2099    0
2100    0
2101    0
2102    0
2103    0.001355
2104    0
2105    0
2106    0
2107    0
2108    0
2109    0
2110    0
2111    0
2112    0
2113    0.001315
2114    0
2115    0
2116    0
2117    0
2118    0
2119    0
2120    0
2121    0
2122    0
2123    0.0013
2124    0
2125    0
2126    0
2127    0
2128    0
2129    0
2130    0
2131    0
2132    0
2133    0.001394
2134    0
2135    0
2136    0
2137    0
2138    0
2139    0
2140    0
2141    0
2142    0
2143    0.001416
2144    0
2145    0
2146    0
2147    0
2148    0
2149    0
2150    0
2151    0
2152    0
2153    0.001486
2154    0.014156
2155    0.001453
2156    0
2157    0
2158    0
2159    0
2160    0
2161    0
2162    0
2163    0
2164    0
2165    0.001412
2166    0
2167    0
2168    0
2169    0
2170    0
2171    0
2172    0
2173    0
2174    0
2175    0
2176    0
2177    0.00138
2178    0
2179    0
2180    0
2181    0
2182    0
2183    0
2184    0
2185    0
2186    0
2187    0
2188    0
2189    0.001368
2190    0
2191    0
2192    0
2193    0
2194    0
2195    0
2196    0
2197    0
2198    0
2199    0
2200    0
2201    0.001466
2202    0
2203    0
2204    0
2205    0
2206    0
2207    0
2208    0
2209    0
2210    0
2211    0
2212    0
2213    0.001433
2214    0
2215    0
2216    0
2217    0
2218    0
2219    0
2220    0
2221    0
2222    0
2223    0
2224    0
2225    0
2226    0
2227    0.001401
2228    0
2229    0
2230    0
2231    0
2232    0
2233    0
2234    0
2235    0
2236    0
2237    0
2238    0
2239    0
2240    0
2241    0.001401
2242    0
2243    0
2244    0
2245    0
2246    0
2247    0
2248    0
2249    0
2250    0
2251    0
2252    0
2253    0
2254    0
2255    0.001477
2256    0.014152
2257    0.001437
2258    0
2259    0
2260    0
2261    0
2262    0
2263    0
2264    0
2265    0
2266    0
2267    0
2268    0
2269    0.00144
2270    0
2271    0
2272    0
2273    0
2274    0
2275    0
2276    0
2277    0
2278    0
2279    0
2280    0
2281    0.001415
2282    0
2283    0
2284    0
2285    0
2286    0
2287    0
2288    0
2289    0
2290    0
2291    0
2292    0
2293    0.001404
2294    0
2295    0
2296    0
2297    0
2298    0
2299    0
2300    0
2301    0
2302    0
2303    0
2304    0
2305    0.001448
2306    0
2307    0
2308    0
2309    0
2310    0
2311    0
2312    0
2313    0
2314    0
2315    0.001434
2316    0
2317    0
2318    0
2319    0
2320    0
2321    0
2322    0
2323    0
2324    0
2325    0.001442
2326    0
2327    0
2328    0
2329    0
2330    0
2331    0
2332    0
2333    0
2334    0
2335    0.001405
2336    0
2337    0
2338    0
2339    0
2340    0
2341    0
2342    0
2343    0
2344    0
2345    0.00142
2346    0
2347    0
2348    0
2349    0
2350    0
2351    0
2352    0
2353    0
2354    0
2355    0.001461
2356    0
2357    0
2358    0.014092
2359    0.001463
2360    0
2361    0
2362    0
2363    0
2364    0
2365    0
2366    0
2367    0.001421
2368    0
2369    0
2370    0
2371    0
2372    0
2373    0
2374    0
2375    0.001432
2376    0
2377    0
2378    0
2379    0
2380    0
2381    0
2382    0
2383    0.001441
2384    0
2385    0
2386    0
2387    0
2388    0
2389    0
2390    0
2391    0.001429
2392    0
2393    0
2394    0
2395    0
2396    0
2397    0
2398    0
2399    0.001436
2400    0
2401    0
2402    0
2403    0
2404    0
2405    0
2406    0
2407    0.001453
2408    0
2409    0
2410    0
2411    0
2412    0
2413    0
2414    0
2415    0.001447
2416    0
2417    0
2418    0
2419    0
2420    0
2421    0
2422    0
2423    0.001413
2424    0
2425    0
2426    0
2427    0
2428    0
2429    0
2430    0
2431    0.001465
2432    0
2433    0
2434    0
2435    0
2436    0
2437    0
2438    0
2439    0.001465
2440    0.013944
2441    0.001405
2442    0
2443    0
2444    0
2445    0
2446    0
2447    0
2448    0
2449    0.001402
2450    0
2451    0
2452    0
2453    0
2454    0
2455    0
2456    0
2457    0.001458
2458    0
2459    0
2460    0
2461    0
2462    0
2463    0
2464    0
2465    0.00142
2466    0
2467    0
2468    0
2469    0
2470    0
2471    0
2472    0
2473    0.001448
2474    0
2475    0
2476    0
2477    0
2478    0
2479    0
2480    0
2481    0.001415
2482    0
2483    0
2484    0
2485    0
2486    0
2487    0
2488    0
2489    0.001422
2490    0
2491    0
2492    0
2493    0
2494    0
2495    0
2496    0
2497    0.001373
2498    0
2499    0
2500    0
2501    0
2502    0
2503    0
2504    0
2505    0.001483
2506    0
2507    0
2508    0
2509    0
2510    0
2511    0
2512    0
2513    0.001423
2514    0
2515    0
2516    0
2517    0
2518    0
2519    0
2520    0
2521    0.001407
2522    0.013768
2523    0.001392
2524    0
2525    0
2526    0
2527    0
2528    0
2529    0
2530    0
2531    0.001428
2532    0
2533    0
2534    0
2535    0
2536    0
2537    0
2538    0
2539    0.001407
2540    0
2541    0
2542    0
2543    0
2544    0
2545    0
2546    0
2547    0.001423
2548    0
2549    0
2550    0
2551    0
2552    0
2553    0
2554    0
2555    0.001472
2556    0
2557    0
2558    0
2559    0
2560    0
2561    0
2562    0
2563    0.001416
2564    0
2565    0
2566    0
2567    0
2568    0
2569    0
2570    0
2571    0.001407
2572    0
2573    0
2574    0
2575    0
2576    0
2577    0
2578    0
2579    0.001392
2580    0
2581    0
2582    0
2583    0
2584    0
2585    0
2586    0.001414
2587    0
2588    0
2589    0
2590    0
2591    0
2592    0.001413
2593    0
2594    0
2595    0
2596    0
2597    0
2598    0.001408
2599    0.013775
2600    0.00139
2601    0
2602    0
2603    0
2604    0
2605    0.001436
2606    0
2607    0
2608    0
2609    0
2610    0
2611    0.001401
2612    0
2613    0
2614    0
2615    0
2616    0
2617    0.0014
2618    0
2619    0
2620    0
2621    0
2622    0
2623    0.001405
2624    0
2625    0
2626    0
2627    0
2628    0
2629    0.001408
2630    0
2631    0
2632    0
2633    0
2634    0
2635    0.001405
2636    0
2637    0
2638    0
2639    0
2640    0
2641    0.001366
2642    0
2643    0
2644    0
2645    0
2646    0
2647    0.001396
2648    0
2649    0
2650    0
2651    0
2652    0
2653    0.001419
2654    0
2655    0
2656    0
2657    0
2658    0
2659    0.001362
2660    0.013464
2661    0.001419
2662    0
2663    0
2664    0
2665    0
2666    0
2667    0.001423
2668    0
2669    0
2670    0
2671    0
2672    0
2673    0.001398
2674    0
2675    0
2676    0
2677    0
2678    0
2679    0.001411
2680    0
2681    0
2682    0
2683    0
2684    0
2685    0.001404
2686    0
2687    0
2688    0
2689    0
2690    0
2691    0.001407
2692    0
2693    0
2694    0
2695    0
2696    0
2697    0.001396
2698    0
2699    0
2700    0
2701    0
2702    0
2703    0.001501
2704    0
2705    0
2706    0
2707    0
2708    0
2709    0.001451
2710    0
2711    0
2712    0
2713    0
2714    0
2715    0.001435
2716    0
2717    0
2718    0
2719    0
2720    0
2721    0.001399
2722    0.013819
2723    0.0014
2724    0
2725    0
2726    0
2727    0
2728    0
2729    0.001397
2730    0
2731    0
2732    0
2733    0
2734    0
2735    0.00137
2736    0
2737    0
2738    0
2739    0
2740    0
2741    0.00141
2742    0
2743    0
2744    0
2745    0
2746    0
2747    0.00141
2748    0
2749    0
2750    0
2751    0
2752    0
2753    0.001487
2754    0
2755    0
2756    0
2757    0
2758    0
2759    0.001433
2760    0
2761    0
2762    0
2763    0
2764    0
2765    0.001404
2766    0
2767    0
2768    0
2769    0
2770    0
2771    0.001418
2772    0
2773    0
2774    0
2775    0
2776    0
2777    0.001398
2778    0
2779    0
2780    0
2781    0
2782    0
2783    0.001549
2784    0.013984
2785    0.0014
2786    0
2787    0
2788    0
2789    0
2790    0
2791    0.001424
2792    0
2793    0
2794    0
2795    0
2796    0
2797    0.001403
2798    0
2799    0
2800    0
2801    0
2802    0
2803    0.001486
2804    0
2805    0
2806    0
2807    0
2808    0
2809    0.001449
2810    0
2811    0
2812    0
2813    0
2814    0
2815    0.001406
2816    0
2817    0
2818    0
2819    0
2820    0
2821    0.001448
2822    0
2823    0
2824    0
2825    0
2826    0
2827    0.001437
2828    0
2829    0
2830    0
2831    0
2832    0
2833    0.001406
2834    0
2835    0
2836    0
2837    0
2838    0
2839    0.001396
2840    0
2841    0
2842    0
2843    0
2844    0
2845    0.001403
2846    0.013762
2847    0.001407
2848    0
2849    0
2850    0
2851    0
2852    0
2853    0.001492
2854    0
2855    0
2856    0
2857    0
2858    0
2859    0.001447
2860    0
2861    0
2862    0
2863    0
2864    0
2865    0.001407
2866    0
2867    0
2868    0
2869    0
2870    0
2871    0.001425
2872    0
2873    0
2874    0
2875    0
2876    0
2877    0.001454
2878    0
2879    0
2880    0
2881    0
2882    0
2883    0.001417
2884    0
2885    0
2886    0
2887    0
2888    0
2889    0.001419
2890    0
2891    0
2892    0
2893    0
2894    0
2895    0.001427
2896    0
2897    0
2898    0
2899    0
2900    0
2901    0.001608
2902    0
2903    0
2904    0
2905    0
2906    0
2907    0.001489
2908    0.014575
2909    0.00143
2910    0
2911    0
2912    0
2913    0
2914    0
2915    0.001392
2916    0
2917    0
2918    0
2919    0
2920    0
2921    0.001406
2922    0
2923    0
2924    0
2925    0
2926    0
2927    0.001401
2928    0
2929    0
2930    0
2931    0
2932    0
2933    0.001435
2934    0
2935    0
2936    0
2937    0
2938    0
2939    0.001472
2940    0
2941    0
2942    0
2943    0
2944    0
2945    0.001431
2946    0
2947    0
2948    0
2949    0
2950    0
2951    0.001476
2952    0
2953    0
2954    0
2955    0
2956    0
2957    0.001596
2958    0
2959    0
2960    0
2961    0
2962    0
2963    0.001666
2964    0
2965    0
2966    0
2967    0
2968    0
2969    0.001748
2970    0.017508
2971    0.001748
2972    0
2973    0
2974    0
2975    0
2976    0
2977    0.001762
2978    0
2979    0
2980    0
2981    0
2982    0
2983    0.001757
2984    0
2985    0
2986    0
2987    0
2988    0
2989    0.001776
2990    0
2991    0
2992    0
2993    0
2994    0
2995    0.001743
2996    0
2997    0
2998    0
2999    0
3000    0
3001    0.001694
3002    0
3003    0
3004    0
3005    0
3006    0
3007    0.001748
3008    0
3009    0
3010    0
3011    0
3012    0
3013    0.001556
3014    0
3015    0
3016    0
3017    0
3018    0
3019    0.001471
3020    0
3021    0
3022    0
3023    0
3024    0
3025    0.001445
3026    0
3027    0
3028    0
3029    0
3030    0
3031    0.001417
3032    0.013853
3033    0.001403
3034    0
3035    0
3036    0
3037    0
3038    0
3039    0.001401
3040    0
3041    0
3042    0
3043    0
3044    0
3045    0.001407
3046    0
3047    0
3048    0
3049    0
3050    0
3051    0.001468
3052    0
3053    0
3054    0
3055    0
3056    0
3057    0.001434
3058    0
3059    0
3060    0
3061    0
3062    0
3063    0.001418
3064    0
3065    0
3066    0
3067    0
3068    0
3069    0.001434
3070    0
3071    0
3072    0
3073    0
3074    0
3075    0.001416
3076    0
3077    0
3078    0
3079    0
3080    0
3081    0.001485
3082    0
3083    0
3084    0
3085    0
3086    0
3087    0.001787
3088    0
3089    0
3090    0
3091    0
3092    0
3093    0.001628
3094    0.021978
3095    0.001691
3096    0
3097    0
3098    0
3099    0
3100    0
3101    0.0017
3102    0
3103    0
3104    0
3105    0
3106    0
3107    0.001719
3108    0
3109    0
3110    0
3111    0
3112    0
3113    0.001694
3114    0
3115    0
3116    0
3117    0
3118    0.001694
3119    0
3120    0
3121    0
3122    0
3123    0.001754
3124    0
3125    0
3126    0
3127    0
3128    0
3129    0.001729
3130    0
3131    0
3132    0
3133    0
3134    0.001689
3135    0
3136    0
3137    0
3138    0
3139    0.001744
3140    0
3141    0
3142    0
3143    0.001705
3144    0
3145    0
3146    0
3147    0.001706
3148    0.017967
3149    0.001712
3150    0
3151    0
3152    0
3153    0.001872
3154    0
3155    0
3156    0
3157    0.001773
3158    0
3159    0
3160    0
3161    0.001759
3162    0
3163    0
3164    0
3165    0.001727
3166    0
3167    0
3168    0
3169    0.001725
3170    0
3171    0
3172    0
3173    0.001778
3174    0
3175    0
3176    0
3177    0.001891
3178    0
3179    0
3180    0
3181    0.001937
3182    0
3183    0
3184    0
3185    0.002522
3186    0
3187    0
3188    0
3189    0.002082
3190    0.022271
3191    0.002096
3192    0
3193    0
3194    0
3195    0.003071
3196    0
3197    0
3198    0
3199    0.00276
3200    0
3201    0
3202    0
3203    0.002091
3204    0
3205    0
3206    0
3207    0.001978
3208    0
3209    0
3210    0
3211    0.001977
3212    0
3213    0
3214    0
3215    0.001994
3216    0
3217    0
3218    0
3219    0.001919
3220    0
3221    0
3222    0
3223    0.001926
3224    0
3225    0
3226    0
3227    0.002065
3228    0
3229    0
3230    0
3231    0.001907
3232    0.020162
3233    0.002814
3234    0
3235    0
3236    0
3237    0.002098
3238    0
3239    0
3240    0
3241    0.001975
3242    0
3243    0
3244    0
3245    0.002059
3246    0
3247    0
3248    0
3249    0.001979
3250    0
3251    0
3252    0
3253    0.0022
3254    0
3255    0
3256    0
3257    0.002239
3258    0
3259    0
3260    0
3261    0.001984
3262    0
3263    0
3264    0
3265    0.001961
3266    0
3267    0
3268    0
3269    0.002024
3270    0
3271    0
3272    0
3273    0.002289
3274    0.021237
3275    0.002154
3276    0
3277    0
3278    0
3279    0.001987
3280    0
3281    0
3282    0
3283    0.002064
3284    0
3285    0
3286    0
3287    0.001979
3288    0
3289    0
3290    0
3291    0.0019
3292    0
3293    0
3294    0
3295    0.001922
3296    0
3297    0
3298    0
3299    0.001905
3300    0
3301    0
3302    0
3303    0.002012
3304    0
3305    0
3306    0
3307    0.001997
3308    0
3309    0
3310    0
3311    0.001935
3312    0
3313    0
3314    0
3315    0.001868
3316    0.020267
3317    0.001858
3318    0
3319    0
3320    0
3321    0.001837
3322    0
3323    0
3324    0
3325    0.001928
3326    0
3327    0
3328    0
3329    0.002107
3330    0
3331    0
3332    0
3333    0.002674
3334    0
3335    0
3336    0
3337    0.002172
3338    0
3339    0
3340    0
3341    0.002035
3342    0
3343    0
3344    0
3345    0.002085
3346    0
3347    0
3348    0
3349    0.002649
3350    0
3351    0
3352    0
3353    0.001915
3354    0
3355    0
3356    0
3357    0.001973
3358    0.021061
3359    0.002109
3360    0
3361    0
3362    0
3363    0.002255
3364    0
3365    0
3366    0
3367    0.002138
3368    0
3369    0
3370    0
3371    0.002245
3372    0
3373    0
3374    0
3375    0.001957
3376    0
3377    0
3378    0
3379    0.002676
3380    0
3381    0
3382    0
3383    0.001836
3384    0
3385    0
3386    0
3387    0.001889
3388    0
3389    0
3390    0
3391    0.002629
3392    0
3393    0
3394    0
3395    0.001876
3396    0
3397    0
3398    0
3399    0.001904
3400    0.020656
3401    0.001948
3402    0
3403    0
3404    0
3405    0.001947
3406    0
3407    0
3408    0
3409    0.001925
3410    0
3411    0
3412    0
3413    0.001926
3414    0
3415    0
3416    0
3417    0.001945
3418    0
3419    0
3420    0
3421    0.001935
3422    0
3423    0
3424    0
3425    0.001828
3426    0
3427    0
3428    0
3429    0.00187
3430    0
3431    0
3432    0
3433    0.001851
3434    0
3435    0
3436    0
3437    0.002052
3438    0
3439    0
3440    0
3441    0.002109
3442    0.020121
3443    0.001919
3444    0
3445    0
3446    0
3447    0.001902
3448    0
3449    0
3450    0
3451    0.001936
3452    0
3453    0
3454    0
3455    0.002729
3456    0
3457    0
3458    0
3459    0.001942
3460    0
3461    0
3462    0
3463    0.002608
3464    0
3465    0
3466    0
3467    0.002317
3468    0
3469    0
3470    0
3471    0.001914
3472    0
3473    0
3474    0
3475    0.00226
3476    0
3477    0
3478    0
3479    0.001875
3480    0
3481    0
3482    0
3483    0.001833
3484    0.01948
3485    0.001907
3486    0
3487    0
3488    0
3489    0.001906
3490    0
3491    0
3492    0
3493    0.001851
3494    0
3495    0
3496    0
3497    0.001911
3498    0
3499    0
3500    0
3501    0.00195
3502    0
3503    0
3504    0
3505    0.001892
3506    0
3507    0
3508    0
3509    0.0019
3510    0
3511    0
3512    0
3513    0.001946
3514    0
3515    0
3516    0
3517    0.002422
3518    0
3519    0
3520    0
3521    0.001923
3522    0
3523    0
3524    0
3525    0.001858
3526    0.01941
3527    0.001875
3528    0
3529    0
3530    0
3531    0.001888
3532    0
3533    0
3534    0
3535    0.001924
3536    0
3537    0
3538    0
3539    0.001894
3540    0
3541    0
3542    0
3543    0.002102
3544    0
3545    0
3546    0
3547    0.002114
3548    0
3549    0
3550    0
3551    0.002096
3552    0
3553    0
3554    0
3555    0.002079
3556    0
3557    0
3558    0
3559    0.002249
3560    0
3561    0
3562    0
3563    0.00191
3564    0
3565    0
3566    0
3567    0.002191
3568    0.020229
3569    0.001982
3570    0
3571    0
3572    0
3573    0.001939
3574    0
3575    0
3576    0
3577    0.001971
3578    0
3579    0
3580    0
3581    0.001951
3582    0
3583    0
3584    0
3585    0.001905
3586    0
3587    0
3588    0
3589    0.001976
3590    0
3591    0
3592    0
3593    0.001901
3594    0
3595    0
3596    0
3597    0.001951
3598    0
3599    0
3600    0
3601    0.002623
3602    0
3603    0
3604    0
3605    0.0019
3606    0
3607    0
3608    0
3609    0.001915
3610    0.024554
3611    0.002633
3612    0
3613    0
3614    0
3615    0.002188
3616    0
3617    0
3618    0
3619    0.002049
3620    0
3621    0
3622    0
3623    0.00193
3624    0
3625    0
3626    0
3627    0.002261
3628    0
3629    0
3630    0
3631    0.001903
3632    0
3633    0
3634    0
3635    0.001921
3636    0
3637    0
3638    0
3639    0.002025
3640    0
3641    0
3642    0
3643    0.002032
3644    0
3645    0
3646    0
3647    0.001914
3648    0
3649    0
3650    0
3651    0.002014
3652    0.02031
3653    0.002064
3654    0
3655    0
3656    0
3657    0.002721
3658    0
3659    0
3660    0
3661    0.00195
3662    0
3663    0
3664    0
3665    0.001942
3666    0
3667    0
3668    0
3669    0.001863
3670    0
3671    0
3672    0
3673    0.001914
3674    0
3675    0
3676    0
3677    0.001874
3678    0
3679    0
3680    0
3681    0.001831
3682    0
3683    0
3684    0
3685    0.001864
3686    0
3687    0
3688    0
3689    0.001832
3690    0
3691    0
3692    0
3693    0.001875
3694    0.019137
3695    0.001849
3696    0
3697    0
3698    0
3699    0.001945
3700    0
3701    0
3702    0
3703    0.001875
3704    0
3705    0
3706    0
3707    0.001881
3708    0
3709    0
3710    0
3711    0.001916
3712    0
3713    0
3714    0
3715    0.001928
3716    0
3717    0
3718    0
3719    0.001854
3720    0
3721    0
3722    0
3723    0.001939
3724    0
3725    0
3726    0
3727    0.002636
3728    0
3729    0
3730    0
3731    0.001864
3732    0
3733    0
3734    0
3735    0.001849
3736    0.019417
3737    0.001936
3738    0
3739    0
3740    0
3741    0.001942
3742    0
3743    0
3744    0
3745    0.001905
3746    0
3747    0
3748    0
3749    0.002112
3750    0
3751    0
3752    0
3753    0.001924
3754    0
3755    0
3756    0
3757    0.001933
3758    0
3759    0
3760    0
3761    0.001908
3762    0
3763    0
3764    0
3765    0.001859
3766    0
3767    0
3768    0
3769    0.00192
3770    0
3771    0
3772    0
3773    0.001927
3774    0
3775    0
3776    0
3777    0.001922
3778    0.019261
3779    0.001874
3780    0
3781    0
3782    0
3783    0.001834
3784    0
3785    0
3786    0
3787    0.001898
3788    0
3789    0
3790    0
3791    0.001916
3792    0
3793    0
3794    0
3795    0.00246
3796    0
3797    0
3798    0
3799    0.001827
3800    0
3801    0
3802    0
3803    0.001897
3804    0
3805    0
3806    0
3807    0.002487
3808    0
3809    0
3810    0
3811    0.001899
3812    0
3813    0
3814    0
3815    0.001937
3816    0
3817    0
3818    0
3819    0.001835
3820    0.019153
3821    0.001933
3822    0
3823    0
3824    0
3825    0.001935
3826    0
3827    0
3828    0
3829    0.001935
3830    0
3831    0
3832    0
3833    0.001907
3834    0
3835    0
3836    0
3837    0.00184
3838    0
3839    0
3840    0
3841    0.00238
3842    0
3843    0
3844    0
3845    0.001831
3846    0
3847    0
3848    0
3849    0.001926
3850    0
3851    0
3852    0
3853    0.001922
3854    0
3855    0
3856    0
3857    0.001938
3858    0
3859    0
3860    0
3861    0.001845
3862    0.019227
3863    0.001915
3864    0
3865    0
3866    0
3867    0.001863
3868    0
3869    0
3870    0
3871    0.002623
3872    0
3873    0
3874    0
3875    0.001979
3876    0
3877    0
3878    0
3879    0.001829
3880    0
3881    0
3882    0
3883    0.0019
3884    0
3885    0
3886    0
3887    0.001912
3888    0
3889    0
3890    0
3891    0.001917
3892    0
3893    0
3894    0
3895    0.001877
3896    0
3897    0
3898    0
3899    0.001881
3900    0
3901    0
3902    0
3903    0.001909
3904    0.020461
3905    0.001967
3906    0
3907    0
3908    0
3909    0.001921
3910    0
3911    0
3912    0
3913    0.00202
3914    0
3915    0
3916    0
3917    0.00274
3918    0
3919    0
3920    0
3921    0.002019
3922    0
3923    0
3924    0
3925    0.002178
3926    0
3927    0
3928    0
3929    0.00232
3930    0
3931    0
3932    0
3933    0.002835
3934    0
3935    0
3936    0
3937    0.002669
3938    0
3939    0
3940    0
3941    0.001958
3942    0
3943    0
3944    0
3945    0.002024
3946    0.023466
3947    0.002337
3948    0
3949    0
3950    0
3951    0.002317
3952    0
3953    0
3954    0
3955    0.00283
3956    0
3957    0
3958    0
3959    0.002629
3960    0
3961    0
3962    0
3963    0.001948
3964    0
3965    0
3966    0
3967    0.002668
3968    0
3969    0
3970    0
3971    0.003155
3972    0
3973    0
3974    0
3975    0.00305
3976    0
3977    0
3978    0
3979    0.003081
3980    0
3981    0
3982    0
3983    0.0022
3984    0
3985    0
3986    0
3987    0.002125
3988    0.022022
3989    0.002383
3990    0
3991    0
3992    0
3993    0.002691
3994    0
3995    0
3996    0
3997    0.001995
3998    0
3999    0
4000    0
4001    0.00209
4002    0
4003    0
4004    0
4005    0.002592
4006    0
4007    0
4008    0
4009    0.002587
4010    0
4011    0
4012    0
4013    0.002068
4014    0
4015    0
4016    0
4017    0.001879
4018    0
4019    0
4020    0
4021    0.001917
4022    0
4023    0
4024    0
4025    0.00189
4026    0
4027    0
4028    0
4029    0.002081
4030    0.022094
4031    0.00237
4032    0
4033    0
4034    0
4035    0.002139
4036    0
4037    0
4038    0
4039    0.002161
4040    0
4041    0
4042    0
4043    0.002322
4044    0
4045    0
4046    0
4047    0.003198
4048    0
4049    0
4050    0
4051    0.00203
4052    0
4053    0
4054    0
4055    0.002157
4056    0
4057    0
4058    0
4059    0.00246
4060    0
4061    0
4062    0
4063    0.00299
4064    0
4065    0
4066    0
4067    0.002277
4068    0
4069    0
4070    0
4071    0.002292
4072    0.021751
4073    0.0021
4074    0
4075    0
4076    0
4077    0.002723
4078    0
4079    0
4080    0
4081    0.002034
4082    0
4083    0
4084    0
4085    0.002676
4086    0
4087    0
4088    0
4089    0.001958
4090    0
4091    0
4092    0
4093    0.002071
4094    0
4095    0
4096    0
4097    0.001915
4098    0
4099    0
4100    0
4101    0.00262
4102    0
4103    0
4104    0
4105    0.002557
4106    0
4107    0
4108    0
4109    0.001929
4110    0
4111    0
4112    0
4113    0.002071
4114    0.022299
4115    0.002645
4116    0
4117    0
4118    0
4119    0.001966
4120    0
4121    0
4122    0
4123    0.002103
4124    0
4125    0
4126    0
4127    0.001929
4128    0
4129    0
4130    0
4131    0.002451
4132    0
4133    0
4134    0
4135    0.001929
4136    0
4137    0
4138    0.002172
4139    0
4140    0
4141    0.001833
4142    0
4143    0
4144    0.002658
4145    0
4146    0
4147    0.001865
4148    0
4149    0
4150    0.001911
4151    0.026875
4152    0.001852
4153    0
4154    0
4155    0.001869
4156    0
4157    0
4158    0
4159    0.001923
4160    0
4161    0
4162    0.002666
4163    0
4164    0
4165    0.001886
4166    0
4167    0
4168    0.0025
4169    0
4170    0
4171    0.00218
4172    0
4173    0.002188
4174    0
4175    0
4176    0
4177    0.003006
4178    0
4179    0.002139
4180    0
4181    0
4182    0
4183    0.002188
4184    0.023947
4185    0.001962
4186    0
4187    0
4188    0
4189    0.002123
4190    0
4191    0
4192    0
4193    0.00253
4194    0
4195    0
4196    0
4197    0.002134
4198    0
4199    0
4200    0
4201    0.002042
4202    0
4203    0
4204    0
4205    0.002837
4206    0
4207    0
4208    0
4209    0.002319
4210    0
4211    0
4212    0
4213    0.002304
4214    0
4215    0
4216    0.002077
4217    0
4218    0
4219    0.002932
4220    0
4221    0
4222    0.002343
4223    0.024127
4224    0.002142
4225    0
4226    0
4227    0.002022
4228    0
4229    0
4230    0
4231    0.002915
4232    0
4233    0
4234    0.00238
4235    0
4236    0
4237    0.002258
4238    0
4239    0
4240    0.002543
4241    0
4242    0
4243    0.002551
4244    0
4245    0.002918
4246    0
4247    0
4248    0
4249    0.002083
4250    0
4251    0.001956
4252    0
4253    0
4254    0
4255    0.002065
4256    0.022088
4257    0.002049
4258    0
4259    0
4260    0.001978
4261    0
4262    0
4263    0.001941
4264    0
4265    0
4266    0.001937
4267    0
4268    0
4269    0.001986
4270    0
4271    0
4272    0.001957
4273    0
4274    0
4275    0.002115
4276    0
4277    0
4278    0.002849
4279    0
4280    0
4281    0.002109
4282    0
4283    0
4284    0.002034
4285    0
4286    0.001954
4287    0.028025
4288    0.001936
4289    0
4290    0
4291    0.002201
4292    0
4293    0.002746
4294    0
4295    0
4296    0
4297    0.002907
4298    0
4299    0.002093
4300    0
4301    0
4302    0.002593
4303    0
4304    0
4305    0.002807
4306    0
4307    0
4308    0.002062
4309    0
4310    0
4311    0.001925
4312    0
4313    0
4314    0.002071
4315    0
4316    0
4317    0.001962
4318    0.020847
4319    0.002358
4320    0
4321    0.001984
4322    0
4323    0.001967
4324    0
4325    0
4326    0.002172
4327    0
4328    0.002053
4329    0
4330    0.00203
4331    0
4332    0
4333    0.002041
4334    0
4335    0.002022
4336    0
4337    0
4338    0.002015
4339    0
4340    0.00195
4341    0
4342    0.00221
4343    0.020456
4344    0.001894
4345    0
4346    0
4347    0.001884
4348    0
4349    0
4350    0.003086
4351    0
4352    0
4353    0.002301
4354    0
4355    0
4356    0.002049
4357    0
4358    0
4359    0.002477
4360    0
4361    0
4362    0.002155
4363    0
4364    0
4365    0.002764
4366    0
4367    0
4368    0.002084
4369    0
4370    0.002458
4371    0
4372    0.003097
4373    0.031232
4374    0.002163
4375    0
4376    0.002913
4377    0.002414
4378    0
4379    0.002011
4380    0
4381    0.002082
4382    0
4383    0.002048
4384    0
4385    0.002793
4386    0
4387    0.002695
4388    0
4389    0.00233
4390    0
4391    0.00202
4392    0
4393    0.00191
4394    0.023684
4395    0.002138
4396    0
4397    0.002122
4398    0
4399    0.001965
4400    0
4401    0.001965
4402    0
4403    0.001924
4404    0
4405    0.003056
4406    0
4407    0.002142
4408    0
4409    0.002063
4410    0
4411    0.002046
4412    0
4413    0.001943
4414    0
4415    0.002112
4416    0.022641
4417    0.002482
4418    0
4419    0.002032
4420    0
4421    0.002217
4422    0
4423    0.003147
4424    0
4425    0.00296
4426    0
4427    0.002439
4428    0
4429    0.002875
4430    0
4431    0.002833
4432    0
4433    0.002746
4434    0
4435    0.002086
4436    0
4437    0.002135
4438    0.023136
4439    0.002011
4440    0
4441    0.002175
4442    0
4443    0.002375
4444    0
4445    0.00274
4446    0
4447    0.001932
4448    0
4449    0.001939
4450    0
4451    0.002151
4452    0
4453    0.00206
4454    0
4455    0.002104
4456    0
4457    0.002029
4458    0
4459    0.002194
4460    0.020632
4461    0.002496
4462    0
4463    0.002094
4464    0
4465    0.002054
4466    0
4467    0.002111
4468    0
4469    0.002051
4470    0
4471    0.001967
4472    0
4473    0.001939
4474    0
4475    0.002221
4476    0
4477    0.00221
4478    0
4479    0.002061
4480    0
4481    0.002874
4482    0.023443
4483    0.001958
4484    0
4485    0.002109
4486    0
4487    0.00204
4488    0
4489    0.001982
4490    0
4491    0.002012
4492    0
4493    0.001946
4494    0
4495    0.001938
4496    0
4497    0.00279
4498    0
4499    0.002256
4500    0
4501    0.002435
4502    0
4503    0.002437
4504    0.023614
4505    0.002515
4506    0
4507    0.002786
4508    0
4509    0.002047
4510    0
4511    0.002104
4512    0
4513    0.001897
4514    0
4515    0.002222
4516    0
4517    0.00186
4518    0
4519    0.002607
4520    0
4521    0.002556
4522    0
4523    0.001972
4524    0
4525    0.002118
4526    0.023052
4527    0.002936
4528    0
4529    0.002085
4530    0
4531    0.002639
4532    0
4533    0.002604
4534    0
4535    0.002261
4536    0
4537    0.002134
4538    0
4539    0.002137
4540    0
4541    0.002041
4542    0
4543    0.002044
4544    0
4545    0.00201
4546    0
4547    0.00211
4548    0.023688
4549    0.002663
4550    0
4551    0.0028
4552    0
4553    0.00203
4554    0
4555    0.001931
4556    0
4557    0.00203
4558    0
4559    0.002099
4560    0
4561    0.001897
4562    0
4563    0.00229
4564    0
4565    0.001905
4566    0
4567    0.001978
4568    0
4569    0.002097
4570    0.020474
4571    0.001971
4572    0
4573    0.001959
4574    0
4575    0.001954
4576    0
4577    0.001865
4578    0
4579    0.001993
4580    0
4581    0.001961
4582    0
4583    0.002521
4584    0
4585    0.00184
4586    0
4587    0.001835
4588    0
4589    0.001869
4590    0
4591    0.00214
4592    0.022086
4593    0.001913
4594    0
4595    0.002226
4596    0
4597    0.002238
4598    0
4599    0.002022
4600    0
4601    0.002955
4602    0
4603    0.002048
4604    0
4605    0.002645
4606    0
4607    0.001843
4608    0
4609    0.001904
4610    0
4611    0.001868
4612    0
4613    0.001887
4614    0.019888
4615    0.001865
4616    0
4617    0.001887
4618    0
4619    0.002022
4620    0
4621    0.001959
4622    0
4623    0.00189
4624    0
4625    0.001882
4626    0
4627    0.001922
4628    0
4629    0.001959
4630    0
4631    0.001943
4632    0
4633    0.001982
4634    0
4635    0.002092
4636    0.020253
4637    0.00197
4638    0
4639    0.001955
4640    0
4641    0.001849
4642    0
4643    0.001909
4644    0
4645    0.001895
4646    0
4647    0.001877
4648    0
4649    0.001868
4650    0
4651    0.001862
4652    0
4653    0.001984
4654    0
4655    0.002643
4656    0
4657    0.002547
4658    0.029194
4659    0.002111
4660    0
4661    0.002662
4662    0
4663    0.002324
4664    0
4665    0.002158
4666    0
4667    0.002312
4668    0
4669    0.002043
4670    0
4671    0.002019
4672    0
4673    0.002047
4674    0
4675    0.002096
4676    0
4677    0.002699
4678    0
4679    0.002609
4680    0.029088
4681    0.002752
4682    0
4683    0.002051
4684    0
4685    0.0025
4686    0
4687    0.002189
4688    0
4689    0.002088
4690    0
4691    0.002016
4692    0
4693    0.002002
4694    0
4695    0.002036
4696    0
4697    0.00216
4698    0
4699    0.002072
4700    0
4701    0.002135
4702    0.022194
4703    0.002087
4704    0
4705    0.002154
4706    0
4707    0.002958
4708    0
4709    0.002033
4710    0
4711    0.002494
4712    0
4713    0.002698
4714    0
4715    0.002047
4716    0
4717    0.002367
4718    0
4719    0.002468
4720    0
4721    0.002881
4722    0
4723    0.002001
4724    0.024401
4725    0.002417
4726    0
4727    0.002123
4728    0
4729    0.002096
4730    0
4731    0.002364
4732    0
4733    0.002134
4734    0
4735    0.001928
4736    0
4737    0.001959
4738    0
4739    0.001952
4740    0
4741    0.00202
4742    0
4743    0.001911
4744    0
4745    0.001931
4746    0.026037
4747    0.001918
4748    0
4749    0.002028
4750    0
4751    0.002147
4752    0
4753    0.002071
4754    0
4755    0.002092
4756    0
4757    0.00205
4758    0
4759    0.001955
4760    0
4761    0.001951
4762    0
4763    0.002311
4764    0
4765    0.002428
4766    0
4767    0.002132
4768    0.029571
4769    0.002611
4770    0
4771    0.002327
4772    0
4773    0.002461
4774    0
4775    0.002202
4776    0
4777    0.002135
4778    0
4779    0.002262
4780    0
4781    0.002086
4782    0
4783    0.002182
4784    0
4785    0.001957
4786    0
4787    0.002048
4788    0
4789    0.001928
4790    0.021179
4791    0.001923
4792    0
4793    0.002737
4794    0
4795    0.001891
4796    0
4797    0.001876
4798    0
4799    0.00213
4800    0
4801    0.002674
4802    0
4803    0.00244
4804    0
4805    0.002183
4806    0
4807    0.002879
4808    0
4809    0.002891
4810    0
4811    0.002621
4812    0.025215
4813    0.002189
4814    0
4815    0.00231
4816    0
4817    0.002113
4818    0
4819    0.001979
4820    0
4821    0.002045
4822    0
4823    0.002749
4824    0
4825    0.002539
4826    0
4827    0.001967
4828    0
4829    0.001951
4830    0
4831    0.002079
4832    0
4833    0.002035
4834    0.020316
4835    0.001997
4836    0
4837    0.002672
4838    0
4839    0.002471
4840    0
4841    0.002017
4842    0
4843    0.002663
4844    0
4845    0.002044
4846    0
4847    0.001992
4848    0
4849    0.002076
4850    0
4851    0.002443
4852    0
4853    0.002052
4854    0
4855    0.001921
4856    0.025023
4857    0.002523
4858    0
4859    0.001952
4860    0
4861    0.002064
4862    0
4863    0.002063
4864    0
4865    0.002025
4866    0
4867    0.002036
4868    0
4869    0.002013
4870    0
4871    0.002138
4872    0
4873    0.002016
4874    0
4875    0.002038
4876    0
4877    0.002008
4878    0.022196
4879    0.002296
4880    0
4881    0.002817
4882    0
4883    0.002131
4884    0
4885    0.002292
4886    0
4887    0.002197
4888    0
4889    0.002552
4890    0
4891    0.002034
4892    0
4893    0.002013
4894    0
4895    0.002855
4896    0
4897    0.002051
4898    0
4899    0.002366
4900    0.024242
4901    0.002356
4902    0
4903    0.002091
4904    0
4905    0.002336
4906    0
4907    0.002003
4908    0
4909    0.002002
4910    0
4911    0.002147
4912    0
4913    0.00203
4914    0
4915    0.002334
4916    0
4917    0.002079
4918    0
4919    0.002013
4920    0
4921    0.002042
4922    0.019885
4923    0.001952
4924    0
4925    0.002632
4926    0
4927    0.002362
4928    0
4929    0.00295
4930    0
4931    0.00268
4932    0
4933    0.002589
4934    0
4935    0.002138
4936    0
4937    0.002314
4938    0
4939    0.001919
4940    0
4941    0.002101
4942    0
4943    0.002857
4944    0.025934
4945    0.002425
4946    0
4947    0.002573
4948    0
4949    0.001998
4950    0
4951    0.001958
4952    0
4953    0.001956
4954    0
4955    0.0019
4956    0
4957    0.001877
4958    0
4959    0.002528
4960    0
4961    0.001846
4962    0
4963    0.001925
4964    0
4965    0.001886
4966    0.019475
4967    0.001933
4968    0
4969    0.001971
4970    0
4971    0.001921
4972    0
4973    0.001882
4974    0
4975    0.002016
4976    0
4977    0.002162
4978    0
4979    0.001929
4980    0
4981    0.002438
4982    0
4983    0.002221
4984    0
4985    0.001849
4986    0
4987    0.00186
4988    0.020356
4989    0.001868
4990    0
4991    0.00195
4992    0
4993    0.001936
4994    0
4995    0.001919
4996    0
4997    0.001952
4998    0
4999    0.002677
5000    0
5001    0.001961
5002    0
5003    0.001958
5004    0
5005    0.002663
5006    0
5007    0.001942
5008    0
5009    0.00198
5010    0.019756
5011    0.002554
5012    0
5013    0.00198
5014    0
5015    0.001917
5016    0
5017    0.001843
5018    0
5019    0.002082
5020    0
5021    0.001951
5022    0
5023    0.001882
5024    0
5025    0.002548
5026    0
5027    0.002093
5028    0
5029    0.001885
5030    0
5031    0.002302
5032    0.022289
5033    0.002707
5034    0
5035    0.002733
5036    0
5037    0.002576
5038    0
5039    0.001939
5040    0
5041    0.001858
5042    0
5043    0.00187
5044    0
5045    0.001853
5046    0
5047    0.001868
5048    0
5049    0.001907
5050    0
5051    0.002747
5052    0
5053    0.002032
5054    0.02163
5055    0.002394
5056    0
5057    0.002619
5058    0
5059    0.001993
5060    0
5061    0.001976
5062    0
5063    0.002063
5064    0
5065    0.001955
5066    0
5067    0.001989
5068    0
5069    0.001881
5070    0
5071    0.002342
5072    0
5073    0.001965
5074    0
5075    0.00216
5076    0.021915
5077    0.002151
5078    0
5079    0.002802
5080    0
5081    0.002019
5082    0
5083    0.001994
5084    0
5085    0.001917
5086    0
5087    0.002026
5088    0
5089    0.002046
5090    0
5091    0.001998
5092    0
5093    0.002103
5094    0
5095    0.001936
5096    0
5097    0.001999
5098    0.022092
5099    0.002077
5100    0
5101    0.001936
5102    0
5103    0.001977
5104    0
5105    0.00201
5106    0
5107    0.002447
5108    0
5109    0.002867
5110    0
5111    0.001986
5112    0
5113    0.002558
5114    0
5115    0.002062
5116    0
5117    0.002353
5118    0
5119    0.002116
5120    0.020454
5121    0.002034
5122    0
5123    0.002105
5124    0
5125    0.001949
5126    0
5127    0.001958
5128    0
5129    0.002729
5130    0
5131    0.002571
5132    0
5133    0.00216
5134    0
5135    0.002216
5136    0
5137    0.002782
5138    0
5139    0.002186
5140    0
5141    0.003067
5142    0.023421
5143    0.002132
5144    0
5145    0.002153
5146    0
5147    0.002151
5148    0
5149    0.002195
5150    0
5151    0.001973
5152    0
5153    0.001929
5154    0
5155    0.001972
5156    0
5157    0.002079
5158    0
5159    0.002006
5160    0
5161    0.002585
5162    0
5163    0.002506
5164    0.025734
5165    0.002348
5166    0
5167    0.001892
5168    0
5169    0.002558
5170    0
5171    0.002138
5172    0
5173    0.002152
5174    0
5175    0.002071
5176    0
5177    0.002456
5178    0
5179    0.002
5180    0
5181    0.002023
5182    0
5183    0.002054
5184    0
5185    0.002095
5186    0.0211
5187    0.001935
5188    0
5189    0.002106
5190    0
5191    0.002194
5192    0
5193    0.002773
5194    0
5195    0.002622
5196    0
5197    0.00203
5198    0
5199    0.002879
5200    0
5201    0.002967
5202    0
5203    0.002104
5204    0
5205    0.002121
5206    0
5207    0.002217
5208    0.022168
5209    0.002094
5210    0
5211    0.002013
5212    0
5213    0.002054
5214    0
5215    0.002303
5216    0
5217    0.002052
5218    0
5219    0.00193
5220    0
5221    0.003107
5222    0
5223    0.002209
5224    0
5225    0.002479
5226    0
5227    0.002037
5228    0
5229    0.002518
5230    0.028223
5231    0.00263
5232    0
5233    0.002587
5234    0
5235    0.00279
5236    0
5237    0.002014
5238    0
5239    0.002046
5240    0
5241    0.002034
5242    0
5243    0.002996
5244    0
5245    0.002839
5246    0
5247    0.002178
5248    0
5249    0.002174
5250    0
5251    0.002619
5252    0.022128
5253    0.002418
5254    0
5255    0.002187
5256    0
5257    0.002333
5258    0
5259    0.00271
5260    0
5261    0.002934
5262    0
5263    0.002023
5264    0
5265    0.002849
5266    0
5267    0.00204
5268    0
5269    0.002061
5270    0
5271    0.002494
5272    0
5273    0.001937
5274    0.022884
5275    0.002834
5276    0
5277    0.0022
5278    0
5279    0.002066
5280    0
5281    0.002037
5282    0
5283    0.002035
5284    0
5285    0.002816
5286    0
5287    0.002903
5288    0
5289    0.002373
5290    0
5291    0.002138
5292    0
5293    0.002948
5294    0
5295    0.002435
5296    0.024927
5297    0.002296
5298    0
5299    0.00279
5300    0
5301    0.001912
5302    0
5303    0.002363
5304    0
5305    0.00194
5306    0
5307    0.002707
5308    0
5309    0.001942
5310    0
5311    0.002261
5312    0
5313    0.002131
5314    0
5315    0.002032
5316    0
5317    0.002226
5318    0.021632
5319    0.002013
5320    0
5321    0.002063
5322    0
5323    0.002078
5324    0
5325    0.0026
5326    0
5327    0.00199
5328    0
5329    0.002158
5330    0
5331    0.002209
5332    0
5333    0.002049
5334    0
5335    0.002086
5336    0
5337    0.002099
5338    0
5339    0.002332
5340    0.030293
5341    0.003058
5342    0
5343    0.002982
5344    0
5345    0.002317
5346    0
5347    0.00254
5348    0
5349    0.002597
5350    0
5351    0.002016
5352    0
5353    0.002023
5354    0
5355    0.001967
5356    0
5357    0.001924
5358    0
5359    0.001939
5360    0
5361    0.001975
5362    0.020392
5363    0.00188
5364    0
5365    0.00186
5366    0
5367    0.001879
5368    0
5369    0.00196
5370    0
5371    0.001943
5372    0
5373    0.001961
5374    0
5375    0.002608
5376    0
5377    0.001891
5378    0
5379    0.001895
5380    0
5381    0.002014
5382    0
5383    0.001925
5384    0.019713
5385    0.001857
5386    0
5387    0.001843
5388    0
5389    0.002768
5390    0
5391    0.002097
5392    0
5393    0.00194
5394    0
5395    0.002148
5396    0
5397    0.00197
5398    0
5399    0.002667
5400    0
5401    0.001919
5402    0
5403    0.001937
5404    0
5405    0.0027
5406    0.025662
5407    0.001918
5408    0
5409    0.002596
5410    0
5411    0.001897
5412    0
5413    0.00191
5414    0
5415    0.002686
5416    0
5417    0.002124
5418    0
5419    0.002005
5420    0
5421    0.002687
5422    0
5423    0.002059
5424    0
5425    0.001973
5426    0
5427    0.001927
5428    0.022045
5429    0.002723
5430    0
5431    0.001983
5432    0
5433    0.00185
5434    0
5435    0.00185
5436    0
5437    0.00205
5438    0
5439    0.001962
5440    0
5441    0.001948
5442    0
5443    0.001898
5444    0
5445    0.001936
5446    0
5447    0.002722
5448    0
5449    0.002662
5450    0.020839
5451    0.002759
5452    0
5453    0.002526
5454    0
5455    0.002704
5456    0
5457    0.001884
5458    0
5459    0.002026
5460    0
5461    0.002263
5462    0
5463    0.002127
5464    0
5465    0.00191
5466    0
5467    0.002733
5468    0
5469    0.002278
5470    0
5471    0.001971
5472    0.019748
5473    0.002608
5474    0
5475    0.002457
5476    0
5477    0.002641
5478    0
5479    0.002848
5480    0
5481    0.002821
5482    0
5483    0.002805
5484    0
5485    0.001974
5486    0
5487    0.002016
5488    0
5489    0.001947
5490    0
5491    0.00188
5492    0
5493    0.00186
5494    0.019391
5495    0.001889
5496    0
5497    0.001862
5498    0
5499    0.001922
5500    0
5501    0.001943
5502    0
5503    0.001893
5504    0
5505    0.001919
5506    0
5507    0.001928
5508    0
5509    0.001967
5510    0
5511    0.001886
5512    0
5513    0.002559
5514    0
5515    0.001865
5516    0.022265
5517    0.002363
5518    0
5519    0.002128
5520    0
5521    0.001979
5522    0
5523    0.002119
5524    0
5525    0.001959
5526    0
5527    0.002556
5528    0
5529    0.001883
5530    0
5531    0.001915
5532    0
5533    0.002089
5534    0
5535    0.001936
5536    0
5537    0.001926
5538    0.020695
5539    0.002257
5540    0
5541    0.002714
5542    0
5543    0.002034
5544    0
5545    0.001857
5546    0
5547    0.002103
5548    0
5549    0.001959
5550    0
5551    0.002126
5552    0
5553    0.001966
5554    0
5555    0.002289
5556    0
5557    0.002068
5558    0
5559    0.002381
5560    0.022783
5561    0.002764
5562    0
5563    0.00242
5564    0
5565    0.001972
5566    0
5567    0.00196
5568    0
5569    0.00202
5570    0
5571    0.002066
5572    0
5573    0.002002
5574    0
5575    0.001977
5576    0
5577    0.001969
5578    0
5579    0.002432
5580    0
5581    0.001929
5582    0.020911
5583    0.001962
5584    0
5585    0.001975
5586    0
5587    0.001935
5588    0
5589    0.001866
5590    0
5591    0.001906
5592    0
5593    0.001954
5594    0
5595    0.002012
5596    0
5597    0.001934
5598    0
5599    0.002568
5600    0
5601    0.002165
5602    0
5603    0.002457
5604    0.025239
5605    0.001896
5606    0
5607    0.00189
5608    0
5609    0.001945
5610    0
5611    0.00196
5612    0
5613    0.002233
5614    0
5615    0.002182
5616    0
5617    0.002149
5618    0
5619    0.00295
5620    0
5621    0.002898
5622    0
5623    0.001979
5624    0
5625    0.002697
5626    0.020009
5627    0.001958
5628    0
5629    0.001943
5630    0
5631    0.002604
5632    0
5633    0.00225
5634    0
5635    0.00214
5636    0
5637    0.0021
5638    0
5639    0.001923
5640    0
5641    0.001923
5642    0
5643    0.001914
5644    0
5645    0.001915
5646    0
5647    0.001834
5648    0.02064
5649    0.001913
5650    0
5651    0.001807
5652    0
5653    0.001885
5654    0
5655    0.001902
5656    0
5657    0.001865
5658    0
5659    0.002638
5660    0
5661    0.001869
5662    0
5663    0.001901
5664    0
5665    0.001993
5666    0
5667    0.001957
5668    0
5669    0.002069
5670    0.02631
5671    0.00189
5672    0
5673    0.001876
5674    0
5675    0.001969
5676    0
5677    0.001985
5678    0
5679    0.001939
5680    0
5681    0.00196
5682    0
5683    0.002373
5684    0
5685    0.002141
5686    0
5687    0.001964
5688    0
5689    0.001869
5690    0
5691    0.002063
5692    0.023487
5693    0.001912
5694    0
5695    0.001866
5696    0
5697    0.001881
5698    0
5699    0.001883
5700    0
5701    0.002205
5702    0
5703    0.001894
5704    0
5705    0.001876
5706    0
5707    0.001958
5708    0
5709    0.001924
5710    0
5711    0.002034
5712    0
5713    0.001971
5714    0.020131
5715    0.001927
5716    0
5717    0.001988
5718    0
5719    0.00202
5720    0
5721    0.001913
5722    0
5723    0.002001
5724    0
5725    0.001983
5726    0
5727    0.001974
5728    0
5729    0.002312
5730    0
5731    0.002705
5732    0
5733    0.002311
5734    0
5735    0.002479
5736    0.019471
5737    0.002851
5738    0
5739    0.002146
5740    0
5741    0.002211
5742    0
5743    0.00199
5744    0
5745    0.001955
5746    0
5747    0.00197
5748    0
5749    0.001944
5750    0
5751    0.002097
5752    0
5753    0.001866
5754    0
5755    0.002074
5756    0
5757    0.001943
5758    0.021312
5759    0.002093
5760    0
5761    0.002027
5762    0
5763    0.001866
5764    0
5765    0.001906
5766    0
5767    0.001962
5768    0
5769    0.001953
5770    0
5771    0.002252
5772    0
5773    0.003097
5774    0
5775    0.002087
5776    0
5777    0.002153
5778    0
5779    0.002639
5780    0.025405
5781    0.002248
5782    0
5783    0.002849
5784    0
5785    0.002628
5786    0
5787    0.001869
5788    0
5789    0.002157
5790    0
5791    0.002053
5792    0
5793    0.002085
5794    0
5795    0.002267
5796    0
5797    0.001919
5798    0
5799    0.002416
5800    0
5801    0.002241
5802    0.022283
5803    0.002121
5804    0
5805    0.002787
5806    0
5807    0.002468
5808    0
5809    0.003134
5810    0
5811    0.002188
5812    0
5813    0.003133
5814    0
5815    0.002019
5816    0
5817    0.002074
5818    0
5819    0.002002
5820    0
5821    0.001946
5822    0
5823    0.002522
5824    0.025333
5825    0.002936
5826    0
5827    0.002069
5828    0
5829    0.002317
5830    0
5831    0.002117
5832    0
5833    0.002919
5834    0
5835    0.002292
5836    0
5837    0.002723
5838    0
5839    0.002271
5840    0
5841    0.002138
5842    0
5843    0.00209
5844    0
5845    0.002059
5846    0.022499
5847    0.002494
5848    0
5849    0.001955
5850    0
5851    0.001981
5852    0
5853    0.001946
5854    0
5855    0.00197
5856    0
5857    0.002567
5858    0
5859    0.001997
5860    0
5861    0.002125
5862    0
5863    0.001937
5864    0
5865    0.002548
5866    0
5867    0.001999
5868    0.020647
5869    0.002091
5870    0
5871    0.002124
5872    0
5873    0.001978
5874    0
5875    0.001949
5876    0
5877    0.002127
5878    0
5879    0.002018
5880    0
5881    0.002053
5882    0
5883    0.002675
5884    0
5885    0.002049
5886    0
5887    0.001926
5888    0
5889    0.001992
5890    0.020342
5891    0.001896
5892    0
5893    0.001977
5894    0
5895    0.001976
5896    0
5897    0.001968
5898    0
5899    0.002079
5900    0
5901    0.001949
5902    0
5903    0.001884
5904    0
5905    0.001898
5906    0
5907    0.002534
5908    0
5909    0.001889
5910    0
5911    0.001884
5912    0.019404
5913    0.001939
5914    0
5915    0.001921
5916    0
5917    0.002056
5918    0
5919    0.001989
5920    0
5921    0.002646
5922    0
5923    0.001945
5924    0
5925    0.001919
5926    0
5927    0.001947
5928    0
5929    0.002002
5930    0
5931    0.001951
5932    0
5933    0.002085
5934    0.021127
5935    0.001945
5936    0
5937    0.00205
5938    0
5939    0.001981
5940    0
5941    0.001957
5942    0
5943    0.002089
5944    0
5945    0.001948
5946    0
5947    0.002044
5948    0
5949    0.001956
5950    0
5951    0.001961
5952    0
5953    0.00186
5954    0
5955    0.002647
5956    0.020276
5957    0.001962
5958    0
5959    0.001854
5960    0
5961    0.002742
5962    0
5963    0.001892
5964    0
5965    0.001903
5966    0
5967    0.00187
5968    0
5969    0.001993
5970    0
5971    0.001926
5972    0
5973    0.001973
5974    0
5975    0.001967
5976    0
5977    0.002098
5978    0.020123
5979    0.001971
5980    0
5981    0.002017
5982    0
5983    0.002122
5984    0
5985    0.002038
5986    0
5987    0.002028
5988    0
5989    0.002589
5990    0
5991    0.001897
5992    0
5993    0.001972
5994    0
5995    0.002073
5996    0
5997    0.001949
5998    0
5999    0.002841
6000    0.030457
