1    80
2    52
3    80
4    79
5    79
6    80
7    60
8    79
9    80
10    52
11    79
12    81
13    79
14    81
15    79
16    81
17    68
18    50
19    80
20    80
21    80
22    80
23    81
24    81
25    81
26    81
27    81
28    80
29    66
30    80
31    81
32    81
33    81
34    81
35    80
36    81
37    81
38    81
39    81
40    81
41    81
42    81
43    81
44    81
45    81
46    81
47    81
48    81
49    81
50    81
51    81
52    81
53    81
54    81
55    81
56    81
57    81
58    81
59    81
60    81
61    81
62    81
63    81
64    81
65    81
66    81
67    81
68    81
69    81
70    81
71    80
72    81
73    81
74    81
75    81
76    81
77    81
78    81
79    81
80    81
81    81
82    81
83    81
84    81
85    81
86    81
87    81
88    81
89    81
90    81
91    81
92    81
93    81
94    81
95    81
96    81
97    81
98    81
99    81
100    81
101    81
102    81
103    81
104    81
105    81
106    81
107    81
108    81
109    81
110    81
111    81
112    81
113    81
114    81
115    81
116    81
117    81
118    81
119    81
120    81
121    81
122    81
123    81
124    81
125    81
126    81
127    81
128    81
129    81
130    81
131    67
132    80
133    81
134    81
135    81
136    81
137    81
138    81
139    81
140    81
141    81
142    81
143    81
144    81
145    81
146    81
147    81
148    81
149    81
150    81
151    81
152    81
153    81
154    81
155    81
156    81
157    81
158    81
159    81
160    81
161    81
162    81
163    81
164    81
165    81
166    81
167    81
168    81
169    81
170    81
171    81
172    81
173    81
174    81
175    81
176    81
177    81
178    81
179    81
180    81
181    81
182    81
183    81
184    81
185    81
186    81
187    81
188    81
189    81
190    81
191    81
192    81
193    81
194    81
195    81
196    81
197    81
198    81
199    81
200    81
201    81
202    81
203    81
204    81
205    81
206    81
207    81
208    81
209    81
210    81
211    80
212    81
213    81
214    81
215    81
216    81
217    81
218    81
219    81
220    81
221    81
222    81
223    81
224    81
225    81
226    81
227    81
228    81
229    81
230    81
231    81
232    81
233    68
234    80
235    81
236    81
237    81
238    81
239    81
240    81
241    81
242    81
243    81
244    81
245    81
246    81
247    81
248    81
249    81
250    81
251    81
252    81
253    81
254    81
255    81
256    81
257    81
258    81
259    81
260    81
261    81
262    81
263    81
264    81
265    81
266    81
267    81
268    81
269    81
270    81
271    81
272    81
273    81
274    81
275    81
276    81
277    81
278    81
279    81
280    81
281    81
282    81
283    81
284    81
285    81
286    81
287    81
288    81
289    81
290    81
291    81
292    81
293    81
294    81
295    81
296    81
297    81
298    81
299    81
300    81
301    81
302    81
303    80
304    81
305    81
306    81
307    81
308    81
309    81
310    81
311    81
312    81
313    81
314    81
315    81
316    81
317    81
318    81
319    81
320    81
321    81
322    81
323    81
324    81
325    81
326    81
327    81
328    81
329    81
330    81
331    81
332    81
333    81
334    81
335    68
336    80
337    81
338    81
339    81
340    81
341    81
342    81
343    81
344    81
345    81
346    81
347    81
348    81
349    81
350    81
351    81
352    81
353    81
354    81
355    81
356    81
357    81
358    81
359    81
360    81
361    81
362    81
363    81
364    81
365    81
366    81
367    81
368    81
369    81
370    81
371    81
372    81
373    81
374    81
375    81
376    81
377    81
378    81
379    81
380    81
381    81
382    81
383    81
384    81
385    81
386    81
387    81
388    81
389    81
390    81
391    81
392    81
393    81
394    81
395    80
396    81
397    81
398    81
399    81
400    81
401    81
402    81
403    81
404    81
405    81
406    81
407    81
408    81
409    81
410    81
411    81
412    81
413    81
414    81
415    81
416    81
417    81
418    81
419    81
420    81
421    81
422    81
423    81
424    81
425    81
426    81
427    81
428    81
429    81
430    81
431    81
432    81
433    81
434    81
435    81
436    81
437    68
438    80
439    81
440    81
441    81
442    81
443    81
444    81
445    81
446    81
447    81
448    81
449    81
450    81
451    81
452    81
453    81
454    81
455    81
456    81
457    81
458    81
459    81
460    81
461    81
462    81
463    81
464    81
465    81
466    81
467    81
468    81
469    81
470    81
471    81
472    81
473    81
474    81
475    81
476    81
477    81
478    81
479    81
480    81
481    81
482    81
483    81
484    81
485    81
486    81
487    81
488    81
489    80
490    81
491    81
492    81
493    81
494    81
495    81
496    81
497    81
498    81
499    81
500    81
501    81
502    81
503    81
504    81
505    81
506    81
507    81
508    81
509    81
510    81
511    81
512    81
513    81
514    81
515    81
516    81
517    81
518    81
519    81
520    81
521    81
522    81
523    81
524    81
525    81
526    81
527    81
528    81
529    81
530    81
531    81
532    81
533    81
534    81
535    81
536    81
537    80
538    81
539    68
540    80
541    81
542    81
543    81
544    81
545    81
546    81
547    81
548    81
549    81
550    81
551    81
552    81
553    81
554    81
555    81
556    81
557    81
558    81
559    81
560    81
561    81
562    81
563    81
564    81
565    81
566    81
567    81
568    81
569    81
570    81
571    81
572    81
573    81
574    81
575    81
576    81
577    81
578    81
579    81
580    81
581    81
582    81
583    81
584    81
585    80
586    81
587    81
588    81
589    81
590    81
591    81
592    81
593    81
594    81
595    81
596    81
597    81
598    81
599    81
600    81
601    81
602    81
603    81
604    81
605    81
606    81
607    81
608    81
609    81
610    81
611    81
612    81
613    81
614    81
615    81
616    81
617    81
618    81
619    81
620    81
621    81
622    81
623    81
624    81
625    81
626    81
627    80
628    81
629    81
630    81
631    81
632    81
633    81
634    81
635    81
636    81
637    81
638    81
639    81
640    81
641    68
642    80
643    81
644    81
645    81
646    81
647    81
648    81
649    81
650    81
651    81
652    81
653    81
654    81
655    81
656    81
657    81
658    81
659    81
660    81
661    81
662    81
663    81
664    81
665    81
666    81
667    81
668    81
669    81
670    81
671    81
672    81
673    81
674    81
675    81
676    81
677    81
678    81
679    81
680    81
681    80
682    81
683    81
684    81
685    81
686    81
687    81
688    81
689    81
690    81
691    81
692    81
693    81
694    81
695    81
696    81
697    81
698    81
699    81
700    81
701    81
702    81
703    81
704    81
705    81
706    81
707    81
708    81
709    81
710    81
711    81
712    81
713    81
714    81
715    81
716    81
717    81
718    81
719    80
720    81
721    81
722    81
723    81
724    81
725    81
726    81
727    81
728    81
729    81
730    81
731    81
732    81
733    81
734    81
735    81
736    81
737    81
738    81
739    81
740    81
741    81
742    81
743    68
744    80
745    81
746    81
747    81
748    81
749    81
750    81
751    81
752    81
753    81
754    81
755    81
756    81
757    81
758    81
759    81
760    81
761    81
762    81
763    81
764    81
765    81
766    81
767    81
768    81
769    81
770    81
771    81
772    81
773    81
774    81
775    81
776    81
777    81
778    81
779    80
780    81
781    81
782    81
783    81
784    81
785    81
786    81
787    81
788    81
789    81
790    81
791    81
792    81
793    81
794    81
795    81
796    81
797    81
798    81
799    81
800    81
801    81
802    81
803    81
804    81
805    81
806    81
807    81
808    81
809    81
810    81
811    81
812    81
813    80
814    81
815    81
816    81
817    81
818    81
819    81
820    81
821    81
822    81
823    81
824    81
825    81
826    81
827    81
828    81
829    81
830    81
831    81
832    81
833    81
834    81
835    81
836    81
837    81
838    81
839    81
840    81
841    81
842    81
843    81
844    81
845    68
846    80
847    81
848    81
849    81
850    81
851    81
852    81
853    81
854    81
855    81
856    81
857    81
858    81
859    81
860    81
861    81
862    81
863    81
864    81
865    81
866    81
867    81
868    81
869    81
870    81
871    81
872    81
873    81
874    81
875    81
876    81
877    80
878    81
879    81
880    81
881    81
882    81
883    81
884    81
885    81
886    81
887    81
888    81
889    81
890    81
891    81
892    81
893    81
894    81
895    81
896    81
897    81
898    81
899    81
900    81
901    81
902    81
903    81
904    81
905    81
906    81
907    80
908    81
909    81
910    81
911    81
912    81
913    81
914    81
915    81
916    81
917    81
918    81
919    81
920    81
921    81
922    81
923    81
924    81
925    81
926    81
927    81
928    81
929    81
930    81
931    81
932    81
933    81
934    81
935    81
936    81
937    80
938    81
939    81
940    81
941    81
942    81
943    81
944    81
945    81
946    81
947    68
948    80
949    81
950    81
951    81
952    81
953    81
954    81
955    81
956    81
957    81
958    81
959    81
960    81
961    81
962    81
963    81
964    81
965    81
966    81
967    81
968    81
969    81
970    81
971    81
972    81
973    81
974    81
975    80
976    81
977    81
978    81
979    81
980    81
981    81
982    81
983    81
984    81
985    81
986    81
987    81
988    81
989    81
990    81
991    81
992    81
993    81
994    81
995    81
996    81
997    81
998    81
999    81
1000    81
1001    80
1002    81
1003    81
1004    81
1005    81
1006    81
1007    81
1008    81
1009    81
1010    81
1011    81
1012    81
1013    81
1014    81
1015    81
1016    81
1017    81
1018    81
1019    81
1020    81
1021    81
1022    81
1023    81
1024    81
1025    81
1026    81
1027    80
1028    81
1029    81
1030    81
1031    81
1032    81
1033    81
1034    81
1035    81
1036    81
1037    81
1038    81
1039    81
1040    81
1041    81
1042    81
1043    81
1044    81
1045    81
1046    81
1047    81
1048    81
1049    68
1050    80
1051    81
1052    81
1053    81
1054    81
1055    81
1056    81
1057    81
1058    81
1059    81
1060    81
1061    81
1062    81
1063    81
1064    81
1065    81
1066    81
1067    81
1068    81
1069    81
1070    81
1071    81
1072    81
1073    80
1074    81
1075    81
1076    81
1077    81
1078    81
1079    81
1080    81
1081    81
1082    81
1083    81
1084    81
1085    81
1086    81
1087    81
1088    81
1089    81
1090    81
1091    81
1092    81
1093    81
1094    81
1095    81
1096    81
1097    80
1098    81
1099    81
1100    81
1101    81
1102    81
1103    81
1104    81
1105    81
1106    81
1107    81
1108    81
1109    81
1110    81
1111    81
1112    81
1113    81
1114    81
1115    81
1116    81
1117    81
1118    81
1119    81
1120    81
1121    80
1122    81
1123    81
1124    81
1125    81
1126    81
1127    81
1128    81
1129    81
1130    81
1131    81
1132    81
1133    81
1134    81
1135    81
1136    81
1137    81
1138    81
1139    81
1140    81
1141    81
1142    81
1143    80
1144    81
1145    81
1146    81
1147    81
1148    81
1149    81
1150    81
1151    68
1152    80
1153    81
1154    81
1155    81
1156    81
1157    81
1158    81
1159    81
1160    81
1161    81
1162    81
1163    81
1164    81
1165    81
1166    81
1167    81
1168    81
1169    81
1170    81
1171    81
1172    81
1173    80
1174    81
1175    81
1176    81
1177    81
1178    81
1179    81
1180    81
1181    81
1182    81
1183    81
1184    81
1185    81
1186    81
1187    81
1188    81
1189    81
1190    81
1191    81
1192    81
1193    81
1194    81
1195    80
1196    81
1197    81
1198    81
1199    81
1200    81
1201    81
1202    81
1203    81
1204    81
1205    81
1206    81
1207    81
1208    81
1209    81
1210    81
1211    81
1212    81
1213    81
1214    81
1215    81
1216    81
1217    80
1218    81
1219    81
1220    81
1221    81
1222    81
1223    81
1224    81
1225    81
1226    81
1227    81
1228    81
1229    81
1230    81
1231    81
1232    81
1233    81
1234    81
1235    81
1236    81
1237    80
1238    81
1239    81
1240    81
1241    81
1242    81
1243    81
1244    81
1245    81
1246    81
1247    81
1248    81
1249    81
1250    81
1251    81
1252    81
1253    68
1254    80
1255    81
1256    81
1257    81
1258    81
1259    81
1260    81
1261    81
1262    81
1263    81
1264    81
1265    81
1266    81
1267    81
1268    81
1269    81
1270    81
1271    81
1272    81
1273    80
1274    81
1275    81
1276    81
1277    81
1278    81
1279    81
1280    81
1281    81
1282    81
1283    81
1284    81
1285    81
1286    81
1287    81
1288    81
1289    81
1290    81
1291    81
1292    81
1293    80
1294    81
1295    81
1296    81
1297    81
1298    81
1299    81
1300    81
1301    81
1302    81
1303    81
1304    81
1305    81
1306    81
1307    81
1308    81
1309    81
1310    81
1311    81
1312    80
1313    81
1314    81
1315    81
1316    81
1317    81
1318    81
1319    81
1320    81
1321    81
1322    81
1323    81
1324    81
1325    81
1326    81
1327    81
1328    81
1329    80
1330    81
1331    81
1332    81
1333    81
1334    81
1335    81
1336    81
1337    81
1338    81
1339    81
1340    81
1341    81
1342    81
1343    81
1344    81
1345    81
1346    81
1347    80
1348    81
1349    81
1350    81
1351    81
1352    81
1353    81
1354    81
1355    68
1356    80
1357    81
1358    81
1359    81
1360    81
1361    81
1362    81
1363    81
1364    81
1365    81
1366    81
1367    81
1368    81
1369    81
1370    81
1371    81
1372    81
1373    80
1374    81
1375    81
1376    81
1377    81
1378    81
1379    81
1380    81
1381    81
1382    81
1383    81
1384    81
1385    81
1386    81
1387    81
1388    81
1389    81
1390    81
1391    80
1392    81
1393    81
1394    81
1395    81
1396    81
1397    81
1398    81
1399    81
1400    81
1401    81
1402    81
1403    81
1404    81
1405    81
1406    81
1407    81
1408    80
1409    81
1410    81
1411    81
1412    81
1413    81
1414    81
1415    81
1416    81
1417    81
1418    81
1419    81
1420    81
1421    81
1422    81
1423    80
1424    81
1425    81
1426    81
1427    81
1428    81
1429    81
1430    81
1431    81
1432    81
1433    81
1434    81
1435    81
1436    81
1437    81
1438    81
1439    80
1440    81
1441    81
1442    81
1443    81
1444    81
1445    81
1446    81
1447    81
1448    81
1449    81
1450    81
1451    81
1452    81
1453    81
1454    81
1455    80
1456    81
1457    68
1458    80
1459    81
1460    81
1461    81
1462    81
1463    81
1464    81
1465    81
1466    81
1467    81
1468    81
1469    81
1470    81
1471    81
1472    81
1473    80
1474    81
1475    81
1476    81
1477    81
1478    81
1479    81
1480    81
1481    81
1482    81
1483    81
1484    81
1485    81
1486    81
1487    81
1488    81
1489    80
1490    81
1491    81
1492    81
1493    81
1494    81
1495    81
1496    81
1497    81
1498    81
1499    81
1500    81
1501    81
1502    81
1503    81
1504    81
1505    80
1506    81
1507    81
1508    81
1509    81
1510    81
1511    81
1512    81
1513    81
1514    81
1515    81
1516    81
1517    81
1518    81
1519    81
1520    80
1521    81
1522    81
1523    81
1524    81
1525    81
1526    81
1527    81
1528    81
1529    81
1530    81
1531    81
1532    81
1533    80
1534    81
1535    81
1536    81
1537    81
1538    81
1539    81
1540    81
1541    81
1542    81
1543    81
1544    81
1545    81
1546    81
1547    80
1548    81
1549    81
1550    81
1551    81
1552    81
1553    81
1554    81
1555    81
1556    81
1557    81
1558    81
1559    68
1560    80
1561    81
1562    81
1563    81
1564    81
1565    81
1566    81
1567    81
1568    81
1569    81
1570    81
1571    81
1572    81
1573    80
1574    81
1575    81
1576    81
1577    81
1578    81
1579    81
1580    81
1581    81
1582    81
1583    81
1584    81
1585    81
1586    81
1587    80
1588    81
1589    81
1590    81
1591    81
1592    81
1593    81
1594    81
1595    81
1596    81
1597    81
1598    81
1599    81
1600    81
1601    80
1602    81
1603    81
1604    81
1605    81
1606    81
1607    81
1608    81
1609    81
1610    81
1611    81
1612    81
1613    81
1614    81
1615    80
1616    81
1617    81
1618    81
1619    81
1620    81
1621    81
1622    81
1623    81
1624    81
1625    81
1626    81
1627    81
1628    81
1629    80
1630    81
1631    81
1632    81
1633    81
1634    81
1635    81
1636    81
1637    81
1638    81
1639    81
1640    81
1641    81
1642    81
1643    80
1644    81
1645    81
1646    81
1647    81
1648    81
1649    81
1650    81
1651    81
1652    81
1653    81
1654    81
1655    81
1656    80
1657    81
1658    81
1659    81
1660    81
1661    68
1662    80
1663    81
1664    81
1665    81
1666    81
1667    81
1668    81
1669    81
1670    81
1671    81
1672    81
1673    80
1674    81
1675    81
1676    81
1677    81
1678    81
1679    81
1680    81
1681    81
1682    81
1683    81
1684    81
1685    80
1686    81
1687    81
1688    81
1689    81
1690    81
1691    81
1692    81
1693    81
1694    81
1695    81
1696    81
1697    80
1698    81
1699    81
1700    81
1701    81
1702    81
1703    81
1704    81
1705    81
1706    81
1707    81
1708    81
1709    80
1710    81
1711    81
1712    81
1713    81
1714    81
1715    81
1716    81
1717    81
1718    81
1719    81
1720    81
1721    80
1722    81
1723    81
1724    81
1725    81
1726    81
1727    81
1728    81
1729    81
1730    81
1731    81
1732    81
1733    80
1734    81
1735    81
1736    81
1737    81
1738    81
1739    81
1740    81
1741    81
1742    81
1743    81
1744    81
1745    80
1746    81
1747    81
1748    81
1749    81
1750    81
1751    81
1752    81
1753    81
1754    81
1755    81
1756    81
1757    80
1758    81
1759    81
1760    81
1761    81
1762    81
1763    68
1764    80
1765    81
1766    81
1767    81
1768    81
1769    81
1770    81
1771    81
1772    81
1773    81
1774    81
1775    80
1776    81
1777    81
1778    81
1779    81
1780    81
1781    81
1782    81
1783    81
1784    81
1785    81
1786    81
1787    80
1788    81
1789    81
1790    81
1791    81
1792    81
1793    81
1794    81
1795    81
1796    81
1797    81
1798    81
1799    80
1800    81
1801    81
1802    81
1803    81
1804    81
1805    81
1806    81
1807    81
1808    81
1809    81
1810    81
1811    80
1812    81
1813    81
1814    81
1815    81
1816    81
1817    81
1818    81
1819    81
1820    81
1821    81
1822    81
1823    80
1824    81
1825    81
1826    81
1827    81
1828    81
1829    81
1830    81
1831    81
1832    81
1833    81
1834    81
1835    80
1836    81
1837    81
1838    81
1839    81
1840    81
1841    81
1842    81
1843    81
1844    81
1845    81
1846    81
1847    80
1848    81
1849    81
1850    81
1851    81
1852    81
1853    81
1854    81
1855    81
1856    81
1857    81
1858    81
1859    80
1860    81
1861    81
1862    81
1863    81
1864    81
1865    68
1866    80
1867    81
1868    81
1869    81
1870    81
1871    81
1872    81
1873    81
1874    81
1875    81
1876    81
1877    80
1878    81
1879    81
1880    81
1881    81
1882    81
1883    81
1884    81
1885    81
1886    81
1887    81
1888    81
1889    80
1890    81
1891    81
1892    81
1893    81
1894    81
1895    81
1896    81
1897    81
1898    81
1899    81
1900    81
1901    80
1902    81
1903    81
1904    81
1905    81
1906    81
1907    81
1908    81
1909    81
1910    81
1911    81
1912    80
1913    81
1914    81
1915    81
1916    81
1917    81
1918    81
1919    81
1920    81
1921    80
1922    81
1923    81
1924    81
1925    81
1926    81
1927    81
1928    81
1929    81
1930    81
1931    80
1932    81
1933    81
1934    81
1935    81
1936    81
1937    81
1938    81
1939    81
1940    81
1941    80
1942    81
1943    81
1944    81
1945    81
1946    81
1947    81
1948    81
1949    81
1950    81
1951    80
1952    81
1953    81
1954    81
1955    81
1956    81
1957    81
1958    81
1959    81
1960    81
1961    80
1962    81
1963    81
1964    81
1965    81
1966    81
1967    68
1968    80
1969    81
1970    81
1971    81
1972    81
1973    81
1974    81
1975    81
1976    81
1977    80
1978    81
1979    81
1980    81
1981    81
1982    81
1983    81
1984    81
1985    81
1986    81
1987    80
1988    81
1989    81
1990    81
1991    81
1992    81
1993    81
1994    81
1995    81
1996    80
1997    81
1998    81
1999    81
2000    81
2001    81
2002    81
2003    80
2004    81
2005    81
2006    81
2007    81
2008    81
2009    81
2010    81
2011    80
2012    81
2013    81
2014    81
2015    81
2016    81
2017    81
2018    81
2019    80
2020    81
2021    81
2022    81
2023    81
2024    81
2025    81
2026    81
2027    80
2028    81
2029    81
2030    81
2031    81
2032    81
2033    81
2034    81
2035    80
2036    81
2037    81
2038    81
2039    81
2040    81
2041    81
2042    81
2043    80
2044    81
2045    81
2046    81
2047    81
2048    81
2049    81
2050    81
2051    80
2052    68
2053    80
2054    81
2055    81
2056    81
2057    81
2058    81
2059    81
2060    81
2061    81
2062    81
2063    80
2064    81
2065    81
2066    81
2067    81
2068    81
2069    81
2070    81
2071    81
2072    81
2073    80
2074    81
2075    81
2076    81
2077    81
2078    81
2079    81
2080    81
2081    81
2082    81
2083    80
2084    81
2085    81
2086    81
2087    81
2088    81
2089    81
2090    81
2091    81
2092    81
2093    80
2094    81
2095    81
2096    81
2097    81
2098    81
2099    81
2100    81
2101    81
2102    81
2103    80
2104    81
2105    81
2106    81
2107    81
2108    81
2109    81
2110    81
2111    81
2112    81
2113    80
2114    81
2115    81
2116    81
2117    81
2118    81
2119    81
2120    81
2121    81
2122    81
2123    80
2124    81
2125    81
2126    81
2127    81
2128    81
2129    81
2130    81
2131    81
2132    81
2133    80
2134    81
2135    81
2136    81
2137    81
2138    81
2139    81
2140    81
2141    81
2142    81
2143    80
2144    81
2145    81
2146    81
2147    81
2148    81
2149    81
2150    81
2151    81
2152    81
2153    80
2154    68
2155    80
2156    81
2157    81
2158    81
2159    81
2160    81
2161    81
2162    81
2163    81
2164    81
2165    80
2166    81
2167    81
2168    81
2169    81
2170    81
2171    81
2172    81
2173    81
2174    81
2175    81
2176    81
2177    80
2178    81
2179    81
2180    81
2181    81
2182    81
2183    81
2184    81
2185    81
2186    81
2187    81
2188    81
2189    80
2190    81
2191    81
2192    81
2193    81
2194    81
2195    81
2196    81
2197    81
2198    81
2199    81
2200    81
2201    80
2202    81
2203    81
2204    81
2205    81
2206    81
2207    81
2208    81
2209    81
2210    81
2211    81
2212    81
2213    80
2214    81
2215    81
2216    81
2217    81
2218    81
2219    81
2220    81
2221    81
2222    81
2223    81
2224    81
2225    81
2226    81
2227    80
2228    81
2229    81
2230    81
2231    81
2232    81
2233    81
2234    81
2235    81
2236    81
2237    81
2238    81
2239    81
2240    81
2241    80
2242    81
2243    81
2244    81
2245    81
2246    81
2247    81
2248    81
2249    81
2250    81
2251    81
2252    81
2253    81
2254    81
2255    80
2256    68
2257    80
2258    81
2259    81
2260    81
2261    81
2262    81
2263    81
2264    81
2265    81
2266    81
2267    81
2268    81
2269    80
2270    81
2271    81
2272    81
2273    81
2274    81
2275    81
2276    81
2277    81
2278    81
2279    81
2280    81
2281    80
2282    81
2283    81
2284    81
2285    81
2286    81
2287    81
2288    81
2289    81
2290    81
2291    81
2292    81
2293    80
2294    81
2295    81
2296    81
2297    81
2298    81
2299    81
2300    81
2301    81
2302    81
2303    81
2304    81
2305    80
2306    81
2307    81
2308    81
2309    81
2310    81
2311    81
2312    81
2313    81
2314    81
2315    80
2316    81
2317    81
2318    81
2319    81
2320    81
2321    81
2322    81
2323    81
2324    81
2325    80
2326    81
2327    81
2328    81
2329    81
2330    81
2331    81
2332    81
2333    81
2334    81
2335    80
2336    81
2337    81
2338    81
2339    81
2340    81
2341    81
2342    81
2343    81
2344    81
2345    80
2346    81
2347    81
2348    81
2349    81
2350    81
2351    81
2352    81
2353    81
2354    81
2355    80
2356    81
2357    81
2358    68
2359    80
2360    81
2361    81
2362    81
2363    81
2364    81
2365    81
2366    81
2367    80
2368    81
2369    81
2370    81
2371    81
2372    81
2373    81
2374    81
2375    80
2376    81
2377    81
2378    81
2379    81
2380    81
2381    81
2382    81
2383    80
2384    81
2385    81
2386    81
2387    81
2388    81
2389    81
2390    81
2391    80
2392    81
2393    81
2394    81
2395    81
2396    81
2397    81
2398    81
2399    80
2400    81
2401    81
2402    81
2403    81
2404    81
2405    81
2406    81
2407    80
2408    81
2409    81
2410    81
2411    81
2412    81
2413    81
2414    81
2415    80
2416    81
2417    81
2418    81
2419    81
2420    81
2421    81
2422    81
2423    80
2424    81
2425    81
2426    81
2427    81
2428    81
2429    81
2430    81
2431    80
2432    81
2433    81
2434    81
2435    81
2436    81
2437    81
2438    81
2439    80
2440    68
2441    80
2442    81
2443    81
2444    81
2445    81
2446    81
2447    81
2448    81
2449    80
2450    81
2451    81
2452    81
2453    81
2454    81
2455    81
2456    81
2457    80
2458    81
2459    81
2460    81
2461    81
2462    81
2463    81
2464    81
2465    80
2466    81
2467    81
2468    81
2469    81
2470    81
2471    81
2472    81
2473    80
2474    81
2475    81
2476    81
2477    81
2478    81
2479    81
2480    81
2481    80
2482    81
2483    81
2484    81
2485    81
2486    81
2487    81
2488    81
2489    80
2490    81
2491    81
2492    81
2493    81
2494    81
2495    81
2496    81
2497    80
2498    81
2499    81
2500    81
2501    81
2502    81
2503    81
2504    81
2505    80
2506    81
2507    81
2508    81
2509    81
2510    81
2511    81
2512    81
2513    80
2514    81
2515    81
2516    81
2517    81
2518    81
2519    81
2520    81
2521    80
2522    68
2523    80
2524    81
2525    81
2526    81
2527    81
2528    81
2529    81
2530    81
2531    80
2532    81
2533    81
2534    81
2535    81
2536    81
2537    81
2538    81
2539    80
2540    81
2541    81
2542    81
2543    81
2544    81
2545    81
2546    81
2547    80
2548    81
2549    81
2550    81
2551    81
2552    81
2553    81
2554    81
2555    80
2556    81
2557    81
2558    81
2559    81
2560    81
2561    81
2562    81
2563    80
2564    81
2565    81
2566    81
2567    81
2568    81
2569    81
2570    81
2571    80
2572    81
2573    81
2574    81
2575    81
2576    81
2577    81
2578    81
2579    80
2580    81
2581    81
2582    81
2583    81
2584    81
2585    81
2586    80
2587    81
2588    81
2589    81
2590    81
2591    81
2592    80
2593    81
2594    81
2595    81
2596    81
2597    81
2598    80
2599    68
2600    80
2601    81
2602    81
2603    81
2604    81
2605    80
2606    81
2607    81
2608    81
2609    81
2610    81
2611    80
2612    81
2613    81
2614    81
2615    81
2616    81
2617    80
2618    81
2619    81
2620    81
2621    81
2622    81
2623    80
2624    81
2625    81
2626    81
2627    81
2628    81
2629    80
2630    81
2631    81
2632    81
2633    81
2634    81
2635    80
2636    81
2637    81
2638    81
2639    81
2640    81
2641    80
2642    81
2643    81
2644    81
2645    81
2646    81
2647    80
2648    81
2649    81
2650    81
2651    81
2652    81
2653    80
2654    81
2655    81
2656    81
2657    81
2658    81
2659    80
2660    68
2661    80
2662    81
2663    81
2664    81
2665    81
2666    81
2667    80
2668    81
2669    81
2670    81
2671    81
2672    81
2673    80
2674    81
2675    81
2676    81
2677    81
2678    81
2679    80
2680    81
2681    81
2682    81
2683    81
2684    81
2685    80
2686    81
2687    81
2688    81
2689    81
2690    81
2691    80
2692    81
2693    81
2694    81
2695    81
2696    81
2697    80
2698    81
2699    81
2700    81
2701    81
2702    81
2703    80
2704    81
2705    81
2706    81
2707    81
2708    81
2709    80
2710    81
2711    81
2712    81
2713    81
2714    81
2715    80
2716    81
2717    81
2718    81
2719    81
2720    81
2721    80
2722    68
2723    80
2724    81
2725    81
2726    81
2727    81
2728    81
2729    80
2730    81
2731    81
2732    81
2733    81
2734    81
2735    80
2736    81
2737    81
2738    81
2739    81
2740    81
2741    80
2742    81
2743    81
2744    81
2745    81
2746    81
2747    80
2748    81
2749    81
2750    81
2751    81
2752    81
2753    80
2754    81
2755    81
2756    81
2757    81
2758    81
2759    80
2760    81
2761    81
2762    81
2763    81
2764    81
2765    80
2766    81
2767    81
2768    81
2769    81
2770    81
2771    80
2772    81
2773    81
2774    81
2775    81
2776    81
2777    80
2778    81
2779    81
2780    81
2781    81
2782    81
2783    80
2784    68
2785    80
2786    81
2787    81
2788    81
2789    81
2790    81
2791    80
2792    81
2793    81
2794    81
2795    81
2796    81
2797    80
2798    81
2799    81
2800    81
2801    81
2802    81
2803    80
2804    81
2805    81
2806    81
2807    81
2808    81
2809    80
2810    81
2811    81
2812    81
2813    81
2814    81
2815    80
2816    81
2817    81
2818    81
2819    81
2820    81
2821    80
2822    81
2823    81
2824    81
2825    81
2826    81
2827    80
2828    81
2829    81
2830    81
2831    81
2832    81
2833    80
2834    81
2835    81
2836    81
2837    81
2838    81
2839    80
2840    81
2841    81
2842    81
2843    81
2844    81
2845    80
2846    68
2847    80
2848    81
2849    81
2850    81
2851    81
2852    81
2853    80
2854    81
2855    81
2856    81
2857    81
2858    81
2859    80
2860    81
2861    81
2862    81
2863    81
2864    81
2865    80
2866    81
2867    81
2868    81
2869    81
2870    81
2871    80
2872    81
2873    81
2874    81
2875    81
2876    81
2877    80
2878    81
2879    81
2880    81
2881    81
2882    81
2883    80
2884    81
2885    81
2886    81
2887    81
2888    81
2889    80
2890    81
2891    81
2892    81
2893    81
2894    81
2895    80
2896    81
2897    81
2898    81
2899    81
2900    81
2901    80
2902    81
2903    81
2904    81
2905    81
2906    81
2907    80
2908    68
2909    80
2910    81
2911    81
2912    81
2913    81
2914    81
2915    80
2916    81
2917    81
2918    81
2919    81
2920    81
2921    80
2922    81
2923    81
2924    81
2925    81
2926    81
2927    80
2928    81
2929    81
2930    81
2931    81
2932    81
2933    80
2934    81
2935    81
2936    81
2937    81
2938    81
2939    80
2940    81
2941    81
2942    81
2943    81
2944    81
2945    80
2946    81
2947    81
2948    81
2949    81
2950    81
2951    80
2952    81
2953    81
2954    81
2955    81
2956    81
2957    80
2958    81
2959    81
2960    81
2961    81
2962    81
2963    80
2964    81
2965    81
2966    81
2967    81
2968    81
2969    80
2970    68
2971    80
2972    81
2973    81
2974    81
2975    81
2976    81
2977    80
2978    81
2979    81
2980    81
2981    81
2982    81
2983    80
2984    81
2985    81
2986    81
2987    81
2988    81
2989    80
2990    81
2991    81
2992    81
2993    81
2994    81
2995    80
2996    81
2997    81
2998    81
2999    81
3000    81
3001    80
3002    81
3003    81
3004    81
3005    81
3006    81
3007    80
3008    81
3009    81
3010    81
3011    81
3012    81
3013    80
3014    81
3015    81
3016    81
3017    81
3018    81
3019    80
3020    81
3021    81
3022    81
3023    81
3024    81
3025    80
3026    81
3027    81
3028    81
3029    81
3030    81
3031    80
3032    68
3033    80
3034    81
3035    81
3036    81
3037    81
3038    81
3039    80
3040    81
3041    81
3042    81
3043    81
3044    81
3045    80
3046    81
3047    81
3048    81
3049    81
3050    81
3051    80
3052    81
3053    81
3054    81
3055    81
3056    81
3057    80
3058    81
3059    81
3060    81
3061    81
3062    81
3063    80
3064    81
3065    81
3066    81
3067    81
3068    81
3069    80
3070    81
3071    81
3072    81
3073    81
3074    81
3075    80
3076    81
3077    81
3078    81
3079    81
3080    81
3081    80
3082    81
3083    81
3084    81
3085    81
3086    81
3087    80
3088    81
3089    81
3090    81
3091    81
3092    81
3093    80
3094    68
3095    80
3096    81
3097    81
3098    81
3099    81
3100    81
3101    80
3102    81
3103    81
3104    81
3105    81
3106    81
3107    80
3108    81
3109    81
3110    81
3111    81
3112    81
3113    80
3114    81
3115    81
3116    81
3117    81
3118    80
3119    81
3120    81
3121    81
3122    81
3123    80
3124    81
3125    81
3126    81
3127    81
3128    81
3129    80
3130    81
3131    81
3132    81
3133    81
3134    80
3135    81
3136    81
3137    81
3138    81
3139    80
3140    81
3141    81
3142    81
3143    80
3144    81
3145    81
3146    81
3147    80
3148    68
3149    80
3150    81
3151    81
3152    81
3153    80
3154    81
3155    81
3156    81
3157    80
3158    81
3159    81
3160    81
3161    80
3162    81
3163    81
3164    81
3165    80
3166    81
3167    81
3168    81
3169    80
3170    81
3171    81
3172    81
3173    80
3174    81
3175    81
3176    81
3177    80
3178    81
3179    81
3180    81
3181    80
3182    81
3183    81
3184    81
3185    80
3186    81
3187    81
3188    81
3189    80
3190    68
3191    80
3192    81
3193    81
3194    81
3195    80
3196    81
3197    81
3198    81
3199    80
3200    81
3201    81
3202    81
3203    80
3204    81
3205    81
3206    81
3207    80
3208    81
3209    81
3210    81
3211    80
3212    81
3213    81
3214    81
3215    80
3216    81
3217    81
3218    81
3219    80
3220    81
3221    81
3222    81
3223    80
3224    81
3225    81
3226    81
3227    80
3228    81
3229    81
3230    81
3231    80
3232    68
3233    80
3234    81
3235    81
3236    81
3237    80
3238    81
3239    81
3240    81
3241    80
3242    81
3243    81
3244    81
3245    80
3246    81
3247    81
3248    81
3249    80
3250    81
3251    81
3252    81
3253    80
3254    81
3255    81
3256    81
3257    80
3258    81
3259    81
3260    81
3261    80
3262    81
3263    81
3264    81
3265    80
3266    81
3267    81
3268    81
3269    80
3270    81
3271    81
3272    81
3273    80
3274    68
3275    80
3276    81
3277    81
3278    81
3279    80
3280    81
3281    81
3282    81
3283    80
3284    81
3285    81
3286    81
3287    80
3288    81
3289    81
3290    81
3291    80
3292    81
3293    81
3294    81
3295    80
3296    81
3297    81
3298    81
3299    80
3300    81
3301    81
3302    81
3303    80
3304    81
3305    81
3306    81
3307    80
3308    81
3309    81
3310    81
3311    80
3312    81
3313    81
3314    81
3315    80
3316    68
3317    80
3318    81
3319    81
3320    81
3321    80
3322    81
3323    81
3324    81
3325    80
3326    81
3327    81
3328    81
3329    80
3330    81
3331    81
3332    81
3333    80
3334    81
3335    81
3336    81
3337    80
3338    81
3339    81
3340    81
3341    80
3342    81
3343    81
3344    81
3345    80
3346    81
3347    81
3348    81
3349    80
3350    81
3351    81
3352    81
3353    80
3354    81
3355    81
3356    81
3357    80
3358    68
3359    80
3360    81
3361    81
3362    81
3363    80
3364    81
3365    81
3366    81
3367    80
3368    81
3369    81
3370    81
3371    80
3372    81
3373    81
3374    81
3375    80
3376    81
3377    81
3378    81
3379    80
3380    81
3381    81
3382    81
3383    80
3384    81
3385    81
3386    81
3387    80
3388    81
3389    81
3390    81
3391    80
3392    81
3393    81
3394    81
3395    80
3396    81
3397    81
3398    81
3399    80
3400    68
3401    80
3402    81
3403    81
3404    81
3405    80
3406    81
3407    81
3408    81
3409    80
3410    81
3411    81
3412    81
3413    80
3414    81
3415    81
3416    81
3417    80
3418    81
3419    81
3420    81
3421    80
3422    81
3423    81
3424    81
3425    80
3426    81
3427    81
3428    81
3429    80
3430    81
3431    81
3432    81
3433    80
3434    81
3435    81
3436    81
3437    80
3438    81
3439    81
3440    81
3441    80
3442    68
3443    80
3444    81
3445    81
3446    81
3447    80
3448    81
3449    81
3450    81
3451    80
3452    81
3453    81
3454    81
3455    80
3456    81
3457    81
3458    81
3459    80
3460    81
3461    81
3462    81
3463    80
3464    81
3465    81
3466    81
3467    80
3468    81
3469    81
3470    81
3471    80
3472    81
3473    81
3474    81
3475    80
3476    81
3477    81
3478    81
3479    80
3480    81
3481    81
3482    81
3483    80
3484    68
3485    80
3486    81
3487    81
3488    81
3489    80
3490    81
3491    81
3492    81
3493    80
3494    81
3495    81
3496    81
3497    80
3498    81
3499    81
3500    81
3501    80
3502    81
3503    81
3504    81
3505    80
3506    81
3507    81
3508    81
3509    80
3510    81
3511    81
3512    81
3513    80
3514    81
3515    81
3516    81
3517    80
3518    81
3519    81
3520    81
3521    80
3522    81
3523    81
3524    81
3525    80
3526    68
3527    80
3528    81
3529    81
3530    81
3531    80
3532    81
3533    81
3534    81
3535    80
3536    81
3537    81
3538    81
3539    80
3540    81
3541    81
3542    81
3543    80
3544    81
3545    81
3546    81
3547    80
3548    81
3549    81
3550    81
3551    80
3552    81
3553    81
3554    81
3555    80
3556    81
3557    81
3558    81
3559    80
3560    81
3561    81
3562    81
3563    80
3564    81
3565    81
3566    81
3567    80
3568    68
3569    80
3570    81
3571    81
3572    81
3573    80
3574    81
3575    81
3576    81
3577    80
3578    81
3579    81
3580    81
3581    80
3582    81
3583    81
3584    81
3585    80
3586    81
3587    81
3588    81
3589    80
3590    81
3591    81
3592    81
3593    80
3594    81
3595    81
3596    81
3597    80
3598    81
3599    81
3600    81
3601    80
3602    81
3603    81
3604    81
3605    80
3606    81
3607    81
3608    81
3609    80
3610    68
3611    80
3612    81
3613    81
3614    81
3615    80
3616    81
3617    81
3618    81
3619    80
3620    81
3621    81
3622    81
3623    80
3624    81
3625    81
3626    81
3627    80
3628    81
3629    81
3630    81
3631    80
3632    81
3633    81
3634    81
3635    80
3636    81
3637    81
3638    81
3639    80
3640    81
3641    81
3642    81
3643    80
3644    81
3645    81
3646    81
3647    80
3648    81
3649    81
3650    81
3651    80
3652    68
3653    80
3654    81
3655    81
3656    81
3657    80
3658    81
3659    81
3660    81
3661    80
3662    81
3663    81
3664    81
3665    80
3666    81
3667    81
3668    81
3669    80
3670    81
3671    81
3672    81
3673    80
3674    81
3675    81
3676    81
3677    80
3678    81
3679    81
3680    81
3681    80
3682    81
3683    81
3684    81
3685    80
3686    81
3687    81
3688    81
3689    80
3690    81
3691    81
3692    81
3693    80
3694    68
3695    80
3696    81
3697    81
3698    81
3699    80
3700    81
3701    81
3702    81
3703    80
3704    81
3705    81
3706    81
3707    80
3708    81
3709    81
3710    81
3711    80
3712    81
3713    81
3714    81
3715    80
3716    81
3717    81
3718    81
3719    80
3720    81
3721    81
3722    81
3723    80
3724    81
3725    81
3726    81
3727    80
3728    81
3729    81
3730    81
3731    80
3732    81
3733    81
3734    81
3735    80
3736    68
3737    80
3738    81
3739    81
3740    81
3741    80
3742    81
3743    81
3744    81
3745    80
3746    81
3747    81
3748    81
3749    80
3750    81
3751    81
3752    81
3753    80
3754    81
3755    81
3756    81
3757    80
3758    81
3759    81
3760    81
3761    80
3762    81
3763    81
3764    81
3765    80
3766    81
3767    81
3768    81
3769    80
3770    81
3771    81
3772    81
3773    80
3774    81
3775    81
3776    81
3777    80
3778    68
3779    80
3780    81
3781    81
3782    81
3783    80
3784    81
3785    81
3786    81
3787    80
3788    81
3789    81
3790    81
3791    80
3792    81
3793    81
3794    81
3795    80
3796    81
3797    81
3798    81
3799    80
3800    81
3801    81
3802    81
3803    80
3804    81
3805    81
3806    81
3807    80
3808    81
3809    81
3810    81
3811    80
3812    81
3813    81
3814    81
3815    80
3816    81
3817    81
3818    81
3819    80
3820    68
3821    80
3822    81
3823    81
3824    81
3825    80
3826    81
3827    81
3828    81
3829    80
3830    81
3831    81
3832    81
3833    80
3834    81
3835    81
3836    81
3837    80
3838    81
3839    81
3840    81
3841    80
3842    81
3843    81
3844    81
3845    80
3846    81
3847    81
3848    81
3849    80
3850    81
3851    81
3852    81
3853    80
3854    81
3855    81
3856    81
3857    80
3858    81
3859    81
3860    81
3861    80
3862    68
3863    80
3864    81
3865    81
3866    81
3867    80
3868    81
3869    81
3870    81
3871    80
3872    81
3873    81
3874    81
3875    80
3876    81
3877    81
3878    81
3879    80
3880    81
3881    81
3882    81
3883    80
3884    81
3885    81
3886    81
3887    80
3888    81
3889    81
3890    81
3891    80
3892    81
3893    81
3894    81
3895    80
3896    81
3897    81
3898    81
3899    80
3900    81
3901    81
3902    81
3903    80
3904    68
3905    80
3906    81
3907    81
3908    81
3909    80
3910    81
3911    81
3912    81
3913    80
3914    81
3915    81
3916    81
3917    80
3918    81
3919    81
3920    81
3921    80
3922    81
3923    81
3924    81
3925    80
3926    81
3927    81
3928    81
3929    80
3930    81
3931    81
3932    81
3933    80
3934    81
3935    81
3936    81
3937    80
3938    81
3939    81
3940    81
3941    80
3942    81
3943    81
3944    81
3945    80
3946    68
3947    80
3948    81
3949    81
3950    81
3951    80
3952    81
3953    81
3954    81
3955    80
3956    81
3957    81
3958    81
3959    80
3960    81
3961    81
3962    81
3963    80
3964    81
3965    81
3966    81
3967    80
3968    81
3969    81
3970    81
3971    80
3972    81
3973    81
3974    81
3975    80
3976    81
3977    81
3978    81
3979    80
3980    81
3981    81
3982    81
3983    80
3984    81
3985    81
3986    81
3987    80
3988    68
3989    80
3990    81
3991    81
3992    81
3993    80
3994    81
3995    81
3996    81
3997    80
3998    81
3999    81
4000    81
4001    80
4002    81
4003    81
4004    81
4005    80
4006    81
4007    81
4008    81
4009    80
4010    81
4011    81
4012    81
4013    80
4014    81
4015    81
4016    81
4017    80
4018    81
4019    81
4020    81
4021    80
4022    81
4023    81
4024    81
4025    80
4026    81
4027    81
4028    81
4029    80
4030    68
4031    80
4032    81
4033    81
4034    81
4035    80
4036    81
4037    81
4038    81
4039    80
4040    81
4041    81
4042    81
4043    80
4044    81
4045    81
4046    81
4047    80
4048    81
4049    81
4050    81
4051    80
4052    81
4053    81
4054    81
4055    80
4056    81
4057    81
4058    81
4059    80
4060    81
4061    81
4062    81
4063    80
4064    81
4065    81
4066    81
4067    80
4068    81
4069    81
4070    81
4071    80
4072    68
4073    80
4074    81
4075    81
4076    81
4077    80
4078    81
4079    81
4080    81
4081    80
4082    81
4083    81
4084    81
4085    80
4086    81
4087    81
4088    81
4089    80
4090    81
4091    81
4092    81
4093    80
4094    81
4095    81
4096    81
4097    80
4098    81
4099    81
4100    81
4101    80
4102    81
4103    81
4104    81
4105    80
4106    81
4107    81
4108    81
4109    80
4110    81
4111    81
4112    81
4113    80
4114    68
4115    80
4116    81
4117    81
4118    81
4119    80
4120    81
4121    81
4122    81
4123    80
4124    81
4125    81
4126    81
4127    80
4128    81
4129    81
4130    81
4131    80
4132    81
4133    81
4134    81
4135    80
4136    81
4137    81
4138    80
4139    81
4140    81
4141    80
4142    81
4143    81
4144    80
4145    81
4146    81
4147    80
4148    81
4149    81
4150    80
4151    68
4152    80
4153    81
4154    81
4155    80
4156    81
4157    81
4158    81
4159    80
4160    81
4161    81
4162    80
4163    81
4164    81
4165    80
4166    81
4167    81
4168    80
4169    81
4170    81
4171    80
4172    81
4173    80
4174    81
4175    81
4176    81
4177    80
4178    81
4179    80
4180    81
4181    81
4182    81
4183    80
4184    68
4185    80
4186    81
4187    81
4188    81
4189    80
4190    81
4191    81
4192    81
4193    80
4194    81
4195    81
4196    81
4197    80
4198    81
4199    81
4200    81
4201    80
4202    81
4203    81
4204    81
4205    80
4206    81
4207    81
4208    81
4209    80
4210    81
4211    81
4212    81
4213    80
4214    81
4215    81
4216    80
4217    81
4218    81
4219    80
4220    81
4221    81
4222    80
4223    68
4224    80
4225    81
4226    81
4227    80
4228    81
4229    81
4230    81
4231    80
4232    81
4233    81
4234    80
4235    81
4236    81
4237    80
4238    81
4239    81
4240    80
4241    81
4242    81
4243    80
4244    81
4245    80
4246    81
4247    81
4248    81
4249    80
4250    81
4251    80
4252    81
4253    81
4254    81
4255    80
4256    68
4257    80
4258    81
4259    81
4260    80
4261    81
4262    81
4263    80
4264    81
4265    81
4266    80
4267    81
4268    81
4269    80
4270    81
4271    81
4272    80
4273    81
4274    81
4275    80
4276    81
4277    81
4278    80
4279    81
4280    81
4281    80
4282    81
4283    81
4284    80
4285    81
4286    80
4287    68
4288    80
4289    81
4290    81
4291    80
4292    81
4293    80
4294    81
4295    81
4296    81
4297    80
4298    81
4299    80
4300    81
4301    81
4302    80
4303    81
4304    81
4305    80
4306    81
4307    81
4308    80
4309    81
4310    81
4311    80
4312    81
4313    81
4314    80
4315    81
4316    81
4317    80
4318    68
4319    80
4320    81
4321    80
4322    81
4323    80
4324    81
4325    81
4326    80
4327    81
4328    80
4329    81
4330    80
4331    81
4332    81
4333    80
4334    81
4335    80
4336    81
4337    81
4338    80
4339    81
4340    80
4341    81
4342    80
4343    68
4344    80
4345    81
4346    81
4347    80
4348    81
4349    81
4350    80
4351    81
4352    81
4353    80
4354    81
4355    81
4356    80
4357    81
4358    81
4359    80
4360    81
4361    81
4362    80
4363    81
4364    81
4365    80
4366    81
4367    81
4368    80
4369    81
4370    80
4371    81
4372    80
4373    68
4374    80
4375    81
4376    80
4377    80
4378    81
4379    80
4380    81
4381    80
4382    81
4383    80
4384    81
4385    80
4386    81
4387    80
4388    81
4389    80
4390    81
4391    80
4392    81
4393    80
4394    68
4395    80
4396    81
4397    80
4398    81
4399    80
4400    81
4401    80
4402    81
4403    80
4404    81
4405    80
4406    81
4407    80
4408    81
4409    80
4410    81
4411    80
4412    81
4413    80
4414    81
4415    80
4416    68
4417    80
4418    81
4419    80
4420    81
4421    80
4422    81
4423    80
4424    81
4425    80
4426    81
4427    80
4428    81
4429    80
4430    81
4431    80
4432    81
4433    80
4434    81
4435    80
4436    81
4437    80
4438    68
4439    80
4440    81
4441    80
4442    81
4443    80
4444    81
4445    80
4446    81
4447    80
4448    81
4449    80
4450    81
4451    80
4452    81
4453    80
4454    81
4455    80
4456    81
4457    80
4458    81
4459    80
4460    68
4461    80
4462    81
4463    80
4464    81
4465    80
4466    81
4467    80
4468    81
4469    80
4470    81
4471    80
4472    81
4473    80
4474    81
4475    80
4476    81
4477    80
4478    81
4479    80
4480    81
4481    80
4482    68
4483    80
4484    81
4485    80
4486    81
4487    80
4488    81
4489    80
4490    81
4491    80
4492    81
4493    80
4494    81
4495    80
4496    81
4497    80
4498    81
4499    80
4500    81
4501    80
4502    81
4503    80
4504    68
4505    80
4506    81
4507    80
4508    81
4509    80
4510    81
4511    80
4512    81
4513    80
4514    81
4515    80
4516    81
4517    80
4518    81
4519    80
4520    81
4521    80
4522    81
4523    80
4524    81
4525    80
4526    68
4527    80
4528    81
4529    80
4530    81
4531    80
4532    81
4533    80
4534    81
4535    80
4536    81
4537    80
4538    81
4539    80
4540    81
4541    80
4542    81
4543    80
4544    81
4545    80
4546    81
4547    80
4548    68
4549    80
4550    81
4551    80
4552    81
4553    80
4554    81
4555    80
4556    81
4557    80
4558    81
4559    80
4560    81
4561    80
4562    81
4563    80
4564    81
4565    80
4566    81
4567    80
4568    81
4569    80
4570    68
4571    80
4572    81
4573    80
4574    81
4575    80
4576    81
4577    80
4578    81
4579    80
4580    81
4581    80
4582    81
4583    80
4584    81
4585    80
4586    81
4587    80
4588    81
4589    80
4590    81
4591    80
4592    68
4593    80
4594    81
4595    80
4596    81
4597    80
4598    81
4599    80
4600    81
4601    80
4602    81
4603    80
4604    81
4605    80
4606    81
4607    80
4608    81
4609    80
4610    81
4611    80
4612    81
4613    80
4614    68
4615    80
4616    81
4617    80
4618    81
4619    80
4620    81
4621    80
4622    81
4623    80
4624    81
4625    80
4626    81
4627    80
4628    81
4629    80
4630    81
4631    80
4632    81
4633    80
4634    81
4635    80
4636    68
4637    80
4638    81
4639    80
4640    81
4641    80
4642    81
4643    80
4644    81
4645    80
4646    81
4647    80
4648    81
4649    80
4650    81
4651    80
4652    81
4653    80
4654    81
4655    80
4656    81
4657    80
4658    68
4659    80
4660    81
4661    80
4662    81
4663    80
4664    81
4665    80
4666    81
4667    80
4668    81
4669    80
4670    81
4671    80
4672    81
4673    80
4674    81
4675    80
4676    81
4677    80
4678    81
4679    80
4680    68
4681    80
4682    81
4683    80
4684    81
4685    80
4686    81
4687    80
4688    81
4689    80
4690    81
4691    80
4692    81
4693    80
4694    81
4695    80
4696    81
4697    80
4698    81
4699    80
4700    81
4701    80
4702    68
4703    80
4704    81
4705    80
4706    81
4707    80
4708    81
4709    80
4710    81
4711    80
4712    81
4713    80
4714    81
4715    80
4716    81
4717    80
4718    81
4719    80
4720    81
4721    80
4722    81
4723    80
4724    68
4725    80
4726    81
4727    80
4728    81
4729    80
4730    81
4731    80
4732    81
4733    80
4734    81
4735    80
4736    81
4737    80
4738    81
4739    80
4740    81
4741    80
4742    81
4743    80
4744    81
4745    80
4746    68
4747    80
4748    81
4749    80
4750    81
4751    80
4752    81
4753    80
4754    81
4755    80
4756    81
4757    80
4758    81
4759    80
4760    81
4761    80
4762    81
4763    80
4764    81
4765    80
4766    81
4767    80
4768    68
4769    80
4770    81
4771    80
4772    81
4773    80
4774    81
4775    80
4776    81
4777    80
4778    81
4779    80
4780    81
4781    80
4782    81
4783    80
4784    81
4785    80
4786    81
4787    80
4788    81
4789    80
4790    68
4791    80
4792    81
4793    80
4794    81
4795    80
4796    81
4797    80
4798    81
4799    80
4800    81
4801    80
4802    81
4803    80
4804    81
4805    80
4806    81
4807    80
4808    81
4809    80
4810    81
4811    80
4812    68
4813    80
4814    81
4815    80
4816    81
4817    80
4818    81
4819    80
4820    81
4821    80
4822    81
4823    80
4824    81
4825    80
4826    81
4827    80
4828    81
4829    80
4830    81
4831    80
4832    81
4833    80
4834    68
4835    80
4836    81
4837    80
4838    81
4839    80
4840    81
4841    80
4842    81
4843    80
4844    81
4845    80
4846    81
4847    80
4848    81
4849    80
4850    81
4851    80
4852    81
4853    80
4854    81
4855    80
4856    68
4857    80
4858    81
4859    80
4860    81
4861    80
4862    81
4863    80
4864    81
4865    80
4866    81
4867    80
4868    81
4869    80
4870    81
4871    80
4872    81
4873    80
4874    81
4875    80
4876    81
4877    80
4878    68
4879    80
4880    81
4881    80
4882    81
4883    80
4884    81
4885    80
4886    81
4887    80
4888    81
4889    80
4890    81
4891    80
4892    81
4893    80
4894    81
4895    80
4896    81
4897    80
4898    81
4899    80
4900    68
4901    80
4902    81
4903    80
4904    81
4905    80
4906    81
4907    80
4908    81
4909    80
4910    81
4911    80
4912    81
4913    80
4914    81
4915    80
4916    81
4917    80
4918    81
4919    80
4920    81
4921    80
4922    68
4923    80
4924    81
4925    80
4926    81
4927    80
4928    81
4929    80
4930    81
4931    80
4932    81
4933    80
4934    81
4935    80
4936    81
4937    80
4938    81
4939    80
4940    81
4941    80
4942    81
4943    80
4944    68
4945    80
4946    81
4947    80
4948    81
4949    80
4950    81
4951    80
4952    81
4953    80
4954    81
4955    80
4956    81
4957    80
4958    81
4959    80
4960    81
4961    80
4962    81
4963    80
4964    81
4965    80
4966    68
4967    80
4968    81
4969    80
4970    81
4971    80
4972    81
4973    80
4974    81
4975    80
4976    81
4977    80
4978    81
4979    80
4980    81
4981    80
4982    81
4983    80
4984    81
4985    80
4986    81
4987    80
4988    68
4989    80
4990    81
4991    80
4992    81
4993    80
4994    81
4995    80
4996    81
4997    80
4998    81
4999    80
5000    81
5001    80
5002    81
5003    80
5004    81
5005    80
5006    81
5007    80
5008    81
5009    80
5010    68
5011    80
5012    81
5013    80
5014    81
5015    80
5016    81
5017    80
5018    81
5019    80
5020    81
5021    80
5022    81
5023    80
5024    81
5025    80
5026    81
5027    80
5028    81
5029    80
5030    81
5031    80
5032    68
5033    80
5034    81
5035    80
5036    81
5037    80
5038    81
5039    80
5040    81
5041    80
5042    81
5043    80
5044    81
5045    80
5046    81
5047    80
5048    81
5049    80
5050    81
5051    80
5052    81
5053    80
5054    68
5055    80
5056    81
5057    80
5058    81
5059    80
5060    81
5061    80
5062    81
5063    80
5064    81
5065    80
5066    81
5067    80
5068    81
5069    80
5070    81
5071    80
5072    81
5073    80
5074    81
5075    80
5076    68
5077    80
5078    81
5079    80
5080    81
5081    80
5082    81
5083    80
5084    81
5085    80
5086    81
5087    80
5088    81
5089    80
5090    81
5091    80
5092    81
5093    80
5094    81
5095    80
5096    81
5097    80
5098    68
5099    80
5100    81
5101    80
5102    81
5103    80
5104    81
5105    80
5106    81
5107    80
5108    81
5109    80
5110    81
5111    80
5112    81
5113    80
5114    81
5115    80
5116    81
5117    80
5118    81
5119    80
5120    68
5121    80
5122    81
5123    80
5124    81
5125    80
5126    81
5127    80
5128    81
5129    80
5130    81
5131    80
5132    81
5133    80
5134    81
5135    80
5136    81
5137    80
5138    81
5139    80
5140    81
5141    80
5142    68
5143    80
5144    81
5145    80
5146    81
5147    80
5148    81
5149    80
5150    81
5151    80
5152    81
5153    80
5154    81
5155    80
5156    81
5157    80
5158    81
5159    80
5160    81
5161    80
5162    81
5163    80
5164    68
5165    80
5166    81
5167    80
5168    81
5169    80
5170    81
5171    80
5172    81
5173    80
5174    81
5175    80
5176    81
5177    80
5178    81
5179    80
5180    81
5181    80
5182    81
5183    80
5184    81
5185    80
5186    68
5187    80
5188    81
5189    80
5190    81
5191    80
5192    81
5193    80
5194    81
5195    80
5196    81
5197    80
5198    81
5199    80
5200    81
5201    80
5202    81
5203    80
5204    81
5205    80
5206    81
5207    80
5208    68
5209    80
5210    81
5211    80
5212    81
5213    80
5214    81
5215    80
5216    81
5217    80
5218    81
5219    80
5220    81
5221    80
5222    81
5223    80
5224    81
5225    80
5226    81
5227    80
5228    81
5229    80
5230    68
5231    80
5232    81
5233    80
5234    81
5235    80
5236    81
5237    80
5238    81
5239    80
5240    81
5241    80
5242    81
5243    80
5244    81
5245    80
5246    81
5247    80
5248    81
5249    80
5250    81
5251    80
5252    68
5253    80
5254    81
5255    80
5256    81
5257    80
5258    81
5259    80
5260    81
5261    80
5262    81
5263    80
5264    81
5265    80
5266    81
5267    80
5268    81
5269    80
5270    81
5271    80
5272    81
5273    80
5274    68
5275    80
5276    81
5277    80
5278    81
5279    80
5280    81
5281    80
5282    81
5283    80
5284    81
5285    80
5286    81
5287    80
5288    81
5289    80
5290    81
5291    80
5292    81
5293    80
5294    81
5295    80
5296    68
5297    80
5298    81
5299    80
5300    81
5301    80
5302    81
5303    80
5304    81
5305    80
5306    81
5307    80
5308    81
5309    80
5310    81
5311    80
5312    81
5313    80
5314    81
5315    80
5316    81
5317    80
5318    68
5319    80
5320    81
5321    80
5322    81
5323    80
5324    81
5325    80
5326    81
5327    80
5328    81
5329    80
5330    81
5331    80
5332    81
5333    80
5334    81
5335    80
5336    81
5337    80
5338    81
5339    80
5340    68
5341    80
5342    81
5343    80
5344    81
5345    80
5346    81
5347    80
5348    81
5349    80
5350    81
5351    80
5352    81
5353    80
5354    81
5355    80
5356    81
5357    80
5358    81
5359    80
5360    81
5361    80
5362    68
5363    80
5364    81
5365    80
5366    81
5367    80
5368    81
5369    80
5370    81
5371    80
5372    81
5373    80
5374    81
5375    80
5376    81
5377    80
5378    81
5379    80
5380    81
5381    80
5382    81
5383    80
5384    68
5385    80
5386    81
5387    80
5388    81
5389    80
5390    81
5391    80
5392    81
5393    80
5394    81
5395    80
5396    81
5397    80
5398    81
5399    80
5400    81
5401    80
5402    81
5403    80
5404    81
5405    80
5406    68
5407    80
5408    81
5409    80
5410    81
5411    80
5412    81
5413    80
5414    81
5415    80
5416    81
5417    80
5418    81
5419    80
5420    81
5421    80
5422    81
5423    80
5424    81
5425    80
5426    81
5427    80
5428    68
5429    80
5430    81
5431    80
5432    81
5433    80
5434    81
5435    80
5436    81
5437    80
5438    81
5439    80
5440    81
5441    80
5442    81
5443    80
5444    81
5445    80
5446    81
5447    80
5448    81
5449    80
5450    68
5451    80
5452    81
5453    80
5454    81
5455    80
5456    81
5457    80
5458    81
5459    80
5460    81
5461    80
5462    81
5463    80
5464    81
5465    80
5466    81
5467    80
5468    81
5469    80
5470    81
5471    80
5472    68
5473    80
5474    81
5475    80
5476    81
5477    80
5478    81
5479    80
5480    81
5481    80
5482    81
5483    80
5484    81
5485    80
5486    81
5487    80
5488    81
5489    80
5490    81
5491    80
5492    81
5493    80
5494    68
5495    80
5496    81
5497    80
5498    81
5499    80
5500    81
5501    80
5502    81
5503    80
5504    81
5505    80
5506    81
5507    80
5508    81
5509    80
5510    81
5511    80
5512    81
5513    80
5514    81
5515    80
5516    68
5517    80
5518    81
5519    80
5520    81
5521    80
5522    81
5523    80
5524    81
5525    80
5526    81
5527    80
5528    81
5529    80
5530    81
5531    80
5532    81
5533    80
5534    81
5535    80
5536    81
5537    80
5538    68
5539    80
5540    81
5541    80
5542    81
5543    80
5544    81
5545    80
5546    81
5547    80
5548    81
5549    80
5550    81
5551    80
5552    81
5553    80
5554    81
5555    80
5556    81
5557    80
5558    81
5559    80
5560    68
5561    80
5562    81
5563    80
5564    81
5565    80
5566    81
5567    80
5568    81
5569    80
5570    81
5571    80
5572    81
5573    80
5574    81
5575    80
5576    81
5577    80
5578    81
5579    80
5580    81
5581    80
5582    68
5583    80
5584    81
5585    80
5586    81
5587    80
5588    81
5589    80
5590    81
5591    80
5592    81
5593    80
5594    81
5595    80
5596    81
5597    80
5598    81
5599    80
5600    81
5601    80
5602    81
5603    80
5604    68
5605    80
5606    81
5607    80
5608    81
5609    80
5610    81
5611    80
5612    81
5613    80
5614    81
5615    80
5616    81
5617    80
5618    81
5619    80
5620    81
5621    80
5622    81
5623    80
5624    81
5625    80
5626    68
5627    80
5628    81
5629    80
5630    81
5631    80
5632    81
5633    80
5634    81
5635    80
5636    81
5637    80
5638    81
5639    80
5640    81
5641    80
5642    81
5643    80
5644    81
5645    80
5646    81
5647    80
5648    68
5649    80
5650    81
5651    80
5652    81
5653    80
5654    81
5655    80
5656    81
5657    80
5658    81
5659    80
5660    81
5661    80
5662    81
5663    80
5664    81
5665    80
5666    81
5667    80
5668    81
5669    80
5670    68
5671    80
5672    81
5673    80
5674    81
5675    80
5676    81
5677    80
5678    81
5679    80
5680    81
5681    80
5682    81
5683    80
5684    81
5685    80
5686    81
5687    80
5688    81
5689    80
5690    81
5691    80
5692    68
5693    80
5694    81
5695    80
5696    81
5697    80
5698    81
5699    80
5700    81
5701    80
5702    81
5703    80
5704    81
5705    80
5706    81
5707    80
5708    81
5709    80
5710    81
5711    80
5712    81
5713    80
5714    68
5715    80
5716    81
5717    80
5718    81
5719    80
5720    81
5721    80
5722    81
5723    80
5724    81
5725    80
5726    81
5727    80
5728    81
5729    80
5730    81
5731    80
5732    81
5733    80
5734    81
5735    80
5736    68
5737    80
5738    81
5739    80
5740    81
5741    80
5742    81
5743    80
5744    81
5745    80
5746    81
5747    80
5748    81
5749    80
5750    81
5751    80
5752    81
5753    80
5754    81
5755    80
5756    81
5757    80
5758    68
5759    80
5760    81
5761    80
5762    81
5763    80
5764    81
5765    80
5766    81
5767    80
5768    81
5769    80
5770    81
5771    80
5772    81
5773    80
5774    81
5775    80
5776    81
5777    80
5778    81
5779    80
5780    68
5781    80
5782    81
5783    80
5784    81
5785    80
5786    81
5787    80
5788    81
5789    80
5790    81
5791    80
5792    81
5793    80
5794    81
5795    80
5796    81
5797    80
5798    81
5799    80
5800    81
5801    80
5802    68
5803    80
5804    81
5805    80
5806    81
5807    80
5808    81
5809    80
5810    81
5811    80
5812    81
5813    80
5814    81
5815    80
5816    81
5817    80
5818    81
5819    80
5820    81
5821    80
5822    81
5823    80
5824    68
5825    80
5826    81
5827    80
5828    81
5829    80
5830    81
5831    80
5832    81
5833    80
5834    81
5835    80
5836    81
5837    80
5838    81
5839    80
5840    81
5841    80
5842    81
5843    80
5844    81
5845    80
5846    68
5847    80
5848    81
5849    80
5850    81
5851    80
5852    81
5853    80
5854    81
5855    80
5856    81
5857    80
5858    81
5859    80
5860    81
5861    80
5862    81
5863    80
5864    81
5865    80
5866    81
5867    80
5868    68
5869    80
5870    81
5871    80
5872    81
5873    80
5874    81
5875    80
5876    81
5877    80
5878    81
5879    80
5880    81
5881    80
5882    81
5883    80
5884    81
5885    80
5886    81
5887    80
5888    81
5889    80
5890    68
5891    80
5892    81
5893    80
5894    81
5895    80
5896    81
5897    80
5898    81
5899    80
5900    81
5901    80
5902    81
5903    80
5904    81
5905    80
5906    81
5907    80
5908    81
5909    80
5910    81
5911    80
5912    68
5913    80
5914    81
5915    80
5916    81
5917    80
5918    81
5919    80
5920    81
5921    80
5922    81
5923    80
5924    81
5925    80
5926    81
5927    80
5928    81
5929    80
5930    81
5931    80
5932    81
5933    80
5934    68
5935    80
5936    81
5937    80
5938    81
5939    80
5940    81
5941    80
5942    81
5943    80
5944    81
5945    80
5946    81
5947    80
5948    81
5949    80
5950    81
5951    80
5952    81
5953    80
5954    81
5955    80
5956    68
5957    80
5958    81
5959    80
5960    81
5961    80
5962    81
5963    80
5964    81
5965    80
5966    81
5967    80
5968    81
5969    80
5970    81
5971    80
5972    81
5973    80
5974    81
5975    80
5976    81
5977    80
5978    68
5979    80
5980    81
5981    80
5982    81
5983    80
5984    81
5985    80
5986    81
5987    80
5988    81
5989    80
5990    81
5991    80
5992    81
5993    80
5994    81
5995    80
5996    81
5997    80
5998    81
5999    80
6000    68
