1    6
2    6
3    6
4    6
5    6
6    6
7    6
8    6
9    6
10    6
11    6
13    6
15    6
17    6
18    6
19    6
20    6
21    6
22    6
28    6
29    6
30    6
35    6
71    6
131    6
132    6
211    6
233    6
234    6
303    6
335    6
336    6
395    6
437    6
438    6
489    6
537    6
539    6
540    6
585    6
627    6
641    6
642    6
681    6
719    6
743    6
744    6
779    6
813    6
845    6
846    6
877    6
907    6
937    6
947    6
948    6
975    6
1001    6
1027    6
1049    6
1050    6
1073    6
1097    6
1121    6
1143    6
1151    6
1152    6
1173    6
1195    6
1217    6
1237    6
1253    6
1254    6
1273    6
1293    6
1312    6
1329    6
1347    6
1355    6
1356    6
1373    6
1391    6
1408    6
1423    6
1439    6
1455    6
1457    6
1458    6
1473    6
1489    6
1505    6
1520    6
1533    6
1547    6
1559    6
1560    6
1573    6
1587    6
1601    6
1615    6
1629    6
1643    6
1656    6
1661    6
1662    6
1673    6
1685    6
1697    6
1709    6
1721    6
1733    6
1745    6
1757    6
1763    6
1764    6
1775    6
1787    6
1799    6
1811    6
1823    6
1835    6
1847    6
1859    6
1865    6
1866    6
1877    6
1889    6
1901    6
1912    6
1921    6
1931    6
1941    6
1951    6
1961    6
1967    6
1968    6
1977    6
1987    6
1996    6
2003    6
2011    6
2019    6
2027    6
2035    6
2043    6
2051    6
2052    6
2053    6
2063    6
2073    6
2083    6
2093    6
2103    6
2113    6
2123    6
2133    6
2143    6
2153    6
2154    6
2155    6
2165    6
2177    6
2189    6
2201    6
2213    6
2227    6
2241    6
2255    6
2256    6
2257    6
2269    6
2281    6
2293    6
2305    6
2315    6
2325    6
2335    6
2345    6
2355    6
2358    6
2359    6
2367    6
2375    6
2383    6
2391    6
2399    6
2407    6
2415    6
2423    6
2431    6
2439    6
2440    6
2441    6
2449    6
2457    6
2465    6
2473    6
2481    6
2489    6
2497    6
2505    6
2513    6
2521    6
2522    6
2523    6
2531    6
2539    6
2547    6
2555    6
2563    6
2571    6
2579    6
2586    6
2592    6
2598    6
2599    6
2600    6
2605    6
2611    6
2617    6
2623    6
2629    6
2635    6
2641    6
2647    6
2653    6
2659    6
2660    6
2661    6
2667    6
2673    6
2679    6
2685    6
2691    6
2697    6
2703    6
2709    6
2715    6
2721    6
2722    6
2723    6
2729    6
2735    6
2741    6
2747    6
2753    6
2759    6
2765    6
2771    6
2777    6
2783    6
2784    6
2785    6
2791    6
2797    6
2803    6
2809    6
2815    6
2821    6
2827    6
2833    6
2839    6
2845    6
2846    6
2847    6
2853    6
2859    6
2865    6
2871    6
2877    6
2883    6
2889    6
2895    6
2901    6
2907    6
2908    6
2909    6
2915    6
2921    6
2927    6
2933    6
2939    6
2945    6
2951    6
2957    6
2963    6
2969    6
2970    6
2971    6
2977    6
2983    6
2989    6
2995    6
3001    6
3007    6
3013    6
3019    6
3025    6
3031    6
3032    6
3033    6
3039    6
3045    6
3051    6
3057    6
3063    6
3069    6
3075    6
3081    6
3087    6
3093    6
3094    6
3095    6
3101    6
3107    6
3113    6
3118    6
3123    6
3129    6
3134    6
3139    6
3143    6
3147    6
3148    6
3149    6
3153    6
3157    6
3161    6
3165    6
3169    6
3173    6
3177    6
3181    6
3185    6
3189    6
3190    6
3191    6
3195    6
3199    6
3203    6
3207    6
3211    6
3215    6
3219    6
3223    6
3227    6
3231    6
3232    6
3233    6
3237    6
3241    6
3245    6
3249    6
3253    6
3257    6
3261    6
3265    6
3269    6
3273    6
3274    6
3275    6
3279    6
3283    6
3287    6
3291    6
3295    6
3299    6
3303    6
3307    6
3311    6
3315    6
3316    6
3317    6
3321    6
3325    6
3329    6
3333    6
3337    6
3341    6
3345    6
3349    6
3353    6
3357    6
3358    6
3359    6
3363    6
3367    6
3371    6
3375    6
3379    6
3383    6
3387    6
3391    6
3395    6
3399    6
3400    6
3401    6
3405    6
3409    6
3413    6
3417    6
3421    6
3425    6
3429    6
3433    6
3437    6
3441    6
3442    6
3443    6
3447    6
3451    6
3455    6
3459    6
3463    6
3467    6
3471    6
3475    6
3479    6
3483    6
3484    6
3485    6
3489    6
3493    6
3497    6
3501    6
3505    6
3509    6
3513    6
3517    6
3521    6
3525    6
3526    6
3527    6
3531    6
3535    6
3539    6
3543    6
3547    6
3551    6
3555    6
3559    6
3563    6
3567    6
3568    6
3569    6
3573    6
3577    6
3581    6
3585    6
3589    6
3593    6
3597    6
3601    6
3605    6
3609    6
3610    6
3611    6
3615    6
3619    6
3623    6
3627    6
3631    6
3635    6
3639    6
3643    6
3647    6
3651    6
3652    6
3653    6
3657    6
3661    6
3665    6
3669    6
3673    6
3677    6
3681    6
3685    6
3689    6
3693    6
3694    6
3695    6
3699    6
3703    6
3707    6
3711    6
3715    6
3719    6
3723    6
3727    6
3731    6
3735    6
3736    6
3737    6
3741    6
3745    6
3749    6
3753    6
3757    6
3761    6
3765    6
3769    6
3773    6
3777    6
3778    6
3779    6
3783    6
3787    6
3791    6
3795    6
3799    6
3803    6
3807    6
3811    6
3815    6
3819    6
3820    6
3821    6
3825    6
3829    6
3833    6
3837    6
3841    6
3845    6
3849    6
3853    6
3857    6
3861    6
3862    6
3863    6
3867    6
3871    6
3875    6
3879    6
3883    6
3887    6
3891    6
3895    6
3899    6
3903    6
3904    6
3905    6
3909    6
3913    6
3917    6
3921    6
3925    6
3929    6
3933    6
3937    6
3941    6
3945    6
3946    6
3947    6
3951    6
3955    6
3959    6
3963    6
3967    6
3971    6
3975    6
3979    6
3983    6
3987    6
3988    6
3989    6
3993    6
3997    6
4001    6
4005    6
4009    6
4013    6
4017    6
4021    6
4025    6
4029    6
4030    6
4031    6
4035    6
4039    6
4043    6
4047    6
4051    6
4055    6
4059    6
4063    6
4067    6
4071    6
4072    6
4073    6
4077    6
4081    6
4085    6
4089    6
4093    6
4097    6
4101    6
4105    6
4109    6
4113    6
4114    6
4115    6
4119    6
4123    6
4127    6
4131    6
4135    6
4138    6
4141    6
4144    6
4147    6
4150    6
4151    6
4152    6
4155    6
4159    6
4162    6
4165    6
4168    6
4171    6
4173    6
4177    6
4179    6
4183    6
4184    6
4185    6
4189    6
4193    6
4197    6
4201    6
4205    6
4209    6
4213    6
4216    6
4219    6
4222    6
4223    6
4224    6
4227    6
4231    6
4234    6
4237    6
4240    6
4243    6
4245    6
4249    6
4251    6
4255    6
4256    6
4257    6
4260    6
4263    6
4266    6
4269    6
4272    6
4275    6
4278    6
4281    6
4284    6
4286    6
4287    6
4288    6
4291    6
4293    6
4297    6
4299    6
4302    6
4305    6
4308    6
4311    6
4314    6
4317    6
4318    6
4319    6
4321    6
4323    6
4326    6
4328    6
4330    6
4333    6
4335    6
4338    6
4340    6
4342    6
4343    6
4344    6
4347    6
4350    6
4353    6
4356    6
4359    6
4362    6
4365    6
4368    6
4370    6
4372    6
4373    6
4374    6
4376    6
4377    6
4379    6
4381    6
4383    6
4385    6
4387    6
4389    6
4391    6
4393    6
4394    6
4395    6
4397    6
4399    6
4401    6
4403    6
4405    6
4407    6
4409    6
4411    6
4413    6
4415    6
4416    6
4417    6
4419    6
4421    6
4423    6
4425    6
4427    6
4429    6
4431    6
4433    6
4435    6
4437    6
4438    6
4439    6
4441    6
4443    6
4445    6
4447    6
4449    6
4451    6
4453    6
4455    6
4457    6
4459    6
4460    6
4461    6
4463    6
4465    6
4467    6
4469    6
4471    6
4473    6
4475    6
4477    6
4479    6
4481    6
4482    6
4483    6
4485    6
4487    6
4489    6
4491    6
4493    6
4495    6
4497    6
4499    6
4501    6
4503    6
4504    6
4505    6
4507    6
4509    6
4511    6
4513    6
4515    6
4517    6
4519    6
4521    6
4523    6
4525    6
4526    6
4527    6
4529    6
4531    6
4533    6
4535    6
4537    6
4539    6
4541    6
4543    6
4545    6
4547    6
4548    6
4549    6
4551    6
4553    6
4555    6
4557    6
4559    6
4561    6
4563    6
4565    6
4567    6
4569    6
4570    6
4571    6
4573    6
4575    6
4577    6
4579    6
4581    6
4583    6
4585    6
4587    6
4589    6
4591    6
4592    6
4593    6
4595    6
4597    6
4599    6
4601    6
4603    6
4605    6
4607    6
4609    6
4611    6
4613    6
4614    6
4615    6
4617    6
4619    6
4621    6
4623    6
4625    6
4627    6
4629    6
4631    6
4633    6
4635    6
4636    6
4637    6
4639    6
4641    6
4643    6
4645    6
4647    6
4649    6
4651    6
4653    6
4655    6
4657    6
4658    6
4659    6
4661    6
4663    6
4665    6
4667    6
4669    6
4671    6
4673    6
4675    6
4677    6
4679    6
4680    6
4681    6
4683    6
4685    6
4687    6
4689    6
4691    6
4693    6
4695    6
4697    6
4699    6
4701    6
4702    6
4703    6
4705    6
4707    6
4709    6
4711    6
4713    6
4715    6
4717    6
4719    6
4721    6
4723    6
4724    6
4725    6
4727    6
4729    6
4731    6
4733    6
4735    6
4737    6
4739    6
4741    6
4743    6
4745    6
4746    6
4747    6
4749    6
4751    6
4753    6
4755    6
4757    6
4759    6
4761    6
4763    6
4765    6
4767    6
4768    6
4769    6
4771    6
4773    6
4775    6
4777    6
4779    6
4781    6
4783    6
4785    6
4787    6
4789    6
4790    6
4791    6
4793    6
4795    6
4797    6
4799    6
4801    6
4803    6
4805    6
4807    6
4809    6
4811    6
4812    6
4813    6
4815    6
4817    6
4819    6
4821    6
4823    6
4825    6
4827    6
4829    6
4831    6
4833    6
4834    6
4835    6
4837    6
4839    6
4841    6
4843    6
4845    6
4847    6
4849    6
4851    6
4853    6
4855    6
4856    6
4857    6
4859    6
4861    6
4863    6
4865    6
4867    6
4869    6
4871    6
4873    6
4875    6
4877    6
4878    6
4879    6
4881    6
4883    6
4885    6
4887    6
4889    6
4891    6
4893    6
4895    6
4897    6
4899    6
4900    6
4901    6
4903    6
4905    6
4907    6
4909    6
4911    6
4913    6
4915    6
4917    6
4919    6
4921    6
4922    6
4923    6
4925    6
4927    6
4929    6
4931    6
4933    6
4935    6
4937    6
4939    6
4941    6
4943    6
4944    6
4945    6
4947    6
4949    6
4951    6
4953    6
4955    6
4957    6
4959    6
4961    6
4963    6
4965    6
4966    6
4967    6
4969    6
4971    6
4973    6
4975    6
4977    6
4979    6
4981    6
4983    6
4985    6
4987    6
4988    6
4989    6
4991    6
4993    6
4995    6
4997    6
4999    6
5001    6
5003    6
5005    6
5007    6
5009    6
5010    6
5011    6
5013    6
5015    6
5017    6
5019    6
5021    6
5023    6
5025    6
5027    6
5029    6
5031    6
5032    6
5033    6
5035    6
5037    6
5039    6
5041    6
5043    6
5045    6
5047    6
5049    6
5051    6
5053    6
5054    6
5055    6
5057    6
5059    6
5061    6
5063    6
5065    6
5067    6
5069    6
5071    6
5073    6
5075    6
5076    6
5077    6
5079    6
5081    6
5083    6
5085    6
5087    6
5089    6
5091    6
5093    6
5095    6
5097    6
5098    6
5099    6
5101    6
5103    6
5105    6
5107    6
5109    6
5111    6
5113    6
5115    6
5117    6
5119    6
5120    6
5121    6
5123    6
5125    6
5127    6
5129    6
5131    6
5133    6
5135    6
5137    6
5139    6
5141    6
5142    6
5143    6
5145    6
5147    6
5149    6
5151    6
5153    6
5155    6
5157    6
5159    6
5161    6
5163    6
5164    6
5165    6
5167    6
5169    6
5171    6
5173    6
5175    6
5177    6
5179    6
5181    6
5183    6
5185    6
5186    6
5187    6
5189    6
5191    6
5193    6
5195    6
5197    6
5199    6
5201    6
5203    6
5205    6
5207    6
5208    6
5209    6
5211    6
5213    6
5215    6
5217    6
5219    6
5221    6
5223    6
5225    6
5227    6
5229    6
5230    6
5231    6
5233    6
5235    6
5237    6
5239    6
5241    6
5243    6
5245    6
5247    6
5249    6
5251    6
5252    6
5253    6
5255    6
5257    6
5259    6
5261    6
5263    6
5265    6
5267    6
5269    6
5271    6
5273    6
5274    6
5275    6
5277    6
5279    6
5281    6
5283    6
5285    6
5287    6
5289    6
5291    6
5293    6
5295    6
5296    6
5297    6
5299    6
5301    6
5303    6
5305    6
5307    6
5309    6
5311    6
5313    6
5315    6
5317    6
5318    6
5319    6
5321    6
5323    6
5325    6
5327    6
5329    6
5331    6
5333    6
5335    6
5337    6
5339    6
5340    6
5341    6
5343    6
5345    6
5347    6
5349    6
5351    6
5353    6
5355    6
5357    6
5359    6
5361    6
5362    6
5363    6
5365    6
5367    6
5369    6
5371    6
5373    6
5375    6
5377    6
5379    6
5381    6
5383    6
5384    6
5385    6
5387    6
5389    6
5391    6
5393    6
5395    6
5397    6
5399    6
5401    6
5403    6
5405    6
5406    6
5407    6
5409    6
5411    6
5413    6
5415    6
5417    6
5419    6
5421    6
5423    6
5425    6
5427    6
5428    6
5429    6
5431    6
5433    6
5435    6
5437    6
5439    6
5441    6
5443    6
5445    6
5447    6
5449    6
5450    6
5451    6
5453    6
5455    6
5457    6
5459    6
5461    6
5463    6
5465    6
5467    6
5469    6
5471    6
5472    6
5473    6
5475    6
5477    6
5479    6
5481    6
5483    6
5485    6
5487    6
5489    6
5491    6
5493    6
5494    6
5495    6
5497    6
5499    6
5501    6
5503    6
5505    6
5507    6
5509    6
5511    6
5513    6
5515    6
5516    6
5517    6
5519    6
5521    6
5523    6
5525    6
5527    6
5529    6
5531    6
5533    6
5535    6
5537    6
5538    6
5539    6
5541    6
5543    6
5545    6
5547    6
5549    6
5551    6
5553    6
5555    6
5557    6
5559    6
5560    6
5561    6
5563    6
5565    6
5567    6
5569    6
5571    6
5573    6
5575    6
5577    6
5579    6
5581    6
5582    6
5583    6
5585    6
5587    6
5589    6
5591    6
5593    6
5595    6
5597    6
5599    6
5601    6
5603    6
5604    6
5605    6
5607    6
5609    6
5611    6
5613    6
5615    6
5617    6
5619    6
5621    6
5623    6
5625    6
5626    6
5627    6
5629    6
5631    6
5633    6
5635    6
5637    6
5639    6
5641    6
5643    6
5645    6
5647    6
5648    6
5649    6
5651    6
5653    6
5655    6
5657    6
5659    6
5661    6
5663    6
5665    6
5667    6
5669    6
5670    6
5671    6
5673    6
5675    6
5677    6
5679    6
5681    6
5683    6
5685    6
5687    6
5689    6
5691    6
5692    6
5693    6
5695    6
5697    6
5699    6
5701    6
5703    6
5705    6
5707    6
5709    6
5711    6
5713    6
5714    6
5715    6
5717    6
5719    6
5721    6
5723    6
5725    6
5727    6
5729    6
5731    6
5733    6
5735    6
5736    6
5737    6
5739    6
5741    6
5743    6
5745    6
5747    6
5749    6
5751    6
5753    6
5755    6
5757    6
5758    6
5759    6
5761    6
5763    6
5765    6
5767    6
5769    6
5771    6
5773    6
5775    6
5777    6
5779    6
5780    6
5781    6
5783    6
5785    6
5787    6
5789    6
5791    6
5793    6
5795    6
5797    6
5799    6
5801    6
5802    6
5803    6
5805    6
5807    6
5809    6
5811    6
5813    6
5815    6
5817    6
5819    6
5821    6
5823    6
5824    6
5825    6
5827    6
5829    6
5831    6
5833    6
5835    6
5837    6
5839    6
5841    6
5843    6
5845    6
5846    6
5847    6
5849    6
5851    6
5853    6
5855    6
5857    6
5859    6
5861    6
5863    6
5865    6
5867    6
5868    6
5869    6
5871    6
5873    6
5875    6
5877    6
5879    6
5881    6
5883    6
5885    6
5887    6
5889    6
5890    6
5891    6
5893    6
5895    6
5897    6
5899    6
5901    6
5903    6
5905    6
5907    6
5909    6
5911    6
5912    6
5913    6
5915    6
5917    6
5919    6
5921    6
5923    6
5925    6
5927    6
5929    6
5931    6
5933    6
5934    6
5935    6
5937    6
5939    6
5941    6
5943    6
5945    6
5947    6
5949    6
5951    6
5953    6
5955    6
5956    6
5957    6
5959    6
5961    6
5963    6
5965    6
5967    6
5969    6
5971    6
5973    6
5975    6
5977    6
5978    6
5979    6
5981    6
5983    6
5985    6
5987    6
5989    6
5991    6
5993    6
5995    6
5997    6
5999    6
6000    6
