1    0.000488
2    0.000394
3    0.00041
4    0.000379
5    0.000449
6    0.000365
7    0.000458
8    0.000506
9    0.000251
10    0.000393
11    0.000418
12    0.000469
13    0.000451
14    0.000462
15    0.000482
16    0.000665
17    0.00047
18    0.000417
19    0.000445
20    0.000426
21    0.000419
22    0.000471
23    0.00043
24    0.000419
25    0.000437
26    0.000448
27    0.000463
28    0.000453
29    0.000474
30    0.000496
31    0.000487
32    0.000481
33    0.000474
34    0.000473
35    0.00048
36    0.00042
37    0.000418
38    0.000476
39    0.000416
40    0.000417
41    0.000423
42    0.000415
43    0.000442
44    0.000426
45    0.000457
46    0.000418
47    0.000415
48    0.000446
49    0.00042
50    0.000503
51    0.000457
52    0.000477
53    0.000463
54    0.000418
55    0.000495
56    0.000435
57    0.000462
58    0.000416
59    0.000447
60    0.000453
61    0.000489
62    0.000478
63    0.000491
64    0.000471
65    0.000486
66    0.000461
67    0.000461
68    0.000484
69    0.000471
70    0.000479
71    0.000411
72    0.000466
73    0.00047
74    0.000484
75    0.000491
76    0.000467
77    0.000532
78    0.000474
79    0.000452
80    0.000444
81    0.000419
82    0.000415
83    0.000431
84    0.000417
85    0.000445
86    0.000426
87    0.000511
88    0.000486
89    0.000482
90    0.000489
91    0.000486
92    0.000443
93    0.000452
94    0.000506
95    0.000583
96    0.00049
97    0.000508
98    0.000509
99    0.000487
100    0.000486
101    0.000471
102    0.000491
103    0.000509
104    0.000481
105    0.000602
106    0.000501
107    0.000495
108    0.000485
109    0.000467
110    0.000499
111    0.000485
112    0.000481
113    0.000511
114    0.000483
115    0.000465
116    0.000485
117    0.000534
118    0.000418
119    0.000523
120    0.000479
121    0.000431
122    0.000503
123    0.00046
124    0.000446
125    0.000473
126    0.000469
127    0.000479
128    0.000481
129    0.000488
130    0.000497
131    0.000485
132    0.000487
133    0.000544
134    0.000496
135    0.000475
136    0.000481
137    0.000431
138    0.000455
139    0.000509
140    0.000493
141    0.000535
142    0.000456
143    0.000424
144    0.000535
145    0.000506
146    0.000514
147    0.000467
148    0.000463
149    0.000447
150    0.000525
151    0.000474
152    0.000419
153    0.000415
154    0.000874
155    0.000811
156    0.001146
157    0.000525
158    0.000417
159    0.000428
160    0.000461
161    0.000442
162    0.000496
163    0.000491
164    0.000487
165    0.000425
166    0.000465
167    0.000456
168    0.000437
169    0.000447
170    0.000475
171    0.000498
172    0.000427
173    0.00045
174    0.000468
175    0.000458
176    0.000446
177    0.000436
178    0.000448
179    0.000456
180    0.00043
181    0.000467
182    0.000443
183    0.000434
184    0.00051
185    0.000466
186    0.000424
187    0.000441
188    0.000445
189    0.000496
190    0.000464
191    0.000468
192    0.000473
193    0.000488
194    0.000459
195    0.000435
196    0.000484
197    0.000453
198    0.000444
199    0.000449
200    0.000472
201    0.000467
202    0.000503
203    0.000463
204    0.00044
205    0.000496
206    0.000448
207    0.000472
208    0.000438
209    0.000475
210    0.000496
211    0.000514
212    0.000433
213    0.000457
214    0.000431
215    0.000446
216    0.000496
217    0.000431
218    0.00044
219    0.000508
220    0.000467
221    0.000438
222    0.000437
223    0.000556
224    0.000455
225    0.000487
226    0.000552
227    0.000433
228    0.000421
229    0.000458
230    0.000496
231    0.000429
232    0.000459
233    0.000465
234    0.000468
235    0.000526
236    0.000533
237    0.000476
238    0.000496
239    0.000492
240    0.000436
241    0.000442
242    0.000476
243    0.000492
244    0.000477
245    0.00047
246    0.000451
247    0.000468
248    0.000447
249    0.000461
250    0.000439
251    0.000429
252    0.000502
253    0.000513
254    0.00044
255    0.000462
256    0.000467
257    0.00043
258    0.000486
259    0.000469
260    0.000479
261    0.000455
262    0.000468
263    0.000507
264    0.000424
265    0.000468
266    0.000542
267    0.00048
268    0.000433
269    0.000486
270    0.000446
271    0.000465
272    0.000445
273    0.000437
274    0.000429
275    0.000459
276    0.000477
277    0.000461
278    0.000436
279    0.000468
280    0.000457
281    0.000418
282    0.000435
283    0.000417
284    0.00042
285    0.000442
286    0.000459
287    0.000496
288    0.000444
289    0.000476
290    0.000418
291    0.000464
292    0.00045
293    0.000435
294    0.000463
295    0.000483
296    0.000461
297    0.000471
298    0.000523
299    0.000522
300    0.000515
301    0.000458
302    0.000427
303    0.000447
304    0.000454
305    0.000606
306    0.000418
307    0.000426
308    0.000484
309    0.000454
310    0.000443
311    0.000438
312    0.000451
313    0.000455
314    0.00047
315    0.000452
316    0.000461
317    0.000482
318    0.000442
319    0.000456
320    0.000466
321    0.000504
322    0.000454
323    0.000522
324    0.000494
325    0.000461
326    0.000442
327    0.000469
328    0.000476
329    0.000451
330    0.000501
331    0.000495
332    0.000467
333    0.000678
334    0.000457
335    0.000478
336    0.000438
337    0.000501
338    0.000571
339    0.000471
340    0.000466
341    0.000521
342    0.000493
343    0.000537
344    0.000633
345    0.000534
346    0.000472
347    0.000455
348    0.000438
349    0.000768
350    0.000499
351    0.000468
352    0.000451
353    0.000472
354    0.000454
355    0.000474
356    0.00045
357    0.000469
358    0.000536
359    0.000422
360    0.000488
361    0.000441
362    0.000457
363    0.000435
364    0.000446
365    0.000434
366    0.000552
367    0.000463
368    0.000478
369    0.000462
370    0.000495
371    0.00045
372    0.000436
373    0.000435
374    0.000443
375    0.000494
376    0.000442
377    0.000526
378    0.000487
379    0.000519
380    0.000499
381    0.000512
382    0.000548
383    0.000468
384    0.000515
385    0.000461
386    0.000471
387    0.000471
388    0.000463
389    0.000494
390    0.00047
391    0.000481
392    0.00044
393    0.000458
394    0.000506
395    0.000461
396    0.000493
397    0.000502
398    0.000449
399    0.00044
400    0.000451
401    0.000426
402    0.000484
403    0.000541
404    0.000462
405    0.000475
406    0.000435
407    0.000504
408    0.000469
409    0.000433
410    0.000448
411    0.000464
412    0.000532
413    0.000437
414    0.000492
415    0.000455
416    0.000447
417    0.00048
418    0.000513
419    0.000465
420    0.000477
421    0.000446
422    0.000485
423    0.00044
424    0.000417
425    0.000442
426    0.000478
427    0.00045
428    0.000457
429    0.000473
430    0.000444
431    0.000458
432    0.000443
433    0.000477
434    0.000518
435    0.000494
436    0.000437
437    0.000468
438    0.000433
439    0.000496
440    0.000477
441    0.000453
442    0.000473
443    0.000463
444    0.000507
445    0.000491
446    0.00044
447    0.000451
448    0.000447
449    0.000437
450    0.000476
451    0.000458
452    0.000443
453    0.000456
454    0.000458
455    0.000441
456    0.000496
457    0.000451
458    0.000449
459    0.000443
460    0.000464
461    0.000494
462    0.000442
463    0.000599
464    0.000553
465    0.000608
466    0.000461
467    0.000471
468    0.000441
469    0.00044
470    0.000511
471    0.000439
472    0.000469
473    0.000443
474    0.000473
475    0.000436
476    0.000462
477    0.000477
478    0.000442
479    0.000482
480    0.000461
481    0.000476
482    0.000452
483    0.000457
484    0.000506
485    0.000439
486    0.000446
487    0.000438
488    0.000459
489    0.00045
490    0.000468
491    0.000444
492    0.000449
493    0.000475
494    0.000435
495    0.000439
496    0.000451
497    0.000442
498    0.000456
499    0.000475
500    0.000468
501    0.000477
502    0.000436
503    0.000446
504    0.00046
505    0.000497
506    0.000487
507    0.000529
508    0.000548
509    0.000501
510    0.000474
511    0.000461
512    0.000418
513    0.000435
514    0.000436
515    0.000457
516    0.000436
517    0.000464
518    0.000464
519    0.000541
520    0.000512
521    0.000498
522    0.000475
523    0.00045
524    0.000485
525    0.000479
526    0.000509
527    0.000452
528    0.000444
529    0.000415
530    0.000506
531    0.000481
532    0.000484
533    0.00046
534    0.00046
535    0.000477
536    0.000483
537    0.000467
538    0.000504
539    0.000508
540    0.000436
541    0.000477
542    0.000445
543    0.000461
544    0.000536
545    0.000446
546    0.000474
547    0.000462
548    0.000468
549    0.000469
550    0.00046
551    0.00046
552    0.000468
553    0.000496
554    0.000448
555    0.000437
556    0.000446
557    0.000474
558    0.000498
559    0.000473
560    0.000461
561    0.000518
562    0.000424
563    0.000465
564    0.000455
565    0.000486
566    0.000446
567    0.000504
568    0.000454
569    0.000445
570    0.000521
571    0.000418
572    0.000476
573    0.000514
574    0.000443
575    0.000463
576    0.000493
577    0.00044
578    0.000478
579    0.000469
580    0.000449
581    0.000445
582    0.000486
583    0.000448
584    0.000436
585    0.000461
586    0.000463
587    0.000451
588    0.000462
589    0.00045
590    0.000447
591    0.00048
592    0.00047
593    0.000438
594    0.000449
595    0.000452
596    0.000443
597    0.00045
598    0.000471
599    0.000446
600    0.000491
601    0.00047
602    0.00046
603    0.000516
604    0.000588
605    0.000467
606    0.000457
607    0.000464
608    0.000437
609    0.000445
610    0.000461
611    0.000464
612    0.000457
613    0.000507
614    0.000474
615    0.000449
616    0.000433
617    0.000472
618    0.000468
619    0.000461
620    0.000458
621    0.000494
622    0.00046
623    0.00046
624    0.000484
625    0.000475
626    0.00045
627    0.000481
628    0.000469
629    0.000446
630    0.000503
631    0.00045
632    0.000449
633    0.000481
634    0.000454
635    0.000444
636    0.000471
637    0.000493
638    0.000449
639    0.000458
640    0.000463
641    0.000431
642    0.000459
643    0.000538
644    0.000505
645    0.000446
646    0.000466
647    0.00045
648    0.000462
649    0.000461
650    0.000462
651    0.000462
652    0.000483
653    0.000447
654    0.0005
655    0.00047
656    0.000457
657    0.000421
658    0.000461
659    0.000469
660    0.000453
661    0.000555
662    0.000503
663    0.000468
664    0.000498
665    0.000485
666    0.000416
667    0.000474
668    0.000424
669    0.00045
670    0.000465
671    0.000474
672    0.000488
673    0.000544
674    0.000459
675    0.000458
676    0.000455
677    0.000485
678    0.000464
679    0.000476
680    0.000491
681    0.000453
682    0.000517
683    0.00049
684    0.000482
685    0.000462
686    0.000441
687    0.000479
688    0.000481
689    0.000486
690    0.000471
691    0.000471
692    0.00046
693    0.000486
694    0.00045
695    0.000487
696    0.000466
697    0.000458
698    0.000492
699    0.00047
700    0.000451
701    0.000488
702    0.000455
703    0.000491
704    0.000472
705    0.000451
706    0.000446
707    0.000473
708    0.000467
709    0.000453
710    0.000457
711    0.000445
712    0.000472
713    0.000445
714    0.000452
715    0.000487
716    0.00046
717    0.000466
718    0.000464
719    0.0005
720    0.000507
721    0.000534
722    0.000494
723    0.000449
724    0.000481
725    0.000491
726    0.000446
727    0.000465
728    0.000517
729    0.000452
730    0.000524
731    0.000501
732    0.000509
733    0.000466
734    0.000474
735    0.000459
736    0.000467
737    0.000455
738    0.000475
739    0.000474
740    0.000446
741    0.000471
742    0.000463
743    0.000453
744    0.00051
745    0.000462
746    0.000454
747    0.000474
748    0.000491
749    0.000492
750    0.000436
751    0.000483
752    0.000415
753    0.000506
754    0.000475
755    0.000472
756    0.000445
757    0.000474
758    0.000485
759    0.000494
760    0.000494
761    0.000478
762    0.000513
763    0.000513
764    0.000473
765    0.00048
766    0.000451
767    0.000476
768    0.000487
769    0.000471
770    0.000478
771    0.000494
772    0.000447
773    0.000492
774    0.000477
775    0.000486
776    0.0005
777    0.000475
778    0.000447
779    0.000491
780    0.000448
781    0.000446
782    0.000437
783    0.00048
784    0.000475
785    0.000489
786    0.000471
787    0.000488
788    0.000456
789    0.000474
790    0.000446
791    0.000502
792    0.000465
793    0.000469
794    0.000482
795    0.000432
796    0.000532
797    0.000466
798    0.00049
799    0.000508
800    0.000477
801    0.000463
802    0.00047
803    0.000442
804    0.000456
805    0.000473
806    0.000465
807    0.000485
808    0.000468
809    0.000515
810    0.000478
811    0.000472
812    0.000563
813    0.000441
814    0.000504
815    0.00053
816    0.000472
817    0.000495
818    0.000451
819    0.000491
820    0.000458
821    0.000493
822    0.000464
823    0.000449
824    0.000442
825    0.000435
826    0.000461
827    0.000464
828    0.00048
829    0.000478
830    0.000475
831    0.000488
832    0.000465
833    0.000477
834    0.000471
835    0.000459
836    0.000499
837    0.000485
838    0.000467
839    0.000499
840    0.000471
841    0.000461
842    0.000538
843    0.000441
844    0.000506
845    0.000464
846    0.000468
847    0.000465
848    0.000453
849    0.000442
850    0.000465
851    0.000422
852    0.000465
853    0.000487
854    0.000454
855    0.000524
856    0.000467
857    0.000467
858    0.00048
859    0.000499
860    0.000468
861    0.000499
862    0.00047
863    0.000499
864    0.000517
865    0.000488
866    0.00047
867    0.000467
868    0.00046
869    0.000457
870    0.000479
871    0.000496
872    0.000454
873    0.000452
874    0.000516
875    0.000455
876    0.000463
877    0.000494
878    0.000492
879    0.000477
880    0.000453
881    0.000456
882    0.000457
883    0.0005
884    0.00047
885    0.000498
886    0.000483
887    0.000467
888    0.000482
889    0.000479
890    0.000464
891    0.000538
892    0.000488
893    0.000464
894    0.00047
895    0.000492
896    0.000469
897    0.000463
898    0.000472
899    0.000453
900    0.000498
901    0.000468
902    0.000494
903    0.000541
904    0.000499
905    0.000484
906    0.000454
907    0.000455
908    0.000456
909    0.000501
910    0.000481
911    0.000481
912    0.000449
913    0.000455
914    0.000461
915    0.00046
916    0.000486
917    0.00047
918    0.000454
919    0.00048
920    0.000499
921    0.000495
922    0.000457
923    0.000444
924    0.000426
925    0.000475
926    0.000494
927    0.000515
928    0.000454
929    0.000504
930    0.000453
931    0.000517
932    0.000467
933    0.000463
934    0.00047
935    0.00046
936    0.000416
937    0.000488
938    0.000477
939    0.00051
940    0.000487
941    0.000496
942    0.000456
943    0.000466
944    0.00048
945    0.000456
946    0.000465
947    0.000501
948    0.000474
949    0.00057
950    0.000491
951    0.00053
952    0.000521
953    0.000488
954    0.000447
955    0.000494
956    0.000549
957    0.000492
958    0.0005
959    0.000491
960    0.000464
961    0.000527
962    0.000526
963    0.000504
964    0.000497
965    0.000472
966    0.000479
967    0.000516
968    0.000513
969    0.000481
970    0.000474
971    0.000458
972    0.000443
973    0.000459
974    0.000497
975    0.000444
976    0.000469
977    0.000493
978    0.000444
979    0.000466
980    0.000524
981    0.000516
982    0.00049
983    0.000469
984    0.000514
985    0.000481
986    0.000454
987    0.000486
988    0.000466
989    0.000552
990    0.000783
991    0.000471
992    0.000516
993    0.000473
994    0.000472
995    0.000482
996    0.000468
997    0.000461
998    0.000464
999    0.000451
1000    0.000514
1001    0.000452
1002    0.000449
1003    0.000456
1004    0.000536
1005    0.000528
1006    0.000481
1007    0.0005
1008    0.000486
1009    0.000483
1010    0.000473
1011    0.000501
1012    0.000495
1013    0.000491
1014    0.000582
1015    0.00047
1016    0.000477
1017    0.000525
1018    0.000503
1019    0.00048
1020    0.000453
1021    0.000499
1022    0.000475
1023    0.000444
1024    0.000458
1025    0.00048
1026    0.000454
1027    0.000472
1028    0.000471
1029    0.000473
1030    0.000566
1031    0.000459
1032    0.000537
1033    0.000486
1034    0.000465
1035    0.000502
1036    0.000469
1037    0.000518
1038    0.000543
1039    0.00049
1040    0.00047
1041    0.000493
1042    0.00053
1043    0.000473
1044    0.000442
1045    0.000445
1046    0.000467
1047    0.000466
1048    0.000468
1049    0.000476
1050    0.000475
1051    0.000461
1052    0.000458
1053    0.000453
1054    0.000486
1055    0.00046
1056    0.000469
1057    0.000514
1058    0.000497
1059    0.000521
1060    0.000484
1061    0.00047
1062    0.000469
1063    0.000465
1064    0.000456
1065    0.000445
1066    0.000442
1067    0.000579
1068    0.000615
1069    0.000471
1070    0.000449
1071    0.000508
1072    0.000503
1073    0.000497
1074    0.000496
1075    0.000461
1076    0.000455
1077    0.000475
1078    0.000467
1079    0.000474
1080    0.000844
1081    0.000602
1082    0.000782
1083    0.000698
1084    0.000861
1085    0.000485
1086    0.000488
1087    0.00047
1088    0.000512
1089    0.000472
1090    0.000471
1091    0.000493
1092    0.000492
1093    0.00047
1094    0.000481
1095    0.000465
1096    0.000492
1097    0.000467
1098    0.000469
1099    0.000475
1100    0.000492
1101    0.000496
1102    0.000477
1103    0.000544
1104    0.000476
1105    0.00048
1106    0.00052
1107    0.00048
1108    0.000443
1109    0.000451
1110    0.000499
1111    0.000479
1112    0.000479
1113    0.000451
1114    0.000431
1115    0.000467
1116    0.000518
1117    0.000472
1118    0.000458
1119    0.000487
1120    0.000501
1121    0.000455
1122    0.000494
1123    0.000462
1124    0.000496
1125    0.000462
1126    0.000458
1127    0.000489
1128    0.000473
1129    0.000494
1130    0.000521
1131    0.000501
1132    0.000461
1133    0.000496
1134    0.000486
1135    0.000489
1136    0.000506
1137    0.000477
1138    0.000477
1139    0.000481
1140    0.000462
1141    0.000485
1142    0.000498
1143    0.000473
1144    0.000481
1145    0.000475
1146    0.000489
1147    0.000509
1148    0.000506
1149    0.000439
1150    0.000434
1151    0.000581
1152    0.000527
1153    0.000446
1154    0.000492
1155    0.000509
1156    0.000445
1157    0.000487
1158    0.000643
1159    0.000469
1160    0.000496
1161    0.000511
1162    0.00047
1163    0.00048
1164    0.000484
1165    0.000479
1166    0.000457
1167    0.00048
1168    0.000524
1169    0.000473
1170    0.000455
1171    0.000514
1172    0.000546
1173    0.000621
1174    0.000475
1175    0.000511
1176    0.00051
1177    0.000529
1178    0.000499
1179    0.000467
1180    0.000464
1181    0.000467
1182    0.000474
1183    0.000531
1184    0.000517
1185    0.000499
1186    0.000506
1187    0.000466
1188    0.000554
1189    0.000499
1190    0.000483
1191    0.000453
1192    0.000476
1193    0.000497
1194    0.000522
1195    0.000513
1196    0.000469
1197    0.00053
1198    0.000432
1199    0.000468
1200    0.00045
1201    0.000459
1202    0.000472
1203    0.000492
1204    0.000478
1205    0.000486
1206    0.000451
1207    0.000492
1208    0.000487
1209    0.000475
1210    0.000528
1211    0.000478
1212    0.000484
1213    0.000482
1214    0.000498
1215    0.000484
1216    0.000508
1217    0.000514
1218    0.000509
1219    0.00051
1220    0.000452
1221    0.000468
1222    0.000465
1223    0.000467
1224    0.000487
1225    0.000473
1226    0.00057
1227    0.000521
1228    0.000492
1229    0.000488
1230    0.000464
1231    0.000487
1232    0.000474
1233    0.000456
1234    0.000441
1235    0.000483
1236    0.000455
1237    0.000473
1238    0.000481
1239    0.000484
1240    0.000474
1241    0.000478
1242    0.000478
1243    0.000487
1244    0.000475
1245    0.000464
1246    0.00047
1247    0.000463
1248    0.000471
1249    0.000472
1250    0.000489
1251    0.000539
1252    0.000469
1253    0.000496
1254    0.00048
1255    0.000471
1256    0.00058
1257    0.000592
1258    0.00042
1259    0.000622
1260    0.000465
1261    0.000628
1262    0.000483
1263    0.000457
1264    0.00063
1265    0.000466
1266    0.00046
1267    0.000453
1268    0.000463
1269    0.000473
1270    0.000462
1271    0.000418
1272    0.000476
1273    0.000474
1274    0.000473
1275    0.000453
1276    0.000473
1277    0.000465
1278    0.000497
1279    0.000503
1280    0.000494
1281    0.000466
1282    0.000535
1283    0.000523
1284    0.000481
1285    0.000489
1286    0.000482
1287    0.000428
1288    0.000457
1289    0.000464
1290    0.000504
1291    0.000486
1292    0.000478
1293    0.000495
1294    0.000483
1295    0.000484
1296    0.0005
1297    0.0005
1298    0.000472
1299    0.000486
1300    0.000525
1301    0.000556
1302    0.000498
1303    0.00047
1304    0.000467
1305    0.000477
1306    0.000505
1307    0.000485
1308    0.000488
1309    0.000497
1310    0.000465
1311    0.000482
1312    0.0005
1313    0.000469
1314    0.000488
1315    0.000486
1316    0.000472
1317    0.000472
1318    0.000517
1319    0.000501
1320    0.000579
1321    0.000444
1322    0.000454
1323    0.000465
1324    0.000445
1325    0.000468
1326    0.000492
1327    0.000526
1328    0.00059
1329    0.00048
1330    0.000444
1331    0.000506
1332    0.000445
1333    0.000478
1334    0.00048
1335    0.0005
1336    0.000455
1337    0.000495
1338    0.000487
1339    0.000499
1340    0.000478
1341    0.000508
1342    0.000467
1343    0.000458
1344    0.000466
1345    0.000447
1346    0.000485
1347    0.000459
1348    0.000472
1349    0.000502
1350    0.000485
1351    0.000471
1352    0.000468
1353    0.000488
1354    0.000479
1355    0.000454
1356    0.000465
1357    0.000513
1358    0.000479
1359    0.000507
1360    0.00047
1361    0.000491
1362    0.00048
1363    0.000518
1364    0.000496
1365    0.000458
1366    0.00046
1367    0.000472
1368    0.000479
1369    0.000451
1370    0.000463
1371    0.000466
1372    0.000469
1373    0.000444
1374    0.000467
1375    0.000462
1376    0.000488
1377    0.000475
1378    0.000496
1379    0.000467
1380    0.000497
1381    0.000469
1382    0.000458
1383    0.00046
1384    0.00047
1385    0.000457
1386    0.00048
1387    0.000481
1388    0.000458
1389    0.000482
1390    0.000483
1391    0.000462
1392    0.000493
1393    0.000525
1394    0.000463
1395    0.000496
1396    0.000478
1397    0.000472
1398    0.000464
1399    0.000473
1400    0.000455
1401    0.00047
1402    0.000439
1403    0.000468
1404    0.000474
1405    0.000476
1406    0.000456
1407    0.000486
1408    0.000485
1409    0.000482
1410    0.000444
1411    0.000428
1412    0.000499
1413    0.000501
1414    0.000492
1415    0.000487
1416    0.000467
1417    0.000471
1418    0.000469
1419    0.000468
1420    0.000493
1421    0.000435
1422    0.000468
1423    0.000447
1424    0.000453
1425    0.000478
1426    0.000494
1427    0.000466
1428    0.000501
1429    0.000457
1430    0.000485
1431    0.000501
1432    0.000506
1433    0.000459
1434    0.000479
1435    0.000472
1436    0.000464
1437    0.000476
1438    0.000502
1439    0.000449
1440    0.000493
1441    0.000455
1442    0.000478
1443    0.000481
1444    0.000456
1445    0.000502
1446    0.000473
1447    0.000471
1448    0.000493
1449    0.000477
1450    0.000422
1451    0.000469
1452    0.000458
1453    0.000471
1454    0.000491
1455    0.000507
1456    0.000481
1457    0.000493
1458    0.000474
1459    0.000467
1460    0.000469
1461    0.000481
1462    0.000466
1463    0.000469
1464    0.000454
1465    0.000469
1466    0.000485
1467    0.000469
1468    0.000531
1469    0.000471
1470    0.000536
1471    0.00052
1472    0.000466
1473    0.000485
1474    0.000505
1475    0.000552
1476    0.000493
1477    0.000464
1478    0.000507
1479    0.000476
1480    0.000483
1481    0.000495
1482    0.000517
1483    0.000474
1484    0.000449
1485    0.000518
1486    0.000503
1487    0.000475
1488    0.000454
1489    0.000523
1490    0.00049
1491    0.000498
1492    0.000458
1493    0.000519
1494    0.000478
1495    0.000487
1496    0.000462
1497    0.000465
1498    0.000535
1499    0.000467
1500    0.000492
1501    0.00048
1502    0.000483
1503    0.000534
1504    0.000484
1505    0.000478
1506    0.000465
1507    0.000481
1508    0.000478
1509    0.000474
1510    0.000454
1511    0.000476
1512    0.000525
1513    0.000453
1514    0.000507
1515    0.000453
1516    0.000507
1517    0.000475
1518    0.000505
1519    0.000462
1520    0.000467
1521    0.000459
1522    0.000489
1523    0.000484
1524    0.000505
1525    0.000467
1526    0.000503
1527    0.000478
1528    0.000475
1529    0.000473
1530    0.000463
1531    0.000521
1532    0.000493
1533    0.000492
1534    0.000475
1535    0.000472
1536    0.000456
1537    0.000469
1538    0.000455
1539    0.000468
1540    0.000489
1541    0.000526
1542    0.000505
1543    0.000459
1544    0.000473
1545    0.000459
1546    0.000509
1547    0.000535
1548    0.000493
1549    0.000488
1550    0.000468
1551    0.00055
1552    0.000469
1553    0.000489
1554    0.000485
1555    0.000472
1556    0.000508
1557    0.000485
1558    0.000461
1559    0.000465
1560    0.000456
1561    0.000549
1562    0.000495
1563    0.000499
1564    0.000474
1565    0.00054
1566    0.000463
1567    0.000473
1568    0.000483
1569    0.000474
1570    0.00049
1571    0.000486
1572    0.000471
1573    0.000483
1574    0.000477
1575    0.000479
1576    0.000481
1577    0.000552
1578    0.000481
1579    0.00052
1580    0.00047
1581    0.000469
1582    0.000456
1583    0.000473
1584    0.000544
1585    0.000453
1586    0.00044
1587    0.000468
1588    0.000474
1589    0.000486
1590    0.000467
1591    0.000496
1592    0.000501
1593    0.000533
1594    0.000479
1595    0.000479
1596    0.000503
1597    0.00047
1598    0.000473
1599    0.000455
1600    0.000469
1601    0.000496
1602    0.000468
1603    0.000471
1604    0.000516
1605    0.000482
1606    0.000506
1607    0.000489
1608    0.00053
1609    0.000504
1610    0.000503
1611    0.000473
1612    0.000503
1613    0.000479
1614    0.000761
1615    0.000482
1616    0.00047
1617    0.000525
1618    0.000474
1619    0.000479
1620    0.000484
1621    0.000528
1622    0.000478
1623    0.000477
1624    0.000513
1625    0.000468
1626    0.000466
1627    0.000478
1628    0.000469
1629    0.000482
1630    0.000463
1631    0.000472
1632    0.000517
1633    0.000465
1634    0.000646
1635    0.000486
1636    0.000478
1637    0.000422
1638    0.000459
1639    0.000484
1640    0.000519
1641    0.000487
1642    0.000495
1643    0.000428
1644    0.000464
1645    0.000463
1646    0.000464
1647    0.000466
1648    0.000451
1649    0.000461
1650    0.000416
1651    0.000472
1652    0.000496
1653    0.000458
1654    0.000515
1655    0.000488
1656    0.000482
1657    0.00046
1658    0.000455
1659    0.000519
1660    0.000472
1661    0.000458
1662    0.000487
1663    0.000491
1664    0.00047
1665    0.000516
1666    0.000515
1667    0.000488
1668    0.000507
1669    0.000468
1670    0.000481
1671    0.000484
1672    0.000476
1673    0.000471
1674    0.000464
1675    0.000531
1676    0.000476
1677    0.000475
1678    0.000478
1679    0.000446
1680    0.000462
1681    0.000461
1682    0.000519
1683    0.000479
1684    0.000463
1685    0.000423
1686    0.000507
1687    0.000501
1688    0.000481
1689    0.000513
1690    0.000456
1691    0.000461
1692    0.000466
1693    0.000454
1694    0.000481
1695    0.000514
1696    0.000468
1697    0.000518
1698    0.000477
1699    0.000479
1700    0.000489
1701    0.000469
1702    0.000448
1703    0.000463
1704    0.00048
1705    0.000466
1706    0.000541
1707    0.000449
1708    0.00048
1709    0.000487
1710    0.000488
1711    0.000471
1712    0.000474
1713    0.000465
1714    0.00057
1715    0.000474
1716    0.000454
1717    0.000459
1718    0.000463
1719    0.000476
1720    0.000443
1721    0.000461
1722    0.000478
1723    0.00045
1724    0.000451
1725    0.000455
1726    0.000455
1727    0.000454
1728    0.000452
1729    0.000483
1730    0.000506
1731    0.000494
1732    0.000491
1733    0.000482
1734    0.000466
1735    0.000442
1736    0.000463
1737    0.000492
1738    0.00047
1739    0.000464
1740    0.000459
1741    0.000457
1742    0.000519
1743    0.000465
1744    0.000488
1745    0.000454
1746    0.000473
1747    0.000482
1748    0.000471
1749    0.000552
1750    0.000493
1751    0.000485
1752    0.000476
1753    0.000464
1754    0.000469
1755    0.000521
1756    0.00048
1757    0.000472
1758    0.000459
1759    0.000453
1760    0.000461
1761    0.000459
1762    0.000489
1763    0.000487
1764    0.000487
1765    0.000455
1766    0.000462
1767    0.000541
1768    0.000471
1769    0.0005
1770    0.00047
1771    0.000495
1772    0.000461
1773    0.000475
1774    0.000455
1775    0.00046
1776    0.000489
1777    0.000466
1778    0.000608
1779    0.000475
1780    0.000511
1781    0.000445
1782    0.000483
1783    0.000465
1784    0.000488
1785    0.000475
1786    0.000505
1787    0.000468
1788    0.000499
1789    0.000465
1790    0.000696
1791    0.000501
1792    0.000498
1793    0.000487
1794    0.000472
1795    0.000473
1796    0.000463
1797    0.000461
1798    0.00047
1799    0.000494
1800    0.000462
1801    0.000467
1802    0.000466
1803    0.000463
1804    0.000473
1805    0.000464
1806    0.000465
1807    0.000454
1808    0.00045
1809    0.000488
1810    0.000453
1811    0.000468
1812    0.000454
1813    0.000512
1814    0.000456
1815    0.000455
1816    0.000457
1817    0.000473
1818    0.000466
1819    0.000463
1820    0.000473
1821    0.000484
1822    0.000462
1823    0.000473
1824    0.000471
1825    0.000479
1826    0.000476
1827    0.000472
1828    0.000481
1829    0.000477
1830    0.000486
1831    0.000472
1832    0.00048
1833    0.000469
1834    0.000458
1835    0.000465
1836    0.000476
1837    0.000476
1838    0.000479
1839    0.00049
1840    0.000474
1841    0.000481
1842    0.000475
1843    0.00047
1844    0.00046
1845    0.000458
1846    0.000462
1847    0.00047
1848    0.000475
1849    0.000477
1850    0.000481
1851    0.000508
1852    0.0005
1853    0.000501
1854    0.000505
1855    0.000502
1856    0.000486
1857    0.00049
1858    0.000484
1859    0.000479
1860    0.000483
1861    0.00048
1862    0.000475
1863    0.00048
1864    0.000474
1865    0.000473
1866    0.00048
1867    0.000486
1868    0.000478
1869    0.000484
1870    0.000478
1871    0.000479
1872    0.000486
1873    0.000472
1874    0.000497
1875    0.00048
1876    0.000472
1877    0.000477
1878    0.000475
1879    0.000459
1880    0.00048
1881    0.000475
1882    0.00048
1883    0.000484
1884    0.000476
1885    0.000481
1886    0.000486
1887    0.000479
1888    0.000488
1889    0.000477
1890    0.000494
1891    0.000493
1892    0.000472
1893    0.000479
1894    0.000485
1895    0.000487
1896    0.000475
1897    0.000476
1898    0.000509
1899    0.000498
1900    0.000524
1901    0.000565
1902    0.000558
1903    0.000559
1904    0.00058
1905    0.000574
1906    0.000576
1907    0.000588
1908    0.001005
1909    0.000588
1910    0.000571
1911    0.00058
1912    0.000594
1913    0.000585
1914    0.00058
1915    0.00085
1916    0.000557
1917    0.000568
1918    0.000575
1919    0.000587
1920    0.000589
1921    0.000581
1922    0.000574
1923    0.000577
1924    0.000584
1925    0.000579
1926    0.000597
1927    0.000593
1928    0.000591
1929    0.000596
1930    0.000607
1931    0.000597
1932    0.000607
1933    0.000571
1934    0.00056
1935    0.000569
1936    0.000544
1937    0.000532
1938    0.000527
1939    0.000513
1940    0.000513
1941    0.000505
1942    0.000503
1943    0.000497
1944    0.000488
1945    0.000488
1946    0.000508
1947    0.000488
1948    0.000491
1949    0.000476
1950    0.000475
1951    0.000505
1952    0.000503
1953    0.000498
1954    0.000487
1955    0.000489
1956    0.000486
1957    0.000506
1958    0.000467
1959    0.000476
1960    0.000479
1961    0.000478
1962    0.000479
1963    0.000476
1964    0.000471
1965    0.000476
1966    0.000483
1967    0.000473
1968    0.000479
1969    0.000475
1970    0.000478
1971    0.000478
1972    0.000476
1973    0.000473
1974    0.000473
1975    0.000475
1976    0.000478
1977    0.000471
1978    0.000474
1979    0.000473
1980    0.000477
1981    0.000473
1982    0.000476
1983    0.000474
1984    0.000476
1985    0.000479
1986    0.000482
1987    0.00047
1988    0.000472
1989    0.000458
1990    0.000471
1991    0.000468
1992    0.000461
1993    0.00047
1994    0.000464
1995    0.000481
1996    0.000483
1997    0.000474
1998    0.000475
1999    0.000498
2000    0.00046
2001    0.000542
2002    0.000498
2003    0.000486
2004    0.000487
2005    0.000487
2006    0.000488
2007    0.000489
2008    0.000487
2009    0.000496
2010    0.000495
2011    0.000476
2012    0.000473
2013    0.000474
2014    0.000486
2015    0.000477
2016    0.000481
2017    0.000485
2018    0.000499
2019    0.000474
2020    0.000476
2021    0.000476
2022    0.000474
2023    0.000467
2024    0.000476
2025    0.000493
2026    0.000472
2027    0.00047
2028    0.000464
2029    0.000477
2030    0.000501
2031    0.000472
2032    0.000471
2033    0.000477
2034    0.000486
2035    0.000463
2036    0.000467
2037    0.000464
2038    0.000475
2039    0.000468
2040    0.000457
2041    0.000464
2042    0.000482
2043    0.000489
2044    0.000491
2045    0.000483
2046    0.000499
2047    0.00048
2048    0.000481
2049    0.000467
2050    0.000462
2051    0.000498
2052    0.000513
2053    0.000485
2054    0.000488
2055    0.00049
2056    0.000491
2057    0.000484
2058    0.000469
2059    0.000484
2060    0.000467
2061    0.000476
2062    0.000487
2063    0.000623
2064    0.000479
2065    0.000478
2066    0.00048
2067    0.000483
2068    0.000476
2069    0.000469
2070    0.000481
2071    0.000467
2072    0.000471
2073    0.000456
2074    0.000469
2075    0.000471
2076    0.000471
2077    0.000466
2078    0.000488
2079    0.000466
2080    0.000497
2081    0.000484
2082    0.000473
2083    0.000479
2084    0.000478
2085    0.000479
2086    0.000484
2087    0.00049
2088    0.000479
2089    0.000461
2090    0.000471
2091    0.000462
2092    0.000456
2093    0.000467
2094    0.000466
2095    0.000488
2096    0.000472
2097    0.00048
2098    0.000478
2099    0.000491
2100    0.000478
2101    0.000493
2102    0.000484
2103    0.000486
2104    0.000498
2105    0.000484
2106    0.000491
2107    0.000479
2108    0.000477
2109    0.000487
2110    0.000483
2111    0.000482
2112    0.000482
2113    0.000482
2114    0.000477
2115    0.000474
2116    0.000474
2117    0.000478
2118    0.000474
2119    0.000476
2120    0.000466
2121    0.000469
2122    0.000473
2123    0.000468
2124    0.000463
2125    0.000473
2126    0.000473
2127    0.000467
2128    0.000459
2129    0.00048
2130    0.000475
2131    0.000482
2132    0.000479
2133    0.000476
2134    0.000466
2135    0.000462
2136    0.000472
2137    0.000468
2138    0.000466
2139    0.000475
2140    0.000473
2141    0.000477
2142    0.000477
2143    0.000474
2144    0.000478
2145    0.000475
2146    0.000486
2147    0.000478
2148    0.000482
2149    0.000478
2150    0.000479
2151    0.000492
2152    0.000484
2153    0.000463
2154    0.000481
2155    0.000462
2156    0.000479
2157    0.000479
2158    0.000478
2159    0.000474
2160    0.000474
2161    0.000766
2162    0.000461
2163    0.00046
2164    0.000469
2165    0.000505
2166    0.000475
2167    0.000476
2168    0.000484
2169    0.000483
2170    0.000479
2171    0.000475
2172    0.000477
2173    0.000466
2174    0.000465
2175    0.000471
2176    0.000478
2177    0.000463
2178    0.000471
2179    0.000469
2180    0.000478
2181    0.000479
2182    0.00048
2183    0.000488
2184    0.000481
2185    0.000463
2186    0.000467
2187    0.000468
2188    0.000468
2189    0.000476
2190    0.000483
2191    0.000476
2192    0.000481
2193    0.000478
2194    0.000482
2195    0.000467
2196    0.000461
2197    0.000476
2198    0.000474
2199    0.000469
2200    0.000463
2201    0.000504
2202    0.000507
2203    0.000501
2204    0.000493
2205    0.000486
2206    0.000489
2207    0.000485
2208    0.000473
2209    0.000479
2210    0.000475
2211    0.000471
2212    0.000478
2213    0.000475
2214    0.000475
2215    0.000478
2216    0.000508
2217    0.000478
2218    0.000476
2219    0.00048
2220    0.000477
2221    0.000471
2222    0.000475
2223    0.000472
2224    0.000478
2225    0.000476
2226    0.000475
2227    0.000474
2228    0.000481
2229    0.000477
2230    0.000471
2231    0.000459
2232    0.000465
2233    0.000479
2234    0.00047
2235    0.000457
2236    0.000472
2237    0.000475
2238    0.00048
2239    0.000484
2240    0.00047
2241    0.00047
2242    0.000484
2243    0.000473
2244    0.000471
2245    0.000465
2246    0.00047
2247    0.000486
2248    0.000478
2249    0.000479
2250    0.000478
2251    0.000502
2252    0.000517
2253    0.000501
2254    0.000516
2255    0.000528
2256    0.000542
2257    0.000543
2258    0.000552
2259    0.000548
2260    0.000551
2261    0.000554
2262    0.000556
2263    0.000564
2264    0.000548
2265    0.000567
2266    0.000558
2267    0.000553
2268    0.000558
2269    0.000559
2270    0.000579
2271    0.000573
2272    0.001003
2273    0.000564
2274    0.000557
2275    0.000556
2276    0.00055
2277    0.000569
2278    0.000572
2279    0.000577
2280    0.00057
2281    0.000584
2282    0.000598
2283    0.000608
2284    0.000583
2285    0.00057
2286    0.000575
2287    0.000573
2288    0.000585
2289    0.000571
2290    0.000585
2291    0.000569
2292    0.000612
2293    0.000574
2294    0.000587
2295    0.000572
2296    0.000585
2297    0.000573
2298    0.000571
2299    0.000572
2300    0.00058
2301    0.000594
2302    0.000596
2303    0.000604
2304    0.000574
2305    0.000574
2306    0.000584
2307    0.000883
2308    0.000573
2309    0.000579
2310    0.000577
2311    0.000573
2312    0.000575
2313    0.000574
2314    0.000573
2315    0.000595
2316    0.000606
2317    0.000598
2318    0.000579
2319    0.000586
2320    0.000578
2321    0.000576
2322    0.000567
2323    0.000588
2324    0.000564
2325    0.00056
2326    0.000564
2327    0.000561
2328    0.00057
2329    0.000567
2330    0.000572
2331    0.000563
2332    0.000832
2333    0.000576
2334    0.000583
2335    0.00058
2336    0.000578
2337    0.000576
2338    0.000573
2339    0.000578
2340    0.000575
2341    0.000583
2342    0.000559
2343    0.000574
2344    0.000559
2345    0.00056
2346    0.000558
2347    0.000566
2348    0.000573
2349    0.000575
2350    0.000586
2351    0.00057
2352    0.000609
2353    0.00059
2354    0.000572
2355    0.000573
2356    0.000578
2357    0.000578
2358    0.000578
2359    0.000579
2360    0.000573
2361    0.000575
2362    0.000578
2363    0.000572
2364    0.000573
2365    0.000581
2366    0.000568
2367    0.000578
2368    0.000578
2369    0.000574
2370    0.000573
2371    0.000577
2372    0.000573
2373    0.000559
2374    0.000553
2375    0.000561
2376    0.000572
2377    0.000559
2378    0.000575
2379    0.000576
2380    0.000577
2381    0.000574
2382    0.000578
2383    0.000574
2384    0.000575
2385    0.000557
2386    0.000559
2387    0.000567
2388    0.000572
2389    0.000564
2390    0.00056
2391    0.000555
2392    0.000565
2393    0.000995
2394    0.000567
2395    0.000569
2396    0.001009
2397    0.000564
2398    0.000563
2399    0.000557
2400    0.000553
2401    0.000574
2402    0.000582
2403    0.000575
2404    0.000585
2405    0.000581
2406    0.000571
2407    0.00059
2408    0.000577
2409    0.000573
2410    0.000578
2411    0.000674
2412    0.000656
2413    0.000579
2414    0.000579
2415    0.000583
2416    0.000579
2417    0.00057
2418    0.000583
2419    0.000582
2420    0.00056
2421    0.000562
2422    0.000558
2423    0.000563
2424    0.000982
2425    0.000562
2426    0.000558
2427    0.000582
2428    0.000572
2429    0.00056
2430    0.00056
2431    0.000565
2432    0.00057
2433    0.00056
2434    0.000548
2435    0.00054
2436    0.001018
2437    0.000555
2438    0.000546
2439    0.000561
2440    0.000573
2441    0.001021
2442    0.000967
2443    0.000557
2444    0.000542
2445    0.000537
2446    0.000557
2447    0.000555
2448    0.000553
2449    0.000577
2450    0.000582
2451    0.000624
2452    0.000611
2453    0.000623
2454    0.000623
2455    0.000608
2456    0.000619
2457    0.000605
2458    0.00063
2459    0.000628
2460    0.000616
2461    0.00062
2462    0.00078
2463    0.00061
2464    0.00062
2465    0.000643
2466    0.000637
2467    0.000638
2468    0.000643
2469    0.000629
2470    0.000636
2471    0.000627
2472    0.000629
2473    0.00063
2474    0.00063
2475    0.000632
2476    0.000636
2477    0.000639
2478    0.000643
2479    0.000627
2480    0.000631
2481    0.000633
2482    0.000618
2483    0.000643
2484    0.000641
2485    0.000641
2486    0.000636
2487    0.00063
2488    0.000625
2489    0.000631
2490    0.000654
2491    0.000657
2492    0.000646
2493    0.000638
2494    0.000627
2495    0.000641
2496    0.000628
2497    0.000616
2498    0.000634
2499    0.000639
2500    0.000647
2501    0.00079
2502    0.00063
2503    0.000656
2504    0.000636
2505    0.000628
2506    0.00063
2507    0.00063
2508    0.000631
2509    0.000636
2510    0.000632
2511    0.000634
2512    0.000629
2513    0.00063
2514    0.000638
2515    0.000628
2516    0.000619
2517    0.000613
2518    0.00061
2519    0.000615
2520    0.000641
2521    0.000704
2522    0.000885
2523    0.0008
2524    0.000631
2525    0.000623
2526    0.000606
2527    0.000612
2528    0.000607
2529    0.000623
2530    0.000613
2531    0.00065
2532    0.000721
2533    0.000598
2534    0.000609
2535    0.001126
2536    0.001138
2537    0.001126
2538    0.000624
2539    0.000629
2540    0.000625
2541    0.00063
2542    0.000619
2543    0.000649
2544    0.000624
2545    0.000642
2546    0.000638
2547    0.000636
2548    0.000655
2549    0.000632
2550    0.000628
2551    0.00064
2552    0.000647
2553    0.00066
2554    0.000648
2555    0.000641
2556    0.000623
2557    0.000634
2558    0.000634
2559    0.00063
2560    0.000623
2561    0.000636
2562    0.00063
2563    0.00066
2564    0.000634
2565    0.000657
2566    0.000649
2567    0.000633
2568    0.000618
2569    0.000612
2570    0.000596
2571    0.000612
2572    0.000604
2573    0.000626
2574    0.000627
2575    0.000637
2576    0.000631
2577    0.000624
2578    0.000625
2579    0.000621
2580    0.000629
2581    0.000629
2582    0.000621
2583    0.00063
2584    0.000627
2585    0.001023
2586    0.000867
2587    0.000655
2588    0.000647
2589    0.000649
2590    0.000654
2591    0.00065
2592    0.000679
2593    0.000665
2594    0.000652
2595    0.000709
2596    0.000767
2597    0.000782
2598    0.00065
2599    0.000625
2600    0.000622
2601    0.000635
2602    0.000631
2603    0.000628
2604    0.000662
2605    0.000636
2606    0.000623
2607    0.000628
2608    0.000627
2609    0.000632
2610    0.000626
2611    0.000638
2612    0.000639
2613    0.000631
2614    0.000624
2615    0.001144
2616    0.000633
2617    0.000646
2618    0.000612
2619    0.000614
2620    0.0006
2621    0.000621
2622    0.000633
2623    0.000645
2624    0.000627
2625    0.00063
2626    0.000636
2627    0.000635
2628    0.000635
2629    0.000627
2630    0.000626
2631    0.000676
2632    0.000624
2633    0.000616
2634    0.000606
2635    0.000604
2636    0.000626
2637    0.000623
2638    0.000626
2639    0.000654
2640    0.000647
2641    0.000644
2642    0.000648
2643    0.000671
2644    0.00065
2645    0.000649
2646    0.000633
2647    0.000645
2648    0.000627
2649    0.000637
2650    0.000657
2651    0.000641
2652    0.000663
2653    0.000661
2654    0.000623
2655    0.000623
2656    0.000637
2657    0.000635
2658    0.000621
2659    0.00062
2660    0.000633
2661    0.000629
2662    0.000641
2663    0.000647
2664    0.000634
2665    0.000631
2666    0.000623
2667    0.00063
2668    0.00061
2669    0.000603
2670    0.001144
2671    0.000617
2672    0.000624
2673    0.000605
2674    0.000601
2675    0.000614
2676    0.00062
2677    0.000614
2678    0.000643
2679    0.000655
2680    0.000637
2681    0.000628
2682    0.000621
2683    0.000627
2684    0.000655
2685    0.000628
2686    0.00063
2687    0.000635
2688    0.000625
2689    0.000655
2690    0.000633
2691    0.000631
2692    0.000629
2693    0.00063
2694    0.000619
2695    0.000603
2696    0.000613
2697    0.00061
2698    0.000619
2699    0.000614
2700    0.000616
2701    0.000851
2702    0.000626
2703    0.000647
2704    0.000629
2705    0.000626
2706    0.000619
2707    0.000616
2708    0.000609
2709    0.000611
2710    0.000661
2711    0.000606
2712    0.000609
2713    0.000622
2714    0.000611
2715    0.00062
2716    0.000624
2717    0.00061
2718    0.000603
2719    0.000609
2720    0.000603
2721    0.000652
2722    0.000762
2723    0.000751
2724    0.000716
2725    0.000601
2726    0.00061
2727    0.000607
2728    0.000606
2729    0.000616
2730    0.000597
2731    0.000611
2732    0.000625
2733    0.000613
2734    0.000626
2735    0.000609
2736    0.000617
2737    0.000613
2738    0.000632
2739    0.000634
2740    0.000627
2741    0.001105
2742    0.000628
2743    0.000636
2744    0.000644
2745    0.000621
2746    0.000644
2747    0.000629
2748    0.000644
2749    0.000642
2750    0.000626
2751    0.000664
2752    0.000651
2753    0.000634
2754    0.000634
2755    0.000623
2756    0.000635
2757    0.000668
2758    0.000638
2759    0.000642
2760    0.000606
2761    0.000626
2762    0.000619
2763    0.000622
2764    0.000624
2765    0.000607
2766    0.000602
2767    0.000631
2768    0.000599
2769    0.000622
2770    0.000617
2771    0.000614
2772    0.000615
2773    0.000645
2774    0.000603
2775    0.000604
2776    0.000614
2777    0.000624
2778    0.000605
2779    0.000609
2780    0.000628
2781    0.000609
2782    0.000617
2783    0.000606
2784    0.000613
2785    0.00061
2786    0.000612
2787    0.000624
2788    0.000608
2789    0.0006
2790    0.000655
2791    0.00064
2792    0.000631
2793    0.000629
2794    0.000632
2795    0.000599
2796    0.000606
2797    0.000625
2798    0.00074
2799    0.000665
2800    0.000604
2801    0.000607
2802    0.000609
2803    0.000614
2804    0.000608
2805    0.000658
2806    0.000598
2807    0.000663
2808    0.000612
2809    0.000626
2810    0.000631
2811    0.00062
2812    0.00064
2813    0.000608
2814    0.0006
2815    0.001098
2816    0.000606
2817    0.0006
2818    0.000607
2819    0.00061
2820    0.000609
2821    0.000646
2822    0.000609
2823    0.000612
2824    0.000612
2825    0.000616
2826    0.000602
2827    0.000612
2828    0.000609
2829    0.000623
2830    0.000622
2831    0.000642
2832    0.000623
2833    0.000621
2834    0.000667
2835    0.000607
2836    0.00062
2837    0.001132
2838    0.001053
2839    0.001068
2840    0.000602
2841    0.000609
2842    0.000608
2843    0.000602
2844    0.0006
2845    0.000617
2846    0.000612
2847    0.000625
2848    0.00061
2849    0.001072
2850    0.000591
2851    0.000627
2852    0.000654
2853    0.000637
2854    0.000636
2855    0.000634
2856    0.00064
2857    0.000632
2858    0.000626
2859    0.000625
2860    0.000646
2861    0.000635
2862    0.000604
2863    0.000617
2864    0.000624
2865    0.000616
2866    0.000615
2867    0.000614
2868    0.000617
2869    0.00061
2870    0.000617
2871    0.00063
2872    0.000618
2873    0.000605
2874    0.00062
2875    0.000614
2876    0.000609
2877    0.000609
2878    0.000612
2879    0.000626
2880    0.000625
2881    0.00062
2882    0.000626
2883    0.000613
2884    0.000635
2885    0.000653
2886    0.000642
2887    0.001104
2888    0.000637
2889    0.000644
2890    0.001141
2891    0.000625
2892    0.000647
2893    0.000628
2894    0.000629
2895    0.00062
2896    0.000633
2897    0.000613
2898    0.000612
2899    0.000625
2900    0.001016
2901    0.001173
2902    0.000618
2903    0.00062
2904    0.000632
2905    0.000627
2906    0.000633
2907    0.000632
2908    0.000625
2909    0.000644
2910    0.000637
2911    0.000639
2912    0.000636
2913    0.000627
2914    0.001097
2915    0.000627
2916    0.000633
2917    0.000643
2918    0.000646
2919    0.000621
2920    0.000605
2921    0.000606
2922    0.000604
2923    0.00063
2924    0.000633
2925    0.000627
2926    0.00064
2927    0.000633
2928    0.000629
2929    0.000629
2930    0.000636
2931    0.000623
2932    0.00062
2933    0.00061
2934    0.000601
2935    0.000615
2936    0.00062
2937    0.000635
2938    0.000621
2939    0.00063
2940    0.000628
2941    0.000625
2942    0.00063
2943    0.000651
2944    0.000632
2945    0.000626
2946    0.000641
2947    0.000634
2948    0.000624
2949    0.000643
2950    0.000638
2951    0.000695
2952    0.000647
2953    0.000656
2954    0.000628
2955    0.000627
2956    0.00063
2957    0.000624
2958    0.000627
2959    0.000639
2960    0.000637
2961    0.000631
2962    0.000622
2963    0.000655
2964    0.000639
2965    0.000632
2966    0.000631
2967    0.000631
2968    0.000639
2969    0.00065
2970    0.000641
2971    0.000643
2972    0.000614
2973    0.000602
2974    0.000605
2975    0.00061
2976    0.000604
2977    0.000636
2978    0.000598
2979    0.00079
2980    0.000608
2981    0.00061
2982    0.000616
2983    0.000606
2984    0.000609
2985    0.000614
2986    0.000601
2987    0.000614
2988    0.00061
2989    0.000635
2990    0.001092
2991    0.001126
2992    0.000641
2993    0.000619
2994    0.000624
2995    0.000621
2996    0.000621
2997    0.000626
2998    0.00062
2999    0.000625
3000    0.000606
3001    0.000634
3002    0.000636
3003    0.000631
3004    0.000639
3005    0.000634
3006    0.000631
3007    0.000645
3008    0.000637
3009    0.000655
3010    0.00063
3011    0.000656
3012    0.000627
3013    0.000613
3014    0.000605
3015    0.000633
3016    0.000613
3017    0.000615
3018    0.00061
3019    0.000609
3020    0.000617
3021    0.000612
3022    0.000628
3023    0.000627
3024    0.000605
3025    0.000614
3026    0.000621
3027    0.000615
3028    0.000614
3029    0.000602
3030    0.000613
3031    0.000626
3032    0.000596
3033    0.000628
3034    0.000676
3035    0.000869
3036    0.000888
3037    0.000594
3038    0.000625
3039    0.000614
3040    0.000605
3041    0.000623
3042    0.001097
3043    0.000613
3044    0.000619
3045    0.000619
3046    0.000624
3047    0.000617
3048    0.000615
3049    0.000609
3050    0.000608
3051    0.000637
3052    0.000637
3053    0.000641
3054    0.000644
3055    0.000615
3056    0.000914
3057    0.000683
3058    0.000879
3059    0.000618
3060    0.000609
3061    0.000623
3062    0.000609
3063    0.000617
3064    0.000597
3065    0.000608
3066    0.000609
3067    0.000612
3068    0.000601
3069    0.000605
3070    0.00061
3071    0.000603
3072    0.000616
3073    0.000615
3074    0.000627
3075    0.000614
3076    0.000611
3077    0.001029
3078    0.000627
3079    0.00066
3080    0.000621
3081    0.000626
3082    0.000617
3083    0.000611
3084    0.000628
3085    0.00061
3086    0.000604
3087    0.000616
3088    0.000612
3089    0.000637
3090    0.000604
3091    0.000625
3092    0.000612
3093    0.000604
3094    0.000602
3095    0.000602
3096    0.000598
3097    0.000612
3098    0.000617
3099    0.000625
3100    0.000634
3101    0.000648
3102    0.000665
3103    0.00064
3104    0.000637
3105    0.000636
3106    0.000625
3107    0.000627
3108    0.000655
3109    0.000621
3110    0.000608
3111    0.000621
3112    0.000615
3113    0.000609
3114    0.000601
3115    0.000594
3116    0.000615
3117    0.000615
3118    0.000635
3119    0.00064
3120    0.000629
3121    0.000628
3122    0.000625
3123    0.00063
3124    0.000633
3125    0.000647
3126    0.000632
3127    0.000633
3128    0.000613
3129    0.000614
3130    0.000612
3131    0.000607
3132    0.000605
3133    0.000623
3134    0.000628
3135    0.000613
3136    0.000614
3137    0.000617
3138    0.00063
3139    0.000628
3140    0.00063
3141    0.000643
3142    0.000644
3143    0.000646
3144    0.000632
3145    0.000642
3146    0.000658
3147    0.00063
3148    0.000644
3149    0.00063
3150    0.00063
3151    0.000659
3152    0.000632
3153    0.000663
3154    0.000638
3155    0.000632
3156    0.000649
3157    0.000634
3158    0.000638
3159    0.000645
3160    0.000617
3161    0.000622
3162    0.000726
3163    0.000712
3164    0.000636
3165    0.000627
3166    0.00062
3167    0.000633
3168    0.000636
3169    0.000658
3170    0.000626
3171    0.00062
3172    0.000609
3173    0.000619
3174    0.000619
3175    0.000609
3176    0.000629
3177    0.00061
3178    0.000644
3179    0.000626
3180    0.000625
3181    0.000622
3182    0.000625
3183    0.000642
3184    0.00063
3185    0.000636
3186    0.000648
3187    0.000642
3188    0.000627
3189    0.000627
3190    0.000653
3191    0.000662
3192    0.000653
3193    0.000667
3194    0.000652
3195    0.000662
3196    0.000655
3197    0.000629
3198    0.000638
3199    0.000644
3200    0.00063
3201    0.000778
3202    0.000658
3203    0.000633
3204    0.00062
3205    0.000638
3206    0.000639
3207    0.000664
3208    0.000649
3209    0.000607
3210    0.000614
3211    0.000638
3212    0.000617
3213    0.00065
3214    0.000615
3215    0.000632
3216    0.000634
3217    0.000633
3218    0.00064
3219    0.000636
3220    0.000618
3221    0.00062
3222    0.000603
3223    0.000612
3224    0.000613
3225    0.000608
3226    0.000612
3227    0.000629
3228    0.000628
3229    0.000639
3230    0.000647
3231    0.000665
3232    0.000637
3233    0.000605
3234    0.000617
3235    0.000624
3236    0.000635
3237    0.000613
3238    0.000616
3239    0.000628
3240    0.000621
3241    0.000628
3242    0.000648
3243    0.001072
3244    0.00063
3245    0.000637
3246    0.000631
3247    0.000623
3248    0.000601
3249    0.000615
3250    0.000608
3251    0.000625
3252    0.000659
3253    0.000656
3254    0.001082
3255    0.000611
3256    0.000603
3257    0.000607
3258    0.000605
3259    0.000617
3260    0.000613
3261    0.000626
3262    0.000629
3263    0.00061
3264    0.000617
3265    0.000612
3266    0.000632
3267    0.000751
3268    0.000861
3269    0.000605
3270    0.000623
3271    0.000606
3272    0.000631
3273    0.000758
3274    0.000611
3275    0.000613
3276    0.000608
3277    0.000608
3278    0.00061
3279    0.000654
3280    0.0007
3281    0.000618
3282    0.000606
3283    0.000723
3284    0.000596
3285    0.001099
3286    0.001068
3287    0.000589
3288    0.00059
3289    0.000606
3290    0.000606
3291    0.000608
3292    0.000656
3293    0.000632
3294    0.00062
3295    0.000622
3296    0.000625
3297    0.000621
3298    0.000607
3299    0.000602
3300    0.000606
3301    0.000609
3302    0.000627
3303    0.000624
3304    0.000632
3305    0.000619
3306    0.000616
3307    0.000611
3308    0.00061
3309    0.000606
3310    0.000607
3311    0.000602
3312    0.000613
3313    0.000603
3314    0.000609
3315    0.000622
3316    0.000615
3317    0.000623
3318    0.000638
3319    0.000614
3320    0.000616
3321    0.000631
3322    0.000623
3323    0.00061
3324    0.000614
3325    0.000618
3326    0.000608
3327    0.000618
3328    0.000614
3329    0.000618
3330    0.000613
3331    0.000602
3332    0.000613
3333    0.000602
3334    0.000652
3335    0.000626
3336    0.000609
3337    0.000624
3338    0.000605
3339    0.000599
3340    0.000618
3341    0.000646
3342    0.000624
3343    0.000628
3344    0.000622
3345    0.000634
3346    0.000632
3347    0.000646
3348    0.000629
3349    0.000621
3350    0.000626
3351    0.000658
3352    0.000647
3353    0.000645
3354    0.000639
3355    0.000632
3356    0.000628
3357    0.000626
3358    0.000622
3359    0.000629
3360    0.000629
3361    0.000637
3362    0.000623
3363    0.000638
3364    0.000629
3365    0.000629
3366    0.000627
3367    0.000629
3368    0.000626
3369    0.000621
3370    0.000628
3371    0.000608
3372    0.000609
3373    0.000635
3374    0.000605
3375    0.000623
3376    0.00061
3377    0.000608
3378    0.000598
3379    0.000609
3380    0.000608
3381    0.000609
3382    0.000616
3383    0.000609
3384    0.000609
3385    0.00061
3386    0.000604
3387    0.000608
3388    0.000614
3389    0.000829
3390    0.000642
3391    0.000633
3392    0.000628
3393    0.000634
3394    0.000631
3395    0.000628
3396    0.000638
3397    0.000636
3398    0.000631
3399    0.000606
3400    0.000604
3401    0.000605
3402    0.001116
3403    0.000754
3404    0.000607
3405    0.000614
3406    0.000622
3407    0.000612
3408    0.000605
3409    0.0006
3410    0.000601
3411    0.000613
3412    0.000602
3413    0.000607
3414    0.000608
3415    0.000616
3416    0.00061
3417    0.000609
3418    0.000608
3419    0.000595
3420    0.000709
3421    0.000706
3422    0.000709
3423    0.00072
3424    0.000695
3425    0.000636
3426    0.000619
3427    0.000618
3428    0.000612
3429    0.00062
3430    0.000606
3431    0.00061
3432    0.000606
3433    0.000607
3434    0.000614
3435    0.00061
3436    0.000616
3437    0.000604
3438    0.000607
3439    0.000614
3440    0.000612
3441    0.000607
3442    0.000607
3443    0.000615
3444    0.000631
3445    0.000624
3446    0.000761
3447    0.000633
3448    0.000702
3449    0.000718
3450    0.000625
3451    0.000605
3452    0.000628
3453    0.000639
3454    0.000627
3455    0.000647
3456    0.000629
3457    0.000598
3458    0.000597
3459    0.000647
3460    0.000599
3461    0.000612
3462    0.000607
3463    0.000605
3464    0.000611
3465    0.000606
3466    0.000615
3467    0.000631
3468    0.000622
3469    0.00063
3470    0.000627
3471    0.000629
3472    0.000608
3473    0.000608
3474    0.000608
3475    0.00061
3476    0.000609
3477    0.000603
3478    0.000611
3479    0.000619
3480    0.000619
3481    0.000616
3482    0.001116
3483    0.000626
3484    0.000609
3485    0.000615
3486    0.000602
3487    0.000617
3488    0.000588
3489    0.00061
3490    0.000595
3491    0.001083
3492    0.000619
3493    0.000599
3494    0.001106
3495    0.001085
3496    0.000627
3497    0.000631
3498    0.000622
3499    0.0006
3500    0.00061
3501    0.001141
3502    0.001122
3503    0.000604
3504    0.000608
3505    0.000608
3506    0.000617
3507    0.00062
3508    0.0006
3509    0.000611
3510    0.0006
3511    0.000612
3512    0.000619
3513    0.000622
3514    0.000623
3515    0.000608
3516    0.000603
3517    0.000614
3518    0.000615
3519    0.000617
3520    0.000611
3521    0.000618
3522    0.000629
3523    0.00072
3524    0.000752
3525    0.000624
3526    0.000621
3527    0.000609
3528    0.000594
3529    0.001055
3530    0.00061
3531    0.00059
3532    0.000589
3533    0.000594
3534    0.000588
3535    0.001098
3536    0.000619
3537    0.000615
3538    0.000611
3539    0.00059
3540    0.000596
3541    0.000601
3542    0.001142
3543    0.000623
3544    0.000624
3545    0.000603
3546    0.000626
3547    0.000602
3548    0.000619
3549    0.000621
3550    0.000616
3551    0.000649
3552    0.000636
3553    0.000643
3554    0.000626
3555    0.000606
3556    0.000612
3557    0.000615
3558    0.000608
3559    0.000623
3560    0.000616
3561    0.000604
3562    0.000613
3563    0.000628
3564    0.000629
3565    0.000617
3566    0.000611
3567    0.000612
3568    0.000616
3569    0.000621
3570    0.000617
3571    0.000632
3572    0.000628
3573    0.000634
3574    0.000617
3575    0.000611
3576    0.000615
3577    0.000623
3578    0.000614
3579    0.00063
3580    0.000627
3581    0.000603
3582    0.000605
3583    0.000607
3584    0.000621
3585    0.000627
3586    0.000609
3587    0.000596
3588    0.000598
3589    0.000596
3590    0.000609
3591    0.00062
3592    0.001077
3593    0.001063
3594    0.001064
3595    0.001081
3596    0.000626
3597    0.000624
3598    0.000636
3599    0.000626
3600    0.000623
