1    0.000639
2    0.000615
3    0.00116
4    0.000662
5    0.000622
6    0.000551
7    0.001054
8    0.000652
9    0.000409
10    0.000631
11    0.000655
12    0.00118
13    0.000645
14    0.000727
15    0.000674
16    0.00066
17    0.000943
18    0.00113
19    0.001148
20    0.001186
21    0.001195
22    0.001206
23    0.001201
24    0.001224
25    0.000713
26    0.000699
27    0.000972
28    0.000693
29    0.000694
30    0.000755
31    0.001228
32    0.001186
33    0.001186
34    0.001206
35    0.00116
36    0.00065
37    0.00116
38    0.001171
39    0.001155
40    0.001161
41    0.001164
42    0.000764
43    0.000659
44    0.000846
45    0.001158
46    0.000664
47    0.001114
48    0.001101
49    0.001033
50    0.000763
51    0.000725
52    0.000735
53    0.000727
54    0.001187
55    0.000738
56    0.000822
57    0.000778
58    0.000801
59    0.000766
60    0.000784
61    0.001437
62    0.000803
63    0.00076
64    0.000752
65    0.000801
66    0.000775
67    0.000885
68    0.001164
69    0.000768
70    0.000762
71    0.001399
72    0.001398
73    0.001398
74    0.001389
75    0.00141
76    0.001391
77    0.000763
78    0.000759
79    0.000786
80    0.0008
81    0.001388
82    0.001386
83    0.000768
84    0.000773
85    0.000767
86    0.001391
87    0.001396
88    0.001044
89    0.000766
90    0.000728
91    0.000732
92    0.000754
93    0.001367
94    0.001376
95    0.000755
96    0.000749
97    0.00135
98    0.000759
99    0.000806
100    0.000763
101    0.001377
102    0.000758
103    0.000794
104    0.000762
105    0.000855
106    0.000829
107    0.00105
108    0.000779
109    0.000786
110    0.000819
111    0.000752
112    0.001039
113    0.000764
114    0.000784
115    0.000755
116    0.000785
117    0.000865
118    0.000771
119    0.001148
120    0.000764
121    0.000766
122    0.000783
123    0.00073
124    0.000768
125    0.000757
126    0.000761
127    0.000767
128    0.000755
129    0.000762
130    0.001196
131    0.000801
132    0.000813
133    0.000931
134    0.001433
135    0.001394
136    0.000767
137    0.000767
138    0.001354
139    0.001379
140    0.000762
141    0.000771
142    0.001392
143    0.001345
144    0.00074
145    0.001257
146    0.001093
147    0.001015
148    0.001044
149    0.000964
150    0.001263
151    0.001311
152    0.000742
153    0.001304
154    0.000773
155    0.000742
156    0.000742
157    0.000756
158    0.000744
159    0.000745
160    0.000736
161    0.001373
162    0.001352
163    0.001357
164    0.001355
165    0.001272
166    0.000763
167    0.000769
168    0.001228
169    0.001222
170    0.001128
171    0.001083
172    0.000763
173    0.000751
174    0.000809
175    0.000761
176    0.000786
177    0.000782
178    0.000777
179    0.001369
180    0.000771
181    0.000775
182    0.000764
183    0.000777
184    0.000806
185    0.000765
186    0.000778
187    0.000768
188    0.000773
189    0.000758
190    0.000784
191    0.000848
192    0.000877
193    0.000768
194    0.000758
195    0.000792
196    0.000895
197    0.001378
198    0.001367
199    0.001361
200    0.00136
201    0.000777
202    0.000823
203    0.000916
204    0.000763
205    0.000763
206    0.000763
207    0.000764
208    0.000762
209    0.001399
210    0.001303
211    0.000768
212    0.001295
213    0.000794
214    0.000782
215    0.000765
216    0.001293
217    0.001261
218    0.000778
219    0.000911
220    0.000737
221    0.001327
222    0.000739
223    0.000762
224    0.001423
225    0.00141
226    0.001457
227    0.001454
228    0.001432
229    0.000773
230    0.000952
231    0.000934
232    0.001383
233    0.000791
234    0.000775
235    0.000766
236    0.000945
237    0.000955
238    0.001076
239    0.000852
240    0.00076
241    0.000785
242    0.000935
243    0.000792
244    0.000946
245    0.001374
246    0.000735
247    0.000772
248    0.000762
249    0.001464
250    0.001427
251    0.001402
252    0.000834
253    0.000755
254    0.000757
255    0.000814
256    0.000785
257    0.000896
258    0.00098
259    0.000989
260    0.001351
261    0.001358
262    0.001365
263    0.001377
264    0.00086
265    0.001402
266    0.000757
267    0.001381
268    0.001316
269    0.000743
270    0.00133
271    0.000736
272    0.000764
273    0.000765
274    0.000762
275    0.001188
276    0.001443
277    0.000775
278    0.001112
279    0.000762
280    0.001424
281    0.000798
282    0.000779
283    0.000755
284    0.000772
285    0.000778
286    0.000755
287    0.000758
288    0.000781
289    0.00077
290    0.000886
291    0.001218
292    0.000768
293    0.000774
294    0.001488
295    0.000802
296    0.000797
297    0.000759
298    0.000771
299    0.000765
300    0.000774
301    0.001415
302    0.00077
303    0.000762
304    0.000761
305    0.000924
306    0.000834
307    0.000773
308    0.00075
309    0.000759
310    0.000761
311    0.000779
312    0.001348
313    0.001262
314    0.001403
315    0.000798
316    0.001359
317    0.000839
318    0.000797
319    0.001157
320    0.000777
321    0.000876
322    0.000764
323    0.000765
324    0.000804
325    0.000818
326    0.000865
327    0.000772
328    0.000811
329    0.000798
330    0.000781
331    0.001483
332    0.001483
333    0.001397
334    0.000777
335    0.000771
336    0.000796
337    0.000764
338    0.000778
339    0.000763
340    0.0008
341    0.000916
342    0.000835
343    0.000795
344    0.000772
345    0.000788
346    0.000845
347    0.000766
348    0.000788
349    0.000762
350    0.000878
351    0.001377
352    0.001381
353    0.000798
354    0.000777
355    0.000757
356    0.000769
357    0.000771
358    0.000791
359    0.00079
360    0.000791
361    0.000787
362    0.000787
363    0.000822
364    0.0008
365    0.000894
366    0.000804
367    0.000897
368    0.000836
369    0.000837
370    0.000793
371    0.000767
372    0.000748
373    0.000768
374    0.000761
375    0.000769
376    0.00076
377    0.000764
378    0.000781
379    0.00076
380    0.001391
381    0.000767
382    0.000784
383    0.000992
384    0.000761
385    0.001293
386    0.001218
387    0.000862
388    0.000778
389    0.001068
390    0.001281
391    0.000798
392    0.000836
393    0.000781
394    0.000794
395    0.001234
396    0.000776
397    0.00139
398    0.001488
399    0.001424
400    0.001327
401    0.00076
402    0.000738
403    0.000748
404    0.000738
405    0.000773
406    0.000784
407    0.000777
408    0.00078
409    0.000762
410    0.000924
411    0.000878
412    0.001255
413    0.001492
414    0.000787
415    0.000798
416    0.00078
417    0.000783
418    0.000795
419    0.0009
420    0.000799
421    0.000787
422    0.000769
423    0.000829
424    0.000912
425    0.001441
426    0.000931
427    0.000821
428    0.000925
429    0.000774
430    0.000777
431    0.000795
432    0.000793
433    0.000798
434    0.001389
435    0.000776
436    0.000781
437    0.001344
438    0.001332
439    0.001358
440    0.001338
441    0.001337
442    0.000779
443    0.001277
444    0.001302
445    0.001373
446    0.000829
447    0.000771
448    0.000733
449    0.000861
450    0.000769
451    0.000738
452    0.000732
453    0.000735
454    0.000758
455    0.000774
456    0.000822
457    0.000758
458    0.001389
459    0.001347
460    0.00074
461    0.001338
462    0.001327
463    0.001322
464    0.000755
465    0.000737
466    0.000772
467    0.000973
468    0.000771
469    0.000772
470    0.00078
471    0.00126
472    0.000844
473    0.000758
474    0.000763
475    0.001385
476    0.000771
477    0.00076
478    0.001398
479    0.000761
480    0.000764
481    0.001365
482    0.000762
483    0.00088
484    0.00128
485    0.000779
486    0.000777
487    0.000846
488    0.001327
489    0.001438
490    0.001368
491    0.001317
492    0.001312
493    0.000862
494    0.000799
495    0.000762
496    0.000849
497    0.000765
498    0.000822
499    0.000859
500    0.000855
501    0.000775
502    0.001381
503    0.000766
504    0.000764
505    0.000773
506    0.000767
507    0.000807
508    0.00081
509    0.00134
510    0.000769
511    0.000774
512    0.000761
513    0.000781
514    0.000764
515    0.000768
516    0.000821
517    0.000822
518    0.000777
519    0.000777
520    0.001386
521    0.001381
522    0.001374
523    0.001306
524    0.001313
525    0.001259
526    0.001271
527    0.001339
528    0.001334
529    0.001312
530    0.001312
531    0.001078
532    0.001318
533    0.001382
534    0.000779
535    0.00079
536    0.000748
537    0.000772
538    0.000767
539    0.000807
540    0.000784
541    0.000766
542    0.00141
543    0.001406
544    0.001418
545    0.001433
546    0.001417
547    0.000729
548    0.000738
549    0.000754
550    0.001322
551    0.0013
552    0.001281
553    0.001282
554    0.000708
555    0.000714
556    0.000705
557    0.000737
558    0.000739
559    0.001242
560    0.001384
561    0.000771
562    0.000761
563    0.000772
564    0.000767
565    0.000769
566    0.000869
567    0.001219
568    0.001351
569    0.000757
570    0.000749
571    0.000756
572    0.000748
573    0.000765
574    0.001206
575    0.000765
576    0.000819
577    0.000762
578    0.001079
579    0.000775
580    0.001214
581    0.000759
582    0.001146
583    0.000843
584    0.001268
585    0.00076
586    0.000895
587    0.001365
588    0.000777
589    0.000793
590    0.000762
591    0.000788
592    0.000938
593    0.000824
594    0.000742
595    0.000765
596    0.001315
597    0.000755
598    0.000741
599    0.000747
600    0.001363
601    0.001377
602    0.000754
603    0.000761
604    0.000766
605    0.000943
606    0.001382
607    0.001421
608    0.001389
609    0.000741
610    0.000776
611    0.000939
612    0.001296
613    0.001388
614    0.001334
615    0.001344
616    0.001344
617    0.00075
618    0.000752
619    0.000759
620    0.000816
621    0.000899
622    0.00113
623    0.000768
624    0.000776
625    0.000837
626    0.000764
627    0.00098
628    0.001237
629    0.001273
630    0.001322
631    0.000807
632    0.000799
633    0.000754
634    0.000931
635    0.0008
636    0.000767
637    0.000767
638    0.000783
639    0.000775
640    0.000791
641    0.000785
642    0.000778
643    0.000769
644    0.001379
645    0.000775
646    0.000769
647    0.000764
648    0.001385
649    0.001397
650    0.000753
651    0.000791
652    0.001385
653    0.001308
654    0.001334
655    0.001315
656    0.001321
657    0.00133
658    0.001308
659    0.001357
660    0.001279
661    0.001323
662    0.000737
663    0.000735
664    0.000738
665    0.000734
666    0.000737
667    0.000789
668    0.000869
669    0.000794
670    0.000737
671    0.000735
672    0.00074
673    0.001375
674    0.000754
675    0.001269
676    0.001267
677    0.001271
678    0.001257
679    0.000769
680    0.000776
681    0.000773
682    0.000932
683    0.000746
684    0.000768
685    0.00077
686    0.000774
687    0.000903
688    0.000786
689    0.00079
690    0.000766
691    0.00077
692    0.000777
693    0.001385
694    0.001383
695    0.000767
696    0.000871
697    0.000771
698    0.000774
699    0.000768
700    0.000858
701    0.001383
702    0.001226
703    0.001295
704    0.001297
705    0.00126
706    0.001184
707    0.000926
708    0.001071
709    0.000762
710    0.000731
711    0.000733
712    0.000735
713    0.000732
714    0.000847
715    0.000759
716    0.000764
717    0.000735
718    0.000738
719    0.000769
720    0.001064
721    0.001386
722    0.000771
723    0.000792
724    0.000777
725    0.000916
726    0.000774
727    0.000804
728    0.001215
729    0.000925
730    0.000771
731    0.000874
732    0.000778
733    0.000789
734    0.000829
735    0.000778
736    0.00074
737    0.000758
738    0.001358
739    0.001359
740    0.000776
741    0.000772
742    0.000765
743    0.000836
744    0.000775
745    0.001383
746    0.00132
747    0.000757
748    0.000736
749    0.000814
750    0.001396
751    0.001383
752    0.001368
753    0.001353
754    0.001306
755    0.001315
756    0.000742
757    0.000739
758    0.000892
759    0.00077
760    0.001401
761    0.000923
762    0.000764
763    0.000768
764    0.000874
765    0.000834
766    0.001377
767    0.001394
768    0.000766
769    0.000766
770    0.000739
771    0.000741
772    0.00075
773    0.001399
774    0.001255
775    0.000775
776    0.000858
777    0.000772
778    0.000967
779    0.000893
780    0.000771
781    0.00077
782    0.000754
783    0.000796
784    0.001372
785    0.000765
786    0.000767
787    0.000754
788    0.000764
789    0.000771
790    0.000769
791    0.000769
792    0.000774
793    0.000783
794    0.000811
795    0.000763
796    0.000826
797    0.001283
798    0.000758
799    0.000761
800    0.000807
801    0.001319
802    0.000791
803    0.001323
804    0.000741
805    0.000772
806    0.000754
807    0.000738
808    0.00109
809    0.000726
810    0.000742
811    0.000815
812    0.001383
813    0.000759
814    0.000735
815    0.00076
816    0.000764
817    0.000763
818    0.000784
819    0.000918
820    0.000765
821    0.00076
822    0.000757
823    0.000767
824    0.001403
825    0.000777
826    0.000755
827    0.001384
828    0.001334
829    0.001294
830    0.000801
831    0.000762
832    0.00079
833    0.000773
834    0.001308
835    0.001372
836    0.000731
837    0.000736
838    0.000735
839    0.000748
840    0.000732
841    0.000739
842    0.001349
843    0.001064
844    0.00073
845    0.00133
846    0.000746
847    0.000789
848    0.00076
849    0.000762
850    0.001401
851    0.00134
852    0.000737
853    0.00074
854    0.000753
855    0.000756
856    0.000736
857    0.001377
858    0.000788
859    0.000756
860    0.000783
861    0.000767
862    0.000816
863    0.000764
864    0.000791
865    0.000763
866    0.000752
867    0.001329
868    0.000734
869    0.000783
870    0.000739
871    0.000788
872    0.000774
873    0.000764
874    0.000786
875    0.000777
876    0.001312
877    0.000841
878    0.000764
879    0.001256
880    0.000764
881    0.00078
882    0.000765
883    0.000942
884    0.000771
885    0.000861
886    0.000739
887    0.000734
888    0.000763
889    0.000846
890    0.000767
891    0.001391
892    0.00138
893    0.000855
894    0.000748
895    0.000896
896    0.000743
897    0.000799
898    0.00073
899    0.00074
900    0.00074
901    0.001354
902    0.001359
903    0.000776
904    0.000793
905    0.000872
906    0.000773
907    0.000738
908    0.001324
909    0.000782
910    0.000743
911    0.001307
912    0.001373
913    0.001323
914    0.001313
915    0.000749
916    0.000743
917    0.000745
918    0.000771
919    0.000774
920    0.000773
921    0.000769
922    0.000761
923    0.000875
924    0.00076
925    0.000767
926    0.000765
927    0.000893
928    0.00077
929    0.000784
930    0.000844
931    0.000768
932    0.000804
933    0.000768
934    0.00076
935    0.000771
936    0.000772
937    0.001315
938    0.000767
939    0.000844
940    0.00085
941    0.00077
942    0.001395
943    0.000771
944    0.000771
945    0.000762
946    0.001391
947    0.001394
948    0.001387
949    0.001372
950    0.001393
951    0.001332
952    0.000744
953    0.000735
954    0.000736
955    0.000744
956    0.00077
957    0.000771
958    0.00076
959    0.000776
960    0.000753
961    0.000845
962    0.000736
963    0.000736
964    0.000788
965    0.000829
966    0.000768
967    0.000894
968    0.000784
969    0.000764
970    0.000788
971    0.000785
972    0.000768
973    0.000772
974    0.000769
975    0.000781
976    0.000857
977    0.000778
978    0.000778
979    0.00084
980    0.001405
981    0.000793
982    0.001358
983    0.001391
984    0.000849
985    0.000828
986    0.00076
987    0.000776
988    0.000771
989    0.000886
990    0.000774
991    0.000769
992    0.000776
993    0.000766
994    0.000905
995    0.001456
996    0.000775
997    0.000977
998    0.00083
999    0.000835
1000    0.000987
1001    0.001216
1002    0.001318
1003    0.000747
1004    0.000741
1005    0.001311
1006    0.001306
1007    0.000883
1008    0.000883
1009    0.000802
1010    0.000739
1011    0.000747
1012    0.000771
1013    0.000735
1014    0.000739
1015    0.000748
1016    0.000733
1017    0.000733
1018    0.000733
1019    0.000786
1020    0.000845
1021    0.00076
1022    0.000773
1023    0.000765
1024    0.001389
1025    0.001451
1026    0.000766
1027    0.001403
1028    0.001328
1029    0.001345
1030    0.001336
1031    0.000746
1032    0.001364
1033    0.001417
1034    0.000757
1035    0.000777
1036    0.000768
1037    0.001298
1038    0.000769
1039    0.000778
1040    0.000749
1041    0.000754
1042    0.000772
1043    0.000777
1044    0.000766
1045    0.000907
1046    0.00146
1047    0.00146
1048    0.001423
1049    0.001291
1050    0.001355
1051    0.000738
1052    0.00074
1053    0.000734
1054    0.000735
1055    0.000754
1056    0.000735
1057    0.000802
1058    0.00078
1059    0.000807
1060    0.000774
1061    0.000776
1062    0.00077
1063    0.000761
1064    0.000759
1065    0.000835
1066    0.000952
1067    0.000798
1068    0.000838
1069    0.000781
1070    0.000994
1071    0.001284
1072    0.000774
1073    0.000771
1074    0.000788
1075    0.000784
1076    0.000763
1077    0.000767
1078    0.000767
1079    0.000814
1080    0.000765
1081    0.00078
1082    0.000762
1083    0.001281
1084    0.000769
1085    0.000785
1086    0.000753
1087    0.000789
1088    0.000764
1089    0.000799
1090    0.00076
1091    0.00081
1092    0.000811
1093    0.000765
1094    0.000755
1095    0.000766
1096    0.000769
1097    0.000756
1098    0.000774
1099    0.001139
1100    0.000773
1101    0.000775
1102    0.000723
1103    0.000758
1104    0.000739
1105    0.001312
1106    0.001324
1107    0.000779
1108    0.000732
1109    0.000733
1110    0.000813
1111    0.000866
1112    0.000802
1113    0.000787
1114    0.000772
1115    0.001321
1116    0.001359
1117    0.001398
1118    0.001381
1119    0.001419
1120    0.000735
1121    0.000736
1122    0.001389
1123    0.001063
1124    0.001065
1125    0.000736
1126    0.001241
1127    0.001263
1128    0.000771
1129    0.000775
1130    0.000783
1131    0.000799
1132    0.000761
1133    0.000756
1134    0.000787
1135    0.000766
1136    0.000792
1137    0.000772
1138    0.000779
1139    0.000787
1140    0.000792
1141    0.000754
1142    0.000759
1143    0.000795
1144    0.00079
1145    0.001006
1146    0.000787
1147    0.000762
1148    0.001376
1149    0.001383
1150    0.001389
1151    0.00135
1152    0.001357
1153    0.000772
1154    0.000928
1155    0.000726
1156    0.000735
1157    0.00074
1158    0.000739
1159    0.000742
1160    0.000777
1161    0.000763
1162    0.00086
1163    0.000768
1164    0.000738
1165    0.001351
1166    0.001325
1167    0.000763
1168    0.000738
1169    0.00079
1170    0.000782
1171    0.000771
1172    0.000777
1173    0.000795
1174    0.000787
1175    0.001363
1176    0.000769
1177    0.000775
1178    0.000768
1179    0.000758
1180    0.000769
1181    0.000762
1182    0.000762
1183    0.000763
1184    0.000775
1185    0.00083
1186    0.000773
1187    0.000763
1188    0.00077
1189    0.00077
1190    0.000797
1191    0.000758
1192    0.000765
1193    0.000762
1194    0.000817
1195    0.000927
1196    0.000738
1197    0.000736
1198    0.00075
1199    0.000742
1200    0.000759
1201    0.000801
1202    0.000792
1203    0.000756
1204    0.001368
1205    0.001252
1206    0.000757
1207    0.001126
1208    0.001166
1209    0.000744
1210    0.000761
1211    0.000777
1212    0.000764
1213    0.000768
1214    0.000735
1215    0.000772
1216    0.000757
1217    0.000766
1218    0.000739
1219    0.00074
1220    0.000745
1221    0.000778
1222    0.000777
1223    0.000797
1224    0.000832
1225    0.001373
1226    0.000914
1227    0.000782
1228    0.000786
1229    0.000757
1230    0.000777
1231    0.001323
1232    0.001335
1233    0.000764
1234    0.000747
1235    0.000744
1236    0.000792
1237    0.000949
1238    0.000766
1239    0.000803
1240    0.001374
1241    0.001377
1242    0.001363
1243    0.001302
1244    0.000729
1245    0.000855
1246    0.000757
1247    0.000776
1248    0.001359
1249    0.000746
1250    0.000789
1251    0.001353
1252    0.000745
1253    0.000755
1254    0.000909
1255    0.00092
1256    0.000768
1257    0.000732
1258    0.000914
1259    0.000758
1260    0.000881
1261    0.001127
1262    0.000837
1263    0.001326
1264    0.001326
1265    0.00132
1266    0.001327
1267    0.000757
1268    0.000731
1269    0.00073
1270    0.000726
1271    0.000786
1272    0.000893
1273    0.000866
1274    0.000735
1275    0.000866
1276    0.000752
1277    0.000755
1278    0.000753
1279    0.000796
1280    0.000761
1281    0.00137
1282    0.000736
1283    0.001388
1284    0.001311
1285    0.000728
1286    0.00139
1287    0.000751
1288    0.001283
1289    0.001338
1290    0.000739
1291    0.000735
1292    0.000742
1293    0.001356
1294    0.000874
1295    0.000747
1296    0.000736
1297    0.000735
1298    0.000763
1299    0.000765
1300    0.000766
1301    0.000734
1302    0.00139
1303    0.001325
1304    0.001379
1305    0.001257
1306    0.000752
1307    0.000858
1308    0.000735
1309    0.000758
1310    0.000751
1311    0.000882
1312    0.000776
1313    0.000764
1314    0.000771
1315    0.000762
1316    0.000787
1317    0.001374
1318    0.001276
1319    0.001419
1320    0.000767
1321    0.001389
1322    0.001318
1323    0.000932
1324    0.000802
1325    0.000915
1326    0.000811
1327    0.000745
1328    0.000733
1329    0.000753
1330    0.000751
1331    0.000734
1332    0.001387
1333    0.001383
1334    0.000892
1335    0.000753
1336    0.000758
1337    0.000856
1338    0.000784
1339    0.000754
1340    0.000764
1341    0.000773
1342    0.000771
1343    0.000758
1344    0.000786
1345    0.000799
1346    0.000746
1347    0.00075
1348    0.000756
1349    0.001096
1350    0.001293
1351    0.001463
1352    0.001383
1353    0.001358
1354    0.000768
1355    0.00077
1356    0.001394
1357    0.001326
1358    0.001348
1359    0.000733
1360    0.000853
1361    0.00077
1362    0.001331
1363    0.00073
1364    0.000767
1365    0.000761
1366    0.000983
1367    0.000915
1368    0.000792
1369    0.000776
1370    0.000867
1371    0.00079
1372    0.000796
1373    0.000793
1374    0.000772
1375    0.00081
1376    0.000811
1377    0.000789
1378    0.000789
1379    0.000768
1380    0.000837
1381    0.00081
1382    0.000896
1383    0.00079
1384    0.000763
1385    0.000756
1386    0.000757
1387    0.001249
1388    0.000777
1389    0.000761
1390    0.000769
1391    0.000763
1392    0.00077
1393    0.00078
1394    0.000771
1395    0.000766
1396    0.000771
1397    0.000925
1398    0.001224
1399    0.001332
1400    0.001231
1401    0.001128
1402    0.001098
1403    0.000838
1404    0.000955
1405    0.000891
1406    0.00077
1407    0.001383
1408    0.000768
1409    0.000785
1410    0.000768
1411    0.000765
1412    0.000747
1413    0.000733
1414    0.00076
1415    0.00098
1416    0.000784
1417    0.000861
1418    0.000968
1419    0.000778
1420    0.000839
1421    0.001385
1422    0.000785
1423    0.000773
1424    0.000792
1425    0.000764
1426    0.000856
1427    0.001403
1428    0.000775
1429    0.001386
1430    0.001401
1431    0.001368
1432    0.001376
1433    0.001373
1434    0.000973
1435    0.001441
1436    0.000779
1437    0.000757
1438    0.00081
1439    0.000784
1440    0.000793
1441    0.000881
1442    0.000805
1443    0.000784
1444    0.00077
1445    0.000761
1446    0.001367
1447    0.000916
1448    0.000754
1449    0.00116
1450    0.001126
1451    0.000826
1452    0.001016
1453    0.000739
1454    0.000705
1455    0.000743
1456    0.000708
1457    0.000704
1458    0.000713
1459    0.000712
1460    0.000702
1461    0.00081
1462    0.000718
1463    0.000702
1464    0.000712
1465    0.00071
1466    0.000714
1467    0.000754
1468    0.00075
1469    0.001272
1470    0.000715
1471    0.000679
1472    0.000817
1473    0.000878
1474    0.000795
1475    0.000781
1476    0.000679
1477    0.000681
1478    0.000683
1479    0.000695
1480    0.000716
1481    0.000703
1482    0.000694
1483    0.000683
1484    0.001267
1485    0.000843
1486    0.000707
1487    0.000708
1488    0.000703
1489    0.000714
1490    0.000713
1491    0.000727
1492    0.000696
1493    0.000711
1494    0.000752
1495    0.000714
1496    0.000716
1497    0.000713
1498    0.000726
1499    0.000693
1500    0.000686
1501    0.001229
1502    0.000719
1503    0.000684
1504    0.000686
1505    0.000684
1506    0.000702
1507    0.000722
1508    0.000713
1509    0.000823
1510    0.000707
1511    0.000705
1512    0.000713
1513    0.000796
1514    0.00069
1515    0.000688
1516    0.000682
1517    0.000711
1518    0.00073
1519    0.000732
1520    0.000706
1521    0.000703
1522    0.000729
1523    0.000723
1524    0.000727
1525    0.000713
1526    0.000713
1527    0.000707
1528    0.000735
1529    0.000715
1530    0.00071
1531    0.000702
1532    0.000705
1533    0.000706
1534    0.000834
1535    0.000726
1536    0.00069
1537    0.000686
1538    0.000694
1539    0.000684
1540    0.000688
1541    0.000792
1542    0.000831
1543    0.000688
1544    0.000689
1545    0.000694
1546    0.00069
1547    0.000713
1548    0.000684
1549    0.000684
1550    0.000672
1551    0.00068
1552    0.000724
1553    0.000674
1554    0.000696
1555    0.000694
1556    0.000685
1557    0.000681
1558    0.000702
1559    0.000724
1560    0.000703
1561    0.000688
1562    0.001231
1563    0.001261
1564    0.001223
1565    0.000677
1566    0.000698
1567    0.000781
1568    0.000683
1569    0.000681
1570    0.000687
1571    0.000684
1572    0.000687
1573    0.00069
1574    0.00069
1575    0.000677
1576    0.000688
1577    0.000679
1578    0.000687
1579    0.000686
1580    0.000686
1581    0.000715
1582    0.000702
1583    0.000682
1584    0.000692
1585    0.000687
1586    0.000696
1587    0.000716
1588    0.000709
1589    0.00133
1590    0.001346
1591    0.000791
1592    0.000752
1593    0.000736
1594    0.000727
1595    0.001252
1596    0.001178
1597    0.000817
1598    0.000712
1599    0.000707
1600    0.000818
1601    0.000712
1602    0.00071
1603    0.000735
1604    0.000715
1605    0.001174
1606    0.000705
1607    0.000706
1608    0.000747
1609    0.000855
1610    0.00125
1611    0.000676
1612    0.000772
1613    0.000731
1614    0.000702
1615    0.000702
1616    0.000738
1617    0.000785
1618    0.000687
1619    0.000716
1620    0.000818
1621    0.000719
1622    0.000717
1623    0.000701
1624    0.000788
1625    0.00075
1626    0.000853
1627    0.000685
1628    0.000682
1629    0.000806
1630    0.000705
1631    0.000721
1632    0.000753
1633    0.000716
1634    0.000729
1635    0.001275
1636    0.001279
1637    0.000705
1638    0.00069
1639    0.000704
1640    0.000727
1641    0.000713
1642    0.000707
1643    0.000719
1644    0.000704
1645    0.001313
1646    0.00097
1647    0.000699
1648    0.000692
1649    0.000732
1650    0.000701
1651    0.001334
1652    0.00082
1653    0.000741
1654    0.000715
1655    0.000682
1656    0.000684
1657    0.000658
1658    0.000674
1659    0.00064
1660    0.000645
1661    0.000954
1662    0.000733
1663    0.000632
1664    0.00077
1665    0.000647
1666    0.000629
1667    0.000624
1668    0.000603
1669    0.000602
1670    0.000623
1671    0.000615
1672    0.000646
1673    0.000613
1674    0.000668
1675    0.000664
1676    0.000649
1677    0.000632
1678    0.000641
1679    0.000634
1680    0.000625
1681    0.000619
1682    0.000658
1683    0.000654
1684    0.000668
1685    0.000685
1686    0.001129
1687    0.000741
1688    0.001082
1689    0.000618
1690    0.000618
1691    0.001061
1692    0.001042
1693    0.000592
1694    0.000594
1695    0.000599
1696    0.001122
1697    0.000599
1698    0.000612
1699    0.000668
1700    0.001147
1701    0.000704
1702    0.000722
1703    0.000679
1704    0.000718
1705    0.000679
1706    0.000771
1707    0.000835
1708    0.000688
1709    0.001269
1710    0.00069
1711    0.000685
1712    0.000689
1713    0.000718
1714    0.000767
1715    0.00067
1716    0.000688
1717    0.000679
1718    0.000723
1719    0.000659
1720    0.000683
1721    0.00065
1722    0.000636
1723    0.000637
1724    0.000652
1725    0.000634
1726    0.000645
1727    0.000616
1728    0.00062
1729    0.00062
1730    0.000626
1731    0.000642
1732    0.000775
1733    0.000904
1734    0.000792
1735    0.000667
1736    0.000603
1737    0.000632
1738    0.000664
1739    0.000771
1740    0.000839
1741    0.000657
1742    0.001084
1743    0.001128
1744    0.001087
1745    0.00059
1746    0.000605
1747    0.000593
1748    0.00063
1749    0.001095
1750    0.000631
1751    0.00108
1752    0.001082
1753    0.00109
1754    0.000607
1755    0.000647
1756    0.000619
1757    0.000622
1758    0.000624
1759    0.000643
1760    0.001137
1761    0.00067
1762    0.000658
1763    0.000669
1764    0.000686
1765    0.001253
1766    0.00122
1767    0.001224
1768    0.000686
1769    0.000688
1770    0.00071
1771    0.000713
1772    0.000714
1773    0.000742
1774    0.000727
1775    0.000729
1776    0.000705
1777    0.000739
1778    0.000745
1779    0.00072
1780    0.000739
1781    0.000724
1782    0.000737
1783    0.000732
1784    0.000701
1785    0.000728
1786    0.000748
1787    0.001099
1788    0.00112
1789    0.000775
1790    0.001373
1791    0.001346
1792    0.001281
1793    0.001046
1794    0.00072
1795    0.000731
1796    0.001277
1797    0.001275
1798    0.00071
1799    0.000691
1800    0.000678
1801    0.000651
1802    0.000671
1803    0.001098
1804    0.00062
1805    0.000621
1806    0.000619
1807    0.000625
1808    0.000622
1809    0.000612
1810    0.000614
1811    0.000627
1812    0.000615
1813    0.001115
1814    0.000614
1815    0.000618
1816    0.00062
1817    0.000619
1818    0.000661
1819    0.000653
1820    0.00065
1821    0.001043
1822    0.001198
1823    0.000662
1824    0.000682
1825    0.000683
1826    0.000687
1827    0.000828
1828    0.00077
1829    0.000688
1830    0.000689
1831    0.000719
1832    0.00069
1833    0.000683
1834    0.000806
1835    0.000799
1836    0.000734
1837    0.001258
1838    0.000729
1839    0.000778
1840    0.000713
1841    0.001265
1842    0.000735
1843    0.001269
1844    0.000755
1845    0.000805
1846    0.000726
1847    0.000721
1848    0.000725
1849    0.000778
1850    0.000844
1851    0.000755
1852    0.000744
1853    0.000801
1854    0.000962
1855    0.000783
1856    0.000701
1857    0.000716
1858    0.000716
1859    0.000738
1860    0.001391
1861    0.001384
1862    0.000827
1863    0.000801
1864    0.000733
1865    0.000811
1866    0.000745
1867    0.000712
1868    0.000871
1869    0.000901
1870    0.000711
1871    0.000771
1872    0.000714
1873    0.000802
1874    0.001006
1875    0.000728
1876    0.00071
1877    0.000735
1878    0.000775
1879    0.000793
1880    0.001033
1881    0.001391
1882    0.00134
1883    0.001384
1884    0.000771
1885    0.00139
1886    0.000741
1887    0.001285
1888    0.00133
1889    0.001288
1890    0.000712
1891    0.000716
1892    0.000719
1893    0.000714
1894    0.000715
1895    0.00071
1896    0.000717
1897    0.000704
1898    0.000685
1899    0.000689
1900    0.000697
1901    0.00084
1902    0.000704
1903    0.000711
1904    0.000716
1905    0.000705
1906    0.000861
1907    0.000831
1908    0.000883
1909    0.000738
1910    0.001266
1911    0.001167
1912    0.001324
1913    0.00071
1914    0.001339
1915    0.000721
1916    0.000702
1917    0.000797
1918    0.000711
1919    0.000713
1920    0.000727
1921    0.000708
1922    0.00071
1923    0.000734
1924    0.001278
1925    0.001289
1926    0.00073
1927    0.000685
1928    0.000713
1929    0.000707
1930    0.000713
1931    0.000705
1932    0.000714
1933    0.000703
1934    0.000714
1935    0.000713
1936    0.001206
1937    0.000722
1938    0.000707
1939    0.000713
1940    0.00118
1941    0.000682
1942    0.000746
1943    0.000983
1944    0.000686
1945    0.000697
1946    0.000687
1947    0.000702
1948    0.000806
1949    0.000737
1950    0.000878
1951    0.000721
1952    0.000721
1953    0.000738
1954    0.000722
1955    0.000756
1956    0.000763
1957    0.000825
1958    0.000735
1959    0.000817
1960    0.000703
1961    0.000734
1962    0.000715
1963    0.000714
1964    0.00079
1965    0.001261
1966    0.000988
1967    0.00074
1968    0.001011
1969    0.000787
1970    0.001322
1971    0.00077
1972    0.000772
1973    0.000893
1974    0.000902
1975    0.000789
1976    0.001378
1977    0.000772
1978    0.00078
1979    0.001396
1980    0.001335
1981    0.000729
1982    0.001153
1983    0.000709
1984    0.00074
1985    0.000713
1986    0.000743
1987    0.0007
1988    0.000704
1989    0.000773
1990    0.00107
1991    0.000764
1992    0.000729
1993    0.000716
1994    0.001294
1995    0.000727
1996    0.000713
1997    0.000718
1998    0.000777
1999    0.000746
2000    0.000761
2001    0.000716
2002    0.00079
2003    0.000703
2004    0.001485
2005    0.001265
2006    0.001228
2007    0.001363
2008    0.00075
2009    0.001232
2010    0.001292
2011    0.001324
2012    0.00123
2013    0.00074
2014    0.00075
2015    0.000742
2016    0.000742
2017    0.001349
2018    0.001332
2019    0.00073
2020    0.001312
2021    0.000704
2022    0.000704
2023    0.000706
2024    0.000786
2025    0.000701
2026    0.000749
2027    0.000718
2028    0.00074
2029    0.000732
2030    0.000761
2031    0.000787
2032    0.000716
2033    0.000708
2034    0.000704
2035    0.001286
2036    0.000701
2037    0.000736
2038    0.00072
2039    0.001358
2040    0.000715
2041    0.000731
2042    0.001301
2043    0.001063
2044    0.001299
2045    0.001353
2046    0.000915
2047    0.000748
2048    0.001384
2049    0.000797
2050    0.000798
2051    0.000741
2052    0.000724
2053    0.000702
2054    0.000677
2055    0.001237
2056    0.000638
2057    0.000633
2058    0.00066
2059    0.00064
2060    0.000619
2061    0.000631
2062    0.000636
2063    0.001136
2064    0.001149
2065    0.000616
2066    0.000618
2067    0.001101
2068    0.000627
2069    0.000617
2070    0.000637
2071    0.000636
2072    0.001115
2073    0.000601
2074    0.00111
2075    0.00063
2076    0.000763
2077    0.00124
2078    0.001262
2079    0.00127
2080    0.000988
2081    0.000849
2082    0.000692
2083    0.00083
2084    0.000921
2085    0.000704
2086    0.000721
2087    0.00071
2088    0.000706
2089    0.00071
2090    0.000725
2091    0.000712
2092    0.000717
2093    0.000711
2094    0.000693
2095    0.000748
2096    0.000684
2097    0.000735
2098    0.000711
2099    0.00071
2100    0.001273
2101    0.000707
2102    0.000711
2103    0.001291
2104    0.001203
2105    0.000704
2106    0.00071
2107    0.000696
2108    0.000685
2109    0.000702
2110    0.000707
2111    0.000679
2112    0.000685
2113    0.000698
2114    0.000689
2115    0.000688
2116    0.000703
2117    0.000695
2118    0.000713
2119    0.00071
2120    0.000711
2121    0.000702
2122    0.000707
2123    0.000707
2124    0.000709
2125    0.000716
2126    0.000964
2127    0.000783
2128    0.000709
2129    0.000759
2130    0.000781
2131    0.000718
2132    0.000735
2133    0.000777
2134    0.00071
2135    0.000734
2136    0.000736
2137    0.000714
2138    0.000717
2139    0.000733
2140    0.001176
2141    0.001298
2142    0.000806
2143    0.00072
2144    0.000718
2145    0.000708
2146    0.000739
2147    0.000751
2148    0.000814
2149    0.000737
2150    0.000741
2151    0.000708
2152    0.001232
2153    0.001275
2154    0.000715
2155    0.00088
2156    0.001159
2157    0.000706
2158    0.00072
2159    0.000714
2160    0.000724
2161    0.00079
2162    0.000714
2163    0.00072
2164    0.000723
2165    0.000824
2166    0.000722
2167    0.000709
2168    0.000729
2169    0.000718
2170    0.000844
2171    0.000876
2172    0.000753
2173    0.000769
2174    0.000727
2175    0.00079
2176    0.000708
2177    0.000733
2178    0.001028
2179    0.000817
2180    0.000879
2181    0.000776
2182    0.00074
2183    0.000746
2184    0.000807
2185    0.000815
2186    0.000754
2187    0.000736
2188    0.001326
2189    0.000704
2190    0.000744
2191    0.000757
2192    0.000707
2193    0.000709
2194    0.000708
2195    0.000705
2196    0.000716
2197    0.000797
2198    0.000696
2199    0.000716
2200    0.000716
2201    0.000855
2202    0.000847
2203    0.000708
2204    0.000711
2205    0.000755
2206    0.000698
2207    0.000705
2208    0.001227
2209    0.000841
2210    0.000863
2211    0.000719
2212    0.000697
2213    0.000716
2214    0.000731
2215    0.00084
2216    0.00079
2217    0.000709
2218    0.000714
2219    0.000748
2220    0.000779
2221    0.000838
2222    0.000763
2223    0.000766
2224    0.000747
2225    0.000841
2226    0.000709
2227    0.000762
2228    0.001295
2229    0.000756
2230    0.000747
2231    0.00072
2232    0.000709
2233    0.000719
2234    0.000701
2235    0.000716
2236    0.001159
2237    0.001216
2238    0.000704
2239    0.0007
2240    0.000743
2241    0.000713
2242    0.000713
2243    0.00071
2244    0.000705
2245    0.000713
2246    0.000709
2247    0.000801
2248    0.000736
2249    0.00069
2250    0.001307
2251    0.000717
2252    0.000677
2253    0.000688
2254    0.00078
2255    0.00076
2256    0.000708
2257    0.000756
2258    0.000736
2259    0.000703
2260    0.00091
2261    0.00087
2262    0.000709
2263    0.000716
2264    0.000718
2265    0.000991
2266    0.000735
2267    0.000697
2268    0.000704
2269    0.000768
2270    0.000727
2271    0.000709
2272    0.000824
2273    0.000703
2274    0.000723
2275    0.000969
2276    0.001323
2277    0.001309
2278    0.000772
2279    0.001031
2280    0.000765
2281    0.000808
2282    0.000728
2283    0.00096
2284    0.000771
2285    0.000801
2286    0.00081
2287    0.000734
2288    0.000735
2289    0.001367
2290    0.00074
2291    0.001308
2292    0.000703
2293    0.000707
2294    0.000708
2295    0.0007
2296    0.000706
2297    0.001293
2298    0.000709
2299    0.000708
2300    0.001297
2301    0.001214
2302    0.000674
2303    0.001253
2304    0.000748
2305    0.000682
2306    0.000687
2307    0.00069
2308    0.000683
2309    0.000689
2310    0.000728
2311    0.001088
2312    0.000825
2313    0.001278
2314    0.001285
2315    0.00072
2316    0.000696
2317    0.000687
2318    0.00068
2319    0.000685
2320    0.000683
2321    0.000677
2322    0.000709
2323    0.000707
2324    0.000879
2325    0.000689
2326    0.000685
2327    0.000706
2328    0.000694
2329    0.000682
2330    0.000752
2331    0.000656
2332    0.000661
2333    0.000654
2334    0.000664
2335    0.000667
2336    0.001239
2337    0.000679
2338    0.000686
2339    0.001283
2340    0.00069
2341    0.000684
2342    0.000963
2343    0.001015
2344    0.000738
2345    0.000684
2346    0.000958
2347    0.000684
2348    0.000684
2349    0.001118
2350    0.000689
2351    0.000692
2352    0.000759
2353    0.000681
2354    0.000698
2355    0.000705
2356    0.00074
2357    0.000709
2358    0.000735
2359    0.000701
2360    0.00122
2361    0.000678
2362    0.000682
2363    0.000713
2364    0.000695
2365    0.000692
2366    0.000749
2367    0.000709
2368    0.001291
2369    0.000708
2370    0.00129
2371    0.000728
2372    0.000708
2373    0.000695
2374    0.000686
2375    0.000684
2376    0.00073
2377    0.001289
2378    0.00121
2379    0.000676
2380    0.000871
2381    0.000686
2382    0.000718
2383    0.000686
2384    0.000684
2385    0.000708
2386    0.001267
2387    0.000956
2388    0.000711
2389    0.000713
2390    0.000676
2391    0.000701
2392    0.000701
2393    0.000743
2394    0.000707
2395    0.000737
2396    0.000723
2397    0.000737
2398    0.000702
2399    0.00071
2400    0.0007
2401    0.00067
2402    0.00068
2403    0.000699
2404    0.000675
2405    0.000684
2406    0.000686
2407    0.00089
2408    0.000846
2409    0.000729
2410    0.000729
2411    0.00076
2412    0.00075
2413    0.000687
2414    0.000689
2415    0.000686
2416    0.00069
2417    0.000969
2418    0.000882
2419    0.000681
2420    0.001143
2421    0.000691
2422    0.000684
2423    0.000692
2424    0.000689
2425    0.000689
2426    0.000702
2427    0.000695
2428    0.000703
2429    0.000697
2430    0.000716
2431    0.000699
2432    0.001189
2433    0.000676
2434    0.000687
2435    0.000689
2436    0.000688
2437    0.000685
2438    0.000697
2439    0.001138
2440    0.001169
2441    0.001236
2442    0.000703
2443    0.00077
2444    0.001228
2445    0.001247
2446    0.00125
2447    0.000683
2448    0.000682
2449    0.000682
2450    0.000712
2451    0.000769
2452    0.000773
2453    0.000762
2454    0.000754
2455    0.000762
2456    0.000786
2457    0.000776
2458    0.000759
2459    0.000769
2460    0.000769
2461    0.000765
2462    0.000758
2463    0.001377
2464    0.001418
2465    0.001195
2466    0.00118
2467    0.00135
2468    0.001385
2469    0.000802
2470    0.001115
2471    0.000875
2472    0.001328
2473    0.000762
2474    0.000762
2475    0.000733
2476    0.000737
2477    0.000769
2478    0.000811
2479    0.00075
2480    0.000715
2481    0.000716
2482    0.000712
2483    0.00072
2484    0.000716
2485    0.000715
2486    0.000717
2487    0.000713
2488    0.000705
2489    0.00072
2490    0.000757
2491    0.000725
2492    0.000724
2493    0.000727
2494    0.001002
2495    0.000686
2496    0.000703
2497    0.00068
2498    0.000692
2499    0.000708
2500    0.000789
2501    0.00071
2502    0.000715
2503    0.000734
2504    0.000711
2505    0.000786
2506    0.000751
2507    0.000723
2508    0.000714
2509    0.00072
2510    0.000708
2511    0.000748
2512    0.000713
2513    0.00071
2514    0.000683
2515    0.000707
2516    0.000654
2517    0.00066
2518    0.000729
2519    0.000645
2520    0.000694
2521    0.000714
2522    0.000633
2523    0.000635
2524    0.000623
2525    0.000612
2526    0.000622
2527    0.000629
2528    0.000624
2529    0.000815
2530    0.000627
2531    0.000654
2532    0.000622
2533    0.00063
2534    0.000625
2535    0.000633
2536    0.000738
2537    0.000608
2538    0.000717
2539    0.000599
2540    0.000602
2541    0.000603
2542    0.000628
2543    0.000638
2544    0.000695
2545    0.000597
2546    0.000589
2547    0.000681
2548    0.000597
2549    0.000606
2550    0.000601
2551    0.000624
2552    0.000626
2553    0.000618
2554    0.000626
2555    0.000622
2556    0.000618
2557    0.000636
2558    0.001081
2559    0.00064
2560    0.000758
2561    0.000632
2562    0.000669
2563    0.00066
2564    0.000664
2565    0.00066
2566    0.000681
2567    0.000696
2568    0.000684
2569    0.000719
2570    0.000685
2571    0.0008
2572    0.000742
2573    0.000747
2574    0.000707
2575    0.000734
2576    0.000768
2577    0.000708
2578    0.000713
2579    0.000755
2580    0.000901
2581    0.000731
2582    0.000793
2583    0.000736
2584    0.000733
2585    0.000737
2586    0.001224
2587    0.001458
2588    0.000766
2589    0.000758
2590    0.00125
2591    0.001389
2592    0.000765
2593    0.0013
2594    0.000764
2595    0.000766
2596    0.000739
2597    0.000737
2598    0.000736
2599    0.001377
2600    0.001325
2601    0.000681
2602    0.000645
2603    0.000643
2604    0.000706
2605    0.000641
2606    0.00063
2607    0.000623
2608    0.000611
2609    0.000655
2610    0.001179
2611    0.001115
2612    0.001106
2613    0.000586
2614    0.000605
2615    0.000649
2616    0.000599
2617    0.000602
2618    0.000599
2619    0.000621
2620    0.000656
2621    0.000643
2622    0.000659
2623    0.000656
2624    0.000686
2625    0.00071
2626    0.000683
2627    0.000725
2628    0.000689
2629    0.0008
2630    0.000709
2631    0.000745
2632    0.000718
2633    0.000721
2634    0.000767
2635    0.000711
2636    0.000712
2637    0.000715
2638    0.000707
2639    0.000706
2640    0.000717
2641    0.000713
2642    0.000719
2643    0.000704
2644    0.00073
2645    0.000815
2646    0.000757
2647    0.001209
2648    0.000697
2649    0.000712
2650    0.000715
2651    0.001267
2652    0.000686
2653    0.000717
2654    0.000688
2655    0.000795
2656    0.000687
2657    0.000693
2658    0.000684
2659    0.000975
2660    0.000694
2661    0.000664
2662    0.000663
2663    0.000668
2664    0.000663
2665    0.000677
2666    0.000686
2667    0.000738
2668    0.000698
2669    0.000697
2670    0.000691
2671    0.000688
2672    0.000652
2673    0.000658
2674    0.000661
2675    0.000662
2676    0.000666
2677    0.000655
2678    0.001038
2679    0.000666
2680    0.000777
2681    0.000691
2682    0.0007
2683    0.000706
2684    0.001338
2685    0.001235
2686    0.000736
2687    0.001373
2688    0.001358
2689    0.001356
2690    0.001332
2691    0.001336
2692    0.00121
2693    0.000766
2694    0.000759
2695    0.000766
2696    0.001386
2697    0.001449
2698    0.000772
2699    0.000794
2700    0.000761
2701    0.001205
2702    0.001384
2703    0.001414
2704    0.00076
2705    0.000765
2706    0.000758
2707    0.000808
2708    0.000786
2709    0.000811
2710    0.000789
2711    0.001431
2712    0.00137
2713    0.000766
2714    0.000798
2715    0.001471
2716    0.000911
2717    0.000796
2718    0.00089
2719    0.000805
2720    0.001397
2721    0.00082
2722    0.000765
2723    0.000774
2724    0.000775
2725    0.000896
2726    0.000742
2727    0.00084
2728    0.000796
2729    0.000738
2730    0.000768
2731    0.001328
2732    0.001037
2733    0.000694
2734    0.00069
2735    0.00069
2736    0.000688
2737    0.000666
2738    0.000688
2739    0.00068
2740    0.0007
2741    0.000666
2742    0.000664
2743    0.000671
2744    0.000702
2745    0.001096
2746    0.001251
2747    0.001228
2748    0.001269
2749    0.000687
2750    0.000662
2751    0.000677
2752    0.000658
2753    0.000657
2754    0.000702
2755    0.000689
2756    0.000684
2757    0.000686
2758    0.000685
2759    0.000677
2760    0.000658
2761    0.000654
2762    0.000763
2763    0.000761
2764    0.000672
2765    0.000662
2766    0.000671
2767    0.000767
2768    0.000833
2769    0.000656
2770    0.000656
2771    0.000659
2772    0.000661
2773    0.000674
2774    0.000668
2775    0.000679
2776    0.000697
2777    0.000684
2778    0.00085
2779    0.001255
2780    0.000772
2781    0.001242
2782    0.000677
2783    0.000661
2784    0.000667
2785    0.000909
2786    0.000977
2787    0.000991
2788    0.001002
2789    0.000973
2790    0.000974
2791    0.001219
2792    0.001237
2793    0.001225
2794    0.000729
2795    0.001215
2796    0.001215
2797    0.000763
2798    0.000758
2799    0.001142
2800    0.001402
2801    0.000837
2802    0.000779
2803    0.001366
2804    0.00134
2805    0.000766
2806    0.000739
2807    0.000944
2808    0.00123
2809    0.000736
2810    0.000763
2811    0.00076
2812    0.000756
2813    0.000754
2814    0.000812
2815    0.000775
2816    0.000793
2817    0.000765
2818    0.000757
2819    0.000793
2820    0.000765
2821    0.001063
2822    0.000766
2823    0.001374
2824    0.000782
2825    0.00073
2826    0.000754
2827    0.001322
2828    0.00075
2829    0.000788
2830    0.000804
2831    0.000755
2832    0.000761
2833    0.001442
2834    0.001415
2835    0.001018
2836    0.000735
2837    0.000741
2838    0.000757
2839    0.0011
2840    0.001079
2841    0.000768
2842    0.000771
2843    0.001324
2844    0.001382
2845    0.001025
2846    0.001027
2847    0.000708
2848    0.000778
2849    0.000753
2850    0.001337
2851    0.000735
2852    0.000813
2853    0.000881
2854    0.000771
2855    0.000876
2856    0.000773
2857    0.000795
2858    0.0014
2859    0.001389
2860    0.001376
2861    0.001434
2862    0.00075
2863    0.000813
2864    0.000912
2865    0.000883
2866    0.00076
2867    0.000755
2868    0.00075
2869    0.000898
2870    0.001412
2871    0.000932
2872    0.000764
2873    0.000768
2874    0.000772
2875    0.000786
2876    0.000764
2877    0.000768
2878    0.000765
2879    0.000764
2880    0.000775
2881    0.000808
2882    0.000795
2883    0.000799
2884    0.0008
2885    0.000761
2886    0.000768
2887    0.000762
2888    0.000779
2889    0.001442
2890    0.0009
2891    0.000775
2892    0.000776
2893    0.001392
2894    0.001391
2895    0.001336
2896    0.000738
2897    0.00075
2898    0.000733
2899    0.000779
2900    0.001064
2901    0.001227
2902    0.000694
2903    0.000684
2904    0.000679
2905    0.000692
2906    0.00071
2907    0.000795
2908    0.000701
2909    0.000719
2910    0.000715
2911    0.000697
2912    0.000685
2913    0.000706
2914    0.000685
2915    0.000865
2916    0.000686
2917    0.000681
2918    0.000696
2919    0.000703
2920    0.000714
2921    0.000713
2922    0.00079
2923    0.000721
2924    0.000756
2925    0.000718
2926    0.000751
2927    0.000713
2928    0.000857
2929    0.000727
2930    0.000744
2931    0.000713
2932    0.000726
2933    0.000702
2934    0.000703
2935    0.000703
2936    0.0007
2937    0.000709
2938    0.000902
2939    0.000706
2940    0.000728
2941    0.000701
2942    0.000728
2943    0.000714
2944    0.001069
2945    0.000702
2946    0.001045
2947    0.001011
2948    0.000726
2949    0.000725
2950    0.000721
2951    0.000709
2952    0.000711
2953    0.000981
2954    0.000711
2955    0.000707
2956    0.000734
2957    0.000735
2958    0.000718
2959    0.000703
2960    0.001343
2961    0.000731
2962    0.000737
2963    0.001088
2964    0.001321
2965    0.000981
2966    0.000634
2967    0.000648
2968    0.000663
2969    0.00066
2970    0.00073
2971    0.000679
2972    0.000736
2973    0.000732
2974    0.000798
2975    0.001038
2976    0.000755
2977    0.000853
2978    0.000736
2979    0.00122
2980    0.000835
2981    0.000788
2982    0.000773
2983    0.000794
2984    0.000756
2985    0.000818
2986    0.000886
2987    0.001136
2988    0.000775
2989    0.00077
2990    0.000736
2991    0.000735
2992    0.000802
2993    0.000711
2994    0.00071
2995    0.000724
2996    0.000725
2997    0.000714
2998    0.000832
2999    0.000725
3000    0.000687
3001    0.001176
3002    0.001141
3003    0.000654
3004    0.00062
3005    0.000669
3006    0.000649
3007    0.000603
3008    0.000604
3009    0.000605
3010    0.0006
3011    0.000598
3012    0.000601
3013    0.00062
3014    0.0006
3015    0.000605
3016    0.000606
3017    0.000611
3018    0.000639
3019    0.001116
3020    0.000603
3021    0.000605
3022    0.000602
3023    0.000646
3024    0.000635
3025    0.000619
3026    0.000617
3027    0.000628
3028    0.00064
3029    0.00068
3030    0.000668
3031    0.000663
3032    0.000662
3033    0.000672
3034    0.000691
3035    0.000689
3036    0.000688
3037    0.000719
3038    0.000679
3039    0.00068
3040    0.000675
3041    0.001234
3042    0.000684
3043    0.000676
3044    0.000675
3045    0.000704
3046    0.000676
3047    0.000753
3048    0.000695
3049    0.000692
3050    0.000698
3051    0.000583
3052    0.000595
3053    0.000647
3054    0.000618
3055    0.000638
3056    0.001184
3057    0.000643
3058    0.000978
3059    0.000659
3060    0.000648
3061    0.000651
3062    0.000638
3063    0.001195
3064    0.001073
3065    0.00119
3066    0.000657
3067    0.000682
3068    0.000683
3069    0.000708
3070    0.00072
3071    0.000732
3072    0.000731
3073    0.000736
3074    0.000746
3075    0.000729
3076    0.000916
3077    0.000752
3078    0.000948
3079    0.000736
3080    0.000724
3081    0.00075
3082    0.000735
3083    0.000735
3084    0.001321
3085    0.000776
3086    0.001082
3087    0.000803
3088    0.000804
3089    0.000765
3090    0.000806
3091    0.000792
3092    0.000683
3093    0.000681
3094    0.000686
3095    0.000916
3096    0.001198
3097    0.000666
3098    0.001241
3099    0.000675
3100    0.000662
3101    0.001031
3102    0.000645
3103    0.000658
3104    0.001179
3105    0.001175
3106    0.000673
3107    0.000693
3108    0.000678
3109    0.000693
3110    0.000678
3111    0.0007
3112    0.000755
3113    0.000687
3114    0.000779
3115    0.00068
3116    0.00078
3117    0.000691
3118    0.000685
3119    0.000703
3120    0.000685
3121    0.000706
3122    0.000712
3123    0.000722
3124    0.000883
3125    0.001203
3126    0.001162
3127    0.000651
3128    0.000611
3129    0.000614
3130    0.000666
3131    0.000617
3132    0.001096
3133    0.001106
3134    0.001122
3135    0.000631
3136    0.000596
3137    0.000665
3138    0.000599
3139    0.0006
3140    0.000684
3141    0.000613
3142    0.000627
3143    0.000616
3144    0.000619
3145    0.000851
3146    0.000811
3147    0.000663
3148    0.000605
3149    0.000617
3150    0.000588
3151    0.001084
3152    0.000604
3153    0.000597
3154    0.000601
3155    0.000617
3156    0.000611
3157    0.00063
3158    0.000616
3159    0.0006
3160    0.000618
3161    0.000601
3162    0.000601
3163    0.000614
3164    0.000664
3165    0.000613
3166    0.000626
3167    0.000613
3168    0.000613
3169    0.0007
3170    0.000618
3171    0.00064
3172    0.000635
3173    0.000652
3174    0.000675
3175    0.00068
3176    0.00074
3177    0.000682
3178    0.000702
3179    0.000657
3180    0.000762
3181    0.000921
3182    0.000749
3183    0.000776
3184    0.000684
3185    0.000678
3186    0.00068
3187    0.00068
3188    0.000754
3189    0.000674
3190    0.000688
3191    0.000684
3192    0.000991
3193    0.001015
3194    0.001171
3195    0.000685
3196    0.000691
3197    0.000681
3198    0.00072
3199    0.0007
3200    0.000719
3201    0.001318
3202    0.001308
3203    0.001263
3204    0.000694
3205    0.000683
3206    0.000685
3207    0.000706
3208    0.000687
3209    0.00068
3210    0.000681
3211    0.000702
3212    0.000737
3213    0.000776
3214    0.000711
3215    0.000729
3216    0.000858
3217    0.001291
3218    0.001243
3219    0.000681
3220    0.000691
3221    0.000831
3222    0.00068
3223    0.000685
3224    0.000686
3225    0.000696
3226    0.000681
3227    0.000787
3228    0.00086
3229    0.00072
3230    0.000707
3231    0.000696
3232    0.000684
3233    0.000657
3234    0.000659
3235    0.000631
3236    0.00064
3237    0.001163
3238    0.00115
3239    0.001153
3240    0.000616
3241    0.000616
3242    0.001101
3243    0.001072
3244    0.001074
3245    0.001131
3246    0.000608
3247    0.000617
3248    0.000614
3249    0.000614
3250    0.000624
3251    0.000615
3252    0.00099
3253    0.000619
3254    0.000617
3255    0.000606
3256    0.000648
3257    0.000604
3258    0.000641
3259    0.00109
3260    0.00059
3261    0.000605
3262    0.000853
3263    0.000584
3264    0.000595
3265    0.000623
3266    0.0006
3267    0.000591
3268    0.000603
3269    0.000625
3270    0.000604
3271    0.000627
3272    0.000615
3273    0.000621
3274    0.000624
3275    0.000652
3276    0.000636
3277    0.000684
3278    0.000635
3279    0.000657
3280    0.000973
3281    0.000664
3282    0.000698
3283    0.000681
3284    0.000674
3285    0.001239
3286    0.000688
3287    0.000749
3288    0.000675
3289    0.000912
3290    0.001273
3291    0.001009
3292    0.000838
3293    0.00124
3294    0.001329
3295    0.000821
3296    0.00109
3297    0.00076
3298    0.000736
3299    0.000738
3300    0.000781
3301    0.001071
3302    0.000655
3303    0.000699
3304    0.00068
3305    0.001144
3306    0.001211
3307    0.001087
3308    0.00072
3309    0.000719
3310    0.000709
3311    0.000706
3312    0.000709
3313    0.000746
3314    0.000718
3315    0.000715
3316    0.000866
3317    0.00072
3318    0.000721
3319    0.000711
3320    0.000765
3321    0.000712
3322    0.00087
3323    0.000889
3324    0.000923
3325    0.00075
3326    0.000869
3327    0.000716
3328    0.000809
3329    0.000679
3330    0.000687
3331    0.000676
3332    0.000713
3333    0.001275
3334    0.000689
3335    0.000689
3336    0.00071
3337    0.000691
3338    0.000688
3339    0.000708
3340    0.000705
3341    0.000711
3342    0.000708
3343    0.000712
3344    0.000704
3345    0.000726
3346    0.000713
3347    0.001314
3348    0.001311
3349    0.000848
3350    0.000721
3351    0.001201
3352    0.000656
3353    0.00066
3354    0.000657
3355    0.000721
3356    0.000681
3357    0.000686
3358    0.00088
3359    0.000709
3360    0.000732
3361    0.000737
3362    0.000835
3363    0.000769
3364    0.00077
3365    0.000763
3366    0.000815
3367    0.000776
3368    0.000751
3369    0.000758
3370    0.000791
3371    0.000914
3372    0.000793
3373    0.000911
3374    0.001408
3375    0.000908
3376    0.000769
3377    0.000823
3378    0.001401
3379    0.0014
3380    0.000743
3381    0.001217
3382    0.001215
3383    0.0012
3384    0.000754
3385    0.000721
3386    0.000678
3387    0.001049
3388    0.00068
3389    0.000697
3390    0.000675
3391    0.000686
3392    0.000655
3393    0.000684
3394    0.000661
3395    0.00067
3396    0.000659
3397    0.000638
3398    0.000647
3399    0.000761
3400    0.000682
3401    0.001216
3402    0.001224
3403    0.001213
3404    0.00064
3405    0.00064
3406    0.000651
3407    0.00068
3408    0.000662
3409    0.000668
3410    0.000687
3411    0.000671
3412    0.001134
3413    0.000698
3414    0.000672
3415    0.000687
3416    0.000715
3417    0.000694
3418    0.000689
3419    0.000686
3420    0.000819
3421    0.001224
3422    0.00123
3423    0.00107
3424    0.001238
3425    0.000771
3426    0.000888
3427    0.000719
3428    0.000654
3429    0.000679
3430    0.000796
3431    0.000681
3432    0.001268
3433    0.000716
3434    0.001241
3435    0.001172
3436    0.001187
3437    0.001199
3438    0.000685
3439    0.000657
3440    0.000657
3441    0.001213
3442    0.000693
3443    0.000701
3444    0.000708
3445    0.00083
3446    0.00075
3447    0.000753
3448    0.000787
3449    0.000778
3450    0.00109
3451    0.000791
3452    0.000816
3453    0.000776
3454    0.001395
3455    0.001329
3456    0.000886
3457    0.001035
3458    0.000699
3459    0.000707
3460    0.000759
3461    0.000678
3462    0.001072
3463    0.000998
3464    0.001242
3465    0.000708
3466    0.001272
3467    0.000747
3468    0.000689
3469    0.000712
3470    0.000715
3471    0.000713
3472    0.00119
3473    0.001256
3474    0.001261
3475    0.000715
3476    0.000703
3477    0.000752
3478    0.000739
3479    0.000789
3480    0.000761
3481    0.00076
3482    0.000999
3483    0.000778
3484    0.000759
3485    0.000768
3486    0.000771
3487    0.00087
3488    0.000811
3489    0.000817
3490    0.00078
3491    0.000798
3492    0.000937
3493    0.000817
3494    0.000777
3495    0.000887
3496    0.000747
3497    0.000733
3498    0.000892
3499    0.000728
3500    0.000711
3501    0.000729
3502    0.001188
3503    0.001182
3504    0.001177
3505    0.001148
3506    0.001144
3507    0.001185
3508    0.001184
3509    0.001228
3510    0.000706
3511    0.000729
3512    0.000737
3513    0.000737
3514    0.000736
3515    0.000743
3516    0.00075
3517    0.000738
3518    0.001395
3519    0.001417
3520    0.001431
3521    0.001333
3522    0.001308
3523    0.00133
3524    0.000734
3525    0.000741
3526    0.000774
3527    0.000769
3528    0.000769
3529    0.000764
3530    0.000764
3531    0.000793
3532    0.000793
3533    0.000771
3534    0.000772
3535    0.000754
3536    0.000805
3537    0.000767
3538    0.000773
3539    0.000771
3540    0.000761
3541    0.000839
3542    0.000762
3543    0.000861
3544    0.00077
3545    0.001374
3546    0.001373
3547    0.000763
3548    0.000767
3549    0.000771
3550    0.001391
3551    0.001028
3552    0.000755
3553    0.000757
3554    0.001374
3555    0.001379
3556    0.001436
3557    0.00081
3558    0.001178
3559    0.000909
3560    0.000805
3561    0.00081
3562    0.000888
3563    0.000833
3564    0.001142
3565    0.000882
3566    0.000813
3567    0.000924
3568    0.001435
3569    0.001436
3570    0.000897
3571    0.000884
3572    0.000815
3573    0.0014
3574    0.001424
3575    0.00082
3576    0.000758
3577    0.00078
3578    0.001169
3579    0.000775
3580    0.000754
3581    0.000784
3582    0.000932
3583    0.000753
3584    0.001295
3585    0.000737
3586    0.000734
3587    0.001137
3588    0.000755
3589    0.001374
3590    0.001205
3591    0.001056
3592    0.000758
3593    0.001402
3594    0.000739
3595    0.000773
3596    0.000752
3597    0.000752
3598    0.001341
3599    0.000741
3600    0.000742
