1    0.000436
2    0.000317
3    0.000427
4    0.000362
5    0.000437
6    0.000392
7    0.000453
8    0.000491
9    0.000276
10    0.000348
11    0.00047
12    0.000461
13    0.000451
14    0.000462
15    0.000463
16    0.000467
17    0.000455
18    0.000469
19    0.000447
20    0.000468
21    0.000468
22    0.000463
23    0.000463
24    0.000474
25    0.000469
26    0.000469
27    0.000462
28    0.000464
29    0.000463
30    0.000464
31    0.000472
32    0.000481
33    0.000427
34    0.000499
35    0.000481
36    0.000463
37    0.000469
38    0.000479
39    0.000458
40    0.000466
41    0.000455
42    0.000471
43    0.00046
44    0.000468
45    0.000472
46    0.000469
47    0.000461
48    0.000465
49    0.000464
50    0.000468
51    0.000457
52    0.000455
53    0.000455
54    0.000483
55    0.000475
56    0.000472
57    0.000461
58    0.00045
59    0.000478
60    0.000462
61    0.000453
62    0.000493
63    0.000473
64    0.000473
65    0.000471
66    0.000458
67    0.000471
68    0.000465
69    0.00045
70    0.000466
71    0.000467
72    0.000473
73    0.000468
74    0.000473
75    0.000462
76    0.000467
77    0.000536
78    0.000875
79    0.000474
80    0.000462
81    0.000463
82    0.000461
83    0.000475
84    0.00046
85    0.00049
86    0.000482
87    0.000489
88    0.000501
89    0.000477
90    0.000493
91    0.000477
92    0.000482
93    0.000491
94    0.000468
95    0.000502
96    0.000473
97    0.000485
98    0.000494
99    0.000491
100    0.000471
101    0.000497
102    0.000539
103    0.000499
104    0.000505
105    0.000465
106    0.000497
107    0.000478
108    0.000461
109    0.000464
110    0.000465
111    0.000488
112    0.000459
113    0.000489
114    0.00088
115    0.00048
116    0.000473
117    0.00044
118    0.000504
119    0.000502
120    0.000521
121    0.000463
122    0.000504
123    0.000478
124    0.000485
125    0.000439
126    0.000461
127    0.000504
128    0.00057
129    0.000514
130    0.000467
131    0.000491
132    0.000479
133    0.000463
134    0.000458
135    0.000462
136    0.000481
137    0.000434
138    0.00063
139    0.000451
140    0.000855
141    0.000468
142    0.000463
143    0.000487
144    0.000437
145    0.000486
146    0.000466
147    0.000473
148    0.000504
149    0.00048
150    0.000422
151    0.000459
152    0.000437
153    0.000561
154    0.000478
155    0.000435
156    0.000447
157    0.000473
158    0.000443
159    0.000436
160    0.000496
161    0.000513
162    0.000501
163    0.00047
164    0.000651
165    0.000855
166    0.000492
167    0.000455
168    0.000481
169    0.000454
170    0.000477
171    0.000468
172    0.000475
173    0.000477
174    0.000465
175    0.000464
176    0.000483
177    0.000456
178    0.000476
179    0.000883
180    0.000932
181    0.000547
182    0.000595
183    0.000975
184    0.000572
185    0.000591
186    0.001091
187    0.000591
188    0.001034
189    0.00102
190    0.001058
191    0.001124
192    0.001059
193    0.001042
194    0.001063
195    0.001042
196    0.000602
197    0.001175
198    0.000734
199    0.000651
200    0.000624
201    0.000658
202    0.000761
203    0.000627
204    0.00063
205    0.000633
206    0.000627
207    0.00062
208    0.000641
209    0.000728
210    0.000636
211    0.000642
212    0.000648
213    0.000637
214    0.000639
215    0.000703
216    0.000662
217    0.000688
218    0.000689
219    0.000706
220    0.000718
221    0.001138
222    0.001134
223    0.001139
224    0.000741
225    0.001171
226    0.000916
227    0.000681
228    0.00069
229    0.00069
230    0.000666
231    0.000681
232    0.000699
233    0.000664
234    0.000645
235    0.00063
236    0.00075
237    0.00064
238    0.000631
239    0.000635
240    0.000637
241    0.000644
242    0.000674
243    0.000635
244    0.000635
245    0.00064
246    0.000643
247    0.000645
248    0.000649
249    0.001089
250    0.00064
251    0.000643
252    0.00075
253    0.00068
254    0.000681
255    0.000659
256    0.000646
257    0.000638
258    0.000643
259    0.000668
260    0.000681
261    0.000638
262    0.000678
263    0.000659
264    0.000657
265    0.000688
266    0.00079
267    0.000664
268    0.00068
269    0.000668
270    0.000712
271    0.000682
272    0.000694
273    0.000693
274    0.000685
275    0.000714
276    0.000711
277    0.001316
278    0.001019
279    0.000695
280    0.000684
281    0.000689
282    0.00069
283    0.00071
284    0.00068
285    0.00071
286    0.000685
287    0.000688
288    0.000768
289    0.000687
290    0.000787
291    0.000708
292    0.000834
293    0.001282
294    0.000681
295    0.000798
296    0.001318
297    0.002356
298    0.000676
299    0.000689
300    0.00072
301    0.001195
302    0.001225
303    0.000714
304    0.000763
305    0.000703
306    0.000681
307    0.000787
308    0.00069
309    0.000691
310    0.000682
311    0.000719
312    0.000706
313    0.000712
314    0.000703
315    0.001242
316    0.000687
317    0.000682
318    0.000694
319    0.000694
320    0.000694
321    0.001239
322    0.00067
323    0.001214
324    0.001217
325    0.000667
326    0.00068
327    0.000874
328    0.00101
329    0.000675
330    0.000663
331    0.000665
332    0.000667
333    0.00067
334    0.000683
335    0.000718
336    0.000772
337    0.00085
338    0.000901
339    0.000683
340    0.000689
341    0.000659
342    0.000703
343    0.001114
344    0.000688
345    0.000696
346    0.000694
347    0.000692
348    0.000656
349    0.000664
350    0.001237
351    0.001254
352    0.00119
353    0.000681
354    0.001128
355    0.001119
356    0.00069
357    0.000687
358    0.000692
359    0.000685
360    0.001016
361    0.000669
362    0.00084
363    0.000665
364    0.000685
365    0.000699
366    0.000689
367    0.000666
368    0.000665
369    0.001067
370    0.001081
371    0.001073
372    0.001115
373    0.001127
374    0.001092
375    0.001115
376    0.001154
377    0.000883
378    0.001006
379    0.000669
380    0.001123
381    0.000741
382    0.000793
383    0.000779
384    0.000679
385    0.001212
386    0.000698
387    0.000672
388    0.000701
389    0.000686
390    0.000686
391    0.000684
392    0.000856
393    0.000693
394    0.000685
395    0.001035
396    0.000685
397    0.000702
398    0.000686
399    0.0007
400    0.000717
401    0.000724
402    0.000675
403    0.000677
404    0.000668
405    0.001168
406    0.001195
407    0.000661
408    0.000666
409    0.000672
410    0.000666
411    0.000668
412    0.001184
413    0.000943
414    0.000664
415    0.000669
416    0.000663
417    0.000659
418    0.000665
419    0.000655
420    0.000687
421    0.001275
422    0.000833
423    0.000696
424    0.000667
425    0.000671
426    0.000666
427    0.000639
428    0.000642
429    0.000762
430    0.001199
431    0.000671
432    0.000693
433    0.000721
434    0.000706
435    0.000749
436    0.000706
437    0.000674
438    0.000683
439    0.000679
440    0.000668
441    0.000662
442    0.000692
443    0.00075
444    0.001171
445    0.000712
446    0.001052
447    0.0007
448    0.000687
449    0.000675
450    0.000668
451    0.001171
452    0.000671
453    0.000639
454    0.001241
455    0.000675
456    0.000682
457    0.000671
458    0.001038
459    0.000679
460    0.000669
461    0.000681
462    0.000653
463    0.000703
464    0.000648
465    0.000668
466    0.000648
467    0.000653
468    0.000757
469    0.000676
470    0.001089
471    0.000684
472    0.000704
473    0.000777
474    0.000676
475    0.000671
476    0.000703
477    0.000686
478    0.000697
479    0.000675
480    0.000676
481    0.000715
482    0.000672
483    0.000678
484    0.000683
485    0.000691
486    0.001185
487    0.001179
488    0.001151
489    0.000652
490    0.000652
491    0.000952
492    0.000691
493    0.000696
494    0.000698
495    0.000683
496    0.000743
497    0.000661
498    0.000721
499    0.000749
500    0.000922
501    0.001164
502    0.001163
503    0.000648
504    0.000655
505    0.000651
506    0.000647
507    0.000684
508    0.000674
509    0.000686
510    0.000671
511    0.00088
512    0.000675
513    0.000686
514    0.000839
515    0.000966
516    0.000679
517    0.00067
518    0.000668
519    0.000976
520    0.000673
521    0.000678
522    0.000669
523    0.000681
524    0.000673
525    0.0012
526    0.000674
527    0.000677
528    0.000669
529    0.000689
530    0.000658
531    0.001219
532    0.000708
533    0.000689
534    0.000674
535    0.001193
536    0.000773
537    0.001192
538    0.000664
539    0.00067
540    0.000874
541    0.000745
542    0.000732
543    0.00065
544    0.000646
545    0.001172
546    0.0007
547    0.001178
548    0.001179
549    0.001107
550    0.001182
551    0.00115
552    0.001113
553    0.001136
554    0.001162
555    0.000652
556    0.00065
557    0.001163
558    0.001163
559    0.001151
560    0.001152
561    0.001169
562    0.001168
563    0.00105
564    0.000638
565    0.000644
566    0.00065
567    0.001148
568    0.000664
569    0.001175
570    0.001239
571    0.001209
572    0.000668
573    0.00071
574    0.001184
575    0.000684
576    0.000745
577    0.000686
578    0.0007
579    0.000798
580    0.00068
581    0.000714
582    0.000677
583    0.000671
584    0.001205
585    0.000665
586    0.001193
587    0.000673
588    0.000688
589    0.000717
590    0.000684
591    0.001212
592    0.001201
593    0.001169
594    0.001171
595    0.001162
596    0.001017
597    0.001076
598    0.000944
599    0.001002
600    0.001164
601    0.001217
602    0.00121
603    0.001224
604    0.001216
605    0.000665
606    0.00068
607    0.000675
608    0.000675
609    0.000712
610    0.000681
611    0.000815
612    0.000692
613    0.000691
614    0.000711
615    0.000996
616    0.000803
617    0.000699
618    0.001211
619    0.001203
620    0.001214
621    0.00123
622    0.000749
623    0.000792
624    0.000674
625    0.000675
626    0.000664
627    0.000667
628    0.000668
629    0.001201
630    0.001199
631    0.000665
632    0.00066
633    0.000666
634    0.000687
635    0.000668
636    0.000668
637    0.000674
638    0.001155
639    0.000648
640    0.001186
641    0.001159
642    0.001163
643    0.001164
644    0.001078
645    0.001154
646    0.001199
647    0.001199
648    0.000672
649    0.000665
650    0.000684
651    0.000666
652    0.000724
653    0.000682
654    0.000742
655    0.001249
656    0.00122
657    0.000657
658    0.000662
659    0.00068
660    0.001195
661    0.000679
662    0.000681
663    0.000706
664    0.000694
665    0.001066
666    0.001199
667    0.001193
668    0.00067
669    0.000663
670    0.000668
671    0.00067
672    0.000669
673    0.000673
674    0.00067
675    0.00068
676    0.000763
677    0.001204
678    0.001199
679    0.001182
680    0.001137
681    0.001147
682    0.000661
683    0.00065
684    0.000666
685    0.000682
686    0.000682
687    0.001217
688    0.001226
689    0.001211
690    0.001239
691    0.001183
692    0.001178
693    0.001199
694    0.001208
695    0.001231
696    0.00084
697    0.000668
698    0.000677
699    0.000665
700    0.000695
701    0.001098
702    0.001082
703    0.001178
704    0.001131
705    0.000887
706    0.000669
707    0.000676
708    0.000687
709    0.000671
710    0.000673
711    0.000724
712    0.000683
713    0.000669
714    0.000704
715    0.000692
716    0.000716
717    0.000704
718    0.000693
719    0.000685
720    0.000656
721    0.000662
722    0.000664
723    0.000664
724    0.000984
725    0.001167
726    0.001155
727    0.000696
728    0.000666
729    0.000671
730    0.000677
731    0.000678
732    0.00068
733    0.000806
734    0.000677
735    0.000668
736    0.000681
737    0.000683
738    0.000671
739    0.000755
740    0.000759
741    0.000817
742    0.000688
743    0.00069
744    0.000689
745    0.00125
746    0.001218
747    0.000666
748    0.00107
749    0.000683
750    0.000829
751    0.00067
752    0.000671
753    0.000678
754    0.00078
755    0.00075
756    0.000695
757    0.000668
758    0.000743
759    0.000818
760    0.000949
761    0.001238
762    0.000682
763    0.00067
764    0.000676
765    0.000711
766    0.000694
767    0.000774
768    0.000965
769    0.00082
770    0.001246
771    0.001202
772    0.000677
773    0.000662
774    0.000679
775    0.000694
776    0.000687
777    0.000677
778    0.000668
779    0.001149
780    0.000669
781    0.000681
782    0.000668
783    0.000678
784    0.000686
785    0.001206
786    0.000653
787    0.000708
788    0.000663
789    0.001097
790    0.00065
791    0.000653
792    0.000645
793    0.000672
794    0.000721
795    0.001172
796    0.000684
797    0.000674
798    0.000668
799    0.000668
800    0.000726
801    0.000722
802    0.000776
803    0.001362
804    0.001338
805    0.000792
806    0.000763
807    0.000746
808    0.000804
809    0.001365
810    0.000746
811    0.000776
812    0.000773
813    0.000786
814    0.000785
815    0.001394
816    0.000768
817    0.001375
818    0.000764
819    0.001371
820    0.000765
821    0.000843
822    0.000769
823    0.00078
824    0.000943
825    0.000775
826    0.000947
827    0.00077
828    0.000859
829    0.000809
830    0.001014
831    0.000937
832    0.00077
833    0.001413
834    0.000785
835    0.000769
836    0.000844
837    0.000764
838    0.00147
839    0.000764
840    0.000854
841    0.001428
842    0.000805
843    0.000849
844    0.000837
845    0.000817
846    0.000844
847    0.001348
848    0.000774
849    0.000779
850    0.000777
851    0.000755
852    0.00074
853    0.000758
854    0.000744
855    0.000906
856    0.001343
857    0.000767
858    0.00144
859    0.00137
860    0.000944
861    0.000852
862    0.001382
863    0.000861
864    0.000801
865    0.000852
866    0.00145
867    0.000796
868    0.00109
869    0.000887
870    0.001194
871    0.000778
872    0.000775
873    0.001381
874    0.00132
875    0.000744
876    0.000744
877    0.000784
878    0.000772
879    0.000812
880    0.00079
881    0.000776
882    0.000835
883    0.000786
884    0.000769
885    0.00078
886    0.000897
887    0.000777
888    0.000846
889    0.001416
890    0.000775
891    0.000845
892    0.000779
893    0.000801
894    0.000779
895    0.000775
896    0.000771
897    0.000878
898    0.000813
899    0.000779
900    0.000772
901    0.000736
902    0.00076
903    0.000806
904    0.000734
905    0.000787
906    0.001074
907    0.001111
908    0.000761
909    0.00093
910    0.000784
911    0.00088
912    0.000846
913    0.00081
914    0.000794
915    0.000767
916    0.000837
917    0.000772
918    0.001356
919    0.000738
920    0.000758
921    0.000734
922    0.000736
923    0.00074
924    0.000761
925    0.000819
926    0.000739
927    0.00075
928    0.00079
929    0.000807
930    0.000767
931    0.001368
932    0.001352
933    0.000795
934    0.000764
935    0.00079
936    0.000762
937    0.000766
938    0.000771
939    0.000804
940    0.000775
941    0.001489
942    0.000994
943    0.000872
944    0.000785
945    0.001417
946    0.000764
947    0.000858
948    0.000768
949    0.000764
950    0.000887
951    0.001297
952    0.001325
953    0.000761
954    0.001088
955    0.000737
956    0.000878
957    0.001041
958    0.000973
959    0.001393
960    0.000776
961    0.000777
962    0.001151
963    0.001267
964    0.001221
965    0.000794
966    0.000777
967    0.000768
968    0.001379
969    0.000784
970    0.000868
971    0.001301
972    0.000771
973    0.000777
974    0.001296
975    0.000791
976    0.00088
977    0.00077
978    0.001381
979    0.000807
980    0.0008
981    0.000937
982    0.000945
983    0.001373
984    0.000768
985    0.000964
986    0.000859
987    0.000795
988    0.000791
989    0.000771
990    0.000937
991    0.001383
992    0.001401
993    0.000789
994    0.001443
995    0.001436
996    0.001344
997    0.000748
998    0.000746
999    0.000825
1000    0.00131
1001    0.000772
1002    0.00074
1003    0.000833
1004    0.00074
1005    0.001342
1006    0.000821
1007    0.000897
1008    0.000774
1009    0.000892
1010    0.000854
1011    0.000768
1012    0.000768
1013    0.000753
1014    0.000847
1015    0.000745
1016    0.000749
1017    0.000775
1018    0.000775
1019    0.000911
1020    0.00099
1021    0.000902
1022    0.001388
1023    0.001108
1024    0.001233
1025    0.000786
1026    0.000774
1027    0.000791
1028    0.001039
1029    0.000795
1030    0.00139
1031    0.001424
1032    0.001362
1033    0.0014
1034    0.001336
1035    0.001314
1036    0.00135
1037    0.001341
1038    0.001321
1039    0.00075
1040    0.000822
1041    0.001033
1042    0.000811
1043    0.000761
1044    0.000768
1045    0.00076
1046    0.00077
1047    0.000814
1048    0.000777
1049    0.000765
1050    0.000778
1051    0.001295
1052    0.000783
1053    0.00078
1054    0.000788
1055    0.000774
1056    0.000838
1057    0.000857
1058    0.001019
1059    0.001351
1060    0.001289
1061    0.001328
1062    0.000746
1063    0.000783
1064    0.000759
1065    0.000753
1066    0.000745
1067    0.000743
1068    0.001343
1069    0.000747
1070    0.000769
1071    0.000775
1072    0.000789
1073    0.001382
1074    0.000775
1075    0.001387
1076    0.000775
1077    0.00074
1078    0.000746
1079    0.001357
1080    0.001266
1081    0.000777
1082    0.000772
1083    0.001177
1084    0.001389
1085    0.001346
1086    0.000768
1087    0.000762
1088    0.000743
1089    0.001342
1090    0.001351
1091    0.001335
1092    0.001343
1093    0.001321
1094    0.001318
1095    0.001319
1096    0.001346
1097    0.000792
1098    0.001637
1099    0.001453
1100    0.000774
1101    0.001382
1102    0.000779
1103    0.000772
1104    0.000809
1105    0.001452
1106    0.001405
1107    0.001405
1108    0.001379
1109    0.00134
1110    0.000748
1111    0.000763
1112    0.00076
1113    0.000842
1114    0.000744
1115    0.000773
1116    0.000856
1117    0.000817
1118    0.000776
1119    0.000769
1120    0.00078
1121    0.000783
1122    0.000769
1123    0.0008
1124    0.000746
1125    0.001358
1126    0.000747
1127    0.000745
1128    0.001196
1129    0.000924
1130    0.000774
1131    0.001389
1132    0.001412
1133    0.001398
1134    0.001331
1135    0.000751
1136    0.000976
1137    0.001217
1138    0.001244
1139    0.001235
1140    0.000747
1141    0.001277
1142    0.001011
1143    0.000774
1144    0.001417
1145    0.001373
1146    0.000764
1147    0.000757
1148    0.000906
1149    0.000786
1150    0.000775
1151    0.000745
1152    0.000762
1153    0.000754
1154    0.000755
1155    0.000793
1156    0.000771
1157    0.0008
1158    0.000772
1159    0.00079
1160    0.000771
1161    0.00087
1162    0.000769
1163    0.000936
1164    0.000773
1165    0.000779
1166    0.000786
1167    0.000785
1168    0.000791
1169    0.000812
1170    0.000907
1171    0.000844
1172    0.000771
1173    0.000794
1174    0.000793
1175    0.000802
1176    0.000977
1177    0.001394
1178    0.000783
1179    0.001019
1180    0.000772
1181    0.000773
1182    0.000828
1183    0.001162
1184    0.000781
1185    0.000772
1186    0.000856
1187    0.001
1188    0.000753
1189    0.001185
1190    0.001439
1191    0.001139
1192    0.001138
1193    0.000782
1194    0.001319
1195    0.001144
1196    0.001226
1197    0.00115
1198    0.001108
1199    0.000747
1200    0.001342
1201    0.001376
1202    0.000813
1203    0.000815
1204    0.000935
1205    0.000773
1206    0.000774
1207    0.000761
1208    0.000755
1209    0.000831
1210    0.000839
1211    0.000996
1212    0.001124
1213    0.000767
1214    0.000763
1215    0.000757
1216    0.00077
1217    0.000778
1218    0.000768
1219    0.000769
1220    0.000769
1221    0.000784
1222    0.000785
1223    0.000882
1224    0.001393
1225    0.001388
1226    0.000838
1227    0.001335
1228    0.001329
1229    0.001371
1230    0.000756
1231    0.000787
1232    0.00074
1233    0.000781
1234    0.000752
1235    0.000787
1236    0.00079
1237    0.000779
1238    0.000775
1239    0.000771
1240    0.000771
1241    0.00078
1242    0.00077
1243    0.000774
1244    0.000932
1245    0.001408
1246    0.001242
1247    0.000777
1248    0.000781
1249    0.000876
1250    0.000779
1251    0.00076
1252    0.000777
1253    0.000755
1254    0.000764
1255    0.000851
1256    0.000782
1257    0.000792
1258    0.00078
1259    0.00082
1260    0.000813
1261    0.000768
1262    0.00077
1263    0.000777
1264    0.001111
1265    0.000767
1266    0.000771
1267    0.001405
1268    0.00078
1269    0.000759
1270    0.000766
1271    0.000763
1272    0.000772
1273    0.000766
1274    0.000764
1275    0.000781
1276    0.000778
1277    0.000775
1278    0.000774
1279    0.000767
1280    0.000764
1281    0.000765
1282    0.000927
1283    0.000769
1284    0.00077
1285    0.00081
1286    0.000765
1287    0.000773
1288    0.000903
1289    0.001425
1290    0.00142
1291    0.000765
1292    0.000779
1293    0.001407
1294    0.00076
1295    0.000761
1296    0.000769
1297    0.000764
1298    0.001431
1299    0.001074
1300    0.001362
1301    0.001391
1302    0.00138
1303    0.001386
1304    0.000768
1305    0.000786
1306    0.000782
1307    0.000922
1308    0.00142
1309    0.000796
1310    0.000872
1311    0.000854
1312    0.000923
1313    0.001368
1314    0.000782
1315    0.000775
1316    0.001401
1317    0.001334
1318    0.001345
1319    0.000744
1320    0.000736
1321    0.000756
1322    0.001083
1323    0.000737
1324    0.000898
1325    0.000769
1326    0.000811
1327    0.000764
1328    0.000765
1329    0.001139
1330    0.000775
1331    0.000819
1332    0.000757
1333    0.001378
1334    0.000772
1335    0.00077
1336    0.000854
1337    0.000765
1338    0.001402
1339    0.000765
1340    0.000769
1341    0.000764
1342    0.000792
1343    0.000858
1344    0.000872
1345    0.000823
1346    0.000767
1347    0.000883
1348    0.001436
1349    0.000779
1350    0.001412
1351    0.000774
1352    0.000759
1353    0.000759
1354    0.000794
1355    0.00075
1356    0.000745
1357    0.000861
1358    0.00139
1359    0.00077
1360    0.001107
1361    0.001107
1362    0.000765
1363    0.001118
1364    0.000768
1365    0.00077
1366    0.000802
1367    0.000849
1368    0.000779
1369    0.000844
1370    0.000769
1371    0.000778
1372    0.000783
1373    0.000778
1374    0.000796
1375    0.000762
1376    0.000772
1377    0.000805
1378    0.000786
1379    0.000791
1380    0.000807
1381    0.000781
1382    0.00083
1383    0.0014
1384    0.000788
1385    0.001406
1386    0.000792
1387    0.000774
1388    0.000802
1389    0.000789
1390    0.000777
1391    0.000771
1392    0.001283
1393    0.000773
1394    0.000767
1395    0.000788
1396    0.000914
1397    0.000912
1398    0.000785
1399    0.000913
1400    0.000774
1401    0.001373
1402    0.001369
1403    0.001352
1404    0.000895
1405    0.000738
1406    0.000767
1407    0.0008
1408    0.000764
1409    0.000794
1410    0.000767
1411    0.00077
1412    0.000873
1413    0.000838
1414    0.000803
1415    0.00082
1416    0.000807
1417    0.000796
1418    0.000881
1419    0.000914
1420    0.000762
1421    0.000775
1422    0.00079
1423    0.00078
1424    0.001408
1425    0.000842
1426    0.000781
1427    0.000792
1428    0.000807
1429    0.000829
1430    0.000764
1431    0.000758
1432    0.000748
1433    0.000753
1434    0.000769
1435    0.000743
1436    0.000747
1437    0.00082
1438    0.000752
1439    0.000832
1440    0.001413
1441    0.00142
1442    0.001372
1443    0.001378
1444    0.00077
1445    0.000827
1446    0.00122
1447    0.00134
1448    0.00076
1449    0.000788
1450    0.000844
1451    0.001331
1452    0.001336
1453    0.000749
1454    0.000755
1455    0.000924
1456    0.000772
1457    0.000843
1458    0.000829
1459    0.000789
1460    0.000939
1461    0.000786
1462    0.000822
1463    0.00097
1464    0.001103
1465    0.001005
1466    0.001358
1467    0.00139
1468    0.000764
1469    0.000809
1470    0.000903
1471    0.000816
1472    0.000967
1473    0.000806
1474    0.000772
1475    0.000766
1476    0.000909
1477    0.000799
1478    0.000774
1479    0.000766
1480    0.000852
1481    0.00077
1482    0.000781
1483    0.000777
1484    0.000787
1485    0.000773
1486    0.000776
1487    0.000772
1488    0.000768
1489    0.000771
1490    0.000766
1491    0.000764
1492    0.001254
1493    0.000813
1494    0.001449
1495    0.000766
1496    0.001351
1497    0.00139
1498    0.001284
1499    0.001336
1500    0.001324
1501    0.001342
1502    0.000749
1503    0.00084
1504    0.000741
1505    0.000759
1506    0.000746
1507    0.000742
1508    0.000841
1509    0.000777
1510    0.000765
1511    0.000887
1512    0.000777
1513    0.000772
1514    0.000779
1515    0.001074
1516    0.00077
1517    0.000773
1518    0.000802
1519    0.000796
1520    0.000822
1521    0.000802
1522    0.000758
1523    0.000781
1524    0.000777
1525    0.000785
1526    0.00141
1527    0.00084
1528    0.001452
1529    0.00078
1530    0.001336
1531    0.000787
1532    0.000771
1533    0.000781
1534    0.000798
1535    0.000804
1536    0.000839
1537    0.000808
1538    0.000769
1539    0.00076
1540    0.000778
1541    0.001392
1542    0.001412
1543    0.00074
1544    0.000868
1545    0.000733
1546    0.000747
1547    0.000862
1548    0.000736
1549    0.000738
1550    0.000734
1551    0.001343
1552    0.000756
1553    0.000757
1554    0.000743
1555    0.000747
1556    0.000776
1557    0.000771
1558    0.001399
1559    0.001329
1560    0.000818
1561    0.000851
1562    0.000776
1563    0.000794
1564    0.000835
1565    0.000808
1566    0.000798
1567    0.000854
1568    0.000911
1569    0.000867
1570    0.000764
1571    0.001392
1572    0.000847
1573    0.000827
1574    0.000856
1575    0.000782
1576    0.000785
1577    0.000776
1578    0.00078
1579    0.000881
1580    0.000802
1581    0.000876
1582    0.000778
1583    0.000792
1584    0.000885
1585    0.000766
1586    0.000776
1587    0.00078
1588    0.000799
1589    0.000814
1590    0.000778
1591    0.000785
1592    0.000802
1593    0.000774
1594    0.001379
1595    0.001439
1596    0.000858
1597    0.000763
1598    0.001386
1599    0.001218
1600    0.001332
1601    0.000793
1602    0.000777
1603    0.000762
1604    0.000766
1605    0.000781
1606    0.000764
1607    0.000768
1608    0.000784
1609    0.000803
1610    0.000855
1611    0.000892
1612    0.000796
1613    0.000796
1614    0.000857
1615    0.000765
1616    0.000777
1617    0.000785
1618    0.000766
1619    0.000769
1620    0.000775
1621    0.001469
1622    0.00079
1623    0.00139
1624    0.000763
1625    0.000766
1626    0.001022
1627    0.000924
1628    0.001019
1629    0.000759
1630    0.000755
1631    0.000757
1632    0.000769
1633    0.000886
1634    0.001021
1635    0.000744
1636    0.000775
1637    0.000767
1638    0.000779
1639    0.000758
1640    0.001329
1641    0.001126
1642    0.00135
1643    0.001351
1644    0.001355
1645    0.001337
1646    0.001376
1647    0.001039
1648    0.001236
1649    0.001202
1650    0.000765
1651    0.001391
1652    0.001252
1653    0.00123
1654    0.000767
1655    0.001095
1656    0.001239
1657    0.001392
1658    0.000782
1659    0.000891
1660    0.000784
1661    0.000784
1662    0.000768
1663    0.000799
1664    0.000848
1665    0.000743
1666    0.000743
1667    0.000865
1668    0.001382
1669    0.000743
1670    0.000779
1671    0.000881
1672    0.000907
1673    0.000927
1674    0.000788
1675    0.001376
1676    0.000769
1677    0.000762
1678    0.000775
1679    0.000774
1680    0.001131
1681    0.001114
1682    0.000813
1683    0.001388
1684    0.000853
1685    0.000777
1686    0.00132
1687    0.000771
1688    0.00142
1689    0.000941
1690    0.000776
1691    0.000768
1692    0.000751
1693    0.001209
1694    0.000778
1695    0.00074
1696    0.00083
1697    0.000791
1698    0.000773
1699    0.001325
1700    0.001334
1701    0.001262
1702    0.00079
1703    0.000879
1704    0.000743
1705    0.00108
1706    0.00074
1707    0.000798
1708    0.000741
1709    0.001251
1710    0.00122
1711    0.000739
1712    0.000743
1713    0.000926
1714    0.000735
1715    0.000745
1716    0.001038
1717    0.000901
1718    0.000819
1719    0.000753
1720    0.000761
1721    0.000892
1722    0.000769
1723    0.000738
1724    0.000736
1725    0.000766
1726    0.000769
1727    0.001141
1728    0.001319
1729    0.001008
1730    0.000746
1731    0.000907
1732    0.000776
1733    0.000902
1734    0.000956
1735    0.001351
1736    0.000769
1737    0.000862
1738    0.000903
1739    0.000792
1740    0.001407
1741    0.001342
1742    0.001164
1743    0.00134
1744    0.001348
1745    0.000755
1746    0.001111
1747    0.000827
1748    0.000792
1749    0.00078
1750    0.000808
1751    0.001384
1752    0.001516
1753    0.001536
1754    0.001564
1755    0.0013
1756    0.001585
1757    0.001542
1758    0.001617
1759    0.001087
1760    0.001037
1761    0.000949
1762    0.001001
1763    0.001538
1764    0.001548
1765    0.001419
1766    0.0017
1767    0.001422
1768    0.001606
1769    0.001581
1770    0.001465
1771    0.001479
1772    0.000997
1773    0.001571
1774    0.00128
1775    0.001525
1776    0.00162
1777    0.001562
1778    0.000852
1779    0.0015
1780    0.000847
1781    0.000901
1782    0.00089
1783    0.000888
1784    0.000889
1785    0.000818
1786    0.00082
1787    0.00084
1788    0.00082
1789    0.001096
1790    0.001375
1791    0.00143
1792    0.001597
1793    0.001555
1794    0.001581
1795    0.001375
1796    0.001541
1797    0.001473
1798    0.001538
1799    0.001623
1800    0.00159
1801    0.000864
1802    0.001019
1803    0.001087
1804    0.001535
1805    0.00096
1806    0.0012
1807    0.001176
1808    0.001696
1809    0.000928
1810    0.001122
1811    0.001007
1812    0.00089
1813    0.000981
1814    0.001192
1815    0.001434
1816    0.000927
1817    0.000864
1818    0.001434
1819    0.001616
1820    0.001523
1821    0.001604
1822    0.001653
1823    0.001621
1824    0.001248
1825    0.00152
1826    0.001507
1827    0.000874
1828    0.000916
1829    0.001498
1830    0.000877
1831    0.001053
1832    0.000857
1833    0.000863
1834    0.000795
1835    0.001478
1836    0.00089
1837    0.001581
1838    0.001633
1839    0.001853
1840    0.001499
1841    0.00103
1842    0.001505
1843    0.001564
1844    0.001566
1845    0.001635
1846    0.001635
1847    0.001624
1848    0.001516
1849    0.001111
1850    0.001595
1851    0.001542
1852    0.001507
1853    0.001292
1854    0.001601
1855    0.000974
1856    0.001509
1857    0.001144
1858    0.001602
1859    0.000844
1860    0.001585
1861    0.001349
1862    0.001533
1863    0.001444
1864    0.001019
1865    0.000977
1866    0.000979
1867    0.001538
1868    0.00151
1869    0.001521
1870    0.00118
1871    0.001531
1872    0.001079
1873    0.000949
1874    0.001498
1875    0.001534
1876    0.001584
1877    0.001426
1878    0.001023
1879    0.00098
1880    0.001048
1881    0.001527
1882    0.001484
1883    0.001422
1884    0.000891
1885    0.001328
1886    0.001501
1887    0.001474
1888    0.001546
1889    0.001529
1890    0.00148
1891    0.001254
1892    0.001243
1893    0.000884
1894    0.001729
1895    0.0009
1896    0.001484
1897    0.001091
1898    0.001109
1899    0.001747
1900    0.00117
1901    0.001495
1902    0.001564
1903    0.001375
1904    0.000864
1905    0.000862
1906    0.001113
1907    0.00092
1908    0.001518
1909    0.000991
1910    0.001055
1911    0.001378
1912    0.000963
1913    0.001604
1914    0.00163
1915    0.001625
1916    0.001645
1917    0.001384
1918    0.001622
1919    0.00112
1920    0.001071
1921    0.001362
1922    0.001554
1923    0.001547
1924    0.001528
1925    0.001086
1926    0.001009
1927    0.00117
1928    0.001506
1929    0.00082
1930    0.000809
1931    0.00143
1932    0.001434
1933    0.000839
1934    0.001597
1935    0.000937
1936    0.001676
1937    0.00084
1938    0.00119
1939    0.001129
1940    0.000797
1941    0.000877
1942    0.001413
1943    0.001143
1944    0.000942
1945    0.001289
1946    0.001279
1947    0.001173
1948    0.000817
1949    0.000807
1950    0.001216
1951    0.001386
1952    0.000795
1953    0.000855
1954    0.000759
1955    0.000782
1956    0.000802
1957    0.001368
1958    0.000786
1959    0.000836
1960    0.001465
1961    0.000768
1962    0.000812
1963    0.001452
1964    0.0009
1965    0.001439
1966    0.001361
1967    0.001177
1968    0.001314
1969    0.000761
1970    0.000734
1971    0.000829
1972    0.000775
1973    0.000769
1974    0.000879
1975    0.00079
1976    0.000806
1977    0.001381
1978    0.001014
1979    0.000779
1980    0.001387
1981    0.000976
1982    0.001417
1983    0.000769
1984    0.001014
1985    0.000798
1986    0.000843
1987    0.001466
1988    0.000824
1989    0.001016
1990    0.000767
1991    0.00081
1992    0.000768
1993    0.000787
1994    0.00137
1995    0.001229
1996    0.00076
1997    0.000781
1998    0.001239
1999    0.000835
2000    0.001145
