1    6
2    6
3    6
4    6
5    6
6    6
7    6
8    6
9    6
10    6
11    6
13    6
15    6
17    6
18    6
19    6
20    6
21    6
22    6
28    6
29    6
30    6
35    6
89    6
131    6
132    6
233    6
234    6
335    6
336    6
437    6
438    6
539    6
540    6
641    6
642    6
737    6
743    6
744    6
833    6
845    6
846    6
929    6
947    6
948    6
1027    6
1049    6
1050    6
1123    6
1151    6
1152    6
1221    6
1253    6
1254    6
1319    6
1355    6
1356    6
1417    6
1457    6
1458    6
1515    6
1559    6
1560    6
1613    6
1661    6
1662    6
1713    6
1763    6
1764    6
1811    6
1859    6
1865    6
1866    6
1911    6
1955    6
1967    6
1968    6
2011    6
2053    6
2069    6
2070    6
2109    6
2149    6
2171    6
2172    6
2209    6
2247    6
2273    6
2274    6
2309    6
2345    6
2375    6
2376    6
2409    6
2443    6
2477    6
2478    6
2509    6
2541    6
2573    6
2579    6
2580    6
2611    6
2643    6
2675    6
2681    6
2682    6
2713    6
2743    6
2773    6
2783    6
2784    6
2813    6
2843    6
2871    6
2885    6
2886    6
2913    6
2941    6
2969    6
2987    6
2988    6
3013    6
3039    6
3065    6
3089    6
3090    6
3115    6
3141    6
3167    6
3191    6
3192    6
3215    6
3239    6
3263    6
3286    6
3293    6
3294    6
3315    6
3337    6
3359    6
3381    6
3395    6
3396    6
3415    6
3435    6
3455    6
3475    6
3495    6
3497    6
3498    6
3517    6
3537    6
3557    6
3575    6
3593    6
3599    6
3600    6
3617    6
3635    6
3653    6
3671    6
3689    6
3701    6
3702    6
3719    6
3737    6
3755    6
3773    6
3791    6
3803    6
3804    6
3823    6
3843    6
3863    6
3885    6
3905    6
3906    6
3927    6
3949    6
3971    6
3993    6
4007    6
4008    6
4027    6
4047    6
4067    6
4087    6
4107    6
4109    6
4110    6
4129    6
4147    6
4165    6
4183    6
4201    6
4211    6
4212    6
4227    6
4243    6
4259    6
4275    6
4291    6
4307    6
4313    6
4314    6
4329    6
4345    6
4361    6
4377    6
4393    6
4409    6
4415    6
4416    6
4431    6
4446    6
4461    6
4475    6
4489    6
4503    6
4517    6
4518    6
4531    6
4545    6
4559    6
4573    6
4587    6
4601    6
4615    6
4619    6
4620    6
4633    6
4647    6
4661    6
4675    6
4689    6
4703    6
4717    6
4721    6
4722    6
4735    6
4749    6
4763    6
4777    6
4791    6
4805    6
4819    6
4823    6
4824    6
4837    6
4849    6
4861    6
4873    6
4885    6
4897    6
4909    6
4921    6
4925    6
4926    6
4937    6
4949    6
4961    6
4973    6
4985    6
4997    6
5009    6
5021    6
5027    6
5028    6
5039    6
5051    6
5063    6
5075    6
5087    6
5099    6
5111    6
5123    6
5129    6
5130    6
5141    6
5153    6
5165    6
5177    6
5189    6
5201    6
5213    6
5225    6
5231    6
5232    6
5243    6
5255    6
5267    6
5279    6
5291    6
5303    6
5315    6
5326    6
5333    6
5334    6
5343    6
5353    6
5363    6
5373    6
5383    6
5393    6
5403    6
5413    6
5423    6
5433    6
5434    6
5435    6
5445    6
5455    6
5465    6
5475    6
5485    6
5495    6
5505    6
5515    6
5525    6
5535    6
5536    6
5537    6
5547    6
5557    6
5567    6
5577    6
5587    6
5597    6
5607    6
5617    6
5627    6
5637    6
5638    6
5639    6
5649    6
5659    6
5669    6
5679    6
5689    6
5699    6
5709    6
5719    6
5729    6
5739    6
5740    6
5741    6
5751    6
5761    6
5771    6
5781    6
5791    6
5801    6
5811    6
5821    6
5831    6
5841    6
5842    6
5843    6
5853    6
5863    6
5873    6
5883    6
5893    6
5903    6
5913    6
5922    6
5931    6
5940    6
5941    6
5942    6
5950    6
5958    6
5966    6
5973    6
5981    6
5989    6
5997    6
6005    6
6013    6
6021    6
6022    6
6023    6
6031    6
6039    6
6047    6
6055    6
6063    6
6071    6
6079    6
6087    6
6095    6
6103    6
6104    6
6105    6
6113    6
6121    6
6129    6
6137    6
6145    6
6153    6
6161    6
6169    6
6177    6
6185    6
6186    6
6187    6
6195    6
6203    6
6211    6
6219    6
6227    6
6235    6
6243    6
6251    6
6259    6
6267    6
6268    6
6269    6
6277    6
6285    6
6293    6
6301    6
6309    6
6317    6
6325    6
6333    6
6341    6
6349    6
6350    6
6351    6
6359    6
6367    6
6375    6
6383    6
6391    6
6399    6
6407    6
6415    6
6423    6
6431    6
6432    6
6433    6
6441    6
6449    6
6457    6
6465    6
6473    6
6481    6
6489    6
6497    6
6505    6
6513    6
6514    6
6515    6
6523    6
6531    6
6539    6
6547    6
6555    6
6563    6
6571    6
6579    6
6587    6
6595    6
6596    6
6597    6
6605    6
6613    6
6621    6
6629    6
6637    6
6645    6
6653    6
6661    6
6669    6
6677    6
6678    6
6679    6
6687    6
6695    6
6703    6
6711    6
6719    6
6727    6
6735    6
6743    6
6751    6
6759    6
6760    6
6761    6
6768    6
6775    6
6781    6
6787    6
6793    6
6799    6
6805    6
6811    6
6817    6
6823    6
6824    6
6825    6
6831    6
6837    6
6843    6
6849    6
6855    6
6861    6
6867    6
6873    6
6879    6
6885    6
6886    6
6887    6
6893    6
6899    6
6905    6
6911    6
6917    6
6923    6
6929    6
6935    6
6941    6
6947    6
6948    6
6949    6
6955    6
6961    6
6967    6
6973    6
6979    6
6985    6
6991    6
6997    6
7003    6
7009    6
7010    6
7011    6
7017    6
7023    6
7029    6
7035    6
7041    6
7047    6
7053    6
7059    6
7065    6
7071    6
7072    6
7073    6
7079    6
7085    6
7091    6
7097    6
7103    6
7109    6
7115    6
7121    6
7127    6
7133    6
7134    6
7135    6
7141    6
7147    6
7153    6
7159    6
7165    6
7171    6
7177    6
7183    6
7189    6
7195    6
7196    6
7197    6
7203    6
7209    6
7215    6
7221    6
7227    6
7233    6
7239    6
7245    6
7251    6
7257    6
7258    6
7259    6
7265    6
7271    6
7277    6
7283    6
7289    6
7295    6
7301    6
7307    6
7313    6
7319    6
7320    6
7321    6
7327    6
7333    6
7339    6
7345    6
7351    6
7357    6
7363    6
7369    6
7375    6
7381    6
7382    6
7383    6
7389    6
7395    6
7401    6
7407    6
7413    6
7419    6
7425    6
7431    6
7437    6
7443    6
7444    6
7445    6
7451    6
7457    6
7463    6
7469    6
7475    6
7481    6
7487    6
7493    6
7499    6
7505    6
7506    6
7507    6
7513    6
7519    6
7525    6
7531    6
7537    6
7543    6
7549    6
7555    6
7561    6
7567    6
7568    6
7569    6
7575    6
7581    6
7587    6
7593    6
7599    6
7605    6
7611    6
7617    6
7623    6
7629    6
7630    6
7631    6
7637    6
7643    6
7649    6
7655    6
7661    6
7667    6
7673    6
7679    6
7685    6
7691    6
7692    6
7693    6
7699    6
7705    6
7711    6
7717    6
7723    6
7729    6
7735    6
7741    6
7747    6
7753    6
7754    6
7755    6
7761    6
7767    6
7773    6
7779    6
7785    6
7791    6
7797    6
7803    6
7809    6
7815    6
7816    6
7817    6
7823    6
7829    6
7835    6
7841    6
7847    6
7853    6
7859    6
7865    6
7871    6
7877    6
7878    6
7879    6
7885    6
7891    6
7897    6
7903    6
7909    6
7915    6
7921    6
7927    6
7933    6
7939    6
7940    6
7941    6
7947    6
7953    6
7959    6
7965    6
7971    6
7977    6
7983    6
7989    6
7995    6
8001    6
8002    6
8003    6
8009    6
8015    6
8021    6
8027    6
8033    6
8039    6
8045    6
8051    6
8057    6
8063    6
8064    6
8065    6
8071    6
8077    6
8083    6
8089    6
8095    6
8101    6
8107    6
8113    6
8119    6
8125    6
8126    6
8127    6
8133    6
8139    6
8145    6
8151    6
8157    6
8163    6
8169    6
8174    6
8179    6
8184    6
8185    6
8186    6
8191    6
8196    6
8201    6
8206    6
8211    6
8215    6
8219    6
8224    6
8228    6
8232    6
8233    6
8234    6
8239    6
8245    6
8251    6
8257    6
8263    6
8269    6
8274    6
8279    6
8285    6
8291    6
8292    6
8293    6
8297    6
8302    6
8307    6
8311    6
8315    6
8320    6
8324    6
8328    6
8333    6
8338    6
8339    6
8340    6
8345    6
8351    6
8357    6
8363    6
8369    6
8375    6
8380    6
8385    6
8390    6
8395    6
8396    6
8397    6
8401    6
8405    6
8410    6
8414    6
8418    6
8422    6
8426    6
8429    6
8433    6
8437    6
8438    6
8439    6
8443    6
8447    6
8451    6
8455    6
8459    6
8463    6
8467    6
8471    6
8475    6
8479    6
8480    6
8481    6
8485    6
8489    6
8493    6
8497    6
8501    6
8505    6
8509    6
8513    6
8517    6
8521    6
8522    6
8523    6
8527    6
8531    6
8535    6
8539    6
8543    6
8547    6
8551    6
8555    6
8559    6
8563    6
8564    6
8565    6
8569    6
8573    6
8577    6
8581    6
8585    6
8589    6
8593    6
8597    6
8601    6
8605    6
8606    6
8607    6
8611    6
8615    6
8619    6
8623    6
8627    6
8631    6
8635    6
8639    6
8643    6
8647    6
8648    6
8649    6
8653    6
8657    6
8661    6
8665    6
8669    6
8673    6
8677    6
8681    6
8685    6
8689    6
8690    6
8691    6
8695    6
8699    6
8703    6
8707    6
8711    6
8715    6
8719    6
8723    6
8727    6
8731    6
8732    6
8733    6
8737    6
8741    6
8745    6
8749    6
8753    6
8757    6
8761    6
8765    6
8769    6
8773    6
8774    6
8775    6
8779    6
8783    6
8787    6
8791    6
8795    6
8799    6
8803    6
8807    6
8811    6
8815    6
8816    6
8817    6
8821    6
8825    6
8829    6
8833    6
8837    6
8841    6
8845    6
8849    6
8853    6
8857    6
8858    6
8859    6
8863    6
8867    6
8871    6
8875    6
8879    6
8883    6
8887    6
8891    6
8895    6
8899    6
8900    6
8901    6
8905    6
8909    6
8913    6
8917    6
8921    6
8925    6
8929    6
8933    6
8937    6
8941    6
8942    6
8943    6
8947    6
8951    6
8955    6
8959    6
8963    6
8967    6
8971    6
8975    6
8979    6
8983    6
8984    6
8985    6
8989    6
8993    6
8997    6
9001    6
9005    6
9009    6
9013    6
9017    6
9021    6
9025    6
9026    6
9027    6
9031    6
9035    6
9039    6
9043    6
9047    6
9051    6
9055    6
9059    6
9063    6
9067    6
9068    6
9069    6
9073    6
9077    6
9081    6
9085    6
9089    6
9093    6
9097    6
9101    6
9105    6
9109    6
9110    6
9111    6
9115    6
9119    6
9123    6
9127    6
9131    6
9135    6
9139    6
9143    6
9147    6
9151    6
9152    6
9153    6
9157    6
9161    6
9165    6
9169    6
9173    6
9177    6
9181    6
9185    6
9189    6
9193    6
9194    6
9195    6
9199    6
9203    6
9207    6
9211    6
9215    6
9219    6
9223    6
9227    6
9231    6
9235    6
9236    6
9237    6
9241    6
9245    6
9249    6
9253    6
9257    6
9261    6
9265    6
9269    6
9273    6
9277    6
9278    6
9279    6
9283    6
9287    6
9291    6
9295    6
9299    6
9303    6
9307    6
9311    6
9315    6
9319    6
9320    6
9321    6
9325    6
9329    6
9333    6
9337    6
9341    6
9345    6
9349    6
9353    6
9357    6
9361    6
9362    6
9363    6
9367    6
9371    6
9375    6
9379    6
9383    6
9387    6
9391    6
9395    6
9399    6
9403    6
9404    6
9405    6
9409    6
9413    6
9417    6
9421    6
9425    6
9429    6
9433    6
9437    6
9441    6
9445    6
9446    6
9447    6
9451    6
9455    6
9459    6
9463    6
9467    6
9471    6
9475    6
9479    6
9483    6
9487    6
9488    6
9489    6
9493    6
9497    6
9501    6
9505    6
9509    6
9513    6
9517    6
9521    6
9525    6
9529    6
9530    6
9531    6
9535    6
9539    6
9543    6
9547    6
9551    6
9555    6
9559    6
9563    6
9567    6
9571    6
9572    6
9573    6
9577    6
9581    6
9585    6
9589    6
9593    6
9597    6
9601    6
9605    6
9609    6
9613    6
9614    6
9615    6
9619    6
9623    6
9627    6
9631    6
9635    6
9639    6
9643    6
9647    6
9651    6
9655    6
9656    6
9657    6
9661    6
9665    6
9669    6
9673    6
9677    6
9681    6
9685    6
9689    6
9693    6
9697    6
9698    6
9699    6
9703    6
9707    6
9711    6
9715    6
9719    6
9723    6
9727    6
9731    6
9735    6
9739    6
9740    6
9741    6
9745    6
9749    6
9753    6
9757    6
9761    6
9765    6
9769    6
9773    6
9777    6
9781    6
9782    6
9783    6
9787    6
9791    6
9795    6
9799    6
9803    6
9807    6
9811    6
9815    6
9819    6
9823    6
9824    6
9825    6
9829    6
9833    6
9837    6
9841    6
9845    6
9849    6
9853    6
9857    6
9861    6
9865    6
9866    6
9867    6
9871    6
9875    6
9879    6
9883    6
9887    6
9891    6
9895    6
9899    6
9903    6
9907    6
9908    6
9909    6
9913    6
9917    6
9921    6
9925    6
9929    6
9933    6
9937    6
9941    6
9945    6
9949    6
9950    6
9951    6
9955    6
9959    6
9963    6
9967    6
9971    6
9975    6
9979    6
9983    6
9987    6
9991    6
9992    6
9993    6
9997    6
10001    6
10005    6
10009    6
10013    6
10017    6
10021    6
10025    6
10029    6
10033    6
10034    6
10035    6
10039    6
10043    6
10047    6
10051    6
10055    6
10059    6
10063    6
10067    6
10071    6
10075    6
10076    6
10077    6
10081    6
10085    6
10089    6
10093    6
10097    6
10101    6
10105    6
10109    6
10113    6
10117    6
10118    6
10119    6
10123    6
10127    6
10131    6
10135    6
10139    6
10143    6
10147    6
10151    6
10155    6
10159    6
10160    6
10161    6
10165    6
10169    6
10173    6
10177    6
10181    6
10185    6
10189    6
10193    6
10197    6
10201    6
10202    6
10203    6
10207    6
10211    6
10215    6
10219    6
10223    6
10227    6
10231    6
10235    6
10239    6
10243    6
10244    6
10245    6
10249    6
10253    6
10257    6
10261    6
10265    6
10269    6
10273    6
10277    6
10281    6
10285    6
10286    6
10287    6
10290    6
10293    6
10296    6
10299    6
10302    6
10305    6
10308    6
10311    6
10314    6
10317    6
10318    6
10319    6
10323    6
10326    6
10329    6
10332    6
10335    6
10338    6
10341    6
10344    6
10347    6
10350    6
10351    6
10352    6
10355    6
10359    6
10361    6
10364    6
10367    6
10370    6
10373    6
10376    6
10379    6
10382    6
10383    6
10384    6
10386    6
10389    6
10391    6
10394    6
10397    6
10400    6
10403    6
10406    6
10409    6
10412    6
10413    6
10414    6
10416    6
10419    6
10421    6
10424    6
10427    6
10430    6
10433    6
10436    6
10438    6
10440    6
10441    6
10442    6
10444    6
10446    6
10448    6
10450    6
10451    6
10454    6
10456    6
10457    6
10460    6
10462    6
10463    6
10464    6
10466    6
10468    6
10469    6
10471    6
10473    6
10475    6
10477    6
10479    6
10481    6
10483    6
10484    6
10485    6
10487    6
10489    6
10491    6
10493    6
10495    6
10497    6
10499    6
10501    6
10503    6
10505    6
10506    6
10507    6
10509    6
10511    6
10513    6
10515    6
10517    6
10519    6
10521    6
10523    6
10525    6
10527    6
10528    6
10529    6
10532    6
10534    6
10535    6
10538    6
10540    6
10541    6
10544    6
10546    6
10547    6
10549    6
10550    6
10551    6
10553    6
10555    6
10557    6
10559    6
10561    6
10563    6
10565    6
10567    6
10569    6
10571    6
10572    6
10573    6
10575    6
10577    6
10579    6
10581    6
10583    6
10585    6
10587    6
10589    6
10591    6
10593    6
10594    6
10595    6
10597    6
10599    6
10601    6
10603    6
10605    6
10607    6
10609    6
10611    6
10613    6
10615    6
10616    6
10617    6
10619    6
10621    6
10623    6
10625    6
10627    6
10629    6
10631    6
10633    6
10635    6
10637    6
10638    6
10639    6
10641    6
10643    6
10645    6
10647    6
10649    6
10651    6
10653    6
10655    6
10657    6
10659    6
10660    6
10661    6
10663    6
10665    6
10667    6
10669    6
10671    6
10673    6
10675    6
10677    6
10679    6
10681    6
10682    6
10683    6
10685    6
10687    6
10689    6
10691    6
10693    6
10695    6
10697    6
10699    6
10701    6
10703    6
10704    6
10705    6
10707    6
10709    6
10711    6
10713    6
10715    6
10717    6
10719    6
10721    6
10723    6
10725    6
10726    6
10727    6
10729    6
10731    6
10733    6
10735    6
10737    6
10739    6
10741    6
10743    6
10745    6
10747    6
10748    6
10749    6
10751    6
10753    6
10755    6
10757    6
10759    6
10761    6
10763    6
10765    6
10767    6
10769    6
10770    6
10771    6
10773    6
10775    6
10777    6
10779    6
10781    6
10783    6
10785    6
10787    6
10789    6
10791    6
10792    6
10793    6
10795    6
10797    6
10799    6
10801    6
10803    6
10805    6
10807    6
10809    6
10811    6
10813    6
10814    6
10815    6
10817    6
10819    6
10821    6
10823    6
10825    6
10827    6
10829    6
10831    6
10833    6
10835    6
10836    6
10837    6
10839    6
10841    6
10843    6
10845    6
10847    6
10849    6
10851    6
10853    6
10855    6
10857    6
10858    6
10859    6
10861    6
10863    6
10865    6
10867    6
10869    6
10871    6
10873    6
10875    6
10877    6
10879    6
10880    6
10881    6
10883    6
10885    6
10887    6
10889    6
10891    6
10893    6
10895    6
10897    6
10899    6
10901    6
10902    6
10903    6
10905    6
10907    6
10909    6
10911    6
10913    6
10915    6
10917    6
10919    6
10921    6
10923    6
10924    6
10925    6
10927    6
10929    6
10931    6
10933    6
10935    6
10937    6
10939    6
10941    6
10943    6
10945    6
10946    6
10947    6
10949    6
10951    6
10953    6
10955    6
10957    6
10959    6
10961    6
10963    6
10965    6
10967    6
10968    6
10969    6
10971    6
10973    6
10975    6
10977    6
10979    6
10981    6
10983    6
10985    6
10987    6
10989    6
10990    6
10991    6
10993    6
10995    6
10997    6
10999    6
11001    6
11003    6
11005    6
11007    6
11009    6
11011    6
11012    6
11013    6
11015    6
11017    6
11019    6
11021    6
11023    6
11025    6
11027    6
11029    6
11031    6
11033    6
11034    6
11035    6
11037    6
11039    6
11041    6
11043    6
11045    6
11047    6
11049    6
11051    6
11053    6
11055    6
11056    6
11057    6
11059    6
11061    6
11063    6
11065    6
11067    6
11069    6
11071    6
11073    6
11075    6
11077    6
11078    6
11079    6
11081    6
11083    6
11085    6
11087    6
11089    6
11091    6
11093    6
11095    6
11097    6
11099    6
11100    6
11101    6
11103    6
11105    6
11107    6
11109    6
11111    6
11113    6
11115    6
11117    6
11119    6
11121    6
11122    6
11123    6
11125    6
11127    6
11129    6
11131    6
11133    6
11135    6
11137    6
11139    6
11141    6
11143    6
11144    6
11145    6
11147    6
11149    6
11151    6
11153    6
11155    6
11157    6
11159    6
11161    6
11163    6
11165    6
11166    6
11167    6
11169    6
11171    6
11173    6
11175    6
11177    6
11179    6
11181    6
11183    6
11185    6
11187    6
11188    6
11189    6
11191    6
11193    6
11195    6
11197    6
11199    6
11201    6
11203    6
11205    6
11207    6
11209    6
11210    6
11211    6
11213    6
11215    6
11217    6
11219    6
11221    6
11223    6
11225    6
11227    6
11229    6
11231    6
11232    6
11233    6
11235    6
11237    6
11239    6
11241    6
11243    6
11245    6
11247    6
11249    6
11251    6
11253    6
11254    6
11255    6
11257    6
11259    6
11261    6
11263    6
11265    6
11267    6
11269    6
11271    6
11273    6
11275    6
11276    6
11277    6
11279    6
11281    6
11283    6
11285    6
11287    6
11289    6
11291    6
11293    6
11295    6
11297    6
11298    6
11299    6
11301    6
11303    6
11305    6
11307    6
11309    6
11311    6
11313    6
11315    6
11317    6
11319    6
11320    6
11321    6
11323    6
11325    6
11327    6
11329    6
11331    6
11333    6
11335    6
11337    6
11339    6
11341    6
11342    6
11343    6
11345    6
11347    6
11349    6
11351    6
11353    6
11355    6
11357    6
11359    6
11361    6
11363    6
11364    6
11365    6
11367    6
11369    6
11371    6
11373    6
11375    6
11377    6
11379    6
11381    6
11383    6
11385    6
11386    6
11387    6
11389    6
11391    6
11393    6
11395    6
11397    6
11399    6
11401    6
11403    6
11405    6
11407    6
11408    6
11409    6
11411    6
11413    6
11415    6
11417    6
11419    6
11421    6
11423    6
11425    6
11427    6
11429    6
11430    6
11431    6
11433    6
11435    6
11437    6
11439    6
11441    6
11443    6
11445    6
11447    6
11449    6
11451    6
11452    6
11453    6
11455    6
11457    6
11459    6
11461    6
11463    6
11465    6
11467    6
11469    6
11471    6
11473    6
11474    6
11475    6
11477    6
11479    6
11481    6
11483    6
11485    6
11487    6
11489    6
11491    6
11493    6
11495    6
11496    6
11497    6
11499    6
11501    6
11503    6
11505    6
11507    6
11509    6
11511    6
11513    6
11515    6
11517    6
11518    6
11519    6
11521    6
11523    6
11525    6
11527    6
11529    6
11531    6
11533    6
11535    6
11537    6
11539    6
11540    6
11541    6
11543    6
11545    6
11547    6
11549    6
11551    6
11553    6
11555    6
11557    6
11559    6
11561    6
11562    6
11563    6
11565    6
11567    6
11569    6
11571    6
11573    6
11575    6
11577    6
11579    6
11581    6
11583    6
11584    6
11585    6
11587    6
11589    6
11591    6
11593    6
11595    6
11597    6
11599    6
11601    6
11603    6
11605    6
11606    6
11607    6
11609    6
11611    6
11613    6
11615    6
11617    6
11619    6
11621    6
11623    6
11625    6
11627    6
11628    6
11629    6
11631    6
11633    6
11635    6
11637    6
11639    6
11641    6
11643    6
11645    6
11647    6
11649    6
11650    6
11651    6
11653    6
11655    6
11657    6
11659    6
11661    6
11663    6
11665    6
11667    6
11669    6
11671    6
11672    6
11673    6
11675    6
11677    6
11774    6
11775    6
11876    6
11877    6
11978    6
11979    6
