1    0
2    0.083201
3    0.002829
4    0.006154
5    0.005267
6    0.002987
7    0.057161
8    0.005742
9    0.002939
10    0.078879
11    0.004157
12    0
13    0.004187
14    0
15    0.004003
16    0
17    0.033293
18    0.082216
19    0.002924
20    0.002935
21    0.002742
22    0.002922
23    0
24    0
25    0
26    0
27    0
28    0.002178
29    0.029206
30    0.002169
31    0
32    0
33    0
34    0
35    0.002296
36    0
37    0
38    0
39    0
40    0
41    0
42    0
43    0
44    0
45    0
46    0
47    0
48    0.002173
49    0
50    0
51    0
52    0
53    0
54    0
55    0
56    0
57    0
58    0
59    0
60    0
61    0
62    0
63    0
64    0
65    0
66    0
67    0
68    0
69    0
70    0
71    0
72    0
73    0
74    0
75    0
76    0
77    0
78    0
79    0
80    0
81    0
82    0.003028
83    0
84    0
85    0
86    0
87    0
88    0
89    0
90    0
91    0
92    0
93    0
94    0
95    0
96    0
97    0
98    0
99    0
100    0
101    0
102    0
103    0
104    0
105    0
106    0
107    0
108    0
109    0
110    0
111    0
112    0.002314
113    0
114    0
115    0
116    0
117    0
118    0
119    0
120    0
121    0
122    0
123    0
124    0
125    0
126    0
127    0
128    0
129    0
130    0
131    0.024092
132    0.002925
133    0
134    0
135    0
136    0
137    0
138    0
139    0
140    0
141    0
142    0
143    0
144    0
145    0
146    0
147    0
148    0
149    0
150    0
151    0
152    0
153    0
154    0
155    0
156    0
157    0
158    0
159    0.002706
160    0
161    0
162    0
163    0
164    0
165    0
166    0
167    0
168    0
169    0
170    0
171    0
172    0
173    0
174    0
175    0
176    0
177    0
178    0
179    0
180    0
181    0
182    0
183    0
184    0.003066
185    0
186    0
187    0
188    0
189    0
190    0
191    0
192    0
193    0
194    0
195    0
196    0
197    0
198    0
199    0
200    0
201    0
202    0
203    0
204    0
205    0
206    0
207    0
208    0.002241
209    0
210    0
211    0
212    0
213    0
214    0
215    0
216    0
217    0
218    0
219    0
220    0
221    0
222    0
223    0
224    0
225    0
226    0
227    0
228    0
229    0
230    0.002144
231    0
232    0
233    0.023399
234    0.002688
235    0
236    0
237    0
238    0
239    0
240    0
241    0
242    0
243    0
244    0
245    0
246    0
247    0
248    0
249    0
250    0
251    0
252    0
253    0
254    0.002384
255    0
256    0
257    0
258    0
259    0
260    0
261    0
262    0
263    0
264    0
265    0
266    0
267    0
268    0
269    0
270    0
271    0
272    0
273    0
274    0.002991
275    0
276    0
277    0
278    0
279    0
280    0
281    0
282    0
283    0
284    0
285    0
286    0
287    0
288    0
289    0
290    0
291    0
292    0.002829
293    0
294    0
295    0
296    0
297    0
298    0
299    0
300    0
301    0
302    0
303    0
304    0
305    0
306    0
307    0
308    0
309    0
310    0.002049
311    0
312    0
313    0
314    0
315    0
316    0
317    0
318    0
319    0
320    0
321    0
322    0
323    0
324    0
325    0
326    0
327    0
328    0.002162
329    0
330    0
331    0
332    0
333    0
334    0
335    0.031272
336    0.002224
337    0
338    0
339    0
340    0
341    0
342    0
343    0
344    0
345    0
346    0
347    0
348    0
349    0
350    0
351    0
352    0.002918
353    0
354    0
355    0
356    0
357    0
358    0
359    0
360    0
361    0
362    0
363    0
364    0
365    0
366    0
367    0
368    0.003089
369    0
370    0
371    0
372    0
373    0
374    0
375    0
376    0
377    0
378    0
379    0
380    0
381    0
382    0
383    0
384    0.002824
385    0
386    0
387    0
388    0
389    0
390    0
391    0
392    0
393    0
394    0
395    0
396    0
397    0
398    0.002203
399    0
400    0
401    0
402    0
403    0
404    0
405    0
406    0
407    0
408    0
409    0
410    0
411    0
412    0.002844
413    0
414    0
415    0
416    0
417    0
418    0
419    0
420    0
421    0
422    0
423    0
424    0
425    0
426    0.002048
427    0
428    0
429    0
430    0
431    0
432    0
433    0
434    0
435    0
436    0
437    0.026363
438    0.00303
439    0
440    0
441    0
442    0
443    0
444    0
445    0
446    0
447    0
448    0
449    0
450    0
451    0
452    0.002177
453    0
454    0
455    0
456    0
457    0
458    0
459    0
460    0
461    0
462    0
463    0
464    0.003106
465    0
466    0
467    0
468    0
469    0
470    0
471    0
472    0
473    0
474    0
475    0
476    0.003173
477    0
478    0
479    0
480    0
481    0
482    0
483    0
484    0
485    0
486    0
487    0
488    0.003309
489    0
490    0
491    0
492    0
493    0
494    0
495    0
496    0
497    0
498    0
499    0
500    0.003279
501    0
502    0
503    0
504    0
505    0
506    0
507    0
508    0
509    0
510    0
511    0
512    0.003405
513    0
514    0
515    0
516    0
517    0
518    0
519    0
520    0
521    0
522    0
523    0
524    0.002482
525    0
526    0
527    0
528    0
529    0
530    0
531    0
532    0
533    0
534    0.002994
535    0
536    0
537    0
538    0
539    0.030361
540    0.003092
541    0
542    0
543    0
544    0
545    0
546    0
547    0
548    0
549    0
550    0.003605
551    0
552    0
553    0
554    0
555    0
556    0
557    0
558    0
559    0
560    0.003105
561    0
562    0
563    0
564    0
565    0
566    0
567    0
568    0
569    0
570    0.002756
571    0
572    0
573    0
574    0
575    0
576    0
577    0
578    0
579    0
580    0.002743
581    0
582    0
583    0
584    0
585    0
586    0
587    0
588    0
589    0
590    0.003209
591    0
592    0
593    0
594    0
595    0
596    0
597    0
598    0
599    0
600    0.0031
601    0
602    0
603    0
604    0
605    0
606    0
607    0
608    0.00315
609    0
610    0
611    0
612    0
613    0
614    0
615    0
616    0.003575
617    0
618    0
619    0
620    0
621    0
622    0
623    0
624    0.003097
625    0
626    0
627    0
628    0
629    0
630    0
631    0
632    0.003145
633    0.03276
634    0.003138
635    0
636    0
637    0
638    0
639    0
640    0
641    0
642    0.003109
643    0
644    0
645    0
646    0
647    0
648    0
649    0
650    0.003275
651    0
652    0
653    0
654    0
655    0
656    0
657    0
658    0.003184
659    0
660    0
661    0
662    0
663    0
664    0
665    0
666    0.003031
667    0
668    0
669    0
670    0
671    0
672    0
673    0
674    0.002655
675    0
676    0
677    0
678    0
679    0
680    0
681    0
682    0.002932
683    0
684    0
685    0
686    0
687    0
688    0
689    0
690    0.003162
691    0
692    0
693    0
694    0
695    0
696    0
697    0
698    0.002926
699    0
700    0
701    0
702    0
703    0
704    0
705    0
706    0.003138
707    0
708    0
709    0
710    0
711    0
712    0
713    0
714    0.00289
715    0.033946
716    0.003393
717    0
718    0
719    0
720    0
721    0
722    0
723    0
724    0.003055
725    0
726    0
727    0
728    0
729    0
730    0
731    0
732    0.003101
733    0
734    0
735    0
736    0
737    0
738    0
739    0
740    0.003039
741    0
742    0
743    0
744    0
745    0
746    0
747    0
748    0.003225
749    0
750    0
751    0
752    0
753    0
754    0
755    0
756    0.003231
757    0
758    0
759    0
760    0
761    0
762    0
763    0
764    0.003215
765    0
766    0
767    0
768    0
769    0
770    0
771    0
772    0.003124
773    0
774    0
775    0
776    0
777    0
778    0
779    0
780    0.003152
781    0
782    0
783    0
784    0
785    0
786    0
787    0
788    0.003069
789    0
790    0
791    0
792    0
793    0
794    0
795    0
796    0.002843
797    0.034846
798    0.003183
799    0
800    0
801    0
802    0
803    0
804    0.003149
805    0
806    0
807    0
808    0
809    0
810    0.002766
811    0
812    0
813    0
814    0
815    0
816    0.003066
817    0
818    0
819    0
820    0
821    0
822    0.002592
823    0
824    0
825    0
826    0
827    0
828    0.00304
829    0
830    0
831    0
832    0
833    0
834    0.002752
835    0
836    0
837    0
838    0
839    0
840    0.004255
841    0
842    0
843    0
844    0
845    0
846    0.003212
847    0
848    0
849    0
850    0
851    0
852    0.003302
853    0
854    0
855    0
856    0
857    0
858    0.003295
859    0.03439
860    0.003159
861    0
862    0
863    0
864    0
865    0
866    0.00295
867    0
868    0
869    0
870    0
871    0
872    0.003343
873    0
874    0
875    0
876    0
877    0
878    0.003033
879    0
880    0
881    0
882    0
883    0
884    0.003146
885    0
886    0
887    0
888    0
889    0
890    0.002934
891    0
892    0
893    0
894    0
895    0
896    0.003078
897    0
898    0
899    0
900    0
901    0
902    0.003028
903    0
904    0
905    0
906    0
907    0
908    0.002748
909    0
910    0
911    0
912    0
913    0
914    0.003125
915    0
916    0
917    0
918    0.003198
919    0.033324
920    0.00312
921    0
922    0
923    0
924    0
925    0
926    0.003314
927    0
928    0
929    0
930    0
931    0
932    0.003115
933    0
934    0
935    0
936    0.002806
937    0
938    0
939    0
940    0.003029
941    0
942    0
943    0
944    0.003056
945    0
946    0
947    0
948    0.003039
949    0
950    0
951    0
952    0.003258
953    0
954    0
955    0
956    0.00319
957    0
958    0
959    0
960    0.006073
961    0.031638
962    0.005887
963    0.003163
964    0.003197
965    0.003286
966    0.003163
967    0.002582
968    0.002914
969    0.003085
970    0.003025
971    0.003118
972    0.030588
973    0.006191
974    0.003397
975    0.003068
976    0.002492
977    0.002897
978    0.002349
979    0.00306
980    0.003014
981    0.003142
982    0.003162
983    0.032717
984    0.005019
985    0.003126
986    0.003231
987    0.003079
988    0.003042
989    0.002896
990    0.003124
991    0.003147
992    0.00286
993    0.003242
994    0.033976
995    0.005681
996    0.003174
997    0.002749
998    0.002973
999    0.003304
1000    0.002912
1001    0.00304
1002    0.002671
1003    0.003081
1004    0.003049
1005    0.037528
1006    0.006472
1007    0.003082
1008    0.002723
1009    0.003103
1010    0.00313
1011    0.002728
1012    0.003061
1013    0.003148
1014    0.003034
1015    0.032668
1016    0.006378
1017    0.002811
1018    0.003147
1019    0.002884
1020    0.003161
1021    0.003183
1022    0.002736
1023    0.003032
1024    0.003318
1025    0.003231
1026    0.032593
1027    0.006184
1028    0.002648
1029    0.00331
1030    0.003247
1031    0
1032    0
1033    0
1034    0
1035    0
1036    0
1037    0
1038    0
1039    0
1040    0
1041    0
1042    0
1043    0
1044    0
1045    0
1046    0
1047    0
1048    0
1049    0
1050    0
1051    0
1052    0
1053    0
1054    0
1055    0
1056    0
1057    0
1058    0
1059    0
1060    0
1061    0
1062    0
1063    0
1064    0
1065    0
1066    0
1067    0
1068    0
1069    0
1070    0
1071    0
1072    0
1073    0
1074    0
1075    0
1076    0
1077    0
1078    0
1079    0
1080    0
1081    0
1082    0
1083    0
1084    0
1085    0
1086    0
1087    0
1088    0
1089    0
1090    0
1091    0
1092    0
1093    0
1094    0
1095    0
1096    0
1097    0
1098    0
1099    0
1100    0
1101    0
1102    0
1103    0
1104    0
1105    0
1106    0
1107    0
1108    0
1109    0
1110    0
1111    0
1112    0
1113    0
1114    0
1115    0
1116    0
1117    0
1118    0
1119    0
1120    0
1121    0
1122    0
1123    0
1124    0
1125    0
1126    0
1127    0
1128    0.031775
1129    0.003137
1130    0
1131    0
1132    0
1133    0.003619
1134    0
1135    0
1136    0.003453
1137    0
1138    0
1139    0
1140    0.003378
1141    0
1142    0
1143    0
1144    0.005456
1145    0
1146    0
1147    0
1148    0.003003
1149    0
1150    0
1151    0
1152    0.003023
1153    0
1154    0
1155    0
1156    0.003258
1157    0
1158    0
1159    0
1160    0.00327
1161    0
1162    0
1163    0
1164    0.003264
1165    0
1166    0
1167    0
1168    0.003364
1169    0.032313
1170    0.003131
1171    0
1172    0
1173    0
1174    0.003301
1175    0
1176    0
1177    0
1178    0.002832
1179    0
1180    0
1181    0
1182    0.003218
1183    0
1184    0
1185    0
1186    0.00318
1187    0
1188    0
1189    0
1190    0.003198
1191    0
1192    0
1193    0
1194    0.003202
1195    0
1196    0
1197    0
1198    0.003018
1199    0
1200    0
1201    0
1202    0.003498
1203    0
1204    0
1205    0
1206    0.003033
1207    0
1208    0
1209    0
1210    0.0031
1211    0.035737
1212    0.003083
1213    0
1214    0
1215    0
1216    0.003209
1217    0
1218    0
1219    0
1220    0.002685
1221    0
1222    0
1223    0
1224    0.003376
1225    0
1226    0
1227    0
1228    0.003153
1229    0
1230    0
1231    0
1232    0.003346
1233    0
1234    0
1235    0
1236    0.003426
1237    0
1238    0
1239    0
1240    0.003339
1241    0
1242    0
1243    0
1244    0.00349
1245    0
1246    0
1247    0
1248    0.003193
1249    0
1250    0
1251    0
1252    0.003182
1253    0.034045
1254    0.003397
1255    0
1256    0
1257    0
1258    0.003293
1259    0
1260    0
1261    0
1262    0.002959
1263    0
1264    0
1265    0
1266    0.003086
1267    0
1268    0
1269    0
1270    0.002898
1271    0
1272    0
1273    0
1274    0.00335
1275    0
1276    0
1277    0
1278    0.00347
1279    0
1280    0
1281    0
1282    0.003003
1283    0
1284    0
1285    0
1286    0.003094
1287    0
1288    0
1289    0
1290    0.003216
1291    0
1292    0
1293    0
1294    0.003084
1295    0.033192
1296    0.003147
1297    0
1298    0
1299    0
1300    0.003051
1301    0
1302    0
1303    0
1304    0.003488
1305    0
1306    0
1307    0
1308    0.003397
1309    0
1310    0
1311    0
1312    0.003015
1313    0
1314    0
1315    0
1316    0.003264
1317    0
1318    0
1319    0
1320    0.002933
1321    0
1322    0
1323    0
1324    0.003359
1325    0
1326    0
1327    0
1328    0.00296
1329    0
1330    0
1331    0
1332    0.002841
1333    0
1334    0
1335    0
1336    0.00335
1337    0.034727
1338    0.003243
1339    0
1340    0
1341    0
1342    0.003242
1343    0
1344    0
1345    0
1346    0.003159
1347    0
1348    0
1349    0
1350    0.003261
1351    0
1352    0
1353    0
1354    0.00283
1355    0
1356    0
1357    0
1358    0.003178
1359    0
1360    0
1361    0
1362    0.003172
1363    0
1364    0
1365    0
1366    0.003244
1367    0
1368    0
1369    0
1370    0.003069
1371    0
1372    0
1373    0
1374    0.003373
1375    0
1376    0
1377    0
1378    0.002601
1379    0.033559
1380    0.002821
1381    0
1382    0
1383    0
1384    0.003173
1385    0
1386    0
1387    0
1388    0.003021
1389    0
1390    0
1391    0
1392    0.003136
1393    0
1394    0
1395    0
1396    0.003259
1397    0
1398    0
1399    0
1400    0.003478
1401    0
1402    0
1403    0
1404    0.003272
1405    0
1406    0
1407    0
1408    0.003357
1409    0
1410    0
1411    0
1412    0.003163
1413    0
1414    0
1415    0
1416    0.002913
1417    0
1418    0
1419    0
1420    0.002577
1421    0.032731
1422    0.003054
1423    0
1424    0
1425    0
1426    0.003033
1427    0
1428    0
1429    0
1430    0.003079
1431    0
1432    0
1433    0
1434    0.003179
1435    0
1436    0
1437    0
1438    0.002951
1439    0
1440    0
1441    0
1442    0.003199
1443    0
1444    0
1445    0
1446    0.003228
1447    0
1448    0
1449    0
1450    0.003275
1451    0
1452    0
1453    0
1454    0.002867
1455    0
1456    0
1457    0.002946
1458    0
1459    0
1460    0.003251
1461    0.0346
1462    0.003434
1463    0
1464    0
1465    0
1466    0.003283
1467    0
1468    0
1469    0.002842
1470    0
1471    0
1472    0.002815
1473    0
1474    0.003257
1475    0
1476    0
1477    0
1478    0.003072
1479    0
1480    0.003312
1481    0
1482    0
1483    0.003284
1484    0
1485    0
1486    0.003257
1487    0
1488    0
1489    0.003129
1490    0
1491    0
1492    0.003099
1493    0.034351
1494    0.003339
1495    0
1496    0.003263
1497    0
1498    0.003173
1499    0
1500    0
1501    0.00329
1502    0
1503    0.003449
1504    0.003329
1505    0
1506    0.002873
1507    0
1508    0.003117
1509    0
1510    0.002711
1511    0
1512    0.003247
1513    0
1514    0.003261
1515    0.033644
1516    0.003155
1517    0
1518    0.003279
1519    0
1520    0.003175
1521    0
1522    0.00371
1523    0
1524    0.003203
1525    0
1526    0.002783
1527    0
1528    0.00315
1529    0
1530    0.003173
1531    0
1532    0.003244
1533    0
1534    0.003198
1535    0
1536    0.003279
1537    0.033856
1538    0.003066
1539    0
1540    0.00336
1541    0
1542    0.003042
1543    0
1544    0.00333
1545    0
1546    0.003273
1547    0
1548    0.003197
1549    0
1550    0.003245
1551    0
1552    0.003316
1553    0
1554    0.003621
1555    0
1556    0.002704
1557    0
1558    0.002787
1559    0.029273
1560    0.002813
1561    0
1562    0.002631
1563    0
1564    0.003369
1565    0
1566    0.003046
1567    0
1568    0.003457
1569    0
1570    0.003272
1571    0
1572    0.003078
1573    0
1574    0.003545
1575    0
1576    0.002587
1577    0
1578    0.003326
1579    0
1580    0.002959
1581    0.03167
1582    0.003152
1583    0
1584    0.003278
1585    0
1586    0.003306
1587    0
1588    0.003432
1589    0
1590    0.002823
1591    0
1592    0.002955
1593    0
1594    0.00308
1595    0
1596    0.002917
1597    0
1598    0.003083
1599    0
1600    0.003049
1601    0
1602    0.003087
1603    0.030359
1604    0.003053
1605    0
1606    0.00327
1607    0
1608    0.003035
1609    0
1610    0.003314
1611    0
1612    0.003363
1613    0
1614    0.003208
1615    0
1616    0.003172
1617    0
1618    0.003304
1619    0
1620    0.003353
1621    0
1622    0.003175
1623    0
1624    0.00317
1625    0.036338
1626    0.003214
1627    0
1628    0.003494
1629    0
1630    0.003246
1631    0
1632    0.003472
1633    0
1634    0.003877
1635    0
1636    0.003335
1637    0
1638    0.003392
1639    0
1640    0.003139
1641    0
1642    0.003496
1643    0
1644    0.003102
1645    0
1646    0.00329
1647    0.035398
1648    0.003257
1649    0
1650    0.002907
1651    0
1652    0.003252
1653    0
1654    0.003129
1655    0
1656    0.003312
1657    0
1658    0.003041
1659    0
1660    0.003148
1661    0
1662    0.002551
1663    0
1664    0.003159
1665    0
1666    0.002483
1667    0
1668    0.002912
1669    0.037204
1670    0.003281
1671    0
1672    0.002378
1673    0
1674    0.003205
1675    0
1676    0.003161
1677    0
1678    0.003356
1679    0
1680    0.003404
1681    0
1682    0.004358
1683    0
1684    0.003234
1685    0
1686    0.003585
1687    0
1688    0.00359
1689    0
1690    0.00325
1691    0.035254
1692    0.003304
1693    0
1694    0.003073
1695    0
1696    0.003553
1697    0
1698    0.002504
1699    0
1700    0.003342
1701    0
1702    0.003518
1703    0
1704    0.003188
1705    0
1706    0.003144
1707    0
1708    0.002845
1709    0
1710    0.003081
1711    0
1712    0.003278
1713    0.035639
1714    0.003277
1715    0
1716    0.004121
1717    0
1718    0.003337
1719    0
1720    0.003164
1721    0
1722    0.002823
1723    0
1724    0.00242
1725    0
1726    0.003249
1727    0
1728    0.003334
1729    0
1730    0.003335
1731    0
1732    0.003079
1733    0
1734    0.003365
1735    0.032554
1736    0.002779
1737    0
1738    0.002948
1739    0
1740    0.002782
1741    0
1742    0.003295
1743    0
1744    0.003201
1745    0
1746    0.00288
1747    0
1748    0.002466
1749    0
1750    0.00322
1751    0
1752    0.002876
1753    0
1754    0.003359
1755    0
1756    0.003231
1757    0.034713
1758    0.003188
1759    0
1760    0.003246
1761    0
1762    0.003187
1763    0
1764    0.003123
1765    0
1766    0.002409
1767    0
1768    0.002397
1769    0
1770    0.002473
1771    0
1772    0.003153
1773    0
1774    0.003266
1775    0
1776    0.003161
1777    0
1778    0.003273
1779    0.035548
1780    0.003249
1781    0
1782    0.003336
1783    0
1784    0.003206
1785    0
1786    0.003214
1787    0
1788    0.00316
1789    0
1790    0.003494
1791    0
1792    0.003436
1793    0
1794    0.003305
1795    0
1796    0.003202
1797    0
1798    0.003313
1799    0
1800    0.00316
1801    0.036891
1802    0.002735
1803    0
1804    0.003168
1805    0
1806    0.003516
1807    0
1808    0.003301
1809    0
1810    0.003379
1811    0
1812    0.003031
1813    0
1814    0.003498
1815    0
1816    0.003695
1817    0
1818    0.003351
1819    0
1820    0.003943
1821    0
1822    0.003384
1823    0.035062
1824    0.002854
1825    0
1826    0.003461
1827    0
1828    0.003409
1829    0
1830    0.002949
1831    0
1832    0.003383
1833    0
1834    0.003235
1835    0
1836    0.003425
1837    0
1838    0.003322
1839    0
1840    0.004186
1841    0
1842    0.003472
1843    0
1844    0.003347
1845    0.035661
1846    0.003114
1847    0
1848    0.003221
1849    0
1850    0.003121
1851    0
1852    0.003349
1853    0
1854    0.003457
1855    0
1856    0.003434
1857    0
1858    0.003268
1859    0
1860    0.003219
1861    0
1862    0.002356
1863    0
1864    0.003088
1865    0
1866    0.002664
1867    0.033589
1868    0.003087
1869    0
1870    0.003472
1871    0
1872    0.003166
1873    0
1874    0.003206
1875    0
1876    0.003238
1877    0
1878    0.00312
1879    0
1880    0.003275
1881    0
1882    0.003334
1883    0
1884    0.002939
1885    0
1886    0.002896
1887    0
1888    0.003597
1889    0.033326
1890    0.003194
1891    0
1892    0.003081
1893    0
1894    0.003301
1895    0
1896    0.003409
1897    0
1898    0.003189
1899    0
1900    0.003306
1901    0
1902    0.003392
1903    0
1904    0.0033
1905    0
1906    0.003166
1907    0
1908    0.003216
1909    0
1910    0.003601
1911    0.033775
1912    0.003187
1913    0
1914    0.003199
1915    0
1916    0.003176
1917    0
1918    0.003193
1919    0
1920    0.003288
1921    0
1922    0.003609
1923    0
1924    0.00339
1925    0
1926    0.003417
1927    0
1928    0.003096
1929    0
1930    0.00286
1931    0
1932    0.003169
1933    0.032151
1934    0.003073
1935    0
1936    0.003278
1937    0
1938    0.003174
1939    0
1940    0.003285
1941    0
1942    0.002928
1943    0
1944    0.003315
1945    0
1946    0.003182
1947    0
1948    0.003243
1949    0
1950    0.003205
1951    0
1952    0.003347
1953    0
1954    0.003601
1955    0.035166
1956    0.003324
1957    0
1958    0.003148
1959    0
1960    0.002734
1961    0
1962    0.002873
1963    0
1964    0.002865
1965    0
1966    0.003269
1967    0
1968    0.00306
1969    0
1970    0.003156
1971    0
1972    0.003233
1973    0
1974    0.003194
1975    0
1976    0.003143
1977    0.03348
1978    0.003265
1979    0
1980    0.00314
1981    0
1982    0.002984
1983    0
1984    0.003258
1985    0
1986    0.003131
1987    0
1988    0.003224
1989    0
1990    0.003076
1991    0
1992    0.003124
1993    0
1994    0.003217
1995    0
1996    0.003106
1997    0
1998    0.002965
1999    0.035378
2000    0.003123
2001    0
2002    0.003242
2003    0
2004    0.002841
2005    0
2006    0.002762
2007    0
2008    0.002698
2009    0
2010    0.00312
2011    0
2012    0.003154
2013    0
2014    0.002401
2015    0
2016    0.00321
2017    0
2018    0.003049
2019    0
2020    0.002732
2021    0.04752
2022    0.003526
2023    0
2024    0.003326
2025    0
2026    0.003314
2027    0
2028    0.003195
2029    0
2030    0.00326
2031    0
2032    0.003208
2033    0
2034    0.0033
2035    0
2036    0.003176
2037    0
2038    0.003287
2039    0
2040    0.002769
2041    0
2042    0.003064
2043    0.034554
2044    0.003099
2045    0
2046    0.003058
2047    0
2048    0.00315
2049    0
2050    0.003024
2051    0
2052    0.003242
2053    0
2054    0.003058
2055    0
2056    0.00312
2057    0
2058    0.003054
2059    0
2060    0.003092
2061    0
2062    0.003296
2063    0
2064    0.003265
2065    0.034392
2066    0.003059
2067    0
2068    0.003277
2069    0
2070    0.003254
2071    0
2072    0.003201
2073    0
2074    0.003051
2075    0
2076    0.005551
2077    0
2078    0.003271
2079    0
2080    0.003008
2081    0
2082    0.003246
2083    0
2084    0.003105
2085    0
2086    0.003107
2087    0.034298
2088    0.003476
2089    0
2090    0.002933
2091    0
2092    0.003123
2093    0
2094    0.003247
2095    0
2096    0.003239
2097    0
2098    0.003695
2099    0
2100    0.013026
2101    0
2102    0.003116
2103    0
2104    0.00324
2105    0
2106    0.003612
2107    0
2108    0.002743
2109    0.034779
2110    0.003265
2111    0
2112    0.00341
2113    0
2114    0.002769
2115    0
2116    0.003199
2117    0
2118    0.002768
2119    0
2120    0.003135
2121    0
2122    0.003155
2123    0
2124    0.00326
2125    0
2126    0.003178
2127    0
2128    0.003646
2129    0
2130    0.002295
2131    0.033676
2132    0.003532
2133    0
2134    0.003167
2135    0
2136    0.003584
2137    0
2138    0.003106
2139    0
2140    0.003181
2141    0
2142    0.002977
2143    0
2144    0.002731
2145    0
2146    0.002865
2147    0
2148    0.003204
2149    0
2150    0.002967
2151    0
2152    0.003309
2153    0.032475
2154    0.002647
2155    0
2156    0.003206
2157    0
2158    0.003197
2159    0
2160    0.003288
2161    0
2162    0.002866
2163    0
2164    0.002597
2165    0
2166    0.003284
2167    0
2168    0.003315
2169    0
2170    0.002515
2171    0
2172    0.003019
2173    0
2174    0.002688
2175    0.033746
2176    0.00235
2177    0
2178    0.002682
2179    0
2180    0.003564
2181    0
2182    0.002364
2183    0
2184    0.003075
2185    0
2186    0.003144
2187    0
2188    0.003176
2189    0
2190    0.003078
2191    0
2192    0.003072
2193    0
2194    0.002603
2195    0
2196    0.003482
2197    0.03373
2198    0.003263
2199    0
2200    0.003361
2201    0
2202    0.003013
2203    0
2204    0.003186
2205    0
2206    0.003096
2207    0
2208    0.003288
2209    0
2210    0.003218
2211    0
2212    0.003287
2213    0
2214    0.003702
2215    0
2216    0.003133
2217    0
2218    0.003312
2219    0.034817
2220    0.003243
2221    0
2222    0.003119
2223    0
2224    0.002996
2225    0
2226    0.003197
2227    0
2228    0.002776
2229    0
2230    0.0029
2231    0
2232    0.002854
2233    0
2234    0.003237
2235    0
2236    0.003144
2237    0
2238    0.002884
2239    0
2240    0.003049
2241    0.029635
2242    0.003189
2243    0
2244    0.003184
2245    0
2246    0.003162
2247    0
2248    0.003235
2249    0
2250    0.004111
2251    0
2252    0.003103
2253    0
2254    0.00323
2255    0
2256    0.0031
2257    0
2258    0.003487
2259    0
2260    0.003215
2261    0
2262    0.003106
2263    0.036545
2264    0.003269
2265    0
2266    0.003343
2267    0
2268    0.003287
2269    0
2270    0.003226
2271    0
2272    0.002944
2273    0
2274    0.00265
2275    0
2276    0.003021
2277    0
2278    0.00318
2279    0
2280    0.004384
2281    0
2282    0.003216
2283    0
2284    0.002504
2285    0.031213
2286    0.00273
2287    0
2288    0.003124
2289    0
2290    0.003075
2291    0
2292    0.003161
2293    0
2294    0.003117
2295    0
2296    0.003341
2297    0
2298    0.00327
2299    0
2300    0.003455
2301    0
2302    0.003224
2303    0
2304    0.003288
2305    0
2306    0.003167
2307    0.034269
2308    0.003283
2309    0
2310    0.003333
2311    0
2312    0.003198
2313    0
2314    0.003339
2315    0
2316    0.003033
2317    0
2318    0.003336
2319    0
2320    0.003214
2321    0
2322    0.003202
2323    0
2324    0.002641
2325    0
2326    0.003005
2327    0
2328    0.002873
2329    0.033495
2330    0.002902
2331    0
2332    0.002627
2333    0
2334    0.003219
2335    0
2336    0.003122
2337    0
2338    0.002686
2339    0
2340    0.003014
2341    0
2342    0.003245
2343    0
2344    0.003204
2345    0
2346    0.003227
2347    0
2348    0.002754
2349    0
2350    0.00306
2351    0.033635
2352    0.003169
2353    0
2354    0.003044
2355    0
2356    0.003189
2357    0
2358    0.0032
2359    0
2360    0.003122
2361    0
2362    0.003237
2363    0
2364    0.00306
2365    0
2366    0.003044
2367    0
2368    0.002582
2369    0
2370    0.002682
2371    0
2372    0.002601
2373    0.034179
2374    0.003078
2375    0
2376    0.003274
2377    0
2378    0.003148
2379    0
2380    0.003086
2381    0
2382    0.003229
2383    0
2384    0.002982
2385    0
2386    0.002639
2387    0
2388    0.002546
2389    0
2390    0.003319
2391    0
2392    0.002875
2393    0
2394    0.00294
2395    0.033339
2396    0.00275
2397    0
2398    0.003068
2399    0
2400    0.002995
2401    0
2402    0.003473
2403    0
2404    0.00348
2405    0
2406    0.003381
2407    0
2408    0.002918
2409    0
2410    0.003252
2411    0
2412    0.003118
2413    0
2414    0.003051
2415    0
2416    0.00314
2417    0.034242
2418    0.003098
2419    0
2420    0.003252
2421    0
2422    0.002915
2423    0
2424    0.0028
2425    0
2426    0.003098
2427    0
2428    0.003145
2429    0
2430    0.003043
2431    0
2432    0.002898
2433    0
2434    0.003281
2435    0
2436    0.003134
2437    0
2438    0.003185
2439    0.034275
2440    0.002722
2441    0
2442    0.003151
2443    0
2444    0.003261
2445    0
2446    0.002837
2447    0
2448    0.003095
2449    0
2450    0.003193
2451    0
2452    0.003099
2453    0
2454    0.002866
2455    0
2456    0.003088
2457    0
2458    0.003157
2459    0
2460    0.002645
2461    0.032309
2462    0.004877
2463    0
2464    0.003161
2465    0
2466    0.00309
2467    0
2468    0.003149
2469    0
2470    0.003372
2471    0
2472    0.003167
2473    0
2474    0.00316
2475    0
2476    0.003225
2477    0
2478    0.003083
2479    0
2480    0.002705
2481    0
2482    0.003232
2483    0.029405
2484    0.002777
2485    0
2486    0.003319
2487    0
2488    0.002391
2489    0
2490    0.003228
2491    0
2492    0.003037
2493    0
2494    0.00312
2495    0
2496    0.003264
2497    0
2498    0.003076
2499    0
2500    0.003065
2501    0
2502    0.002996
2503    0
2504    0.002592
2505    0.030638
2506    0.002777
2507    0
2508    0.002986
2509    0
2510    0.003071
2511    0
2512    0.003222
2513    0
2514    0.003019
2515    0
2516    0.003211
2517    0
2518    0.003104
2519    0
2520    0.002554
2521    0
2522    0.003195
2523    0
2524    0.003114
2525    0
2526    0.003151
2527    0.036124
2528    0.003334
2529    0
2530    0.00326
2531    0
2532    0.003304
2533    0
2534    0.002451
2535    0
2536    0.003097
2537    0
2538    0.003131
2539    0
2540    0.002928
2541    0
2542    0.003053
2543    0
2544    0.003071
2545    0
2546    0.003106
2547    0
2548    0.003189
2549    0.033995
2550    0.003131
2551    0
2552    0.003128
2553    0
2554    0.003095
2555    0
2556    0.003069
2557    0
2558    0.003031
2559    0
2560    0.003159
2561    0
2562    0.002554
2563    0
2564    0.003032
2565    0
2566    0.00328
2567    0
2568    0.003047
2569    0
2570    0.003033
2571    0.032942
2572    0.00313
2573    0
2574    0.003119
2575    0
2576    0.003138
2577    0
2578    0.003196
2579    0
2580    0.00351
2581    0
2582    0.0034
2583    0
2584    0.003151
2585    0
2586    0.003048
2587    0
2588    0.003282
2589    0
2590    0.003116
2591    0
2592    0.003122
2593    0.034593
2594    0.002617
2595    0
2596    0.002696
2597    0
2598    0.003072
2599    0
2600    0.003034
2601    0
2602    0.003157
2603    0
2604    0.002922
2605    0
2606    0.003077
2607    0
2608    0.003193
2609    0
2610    0.003116
2611    0
2612    0.003163
2613    0
2614    0.003185
2615    0.032586
2616    0.003104
2617    0
2618    0.003164
2619    0
2620    0.00276
2621    0
2622    0.002771
2623    0
2624    0.003115
2625    0
2626    0.002992
2627    0
2628    0.003264
2629    0
2630    0.00311
2631    0
2632    0.003082
2633    0
2634    0.00266
2635    0
2636    0.003071
2637    0.035775
2638    0.00306
2639    0
2640    0.004177
2641    0
2642    0.003041
2643    0
2644    0.003145
2645    0
2646    0.003047
2647    0
2648    0.003082
2649    0
2650    0.00333
2651    0
2652    0.002916
2653    0
2654    0.002793
2655    0
2656    0.002982
2657    0
2658    0.003126
2659    0.026553
2660    0.002367
2661    0
2662    0.003161
2663    0
2664    0.003283
2665    0
2666    0.003211
2667    0
2668    0.003199
2669    0
2670    0.002661
2671    0
2672    0.003237
2673    0
2674    0.003076
2675    0
2676    0.003092
2677    0
2678    0.003193
2679    0
2680    0.002534
2681    0.032501
2682    0.002491
2683    0
2684    0.003108
2685    0
2686    0.00304
2687    0
2688    0.003081
2689    0
2690    0.003054
2691    0
2692    0.003
2693    0
2694    0.003026
2695    0
2696    0.002918
2697    0
2698    0.002871
2699    0
2700    0.003079
2701    0
2702    0.002843
2703    0.032441
2704    0.003042
2705    0
2706    0.003123
2707    0
2708    0.003089
2709    0
2710    0.003272
2711    0
2712    0.002976
2713    0
2714    0.002379
2715    0
2716    0.003206
2717    0
2718    0.002951
2719    0
2720    0.002846
2721    0
2722    0.003165
2723    0
2724    0.003242
2725    0.031995
2726    0.00263
2727    0
2728    0.002499
2729    0
2730    0.002812
2731    0
2732    0.003095
2733    0
2734    0.003092
2735    0
2736    0.003021
2737    0
2738    0.00285
2739    0
2740    0.00307
2741    0
2742    0.002894
2743    0
2744    0.003116
2745    0
2746    0.003188
2747    0.034884
2748    0.003158
2749    0
2750    0.002995
2751    0
2752    0.002639
2753    0
2754    0.003177
2755    0
2756    0.003001
2757    0
2758    0.00276
2759    0
2760    0.002627
2761    0
2762    0.003038
2763    0
2764    0.003004
2765    0
2766    0.00323
2767    0
2768    0.002595
2769    0.032673
2770    0.002456
2771    0
2772    0.002382
2773    0
2774    0.002487
2775    0
2776    0.002982
2777    0
2778    0.003042
2779    0
2780    0.002392
2781    0
2782    0.002385
2783    0
2784    0.003155
2785    0
2786    0.003054
2787    0
2788    0.003085
2789    0
2790    0.003192
2791    0.030236
2792    0.003074
2793    0
2794    0.003071
2795    0
2796    0.003151
2797    0
2798    0.002872
2799    0
2800    0.002668
2801    0
2802    0.003542
2803    0
2804    0.00306
2805    0
2806    0.003143
2807    0
2808    0.003664
2809    0
2810    0.003076
2811    0
2812    0.002695
2813    0.028908
2814    0.002791
2815    0
2816    0.0031
2817    0
2818    0.003086
2819    0
2820    0.002546
2821    0
2822    0.002431
2823    0
2824    0.002541
2825    0
2826    0.003122
2827    0
2828    0.002698
2829    0
2830    0.002999
2831    0
2832    0.003098
2833    0
2834    0.003148
2835    0.034152
2836    0.002683
2837    0
2838    0.002968
2839    0
2840    0.003266
2841    0
2842    0.003021
2843    0
2844    0.002829
2845    0
2846    0.003179
2847    0
2848    0.003062
2849    0
2850    0.003135
2851    0
2852    0.003152
2853    0
2854    0.003091
2855    0
2856    0.002984
2857    0.032616
2858    0.002984
2859    0
2860    0.003065
2861    0
2862    0.003064
2863    0
2864    0.002502
2865    0
2866    0.003209
2867    0
2868    0.002615
2869    0
2870    0.00323
2871    0
2872    0.002678
2873    0
2874    0.002874
2875    0
2876    0.003159
2877    0
2878    0.00306
2879    0.033276
2880    0.003095
2881    0
2882    0.00301
2883    0
2884    0.003165
2885    0
2886    0.00292
2887    0
2888    0.002461
2889    0
2890    0.002804
2891    0
2892    0.003073
2893    0
2894    0.0025
2895    0
2896    0.0026
2897    0
2898    0.003055
2899    0
2900    0.003295
2901    0.027789
2902    0.002783
2903    0
2904    0.003082
2905    0
2906    0.003298
2907    0
2908    0.003102
2909    0
2910    0.002911
2911    0
2912    0.002698
2913    0
2914    0.003206
2915    0
2916    0.002992
2917    0
2918    0.002794
2919    0
2920    0.0032
2921    0
2922    0.002841
2923    0.029366
2924    0.003166
2925    0
2926    0
2927    0
2928    0
2929    0
2930    0
2931    0
2932    0
2933    0
2934    0
2935    0
2936    0
2937    0
2938    0
2939    0
2940    0
2941    0
2942    0
2943    0
2944    0
2945    0
2946    0
2947    0
2948    0
2949    0
2950    0
2951    0
2952    0
2953    0
2954    0
2955    0
2956    0
2957    0
2958    0
2959    0
2960    0
2961    0
2962    0
2963    0
2964    0
2965    0
2966    0
2967    0
2968    0
2969    0
2970    0
2971    0
2972    0
2973    0
2974    0
2975    0
2976    0
2977    0
2978    0
2979    0
2980    0
2981    0
2982    0
2983    0
2984    0
2985    0
2986    0
2987    0
2988    0
2989    0
2990    0
2991    0
2992    0
2993    0
2994    0
2995    0
2996    0
2997    0
2998    0
2999    0
3000    0
