1    0.000883
2    0.000876
3    0.001357
4    0.001525
5    0.000889
6    0.001577
7    0.001207
8    0.001537
9    0.001533
10    0.001082
11    0.000812
12    0.001205
13    0.000846
14    0.001447
15    0.000823
16    0.00091
17    0.001328
18    0.001058
19    0.001509
20    0.001535
21    0.001428
22    0.001539
23    0.001555
24    0.000853
25    0.000872
26    0.000856
27    0.000872
28    0.000847
29    0.001124
30    0.001303
31    0.000871
32    0.000868
33    0.001034
34    0.000902
35    0.000948
36    0.001591
37    0.000893
38    0.001098
39    0.001111
40    0.000932
41    0.000875
42    0.000866
43    0.001558
44    0.001387
45    0.000858
46    0.001401
47    0.000993
48    0.000868
49    0.000899
50    0.000866
51    0.001577
52    0.001517
53    0.000832
54    0.000954
55    0.00091
56    0.000948
57    0.001598
58    0.001559
59    0.001518
60    0.000865
61    0.001597
62    0.001559
63    0.001563
64    0.001563
65    0.001557
66    0.000942
67    0.000958
68    0.000936
69    0.001507
70    0.001372
71    0.000901
72    0.00151
73    0.001525
74    0.001499
75    0.000913
76    0.000853
77    0.001505
78    0.00151
79    0.001569
80    0.001592
81    0.001559
82    0.001028
83    0.001367
84    0.001507
85    0.001413
86    0.001562
87    0.00157
88    0.001582
89    0.001396
90    0.000941
91    0.001285
92    0.001605
93    0.001297
94    0.000932
95    0.001662
96    0.001523
97    0.00163
98    0.001652
99    0.001629
100    0.00163
101    0.00166
102    0.001039
103    0.001617
104    0.001611
105    0.001688
106    0.001551
107    0.001256
108    0.000975
109    0.001574
110    0.001647
111    0.000926
112    0.000862
113    0.000923
114    0.000977
115    0.001137
116    0.00135
117    0.001561
118    0.001582
119    0.001579
120    0.001554
121    0.001028
122    0.001498
123    0.001484
124    0.00083
125    0.001553
126    0.001155
127    0.001491
128    0.001491
129    0.001566
130    0.001567
131    0.000867
132    0.001542
133    0.00092
134    0.000855
135    0.001262
136    0.00157
137    0.001129
138    0.000894
139    0.000869
140    0.001576
141    0.001551
142    0.000889
143    0.001482
144    0.001509
145    0.001538
146    0.000971
147    0.001566
148    0.001003
149    0.001686
150    0.000884
151    0.001588
152    0.001564
153    0.001593
154    0.001281
155    0.001559
156    0.001566
157    0.001569
158    0.000874
159    0.00104
160    0.001562
161    0.001248
162    0.0016
163    0.000891
164    0.001347
165    0.001035
166    0.001632
167    0.001665
168    0.001639
169    0.001574
170    0.001576
171    0.001561
172    0.000873
173    0.00104
174    0.00088
175    0.00156
176    0.001558
177    0.001153
178    0.001548
179    0.000946
180    0.000993
181    0.001468
182    0.001484
183    0.001558
184    0.001516
185    0.001589
186    0.001376
187    0.001502
188    0.000857
189    0.001264
190    0.000898
191    0.000845
192    0.001515
193    0.001595
194    0.0009
195    0.001525
196    0.001063
197    0.001148
198    0.000914
199    0.001585
200    0.001572
201    0.001552
202    0.001564
203    0.001559
204    0.001583
205    0.001263
206    0.001619
207    0.001552
208    0.000929
209    0.001194
210    0.000831
211    0.000852
212    0.001574
213    0.001548
214    0.001196
215    0.001567
216    0.001558
217    0.001629
218    0.001617
219    0.001636
220    0.001583
221    0.001518
222    0.001582
223    0.001628
224    0.000943
225    0.001528
226    0.001505
227    0.000902
228    0.001512
229    0.001556
230    0.000884
231    0.00092
232    0.001544
233    0.000783
234    0.000862
235    0.001484
236    0.001443
237    0.000915
238    0.000851
239    0.001091
240    0.001573
241    0.001543
242    0.000884
243    0.001497
244    0.000871
245    0.000862
246    0.00151
247    0.00151
248    0.001487
249    0.001521
250    0.001301
251    0.000837
252    0.001159
253    0.001127
254    0.001106
255    0.000843
256    0.000828
257    0.000856
258    0.001431
259    0.001515
260    0.000878
261    0.001103
262    0.000883
263    0.00086
264    0.001521
265    0.001531
266    0.001494
267    0.001528
268    0.001504
269    0.001581
270    0.001608
271    0.001564
272    0.001571
273    0.001575
274    0.001542
275    0.000923
276    0.001488
277    0.00105
278    0.000928
279    0.00086
280    0.000867
281    0.001583
282    0.001522
283    0.001567
284    0.000874
285    0.001568
286    0.001146
287    0.000877
288    0.001001
289    0.001591
290    0.001558
291    0.001586
292    0.001473
293    0.001315
294    0.000846
295    0.000852
296    0.00085
297    0.000905
298    0.000862
299    0.001057
300    0.000888
301    0.001309
302    0.00091
303    0.001554
304    0.001318
305    0.001376
306    0.001247
307    0.001598
308    0.001069
309    0.001228
310    0.000874
311    0.000873
312    0.000988
313    0.00097
314    0.001567
315    0.001402
316    0.001586
317    0.001471
318    0.001587
319    0.000859
320    0.001498
321    0.001514
322    0.001603
323    0.001568
324    0.001473
325    0.000887
326    0.001422
327    0.000935
328    0.000903
329    0.001474
330    0.001564
331    0.001484
332    0.001462
333    0.000874
334    0.001091
335    0.001323
336    0.000867
337    0.001585
338    0.001563
339    0.000875
340    0.001327
341    0.000862
342    0.000893
343    0.000868
344    0.001566
345    0.001575
346    0.000879
347    0.001612
348    0.001285
349    0.001577
350    0.001201
351    0.001544
352    0.001531
353    0.000902
354    0.000875
355    0.001652
356    0.001198
357    0.001461
358    0.001554
359    0.000888
360    0.001211
361    0.001116
362    0.0015
363    0.001531
364    0.001403
365    0.0016
366    0.001277
367    0.000893
368    0.001656
369    0.001218
370    0.001543
371    0.001628
372    0.001562
373    0.001077
374    0.001671
375    0.001181
376    0.001569
377    0.000926
378    0.000914
379    0.001464
380    0.001622
381    0.001002
382    0.000919
383    0.001646
384    0.001619
385    0.00163
386    0.001659
387    0.0015
388    0.001213
389    0.001409
390    0.001676
391    0.001533
392    0.001319
393    0.001249
394    0.001323
395    0.001557
396    0.001676
397    0.000944
398    0.000868
399    0.00107
400    0.000901
401    0.001582
402    0.001579
403    0.001569
404    0.001569
405    0.001584
406    0.000893
407    0.000868
408    0.001518
409    0.00129
410    0.000963
411    0.000888
412    0.001533
413    0.00157
414    0.000843
415    0.0009
416    0.001599
417    0.001437
418    0.001053
419    0.000879
420    0.001418
421    0.001571
422    0.001581
423    0.001576
424    0.000951
425    0.000883
426    0.000859
427    0.000856
428    0.001543
429    0.001579
430    0.001308
431    0.001605
432    0.001232
433    0.001648
434    0.00165
435    0.00161
436    0.001088
437    0.000824
438    0.00163
439    0.001494
440    0.00161
441    0.001035
442    0.001693
443    0.00164
444    0.001552
445    0.001581
446    0.00126
447    0.001203
448    0.000958
449    0.001613
450    0.001578
451    0.001207
452    0.000887
453    0.001277
454    0.001139
455    0.001642
456    0.001669
457    0.00116
458    0.001585
459    0.001655
460    0.001622
461    0.001699
462    0.000943
463    0.001008
464    0.001627
465    0.001518
466    0.001634
467    0.001201
468    0.001049
469    0.001714
470    0.001699
471    0.001694
472    0.001692
473    0.001695
474    0.001707
475    0.001758
476    0.001304
477    0.001704
478    0.001689
479    0.001686
480    0.001736
481    0.001712
482    0.001635
483    0.00163
484    0.001684
485    0.001683
486    0.00169
487    0.001726
488    0.001635
489    0.001691
490    0.0013
491    0.001274
492    0.001664
493    0.001631
494    0.001674
495    0.00147
496    0.001655
497    0.001634
498    0.001673
499    0.001559
500    0.001741
501    0.001435
502    0.001691
503    0.001772
504    0.00173
505    0.000972
506    0.001365
507    0.001734
508    0.003864
509    0.001742
510    0.001363
511    0.00149
512    0.001727
513    0.0017
514    0.001721
515    0.001725
516    0.001731
517    0.001107
518    0.001064
519    0.001648
520    0.001733
521    0.003773
522    0.001475
523    0.00111
524    0.000932
525    0.001605
526    0.001697
527    0.001707
528    0.001707
529    0.001643
530    0.000983
531    0.001849
532    0.001741
533    0.001626
534    0.001711
535    0.001688
536    0.001284
537    0.001712
538    0.001632
539    0.001346
540    0.001184
541    0.001503
542    0.001728
543    0.001541
544    0.00169
545    0.001736
546    0.001613
547    0.001318
548    0.001388
549    0.001725
550    0.001798
551    0.001637
552    0.001622
553    0.001727
554    0.001729
555    0.001692
556    0.000918
557    0.000957
558    0.001232
559    0.001429
560    0.001685
561    0.001704
562    0.00162
563    0.001635
564    0.001651
565    0.001704
566    0.001718
567    0.001522
568    0.001664
569    0.001762
570    0.001298
571    0.000953
572    0.001087
573    0.001381
574    0.001685
575    0.001715
576    0.001125
577    0.001757
578    0.00177
579    0.001095
580    0.001336
581    0.001444
582    0.001745
583    0.001771
584    0.001695
585    0.001647
586    0.001345
587    0.001746
588    0.001757
589    0.001727
590    0.001906
591    0.001761
592    0.001461
593    0.001614
594    0.001767
595    0.001713
596    0.001295
597    0.001523
598    0.001271
599    0.001709
600    0.001694
601    0.001381
602    0.001752
603    0.001762
604    0.001749
605    0.001744
606    0.001289
607    0.001813
608    0.001667
609    0.0014
610    0.001734
611    0.001656
612    0.001639
613    0.001677
614    0.001695
615    0.001135
616    0.001483
617    0.000969
618    0.001513
619    0.001627
620    0.00154
621    0.001667
622    0.00151
623    0.001659
624    0.001684
625    0.001911
626    0.001081
627    0.001815
628    0.001833
629    0.001553
630    0.001427
631    0.001196
632    0.001673
633    0.001316
634    0.001616
635    0.001306
636    0.001648
637    0.001604
638    0.001435
639    0.001648
640    0.00177
641    0.001531
642    0.001602
643    0.001662
644    0.001509
645    0.001926
646    0.001523
647    0.001806
648    0.001803
649    0.001832
650    0.001853
651    0.001611
652    0.002587
653    0.001392
654    0.001404
655    0.001606
656    0.001586
657    0.001624
658    0.001671
659    0.001718
660    0.00173
661    0.001744
662    0.001712
663    0.001766
664    0.001648
665    0.00161
666    0.001637
667    0.001649
668    0.001756
669    0.001652
670    0.001643
671    0.001715
672    0.001721
673    0.001719
674    0.001283
675    0.001673
676    0.001641
677    0.00167
678    0.001671
679    0.001698
680    0.001619
681    0.001204
682    0.001637
683    0.001726
684    0.001722
685    0.00142
686    0.001646
687    0.001684
688    0.001324
689    0.001731
690    0.001667
691    0.001581
692    0.001665
693    0.001631
694    0.00162
695    0.001643
696    0.001692
697    0.001638
698    0.001636
699    0.001346
700    0.001717
701    0.001639
702    0.001584
703    0.001595
704    0.001618
705    0.001711
706    0.001686
707    0.001705
708    0.001565
709    0.001675
710    0.001651
711    0.001664
712    0.001715
713    0.001639
714    0.001519
715    0.001414
716    0.001703
717    0.001556
718    0.001573
719    0.001426
720    0.00143
721    0.001695
722    0.001382
723    0.001653
724    0.001612
725    0.001654
726    0.001271
727    0.001721
728    0.001345
729    0.001333
730    0.00136
731    0.001334
732    0.00158
733    0.001641
734    0.001698
735    0.001743
736    0.001669
737    0.001645
738    0.000983
739    0.001626
740    0.001604
741    0.001352
742    0.001726
743    0.001569
744    0.001379
745    0.001615
746    0.001675
747    0.001449
748    0.001666
749    0.001793
750    0.00129
751    0.000942
752    0.001286
753    0.00139
754    0.000928
755    0.0017
756    0.001662
757    0.001642
758    0.001657
759    0.001653
760    0.001621
761    0.001687
762    0.001713
763    0.001559
764    0.001664
765    0.001445
766    0.001623
767    0.001506
768    0.001651
769    0.001692
770    0.001713
771    0.001694
772    0.001444
773    0.00161
774    0.001324
775    0.001716
776    0.001296
777    0.001322
778    0.001316
779    0.001735
780    0.001626
781    0.001311
782    0.001645
783    0.001622
784    0.001686
785    0.001729
786    0.001351
787    0.001647
788    0.001586
789    0.00166
790    0.001753
791    0.001642
792    0.001643
793    0.001681
794    0.001265
795    0.001228
796    0.001671
797    0.001489
798    0.001694
799    0.001608
800    0.001619
801    0.001655
802    0.001525
803    0.001755
804    0.001703
805    0.001628
806    0.000933
807    0.001591
808    0.001677
809    0.001336
810    0.001259
811    0.001545
812    0.001712
813    0.001695
814    0.001296
815    0.00157
816    0.001599
817    0.001724
818    0.001395
819    0.001707
820    0.001684
821    0.001654
822    0.001413
823    0.001676
824    0.001514
825    0.001247
826    0.001767
827    0.001711
828    0.001634
829    0.001656
830    0.001752
831    0.0028
832    0.001751
833    0.000898
834    0.001218
835    0.001518
836    0.001723
837    0.001469
838    0.001677
839    0.001682
840    0.002023
841    0.002179
842    0.001391
843    0.001707
844    0.001777
845    0.001786
846    0.001713
847    0.001682
848    0.001626
849    0.001316
850    0.001541
851    0.001722
852    0.001674
853    0.001302
854    0.001662
855    0.001643
856    0.001422
857    0.001751
858    0.001685
859    0.001483
860    0.00132
861    0.001334
862    0.001622
863    0.001262
864    0.001407
865    0.001634
866    0.001625
867    0.001317
868    0.001731
869    0.001465
870    0.001699
871    0.001638
872    0.001683
873    0.001754
874    0.00126
875    0.001676
876    0.001725
877    0.001719
878    0.001276
879    0.00173
880    0.001454
881    0.001688
882    0.00161
883    0.001626
884    0.001601
885    0.001718
886    0.001772
887    0.001782
888    0.001731
889    0.001414
890    0.001602
891    0.001492
892    0.001723
893    0.001655
894    0.001648
895    0.001676
896    0.001579
897    0.001648
898    0.00139
899    0.001465
900    0.001754
901    0.001031
902    0.001742
903    0.001703
904    0.001697
905    0.001733
906    0.001643
907    0.001275
908    0.001216
909    0.001297
910    0.00166
911    0.001221
912    0.00137
913    0.001573
914    0.001631
915    0.001559
916    0.001639
917    0.00166
918    0.001861
919    0.00124
920    0.00171
921    0.001574
922    0.001554
923    0.001735
924    0.001225
925    0.005838
926    0.001708
927    0.001717
928    0.001652
929    0.000984
930    0.001677
931    0.001353
932    0.001616
933    0.001726
934    0.00171
935    0.0017
936    0.001498
937    0.001492
938    0.001699
939    0.001641
940    0.001625
941    0.001722
942    0.001659
943    0.001627
944    0.001594
945    0.00165
946    0.001735
947    0.001649
948    0.001621
949    0.001463
950    0.001274
951    0.001518
952    0.001698
953    0.00178
954    0.001301
955    0.001702
956    0.003316
957    0.001541
958    0.001755
959    0.001389
960    0.001552
961    0.001329
962    0.001449
963    0.001563
964    0.001796
965    0.001704
966    0.001615
967    0.001356
968    0.001635
969    0.001619
970    0.001638
971    0.001649
972    0.001366
973    0.001604
974    0.001632
975    0.001629
976    0.001108
977    0.001448
978    0.001488
979    0.001609
980    0.001605
981    0.001688
982    0.001679
983    0.001407
984    0.001008
985    0.001609
986    0.001697
987    0.001624
988    0.001649
989    0.001519
990    0.001523
991    0.001696
992    0.001659
993    0.001626
994    0.001474
995    0.001313
996    0.001672
997    0.001491
998    0.001468
999    0.001653
1000    0.00122
1001    0.001608
1002    0.001295
1003    0.001615
1004    0.001615
1005    0.001322
1006    0.001658
1007    0.001523
1008    0.001307
1009    0.001646
1010    0.001623
1011    0.001294
1012    0.001599
1013    0.001554
1014    0.001617
1015    0.001456
1016    0.00165
1017    0.001498
1018    0.001702
1019    0.001533
1020    0.001679
1021    0.001708
1022    0.001532
1023    0.001509
1024    0.001571
1025    0.00168
1026    0.001436
1027    0.001575
1028    0.001089
1029    0.001708
1030    0.001588
1031    0.00169
1032    0.001644
1033    0.001403
1034    0.001525
1035    0.002226
1036    0.001065
1037    0.001231
1038    0.001413
1039    0.001374
1040    0.001398
1041    0.001321
1042    0.001565
1043    0.001714
1044    0.001748
1045    0.001729
1046    0.001739
1047    0.001717
1048    0.001491
1049    0.0017
1050    0.001701
1051    0.001559
1052    0.001614
1053    0.001223
1054    0.001656
1055    0.001662
1056    0.001639
1057    0.001385
1058    0.00166
1059    0.001557
1060    0.001752
1061    0.001728
1062    0.001602
1063    0.001743
1064    0.001727
1065    0.001443
1066    0.001727
1067    0.00171
1068    0.001667
1069    0.001612
1070    0.001164
1071    0.001701
1072    0.001583
1073    0.001355
1074    0.001641
1075    0.001601
1076    0.000994
1077    0.001724
1078    0.001655
1079    0.001657
1080    0.001351
1081    0.001733
1082    0.00168
1083    0.001712
1084    0.001582
1085    0.001601
1086    0.0014
1087    0.001681
1088    0.001604
1089    0.001484
1090    0.00167
1091    0.001686
1092    0.001743
1093    0.001642
1094    0.001724
1095    0.002153
1096    0.001718
1097    0.001491
1098    0.001772
1099    0.001589
1100    0.001433
1101    0.001638
1102    0.001579
1103    0.001621
1104    0.001652
1105    0.001747
1106    0.001742
1107    0.001695
1108    0.001264
1109    0.001396
1110    0.001797
1111    0.001422
1112    0.001561
1113    0.001663
1114    0.001365
1115    0.001626
1116    0.00153
1117    0.001464
1118    0.000939
1119    0.001314
1120    0.001748
1121    0.001673
1122    0.001637
1123    0.001647
1124    0.001498
1125    0.00171
1126    0.001417
1127    0.001334
1128    0.001256
1129    0.001596
1130    0.001723
1131    0.00257
1132    0.001696
1133    0.001693
1134    0.001738
1135    0.001275
1136    0.001709
1137    0.001755
1138    0.001751
1139    0.001269
1140    0.001725
1141    0.001724
1142    0.001663
1143    0.001696
1144    0.002134
1145    0.001969
1146    0.001613
1147    0.001162
1148    0.001613
1149    0.001751
1150    0.001673
1151    0.001796
1152    0.001686
1153    0.001732
1154    0.001699
1155    0.001694
1156    0.001703
1157    0.002146
1158    0.001731
1159    0.001732
1160    0.001664
1161    0.001674
1162    0.001691
1163    0.001773
1164    0.00172
1165    0.001696
1166    0.001705
1167    0.001766
1168    0.001684
1169    0.001439
1170    0.001615
1171    0.001596
1172    0.001654
1173    0.001561
1174    0.001688
1175    0.00174
1176    0.001456
1177    0.001733
1178    0.001142
1179    0.001128
1180    0.001711
1181    0.001738
1182    0.001657
1183    0.001733
1184    0.001721
1185    0.001506
1186    0.001703
1187    0.001495
1188    0.001294
1189    0.001666
1190    0.001657
1191    0.001358
1192    0.00128
1193    0.001689
1194    0.001587
1195    0.001442
1196    0.001634
1197    0.001651
1198    0.001613
1199    0.001629
1200    0.001729
1201    0.001672
1202    0.001683
1203    0.001775
1204    0.0014
1205    0.001604
1206    0.001596
1207    0.001605
1208    0.001584
1209    0.001716
1210    0.001623
1211    0.001397
1212    0.001659
1213    0.001712
1214    0.001635
1215    0.001638
1216    0.001691
1217    0.001737
1218    0.00165
1219    0.001637
1220    0.00115
1221    0.001545
1222    0.001011
1223    0.000985
1224    0.00167
1225    0.001661
1226    0.001043
1227    0.001394
1228    0.001624
1229    0.001669
1230    0.001596
1231    0.001869
1232    0.001695
1233    0.001747
1234    0.001552
1235    0.001752
1236    0.001734
1237    0.001492
1238    0.001625
1239    0.001473
1240    0.001701
1241    0.001522
1242    0.001708
1243    0.001678
1244    0.001366
1245    0.001734
1246    0.001097
1247    0.001797
1248    0.001695
1249    0.001734
1250    0.002953
1251    0.001716
1252    0.001478
1253    0.001241
1254    0.001756
1255    0.001715
1256    0.001409
1257    0.001721
1258    0.001691
1259    0.002065
1260    0.0017
1261    0.001764
1262    0.001302
1263    0.001758
1264    0.001686
1265    0.001673
1266    0.001559
1267    0.001708
1268    0.001713
1269    0.001094
1270    0.000954
1271    0.001082
1272    0.00097
1273    0.001534
1274    0.001687
1275    0.001585
1276    0.001201
1277    0.001559
1278    0.001706
1279    0.001686
1280    0.001096
1281    0.001266
1282    0.001271
1283    0.001632
1284    0.001642
1285    0.001281
1286    0.001583
1287    0.001618
1288    0.001332
1289    0.001525
1290    0.001639
1291    0.001053
1292    0.001728
1293    0.001695
1294    0.001624
1295    0.001418
1296    0.001604
1297    0.00171
1298    0.001633
1299    0.001637
1300    0.001627
1301    0.001434
1302    0.00162
1303    0.001741
1304    0.001716
1305    0.001718
1306    0.001656
1307    0.001895
1308    0.001705
1309    0.001309
1310    0.001627
1311    0.001644
1312    0.00163
1313    0.001688
1314    0.001695
1315    0.001756
1316    0.001741
1317    0.001727
1318    0.001506
1319    0.001671
1320    0.001642
1321    0.001567
1322    0.001708
1323    0.001732
1324    0.001738
1325    0.001766
1326    0.001693
1327    0.001607
1328    0.001216
1329    0.001279
1330    0.001273
1331    0.001686
1332    0.001319
1333    0.001634
1334    0.00098
1335    0.001621
1336    0.001691
1337    0.001457
1338    0.001679
1339    0.0017
1340    0.001454
1341    0.001708
1342    0.001573
1343    0.001703
1344    0.001706
1345    0.001709
1346    0.001571
1347    0.001558
1348    0.001347
1349    0.001249
1350    0.001674
1351    0.001633
1352    0.001199
1353    0.001713
1354    0.001354
1355    0.001571
1356    0.001625
1357    0.001648
1358    0.001504
1359    0.00121
1360    0.001622
1361    0.001925
1362    0.0016
1363    0.001565
1364    0.001734
1365    0.001639
1366    0.00162
1367    0.001458
1368    0.001712
1369    0.001727
1370    0.001344
1371    0.00172
1372    0.00168
1373    0.001647
1374    0.001644
1375    0.001337
1376    0.001199
1377    0.001737
1378    0.001258
1379    0.001439
1380    0.001355
1381    0.001715
1382    0.001735
1383    0.001664
1384    0.001647
1385    0.001755
1386    0.001781
1387    0.00107
1388    0.001107
1389    0.001707
1390    0.001746
1391    0.001666
1392    0.001695
1393    0.001176
1394    0.001634
1395    0.001755
1396    0.001613
1397    0.001719
1398    0.001638
1399    0.001729
1400    0.00171
1401    0.001676
1402    0.001661
1403    0.001713
1404    0.001564
1405    0.001761
1406    0.001681
1407    0.001691
1408    0.001677
1409    0.001684
1410    0.001749
1411    0.001662
1412    0.001283
1413    0.001604
1414    0.00152
1415    0.00174
1416    0.001276
1417    0.00139
1418    0.001647
1419    0.001125
1420    0.001201
1421    0.00143
1422    0.001603
1423    0.00163
1424    0.001622
1425    0.001575
1426    0.001148
1427    0.001145
1428    0.001633
1429    0.0015
1430    0.001475
1431    0.001554
1432    0.001698
1433    0.001707
1434    0.00162
1435    0.001672
1436    0.001658
1437    0.001719
1438    0.001403
1439    0.001621
1440    0.000999
1441    0.001696
1442    0.001724
1443    0.001108
1444    0.001243
1445    0.001031
1446    0.001713
1447    0.00163
1448    0.001676
1449    0.001644
1450    0.001683
1451    0.0016
1452    0.00165
1453    0.001414
1454    0.001399
1455    0.001721
1456    0.001665
1457    0.001431
1458    0.001635
1459    0.001633
1460    0.00167
1461    0.001492
1462    0.001711
1463    0.001619
1464    0.001721
1465    0.001543
1466    0.001632
1467    0.001614
1468    0.001307
1469    0.00168
1470    0.001631
1471    0.001376
1472    0.001045
1473    0.001718
1474    0.001696
1475    0.001632
1476    0.001644
1477    0.00164
1478    0.001602
1479    0.001692
1480    0.001671
1481    0.001579
1482    0.001667
1483    0.00157
1484    0.001649
1485    0.001707
1486    0.001668
1487    0.001632
1488    0.001637
1489    0.001619
1490    0.001586
1491    0.001715
1492    0.001635
1493    0.001492
1494    0.001735
1495    0.001747
1496    0.001702
1497    0.001652
1498    0.001566
1499    0.001611
1500    0.001616
1501    0.001658
1502    0.001633
1503    0.001535
1504    0.001754
1505    0.0018
1506    0.001176
1507    0.001729
1508    0.001738
1509    0.001457
1510    0.001281
1511    0.001637
1512    0.001281
1513    0.001688
1514    0.001614
1515    0.001321
1516    0.001437
1517    0.001633
1518    0.001587
1519    0.001462
1520    0.001672
1521    0.001647
1522    0.00161
1523    0.001689
1524    0.00161
1525    0.001714
1526    0.001301
1527    0.001542
1528    0.001548
1529    0.001735
1530    0.001696
1531    0.001738
1532    0.00138
1533    0.001613
1534    0.001581
1535    0.00155
1536    0.001607
1537    0.001461
1538    0.001424
1539    0.001707
1540    0.001648
1541    0.001697
1542    0.001286
1543    0.001751
1544    0.001583
1545    0.001144
1546    0.001724
1547    0.001735
1548    0.001681
1549    0.001644
1550    0.001764
1551    0.001722
1552    0.001639
1553    0.001755
1554    0.001697
1555    0.001557
1556    0.001258
1557    0.001692
1558    0.001231
1559    0.001194
1560    0.001334
1561    0.001437
1562    0.00099
1563    0.00166
1564    0.00157
1565    0.001706
1566    0.001538
1567    0.001632
1568    0.001671
1569    0.001705
1570    0.001616
1571    0.001333
1572    0.001616
1573    0.001634
1574    0.001664
1575    0.001646
1576    0.001142
1577    0.00158
1578    0.00165
1579    0.001675
1580    0.001671
1581    0.001492
1582    0.001592
1583    0.001714
1584    0.002215
1585    0.001533
1586    0.00162
1587    0.0015
1588    0.001773
1589    0.001078
1590    0.001284
1591    0.001625
1592    0.001001
1593    0.000945
1594    0.001633
1595    0.00161
1596    0.001296
1597    0.001627
1598    0.001526
1599    0.001241
1600    0.001609
1601    0.001601
1602    0.00131
1603    0.001372
1604    0.001646
1605    0.000942
1606    0.001602
1607    0.001647
1608    0.001587
1609    0.001906
1610    0.001683
1611    0.001577
1612    0.001735
1613    0.001729
1614    0.001666
1615    0.001338
1616    0.001607
1617    0.001657
1618    0.001691
1619    0.001715
1620    0.001638
1621    0.00175
1622    0.001312
1623    0.001895
1624    0.001437
1625    0.001547
1626    0.001657
1627    0.001172
1628    0.001673
1629    0.001997
1630    0.0017
1631    0.001712
1632    0.001703
1633    0.001609
1634    0.00177
1635    0.001703
1636    0.001663
1637    0.001716
1638    0.00147
1639    0.00161
1640    0.001595
1641    0.001198
1642    0.001701
1643    0.001669
1644    0.001518
1645    0.001623
1646    0.001695
1647    0.001253
1648    0.001672
1649    0.001612
1650    0.001225
1651    0.001622
1652    0.001649
1653    0.001667
1654    0.001599
1655    0.001648
1656    0.001686
1657    0.00172
1658    0.001607
1659    0.001652
1660    0.001641
1661    0.000981
1662    0.001356
1663    0.001447
1664    0.001618
1665    0.001369
1666    0.001698
1667    0.001387
1668    0.001284
1669    0.001483
1670    0.001651
1671    0.001744
1672    0.001025
1673    0.00147
1674    0.001341
1675    0.001743
1676    0.001629
1677    0.001762
1678    0.001698
1679    0.001739
1680    0.001739
1681    0.001704
1682    0.00167
1683    0.001693
1684    0.001362
1685    0.00106
1686    0.001683
1687    0.001809
1688    0.0017
1689    0.002065
1690    0.001731
1691    0.001483
1692    0.001559
1693    0.001629
1694    0.001179
1695    0.001321
1696    0.001772
1697    0.001707
1698    0.001105
1699    0.001628
1700    0.001739
1701    0.00176
1702    0.002035
1703    0.001238
1704    0.00166
1705    0.001798
1706    0.001623
1707    0.001731
1708    0.001345
1709    0.001234
1710    0.001625
1711    0.001633
1712    0.001767
1713    0.001544
1714    0.001525
1715    0.001924
1716    0.002026
1717    0.001858
1718    0.001772
1719    0.001775
1720    0.001567
1721    0.001722
1722    0.001628
1723    0.001733
1724    0.001195
1725    0.001494
1726    0.001619
1727    0.001665
1728    0.001714
1729    0.001158
1730    0.001768
1731    0.001638
1732    0.001611
1733    0.001704
1734    0.001686
1735    0.001131
1736    0.001283
1737    0.001732
1738    0.001277
1739    0.001619
1740    0.001386
1741    0.002791
1742    0.001685
1743    0.001673
1744    0.001598
1745    0.001656
1746    0.001197
1747    0.001622
1748    0.001248
1749    0.001168
1750    0.001484
1751    0.001493
1752    0.001625
1753    0.001705
1754    0.001664
1755    0.001693
1756    0.001604
1757    0.001232
1758    0.001679
1759    0.00102
1760    0.001595
1761    0.001633
1762    0.001639
1763    0.00095
1764    0.000967
1765    0.001058
1766    0.001072
1767    0.001081
1768    0.001077
1769    0.000942
1770    0.001101
1771    0.001459
1772    0.001533
1773    0.001709
1774    0.001699
1775    0.001692
1776    0.001584
1777    0.001662
1778    0.001593
1779    0.001507
1780    0.00171
1781    0.001652
1782    0.001623
1783    0.001631
1784    0.001568
1785    0.001732
1786    0.001669
1787    0.001721
1788    0.001601
1789    0.001656
1790    0.001689
1791    0.001715
1792    0.001692
1793    0.001723
1794    0.001689
1795    0.001685
1796    0.001624
1797    0.001645
1798    0.001617
1799    0.001002
1800    0.001513
1801    0.001334
1802    0.001038
1803    0.001591
1804    0.0016
1805    0.00164
1806    0.001707
1807    0.001726
1808    0.001621
1809    0.001697
1810    0.002742
1811    0.001769
1812    0.001079
1813    0.001966
1814    0.00172
1815    0.001908
1816    0.001846
1817    0.00177
1818    0.001771
1819    0.001494
1820    0.001768
1821    0.001616
1822    0.001694
1823    0.001395
1824    0.00142
1825    0.001724
1826    0.001686
1827    0.001382
1828    0.001673
1829    0.001517
1830    0.001534
1831    0.001672
1832    0.001762
1833    0.001173
1834    0.001673
1835    0.001399
1836    0.001691
1837    0.001545
1838    0.001722
1839    0.001621
1840    0.001623
1841    0.001583
1842    0.001728
1843    0.001686
1844    0.001459
1845    0.001262
1846    0.001606
1847    0.001664
1848    0.001708
1849    0.001503
1850    0.001637
1851    0.001689
1852    0.001713
1853    0.001561
1854    0.001709
1855    0.001896
1856    0.001687
1857    0.001785
1858    0.001524
1859    0.001601
1860    0.001682
1861    0.001654
1862    0.00112
1863    0.001172
1864    0.00187
1865    0.001024
1866    0.000929
1867    0.001392
1868    0.001674
1869    0.001727
1870    0.001762
1871    0.001459
1872    0.001492
1873    0.001751
1874    0.001734
1875    0.00171
1876    0.001656
1877    0.00126
1878    0.001634
1879    0.00139
1880    0.001628
1881    0.001661
1882    0.001618
1883    0.001365
1884    0.001236
1885    0.001699
1886    0.001331
1887    0.00215
1888    0.001408
1889    0.001094
1890    0.001768
1891    0.001386
1892    0.001421
1893    0.001668
1894    0.001636
1895    0.001498
1896    0.001442
1897    0.001667
1898    0.001613
1899    0.001319
1900    0.001661
1901    0.001718
1902    0.001699
1903    0.001471
1904    0.00168
1905    0.001731
1906    0.001694
1907    0.000958
1908    0.001657
1909    0.001663
1910    0.001697
1911    0.001224
1912    0.001592
1913    0.001729
1914    0.00166
1915    0.001947
1916    0.001742
1917    0.001522
1918    0.001375
1919    0.001452
1920    0.001685
1921    0.001554
1922    0.001697
1923    0.001719
1924    0.001646
1925    0.001584
1926    0.001648
1927    0.001745
1928    0.001534
1929    0.001706
1930    0.001273
1931    0.001632
1932    0.001608
1933    0.001386
1934    0.00162
1935    0.001749
1936    0.001671
1937    0.001467
1938    0.001557
1939    0.001457
1940    0.00169
1941    0.001339
1942    0.001296
1943    0.001339
1944    0.001631
1945    0.001652
1946    0.001315
1947    0.001412
1948    0.001712
1949    0.001642
1950    0.001592
1951    0.001705
1952    0.001669
1953    0.001672
1954    0.001686
1955    0.001444
1956    0.001117
1957    0.001623
1958    0.001654
1959    0.001756
1960    0.001305
1961    0.001617
1962    0.001277
1963    0.001226
1964    0.001308
1965    0.001631
1966    0.001634
1967    0.001472
1968    0.001651
1969    0.001665
1970    0.001627
1971    0.001588
1972    0.001723
1973    0.00173
1974    0.001603
1975    0.001428
1976    0.001234
1977    0.001383
1978    0.001635
1979    0.001141
1980    0.001594
1981    0.00164
1982    0.001704
1983    0.001744
1984    0.001678
1985    0.001612
1986    0.001606
1987    0.001643
1988    0.00181
1989    0.001368
1990    0.001622
1991    0.001559
1992    0.001584
1993    0.00142
1994    0.001611
1995    0.00164
1996    0.001622
1997    0.001592
1998    0.001447
1999    0.001138
2000    0.001598
2001    0.001702
2002    0.001614
2003    0.001613
2004    0.001254
2005    0.001289
2006    0.001127
2007    0.001674
2008    0.001242
2009    0.001509
2010    0.001566
2011    0.001518
2012    0.001613
2013    0.001704
2014    0.00109
2015    0.001722
2016    0.001606
2017    0.001637
2018    0.001334
2019    0.001364
2020    0.001345
2021    0.001548
2022    0.001645
2023    0.001865
2024    0.001875
2025    0.00175
2026    0.001695
2027    0.001715
2028    0.001727
2029    0.001713
2030    0.001701
2031    0.001493
2032    0.001616
2033    0.001717
2034    0.001689
2035    0.000999
2036    0.001618
2037    0.00134
2038    0.001693
2039    0.001691
2040    0.001657
2041    0.001633
2042    0.001512
2043    0.001461
2044    0.001633
2045    0.001766
2046    0.001608
2047    0.001632
2048    0.001594
2049    0.00164
2050    0.001695
2051    0.001417
2052    0.001657
2053    0.001374
2054    0.001611
2055    0.001353
2056    0.001596
2057    0.001626
2058    0.001619
2059    0.001639
2060    0.001529
2061    0.001662
2062    0.001676
2063    0.001744
2064    0.001714
2065    0.001481
2066    0.001828
2067    0.001733
2068    0.001637
2069    0.001606
2070    0.001579
2071    0.001377
2072    0.001589
2073    0.001632
2074    0.001573
2075    0.001268
2076    0.00186
2077    0.00169
2078    0.001684
2079    0.00167
2080    0.00163
2081    0.00173
2082    0.001716
2083    0.002262
2084    0.001729
2085    0.0015
2086    0.001292
2087    0.001445
2088    0.001772
2089    0.001811
2090    0.001491
2091    0.001712
2092    0.001702
2093    0.00198
2094    0.001701
2095    0.00172
2096    0.001663
2097    0.001735
2098    0.001734
2099    0.002286
2100    0.001692
2101    0.001775
2102    0.001914
2103    0.001699
2104    0.0017
2105    0.002057
2106    0.001741
2107    0.001899
2108    0.001524
2109    0.00145
2110    0.001734
2111    0.001733
2112    0.001704
2113    0.001549
2114    0.001681
2115    0.001731
2116    0.00166
2117    0.001795
2118    0.001249
2119    0.001385
2120    0.001709
2121    0.001713
2122    0.001697
2123    0.001692
2124    0.001676
2125    0.001707
2126    0.001717
2127    0.001904
2128    0.001705
2129    0.001549
2130    0.00104
2131    0.001388
2132    0.001327
2133    0.00169
2134    0.001639
2135    0.001726
2136    0.001642
2137    0.001639
2138    0.001705
2139    0.001721
2140    0.001677
2141    0.001617
2142    0.001637
2143    0.001639
2144    0.001339
2145    0.001716
2146    0.001483
2147    0.001242
2148    0.001689
2149    0.001655
2150    0.001263
2151    0.001728
2152    0.001654
2153    0.001379
2154    0.001354
2155    0.001391
2156    0.001683
2157    0.001672
2158    0.001593
2159    0.001619
2160    0.00154
2161    0.001519
2162    0.001318
2163    0.001621
2164    0.001233
2165    0.001649
2166    0.001677
2167    0.001688
2168    0.001675
2169    0.000971
2170    0.001167
2171    0.000915
2172    0.001329
2173    0.001752
2174    0.001007
2175    0.001478
2176    0.001219
2177    0.001101
2178    0.001336
2179    0.001739
2180    0.001685
2181    0.001728
2182    0.001096
2183    0.001729
2184    0.00162
2185    0.001738
2186    0.001526
2187    0.001534
2188    0.001652
2189    0.001611
2190    0.001624
2191    0.001738
2192    0.001568
2193    0.001625
2194    0.001193
2195    0.001282
2196    0.001684
2197    0.001509
2198    0.001676
2199    0.001654
2200    0.001632
2201    0.001725
2202    0.001375
2203    0.001753
2204    0.001522
2205    0.001642
2206    0.00121
2207    0.001442
2208    0.00164
2209    0.001623
2210    0.001626
2211    0.001187
2212    0.00168
2213    0.001699
2214    0.001641
2215    0.001246
2216    0.001569
2217    0.001765
2218    0.00158
2219    0.001455
2220    0.00155
2221    0.001711
2222    0.001643
2223    0.00161
2224    0.001548
2225    0.001685
2226    0.001662
2227    0.001656
2228    0.001615
2229    0.000988
2230    0.001071
2231    0.000986
2232    0.00118
2233    0.001678
2234    0.001479
2235    0.001594
2236    0.001547
2237    0.001538
2238    0.001338
2239    0.00111
2240    0.001552
2241    0.001081
2242    0.001674
2243    0.001675
2244    0.001616
2245    0.001632
2246    0.00159
2247    0.001738
2248    0.001347
2249    0.001749
2250    0.001442
2251    0.00294
2252    0.001699
2253    0.001803
2254    0.001773
2255    0.001249
2256    0.001685
2257    0.001724
2258    0.001699
2259    0.001497
2260    0.001674
2261    0.001637
2262    0.00164
2263    0.001389
2264    0.001669
2265    0.001638
2266    0.001602
2267    0.001762
2268    0.001694
2269    0.001572
2270    0.001433
2271    0.001352
2272    0.001372
2273    0.001398
2274    0.00152
2275    0.001733
2276    0.001691
2277    0.001627
2278    0.001481
2279    0.001617
2280    0.001673
2281    0.001697
2282    0.001673
2283    0.001684
2284    0.001177
2285    0.001427
2286    0.001258
2287    0.001636
2288    0.001611
2289    0.001644
2290    0.001612
2291    0.001655
2292    0.001604
2293    0.001634
2294    0.001607
2295    0.001357
2296    0.001736
2297    0.001682
2298    0.001775
2299    0.001438
2300    0.001704
2301    0.002087
2302    0.001656
2303    0.001723
2304    0.001641
2305    0.001439
2306    0.001439
2307    0.001475
2308    0.001713
2309    0.001654
2310    0.00166
2311    0.001748
2312    0.002365
2313    0.001727
2314    0.001587
2315    0.000958
2316    0.001269
2317    0.001643
2318    0.001734
2319    0.001665
2320    0.001737
2321    0.001652
2322    0.001628
2323    0.00134
2324    0.001304
2325    0.00168
2326    0.001597
2327    0.001637
2328    0.001272
2329    0.001398
2330    0.001309
2331    0.00147
2332    0.001246
2333    0.001623
2334    0.001607
2335    0.00135
2336    0.001677
2337    0.001689
2338    0.00144
2339    0.001594
2340    0.001431
2341    0.001721
2342    0.001692
2343    0.001668
2344    0.001615
2345    0.001623
2346    0.001694
2347    0.001685
2348    0.001363
2349    0.001618
2350    0.001609
2351    0.001276
2352    0.001904
2353    0.001691
2354    0.001518
2355    0.001714
2356    0.001721
2357    0.001711
2358    0.002848
2359    0.001656
2360    0.001604
2361    0.001718
2362    0.001554
2363    0.001635
2364    0.001616
2365    0.001626
2366    0.001696
2367    0.001728
2368    0.001316
2369    0.001667
2370    0.001279
2371    0.001626
2372    0.00129
2373    0.001444
2374    0.001619
2375    0.001723
2376    0.00168
2377    0.001715
2378    0.001553
2379    0.001618
2380    0.001588
2381    0.001614
2382    0.001634
2383    0.00165
2384    0.001432
2385    0.001379
2386    0.001433
2387    0.001433
2388    0.001136
2389    0.001646
2390    0.001693
2391    0.001454
2392    0.001429
2393    0.001741
2394    0.001642
2395    0.001427
2396    0.001251
2397    0.001917
2398    0.001619
2399    0.001642
2400    0.001625
2401    0.001723
2402    0.001693
2403    0.00166
2404    0.001626
2405    0.001633
2406    0.001542
2407    0.001366
2408    0.001522
2409    0.001716
2410    0.001682
2411    0.001367
2412    0.001414
2413    0.001416
2414    0.001373
2415    0.001226
2416    0.00161
2417    0.001454
2418    0.001468
2419    0.001592
2420    0.001714
2421    0.001701
2422    0.000934
2423    0.001723
2424    0.001306
2425    0.001648
2426    0.001598
2427    0.001701
2428    0.001692
2429    0.00165
2430    0.001619
2431    0.001608
2432    0.001572
2433    0.00169
2434    0.001696
2435    0.001613
2436    0.00162
2437    0.001694
2438    0.001457
2439    0.001468
2440    0.001307
2441    0.001378
2442    0.001613
2443    0.001632
2444    0.001692
2445    0.001654
2446    0.001194
2447    0.001666
2448    0.001429
2449    0.001718
2450    0.001698
2451    0.001585
2452    0.001559
2453    0.001379
2454    0.001629
2455    0.001634
2456    0.001629
2457    0.001209
2458    0.001582
2459    0.001577
2460    0.001417
2461    0.001413
2462    0.001688
2463    0.001736
2464    0.001756
2465    0.001187
2466    0.001586
2467    0.001635
2468    0.001594
2469    0.001719
2470    0.001527
2471    0.001372
2472    0.001647
2473    0.001606
2474    0.001601
2475    0.001365
2476    0.001683
2477    0.00159
2478    0.001611
2479    0.001625
2480    0.001302
2481    0.001607
2482    0.001682
2483    0.001479
2484    0.001218
2485    0.001694
2486    0.001697
2487    0.001284
2488    0.001036
2489    0.001744
2490    0.001673
2491    0.000938
2492    0.001599
2493    0.00162
2494    0.001584
2495    0.001702
2496    0.001675
2497    0.001644
2498    0.001517
2499    0.001411
2500    0.00162
2501    0.001279
2502    0.001386
2503    0.001572
2504    0.001253
2505    0.001266
2506    0.001625
2507    0.001177
2508    0.001584
2509    0.001648
2510    0.001602
2511    0.001709
2512    0.001696
2513    0.001621
2514    0.001625
2515    0.000966
2516    0.001701
2517    0.001659
2518    0.00163
2519    0.001643
2520    0.001358
2521    0.001201
2522    0.00169
2523    0.001411
2524    0.001607
2525    0.001712
2526    0.001667
2527    0.001373
2528    0.001654
2529    0.001663
2530    0.001682
2531    0.001338
2532    0.001505
2533    0.001645
2534    0.00127
2535    0.001638
2536    0.00164
2537    0.001713
2538    0.001616
2539    0.001673
2540    0.001586
2541    0.001733
2542    0.001701
2543    0.001638
2544    0.001606
2545    0.001654
2546    0.001593
2547    0.001443
2548    0.001603
2549    0.001336
2550    0.001362
2551    0.001641
2552    0.00158
2553    0.001652
2554    0.001537
2555    0.001125
2556    0.001618
2557    0.001708
2558    0.001369
2559    0.001656
2560    0.001677
2561    0.001426
2562    0.000948
2563    0.001642
2564    0.001517
2565    0.001629
2566    0.001449
2567    0.001458
2568    0.001609
2569    0.001682
2570    0.00162
2571    0.001443
2572    0.001681
2573    0.001638
2574    0.001614
2575    0.001673
2576    0.001616
2577    0.001017
2578    0.001664
2579    0.001628
2580    0.001731
2581    0.001675
2582    0.001787
2583    0.001702
2584    0.001646
2585    0.001653
2586    0.00162
2587    0.001696
2588    0.001694
2589    0.001632
2590    0.001625
2591    0.001643
2592    0.00148
2593    0.001427
2594    0.001219
2595    0.00165
2596    0.001314
2597    0.001214
2598    0.001569
2599    0.001644
2600    0.001395
2601    0.001602
2602    0.001547
2603    0.001719
2604    0.001512
2605    0.001659
2606    0.00162
2607    0.00163
2608    0.001694
2609    0.001646
2610    0.001571
2611    0.001739
2612    0.001516
2613    0.001542
2614    0.001661
2615    0.001421
2616    0.001611
2617    0.001635
2618    0.001685
2619    0.001711
2620    0.001329
2621    0.001537
2622    0.001322
2623    0.001665
2624    0.001414
2625    0.001613
2626    0.001599
2627    0.00157
2628    0.00158
2629    0.001635
2630    0.001593
2631    0.001421
2632    0.001673
2633    0.001704
2634    0.001292
2635    0.001351
2636    0.001541
2637    0.001495
2638    0.001614
2639    0.001503
2640    0.001433
2641    0.001284
2642    0.001607
2643    0.001622
2644    0.001598
2645    0.001842
2646    0.001631
2647    0.001723
2648    0.0016
2649    0.00165
2650    0.001626
2651    0.001764
2652    0.001533
2653    0.001695
2654    0.0016
2655    0.001639
2656    0.001622
2657    0.001687
2658    0.00169
2659    0.00109
2660    0.00097
2661    0.001393
2662    0.001596
2663    0.001462
2664    0.001689
2665    0.001712
2666    0.001591
2667    0.001711
2668    0.001623
2669    0.001354
2670    0.001185
2671    0.001635
2672    0.001722
2673    0.001703
2674    0.001604
2675    0.001455
2676    0.001613
2677    0.00172
2678    0.001656
2679    0.001671
2680    0.001067
2681    0.001306
2682    0.001228
2683    0.001178
2684    0.001609
2685    0.001268
2686    0.001577
2687    0.00164
2688    0.001606
2689    0.001638
2690    0.001521
2691    0.00135
2692    0.001218
2693    0.001139
2694    0.001616
2695    0.001662
2696    0.001354
2697    0.001335
2698    0.001606
2699    0.001263
2700    0.001613
2701    0.00169
2702    0.001342
2703    0.001392
2704    0.001595
2705    0.001477
2706    0.001722
2707    0.001726
2708    0.001585
2709    0.00125
2710    0.001684
2711    0.00175
2712    0.001543
2713    0.001635
2714    0.001044
2715    0.001126
2716    0.001571
2717    0.001716
2718    0.001559
2719    0.001665
2720    0.001341
2721    0.001626
2722    0.001568
2723    0.001354
2724    0.001712
2725    0.001394
2726    0.001158
2727    0.001629
2728    0.00118
2729    0.00127
2730    0.001336
2731    0.001264
2732    0.001592
2733    0.001632
2734    0.001622
2735    0.001627
2736    0.001663
2737    0.001667
2738    0.001527
2739    0.000963
2740    0.001621
2741    0.001369
2742    0.001495
2743    0.001595
2744    0.001605
2745    0.001655
2746    0.001706
2747    0.001455
2748    0.001628
2749    0.001719
2750    0.001456
2751    0.0016
2752    0.001562
2753    0.001335
2754    0.001591
2755    0.001513
2756    0.001613
2757    0.001629
2758    0.000904
2759    0.001245
2760    0.00097
2761    0.001641
2762    0.001599
2763    0.00162
2764    0.001598
2765    0.001682
2766    0.001642
2767    0.001309
2768    0.001298
2769    0.001196
2770    0.001146
2771    0.001655
2772    0.001173
2773    0.00105
2774    0.001106
2775    0.001577
2776    0.00161
2777    0.001614
2778    0.001641
2779    0.001216
2780    0.001009
2781    0.001101
2782    0.001158
2783    0.001052
2784    0.001532
2785    0.001684
2786    0.001622
2787    0.001659
2788    0.001686
2789    0.001617
2790    0.001669
2791    0.001357
2792    0.001478
2793    0.001614
2794    0.001653
2795    0.001718
2796    0.001695
2797    0.001683
2798    0.001191
2799    0.001417
2800    0.001313
2801    0.001548
2802    0.001616
2803    0.001682
2804    0.001584
2805    0.001726
2806    0.001688
2807    0.001611
2808    0.001622
2809    0.001625
2810    0.001584
2811    0.001659
2812    0.00116
2813    0.000903
2814    0.001436
2815    0.001646
2816    0.001633
2817    0.001578
2818    0.001497
2819    0.001185
2820    0.001089
2821    0.001594
2822    0.001119
2823    0.001631
2824    0.001226
2825    0.001559
2826    0.00144
2827    0.001665
2828    0.001576
2829    0.001696
2830    0.001602
2831    0.001556
2832    0.00161
2833    0.001601
2834    0.001472
2835    0.001465
2836    0.001271
2837    0.001598
2838    0.001382
2839    0.001666
2840    0.001689
2841    0.001734
2842    0.001646
2843    0.00158
2844    0.001611
2845    0.001691
2846    0.0017
2847    0.001634
2848    0.001614
2849    0.00165
2850    0.001596
2851    0.001621
2852    0.00159
2853    0.001427
2854    0.0017
2855    0.001703
2856    0.001626
2857    0.001407
2858    0.001582
2859    0.001359
2860    0.001683
2861    0.001463
2862    0.001662
2863    0.001279
2864    0.001128
2865    0.001638
2866    0.001663
2867    0.001622
2868    0.001242
2869    0.001315
2870    0.00167
2871    0.001673
2872    0.001313
2873    0.00165
2874    0.001352
2875    0.001637
2876    0.001167
2877    0.001318
2878    0.001667
2879    0.001215
2880    0.00161
2881    0.001351
2882    0.001615
2883    0.001671
2884    0.001687
2885    0.001712
2886    0.001552
2887    0.00126
2888    0.001091
2889    0.001405
2890    0.000968
2891    0.001642
2892    0.001597
2893    0.001072
2894    0.001337
2895    0.000935
2896    0.001059
2897    0.000915
2898    0.001569
2899    0.001636
2900    0.001704
2901    0.000976
2902    0.001123
2903    0.001644
2904    0.0014
2905    0.001334
2906    0.001728
2907    0.001575
2908    0.001607
2909    0.001634
2910    0.001545
2911    0.001616
2912    0.001189
2913    0.00163
2914    0.001683
2915    0.001703
2916    0.001573
2917    0.001677
2918    0.001255
2919    0.001693
2920    0.001697
2921    0.001309
2922    0.001184
2923    0.001246
2924    0.001381
2925    0.00169
2926    0.001633
2927    0.001605
2928    0.001641
2929    0.001632
2930    0.001684
2931    0.001652
2932    0.001101
2933    0.001212
2934    0.001638
2935    0.001629
2936    0.001724
2937    0.001637
2938    0.001694
2939    0.001496
2940    0.001724
2941    0.001631
2942    0.001638
2943    0.001628
2944    0.001714
2945    0.001633
2946    0.001413
2947    0.000982
2948    0.001566
2949    0.001695
2950    0.001575
2951    0.00162
2952    0.001634
2953    0.001644
2954    0.001699
2955    0.001459
2956    0.001562
2957    0.001196
2958    0.001606
2959    0.001644
2960    0.001645
2961    0.00166
2962    0.001678
2963    0.001553
2964    0.001624
2965    0.001648
2966    0.00165
2967    0.001615
2968    0.001686
2969    0.001691
2970    0.001655
2971    0.00115
2972    0.001187
2973    0.001702
2974    0.001641
2975    0.001293
2976    0.00122
2977    0.001656
2978    0.001615
2979    0.001649
2980    0.001747
2981    0.001653
2982    0.001619
2983    0.001657
2984    0.001648
2985    0.001604
2986    0.001703
2987    0.001696
2988    0.001154
2989    0.001729
2990    0.001689
2991    0.001717
2992    0.001632
2993    0.001603
2994    0.001586
2995    0.001727
2996    0.00164
2997    0.001613
2998    0.00165
2999    0.001636
3000    0.001754
