1    6
2    6
3    6
4    6
5    6
6    6
7    6
8    6
9    6
10    6
11    6
13    6
15    6
17    6
18    6
19    6
20    6
21    6
22    6
28    6
29    6
30    6
35    6
48    6
82    6
112    6
131    6
132    6
159    6
184    6
208    6
230    6
233    6
234    6
254    6
274    6
292    6
310    6
328    6
335    6
336    6
352    6
368    6
384    6
398    6
412    6
426    6
437    6
438    6
452    6
464    6
476    6
488    6
500    6
512    6
524    6
534    6
539    6
540    6
550    6
560    6
570    6
580    6
590    6
600    6
608    6
616    6
624    6
632    6
633    6
634    6
642    6
650    6
658    6
666    6
674    6
682    6
690    6
698    6
706    6
714    6
715    6
716    6
724    6
732    6
740    6
748    6
756    6
764    6
772    6
780    6
788    6
796    6
797    6
798    6
804    6
810    6
816    6
822    6
828    6
834    6
840    6
846    6
852    6
858    6
859    6
860    6
866    6
872    6
878    6
884    6
890    6
896    6
902    6
908    6
914    6
918    6
919    6
920    6
926    6
932    6
936    6
940    6
944    6
948    6
952    6
956    6
960    6
961    6
962    6
963    6
964    6
965    6
966    6
967    6
968    6
969    6
970    6
971    6
972    6
973    6
974    6
975    6
976    6
977    6
978    6
979    6
980    6
981    6
982    6
983    6
984    6
985    6
986    6
987    6
988    6
989    6
990    6
991    6
992    6
993    6
994    6
995    6
996    6
997    6
998    6
999    6
1000    6
1001    6
1002    6
1003    6
1004    6
1005    6
1006    6
1007    6
1008    6
1009    6
1010    6
1011    6
1012    6
1013    6
1014    6
1015    6
1016    6
1017    6
1018    6
1019    6
1020    6
1021    6
1022    6
1023    6
1024    6
1025    6
1026    6
1027    6
1028    6
1029    6
1030    6
1128    6
1129    6
1133    6
1136    6
1140    6
1144    6
1148    6
1152    6
1156    6
1160    6
1164    6
1168    6
1169    6
1170    6
1174    6
1178    6
1182    6
1186    6
1190    6
1194    6
1198    6
1202    6
1206    6
1210    6
1211    6
1212    6
1216    6
1220    6
1224    6
1228    6
1232    6
1236    6
1240    6
1244    6
1248    6
1252    6
1253    6
1254    6
1258    6
1262    6
1266    6
1270    6
1274    6
1278    6
1282    6
1286    6
1290    6
1294    6
1295    6
1296    6
1300    6
1304    6
1308    6
1312    6
1316    6
1320    6
1324    6
1328    6
1332    6
1336    6
1337    6
1338    6
1342    6
1346    6
1350    6
1354    6
1358    6
1362    6
1366    6
1370    6
1374    6
1378    6
1379    6
1380    6
1384    6
1388    6
1392    6
1396    6
1400    6
1404    6
1408    6
1412    6
1416    6
1420    6
1421    6
1422    6
1426    6
1430    6
1434    6
1438    6
1442    6
1446    6
1450    6
1454    6
1457    6
1460    6
1461    6
1462    6
1466    6
1469    6
1472    6
1474    6
1478    6
1480    6
1483    6
1486    6
1489    6
1492    6
1493    6
1494    6
1496    6
1498    6
1501    6
1503    6
1504    6
1506    6
1508    6
1510    6
1512    6
1514    6
1515    6
1516    6
1518    6
1520    6
1522    6
1524    6
1526    6
1528    6
1530    6
1532    6
1534    6
1536    6
1537    6
1538    6
1540    6
1542    6
1544    6
1546    6
1548    6
1550    6
1552    6
1554    6
1556    6
1558    6
1559    6
1560    6
1562    6
1564    6
1566    6
1568    6
1570    6
1572    6
1574    6
1576    6
1578    6
1580    6
1581    6
1582    6
1584    6
1586    6
1588    6
1590    6
1592    6
1594    6
1596    6
1598    6
1600    6
1602    6
1603    6
1604    6
1606    6
1608    6
1610    6
1612    6
1614    6
1616    6
1618    6
1620    6
1622    6
1624    6
1625    6
1626    6
1628    6
1630    6
1632    6
1634    6
1636    6
1638    6
1640    6
1642    6
1644    6
1646    6
1647    6
1648    6
1650    6
1652    6
1654    6
1656    6
1658    6
1660    6
1662    6
1664    6
1666    6
1668    6
1669    6
1670    6
1672    6
1674    6
1676    6
1678    6
1680    6
1682    6
1684    6
1686    6
1688    6
1690    6
1691    6
1692    6
1694    6
1696    6
1698    6
1700    6
1702    6
1704    6
1706    6
1708    6
1710    6
1712    6
1713    6
1714    6
1716    6
1718    6
1720    6
1722    6
1724    6
1726    6
1728    6
1730    6
1732    6
1734    6
1735    6
1736    6
1738    6
1740    6
1742    6
1744    6
1746    6
1748    6
1750    6
1752    6
1754    6
1756    6
1757    6
1758    6
1760    6
1762    6
1764    6
1766    6
1768    6
1770    6
1772    6
1774    6
1776    6
1778    6
1779    6
1780    6
1782    6
1784    6
1786    6
1788    6
1790    6
1792    6
1794    6
1796    6
1798    6
1800    6
1801    6
1802    6
1804    6
1806    6
1808    6
1810    6
1812    6
1814    6
1816    6
1818    6
1820    6
1822    6
1823    6
1824    6
1826    6
1828    6
1830    6
1832    6
1834    6
1836    6
1838    6
1840    6
1842    6
1844    6
1845    6
1846    6
1848    6
1850    6
1852    6
1854    6
1856    6
1858    6
1860    6
1862    6
1864    6
1866    6
1867    6
1868    6
1870    6
1872    6
1874    6
1876    6
1878    6
1880    6
1882    6
1884    6
1886    6
1888    6
1889    6
1890    6
1892    6
1894    6
1896    6
1898    6
1900    6
1902    6
1904    6
1906    6
1908    6
1910    6
1911    6
1912    6
1914    6
1916    6
1918    6
1920    6
1922    6
1924    6
1926    6
1928    6
1930    6
1932    6
1933    6
1934    6
1936    6
1938    6
1940    6
1942    6
1944    6
1946    6
1948    6
1950    6
1952    6
1954    6
1955    6
1956    6
1958    6
1960    6
1962    6
1964    6
1966    6
1968    6
1970    6
1972    6
1974    6
1976    6
1977    6
1978    6
1980    6
1982    6
1984    6
1986    6
1988    6
1990    6
1992    6
1994    6
1996    6
1998    6
1999    6
2000    6
2002    6
2004    6
2006    6
2008    6
2010    6
2012    6
2014    6
2016    6
2018    6
2020    6
2021    6
2022    6
2024    6
2026    6
2028    6
2030    6
2032    6
2034    6
2036    6
2038    6
2040    6
2042    6
2043    6
2044    6
2046    6
2048    6
2050    6
2052    6
2054    6
2056    6
2058    6
2060    6
2062    6
2064    6
2065    6
2066    6
2068    6
2070    6
2072    6
2074    6
2076    6
2078    6
2080    6
2082    6
2084    6
2086    6
2087    6
2088    6
2090    6
2092    6
2094    6
2096    6
2098    6
2100    6
2102    6
2104    6
2106    6
2108    6
2109    6
2110    6
2112    6
2114    6
2116    6
2118    6
2120    6
2122    6
2124    6
2126    6
2128    6
2130    6
2131    6
2132    6
2134    6
2136    6
2138    6
2140    6
2142    6
2144    6
2146    6
2148    6
2150    6
2152    6
2153    6
2154    6
2156    6
2158    6
2160    6
2162    6
2164    6
2166    6
2168    6
2170    6
2172    6
2174    6
2175    6
2176    6
2178    6
2180    6
2182    6
2184    6
2186    6
2188    6
2190    6
2192    6
2194    6
2196    6
2197    6
2198    6
2200    6
2202    6
2204    6
2206    6
2208    6
2210    6
2212    6
2214    6
2216    6
2218    6
2219    6
2220    6
2222    6
2224    6
2226    6
2228    6
2230    6
2232    6
2234    6
2236    6
2238    6
2240    6
2241    6
2242    6
2244    6
2246    6
2248    6
2250    6
2252    6
2254    6
2256    6
2258    6
2260    6
2262    6
2263    6
2264    6
2266    6
2268    6
2270    6
2272    6
2274    6
2276    6
2278    6
2280    6
2282    6
2284    6
2285    6
2286    6
2288    6
2290    6
2292    6
2294    6
2296    6
2298    6
2300    6
2302    6
2304    6
2306    6
2307    6
2308    6
2310    6
2312    6
2314    6
2316    6
2318    6
2320    6
2322    6
2324    6
2326    6
2328    6
2329    6
2330    6
2332    6
2334    6
2336    6
2338    6
2340    6
2342    6
2344    6
2346    6
2348    6
2350    6
2351    6
2352    6
2354    6
2356    6
2358    6
2360    6
2362    6
2364    6
2366    6
2368    6
2370    6
2372    6
2373    6
2374    6
2376    6
2378    6
2380    6
2382    6
2384    6
2386    6
2388    6
2390    6
2392    6
2394    6
2395    6
2396    6
2398    6
2400    6
2402    6
2404    6
2406    6
2408    6
2410    6
2412    6
2414    6
2416    6
2417    6
2418    6
2420    6
2422    6
2424    6
2426    6
2428    6
2430    6
2432    6
2434    6
2436    6
2438    6
2439    6
2440    6
2442    6
2444    6
2446    6
2448    6
2450    6
2452    6
2454    6
2456    6
2458    6
2460    6
2461    6
2462    6
2464    6
2466    6
2468    6
2470    6
2472    6
2474    6
2476    6
2478    6
2480    6
2482    6
2483    6
2484    6
2486    6
2488    6
2490    6
2492    6
2494    6
2496    6
2498    6
2500    6
2502    6
2504    6
2505    6
2506    6
2508    6
2510    6
2512    6
2514    6
2516    6
2518    6
2520    6
2522    6
2524    6
2526    6
2527    6
2528    6
2530    6
2532    6
2534    6
2536    6
2538    6
2540    6
2542    6
2544    6
2546    6
2548    6
2549    6
2550    6
2552    6
2554    6
2556    6
2558    6
2560    6
2562    6
2564    6
2566    6
2568    6
2570    6
2571    6
2572    6
2574    6
2576    6
2578    6
2580    6
2582    6
2584    6
2586    6
2588    6
2590    6
2592    6
2593    6
2594    6
2596    6
2598    6
2600    6
2602    6
2604    6
2606    6
2608    6
2610    6
2612    6
2614    6
2615    6
2616    6
2618    6
2620    6
2622    6
2624    6
2626    6
2628    6
2630    6
2632    6
2634    6
2636    6
2637    6
2638    6
2640    6
2642    6
2644    6
2646    6
2648    6
2650    6
2652    6
2654    6
2656    6
2658    6
2659    6
2660    6
2662    6
2664    6
2666    6
2668    6
2670    6
2672    6
2674    6
2676    6
2678    6
2680    6
2681    6
2682    6
2684    6
2686    6
2688    6
2690    6
2692    6
2694    6
2696    6
2698    6
2700    6
2702    6
2703    6
2704    6
2706    6
2708    6
2710    6
2712    6
2714    6
2716    6
2718    6
2720    6
2722    6
2724    6
2725    6
2726    6
2728    6
2730    6
2732    6
2734    6
2736    6
2738    6
2740    6
2742    6
2744    6
2746    6
2747    6
2748    6
2750    6
2752    6
2754    6
2756    6
2758    6
2760    6
2762    6
2764    6
2766    6
2768    6
2769    6
2770    6
2772    6
2774    6
2776    6
2778    6
2780    6
2782    6
2784    6
2786    6
2788    6
2790    6
2791    6
2792    6
2794    6
2796    6
2798    6
2800    6
2802    6
2804    6
2806    6
2808    6
2810    6
2812    6
2813    6
2814    6
2816    6
2818    6
2820    6
2822    6
2824    6
2826    6
2828    6
2830    6
2832    6
2834    6
2835    6
2836    6
2838    6
2840    6
2842    6
2844    6
2846    6
2848    6
2850    6
2852    6
2854    6
2856    6
2857    6
2858    6
2860    6
2862    6
2864    6
2866    6
2868    6
2870    6
2872    6
2874    6
2876    6
2878    6
2879    6
2880    6
2882    6
2884    6
2886    6
2888    6
2890    6
2892    6
2894    6
2896    6
2898    6
2900    6
2901    6
2902    6
2904    6
2906    6
2908    6
2910    6
2912    6
2914    6
2916    6
2918    6
2920    6
2922    6
2923    6
2924    6
