1    0.000774
2    0.00051
3    0.000769
4    0.000547
5    0.000761
6    0.000771
7    0.00076
8    0.000769
9    0.000765
10    0.000773
11    0.000795
12    0.000778
13    0.000778
14    0.000785
15    0.000772
16    0.000781
17    0.000765
18    0.00077
19    0.000771
20    0.000767
21    0.000766
22    0.000803
23    0.000785
24    0.000786
25    0.000773
26    0.000802
27    0.000772
28    0.000859
29    0.000796
30    0.000793
31    0.000787
32    0.000798
33    0.000766
34    0.000788
35    0.000782
36    0.000771
37    0.000783
38    0.000776
39    0.000781
40    0.000778
41    0.000765
42    0.000779
43    0.000786
44    0.000777
45    0.000775
46    0.000781
47    0.000777
48    0.00078
49    0.000765
50    0.000779
51    0.00081
52    0.000805
53    0.000767
54    0.000793
55    0.00081
56    0.000829
57    0.00079
58    0.000777
59    0.000771
60    0.000778
61    0.00077
62    0.000781
63    0.000766
64    0.000782
65    0.000774
66    0.00079
67    0.000771
68    0.000779
69    0.000775
70    0.000771
71    0.000789
72    0.000775
73    0.000789
74    0.000768
75    0.000777
76    0.000774
77    0.000772
78    0.000763
79    0.000771
80    0.000784
81    0.000789
82    0.000777
83    0.000779
84    0.000788
85    0.000773
86    0.000776
87    0.000777
88    0.000787
89    0.000787
90    0.000784
91    0.000801
92    0.000772
93    0.000773
94    0.000768
95    0.000777
96    0.000784
97    0.000772
98    0.000777
99    0.000777
100    0.00078
101    0.000777
102    0.00078
103    0.000767
104    0.000782
105    0.000776
106    0.000766
107    0.00077
108    0.000769
109    0.000767
110    0.00077
111    0.000775
112    0.000775
113    0.000769
114    0.000774
115    0.000779
116    0.000772
117    0.000774
118    0.000784
119    0.000954
120    0.000791
121    0.00082
122    0.000833
123    0.000776
124    0.000778
125    0.000775
126    0.000783
127    0.000775
128    0.000799
129    0.000782
130    0.000781
131    0.000781
132    0.000779
133    0.000785
134    0.000777
135    0.000786
136    0.000776
137    0.000795
138    0.000778
139    0.000771
140    0.000778
141    0.00077
142    0.00077
143    0.000777
144    0.000783
145    0.000772
146    0.000785
147    0.00077
148    0.000774
149    0.000787
150    0.000806
151    0.000807
152    0.000771
153    0.000775
154    0.000779
155    0.00077
156    0.000797
157    0.000778
158    0.000768
159    0.000787
160    0.000787
161    0.000773
162    0.000802
163    0.00086
164    0.00091
165    0.000859
166    0.000771
167    0.000773
168    0.000826
169    0.000778
170    0.000784
171    0.000768
172    0.000771
173    0.000776
174    0.000782
175    0.000761
176    0.00077
177    0.000776
178    0.000772
179    0.000782
180    0.000783
181    0.001249
182    0.001321
183    0.001113
184    0.000784
185    0.000772
186    0.000765
187    0.000785
188    0.00077
189    0.000777
190    0.000777
191    0.000845
192    0.000784
193    0.00083
194    0.000793
195    0.000775
196    0.000786
197    0.000784
198    0.00078
199    0.000774
200    0.000777
201    0.00079
202    0.000793
203    0.000782
204    0.000788
205    0.000762
206    0.000776
207    0.001053
208    0.000769
209    0.000777
210    0.000767
211    0.000778
212    0.000786
213    0.000777
214    0.000786
215    0.000775
216    0.000774
217    0.000764
218    0.000793
219    0.000773
220    0.000769
221    0.000781
222    0.000769
223    0.000786
224    0.00077
225    0.00077
226    0.000785
227    0.000771
228    0.00078
229    0.000771
230    0.000775
231    0.000784
232    0.000775
233    0.00077
234    0.00077
235    0.00128
236    0.000784
237    0.000784
238    0.00078
239    0.000769
240    0.000776
241    0.000778
242    0.000767
243    0.000806
244    0.000771
245    0.000781
246    0.00077
247    0.000769
248    0.000773
249    0.000775
250    0.000784
251    0.000779
252    0.000766
253    0.000774
254    0.000775
255    0.00077
256    0.000771
257    0.000779
258    0.000765
259    0.000781
260    0.00077
261    0.000808
262    0.000765
263    0.000777
264    0.000782
265    0.000775
266    0.00079
267    0.000766
268    0.000788
269    0.000772
270    0.000775
271    0.000774
272    0.000775
273    0.00078
274    0.000779
275    0.000765
276    0.000775
277    0.00079
278    0.000783
279    0.000781
280    0.000769
281    0.000776
282    0.000775
283    0.000771
284    0.00079
285    0.000774
286    0.000784
287    0.000779
288    0.000774
289    0.000776
290    0.000776
291    0.00077
292    0.000775
293    0.000786
294    0.000779
295    0.00078
296    0.000766
297    0.000781
298    0.000781
299    0.000772
300    0.000778
301    0.000777
302    0.000778
303    0.000772
304    0.000797
305    0.000768
306    0.000775
307    0.000777
308    0.000778
309    0.000768
310    0.000774
311    0.000774
312    0.000756
313    0.000764
314    0.000763
315    0.000784
316    0.000772
317    0.00077
318    0.000764
319    0.00077
320    0.000774
321    0.000769
322    0.000766
323    0.000767
324    0.000771
325    0.000774
326    0.000776
327    0.000764
328    0.000767
329    0.000781
330    0.000767
331    0.000779
332    0.000765
333    0.000767
334    0.000771
335    0.00076
336    0.000775
337    0.00077
338    0.000774
339    0.000768
340    0.000769
341    0.000791
342    0.000766
343    0.000769
344    0.000772
345    0.000772
346    0.000769
347    0.000766
348    0.00077
349    0.000775
350    0.000769
351    0.000774
352    0.000778
353    0.000773
354    0.000766
355    0.000768
356    0.000764
357    0.000779
358    0.000776
359    0.000761
360    0.000766
361    0.00077
362    0.000767
363    0.000766
364    0.000776
365    0.000761
366    0.000767
367    0.00077
368    0.000769
369    0.000782
370    0.000782
371    0.000766
372    0.000769
373    0.000765
374    0.000767
375    0.000769
376    0.000763
377    0.000765
378    0.000786
379    0.000772
380    0.000766
381    0.000771
382    0.000762
383    0.00078
384    0.000766
385    0.000796
386    0.000768
387    0.00077
388    0.000774
389    0.000765
390    0.000762
391    0.000772
392    0.000765
393    0.000771
394    0.00077
395    0.000771
396    0.000765
397    0.000773
398    0.000776
399    0.000766
400    0.000773
401    0.000774
402    0.000781
403    0.000773
404    0.000769
405    0.000775
406    0.00077
407    0.000777
408    0.000774
409    0.00078
410    0.000774
411    0.000768
412    0.000762
413    0.000773
414    0.000769
415    0.000772
416    0.000765
417    0.000768
418    0.000763
419    0.000764
420    0.000781
421    0.000776
422    0.000759
423    0.000773
424    0.000781
425    0.000848
426    0.000769
427    0.000759
428    0.000772
429    0.000767
430    0.000775
431    0.001015
432    0.000761
433    0.000781
434    0.000776
435    0.000785
436    0.000783
437    0.000798
438    0.000768
439    0.000881
440    0.000763
441    0.000774
442    0.000766
443    0.000821
444    0.000774
445    0.000773
446    0.000765
447    0.000769
448    0.000767
449    0.000785
450    0.000775
451    0.000779
452    0.00077
453    0.000783
454    0.000778
455    0.000757
456    0.000773
457    0.000764
458    0.000771
459    0.000775
460    0.00077
461    0.000781
462    0.000783
463    0.000778
464    0.00077
465    0.00077
466    0.000758
467    0.000775
468    0.000766
469    0.000764
470    0.000761
471    0.000769
472    0.000766
473    0.000777
474    0.000769
475    0.000778
476    0.000777
477    0.000816
478    0.000768
479    0.000775
480    0.000766
481    0.00077
482    0.000766
483    0.000787
484    0.000773
485    0.000794
486    0.000769
487    0.000766
488    0.000798
489    0.00077
490    0.000776
491    0.000774
492    0.000763
493    0.000767
494    0.000786
495    0.000771
496    0.000777
497    0.000774
498    0.00077
499    0.000776
500    0.00077
501    0.00077
502    0.000763
503    0.000786
504    0.000784
505    0.000779
506    0.000772
507    0.000769
508    0.000781
509    0.000764
510    0.000769
511    0.000758
512    0.000778
513    0.000767
514    0.000768
515    0.000777
516    0.000784
517    0.00078
518    0.00077
519    0.000775
520    0.000788
521    0.000779
522    0.00079
523    0.000779
524    0.000772
525    0.000783
526    0.000769
527    0.000779
528    0.000778
529    0.000771
530    0.000768
531    0.000775
532    0.000776
533    0.000773
534    0.000788
535    0.000775
536    0.000773
537    0.000784
538    0.00076
539    0.000782
540    0.000771
541    0.00077
542    0.000779
543    0.000777
544    0.000779
545    0.000792
546    0.000783
547    0.000771
548    0.000771
549    0.000766
550    0.000777
551    0.000787
552    0.000786
553    0.000835
554    0.000778
555    0.000771
556    0.000787
557    0.000788
558    0.000789
559    0.00081
560    0.000768
561    0.000793
562    0.00078
563    0.000791
564    0.000765
565    0.000776
566    0.000766
567    0.00079
568    0.000774
569    0.000779
570    0.000784
571    0.000775
572    0.000783
573    0.000769
574    0.000769
575    0.000775
576    0.000776
577    0.000774
578    0.00077
579    0.000774
580    0.000772
581    0.000788
582    0.000779
583    0.000778
584    0.000792
585    0.000774
586    0.000767
587    0.000822
588    0.000768
589    0.000778
590    0.000775
591    0.000773
592    0.000773
593    0.000807
594    0.000775
595    0.000786
596    0.000769
597    0.000779
598    0.00078
599    0.000792
600    0.000804
601    0.000772
602    0.00078
603    0.000765
604    0.000769
605    0.000776
606    0.000766
607    0.000789
608    0.000773
609    0.000777
610    0.000775
611    0.000785
612    0.000766
613    0.000776
614    0.000771
615    0.000765
616    0.000766
617    0.000791
618    0.000782
619    0.000769
620    0.000771
621    0.000779
622    0.000771
623    0.000777
624    0.0008
625    0.000779
626    0.000763
627    0.000799
628    0.000778
629    0.000785
630    0.000782
631    0.00079
632    0.000775
633    0.000773
634    0.000765
635    0.000785
636    0.000769
637    0.000782
638    0.000793
639    0.000765
640    0.000775
641    0.000764
642    0.000767
643    0.000779
644    0.000776
645    0.000779
646    0.000773
647    0.000799
648    0.000776
649    0.000775
650    0.000769
651    0.000772
652    0.000768
653    0.00077
654    0.000792
655    0.000768
656    0.00078
657    0.000769
658    0.000769
659    0.000779
660    0.000785
661    0.000767
662    0.00078
663    0.000774
664    0.000803
665    0.00077
666    0.000782
667    0.000762
668    0.000768
669    0.000772
670    0.000766
671    0.000793
672    0.000781
673    0.000767
674    0.000769
675    0.000774
676    0.000771
677    0.000773
678    0.00079
679    0.000767
680    0.000774
681    0.000762
682    0.000767
683    0.000767
684    0.000778
685    0.000784
686    0.000773
687    0.000779
688    0.000764
689    0.000777
690    0.000779
691    0.000779
692    0.000792
693    0.000781
694    0.000778
695    0.000764
696    0.000769
697    0.000768
698    0.000779
699    0.000772
700    0.000774
701    0.000769
702    0.000784
703    0.000768
704    0.000781
705    0.00077
706    0.000771
707    0.000775
708    0.000775
709    0.000771
710    0.000771
711    0.000764
712    0.000781
713    0.000766
714    0.000772
715    0.000759
716    0.000786
717    0.000792
718    0.000768
719    0.000777
720    0.000774
721    0.000773
722    0.00077
723    0.000774
724    0.000773
725    0.000773
726    0.000771
727    0.000771
728    0.000773
729    0.00078
730    0.000782
731    0.000796
732    0.000776
733    0.00078
734    0.000783
735    0.000776
736    0.000768
737    0.000799
738    0.000776
739    0.000771
740    0.000763
741    0.000775
742    0.000783
743    0.000768
744    0.000768
745    0.000773
746    0.000776
747    0.000777
748    0.000769
749    0.000771
750    0.000773
751    0.000767
752    0.000773
753    0.000795
754    0.000769
755    0.000772
756    0.000776
757    0.000772
758    0.000791
759    0.000768
760    0.00077
761    0.000791
762    0.000781
763    0.000778
764    0.000773
765    0.000766
766    0.000775
767    0.000769
768    0.000775
769    0.00076
770    0.000761
771    0.000775
772    0.000781
773    0.000776
774    0.000773
775    0.000772
776    0.000778
777    0.000763
778    0.000779
779    0.000792
780    0.000769
781    0.000771
782    0.000772
783    0.000771
784    0.000767
785    0.000776
786    0.000778
787    0.000771
788    0.000774
789    0.000771
790    0.000795
791    0.000771
792    0.000776
793    0.000762
794    0.000774
795    0.000781
796    0.000765
797    0.00078
798    0.000769
799    0.000765
800    0.000766
801    0.000781
802    0.000788
803    0.000779
804    0.000767
805    0.000773
806    0.000777
807    0.000774
808    0.000777
809    0.000772
810    0.000772
811    0.00079
812    0.000774
813    0.00078
814    0.000775
815    0.000768
816    0.000785
817    0.000766
818    0.000772
819    0.000768
820    0.000773
821    0.000777
822    0.000782
823    0.000777
824    0.000778
825    0.000788
826    0.000776
827    0.000772
828    0.000802
829    0.00078
830    0.000775
831    0.000772
832    0.000777
833    0.000762
834    0.000776
835    0.000768
836    0.000773
837    0.000771
838    0.000771
839    0.000767
840    0.00077
841    0.000771
842    0.000777
843    0.000793
844    0.000766
845    0.000772
846    0.000767
847    0.000775
848    0.000794
849    0.000776
850    0.00079
851    0.000779
852    0.000776
853    0.00077
854    0.000776
855    0.000775
856    0.000777
857    0.000772
858    0.000794
859    0.000767
860    0.000774
861    0.000794
862    0.00077
863    0.000773
864    0.000774
865    0.000789
866    0.000776
867    0.000778
868    0.000778
869    0.000787
870    0.000781
871    0.000777
872    0.000767
873    0.00077
874    0.000772
875    0.000794
876    0.000785
877    0.000793
878    0.00077
879    0.000777
880    0.000779
881    0.000784
882    0.000777
883    0.000773
884    0.000765
885    0.000779
886    0.000777
887    0.00078
888    0.000779
889    0.000766
890    0.000776
891    0.000772
892    0.000782
893    0.000767
894    0.000783
895    0.000774
896    0.000785
897    0.000771
898    0.000791
899    0.000772
900    0.000774
901    0.000763
902    0.00078
903    0.000785
904    0.000778
905    0.000774
906    0.000784
907    0.000772
908    0.000776
909    0.000764
910    0.000778
911    0.000779
912    0.000773
913    0.000776
914    0.000782
915    0.000781
916    0.000772
917    0.000777
918    0.000789
919    0.00079
920    0.000782
921    0.00079
922    0.000769
923    0.000772
924    0.000766
925    0.00078
926    0.000774
927    0.000782
928    0.000771
929    0.000773
930    0.00077
931    0.000805
932    0.000773
933    0.000773
934    0.000766
935    0.000771
936    0.000797
937    0.00077
938    0.000767
939    0.000771
940    0.000778
941    0.000771
942    0.000764
943    0.000774
944    0.000767
945    0.000771
946    0.000786
947    0.000779
948    0.000775
949    0.000768
950    0.000765
951    0.000771
952    0.000766
953    0.000791
954    0.00078
955    0.000765
956    0.000794
957    0.000776
958    0.000771
959    0.000759
960    0.00077
961    0.000783
962    0.000775
963    0.000775
964    0.000778
965    0.000774
966    0.000779
967    0.000764
968    0.000765
969    0.000772
970    0.000776
971    0.000788
972    0.000771
973    0.000774
974    0.00077
975    0.000776
976    0.000774
977    0.000767
978    0.00077
979    0.000765
980    0.000781
981    0.000773
982    0.000772
983    0.000767
984    0.000763
985    0.000778
986    0.000764
987    0.000767
988    0.000772
989    0.000766
990    0.000767
991    0.000795
992    0.000785
993    0.000773
994    0.000775
995    0.000771
996    0.000774
997    0.000787
998    0.000775
999    0.000809
1000    0.000776
1001    0.00081
1002    0.00078
1003    0.000766
1004    0.000773
1005    0.000771
1006    0.000766
1007    0.000779
1008    0.000778
1009    0.000773
1010    0.000772
1011    0.000772
1012    0.000774
1013    0.000773
1014    0.000781
1015    0.000774
1016    0.000779
1017    0.000768
1018    0.000772
1019    0.000803
1020    0.000776
1021    0.000807
1022    0.000799
1023    0.000775
1024    0.000761
1025    0.000777
1026    0.000774
1027    0.000769
1028    0.000771
1029    0.000769
1030    0.000783
1031    0.000773
1032    0.000772
1033    0.000767
1034    0.000785
1035    0.000766
1036    0.000788
1037    0.000763
1038    0.000773
1039    0.000771
1040    0.000765
1041    0.000787
1042    0.000774
1043    0.000784
1044    0.000788
1045    0.000792
1046    0.000768
1047    0.000771
1048    0.00078
1049    0.000784
1050    0.000771
1051    0.000772
1052    0.00078
1053    0.000766
1054    0.000776
1055    0.000771
1056    0.000769
1057    0.000796
1058    0.000771
1059    0.000767
1060    0.000775
1061    0.000786
1062    0.000815
1063    0.000757
1064    0.000773
1065    0.00132
1066    0.000774
1067    0.000779
1068    0.000771
1069    0.000799
1070    0.000798
1071    0.000775
1072    0.00077
1073    0.000792
1074    0.000807
1075    0.000764
1076    0.000768
1077    0.000769
1078    0.000795
1079    0.000761
1080    0.000771
1081    0.000777
1082    0.000778
1083    0.000781
1084    0.000771
1085    0.000785
1086    0.00078
1087    0.000847
1088    0.000784
1089    0.000768
1090    0.000775
1091    0.000798
1092    0.000767
1093    0.000775
1094    0.000763
1095    0.000771
1096    0.000787
1097    0.000773
1098    0.000765
1099    0.000762
1100    0.000765
1101    0.000766
1102    0.000777
1103    0.00077
1104    0.000773
1105    0.000782
1106    0.000764
1107    0.000847
1108    0.000761
1109    0.000763
1110    0.00077
1111    0.00079
1112    0.000777
1113    0.000777
1114    0.000775
1115    0.000788
1116    0.000763
1117    0.000772
1118    0.00077
1119    0.000772
1120    0.000789
1121    0.000767
1122    0.000788
1123    0.000776
1124    0.00078
1125    0.000818
1126    0.000847
1127    0.00077
1128    0.000769
1129    0.00122
1130    0.000769
1131    0.000766
1132    0.00077
1133    0.000782
1134    0.000768
1135    0.000772
1136    0.000769
1137    0.000774
1138    0.000779
1139    0.000781
1140    0.000779
1141    0.000774
1142    0.000768
1143    0.00077
1144    0.000768
1145    0.000768
1146    0.000762
1147    0.000767
1148    0.000783
1149    0.000782
1150    0.000773
1151    0.00079
1152    0.000795
1153    0.000766
1154    0.000783
1155    0.000773
1156    0.000789
1157    0.000767
1158    0.000768
1159    0.000776
1160    0.000768
1161    0.000767
1162    0.000768
1163    0.000768
1164    0.000769
1165    0.000774
1166    0.000773
1167    0.000775
1168    0.000774
1169    0.000762
1170    0.000779
1171    0.000772
1172    0.000774
1173    0.000759
1174    0.000781
1175    0.000768
1176    0.000773
1177    0.000768
1178    0.000773
1179    0.000798
1180    0.000777
1181    0.000781
1182    0.000765
1183    0.000784
1184    0.000764
1185    0.000785
1186    0.000768
1187    0.000773
1188    0.00077
1189    0.000781
1190    0.000774
1191    0.00077
1192    0.000776
1193    0.000766
1194    0.000775
1195    0.00076
1196    0.000786
1197    0.000768
1198    0.000778
1199    0.000764
1200    0.000769
1201    0.000773
1202    0.000771
1203    0.000779
1204    0.000767
1205    0.000778
1206    0.000786
1207    0.000785
1208    0.000761
1209    0.000782
1210    0.000795
1211    0.000766
1212    0.000769
1213    0.000765
1214    0.000759
1215    0.000766
1216    0.000789
1217    0.000775
1218    0.000765
1219    0.000767
1220    0.000776
1221    0.000773
1222    0.000768
1223    0.000773
1224    0.000769
1225    0.00077
1226    0.000764
1227    0.000771
1228    0.000772
1229    0.000773
1230    0.000775
1231    0.000788
1232    0.000777
1233    0.000779
1234    0.000775
1235    0.000773
1236    0.000783
1237    0.000778
1238    0.000772
1239    0.000762
1240    0.000782
1241    0.000791
1242    0.000778
1243    0.000794
1244    0.000778
1245    0.000845
1246    0.000766
1247    0.000776
1248    0.000785
1249    0.000776
1250    0.00079
1251    0.000793
1252    0.000775
1253    0.000781
1254    0.000766
1255    0.000799
1256    0.000768
1257    0.000768
1258    0.000793
1259    0.000796
1260    0.000795
1261    0.000779
1262    0.000774
1263    0.000777
1264    0.000773
1265    0.000779
1266    0.000778
1267    0.000768
1268    0.000778
1269    0.000781
1270    0.000784
1271    0.000774
1272    0.000778
1273    0.00078
1274    0.000771
1275    0.00077
1276    0.000774
1277    0.000777
1278    0.000787
1279    0.000779
1280    0.000788
1281    0.000785
1282    0.000777
1283    0.000773
1284    0.000774
1285    0.000773
1286    0.000786
1287    0.000774
1288    0.000778
1289    0.000767
1290    0.000774
1291    0.00078
1292    0.000775
1293    0.000778
1294    0.000777
1295    0.000777
1296    0.000785
1297    0.000774
1298    0.0008
1299    0.000769
1300    0.000778
1301    0.000777
1302    0.000771
1303    0.000789
1304    0.000775
1305    0.000778
1306    0.000787
1307    0.00079
1308    0.00077
1309    0.000789
1310    0.000771
1311    0.000776
1312    0.000771
1313    0.000768
1314    0.000778
1315    0.000779
1316    0.00077
1317    0.000776
1318    0.000781
1319    0.000782
1320    0.00078
1321    0.000778
1322    0.000777
1323    0.000787
1324    0.000778
1325    0.000774
1326    0.000796
1327    0.000775
1328    0.000765
1329    0.000774
1330    0.000759
1331    0.000765
1332    0.000764
1333    0.000777
1334    0.000769
1335    0.000765
1336    0.00078
1337    0.000781
1338    0.000791
1339    0.000795
1340    0.000788
1341    0.000769
1342    0.000774
1343    0.000772
1344    0.000772
1345    0.000777
1346    0.000767
1347    0.000773
1348    0.000788
1349    0.000771
1350    0.000773
1351    0.00078
1352    0.000771
1353    0.000769
1354    0.000774
1355    0.000774
1356    0.000781
1357    0.000762
1358    0.000788
1359    0.000774
1360    0.000769
1361    0.000765
1362    0.000765
1363    0.000772
1364    0.000785
1365    0.000772
1366    0.000764
1367    0.000774
1368    0.000767
1369    0.000771
1370    0.00077
1371    0.000768
1372    0.000768
1373    0.000761
1374    0.000772
1375    0.000781
1376    0.000767
1377    0.000781
1378    0.000775
1379    0.000767
1380    0.00078
1381    0.000775
1382    0.000769
1383    0.000811
1384    0.000782
1385    0.000771
1386    0.000771
1387    0.000779
1388    0.000777
1389    0.000779
1390    0.000778
1391    0.000767
1392    0.000783
1393    0.000778
1394    0.000772
1395    0.000784
1396    0.000777
1397    0.000777
1398    0.000778
1399    0.000982
1400    0.000773
1401    0.000771
1402    0.000781
1403    0.000777
1404    0.000773
1405    0.000784
1406    0.000767
1407    0.000771
1408    0.000774
1409    0.000768
1410    0.000787
1411    0.000785
1412    0.000767
1413    0.000775
1414    0.000774
1415    0.000774
1416    0.000778
1417    0.000801
1418    0.000763
1419    0.000768
1420    0.000783
1421    0.000776
1422    0.00077
1423    0.000771
1424    0.000762
1425    0.000782
1426    0.000772
1427    0.000769
1428    0.000771
1429    0.000776
1430    0.000767
1431    0.00087
1432    0.000766
1433    0.00077
1434    0.000772
1435    0.00078
1436    0.000777
1437    0.000772
1438    0.000768
1439    0.00077
1440    0.000776
1441    0.000775
1442    0.000765
1443    0.000767
1444    0.000768
1445    0.000783
1446    0.000761
1447    0.000762
1448    0.000787
1449    0.000769
1450    0.00077
1451    0.000766
1452    0.000769
1453    0.000763
1454    0.00078
1455    0.000793
1456    0.00077
1457    0.000766
1458    0.000766
1459    0.000771
1460    0.000767
1461    0.000766
1462    0.000791
1463    0.000783
1464    0.000795
1465    0.00077
1466    0.000771
1467    0.000767
1468    0.000759
1469    0.000764
1470    0.000764
1471    0.000772
1472    0.00077
1473    0.000779
1474    0.000768
1475    0.000781
1476    0.00077
1477    0.000787
1478    0.000779
1479    0.000782
1480    0.000783
1481    0.000776
1482    0.000767
1483    0.000772
1484    0.00077
1485    0.000793
1486    0.000775
1487    0.000777
1488    0.00078
1489    0.00077
1490    0.000765
1491    0.000771
1492    0.000763
1493    0.000773
1494    0.000769
1495    0.000766
1496    0.000775
1497    0.000783
1498    0.000781
1499    0.000774
1500    0.000773
1501    0.000785
1502    0.00078
1503    0.000806
1504    0.000776
1505    0.000825
1506    0.00077
1507    0.000769
1508    0.000785
1509    0.000776
1510    0.000775
1511    0.000764
1512    0.000778
1513    0.000772
1514    0.000772
1515    0.000767
1516    0.000786
1517    0.000768
1518    0.000766
1519    0.000773
1520    0.000771
1521    0.000793
1522    0.000788
1523    0.00078
1524    0.000762
1525    0.000798
1526    0.001334
1527    0.00077
1528    0.00077
1529    0.000768
1530    0.00111
1531    0.00078
1532    0.000772
1533    0.000784
1534    0.000773
1535    0.000781
1536    0.000785
1537    0.000771
1538    0.000775
1539    0.00078
1540    0.000788
1541    0.000788
1542    0.000762
1543    0.000772
1544    0.000767
1545    0.000765
1546    0.000795
1547    0.000779
1548    0.000781
1549    0.00076
1550    0.000773
1551    0.000786
1552    0.000769
1553    0.000777
1554    0.000779
1555    0.000778
1556    0.000763
1557    0.000758
1558    0.00076
1559    0.000771
1560    0.000775
1561    0.000772
1562    0.000775
1563    0.00082
1564    0.000782
1565    0.000772
1566    0.000765
1567    0.000767
1568    0.000776
1569    0.000907
1570    0.000759
1571    0.000763
1572    0.00078
1573    0.000785
1574    0.000767
1575    0.000756
1576    0.000771
1577    0.000786
1578    0.000798
1579    0.000775
1580    0.000806
1581    0.000767
1582    0.000767
1583    0.00078
1584    0.000882
1585    0.000763
1586    0.000767
1587    0.000769
1588    0.000782
1589    0.000772
1590    0.000768
1591    0.000768
1592    0.000767
1593    0.000772
1594    0.000772
1595    0.000762
1596    0.000766
1597    0.000782
1598    0.00076
1599    0.000777
1600    0.000776
1601    0.00076
1602    0.000775
1603    0.000771
1604    0.000769
1605    0.000771
1606    0.000982
1607    0.00077
1608    0.000768
1609    0.000775
1610    0.00076
1611    0.000785
1612    0.000778
1613    0.000777
1614    0.000785
1615    0.000766
1616    0.000766
1617    0.000776
1618    0.000787
1619    0.000765
1620    0.00078
1621    0.000786
1622    0.000944
1623    0.000764
1624    0.000826
1625    0.000772
1626    0.000758
1627    0.001078
1628    0.000862
1629    0.000799
1630    0.000784
1631    0.000762
1632    0.000766
1633    0.000769
1634    0.000764
1635    0.000791
1636    0.000775
1637    0.000772
1638    0.000775
1639    0.000775
1640    0.000768
1641    0.000803
1642    0.000788
1643    0.000765
1644    0.000786
1645    0.000783
1646    0.000868
1647    0.000778
1648    0.000779
1649    0.000781
1650    0.00077
1651    0.000766
1652    0.000786
1653    0.000765
1654    0.000778
1655    0.000768
1656    0.000772
1657    0.000786
1658    0.000773
1659    0.000775
1660    0.000777
1661    0.000765
1662    0.000784
1663    0.000773
1664    0.000771
1665    0.000771
1666    0.000784
1667    0.000797
1668    0.000773
1669    0.000777
1670    0.000764
1671    0.000785
1672    0.000795
1673    0.000792
1674    0.000769
1675    0.000773
1676    0.000769
1677    0.00078
1678    0.000754
1679    0.000763
1680    0.000779
1681    0.000768
1682    0.000778
1683    0.000771
1684    0.000803
1685    0.000776
1686    0.000778
1687    0.000765
1688    0.000766
1689    0.000783
1690    0.000768
1691    0.000777
1692    0.000785
1693    0.000766
1694    0.000779
1695    0.00077
1696    0.000766
1697    0.000764
1698    0.000769
1699    0.000822
1700    0.000773
1701    0.000769
1702    0.000777
1703    0.000772
1704    0.000773
1705    0.000771
1706    0.000782
1707    0.00077
1708    0.000782
1709    0.000769
1710    0.000776
1711    0.000805
1712    0.000782
1713    0.00078
1714    0.000776
1715    0.000762
1716    0.000783
1717    0.000768
1718    0.000767
1719    0.000768
1720    0.000769
1721    0.000771
1722    0.000765
1723    0.000778
1724    0.000771
1725    0.000789
1726    0.000767
1727    0.000776
1728    0.000785
1729    0.000783
1730    0.00077
1731    0.000802
1732    0.000769
1733    0.000768
1734    0.000769
1735    0.000768
1736    0.000769
1737    0.000774
1738    0.00076
1739    0.00078
1740    0.000767
1741    0.000769
1742    0.001151
1743    0.000786
1744    0.000777
1745    0.000769
1746    0.000773
1747    0.000781
1748    0.00078
1749    0.000778
1750    0.000777
1751    0.000785
1752    0.000766
1753    0.000771
1754    0.000783
1755    0.000773
1756    0.000782
1757    0.000767
1758    0.000769
1759    0.000777
1760    0.000762
1761    0.000795
1762    0.000774
1763    0.000781
1764    0.000782
1765    0.000767
1766    0.000779
1767    0.000764
1768    0.000782
1769    0.000772
1770    0.000774
1771    0.000791
1772    0.000796
1773    0.000773
1774    0.000773
1775    0.000782
1776    0.000777
1777    0.000782
1778    0.000782
1779    0.000765
1780    0.000771
1781    0.000778
1782    0.000775
1783    0.000772
1784    0.000773
1785    0.000764
1786    0.000766
1787    0.000774
1788    0.000774
1789    0.000781
1790    0.000766
1791    0.000775
1792    0.000773
1793    0.000768
1794    0.00078
1795    0.00077
1796    0.000768
1797    0.000769
1798    0.000778
1799    0.000771
1800    0.000772
1801    0.000783
1802    0.000781
1803    0.000789
1804    0.000772
1805    0.000776
1806    0.000776
1807    0.000782
1808    0.000768
1809    0.000771
1810    0.000768
1811    0.000771
1812    0.000782
1813    0.000779
1814    0.000787
1815    0.000772
1816    0.000789
1817    0.000764
1818    0.000767
1819    0.000763
1820    0.000787
1821    0.000793
1822    0.000772
1823    0.000786
1824    0.000774
1825    0.000789
1826    0.000765
1827    0.000814
1828    0.000769
1829    0.000773
1830    0.000791
1831    0.000768
1832    0.000782
1833    0.000775
1834    0.000768
1835    0.000766
1836    0.000918
1837    0.000762
1838    0.000767
1839    0.000773
1840    0.000757
1841    0.000795
1842    0.000771
1843    0.000773
1844    0.00078
1845    0.000774
1846    0.000772
1847    0.000771
1848    0.000781
1849    0.000775
1850    0.000776
1851    0.000763
1852    0.00077
1853    0.000769
1854    0.000771
1855    0.000756
1856    0.00078
1857    0.000771
1858    0.000768
1859    0.000778
1860    0.000777
1861    0.000765
1862    0.000779
1863    0.000772
1864    0.000777
1865    0.000772
1866    0.00078
1867    0.000769
1868    0.000793
1869    0.000783
1870    0.000771
1871    0.000767
1872    0.000771
1873    0.000777
1874    0.000759
1875    0.000777
1876    0.000771
1877    0.000778
1878    0.00076
1879    0.000761
1880    0.000783
1881    0.00078
1882    0.000787
1883    0.000781
1884    0.00077
1885    0.000771
1886    0.000769
1887    0.000775
1888    0.000776
1889    0.000765
1890    0.000773
1891    0.000778
1892    0.000777
1893    0.000788
1894    0.000805
1895    0.000767
1896    0.000767
1897    0.000765
1898    0.000773
1899    0.000765
1900    0.000763
1901    0.000775
1902    0.000769
1903    0.000761
1904    0.000769
1905    0.000762
1906    0.000766
1907    0.000764
1908    0.000771
1909    0.000815
1910    0.000766
1911    0.000761
1912    0.000789
1913    0.000772
1914    0.000779
1915    0.000765
1916    0.000768
1917    0.000772
1918    0.000764
1919    0.000777
1920    0.000778
1921    0.000816
1922    0.000783
1923    0.000776
1924    0.000761
1925    0.000764
1926    0.00082
1927    0.000766
1928    0.000778
1929    0.000787
1930    0.000789
1931    0.000791
1932    0.000792
1933    0.000787
1934    0.000765
1935    0.000771
1936    0.00077
1937    0.000765
1938    0.000763
1939    0.000781
1940    0.000791
1941    0.000814
1942    0.000775
1943    0.000783
1944    0.00077
1945    0.000804
1946    0.000771
1947    0.000771
1948    0.000782
1949    0.000772
1950    0.000827
1951    0.000808
1952    0.000791
1953    0.000788
1954    0.000797
1955    0.000767
1956    0.000908
1957    0.000775
1958    0.000805
1959    0.000792
1960    0.000799
1961    0.000776
1962    0.000789
1963    0.000787
1964    0.001315
1965    0.000773
1966    0.000772
1967    0.000766
1968    0.000822
1969    0.001247
1970    0.000766
1971    0.000765
1972    0.000806
1973    0.000773
1974    0.000801
1975    0.000772
1976    0.000784
1977    0.000778
1978    0.000768
1979    0.000766
1980    0.000977
1981    0.000897
1982    0.000801
1983    0.00077
1984    0.000883
1985    0.000841
1986    0.000807
1987    0.000803
1988    0.000792
1989    0.000861
1990    0.000763
1991    0.00077
1992    0.000781
1993    0.000771
1994    0.000804
1995    0.00079
1996    0.000846
1997    0.000785
1998    0.000777
1999    0.000771
2000    0.000774
2001    0.000832
2002    0.000775
2003    0.000788
2004    0.00079
2005    0.000785
2006    0.000796
2007    0.000816
2008    0.000777
2009    0.000874
2010    0.000794
2011    0.000769
2012    0.000789
2013    0.000776
2014    0.001048
2015    0.00089
2016    0.000771
2017    0.000797
2018    0.000774
2019    0.000786
2020    0.000792
2021    0.000772
2022    0.000786
2023    0.000783
2024    0.000775
2025    0.000775
2026    0.000786
2027    0.00078
2028    0.000769
2029    0.000779
2030    0.000773
2031    0.000772
2032    0.000779
2033    0.000775
2034    0.000778
2035    0.000783
2036    0.000796
2037    0.000782
2038    0.000836
2039    0.000783
2040    0.000803
2041    0.000784
2042    0.000771
2043    0.000797
2044    0.001305
2045    0.000985
2046    0.000794
2047    0.000776
2048    0.001015
2049    0.00084
2050    0.00078
2051    0.000776
2052    0.000791
2053    0.000769
2054    0.00079
2055    0.00111
2056    0.000762
2057    0.000777
2058    0.000777
2059    0.000773
2060    0.00077
2061    0.000761
2062    0.000774
2063    0.000775
2064    0.000787
2065    0.000782
2066    0.000805
2067    0.000812
2068    0.000779
2069    0.000785
2070    0.000766
2071    0.000772
2072    0.0008
2073    0.000785
2074    0.000792
2075    0.000823
2076    0.000792
2077    0.000872
2078    0.000786
2079    0.000797
2080    0.000781
2081    0.000773
2082    0.000775
2083    0.000792
2084    0.000777
2085    0.000777
2086    0.000782
2087    0.000797
2088    0.00077
2089    0.001042
2090    0.000777
2091    0.000758
2092    0.000779
2093    0.001387
2094    0.000918
2095    0.000768
2096    0.000807
2097    0.000795
2098    0.000985
2099    0.000803
2100    0.000774
2101    0.000771
2102    0.000966
2103    0.001066
2104    0.000783
2105    0.00078
2106    0.000772
2107    0.000807
2108    0.000801
2109    0.000778
2110    0.000785
2111    0.000794
2112    0.000784
2113    0.000809
2114    0.00077
2115    0.000783
2116    0.001322
2117    0.000781
2118    0.000866
2119    0.000828
2120    0.000792
2121    0.000772
2122    0.00082
2123    0.000921
2124    0.000781
2125    0.00078
2126    0.000787
2127    0.000788
2128    0.000777
2129    0.000812
2130    0.000781
2131    0.000771
2132    0.000772
2133    0.000792
2134    0.000778
2135    0.000843
2136    0.000801
2137    0.000788
2138    0.000858
2139    0.00078
2140    0.000797
2141    0.000772
2142    0.000938
2143    0.000775
2144    0.000774
2145    0.000784
2146    0.000792
2147    0.000772
2148    0.000772
2149    0.000784
2150    0.000776
2151    0.000774
2152    0.000802
2153    0.000794
2154    0.000789
2155    0.000802
2156    0.000819
2157    0.000773
2158    0.000769
2159    0.000779
2160    0.000805
2161    0.000775
2162    0.000775
2163    0.000771
2164    0.000781
2165    0.000767
2166    0.000805
2167    0.000766
2168    0.000799
2169    0.000776
2170    0.00081
2171    0.000771
2172    0.000777
2173    0.000785
2174    0.000814
2175    0.000774
2176    0.000791
2177    0.000818
2178    0.00085
2179    0.000781
2180    0.000802
2181    0.00094
2182    0.000781
2183    0.000788
2184    0.000777
2185    0.000805
2186    0.000771
2187    0.00077
2188    0.000778
2189    0.000786
2190    0.000777
2191    0.000815
2192    0.001208
2193    0.000792
2194    0.000774
2195    0.000815
2196    0.000784
2197    0.000874
2198    0.000766
2199    0.000804
2200    0.000792
2201    0.000911
2202    0.000793
2203    0.000811
2204    0.000812
2205    0.000887
2206    0.000799
2207    0.00076
2208    0.000776
2209    0.000784
2210    0.000771
2211    0.000776
2212    0.000937
2213    0.00078
2214    0.000805
2215    0.000775
2216    0.000787
2217    0.000796
2218    0.000771
2219    0.000771
2220    0.000863
2221    0.000769
2222    0.000773
2223    0.000827
2224    0.000784
2225    0.000774
2226    0.000776
2227    0.000803
2228    0.000773
2229    0.000925
2230    0.000768
2231    0.000771
2232    0.000781
2233    0.000772
2234    0.000776
2235    0.001084
2236    0.00079
2237    0.001276
2238    0.001286
2239    0.001349
2240    0.00077
2241    0.000763
2242    0.000773
2243    0.00078
2244    0.000772
2245    0.000774
2246    0.000767
2247    0.000793
2248    0.000973
2249    0.000797
2250    0.000952
2251    0.00112
2252    0.000796
2253    0.000773
2254    0.000777
2255    0.000776
2256    0.00078
2257    0.000789
2258    0.000785
2259    0.000828
2260    0.000782
2261    0.000829
2262    0.000773
2263    0.000774
2264    0.001197
2265    0.000797
2266    0.000814
2267    0.000808
2268    0.000809
2269    0.00078
2270    0.000784
2271    0.000785
2272    0.00079
2273    0.000778
2274    0.000789
2275    0.000778
2276    0.000774
2277    0.000777
2278    0.000781
2279    0.001003
2280    0.000794
2281    0.000791
2282    0.000777
2283    0.000773
2284    0.00079
2285    0.00078
2286    0.000781
2287    0.000778
2288    0.000791
2289    0.000777
2290    0.00078
2291    0.000782
2292    0.000777
2293    0.00077
2294    0.000782
2295    0.000779
2296    0.000767
2297    0.000775
2298    0.000779
2299    0.000779
2300    0.000779
2301    0.000812
2302    0.000794
2303    0.000777
2304    0.000799
2305    0.000777
2306    0.000785
2307    0.00079
2308    0.000781
2309    0.000781
2310    0.000782
2311    0.000779
2312    0.000786
2313    0.000801
2314    0.000771
2315    0.000824
2316    0.000821
2317    0.000783
2318    0.000865
2319    0.000774
2320    0.000785
2321    0.000791
2322    0.000841
2323    0.000804
2324    0.000785
2325    0.000789
2326    0.000782
2327    0.000782
2328    0.00079
2329    0.000783
2330    0.000851
2331    0.000788
2332    0.000779
2333    0.00081
2334    0.000786
2335    0.000787
2336    0.000775
2337    0.000778
2338    0.000768
2339    0.000777
2340    0.000774
2341    0.000808
2342    0.000781
2343    0.000785
2344    0.000786
2345    0.000781
2346    0.000798
2347    0.000795
2348    0.000806
2349    0.000791
2350    0.00076
2351    0.00078
2352    0.001124
2353    0.000783
2354    0.000955
2355    0.000776
2356    0.00077
2357    0.000966
2358    0.000778
2359    0.000775
2360    0.000782
2361    0.00077
2362    0.000783
2363    0.000773
2364    0.000779
2365    0.000767
2366    0.000782
2367    0.000782
2368    0.000792
2369    0.000779
2370    0.000769
2371    0.000801
2372    0.000769
2373    0.0008
2374    0.000776
2375    0.000774
2376    0.000821
2377    0.000775
2378    0.000816
2379    0.000977
2380    0.000796
2381    0.000772
2382    0.000774
2383    0.000777
2384    0.000793
2385    0.000772
2386    0.000868
2387    0.000809
2388    0.000774
2389    0.000801
2390    0.000798
2391    0.000781
2392    0.000778
2393    0.000776
2394    0.000778
2395    0.000764
2396    0.000804
2397    0.000787
2398    0.000773
2399    0.000772
2400    0.000774
2401    0.000777
2402    0.000775
2403    0.000768
2404    0.000828
2405    0.000785
2406    0.000903
2407    0.000771
2408    0.000787
2409    0.00076
2410    0.00077
2411    0.000776
2412    0.000933
2413    0.000794
2414    0.00077
2415    0.000774
2416    0.000772
2417    0.000887
2418    0.000777
2419    0.000774
2420    0.000768
2421    0.000787
2422    0.00079
2423    0.00077
2424    0.000772
2425    0.000781
2426    0.000842
2427    0.000772
2428    0.000777
2429    0.000779
2430    0.000766
2431    0.000849
2432    0.000772
2433    0.000773
2434    0.000776
2435    0.000784
2436    0.000771
2437    0.000766
2438    0.001071
2439    0.000777
2440    0.000783
2441    0.00077
2442    0.000828
2443    0.001198
2444    0.000793
2445    0.000801
2446    0.000779
2447    0.000772
2448    0.000767
2449    0.000778
2450    0.000775
2451    0.000777
2452    0.000761
2453    0.000785
2454    0.000783
2455    0.000782
2456    0.000769
2457    0.000804
2458    0.000783
2459    0.000774
2460    0.000775
2461    0.000759
2462    0.000784
2463    0.000784
2464    0.000791
2465    0.000768
2466    0.000768
2467    0.000804
2468    0.0008
2469    0.000789
2470    0.000968
2471    0.000807
2472    0.000792
2473    0.000799
2474    0.000784
2475    0.00077
2476    0.000772
2477    0.000759
2478    0.000782
2479    0.000766
2480    0.000817
2481    0.000789
2482    0.000774
2483    0.000773
2484    0.000858
2485    0.000793
2486    0.00082
2487    0.00125
2488    0.000777
2489    0.000795
2490    0.000788
2491    0.000777
2492    0.000765
2493    0.000773
2494    0.000805
2495    0.000776
2496    0.000781
2497    0.000792
2498    0.000775
2499    0.000854
2500    0.000779
2501    0.00078
2502    0.000772
2503    0.000816
2504    0.000776
2505    0.000761
2506    0.00088
2507    0.000768
2508    0.000788
2509    0.000776
2510    0.000782
2511    0.000776
2512    0.000784
2513    0.000766
2514    0.000768
2515    0.000775
2516    0.000784
2517    0.000774
2518    0.000771
2519    0.000768
2520    0.000794
2521    0.000775
2522    0.000768
2523    0.000768
2524    0.000775
2525    0.000772
2526    0.000774
2527    0.00077
2528    0.00079
2529    0.0008
2530    0.000796
2531    0.000778
2532    0.00079
2533    0.000766
2534    0.000786
2535    0.000784
2536    0.000795
2537    0.00078
2538    0.000796
2539    0.000778
2540    0.000768
2541    0.000774
2542    0.000777
2543    0.00078
2544    0.000786
2545    0.000775
2546    0.000771
2547    0.000767
2548    0.000783
2549    0.000788
2550    0.000789
2551    0.000771
2552    0.000783
2553    0.000762
2554    0.000768
2555    0.000779
2556    0.000781
2557    0.000778
2558    0.000806
2559    0.000799
2560    0.000806
2561    0.000807
2562    0.000778
2563    0.00081
2564    0.00078
2565    0.000791
2566    0.000767
2567    0.000775
2568    0.000783
2569    0.000779
2570    0.000771
2571    0.00078
2572    0.000778
2573    0.00077
2574    0.000786
2575    0.000783
2576    0.000805
2577    0.000776
2578    0.000782
2579    0.000932
2580    0.000774
2581    0.000776
2582    0.000769
2583    0.000769
2584    0.000804
2585    0.000779
2586    0.000779
2587    0.000792
2588    0.000784
2589    0.000766
2590    0.000787
2591    0.000785
2592    0.000784
2593    0.000782
2594    0.000787
2595    0.000769
2596    0.000787
2597    0.000775
2598    0.000774
2599    0.000804
2600    0.000793
2601    0.000794
2602    0.000778
2603    0.000819
2604    0.00078
2605    0.000764
2606    0.000786
2607    0.000791
2608    0.00078
2609    0.000778
2610    0.000781
2611    0.000775
2612    0.000988
2613    0.000778
2614    0.000808
2615    0.00078
2616    0.000774
2617    0.000779
2618    0.000773
2619    0.000801
2620    0.000772
2621    0.000806
2622    0.000783
2623    0.000799
2624    0.000793
2625    0.000776
2626    0.000794
2627    0.000803
2628    0.000773
2629    0.000784
2630    0.000787
2631    0.000782
2632    0.000779
2633    0.000802
2634    0.000782
2635    0.000794
2636    0.000787
2637    0.000781
2638    0.000771
2639    0.000788
2640    0.000791
2641    0.000866
2642    0.000838
2643    0.000816
2644    0.000834
2645    0.000778
2646    0.000762
2647    0.000779
2648    0.000771
2649    0.000783
2650    0.000778
2651    0.000775
2652    0.001171
2653    0.000768
2654    0.000768
2655    0.000769
2656    0.000766
2657    0.000833
2658    0.000813
2659    0.000792
2660    0.000767
2661    0.000941
2662    0.000768
2663    0.000771
2664    0.000771
2665    0.000786
2666    0.000769
2667    0.000773
2668    0.000789
2669    0.000783
2670    0.00077
2671    0.000801
2672    0.000816
2673    0.000771
2674    0.000768
2675    0.000821
2676    0.00077
2677    0.000781
2678    0.00076
2679    0.000782
2680    0.000778
2681    0.000783
2682    0.000771
2683    0.000772
2684    0.000776
2685    0.000777
2686    0.000769
2687    0.000775
2688    0.000794
2689    0.000776
2690    0.000786
2691    0.000769
2692    0.000952
2693    0.000786
2694    0.000789
2695    0.000774
2696    0.000784
2697    0.000769
2698    0.000769
2699    0.000775
2700    0.000774
2701    0.000772
2702    0.000791
2703    0.000766
2704    0.000773
2705    0.000774
2706    0.0008
2707    0.000792
2708    0.000769
2709    0.000797
2710    0.000784
2711    0.000768
2712    0.000961
2713    0.000768
2714    0.000796
2715    0.000767
2716    0.000773
2717    0.000764
2718    0.000765
2719    0.000776
2720    0.000775
2721    0.000773
2722    0.000773
2723    0.000944
2724    0.000758
2725    0.000784
2726    0.000768
2727    0.00088
2728    0.000773
2729    0.000772
2730    0.000775
2731    0.000804
2732    0.000827
2733    0.000772
2734    0.000774
2735    0.000788
2736    0.000771
2737    0.000766
2738    0.000763
2739    0.000787
2740    0.000757
2741    0.000772
2742    0.000766
2743    0.000771
2744    0.000783
2745    0.0008
2746    0.000791
2747    0.000801
2748    0.000777
2749    0.000763
2750    0.000772
2751    0.000755
2752    0.000775
2753    0.000814
2754    0.000836
2755    0.000933
2756    0.00098
2757    0.000772
2758    0.000747
2759    0.000773
2760    0.000796
2761    0.000783
2762    0.000772
2763    0.000764
2764    0.00077
2765    0.000778
2766    0.000783
2767    0.000766
2768    0.000774
2769    0.000766
2770    0.000764
2771    0.000792
2772    0.000782
2773    0.000781
2774    0.000771
2775    0.000769
2776    0.000775
2777    0.00078
2778    0.000779
2779    0.00078
2780    0.000839
2781    0.000767
2782    0.000769
2783    0.001208
2784    0.000777
2785    0.000792
2786    0.000767
2787    0.00076
2788    0.000876
2789    0.00079
2790    0.000771
2791    0.000782
2792    0.000775
2793    0.000775
2794    0.00078
2795    0.000777
2796    0.000784
2797    0.000772
2798    0.000769
2799    0.000792
2800    0.00079
2801    0.000775
2802    0.000774
2803    0.000792
2804    0.000961
2805    0.000777
2806    0.000782
2807    0.000767
2808    0.000767
2809    0.000911
2810    0.000769
2811    0.000821
2812    0.000785
2813    0.000824
2814    0.000781
2815    0.000784
2816    0.000772
2817    0.000769
2818    0.000801
2819    0.000786
2820    0.000777
2821    0.000773
2822    0.000782
2823    0.000768
2824    0.000769
2825    0.000789
2826    0.000776
2827    0.000781
2828    0.000771
2829    0.000766
2830    0.000776
2831    0.000775
2832    0.000807
2833    0.000759
2834    0.000784
2835    0.000766
2836    0.000771
2837    0.000766
2838    0.000944
2839    0.000789
2840    0.000772
2841    0.000769
2842    0.000769
2843    0.000802
2844    0.0008
2845    0.000778
2846    0.0011
2847    0.000788
2848    0.000769
2849    0.000777
2850    0.000771
2851    0.000765
2852    0.0008
2853    0.000774
2854    0.000776
2855    0.00081
2856    0.000761
2857    0.00078
2858    0.000773
2859    0.000772
2860    0.000762
2861    0.000783
2862    0.000782
2863    0.000852
2864    0.000812
2865    0.00077
2866    0.000864
2867    0.000826
2868    0.000796
2869    0.00084
2870    0.000772
2871    0.000777
2872    0.000789
2873    0.000789
2874    0.000779
2875    0.000794
2876    0.000774
2877    0.00078
2878    0.000989
2879    0.00082
2880    0.000787
2881    0.000871
2882    0.000783
2883    0.000775
2884    0.001006
2885    0.000775
2886    0.000774
2887    0.000786
2888    0.000789
2889    0.000772
2890    0.000773
2891    0.000796
2892    0.000796
2893    0.000782
2894    0.000783
2895    0.000803
2896    0.000769
2897    0.000772
2898    0.000814
2899    0.000773
2900    0.000805
2901    0.000776
2902    0.000824
2903    0.000769
2904    0.000777
2905    0.000846
2906    0.000844
2907    0.000778
2908    0.00078
2909    0.000796
2910    0.000893
2911    0.000762
2912    0.000775
2913    0.000768
2914    0.000774
2915    0.000803
2916    0.000781
2917    0.000792
2918    0.000787
2919    0.000801
2920    0.000801
2921    0.000829
2922    0.000788
2923    0.000785
2924    0.000794
2925    0.000849
2926    0.000768
2927    0.00078
2928    0.00082
2929    0.000777
2930    0.000779
2931    0.000765
2932    0.000808
2933    0.000826
2934    0.000881
2935    0.000774
2936    0.000775
2937    0.0008
2938    0.000801
2939    0.000785
2940    0.000826
2941    0.0008
2942    0.000789
2943    0.000773
2944    0.000802
2945    0.000785
2946    0.000809
2947    0.000774
2948    0.000823
2949    0.000767
2950    0.000825
2951    0.000777
2952    0.000781
2953    0.000791
2954    0.00077
2955    0.000773
2956    0.00136
2957    0.000764
2958    0.000776
2959    0.000796
2960    0.000779
2961    0.000779
2962    0.000758
2963    0.000777
2964    0.000781
2965    0.000771
2966    0.000778
2967    0.000773
2968    0.000791
2969    0.000773
2970    0.000797
2971    0.000775
2972    0.000775
2973    0.000797
2974    0.000783
2975    0.000766
2976    0.001059
2977    0.00079
2978    0.000781
2979    0.000776
2980    0.000772
2981    0.000774
2982    0.000785
2983    0.000791
2984    0.000785
2985    0.00079
2986    0.000803
2987    0.000794
2988    0.000794
2989    0.000774
2990    0.000769
2991    0.000766
2992    0.000825
2993    0.000778
2994    0.000771
2995    0.000772
2996    0.000795
2997    0.00079
2998    0.000772
2999    0.00077
3000    0.000782
