1    6
2    6
3    6
4    6
5    6
6    6
7    6
8    6
9    6
10    6
11    6
12    6
13    6
14    6
17    6
19    6
20    6
122    6
224    6
326    6
428    6
530    6
632    6
734    6
836    6
938    6
1040    6
1142    6
1244    6
1346    6
1448    6
1550    6
1652    6
1754    6
1856    6
1958    6
2060    6
2162    6
2264    6
2366    6
2468    6
2570    6
2672    6
2774    6
2876    6
2978    6
3080    6
3182    6
3284    6
3386    6
3488    6
3590    6
3692    6
3794    6
3896    6
3998    6
4100    6
4202    6
4304    6
4406    6
4508    6
4610    6
4712    6
4814    6
4916    6
5018    6
5120    6
5222    6
5324    6
5426    6
5528    6
5630    6
5732    6
5834    6
5936    6
6038    6
6140    6
6242    6
6344    6
6446    6
6548    6
6650    6
6752    6
6854    6
6956    6
7058    6
7160    6
7262    6
7364    6
7466    6
7568    6
7670    6
7772    6
7874    6
7976    6
8078    6
8180    6
8282    6
8384    6
8486    6
8588    6
8690    6
8792    6
8894    6
8996    6
9098    6
9200    6
9302    6
9404    6
9506    6
9608    6
9710    6
9812    6
9914    6
10016    6
10118    6
10220    6
10322    6
10424    6
10526    6
10628    6
10730    6
10832    6
10934    6
11036    6
11138    6
11240    6
11342    6
11444    6
11546    6
11648    6
11750    6
11852    6
11954    6
