1    0.001532
2    0.001
3    0.001398
4    0.001094
5    0.001283
6    0.00124
7    0.001532
8    0.001564
9    0.000709
10    0.001079
11    0.001531
12    0.001563
13    0.001517
14    0.00138
15    0.001618
16    0.001449
17    0.001524
18    0.00149
19    0.001544
20    0.001547
21    0.001601
22    0.00155
23    0.000885
24    0.001574
25    0.001366
26    0.001753
27    0.001478
28    0.001568
29    0.001264
30    0.001233
31    0.001111
32    0.001303
33    0.001493
34    0.001503
35    0.001326
36    0.001567
37    0.00155
38    0.001552
39    0.001582
40    0.001132
41    0.001478
42    0.001548
43    0.001579
44    0.001575
45    0.001529
46    0.0015
47    0.001517
48    0.001487
49    0.001553
50    0.001546
51    0.001513
52    0.001178
53    0.001428
54    0.001583
55    0.001573
56    0.001296
57    0.001337
58    0.001535
59    0.001359
60    0.001572
61    0.001594
62    0.001525
63    0.001541
64    0.001505
65    0.001715
66    0.001711
67    0.001639
68    0.001563
69    0.001733
70    0.001445
71    0.00156
72    0.001326
73    0.001582
74    0.001277
75    0.001498
76    0.001345
77    0.001521
78    0.001537
79    0.001637
80    0.001764
81    0.001562
82    0.001197
83    0.001508
84    0.001505
85    0.001519
86    0.001493
87    0.001581
88    0.001826
89    0.001331
90    0.001698
91    0.001591
92    0.00159
93    0.001429
94    0.001613
95    0.001686
96    0.001562
97    0.001354
98    0.001227
99    0.001231
100    0.0015
101    0.001547
102    0.00156
103    0.0016
104    0.002277
105    0.001628
106    0.00151
107    0.001541
108    0.001685
109    0.001231
110    0.001253
111    0.001076
112    0.000912
113    0.00145
114    0.001576
115    0.001504
116    0.001582
117    0.001279
118    0.001593
119    0.001601
120    0.001578
121    0.001624
122    0.001474
123    0.001617
124    0.001361
125    0.001194
126    0.001487
127    0.001334
128    0.001577
129    0.00138
130    0.001504
131    0.001202
132    0.001146
133    0.001204
134    0.001493
135    0.001489
136    0.001583
137    0.001574
138    0.001513
139    0.000931
140    0.000901
141    0.001021
142    0.001578
143    0.001602
144    0.001505
145    0.001301
146    0.001545
147    0.001551
148    0.001558
149    0.001561
150    0.001481
151    0.001554
152    0.000896
153    0.000938
154    0.000946
155    0.001482
156    0.001308
157    0.001039
158    0.001495
159    0.00151
160    0.00152
161    0.001312
162    0.001274
163    0.001264
164    0.001543
165    0.001536
166    0.001546
167    0.001039
168    0.001579
169    0.001507
170    0.001491
171    0.001504
172    0.001235
173    0.001591
174    0.001587
175    0.001503
176    0.001449
177    0.00156
178    0.001491
179    0.00152
180    0.001353
181    0.001506
182    0.001503
183    0.001509
184    0.001529
185    0.001347
186    0.00155
187    0.001603
188    0.00158
189    0.000878
190    0.000858
191    0.001473
192    0.001092
193    0.001483
194    0.001533
195    0.001608
196    0.001267
197    0.001505
198    0.001494
199    0.001584
200    0.001594
201    0.001513
202    0.001502
203    0.001304
204    0.001428
205    0.001242
206    0.001505
207    0.001514
208    0.001505
209    0.000966
210    0.001117
211    0.000874
212    0.000968
213    0.001437
214    0.00152
215    0.001492
216    0.001587
217    0.001283
218    0.001559
219    0.00127
220    0.001497
221    0.001493
222    0.001515
223    0.001504
224    0.001535
225    0.001557
226    0.001299
227    0.001507
228    0.001524
229    0.001513
230    0.001573
231    0.001546
232    0.001495
233    0.001492
234    0.001572
235    0.001582
236    0.001562
237    0.001477
238    0.001263
239    0.001528
240    0.001503
241    0.001563
242    0.001572
243    0.00151
244    0.001553
245    0.00151
246    0.00155
247    0.001582
248    0.001342
249    0.001274
250    0.001525
251    0.001366
252    0.00151
253    0.001547
254    0.001584
255    0.001575
256    0.001569
257    0.001564
258    0.001614
259    0.001483
260    0.001429
261    0.001515
262    0.001245
263    0.00156
264    0.001482
265    0.001519
266    0.001376
267    0.001577
268    0.001452
269    0.001525
270    0.001248
271    0.001506
272    0.001575
273    0.001566
274    0.001527
275    0.00152
276    0.001505
277    0.001592
278    0.001534
279    0.001591
280    0.001613
281    0.001139
282    0.001447
283    0.001501
284    0.001502
285    0.001155
286    0.001298
287    0.001331
288    0.001287
289    0.001538
290    0.001534
291    0.001588
292    0.00123
293    0.001247
294    0.001425
295    0.00149
296    0.001227
297    0.001628
298    0.001575
299    0.001585
300    0.001608
301    0.001562
302    0.001569
303    0.001628
304    0.001601
305    0.001571
306    0.000998
307    0.001605
308    0.00155
309    0.001633
310    0.001581
311    0.001345
312    0.002176
313    0.00162
314    0.001555
315    0.001539
316    0.001585
317    0.001571
318    0.001361
319    0.001514
320    0.001417
321    0.001665
322    0.001483
323    0.001566
324    0.001612
325    0.001568
326    0.001491
327    0.001188
328    0.001134
329    0.001176
330    0.001192
331    0.00152
332    0.00153
333    0.001609
334    0.001527
335    0.001059
336    0.001537
337    0.001081
338    0.001046
339    0.001636
340    0.001287
341    0.001551
342    0.001615
343    0.001309
344    0.002059
345    0.001626
346    0.001603
347    0.001549
348    0.001279
349    0.001524
350    0.001501
351    0.001401
352    0.001475
353    0.001554
354    0.001591
355    0.001542
356    0.001153
357    0.001418
358    0.001536
359    0.001609
360    0.001744
361    0.001637
362    0.0013
363    0.001242
364    0.001668
365    0.001262
366    0.001596
367    0.001957
368    0.001594
369    0.001688
370    0.001819
371    0.000968
372    0.001569
373    0.001148
374    0.001389
375    0.001079
376    0.001554
377    0.001128
378    0.001084
379    0.001524
380    0.001529
381    0.001203
382    0.001532
383    0.001532
384    0.001338
385    0.001521
386    0.000914
387    0.001549
388    0.001585
389    0.001643
390    0.001568
391    0.001557
392    0.002015
393    0.001094
394    0.001606
395    0.001673
396    0.001598
397    0.001591
398    0.001584
399    0.00154
400    0.001352
401    0.000839
402    0.000926
403    0.001536
404    0.001581
405    0.001505
406    0.001501
407    0.001531
408    0.001264
409    0.001442
410    0.001311
411    0.001503
412    0.001569
413    0.00158
414    0.001437
415    0.001294
416    0.001594
417    0.001643
418    0.001488
419    0.001497
420    0.001291
421    0.001413
422    0.001577
423    0.001593
424    0.001572
425    0.001652
426    0.001607
427    0.001508
428    0.001559
429    0.00126
430    0.001054
431    0.00153
432    0.001152
433    0.001527
434    0.001569
435    0.001582
436    0.001573
437    0.001183
438    0.001367
439    0.001215
440    0.001518
441    0.001336
442    0.001323
443    0.001561
444    0.001187
445    0.001505
446    0.001504
447    0.001488
448    0.00155
449    0.001095
450    0.001492
451    0.00149
452    0.001531
453    0.001577
454    0.001508
455    0.001516
456    0.001517
457    0.001513
458    0.00154
459    0.001671
460    0.001475
461    0.001504
462    0.001608
463    0.001297
464    0.001621
465    0.001509
466    0.001259
467    0.001483
468    0.001026
469    0.001558
470    0.001246
471    0.001312
472    0.001583
473    0.001484
474    0.001511
475    0.001573
476    0.001488
477    0.001588
478    0.001327
479    0.001246
480    0.001496
481    0.001525
482    0.001568
483    0.001364
484    0.001515
485    0.001464
486    0.001255
487    0.001554
488    0.001237
489    0.001599
490    0.001262
491    0.001528
492    0.001533
493    0.001245
494    0.001489
495    0.001431
496    0.001552
497    0.001571
498    0.001477
499    0.001593
500    0.001667
501    0.001511
502    0.001559
503    0.001565
504    0.001519
505    0.000888
506    0.001453
507    0.00152
508    0.001602
509    0.001584
510    0.001576
511    0.001708
512    0.001511
513    0.001591
514    0.001592
515    0.00165
516    0.001611
517    0.00154
518    0.001586
519    0.003
520    0.001586
521    0.001276
522    0.001431
523    0.001638
524    0.001263
525    0.001725
526    0.001254
527    0.000936
528    0.001312
529    0.00151
530    0.001436
531    0.001525
532    0.001122
533    0.001581
534    0.00109
535    0.001482
536    0.001601
537    0.001564
538    0.001572
539    0.001509
540    0.001199
541    0.001512
542    0.001538
543    0.001492
544    0.001512
545    0.001237
546    0.00155
547    0.00112
548    0.001176
549    0.00093
550    0.001102
551    0.001584
552    0.001531
553    0.000991
554    0.001352
555    0.001534
556    0.001596
557    0.001439
558    0.00149
559    0.001544
560    0.001636
561    0.001303
562    0.00157
563    0.001491
564    0.001532
565    0.001443
566    0.001437
567    0.00158
568    0.0016
569    0.001506
570    0.001586
571    0.00158
572    0.001564
573    0.001577
574    0.001541
575    0.001518
576    0.0016
577    0.0012
578    0.001331
579    0.001377
580    0.003168
581    0.001103
582    0.001714
583    0.001383
584    0.001632
585    0.001612
586    0.001594
587    0.001247
588    0.001538
589    0.001284
590    0.001557
591    0.001533
592    0.001522
593    0.001435
594    0.001545
595    0.001559
596    0.001599
597    0.00158
598    0.001626
599    0.001575
600    0.0016
601    0.000842
602    0.001552
603    0.0016
604    0.001576
605    0.00156
606    0.001514
607    0.001354
608    0.001479
609    0.000942
610    0.000871
611    0.001555
612    0.001473
613    0.001526
614    0.001257
615    0.001274
616    0.001297
617    0.001573
618    0.001372
619    0.001404
620    0.001564
621    0.0021
622    0.001672
623    0.001574
624    0.001428
625    0.001573
626    0.001441
627    0.001601
628    0.001309
629    0.002331
630    0.001652
631    0.001687
632    0.001574
633    0.003829
634    0.001659
635    0.001588
636    0.001294
637    0.001596
638    0.001617
639    0.001573
640    0.001594
641    0.001469
642    0.003342
643    0.001657
644    0.001353
645    0.001594
646    0.001632
647    0.001607
648    0.001506
649    0.002029
650    0.001611
651    0.001513
652    0.001354
653    0.001597
654    0.002643
655    0.001605
656    0.0015
657    0.00142
658    0.001577
659    0.001596
660    0.001517
661    0.001425
662    0.001506
663    0.001182
664    0.001634
665    0.001581
666    0.001525
667    0.001664
668    0.001607
669    0.001478
670    0.001622
671    0.000882
672    0.001173
673    0.001415
674    0.001561
675    0.001581
676    0.001565
677    0.001569
678    0.00111
679    0.001544
680    0.001556
681    0.001625
682    0.001428
683    0.001497
684    0.001577
685    0.001593
686    0.001595
687    0.001306
688    0.001475
689    0.001511
690    0.00154
691    0.001514
692    0.001249
693    0.001129
694    0.001601
695    0.0018
696    0.001294
697    0.00155
698    0.001565
699    0.001692
700    0.001617
701    0.001504
702    0.001511
703    0.001513
704    0.001579
705    0.001453
706    0.001327
707    0.001371
708    0.001515
709    0.001622
710    0.001554
711    0.001295
712    0.00127
713    0.001367
714    0.001564
715    0.001621
716    0.001542
717    0.001583
718    0.001582
719    0.001582
720    0.001548
721    0.001558
722    0.001301
723    0.001597
724    0.001583
725    0.001334
726    0.001515
727    0.001554
728    0.001189
729    0.001579
730    0.003352
731    0.001649
732    0.001396
733    0.001656
734    0.001268
735    0.0012
736    0.001601
737    0.001295
738    0.001578
739    0.001577
740    0.003389
741    0.002679
742    0.001578
743    0.001579
744    0.001588
745    0.001574
746    0.001557
747    0.001298
748    0.00156
749    0.001627
750    0.001661
751    0.001604
752    0.001635
753    0.001627
754    0.001559
755    0.001576
756    0.00169
757    0.00142
758    0.001659
759    0.00181
760    0.001198
761    0.001573
762    0.001564
763    0.001614
764    0.001557
765    0.001492
766    0.001531
767    0.001598
768    0.001558
769    0.001548
770    0.001516
771    0.001503
772    0.001456
773    0.001523
774    0.001581
775    0.00158
776    0.001581
777    0.001574
778    0.001216
779    0.001336
780    0.000997
781    0.00141
782    0.001483
783    0.001505
784    0.001052
785    0.001483
786    0.00144
787    0.001545
788    0.001467
789    0.001288
790    0.001056
791    0.000903
792    0.001031
793    0.001454
794    0.001572
795    0.001564
796    0.001537
797    0.001492
798    0.0015
799    0.001504
800    0.001528
801    0.001582
802    0.001595
803    0.001561
804    0.001524
805    0.001524
806    0.001593
807    0.001545
808    0.001569
809    0.001283
810    0.001607
811    0.001359
812    0.00155
813    0.001589
814    0.001499
815    0.001489
816    0.00152
817    0.001585
818    0.00142
819    0.001581
820    0.001648
821    0.001488
822    0.000973
823    0.000994
824    0.001026
825    0.001348
826    0.001494
827    0.001514
828    0.001591
829    0.001551
830    0.00124
831    0.001158
832    0.00164
833    0.001557
834    0.001142
835    0.001513
836    0.001484
837    0.001529
838    0.001503
839    0.001527
840    0.001509
841    0.001416
842    0.001125
843    0.001618
844    0.001553
845    0.001502
846    0.001478
847    0.00151
848    0.001509
849    0.001593
850    0.001572
851    0.001568
852    0.001505
853    0.001586
854    0.00142
855    0.001586
856    0.001439
857    0.001493
858    0.001066
859    0.001507
860    0.001172
861    0.0012
862    0.001585
863    0.001505
864    0.001477
865    0.001506
866    0.001506
867    0.00125
868    0.001557
869    0.001382
870    0.001506
871    0.001513
872    0.001542
873    0.001581
874    0.001398
875    0.001121
876    0.001487
877    0.001456
878    0.001541
879    0.001633
880    0.001576
881    0.001155
882    0.001502
883    0.001212
884    0.001065
885    0.00156
886    0.001164
887    0.001201
888    0.001237
889    0.001534
890    0.001527
891    0.001581
892    0.001575
893    0.001489
894    0.001501
895    0.001525
896    0.00139
897    0.001585
898    0.001392
899    0.00117
900    0.001256
901    0.00112
902    0.001528
903    0.001612
904    0.001361
905    0.001188
906    0.001586
907    0.001243
908    0.001497
909    0.001502
910    0.001491
911    0.001495
912    0.001236
913    0.001022
914    0.001478
915    0.001465
916    0.001565
917    0.001617
918    0.001568
919    0.001584
920    0.001463
921    0.001576
922    0.001573
923    0.001524
924    0.001514
925    0.00151
926    0.001554
927    0.001557
928    0.001652
929    0.001564
930    0.001572
931    0.001575
932    0.001463
933    0.00155
934    0.001108
935    0.001556
936    0.001164
937    0.001512
938    0.000897
939    0.000851
940    0.001209
941    0.001463
942    0.000878
943    0.001531
944    0.00152
945    0.001519
946    0.001478
947    0.001427
948    0.00142
949    0.001511
950    0.001493
951    0.00159
952    0.001566
953    0.001526
954    0.001578
955    0.001522
956    0.00144
957    0.00152
958    0.001163
959    0.001579
960    0.001516
961    0.001173
962    0.00136
963    0.00147
964    0.001584
965    0.001268
966    0.001508
967    0.001519
968    0.001508
969    0.001406
970    0.001589
971    0.001546
972    0.001481
973    0.001525
974    0.001508
975    0.001506
976    0.001538
977    0.001589
978    0.001607
979    0.001526
980    0.001328
981    0.001134
982    0.00158
983    0.001155
984    0.001171
985    0.001504
986    0.001552
987    0.001193
988    0.001166
989    0.001384
990    0.001622
991    0.001553
992    0.001103
993    0.00148
994    0.001498
995    0.000893
996    0.001203
997    0.001087
998    0.001023
999    0.000865
1000    0.001599
1001    0.001594
1002    0.001473
1003    0.00152
1004    0.001514
1005    0.00124
1006    0.001588
1007    0.001549
1008    0.00161
1009    0.001576
1010    0.001633
1011    0.001574
1012    0.001563
1013    0.001116
1014    0.000999
1015    0.000839
1016    0.001513
1017    0.001568
1018    0.001571
1019    0.001574
1020    0.001597
1021    0.001251
1022    0.001511
1023    0.00154
1024    0.001516
1025    0.001504
1026    0.001272
1027    0.001513
1028    0.001666
1029    0.001604
1030    0.001618
1031    0.001313
1032    0.001547
1033    0.001596
1034    0.001226
1035    0.001744
1036    0.0016
1037    0.001143
1038    0.001167
1039    0.001514
1040    0.001476
1041    0.001469
1042    0.001551
1043    0.001151
1044    0.001515
1045    0.00139
1046    0.001668
1047    0.001574
1048    0.001588
1049    0.001522
1050    0.001494
1051    0.001571
1052    0.001604
1053    0.001144
1054    0.001671
1055    0.001545
1056    0.001533
1057    0.001254
1058    0.001625
1059    0.001565
1060    0.00159
1061    0.001651
1062    0.001573
1063    0.000864
1064    0.001165
1065    0.001486
1066    0.001505
1067    0.000984
1068    0.001615
1069    0.001453
1070    0.001571
1071    0.001598
1072    0.001488
1073    0.001481
1074    0.001564
1075    0.001592
1076    0.001161
1077    0.001505
1078    0.001572
1079    0.001556
1080    0.001377
1081    0.001551
1082    0.001258
1083    0.001292
1084    0.001007
1085    0.001472
1086    0.001606
1087    0.001426
1088    0.00125
1089    0.00151
1090    0.001514
1091    0.001239
1092    0.001527
1093    0.001501
1094    0.001519
1095    0.001525
1096    0.00152
1097    0.001644
1098    0.000868
1099    0.00168
1100    0.001068
1101    0.000949
1102    0.001596
1103    0.001508
1104    0.001478
1105    0.00158
1106    0.001538
1107    0.001584
1108    0.001546
1109    0.001557
1110    0.001526
1111    0.001239
1112    0.001295
1113    0.00157
1114    0.001364
1115    0.001147
1116    0.001503
1117    0.001486
1118    0.001418
1119    0.001005
1120    0.001532
1121    0.001515
1122    0.001514
1123    0.001364
1124    0.001498
1125    0.0016
1126    0.00158
1127    0.001528
1128    0.001565
1129    0.001463
1130    0.001265
1131    0.001283
1132    0.001545
1133    0.00151
1134    0.001534
1135    0.001492
1136    0.001577
1137    0.001114
1138    0.000978
1139    0.000881
1140    0.001547
1141    0.001122
1142    0.001007
1143    0.00107
1144    0.001512
1145    0.001593
1146    0.001507
1147    0.001506
1148    0.001508
1149    0.001492
1150    0.000894
1151    0.001458
1152    0.001579
1153    0.001605
1154    0.001616
1155    0.001265
1156    0.001626
1157    0.001808
1158    0.001356
1159    0.001676
1160    0.001643
1161    0.00156
1162    0.001483
1163    0.001629
1164    0.001604
1165    0.001564
1166    0.00094
1167    0.001602
1168    0.00161
1169    0.001557
1170    0.001054
1171    0.000868
1172    0.001563
1173    0.001549
1174    0.001492
1175    0.001574
1176    0.001535
1177    0.001384
1178    0.001422
1179    0.001591
1180    0.001493
1181    0.001524
1182    0.000825
1183    0.000957
1184    0.001545
1185    0.001551
1186    0.001153
1187    0.001122
1188    0.00148
1189    0.001594
1190    0.001413
1191    0.00103
1192    0.001178
1193    0.000972
1194    0.00096
1195    0.001076
1196    0.000948
1197    0.00144
1198    0.001465
1199    0.00152
1200    0.001473
1201    0.000883
1202    0.001086
1203    0.00157
1204    0.001567
1205    0.001487
1206    0.001551
1207    0.001509
1208    0.001557
1209    0.001588
1210    0.001486
1211    0.001481
1212    0.001577
1213    0.00155
1214    0.001576
1215    0.002212
1216    0.001558
1217    0.001506
1218    0.001882
1219    0.001684
1220    0.001414
1221    0.001559
1222    0.001607
1223    0.001546
1224    0.001907
1225    0.001774
1226    0.001545
1227    0.001126
1228    0.001452
1229    0.001764
1230    0.001595
1231    0.001575
1232    0.001544
1233    0.001626
1234    0.001688
1235    0.00157
1236    0.001562
1237    0.001762
1238    0.001644
1239    0.001784
1240    0.0034
1241    0.001367
1242    0.001423
1243    0.001644
1244    0.0011
1245    0.001169
1246    0.001505
1247    0.001602
1248    0.001108
1249    0.001594
1250    0.001602
1251    0.001621
1252    0.001627
1253    0.001599
1254    0.001587
1255    0.001591
1256    0.001247
1257    0.00163
1258    0.001266
1259    0.001484
1260    0.001157
1261    0.001561
1262    0.001406
1263    0.001423
1264    0.00107
1265    0.001606
1266    0.001584
1267    0.001719
1268    0.001618
1269    0.001612
1270    0.001623
1271    0.001591
1272    0.000908
1273    0.001252
1274    0.001542
1275    0.001661
1276    0.001594
1277    0.001506
1278    0.001477
1279    0.001456
1280    0.001442
1281    0.001797
1282    0.001494
1283    0.001303
1284    0.001555
1285    0.001573
1286    0.001585
1287    0.001516
1288    0.001593
1289    0.001579
1290    0.001617
1291    0.001487
1292    0.001202
1293    0.001289
1294    0.001554
1295    0.001683
1296    0.001066
1297    0.001518
1298    0.001507
1299    0.001479
1300    0.001127
1301    0.001522
1302    0.001507
1303    0.001527
1304    0.001524
1305    0.000856
1306    0.001427
1307    0.001582
1308    0.001573
1309    0.001565
1310    0.001597
1311    0.001526
1312    0.001576
1313    0.001451
1314    0.001604
1315    0.001516
1316    0.001107
1317    0.001032
1318    0.001514
1319    0.001572
1320    0.001641
1321    0.001525
1322    0.001467
1323    0.001384
1324    0.001504
1325    0.001243
1326    0.001519
1327    0.001458
1328    0.001545
1329    0.001569
1330    0.001518
1331    0.001524
1332    0.00152
1333    0.001502
1334    0.001543
1335    0.001596
1336    0.001289
1337    0.001491
1338    0.001373
1339    0.001522
1340    0.001503
1341    0.001383
1342    0.001602
1343    0.001281
1344    0.001551
1345    0.001183
1346    0.001449
1347    0.00164
1348    0.00141
1349    0.001559
1350    0.001579
1351    0.001354
1352    0.001413
1353    0.001505
1354    0.001576
1355    0.001594
1356    0.001594
1357    0.00154
1358    0.001596
1359    0.00136
1360    0.001471
1361    0.001725
1362    0.00151
1363    0.001253
1364    0.001243
1365    0.000927
1366    0.001039
1367    0.001642
1368    0.001551
1369    0.001447
1370    0.001476
1371    0.001587
1372    0.001241
1373    0.001298
1374    0.001647
1375    0.001636
1376    0.001631
1377    0.001695
1378    0.001657
1379    0.0012
1380    0.001651
1381    0.001618
1382    0.002056
1383    0.001787
1384    0.001479
1385    0.001601
1386    0.001052
1387    0.001561
1388    0.00124
1389    0.001592
1390    0.001569
1391    0.001538
1392    0.001157
1393    0.001447
1394    0.00143
1395    0.001576
1396    0.001479
1397    0.00145
1398    0.001475
1399    0.001536
1400    0.001617
1401    0.000927
1402    0.001492
1403    0.001469
1404    0.001509
1405    0.001077
1406    0.001564
1407    0.001557
1408    0.001556
1409    0.001509
1410    0.00155
1411    0.001291
1412    0.001558
1413    0.001632
1414    0.001567
1415    0.001571
1416    0.001017
1417    0.001097
1418    0.001596
1419    0.001546
1420    0.001618
1421    0.001531
1422    0.001503
1423    0.001382
1424    0.001585
1425    0.001576
1426    0.001536
1427    0.001498
1428    0.000879
1429    0.001578
1430    0.001593
1431    0.001572
1432    0.001557
1433    0.001481
1434    0.001552
1435    0.001574
1436    0.001591
1437    0.001242
1438    0.001591
1439    0.0016
1440    0.001591
1441    0.001588
1442    0.001572
1443    0.00159
1444    0.001566
1445    0.001424
1446    0.001204
1447    0.001559
1448    0.001549
1449    0.001544
1450    0.001177
1451    0.001577
1452    0.001521
1453    0.001551
1454    0.001539
1455    0.001814
1456    0.001321
1457    0.001387
1458    0.001157
1459    0.00153
1460    0.001546
1461    0.001299
1462    0.001592
1463    0.001461
1464    0.001481
1465    0.001289
1466    0.001442
1467    0.001258
1468    0.001109
1469    0.001114
1470    0.001333
1471    0.001593
1472    0.001592
1473    0.001566
1474    0.001586
1475    0.001583
1476    0.001583
1477    0.001411
1478    0.001108
1479    0.001603
1480    0.001264
1481    0.001547
1482    0.001507
1483    0.002338
1484    0.001572
1485    0.001544
1486    0.001574
1487    0.002398
1488    0.001539
1489    0.001636
1490    0.001169
1491    0.001572
1492    0.001193
1493    0.001594
1494    0.001592
1495    0.00159
1496    0.001574
1497    0.001286
1498    0.001577
1499    0.001574
1500    0.001526
1501    0.001604
1502    0.001025
1503    0.001578
1504    0.001523
1505    0.001519
1506    0.001252
1507    0.001589
1508    0.001577
1509    0.0013
1510    0.001302
1511    0.001542
1512    0.00124
1513    0.001537
1514    0.001524
1515    0.001381
1516    0.001194
1517    0.001554
1518    0.001476
1519    0.001509
1520    0.001518
1521    0.001631
1522    0.001584
1523    0.001411
1524    0.001228
1525    0.001387
1526    0.001986
1527    0.001564
1528    0.001513
1529    0.001572
1530    0.001466
1531    0.001536
1532    0.001594
1533    0.001662
1534    0.001595
1535    0.001489
1536    0.001508
1537    0.001316
1538    0.001397
1539    0.001467
1540    0.001472
1541    0.001185
1542    0.001067
1543    0.001509
1544    0.001184
1545    0.001197
1546    0.001143
1547    0.000845
1548    0.001104
1549    0.001542
1550    0.001516
1551    0.001267
1552    0.00151
1553    0.001528
1554    0.001501
1555    0.002044
1556    0.001599
1557    0.001584
1558    0.001207
1559    0.001479
1560    0.001508
1561    0.001626
1562    0.00155
1563    0.001563
1564    0.001517
1565    0.001534
1566    0.001506
1567    0.001564
1568    0.001353
1569    0.001081
1570    0.001495
1571    0.001488
1572    0.001521
1573    0.001621
1574    0.001702
1575    0.001503
1576    0.001532
1577    0.001531
1578    0.001618
1579    0.00124
1580    0.001159
1581    0.00154
1582    0.001503
1583    0.001661
1584    0.000892
1585    0.001524
1586    0.001499
1587    0.001513
1588    0.001592
1589    0.001596
1590    0.001189
1591    0.001163
1592    0.001558
1593    0.001506
1594    0.001383
1595    0.001547
1596    0.001429
1597    0.001535
1598    0.001603
1599    0.001718
1600    0.001495
1601    0.001793
1602    0.001576
1603    0.001678
1604    0.001516
1605    0.001017
1606    0.001608
1607    0.00155
1608    0.00169
1609    0.001525
1610    0.00164
1611    0.00177
1612    0.001573
1613    0.001582
1614    0.001503
1615    0.001478
1616    0.001599
1617    0.001594
1618    0.001579
1619    0.001522
1620    0.001542
1621    0.001488
1622    0.001673
1623    0.001511
1624    0.001438
1625    0.001514
1626    0.001319
1627    0.001562
1628    0.001431
1629    0.001507
1630    0.001476
1631    0.001525
1632    0.001501
1633    0.001218
1634    0.00157
1635    0.001215
1636    0.00156
1637    0.001555
1638    0.001869
1639    0.001579
1640    0.001521
1641    0.001176
1642    0.00117
1643    0.001493
1644    0.001479
1645    0.001446
1646    0.001547
1647    0.001506
1648    0.001397
1649    0.001364
1650    0.001646
1651    0.001451
1652    0.001576
1653    0.001526
1654    0.001492
1655    0.001523
1656    0.00149
1657    0.001321
1658    0.004146
1659    0.001938
1660    0.0016
1661    0.001338
1662    0.001465
1663    0.001618
1664    0.001092
1665    0.001623
1666    0.001542
1667    0.001587
1668    0.001786
1669    0.001567
1670    0.001574
1671    0.001528
1672    0.001551
1673    0.001762
1674    0.001605
1675    0.001596
1676    0.001495
1677    0.00162
1678    0.001745
1679    0.001402
1680    0.001606
1681    0.001452
1682    0.001538
1683    0.001632
1684    0.001557
1685    0.00155
1686    0.001504
1687    0.001507
1688    0.001033
1689    0.001366
1690    0.001839
1691    0.001643
1692    0.001627
1693    0.001603
1694    0.001669
1695    0.001561
1696    0.002222
1697    0.001581
1698    0.001655
1699    0.001879
1700    0.001824
1701    0.001047
1702    0.00157
1703    0.001566
1704    0.001884
1705    0.001559
1706    0.001608
1707    0.001496
1708    0.001674
1709    0.001565
1710    0.001576
1711    0.001587
1712    0.001575
1713    0.001665
1714    0.001606
1715    0.001591
1716    0.001546
1717    0.001579
1718    0.001597
1719    0.000952
1720    0.001275
1721    0.00129
1722    0.001594
1723    0.001602
1724    0.001495
1725    0.001344
1726    0.001536
1727    0.001523
1728    0.00139
1729    0.001605
1730    0.000908
1731    0.001424
1732    0.001517
1733    0.001587
1734    0.001589
1735    0.001181
1736    0.001416
1737    0.001156
1738    0.001493
1739    0.001524
1740    0.001549
1741    0.001549
1742    0.001562
1743    0.001548
1744    0.001567
1745    0.001436
1746    0.001503
1747    0.001506
1748    0.001423
1749    0.001003
1750    0.001713
1751    0.001457
1752    0.001261
1753    0.001564
1754    0.001567
1755    0.001521
1756    0.001028
1757    0.001475
1758    0.001583
1759    0.001561
1760    0.0014
1761    0.001571
1762    0.00151
1763    0.00146
1764    0.001366
1765    0.001206
1766    0.001185
1767    0.000966
1768    0.001585
1769    0.001528
1770    0.001494
1771    0.001532
1772    0.00158
1773    0.001409
1774    0.001584
1775    0.001582
1776    0.001385
1777    0.001586
1778    0.001569
1779    0.001565
1780    0.001543
1781    0.001553
1782    0.001172
1783    0.001262
1784    0.001508
1785    0.000967
1786    0.001564
1787    0.001239
1788    0.001557
1789    0.001559
1790    0.001506
1791    0.001573
1792    0.001593
1793    0.001304
1794    0.001548
1795    0.000862
1796    0.001255
1797    0.001517
1798    0.001595
1799    0.001237
1800    0.001569
1801    0.001325
1802    0.001518
1803    0.001231
1804    0.001578
1805    0.001299
1806    0.001211
1807    0.001212
1808    0.001254
1809    0.001507
1810    0.001578
1811    0.001578
1812    0.001521
1813    0.001511
1814    0.001531
1815    0.001409
1816    0.001199
1817    0.000868
1818    0.000974
1819    0.000952
1820    0.001594
1821    0.001573
1822    0.001436
1823    0.001362
1824    0.001544
1825    0.001537
1826    0.001294
1827    0.001591
1828    0.001276
1829    0.001501
1830    0.001552
1831    0.001602
1832    0.001432
1833    0.001549
1834    0.00137
1835    0.001578
1836    0.001104
1837    0.001115
1838    0.001516
1839    0.001393
1840    0.001075
1841    0.001067
1842    0.001451
1843    0.00148
1844    0.001087
1845    0.001406
1846    0.001446
1847    0.001524
1848    0.0016
1849    0.001651
1850    0.001589
1851    0.001521
1852    0.00158
1853    0.001362
1854    0.001598
1855    0.001541
1856    0.001594
1857    0.001666
1858    0.001617
1859    0.001517
1860    0.001569
1861    0.001161
1862    0.00159
1863    0.00158
1864    0.001556
1865    0.001497
1866    0.001479
1867    0.001518
1868    0.001608
1869    0.001568
1870    0.000981
1871    0.001549
1872    0.001578
1873    0.001292
1874    0.001596
1875    0.001591
1876    0.001577
1877    0.001535
1878    0.001403
1879    0.001507
1880    0.00166
1881    0.001312
1882    0.001489
1883    0.001513
1884    0.001527
1885    0.001897
1886    0.00161
1887    0.00141
1888    0.001633
1889    0.001084
1890    0.001282
1891    0.00106
1892    0.001551
1893    0.001168
1894    0.001091
1895    0.001311
1896    0.001582
1897    0.001286
1898    0.001505
1899    0.001518
1900    0.001501
1901    0.001526
1902    0.001556
1903    0.001482
1904    0.001563
1905    0.001527
1906    0.001519
1907    0.001495
1908    0.001502
1909    0.001281
1910    0.00133
1911    0.00141
1912    0.001429
1913    0.001561
1914    0.001573
1915    0.001612
1916    0.001577
1917    0.001535
1918    0.001555
1919    0.00158
1920    0.001626
1921    0.001599
1922    0.001839
1923    0.001034
1924    0.001411
1925    0.001489
1926    0.001549
1927    0.001522
1928    0.001522
1929    0.001329
1930    0.001571
1931    0.001503
1932    0.001015
1933    0.001126
1934    0.001016
1935    0.001625
1936    0.001101
1937    0.001275
1938    0.001541
1939    0.001491
1940    0.001212
1941    0.001639
1942    0.0016
1943    0.001595
1944    0.001501
1945    0.001562
1946    0.00151
1947    0.001425
1948    0.001519
1949    0.00148
1950    0.001557
1951    0.001031
1952    0.001354
1953    0.001401
1954    0.001607
1955    0.001624
1956    0.001524
1957    0.001544
1958    0.001475
1959    0.001296
1960    0.001724
1961    0.001583
1962    0.001362
1963    0.001561
1964    0.001558
1965    0.001659
1966    0.001553
1967    0.001564
1968    0.001507
1969    0.00151
1970    0.001564
1971    0.001535
1972    0.001519
1973    0.001604
1974    0.001508
1975    0.001237
1976    0.001583
1977    0.001077
1978    0.001513
1979    0.001595
1980    0.001535
1981    0.001583
1982    0.00098
1983    0.000845
1984    0.002252
1985    0.001589
1986    0.001592
1987    0.001591
1988    0.001488
1989    0.001556
1990    0.00114
1991    0.001136
1992    0.001565
1993    0.001267
1994    0.001502
1995    0.001507
1996    0.001495
1997    0.001191
1998    0.000904
1999    0.001239
2000    0.001585
2001    0.001215
2002    0.001467
2003    0.001565
2004    0.001435
2005    0.00152
2006    0.001541
2007    0.00161
2008    0.001562
2009    0.00145
2010    0.001195
2011    0.001309
2012    0.001502
2013    0.001572
2014    0.001542
2015    0.001521
2016    0.001497
2017    0.001177
2018    0.001434
2019    0.001566
2020    0.001588
2021    0.001546
2022    0.001486
2023    0.0015
2024    0.001515
2025    0.001561
2026    0.001493
2027    0.001616
2028    0.001147
2029    0.001271
2030    0.001507
2031    0.001511
2032    0.001543
2033    0.002141
2034    0.001581
2035    0.001573
2036    0.001561
2037    0.001563
2038    0.001243
2039    0.00116
2040    0.001122
2041    0.001243
2042    0.001551
2043    0.001528
2044    0.001491
2045    0.001247
2046    0.001496
2047    0.00139
2048    0.00153
2049    0.001459
2050    0.001537
2051    0.001358
2052    0.001334
2053    0.00125
2054    0.001445
2055    0.001325
2056    0.001532
2057    0.001527
2058    0.001585
2059    0.001605
2060    0.001563
2061    0.001542
2062    0.001503
2063    0.00152
2064    0.001538
2065    0.001566
2066    0.001565
2067    0.001503
2068    0.001514
2069    0.001527
2070    0.00151
2071    0.001568
2072    0.001585
2073    0.001393
2074    0.00126
2075    0.001495
2076    0.001535
2077    0.001348
2078    0.001646
2079    0.001544
2080    0.00153
2081    0.001502
2082    0.0015
2083    0.001372
2084    0.001549
2085    0.001497
2086    0.001335
2087    0.00118
2088    0.001072
2089    0.001605
2090    0.001481
2091    0.001237
2092    0.001168
2093    0.001275
2094    0.001685
2095    0.001426
2096    0.001601
2097    0.001562
2098    0.001531
2099    0.001321
2100    0.001153
2101    0.00133
2102    0.001553
2103    0.001501
2104    0.001516
2105    0.001504
2106    0.001115
2107    0.001497
2108    0.001508
2109    0.001148
2110    0.001466
2111    0.001535
2112    0.001525
2113    0.001494
2114    0.001531
2115    0.001583
2116    0.001568
2117    0.001587
2118    0.001576
2119    0.001555
2120    0.001509
2121    0.001512
2122    0.001511
2123    0.001537
2124    0.001558
2125    0.001563
2126    0.00151
2127    0.001494
2128    0.00149
2129    0.001548
2130    0.001583
2131    0.001511
2132    0.001422
2133    0.001552
2134    0.001594
2135    0.001181
2136    0.001036
2137    0.000994
2138    0.001314
2139    0.001505
2140    0.001479
2141    0.00131
2142    0.00144
2143    0.001382
2144    0.001493
2145    0.001393
2146    0.001433
2147    0.001507
2148    0.001423
2149    0.00098
2150    0.001556
2151    0.001506
2152    0.001529
2153    0.0015
2154    0.001531
2155    0.001559
2156    0.001519
2157    0.001216
2158    0.00152
2159    0.001586
2160    0.001627
2161    0.001201
2162    0.001484
2163    0.001393
2164    0.001574
2165    0.001566
2166    0.001514
2167    0.001493
2168    0.001485
2169    0.00151
2170    0.001542
2171    0.001541
2172    0.001474
2173    0.001494
2174    0.001464
2175    0.0016
2176    0.001552
2177    0.001496
2178    0.001516
2179    0.001489
2180    0.001504
2181    0.001589
2182    0.001549
2183    0.001279
2184    0.001463
2185    0.001159
2186    0.00148
2187    0.001031
2188    0.00116
2189    0.001493
2190    0.001509
2191    0.001082
2192    0.001501
2193    0.001436
2194    0.001519
2195    0.001529
2196    0.001523
2197    0.001517
2198    0.000948
2199    0.001373
2200    0.001493
2201    0.001587
2202    0.001522
2203    0.001525
2204    0.001507
2205    0.001309
2206    0.001556
2207    0.001149
2208    0.001412
2209    0.001469
2210    0.001492
2211    0.001524
2212    0.001561
2213    0.001553
2214    0.001504
2215    0.001494
2216    0.001485
2217    0.001526
2218    0.001549
2219    0.001139
2220    0.001486
2221    0.001609
2222    0.001527
2223    0.001948
2224    0.001534
2225    0.001517
2226    0.001497
2227    0.001524
2228    0.001496
2229    0.001575
2230    0.001583
2231    0.001002
2232    0.001538
2233    0.001188
2234    0.001562
2235    0.00153
2236    0.001487
2237    0.001519
2238    0.001104
2239    0.001199
2240    0.001516
2241    0.001512
2242    0.001503
2243    0.00117
2244    0.001494
2245    0.001202
2246    0.00124
2247    0.001323
2248    0.001479
2249    0.001537
2250    0.00134
2251    0.001513
2252    0.001595
2253    0.00159
2254    0.001499
2255    0.001504
2256    0.001254
2257    0.001185
2258    0.001583
2259    0.001584
2260    0.001201
2261    0.00122
2262    0.001466
2263    0.001219
2264    0.001269
2265    0.001568
2266    0.001515
2267    0.001283
2268    0.001429
2269    0.001543
2270    0.001565
2271    0.001587
2272    0.001345
2273    0.001475
2274    0.0015
2275    0.001603
2276    0.001493
2277    0.0015
2278    0.00148
2279    0.001475
2280    0.001538
2281    0.001596
2282    0.001507
2283    0.00148
2284    0.001569
2285    0.001304
2286    0.001092
2287    0.001349
2288    0.00117
2289    0.001485
2290    0.00149
2291    0.001501
2292    0.001527
2293    0.001486
2294    0.001076
2295    0.001543
2296    0.001729
2297    0.001583
2298    0.001511
2299    0.001308
2300    0.00112
2301    0.001475
2302    0.002212
2303    0.001318
2304    0.001489
2305    0.001533
2306    0.00145
2307    0.001529
2308    0.001573
2309    0.001271
2310    0.001568
2311    0.001553
2312    0.001528
2313    0.001486
2314    0.00152
2315    0.001547
2316    0.001604
2317    0.000862
2318    0.001575
2319    0.001312
2320    0.001559
2321    0.001433
2322    0.001415
2323    0.001189
2324    0.001498
2325    0.001592
2326    0.001595
2327    0.001383
2328    0.001502
2329    0.001513
2330    0.001504
2331    0.001595
2332    0.00152
2333    0.001208
2334    0.001538
2335    0.001564
2336    0.001498
2337    0.001558
2338    0.001128
2339    0.001499
2340    0.001556
2341    0.001472
2342    0.001478
2343    0.001493
2344    0.001482
2345    0.001477
2346    0.001499
2347    0.001514
2348    0.00157
2349    0.001511
2350    0.001505
2351    0.001288
2352    0.001516
2353    0.001506
2354    0.001433
2355    0.001512
2356    0.001231
2357    0.001262
2358    0.001586
2359    0.001171
2360    0.00151
2361    0.001483
2362    0.001538
2363    0.001555
2364    0.001484
2365    0.001473
2366    0.001534
2367    0.001614
2368    0.001565
2369    0.001553
2370    0.001392
2371    0.001548
2372    0.001573
2373    0.001237
2374    0.00157
2375    0.001468
2376    0.001556
2377    0.001354
2378    0.001469
2379    0.001305
2380    0.001469
2381    0.001613
2382    0.001203
2383    0.001197
2384    0.001492
2385    0.00154
2386    0.001132
2387    0.001492
2388    0.001518
2389    0.001504
2390    0.001382
2391    0.001025
2392    0.001109
2393    0.000867
2394    0.001299
2395    0.001461
2396    0.001557
2397    0.001579
2398    0.001502
2399    0.001128
2400    0.001224
2401    0.001525
2402    0.001595
2403    0.001604
2404    0.001243
2405    0.001497
2406    0.001475
2407    0.001568
2408    0.001409
2409    0.001571
2410    0.001534
2411    0.001567
2412    0.001528
2413    0.001507
2414    0.00154
2415    0.001512
2416    0.001491
2417    0.001025
2418    0.001408
2419    0.001382
2420    0.0015
2421    0.00151
2422    0.001577
2423    0.001576
2424    0.000825
2425    0.001473
2426    0.001474
2427    0.001462
2428    0.001575
2429    0.001561
2430    0.001457
2431    0.001568
2432    0.001422
2433    0.001279
2434    0.001128
2435    0.001032
2436    0.001511
2437    0.001483
2438    0.001046
2439    0.001251
2440    0.001454
2441    0.001162
2442    0.001576
2443    0.000912
2444    0.001467
2445    0.001101
2446    0.001356
2447    0.001493
2448    0.001488
2449    0.001671
2450    0.001483
2451    0.001501
2452    0.001506
2453    0.001572
2454    0.001362
2455    0.001583
2456    0.001522
2457    0.001439
2458    0.001493
2459    0.001581
2460    0.001549
2461    0.001495
2462    0.001481
2463    0.00119
2464    0.001554
2465    0.001589
2466    0.001621
2467    0.000982
2468    0.00097
2469    0.001195
2470    0.001004
2471    0.000904
2472    0.001586
2473    0.001566
2474    0.001522
2475    0.001468
2476    0.001479
2477    0.001489
2478    0.001507
2479    0.001589
2480    0.001458
2481    0.001308
2482    0.001525
2483    0.001504
2484    0.001506
2485    0.001267
2486    0.001557
2487    0.001071
2488    0.001491
2489    0.001025
2490    0.000945
2491    0.001296
2492    0.001046
2493    0.001053
2494    0.001046
2495    0.001494
2496    0.001516
2497    0.001497
2498    0.00148
2499    0.001507
2500    0.001513
2501    0.001225
2502    0.001328
2503    0.001488
2504    0.001269
2505    0.001566
2506    0.001478
2507    0.001491
2508    0.001514
2509    0.00126
2510    0.001082
2511    0.000885
2512    0.001528
2513    0.001491
2514    0.001492
2515    0.00154
2516    0.00155
2517    0.00155
2518    0.001551
2519    0.001496
2520    0.001509
2521    0.001519
2522    0.001323
2523    0.001538
2524    0.001495
2525    0.001517
2526    0.001538
2527    0.001513
2528    0.001598
2529    0.001028
2530    0.001458
2531    0.001431
2532    0.001494
2533    0.001499
2534    0.001556
2535    0.001562
2536    0.001503
2537    0.001641
2538    0.001573
2539    0.001507
2540    0.00121
2541    0.001478
2542    0.001149
2543    0.001135
2544    0.00155
2545    0.001133
2546    0.001214
2547    0.001465
2548    0.001538
2549    0.001551
2550    0.00149
2551    0.001532
2552    0.001233
2553    0.001224
2554    0.001578
2555    0.001058
2556    0.000892
2557    0.001502
2558    0.001533
2559    0.001517
2560    0.001522
2561    0.001558
2562    0.001599
2563    0.001523
2564    0.001505
2565    0.001571
2566    0.001581
2567    0.001505
2568    0.001484
2569    0.001525
2570    0.001273
2571    0.001583
2572    0.001593
2573    0.001487
2574    0.001175
2575    0.001497
2576    0.001485
2577    0.001569
2578    0.001612
2579    0.001524
2580    0.001508
2581    0.0015
2582    0.001327
2583    0.001631
2584    0.001563
2585    0.001481
2586    0.001495
2587    0.001519
2588    0.0015
2589    0.00118
2590    0.001507
2591    0.001527
2592    0.001518
2593    0.001192
2594    0.001528
2595    0.001507
2596    0.001528
2597    0.00151
2598    0.001593
2599    0.001466
2600    0.001189
2601    0.001144
2602    0.0015
2603    0.001548
2604    0.001295
2605    0.001287
2606    0.001412
2607    0.001502
2608    0.001509
2609    0.001497
2610    0.001513
2611    0.001494
2612    0.001569
2613    0.001567
2614    0.001568
2615    0.00151
2616    0.001507
2617    0.001509
2618    0.001579
2619    0.001038
2620    0.001516
2621    0.001499
2622    0.001518
2623    0.00158
2624    0.001083
2625    0.0009
2626    0.00159
2627    0.001599
2628    0.001534
2629    0.001512
2630    0.001532
2631    0.001287
2632    0.001238
2633    0.001545
2634    0.00153
2635    0.001428
2636    0.001238
2637    0.00151
2638    0.0015
2639    0.001049
2640    0.001157
2641    0.00151
2642    0.001526
2643    0.001478
2644    0.001204
2645    0.001531
2646    0.00148
2647    0.001507
2648    0.001512
2649    0.001528
2650    0.001512
2651    0.001527
2652    0.001558
2653    0.001495
2654    0.00154
2655    0.001494
2656    0.002012
2657    0.00148
2658    0.001569
2659    0.001458
2660    0.001491
2661    0.001509
2662    0.000916
2663    0.000995
2664    0.000966
2665    0.000913
2666    0.001345
2667    0.001512
2668    0.000893
2669    0.000917
2670    0.001099
2671    0.001577
2672    0.000896
2673    0.001474
2674    0.001505
2675    0.001566
2676    0.00157
2677    0.000859
2678    0.001298
2679    0.001475
2680    0.001499
2681    0.001444
2682    0.001192
2683    0.001551
2684    0.001607
2685    0.001562
2686    0.001183
2687    0.001511
2688    0.001559
2689    0.001077
2690    0.001506
2691    0.000943
2692    0.000943
2693    0.001092
2694    0.001038
2695    0.001085
2696    0.001554
2697    0.001516
2698    0.000841
2699    0.001036
2700    0.000881
2701    0.001505
2702    0.001507
2703    0.00151
2704    0.001146
2705    0.001124
2706    0.001493
2707    0.001465
2708    0.001473
2709    0.001507
2710    0.001514
2711    0.001437
2712    0.00144
2713    0.001449
2714    0.001454
2715    0.001514
2716    0.001515
2717    0.001443
2718    0.001501
2719    0.001343
2720    0.000888
2721    0.000849
2722    0.001497
2723    0.001035
2724    0.001426
2725    0.001476
2726    0.000874
2727    0.001519
2728    0.001503
2729    0.001491
2730    0.001526
2731    0.00145
2732    0.001523
2733    0.001489
2734    0.00104
2735    0.00155
2736    0.001342
2737    0.000861
2738    0.001442
2739    0.001186
2740    0.001085
2741    0.001407
2742    0.001148
2743    0.000793
2744    0.001255
2745    0.000793
2746    0.000839
2747    0.001528
2748    0.001481
2749    0.000892
2750    0.000905
2751    0.001127
2752    0.000859
2753    0.001131
2754    0.001445
2755    0.001554
2756    0.000839
2757    0.001521
2758    0.001438
2759    0.001437
2760    0.001433
2761    0.00083
2762    0.001552
2763    0.001436
2764    0.001521
2765    0.000838
2766    0.000793
2767    0.001469
2768    0.001456
2769    0.001444
2770    0.000822
2771    0.000861
2772    0.000913
2773    0.001505
2774    0.00144
2775    0.001426
2776    0.00148
2777    0.001548
2778    0.000828
2779    0.000955
2780    0.001509
2781    0.000965
2782    0.001426
2783    0.001424
2784    0.001392
2785    0.000864
2786    0.000912
2787    0.000832
2788    0.001091
2789    0.001494
2790    0.001337
2791    0.001008
2792    0.000802
2793    0.000878
2794    0.000848
2795    0.000803
2796    0.00081
2797    0.001488
2798    0.000987
2799    0.001431
2800    0.001552
2801    0.001609
2802    0.001515
2803    0.001436
2804    0.001529
2805    0.000856
2806    0.00149
2807    0.001552
2808    0.001526
2809    0.00152
2810    0.001643
2811    0.001569
2812    0.00105
2813    0.000859
2814    0.001103
2815    0.001432
2816    0.00151
2817    0.001318
2818    0.001531
2819    0.001722
2820    0.001006
2821    0.001504
2822    0.001623
2823    0.00115
2824    0.000951
2825    0.001518
2826    0.00103
2827    0.000887
2828    0.001511
2829    0.001024
2830    0.001164
2831    0.00151
2832    0.001304
2833    0.001009
2834    0.000842
2835    0.000835
2836    0.000844
2837    0.00159
2838    0.00091
2839    0.002032
2840    0.001595
2841    0.001491
2842    0.001223
2843    0.001614
2844    0.001142
2845    0.001339
2846    0.001585
2847    0.001095
2848    0.001632
2849    0.001705
2850    0.001569
2851    0.001521
2852    0.001495
2853    0.000825
2854    0.001543
2855    0.00149
2856    0.001201
2857    0.001128
2858    0.001124
2859    0.001519
2860    0.000891
2861    0.000833
2862    0.001497
2863    0.001523
2864    0.001202
2865    0.001198
2866    0.001172
2867    0.001348
2868    0.000924
2869    0.001516
2870    0.00146
2871    0.00145
2872    0.001209
2873    0.001584
2874    0.001543
2875    0.001517
2876    0.001011
2877    0.00087
2878    0.001057
2879    0.000849
2880    0.0009
2881    0.001448
2882    0.001422
2883    0.000922
2884    0.000915
2885    0.000847
2886    0.001504
2887    0.001514
2888    0.000899
2889    0.001453
2890    0.000806
2891    0.000807
2892    0.001496
2893    0.001189
2894    0.001553
2895    0.001502
2896    0.000825
2897    0.000799
2898    0.00145
2899    0.000913
2900    0.001481
2901    0.001534
2902    0.001286
2903    0.001428
2904    0.001343
2905    0.00153
2906    0.001173
2907    0.001099
2908    0.001199
2909    0.00149
2910    0.00146
2911    0.001116
2912    0.001352
2913    0.001524
2914    0.00095
2915    0.001525
2916    0.001517
2917    0.00152
2918    0.001489
2919    0.0015
2920    0.001522
2921    0.001517
2922    0.001508
2923    0.001526
2924    0.001387
2925    0.001401
2926    0.001509
2927    0.000822
2928    0.000857
2929    0.001532
2930    0.001337
2931    0.000852
2932    0.001518
2933    0.00153
2934    0.00131
2935    0.001444
2936    0.000992
2937    0.001469
2938    0.001474
2939    0.000829
2940    0.001419
2941    0.001467
2942    0.00082
2943    0.000808
2944    0.001026
2945    0.000795
2946    0.001176
2947    0.001045
2948    0.001015
2949    0.001418
2950    0.00091
2951    0.001467
2952    0.00134
2953    0.001251
2954    0.000982
2955    0.001089
2956    0.00088
2957    0.001547
2958    0.001501
2959    0.001491
2960    0.001483
2961    0.001532
2962    0.001437
2963    0.00146
2964    0.00147
2965    0.001516
2966    0.001522
2967    0.001457
2968    0.00102
2969    0.001525
2970    0.001615
2971    0.001571
2972    0.00095
2973    0.001554
2974    0.000872
2975    0.001488
2976    0.001524
2977    0.001423
2978    0.001477
2979    0.0015
2980    0.001597
2981    0.001611
2982    0.000901
2983    0.001568
2984    0.001599
2985    0.001378
2986    0.001565
2987    0.001576
2988    0.00158
2989    0.001515
2990    0.001484
2991    0.000959
2992    0.001467
2993    0.001664
2994    0.001614
2995    0.001531
2996    0.000829
2997    0.000984
2998    0.001449
2999    0.00101
3000    0.000794
