1    0.000777
2    0.000573
3    0.000757
4    0.000623
5    0.000747
6    0.000616
7    0.000766
8    0.000787
9    0.000393
10    0.000562
11    0.000765
12    0.00078
13    0.000815
14    0.000843
15    0.000805
16    0.000784
17    0.000887
18    0.000786
19    0.000777
20    0.000779
21    0.000812
22    0.000778
23    0.000785
24    0.000791
25    0.00079
26    0.0008
27    0.000815
28    0.000807
29    0.000797
30    0.000833
31    0.000786
32    0.000788
33    0.000809
34    0.000782
35    0.000815
36    0.000798
37    0.000803
38    0.000792
39    0.000776
40    0.000787
41    0.000781
42    0.000805
43    0.000792
44    0.000789
45    0.00077
46    0.000788
47    0.000799
48    0.000778
49    0.000787
50    0.000792
51    0.00079
52    0.000792
53    0.00079
54    0.000802
55    0.000789
56    0.000785
57    0.000788
58    0.000957
59    0.000791
60    0.000823
61    0.00086
62    0.000807
63    0.000805
64    0.000782
65    0.000803
66    0.000799
67    0.000835
68    0.00079
69    0.0008
70    0.000781
71    0.00078
72    0.000789
73    0.000788
74    0.000785
75    0.000786
76    0.000811
77    0.000791
78    0.000789
79    0.000783
80    0.000801
81    0.000798
82    0.000788
83    0.0008
84    0.000797
85    0.000783
86    0.000819
87    0.000832
88    0.000785
89    0.000791
90    0.000814
91    0.000789
92    0.000789
93    0.000789
94    0.00081
95    0.000785
96    0.000805
97    0.000778
98    0.000785
99    0.000803
100    0.000786
101    0.000784
102    0.0008
103    0.000814
104    0.000786
105    0.000786
106    0.000784
107    0.000791
108    0.000779
109    0.000782
110    0.000796
111    0.000782
112    0.000796
113    0.00078
114    0.000788
115    0.000792
116    0.00077
117    0.000819
118    0.000793
119    0.000782
120    0.000805
121    0.00079
122    0.00115
123    0.000788
124    0.000952
125    0.000789
126    0.000806
127    0.000783
128    0.000785
129    0.000786
130    0.000805
131    0.00078
132    0.000792
133    0.000785
134    0.000804
135    0.000777
136    0.000778
137    0.000784
138    0.000798
139    0.000853
140    0.000786
141    0.00079
142    0.000781
143    0.000786
144    0.000804
145    0.000783
146    0.000787
147    0.000785
148    0.000813
149    0.000834
150    0.000776
151    0.000776
152    0.000777
153    0.000778
154    0.000788
155    0.000784
156    0.000823
157    0.000775
158    0.000784
159    0.000788
160    0.000789
161    0.000817
162    0.000791
163    0.000797
164    0.000928
165    0.000789
166    0.000806
167    0.000773
168    0.000774
169    0.000776
170    0.000809
171    0.000796
172    0.000785
173    0.000798
174    0.00078
175    0.000791
176    0.000795
177    0.000787
178    0.000785
179    0.000787
180    0.000785
181    0.0008
182    0.00079
183    0.000783
184    0.00078
185    0.0008
186    0.000793
187    0.001352
188    0.000795
189    0.001344
190    0.000781
191    0.000778
192    0.000811
193    0.00135
194    0.001391
195    0.000781
196    0.000805
197    0.000787
198    0.000823
199    0.000789
200    0.00078
201    0.000817
202    0.00079
203    0.000787
204    0.000789
205    0.000792
206    0.000832
207    0.000785
208    0.000767
209    0.000791
210    0.000791
211    0.000777
212    0.000795
213    0.000779
214    0.000803
215    0.000801
216    0.000796
217    0.000789
218    0.000789
219    0.000788
220    0.000784
221    0.000786
222    0.000786
223    0.000776
224    0.000842
225    0.000786
226    0.000807
227    0.000781
228    0.0008
229    0.000931
230    0.000805
231    0.000788
232    0.000771
233    0.000843
234    0.00079
235    0.000805
236    0.000795
237    0.000794
238    0.000787
239    0.000786
240    0.000784
241    0.000781
242    0.000794
243    0.000782
244    0.00079
245    0.000784
246    0.001338
247    0.000808
248    0.000784
249    0.000803
250    0.000796
251    0.00079
252    0.00079
253    0.000807
254    0.000784
255    0.000913
256    0.000803
257    0.000793
258    0.000965
259    0.000785
260    0.000784
261    0.000787
262    0.000775
263    0.000791
264    0.000796
265    0.000793
266    0.000797
267    0.00079
268    0.000786
269    0.000791
270    0.000789
271    0.000866
272    0.000923
273    0.000774
274    0.00081
275    0.000823
276    0.000796
277    0.000827
278    0.000794
279    0.000858
280    0.00092
281    0.00082
282    0.000807
283    0.000798
284    0.000795
285    0.000782
286    0.000912
287    0.000788
288    0.000788
289    0.000792
290    0.000835
291    0.000856
292    0.000809
293    0.000799
294    0.000879
295    0.000796
296    0.000986
297    0.000864
298    0.000808
299    0.000797
300    0.000799
301    0.000819
302    0.000784
303    0.000794
304    0.000777
305    0.000821
306    0.000791
307    0.000791
308    0.000785
309    0.000816
310    0.000787
311    0.000785
312    0.00082
313    0.000778
314    0.000781
315    0.000888
316    0.00079
317    0.00078
318    0.000792
319    0.000789
320    0.000797
321    0.000792
322    0.000802
323    0.00078
324    0.000797
325    0.000785
326    0.000774
327    0.001014
328    0.000806
329    0.000785
330    0.000779
331    0.00078
332    0.000787
333    0.000784
334    0.00087
335    0.000789
336    0.000796
337    0.000798
338    0.000788
339    0.000779
340    0.000776
341    0.000791
342    0.000821
343    0.000901
344    0.000788
345    0.000797
346    0.000779
347    0.000795
348    0.00078
349    0.000779
350    0.00078
351    0.000788
352    0.000775
353    0.000789
354    0.000814
355    0.000786
356    0.00078
357    0.000783
358    0.000795
359    0.000782
360    0.00078
361    0.000786
362    0.000785
363    0.000806
364    0.000788
365    0.000789
366    0.000787
367    0.000792
368    0.000782
369    0.000818
370    0.000786
371    0.00078
372    0.000841
373    0.000778
374    0.000787
375    0.000784
376    0.000787
377    0.000787
378    0.000773
379    0.000789
380    0.00089
381    0.000793
382    0.000786
383    0.000848
384    0.001407
385    0.000803
386    0.000788
387    0.000794
388    0.000782
389    0.000793
390    0.000798
391    0.000792
392    0.000789
393    0.000796
394    0.000789
395    0.00079
396    0.000792
397    0.000836
398    0.000805
399    0.00078
400    0.000827
401    0.001354
402    0.00078
403    0.000802
404    0.000795
405    0.000779
406    0.000771
407    0.000778
408    0.000771
409    0.00079
410    0.00079
411    0.000781
412    0.00079
413    0.000795
414    0.000787
415    0.000828
416    0.000818
417    0.000787
418    0.00081
419    0.000841
420    0.000784
421    0.000829
422    0.000796
423    0.000787
424    0.000781
425    0.000798
426    0.000784
427    0.000793
428    0.000775
429    0.000791
430    0.000785
431    0.0008
432    0.000783
433    0.000783
434    0.000788
435    0.000801
436    0.000819
437    0.000794
438    0.00078
439    0.000804
440    0.000787
441    0.000795
442    0.000845
443    0.000804
444    0.000954
445    0.000808
446    0.000853
447    0.000819
448    0.000787
449    0.000792
450    0.000885
451    0.000802
452    0.000786
453    0.000798
454    0.000788
455    0.000799
456    0.000786
457    0.000787
458    0.000815
459    0.000779
460    0.000792
461    0.000788
462    0.000815
463    0.000791
464    0.000803
465    0.000814
466    0.00079
467    0.000848
468    0.000787
469    0.000891
470    0.0008
471    0.00079
472    0.000793
473    0.001121
474    0.000781
475    0.000891
476    0.00079
477    0.000795
478    0.0008
479    0.000831
480    0.000814
481    0.00078
482    0.000846
483    0.000839
484    0.000802
485    0.000827
486    0.000813
487    0.000797
488    0.000883
489    0.000778
490    0.000785
491    0.000817
492    0.000808
493    0.000784
494    0.000822
495    0.000796
496    0.000785
497    0.00079
498    0.000784
499    0.000808
500    0.000812
501    0.000791
502    0.000903
503    0.000788
504    0.000789
505    0.000782
506    0.000789
507    0.000781
508    0.000809
509    0.00079
510    0.000786
511    0.000802
512    0.000789
513    0.000798
514    0.000797
515    0.000806
516    0.000789
517    0.000789
518    0.000784
519    0.00081
520    0.000787
521    0.000826
522    0.000797
523    0.000776
524    0.000891
525    0.000857
526    0.000805
527    0.000793
528    0.000813
529    0.000774
530    0.00078
531    0.000787
532    0.000788
533    0.000789
534    0.000789
535    0.000845
536    0.000815
537    0.000795
538    0.000795
539    0.000777
540    0.000784
541    0.000784
542    0.000791
543    0.000784
544    0.000793
545    0.000784
546    0.000794
547    0.000913
548    0.000814
549    0.000789
550    0.000785
551    0.000767
552    0.000865
553    0.000796
554    0.000786
555    0.000857
556    0.000781
557    0.000788
558    0.000791
559    0.000822
560    0.000788
561    0.000799
562    0.00079
563    0.000804
564    0.000787
565    0.000779
566    0.000795
567    0.000798
568    0.000795
569    0.000787
570    0.000823
571    0.000802
572    0.000776
573    0.000776
574    0.000813
575    0.00079
576    0.000773
577    0.000784
578    0.000779
579    0.000791
580    0.000793
581    0.000788
582    0.000775
583    0.000791
584    0.000807
585    0.001349
586    0.00079
587    0.001357
588    0.00081
589    0.000791
590    0.000789
591    0.000781
592    0.000811
593    0.000855
594    0.000835
595    0.000788
596    0.000871
597    0.000852
598    0.000777
599    0.000816
600    0.001144
601    0.001383
602    0.00078
603    0.000783
604    0.00118
605    0.000948
606    0.001073
607    0.001041
608    0.000783
609    0.000777
610    0.000782
611    0.000769
612    0.000801
613    0.000806
614    0.00082
615    0.000802
616    0.000809
617    0.000798
618    0.000869
619    0.000794
620    0.000789
621    0.000795
622    0.000788
623    0.000811
624    0.00079
625    0.000867
626    0.000797
627    0.00079
628    0.000797
629    0.000796
630    0.000787
631    0.000784
632    0.000779
633    0.000788
634    0.001006
635    0.000818
636    0.000792
637    0.00134
638    0.000851
639    0.000808
640    0.000793
641    0.000808
642    0.000872
643    0.000882
644    0.000794
645    0.000805
646    0.000794
647    0.000792
648    0.0008
649    0.000802
650    0.000787
651    0.000782
652    0.000804
653    0.000811
654    0.000784
655    0.000805
656    0.000787
657    0.000788
658    0.000811
659    0.000826
660    0.00083
661    0.000792
662    0.000782
663    0.000808
664    0.000796
665    0.000792
666    0.000794
667    0.000799
668    0.000789
669    0.000794
670    0.000777
671    0.000811
672    0.000782
673    0.000776
674    0.000778
675    0.001349
676    0.00079
677    0.00082
678    0.000777
679    0.000802
680    0.000784
681    0.000793
682    0.000781
683    0.000809
684    0.000935
685    0.000783
686    0.000786
687    0.000826
688    0.000794
689    0.00081
690    0.000798
691    0.000779
692    0.000792
693    0.000777
694    0.000787
695    0.000788
696    0.00079
697    0.000805
698    0.000809
699    0.000797
700    0.000788
701    0.000793
702    0.000785
703    0.00081
704    0.000787
705    0.000787
706    0.000793
707    0.00079
708    0.000797
709    0.000787
710    0.000778
711    0.000789
712    0.000784
713    0.000786
714    0.000805
715    0.000785
716    0.000798
717    0.000778
718    0.00078
719    0.000784
720    0.000789
721    0.000792
722    0.000797
723    0.000842
724    0.000786
725    0.000783
726    0.000792
727    0.000792
728    0.00079
729    0.000784
730    0.000777
731    0.000785
732    0.000785
733    0.000875
734    0.000772
735    0.000808
736    0.000782
737    0.000793
738    0.000778
739    0.000797
740    0.000801
741    0.000781
742    0.000833
743    0.000783
744    0.000793
745    0.000793
746    0.000791
747    0.000817
748    0.00079
749    0.000781
750    0.000782
751    0.000788
752    0.000791
753    0.000849
754    0.000788
755    0.000812
756    0.000819
757    0.000783
758    0.000817
759    0.000842
760    0.000794
761    0.000882
762    0.000788
763    0.000788
764    0.000796
765    0.000791
766    0.000787
767    0.000784
768    0.00079
769    0.000783
770    0.000822
771    0.000779
772    0.000795
773    0.000822
774    0.000781
775    0.000783
776    0.000796
777    0.000776
778    0.000781
779    0.000789
780    0.000777
781    0.000785
782    0.000803
783    0.000789
784    0.000791
785    0.000792
786    0.000786
787    0.000796
788    0.000811
789    0.000785
790    0.000862
791    0.000792
792    0.000808
793    0.000812
794    0.000818
795    0.000806
796    0.000783
797    0.000799
798    0.000791
799    0.000789
800    0.000785
801    0.000805
802    0.000788
803    0.000787
804    0.000775
805    0.000784
806    0.000794
807    0.000828
808    0.000786
809    0.000803
810    0.000792
811    0.000858
812    0.0008
813    0.000789
814    0.00079
815    0.000799
816    0.00079
817    0.000795
818    0.000811
819    0.000805
820    0.000779
821    0.000794
822    0.000794
823    0.001005
824    0.000799
825    0.000788
826    0.000797
827    0.000785
828    0.000799
829    0.000792
830    0.00079
831    0.000787
832    0.000787
833    0.000786
834    0.000791
835    0.000782
836    0.000817
837    0.000804
838    0.000831
839    0.00079
840    0.000806
841    0.000811
842    0.000793
843    0.000797
844    0.000793
845    0.000789
846    0.000787
847    0.000796
848    0.00082
849    0.000819
850    0.000963
851    0.000822
852    0.001374
853    0.000811
854    0.000792
855    0.000842
856    0.000786
857    0.000787
858    0.0008
859    0.000973
860    0.000818
861    0.000797
862    0.000785
863    0.000822
864    0.000807
865    0.000803
866    0.00078
867    0.000792
868    0.0008
869    0.000797
870    0.000788
871    0.000789
872    0.00079
873    0.000793
874    0.000788
875    0.000785
876    0.000792
877    0.001323
878    0.000812
879    0.000816
880    0.000815
881    0.000809
882    0.000777
883    0.000791
884    0.000794
885    0.000801
886    0.000794
887    0.000803
888    0.000778
889    0.001057
890    0.000788
891    0.000793
892    0.000804
893    0.000788
894    0.000913
895    0.00085
896    0.000782
897    0.000823
898    0.000786
899    0.000801
900    0.000799
901    0.000784
902    0.000835
903    0.000783
904    0.000792
905    0.000793
906    0.001017
907    0.000786
908    0.000797
909    0.000851
910    0.000786
911    0.000802
912    0.000783
913    0.000781
914    0.000783
915    0.000795
916    0.000783
917    0.000785
918    0.000781
919    0.000789
920    0.000803
921    0.000809
922    0.0008
923    0.000778
924    0.000797
925    0.000778
926    0.00083
927    0.000793
928    0.000823
929    0.000807
930    0.000822
931    0.000804
932    0.001301
933    0.000792
934    0.000793
935    0.000794
936    0.000783
937    0.000788
938    0.000776
939    0.000788
940    0.00078
941    0.000787
942    0.000777
943    0.000788
944    0.000785
945    0.000798
946    0.001193
947    0.00117
948    0.001015
949    0.000781
950    0.000774
951    0.001376
952    0.000793
953    0.000785
954    0.000788
955    0.0008
956    0.000788
957    0.000804
958    0.000834
959    0.000782
960    0.000793
961    0.000815
962    0.000818
963    0.000806
964    0.000785
965    0.000794
966    0.000783
967    0.000794
968    0.000783
969    0.000784
970    0.000775
971    0.000807
972    0.000782
973    0.000795
974    0.000773
975    0.000795
976    0.000781
977    0.000787
978    0.00083
979    0.000975
980    0.000865
981    0.00078
982    0.000781
983    0.000786
984    0.000788
985    0.000777
986    0.000792
987    0.00078
988    0.000783
989    0.000788
990    0.000778
991    0.000766
992    0.000793
993    0.000801
994    0.000781
995    0.000797
996    0.000785
997    0.000782
998    0.000809
999    0.000782
1000    0.000803
1001    0.000784
1002    0.000801
1003    0.000777
1004    0.000811
1005    0.000832
1006    0.000793
1007    0.000812
1008    0.000784
1009    0.000784
1010    0.000799
1011    0.000782
1012    0.000783
1013    0.000815
1014    0.000783
1015    0.000806
1016    0.000791
1017    0.000783
1018    0.000783
1019    0.000784
1020    0.000824
1021    0.000818
1022    0.000771
1023    0.000787
1024    0.000795
1025    0.000784
1026    0.000791
1027    0.000779
1028    0.000786
1029    0.000789
1030    0.000777
1031    0.000787
1032    0.00078
1033    0.000783
1034    0.00086
1035    0.000786
1036    0.001667
1037    0.000811
1038    0.000866
1039    0.0008
1040    0.000775
1041    0.000797
1042    0.000813
1043    0.000787
1044    0.000813
1045    0.0008
1046    0.000828
1047    0.000786
1048    0.000786
1049    0.000791
1050    0.001182
1051    0.000793
1052    0.000788
1053    0.000794
1054    0.000812
1055    0.000821
1056    0.000794
1057    0.000785
1058    0.000794
1059    0.000801
1060    0.000792
1061    0.000782
1062    0.000795
1063    0.000785
1064    0.000795
1065    0.000785
1066    0.000783
1067    0.0008
1068    0.000795
1069    0.000785
1070    0.000788
1071    0.000792
1072    0.000793
1073    0.000781
1074    0.000794
1075    0.000789
1076    0.000786
1077    0.000795
1078    0.000802
1079    0.000803
1080    0.000852
1081    0.000808
1082    0.000787
1083    0.000792
1084    0.000927
1085    0.000782
1086    0.000784
1087    0.000792
1088    0.000786
1089    0.001624
1090    0.000784
1091    0.000784
1092    0.000795
1093    0.000786
1094    0.000785
1095    0.000777
1096    0.000801
1097    0.000781
1098    0.000783
1099    0.000789
1100    0.000793
1101    0.000794
1102    0.000793
1103    0.00087
1104    0.000803
1105    0.000801
1106    0.000787
1107    0.000792
1108    0.00079
1109    0.000786
1110    0.000787
1111    0.0008
1112    0.000808
1113    0.000784
1114    0.000961
1115    0.001146
1116    0.000786
1117    0.000799
1118    0.000796
1119    0.000789
1120    0.000794
1121    0.000791
1122    0.000867
1123    0.000788
1124    0.00079
1125    0.0008
1126    0.00079
1127    0.000781
1128    0.000796
1129    0.000786
1130    0.000775
1131    0.000793
1132    0.000786
1133    0.000803
1134    0.000779
1135    0.000797
1136    0.000812
1137    0.000783
1138    0.000797
1139    0.000806
1140    0.000783
1141    0.000791
1142    0.000793
1143    0.00079
1144    0.000817
1145    0.000793
1146    0.000795
1147    0.000786
1148    0.000781
1149    0.000791
1150    0.000819
1151    0.000793
1152    0.000781
1153    0.000789
1154    0.000781
1155    0.000796
1156    0.000792
1157    0.000799
1158    0.000785
1159    0.000783
1160    0.000785
1161    0.000804
1162    0.00079
1163    0.000797
1164    0.000785
1165    0.00079
1166    0.000792
1167    0.000786
1168    0.000775
1169    0.000783
1170    0.000788
1171    0.000786
1172    0.000787
1173    0.000791
1174    0.000787
1175    0.000784
1176    0.000804
1177    0.00078
1178    0.000801
1179    0.000792
1180    0.000789
1181    0.000786
1182    0.000793
1183    0.000796
1184    0.000782
1185    0.000791
1186    0.000797
1187    0.000785
1188    0.000818
1189    0.000911
1190    0.000778
1191    0.001319
1192    0.000813
1193    0.000787
1194    0.000786
1195    0.000798
1196    0.000802
1197    0.000802
1198    0.000876
1199    0.000786
1200    0.000784
1201    0.000786
1202    0.000781
1203    0.000787
1204    0.000817
1205    0.000938
1206    0.000788
1207    0.00078
1208    0.000786
1209    0.000793
1210    0.000806
1211    0.000792
1212    0.000784
1213    0.000794
1214    0.000811
1215    0.000785
1216    0.000788
1217    0.000787
1218    0.000825
1219    0.000785
1220    0.000804
1221    0.00079
1222    0.000783
1223    0.000804
1224    0.000806
1225    0.000788
1226    0.000792
1227    0.000815
1228    0.000801
1229    0.000798
1230    0.000788
1231    0.000788
1232    0.000791
1233    0.000802
1234    0.000786
1235    0.000786
1236    0.000805
1237    0.000986
1238    0.000786
1239    0.001104
1240    0.000792
1241    0.000781
1242    0.000796
1243    0.000794
1244    0.001042
1245    0.00087
1246    0.000805
1247    0.000776
1248    0.000829
1249    0.000783
1250    0.000797
1251    0.000797
1252    0.00078
1253    0.000832
1254    0.000789
1255    0.000824
1256    0.000797
1257    0.000813
1258    0.000786
1259    0.000783
1260    0.000785
1261    0.000887
1262    0.000796
1263    0.000781
1264    0.000814
1265    0.000784
1266    0.000796
1267    0.000848
1268    0.000785
1269    0.000789
1270    0.000828
1271    0.000786
1272    0.000797
1273    0.000787
1274    0.000779
1275    0.000791
1276    0.000789
1277    0.000796
1278    0.00078
1279    0.000795
1280    0.000796
1281    0.000813
1282    0.000792
1283    0.000785
1284    0.00078
1285    0.000788
1286    0.000803
1287    0.000774
1288    0.000788
1289    0.000796
1290    0.000806
1291    0.000826
1292    0.000794
1293    0.000768
1294    0.000777
1295    0.00079
1296    0.000767
1297    0.000786
1298    0.000812
1299    0.000784
1300    0.000815
1301    0.000799
1302    0.000797
1303    0.000804
1304    0.00079
1305    0.000781
1306    0.000807
1307    0.000787
1308    0.000784
1309    0.000781
1310    0.00078
1311    0.000785
1312    0.000785
1313    0.000784
1314    0.000784
1315    0.000798
1316    0.001355
1317    0.000787
1318    0.000799
1319    0.000782
1320    0.00084
1321    0.000802
1322    0.00079
1323    0.000996
1324    0.000787
1325    0.000773
1326    0.000827
1327    0.000783
1328    0.000959
1329    0.00079
1330    0.000819
1331    0.000777
1332    0.000831
1333    0.0008
1334    0.000784
1335    0.000808
1336    0.000778
1337    0.000862
1338    0.000781
1339    0.000781
1340    0.000773
1341    0.000788
1342    0.000783
1343    0.000802
1344    0.000783
1345    0.000803
1346    0.000776
1347    0.000785
1348    0.000814
1349    0.000784
1350    0.000893
1351    0.000817
1352    0.000806
1353    0.000819
1354    0.000806
1355    0.000799
1356    0.000856
1357    0.000795
1358    0.000796
1359    0.000789
1360    0.000782
1361    0.000805
1362    0.000794
1363    0.000793
1364    0.000779
1365    0.000848
1366    0.000796
1367    0.000803
1368    0.000799
1369    0.000821
1370    0.000794
1371    0.000815
1372    0.000791
1373    0.000789
1374    0.000792
1375    0.000794
1376    0.000791
1377    0.000789
1378    0.000798
1379    0.000789
1380    0.000789
1381    0.00093
1382    0.000798
1383    0.000809
1384    0.000798
1385    0.000799
1386    0.000799
1387    0.000817
1388    0.000791
1389    0.00081
1390    0.000793
1391    0.000782
1392    0.000825
1393    0.000789
1394    0.000806
1395    0.000774
1396    0.000786
1397    0.000782
1398    0.000787
1399    0.000786
1400    0.000825
1401    0.00079
1402    0.000792
1403    0.000785
1404    0.000788
1405    0.000822
1406    0.000786
1407    0.000778
1408    0.000784
1409    0.000789
1410    0.00082
1411    0.000779
1412    0.000789
1413    0.000786
1414    0.00079
1415    0.0008
1416    0.000816
1417    0.000798
1418    0.000791
1419    0.000808
1420    0.000798
1421    0.000795
1422    0.000788
1423    0.000792
1424    0.000788
1425    0.000791
1426    0.000817
1427    0.000792
1428    0.000794
1429    0.000784
1430    0.000815
1431    0.000781
1432    0.000792
1433    0.000846
1434    0.0011
1435    0.00078
1436    0.000836
1437    0.000813
1438    0.000793
1439    0.000789
1440    0.000807
1441    0.000891
1442    0.000815
1443    0.000798
1444    0.000793
1445    0.001003
1446    0.000804
1447    0.000789
1448    0.000786
1449    0.000785
1450    0.001116
1451    0.000784
1452    0.001016
1453    0.001339
1454    0.000787
1455    0.0008
1456    0.000795
1457    0.000796
1458    0.000784
1459    0.000788
1460    0.000825
1461    0.000791
1462    0.000798
1463    0.000789
1464    0.000789
1465    0.000817
1466    0.000793
1467    0.00078
1468    0.00079
1469    0.000799
1470    0.000799
1471    0.000991
1472    0.001494
1473    0.00079
1474    0.000817
1475    0.000793
1476    0.000795
1477    0.000792
1478    0.000922
1479    0.000797
1480    0.000792
1481    0.000913
1482    0.000791
1483    0.000824
1484    0.000797
1485    0.000798
1486    0.000792
1487    0.000791
1488    0.000793
1489    0.000822
1490    0.000794
1491    0.000796
1492    0.000793
1493    0.000882
1494    0.000787
1495    0.000796
1496    0.000788
1497    0.000817
1498    0.000785
1499    0.000781
1500    0.000968
1501    0.000793
1502    0.00079
1503    0.00082
1504    0.00079
1505    0.000785
1506    0.000809
1507    0.000962
1508    0.000791
1509    0.000798
1510    0.000806
1511    0.000781
1512    0.000985
1513    0.000797
1514    0.000791
1515    0.000784
1516    0.000787
1517    0.000794
1518    0.000817
1519    0.000791
1520    0.000793
1521    0.000805
1522    0.000788
1523    0.000794
1524    0.000802
1525    0.001009
1526    0.000796
1527    0.000806
1528    0.000778
1529    0.000802
1530    0.000806
1531    0.000791
1532    0.000796
1533    0.00079
1534    0.000798
1535    0.000784
1536    0.000781
1537    0.000798
1538    0.000787
1539    0.000804
1540    0.000798
1541    0.00079
1542    0.000826
1543    0.0009
1544    0.000801
1545    0.000813
1546    0.000796
1547    0.000803
1548    0.00079
1549    0.000789
1550    0.000783
1551    0.000791
1552    0.000808
1553    0.000781
1554    0.001348
1555    0.000785
1556    0.000806
1557    0.000865
1558    0.000791
1559    0.000827
1560    0.000789
1561    0.000805
1562    0.000787
1563    0.000853
1564    0.000795
1565    0.00079
1566    0.000797
1567    0.000812
1568    0.000791
1569    0.000791
1570    0.000781
1571    0.000785
1572    0.000786
1573    0.000785
1574    0.000797
1575    0.000794
1576    0.000786
1577    0.00081
1578    0.000788
1579    0.000786
1580    0.000776
1581    0.000802
1582    0.000785
1583    0.000798
1584    0.000794
1585    0.000783
1586    0.000823
1587    0.000843
1588    0.000787
1589    0.000808
1590    0.000791
1591    0.000789
1592    0.000834
1593    0.000787
1594    0.000794
1595    0.000789
1596    0.000781
1597    0.000811
1598    0.000787
1599    0.000838
1600    0.000802
1601    0.000789
1602    0.000783
1603    0.000798
1604    0.000781
1605    0.000802
1606    0.000795
1607    0.000784
1608    0.000788
1609    0.000789
1610    0.000778
1611    0.000789
1612    0.000783
1613    0.000792
1614    0.000798
1615    0.000779
1616    0.00078
1617    0.000789
1618    0.000821
1619    0.000809
1620    0.000784
1621    0.000803
1622    0.000783
1623    0.000799
1624    0.000782
1625    0.000824
1626    0.000797
1627    0.000791
1628    0.000792
1629    0.000803
1630    0.000805
1631    0.000824
1632    0.000795
1633    0.001349
1634    0.000795
1635    0.000796
1636    0.000818
1637    0.000809
1638    0.000817
1639    0.000831
1640    0.000782
1641    0.000801
1642    0.000779
1643    0.000801
1644    0.00078
1645    0.000789
1646    0.000802
1647    0.000815
1648    0.000829
1649    0.000788
1650    0.000798
1651    0.000816
1652    0.000776
1653    0.000798
1654    0.000801
1655    0.000771
1656    0.00079
1657    0.000805
1658    0.000786
1659    0.0008
1660    0.000788
1661    0.000783
1662    0.00079
1663    0.000792
1664    0.000796
1665    0.000792
1666    0.000798
1667    0.000792
1668    0.000806
1669    0.000786
1670    0.000837
1671    0.000801
1672    0.000845
1673    0.000808
1674    0.00082
1675    0.000791
1676    0.000876
1677    0.000788
1678    0.000782
1679    0.000833
1680    0.000791
1681    0.000791
1682    0.000792
1683    0.000812
1684    0.000795
1685    0.000797
1686    0.000782
1687    0.000813
1688    0.000883
1689    0.000787
1690    0.000797
1691    0.0008
1692    0.000789
1693    0.000778
1694    0.000805
1695    0.000785
1696    0.000808
1697    0.000788
1698    0.000791
1699    0.000801
1700    0.000796
1701    0.000798
1702    0.000807
1703    0.00079
1704    0.000813
1705    0.000778
1706    0.000799
1707    0.000792
1708    0.00081
1709    0.000791
1710    0.000794
1711    0.000816
1712    0.000796
1713    0.00079
1714    0.000787
1715    0.000794
1716    0.000787
1717    0.000792
1718    0.000795
1719    0.000788
1720    0.000792
1721    0.001308
1722    0.000786
1723    0.000795
1724    0.000818
1725    0.000797
1726    0.000794
1727    0.000783
1728    0.000825
1729    0.000789
1730    0.000809
1731    0.0008
1732    0.000784
1733    0.000809
1734    0.000792
1735    0.000788
1736    0.000799
1737    0.000857
1738    0.000784
1739    0.000794
1740    0.000779
1741    0.0008
1742    0.000782
1743    0.000791
1744    0.000792
1745    0.000807
1746    0.00079
1747    0.000794
1748    0.000788
1749    0.000785
1750    0.000785
1751    0.000795
1752    0.0012
1753    0.000791
1754    0.000777
1755    0.001222
1756    0.000788
1757    0.000795
1758    0.000792
1759    0.000791
1760    0.000785
1761    0.000803
1762    0.000797
1763    0.000792
1764    0.000792
1765    0.000799
1766    0.000811
1767    0.000796
1768    0.000787
1769    0.000809
1770    0.000781
1771    0.000797
1772    0.000791
1773    0.000789
1774    0.000795
1775    0.000799
1776    0.000796
1777    0.000794
1778    0.000786
1779    0.000779
1780    0.000785
1781    0.000787
1782    0.000791
1783    0.000819
1784    0.000813
1785    0.000789
1786    0.000801
1787    0.000794
1788    0.000811
1789    0.0008
1790    0.000792
1791    0.000866
1792    0.000798
1793    0.000819
1794    0.0008
1795    0.000794
1796    0.00082
1797    0.000792
1798    0.000791
1799    0.000788
1800    0.000791
1801    0.001117
1802    0.00088
1803    0.001286
1804    0.001244
1805    0.000793
1806    0.001253
1807    0.000794
1808    0.000779
1809    0.0008
1810    0.000789
1811    0.000786
1812    0.0008
1813    0.0008
1814    0.000802
1815    0.000789
1816    0.000809
1817    0.000793
1818    0.000786
1819    0.000803
1820    0.000788
1821    0.000784
1822    0.000805
1823    0.000792
1824    0.000805
1825    0.000827
1826    0.000794
1827    0.000783
1828    0.000783
1829    0.000782
1830    0.000968
1831    0.000787
1832    0.000787
1833    0.00081
1834    0.000785
1835    0.001009
1836    0.000782
1837    0.000787
1838    0.000779
1839    0.000792
1840    0.000784
1841    0.000781
1842    0.000783
1843    0.000792
1844    0.000784
1845    0.00083
1846    0.000774
1847    0.000786
1848    0.000794
1849    0.000796
1850    0.000799
1851    0.000791
1852    0.000793
1853    0.000784
1854    0.000788
1855    0.000794
1856    0.000778
1857    0.000792
1858    0.000787
1859    0.000799
1860    0.000789
1861    0.000799
1862    0.000812
1863    0.000816
1864    0.0008
1865    0.000784
1866    0.000793
1867    0.000842
1868    0.000787
1869    0.000786
1870    0.000805
1871    0.000789
1872    0.000811
1873    0.000786
1874    0.000802
1875    0.00087
1876    0.000786
1877    0.000782
1878    0.000782
1879    0.000792
1880    0.000772
1881    0.000787
1882    0.00079
1883    0.000792
1884    0.000777
1885    0.000843
1886    0.000781
1887    0.000785
1888    0.000803
1889    0.000785
1890    0.000977
1891    0.000787
1892    0.000787
1893    0.000799
1894    0.000777
1895    0.000787
1896    0.000808
1897    0.000777
1898    0.000799
1899    0.000937
1900    0.000782
1901    0.000789
1902    0.000782
1903    0.000791
1904    0.000774
1905    0.000774
1906    0.000779
1907    0.000785
1908    0.000779
1909    0.000775
1910    0.000784
1911    0.000785
1912    0.000777
1913    0.000811
1914    0.000791
1915    0.000789
1916    0.000775
1917    0.000834
1918    0.000786
1919    0.000785
1920    0.000781
1921    0.000787
1922    0.000823
1923    0.000788
1924    0.000797
1925    0.000791
1926    0.000806
1927    0.00079
1928    0.000869
1929    0.000796
1930    0.000766
1931    0.000778
1932    0.000795
1933    0.000787
1934    0.000786
1935    0.000779
1936    0.000779
1937    0.000782
1938    0.000789
1939    0.000788
1940    0.000794
1941    0.000782
1942    0.000845
1943    0.0008
1944    0.000877
1945    0.000852
1946    0.000796
1947    0.000789
1948    0.000778
1949    0.000804
1950    0.000922
1951    0.000794
1952    0.00078
1953    0.000779
1954    0.000794
1955    0.00088
1956    0.000789
1957    0.000778
1958    0.000774
1959    0.000869
1960    0.000816
1961    0.000812
1962    0.000785
1963    0.001332
1964    0.000784
1965    0.000786
1966    0.000779
1967    0.000782
1968    0.000819
1969    0.000783
1970    0.000818
1971    0.000793
1972    0.000808
1973    0.000888
1974    0.000786
1975    0.000785
1976    0.000782
1977    0.000778
1978    0.000785
1979    0.000826
1980    0.000781
1981    0.000804
1982    0.000805
1983    0.000847
1984    0.000802
1985    0.000801
1986    0.000783
1987    0.000809
1988    0.000773
1989    0.000783
1990    0.000783
1991    0.000797
1992    0.00079
1993    0.000801
1994    0.000802
1995    0.000783
1996    0.000783
1997    0.000791
1998    0.000804
1999    0.000792
2000    0.000794
2001    0.000792
2002    0.000786
2003    0.000824
2004    0.000781
2005    0.000779
2006    0.000796
2007    0.000783
2008    0.000783
2009    0.000787
2010    0.000776
2011    0.000806
2012    0.000796
2013    0.000781
2014    0.000782
2015    0.000779
2016    0.000799
2017    0.000797
2018    0.000788
2019    0.000783
2020    0.000787
2021    0.000782
2022    0.000831
2023    0.000786
2024    0.000789
2025    0.000786
2026    0.000786
2027    0.000784
2028    0.00079
2029    0.000797
2030    0.000799
2031    0.00078
2032    0.000786
2033    0.000782
2034    0.000781
2035    0.000784
2036    0.000793
2037    0.000794
2038    0.00078
2039    0.000804
2040    0.000799
2041    0.000802
2042    0.000779
2043    0.000799
2044    0.000776
2045    0.000789
2046    0.000789
2047    0.000783
2048    0.000793
2049    0.000783
2050    0.000808
2051    0.000802
2052    0.000802
2053    0.000792
2054    0.000781
2055    0.00085
2056    0.000801
2057    0.000799
2058    0.000809
2059    0.000787
2060    0.000785
2061    0.000777
2062    0.000788
2063    0.000772
2064    0.00079
2065    0.000789
2066    0.000797
2067    0.00079
2068    0.00079
2069    0.000788
2070    0.000784
2071    0.000786
2072    0.000782
2073    0.000832
2074    0.00087
2075    0.000783
2076    0.000791
2077    0.000785
2078    0.000792
2079    0.000793
2080    0.000791
2081    0.000795
2082    0.00078
2083    0.000799
2084    0.000796
2085    0.000794
2086    0.000788
2087    0.001315
2088    0.000816
2089    0.000793
2090    0.000793
2091    0.000781
2092    0.000801
2093    0.000782
2094    0.000798
2095    0.000813
2096    0.0008
2097    0.000784
2098    0.00079
2099    0.0008
2100    0.000804
2101    0.000773
2102    0.000792
2103    0.00079
2104    0.000826
2105    0.000778
2106    0.000795
2107    0.000774
2108    0.000778
2109    0.000795
2110    0.00079
2111    0.000787
2112    0.000797
2113    0.000783
2114    0.00078
2115    0.000785
2116    0.000789
2117    0.001027
2118    0.000793
2119    0.000788
2120    0.000777
2121    0.00086
2122    0.000802
2123    0.000807
2124    0.000792
2125    0.000793
2126    0.000817
2127    0.000804
2128    0.000794
2129    0.000777
2130    0.000779
2131    0.000785
2132    0.000786
2133    0.000788
2134    0.000803
2135    0.000785
2136    0.000782
2137    0.000792
2138    0.000794
2139    0.000805
2140    0.000783
2141    0.000799
2142    0.000783
2143    0.000778
2144    0.000794
2145    0.000782
2146    0.000801
2147    0.00079
2148    0.000786
2149    0.000781
2150    0.000814
2151    0.000781
2152    0.000795
2153    0.000791
2154    0.000786
2155    0.000784
2156    0.000782
2157    0.000782
2158    0.000787
2159    0.000797
2160    0.000821
2161    0.000783
2162    0.000782
2163    0.000784
2164    0.00078
2165    0.000788
2166    0.000795
2167    0.000792
2168    0.000787
2169    0.000788
2170    0.00079
2171    0.000801
2172    0.000791
2173    0.0008
2174    0.000785
2175    0.000788
2176    0.000799
2177    0.000787
2178    0.00078
2179    0.000796
2180    0.000786
2181    0.000787
2182    0.001101
2183    0.000796
2184    0.000779
2185    0.000799
2186    0.000804
2187    0.000799
2188    0.000782
2189    0.000825
2190    0.000785
2191    0.000782
2192    0.000785
2193    0.000819
2194    0.000807
2195    0.000786
2196    0.000781
2197    0.000898
2198    0.000796
2199    0.000808
2200    0.000776
2201    0.000789
2202    0.000784
2203    0.000788
2204    0.000791
2205    0.000781
2206    0.000796
2207    0.000793
2208    0.000825
2209    0.000775
2210    0.000778
2211    0.000784
2212    0.000782
2213    0.000822
2214    0.000784
2215    0.000809
2216    0.000778
2217    0.000792
2218    0.000797
2219    0.000799
2220    0.00079
2221    0.000792
2222    0.000788
2223    0.000776
2224    0.00079
2225    0.000792
2226    0.000787
2227    0.000794
2228    0.000804
2229    0.000795
2230    0.000792
2231    0.000786
2232    0.000799
2233    0.000777
2234    0.000799
2235    0.00079
2236    0.000791
2237    0.00079
2238    0.000812
2239    0.000783
2240    0.000794
2241    0.000785
2242    0.000809
2243    0.000793
2244    0.000795
2245    0.000776
2246    0.000794
2247    0.000796
2248    0.000788
2249    0.001339
2250    0.000793
2251    0.000879
2252    0.000802
2253    0.0008
2254    0.000794
2255    0.000798
2256    0.000783
2257    0.001358
2258    0.001347
2259    0.001359
2260    0.000783
2261    0.001347
2262    0.000803
2263    0.000784
2264    0.000781
2265    0.000793
2266    0.00079
2267    0.000784
2268    0.000802
2269    0.000785
2270    0.000803
2271    0.000786
2272    0.000786
2273    0.000781
2274    0.000782
2275    0.000787
2276    0.000804
2277    0.000809
2278    0.000791
2279    0.000796
2280    0.000813
2281    0.000788
2282    0.00079
2283    0.000797
2284    0.000796
2285    0.000783
2286    0.000784
2287    0.000784
2288    0.000787
2289    0.000813
2290    0.000789
2291    0.000808
2292    0.000803
2293    0.000842
2294    0.00079
2295    0.000851
2296    0.000811
2297    0.000796
2298    0.000806
2299    0.000801
2300    0.000791
2301    0.0008
2302    0.00081
2303    0.000805
2304    0.000817
2305    0.00078
2306    0.000784
2307    0.00079
2308    0.000779
2309    0.000804
2310    0.000793
2311    0.00079
2312    0.000789
2313    0.000776
2314    0.000781
2315    0.000797
2316    0.00079
2317    0.000785
2318    0.000781
2319    0.000784
2320    0.000792
2321    0.00079
2322    0.001019
2323    0.000797
2324    0.001236
2325    0.000804
2326    0.000796
2327    0.000785
2328    0.000795
2329    0.000795
2330    0.000788
2331    0.000789
2332    0.000786
2333    0.000779
2334    0.000799
2335    0.000789
2336    0.000791
2337    0.000791
2338    0.000799
2339    0.000791
2340    0.00079
2341    0.000792
2342    0.000809
2343    0.000792
2344    0.000819
2345    0.000789
2346    0.000782
2347    0.000791
2348    0.00085
2349    0.001251
2350    0.000817
2351    0.000781
2352    0.000786
2353    0.000944
2354    0.000838
2355    0.000832
2356    0.000789
2357    0.00079
2358    0.001239
2359    0.000788
2360    0.000772
2361    0.000787
2362    0.000823
2363    0.000795
2364    0.000768
2365    0.000788
2366    0.0008
2367    0.000805
2368    0.000785
2369    0.000785
2370    0.000793
2371    0.000806
2372    0.000788
2373    0.00078
2374    0.00078
2375    0.000847
2376    0.000805
2377    0.000807
2378    0.000796
2379    0.000802
2380    0.000799
2381    0.000835
2382    0.000856
2383    0.000783
2384    0.00081
2385    0.000799
2386    0.000793
2387    0.000776
2388    0.000786
2389    0.000793
2390    0.000795
2391    0.000788
2392    0.000786
2393    0.000764
2394    0.000795
2395    0.000825
2396    0.000788
2397    0.000813
2398    0.000772
2399    0.000789
2400    0.000791
2401    0.000787
2402    0.000806
2403    0.000795
2404    0.00135
2405    0.000791
2406    0.000864
2407    0.000794
2408    0.000827
2409    0.000806
2410    0.000792
2411    0.000811
2412    0.00079
2413    0.000793
2414    0.000795
2415    0.000816
2416    0.00081
2417    0.000798
2418    0.000796
2419    0.000795
2420    0.000795
2421    0.000784
2422    0.000798
2423    0.000785
2424    0.000794
2425    0.001316
2426    0.000789
2427    0.000795
2428    0.000787
2429    0.000867
2430    0.000825
2431    0.000796
2432    0.000803
2433    0.000788
2434    0.000793
2435    0.000789
2436    0.000789
2437    0.000787
2438    0.000796
2439    0.000796
2440    0.000797
2441    0.000785
2442    0.00079
2443    0.000802
2444    0.000799
2445    0.000793
2446    0.000797
2447    0.000806
2448    0.000796
2449    0.00079
2450    0.0008
2451    0.000788
2452    0.000792
2453    0.000794
2454    0.000788
2455    0.000806
2456    0.00086
2457    0.000804
2458    0.000789
2459    0.000825
2460    0.0008
2461    0.000818
2462    0.000815
2463    0.000809
2464    0.00079
2465    0.000784
2466    0.000833
2467    0.000842
2468    0.000779
2469    0.000786
2470    0.000789
2471    0.000789
2472    0.000803
2473    0.000775
2474    0.000777
2475    0.000785
2476    0.000827
2477    0.000778
2478    0.000826
2479    0.000781
2480    0.000794
2481    0.000777
2482    0.000789
2483    0.000785
2484    0.000792
2485    0.000785
2486    0.000783
2487    0.000782
2488    0.000796
2489    0.000788
2490    0.000787
2491    0.000777
2492    0.000773
2493    0.000786
2494    0.000793
2495    0.000783
2496    0.000782
2497    0.000784
2498    0.000798
2499    0.000806
2500    0.000805
2501    0.000797
2502    0.000825
2503    0.00079
2504    0.000802
2505    0.000795
2506    0.000776
2507    0.000805
2508    0.000778
2509    0.00078
2510    0.000782
2511    0.000789
2512    0.001039
2513    0.000769
2514    0.000796
2515    0.000789
2516    0.000786
2517    0.000788
2518    0.000803
2519    0.000782
2520    0.000815
2521    0.000793
2522    0.00079
2523    0.000807
2524    0.000811
2525    0.000817
2526    0.000777
2527    0.000801
2528    0.000784
2529    0.000836
2530    0.000783
2531    0.000796
2532    0.00078
2533    0.000779
2534    0.000785
2535    0.000785
2536    0.000782
2537    0.000789
2538    0.000797
2539    0.000775
2540    0.000786
2541    0.00078
2542    0.000799
2543    0.000816
2544    0.000807
2545    0.000786
2546    0.000785
2547    0.000789
2548    0.000791
2549    0.000877
2550    0.00078
2551    0.001338
2552    0.000793
2553    0.000782
2554    0.000787
2555    0.000785
2556    0.000793
2557    0.000864
2558    0.000795
2559    0.000782
2560    0.000885
2561    0.000888
2562    0.000793
2563    0.000782
2564    0.000791
2565    0.000791
2566    0.00077
2567    0.000791
2568    0.000785
2569    0.000782
2570    0.000773
2571    0.000786
2572    0.000808
2573    0.000796
2574    0.000781
2575    0.000837
2576    0.000802
2577    0.000792
2578    0.000788
2579    0.000794
2580    0.000802
2581    0.000791
2582    0.000916
2583    0.000808
2584    0.000813
2585    0.000815
2586    0.000783
2587    0.000776
2588    0.000943
2589    0.000802
2590    0.001384
2591    0.000791
2592    0.000978
2593    0.000807
2594    0.000807
2595    0.001226
2596    0.0008
2597    0.000789
2598    0.000788
2599    0.000789
2600    0.000811
2601    0.000794
2602    0.000794
2603    0.000815
2604    0.000814
2605    0.000801
2606    0.000888
2607    0.00081
2608    0.000786
2609    0.000788
2610    0.000784
2611    0.001361
2612    0.000804
2613    0.000784
2614    0.000788
2615    0.000801
2616    0.000784
2617    0.000783
2618    0.000786
2619    0.00083
2620    0.000781
2621    0.000787
2622    0.000781
2623    0.000785
2624    0.000803
2625    0.000778
2626    0.000783
2627    0.000778
2628    0.000788
2629    0.000784
2630    0.000788
2631    0.00081
2632    0.000779
2633    0.000788
2634    0.000787
2635    0.00079
2636    0.000784
2637    0.000785
2638    0.000782
2639    0.000784
2640    0.000789
2641    0.00086
2642    0.000805
2643    0.000792
2644    0.000781
2645    0.000775
2646    0.000783
2647    0.00078
2648    0.000786
2649    0.000787
2650    0.000802
2651    0.000799
2652    0.000788
2653    0.000793
2654    0.00078
2655    0.000778
2656    0.000774
2657    0.000803
2658    0.000778
2659    0.000805
2660    0.000793
2661    0.000797
2662    0.000784
2663    0.000793
2664    0.000798
2665    0.000778
2666    0.000803
2667    0.000785
2668    0.001142
2669    0.00079
2670    0.000795
2671    0.00078
2672    0.000773
2673    0.000799
2674    0.000782
2675    0.000806
2676    0.000783
2677    0.000786
2678    0.000776
2679    0.000788
2680    0.000789
2681    0.000805
2682    0.000917
2683    0.000781
2684    0.000793
2685    0.000806
2686    0.000812
2687    0.000787
2688    0.00081
2689    0.000806
2690    0.000805
2691    0.000793
2692    0.000798
2693    0.000786
2694    0.000815
2695    0.001004
2696    0.000803
2697    0.00078
2698    0.000785
2699    0.000783
2700    0.000787
2701    0.000797
2702    0.000783
2703    0.000791
2704    0.000797
2705    0.000795
2706    0.000796
2707    0.000788
2708    0.000792
2709    0.000799
2710    0.000793
2711    0.000781
2712    0.000772
2713    0.000797
2714    0.000797
2715    0.000787
2716    0.000803
2717    0.000788
2718    0.000779
2719    0.000799
2720    0.000875
2721    0.000803
2722    0.000783
2723    0.000796
2724    0.000789
2725    0.000789
2726    0.000798
2727    0.000792
2728    0.000795
2729    0.000797
2730    0.000787
2731    0.000792
2732    0.000793
2733    0.000789
2734    0.000782
2735    0.000791
2736    0.000807
2737    0.000776
2738    0.000866
2739    0.000778
2740    0.000787
2741    0.000784
2742    0.000786
2743    0.00079
2744    0.000787
2745    0.000783
2746    0.000779
2747    0.000809
2748    0.000781
2749    0.000794
2750    0.000787
2751    0.000779
2752    0.000788
2753    0.000781
2754    0.000778
2755    0.000784
2756    0.000798
2757    0.000792
2758    0.000783
2759    0.000819
2760    0.00078
2761    0.002973
2762    0.000797
2763    0.000789
2764    0.000785
2765    0.000789
2766    0.000781
2767    0.000793
2768    0.000803
2769    0.00078
2770    0.000788
2771    0.000857
2772    0.000778
2773    0.000815
2774    0.000794
2775    0.000945
2776    0.000776
2777    0.0008
2778    0.000793
2779    0.000787
2780    0.000789
2781    0.000786
2782    0.000793
2783    0.000789
2784    0.0008
2785    0.000801
2786    0.000796
2787    0.000788
2788    0.000778
2789    0.000802
2790    0.000796
2791    0.000777
2792    0.000783
2793    0.000782
2794    0.000791
2795    0.000805
2796    0.000806
2797    0.000787
2798    0.000789
2799    0.000789
2800    0.000776
2801    0.000782
2802    0.000778
2803    0.000799
2804    0.000802
2805    0.000784
2806    0.000877
2807    0.000781
2808    0.000797
2809    0.00078
2810    0.000767
2811    0.000791
2812    0.000781
2813    0.000784
2814    0.000782
2815    0.001385
2816    0.000781
2817    0.000787
2818    0.000783
2819    0.000788
2820    0.000785
2821    0.000798
2822    0.000793
2823    0.000783
2824    0.000792
2825    0.000792
2826    0.000792
2827    0.00081
2828    0.000781
2829    0.000786
2830    0.000779
2831    0.000796
2832    0.000789
2833    0.000789
2834    0.000772
2835    0.000787
2836    0.000799
2837    0.000795
2838    0.000803
2839    0.000896
2840    0.000779
2841    0.00077
2842    0.000811
2843    0.000773
2844    0.001218
2845    0.001328
2846    0.001385
2847    0.000784
2848    0.000779
2849    0.000784
2850    0.000793
2851    0.000869
2852    0.001011
2853    0.001059
2854    0.000795
2855    0.000799
2856    0.00079
2857    0.000784
2858    0.000796
2859    0.000801
2860    0.000769
2861    0.000787
2862    0.000775
2863    0.000782
2864    0.000778
2865    0.000782
2866    0.000792
2867    0.000775
2868    0.00079
2869    0.000783
2870    0.000783
2871    0.00079
2872    0.000795
2873    0.000787
2874    0.000794
2875    0.000774
2876    0.000788
2877    0.000787
2878    0.00081
2879    0.000801
2880    0.000793
2881    0.0008
2882    0.000788
2883    0.000826
2884    0.000777
2885    0.000804
2886    0.000785
2887    0.000805
2888    0.000793
2889    0.000785
2890    0.00078
2891    0.000795
2892    0.000786
2893    0.00079
2894    0.000832
2895    0.000821
2896    0.000825
2897    0.000788
2898    0.000821
2899    0.001214
2900    0.000792
2901    0.000784
2902    0.000779
2903    0.000791
2904    0.001535
2905    0.001628
2906    0.000818
2907    0.000803
2908    0.001364
2909    0.00078
2910    0.000791
2911    0.000804
2912    0.000786
2913    0.00078
2914    0.000783
2915    0.00078
2916    0.000786
2917    0.000793
2918    0.000787
2919    0.000782
2920    0.000786
2921    0.000777
2922    0.000785
2923    0.000787
2924    0.000787
2925    0.000815
2926    0.000775
2927    0.000784
2928    0.000783
2929    0.000801
2930    0.000795
2931    0.000788
2932    0.000795
2933    0.000825
2934    0.000786
2935    0.000793
2936    0.000783
2937    0.000794
2938    0.000783
2939    0.000803
2940    0.000786
2941    0.000796
2942    0.000787
2943    0.000777
2944    0.000789
2945    0.000791
2946    0.000795
2947    0.000785
2948    0.000903
2949    0.000787
2950    0.000828
2951    0.000809
2952    0.000822
2953    0.000776
2954    0.000818
2955    0.00077
2956    0.000779
2957    0.000798
2958    0.001053
2959    0.000836
2960    0.000778
2961    0.000787
2962    0.000855
2963    0.000781
2964    0.000781
2965    0.000786
2966    0.0008
2967    0.000806
2968    0.000813
2969    0.000798
2970    0.000794
2971    0.00078
2972    0.000792
2973    0.000793
2974    0.000783
2975    0.000791
2976    0.000787
2977    0.000803
2978    0.000783
2979    0.000795
2980    0.000799
2981    0.000788
2982    0.000804
2983    0.000789
2984    0.000787
2985    0.000789
2986    0.000795
2987    0.000795
2988    0.000788
2989    0.000785
2990    0.000807
2991    0.000813
2992    0.000789
2993    0.001061
2994    0.000778
2995    0.000791
2996    0.001073
2997    0.000793
2998    0.000789
2999    0.000802
3000    0.000834
