1    0.0006
2    0.000465
3    0.000958
4    0.000573
5    0.000639
6    0.000521
7    0.000627
8    0.000635
9    0.000366
10    0.000511
11    0.000692
12    0.000685
13    0.000727
14    0.000669
15    0.000685
16    0.001262
17    0.000652
18    0.000707
19    0.00067
20    0.000683
21    0.000781
22    0.000687
23    0.001261
24    0.00125
25    0.000693
26    0.000693
27    0.000689
28    0.001254
29    0.0012
30    0.000669
31    0.001193
32    0.000667
33    0.000784
34    0.000684
35    0.000692
36    0.001215
37    0.001217
38    0.000678
39    0.00066
40    0.000757
41    0.000669
42    0.000704
43    0.000684
44    0.000685
45    0.000698
46    0.000701
47    0.000704
48    0.000713
49    0.000875
50    0.000691
51    0.000661
52    0.000679
53    0.001098
54    0.001189
55    0.000692
56    0.000692
57    0.000786
58    0.000684
59    0.000663
60    0.000662
61    0.000677
62    0.000664
63    0.000752
64    0.000702
65    0.000764
66    0.000685
67    0.000701
68    0.000705
69    0.001209
70    0.000666
71    0.000663
72    0.001283
73    0.001277
74    0.001225
75    0.000667
76    0.000673
77    0.001211
78    0.001224
79    0.001172
80    0.001167
81    0.001173
82    0.001161
83    0.000652
84    0.000687
85    0.001207
86    0.001204
87    0.001222
88    0.000667
89    0.000666
90    0.000706
91    0.000688
92    0.000738
93    0.00068
94    0.000672
95    0.000798
96    0.000738
97    0.000686
98    0.000706
99    0.000687
100    0.000686
101    0.000881
102    0.000959
103    0.001102
104    0.00069
105    0.001039
106    0.001098
107    0.001232
108    0.001182
109    0.000692
110    0.000673
111    0.001161
112    0.000678
113    0.000684
114    0.000685
115    0.00068
116    0.000757
117    0.001145
118    0.001145
119    0.000974
120    0.000685
121    0.000696
122    0.001051
123    0.000673
124    0.000686
125    0.000794
126    0.001209
127    0.000661
128    0.001211
129    0.001201
130    0.001147
131    0.000638
132    0.001163
133    0.001143
134    0.000672
135    0.000797
136    0.000701
137    0.000685
138    0.00067
139    0.001159
140    0.00109
141    0.000731
142    0.000674
143    0.000669
144    0.000681
145    0.000664
146    0.000661
147    0.001028
148    0.000778
149    0.000689
150    0.000667
151    0.00065
152    0.000677
153    0.00068
154    0.000694
155    0.00066
156    0.000681
157    0.000828
158    0.001277
159    0.000672
160    0.001234
161    0.000666
162    0.000689
163    0.000653
164    0.000713
165    0.000637
166    0.000646
167    0.00065
168    0.000639
169    0.000665
170    0.000661
171    0.000657
172    0.000757
173    0.00076
174    0.000664
175    0.000674
176    0.000743
177    0.000662
178    0.000741
179    0.000812
180    0.000776
181    0.000673
182    0.000693
183    0.000676
184    0.000672
185    0.000671
186    0.000699
187    0.000679
188    0.00075
189    0.000681
190    0.000683
191    0.000659
192    0.000728
193    0.000661
194    0.000633
195    0.000655
196    0.000678
197    0.000658
198    0.000748
199    0.000661
200    0.000775
201    0.000622
202    0.00095
203    0.001135
204    0.001137
205    0.000674
206    0.000647
207    0.0012
208    0.000642
209    0.000667
210    0.000673
211    0.000671
212    0.000664
213    0.000696
214    0.000659
215    0.000676
216    0.000661
217    0.00066
218    0.000949
219    0.00069
220    0.000662
221    0.000659
222    0.000673
223    0.00066
224    0.000655
225    0.000717
226    0.000671
227    0.00067
228    0.000874
229    0.000744
230    0.000665
231    0.000688
232    0.000847
233    0.000662
234    0.000674
235    0.000685
236    0.000671
237    0.00066
238    0.001189
239    0.000674
240    0.001183
241    0.000659
242    0.000678
243    0.000675
244    0.000642
245    0.00064
246    0.000654
247    0.000637
248    0.000651
249    0.000647
250    0.001131
251    0.000647
252    0.000672
253    0.000644
254    0.000646
255    0.000933
256    0.000661
257    0.000671
258    0.000663
259    0.000653
260    0.000646
261    0.000645
262    0.001142
263    0.001178
264    0.001204
265    0.001171
266    0.001211
267    0.001222
268    0.001187
269    0.000647
270    0.000655
271    0.000642
272    0.000703
273    0.000672
274    0.000663
275    0.000664
276    0.001002
277    0.001078
278    0.001002
279    0.001205
280    0.001204
281    0.000661
282    0.000665
283    0.000666
284    0.000662
285    0.000669
286    0.00122
287    0.000847
288    0.000672
289    0.000686
290    0.000663
291    0.000684
292    0.000667
293    0.000677
294    0.000655
295    0.000682
296    0.001194
297    0.00118
298    0.001149
299    0.001155
300    0.001153
301    0.000669
302    0.000752
303    0.000694
304    0.001112
305    0.00067
306    0.000951
307    0.001121
308    0.001178
309    0.001205
310    0.001206
311    0.000671
312    0.000834
313    0.001019
314    0.000667
315    0.000686
316    0.000671
317    0.00069
318    0.00069
319    0.000729
320    0.000685
321    0.000705
322    0.000698
323    0.000708
324    0.000693
325    0.000963
326    0.000659
327    0.000669
328    0.001157
329    0.001119
330    0.000668
331    0.00067
332    0.000666
333    0.000686
334    0.000672
335    0.000671
336    0.001262
337    0.00076
338    0.000669
339    0.000676
340    0.001179
341    0.001191
342    0.001189
343    0.001188
344    0.000758
345    0.000654
346    0.000646
347    0.001152
348    0.001164
349    0.001169
350    0.001174
351    0.000835
352    0.000694
353    0.000665
354    0.00067
355    0.000667
356    0.00068
357    0.001137
358    0.00067
359    0.001002
360    0.000662
361    0.000671
362    0.00067
363    0.000699
364    0.001246
365    0.001214
366    0.00068
367    0.000674
368    0.000663
369    0.000702
370    0.000807
371    0.000664
372    0.000819
373    0.000768
374    0.000736
375    0.00066
376    0.000674
377    0.000742
378    0.000664
379    0.000671
380    0.000665
381    0.000665
382    0.000663
383    0.000658
384    0.000659
385    0.000664
386    0.000669
387    0.001243
388    0.001278
389    0.001179
390    0.001104
391    0.000644
392    0.000642
393    0.000648
394    0.000663
395    0.000662
396    0.000657
397    0.000689
398    0.000705
399    0.000665
400    0.000659
401    0.000681
402    0.000663
403    0.000658
404    0.000658
405    0.000688
406    0.000677
407    0.000704
408    0.000892
409    0.000663
410    0.000664
411    0.000666
412    0.001098
413    0.000687
414    0.000951
415    0.00067
416    0.000662
417    0.000669
418    0.000651
419    0.000646
420    0.000664
421    0.000773
422    0.000665
423    0.000741
424    0.000662
425    0.00066
426    0.000715
427    0.001069
428    0.000674
429    0.000785
430    0.000696
431    0.0012
432    0.001157
433    0.001249
434    0.001247
435    0.001221
436    0.001211
437    0.001234
438    0.000671
439    0.000661
440    0.000663
441    0.000717
442    0.000977
443    0.000684
444    0.00069
445    0.000681
446    0.001183
447    0.000671
448    0.000663
449    0.000668
450    0.000663
451    0.001211
452    0.000663
453    0.000687
454    0.000675
455    0.001212
456    0.001133
457    0.000658
458    0.000666
459    0.000663
460    0.000708
461    0.000658
462    0.001093
463    0.000798
464    0.000662
465    0.00066
466    0.000858
467    0.000663
468    0.00067
469    0.00082
470    0.000703
471    0.000746
472    0.00066
473    0.000665
474    0.000678
475    0.00069
476    0.000791
477    0.000701
478    0.000698
479    0.000697
480    0.000712
481    0.000666
482    0.000669
483    0.000664
484    0.000664
485    0.000675
486    0.00068
487    0.00073
488    0.000665
489    0.000824
490    0.000752
491    0.000675
492    0.00125
493    0.001242
494    0.000966
495    0.000926
496    0.001134
497    0.00103
498    0.00112
499    0.001156
500    0.000641
501    0.00122
502    0.001155
503    0.00121
504    0.000705
505    0.00129
506    0.001335
507    0.000713
508    0.000766
509    0.001331
510    0.001336
511    0.000744
512    0.001331
513    0.000737
514    0.000864
515    0.000839
516    0.000894
517    0.000738
518    0.000766
519    0.000866
520    0.000765
521    0.00077
522    0.000887
523    0.00084
524    0.000772
525    0.000778
526    0.000759
527    0.00078
528    0.000772
529    0.000765
530    0.000795
531    0.000829
532    0.000777
533    0.000807
534    0.000765
535    0.000778
536    0.000777
537    0.000786
538    0.000775
539    0.001341
540    0.000777
541    0.000798
542    0.000815
543    0.000782
544    0.000805
545    0.000792
546    0.000778
547    0.000864
548    0.000793
549    0.000906
550    0.000806
551    0.001437
552    0.00137
553    0.001301
554    0.001291
555    0.001282
556    0.000746
557    0.000974
558    0.000742
559    0.000743
560    0.000751
561    0.000746
562    0.000786
563    0.00103
564    0.0014
565    0.000843
566    0.000856
567    0.001066
568    0.001496
569    0.001478
570    0.001236
571    0.001463
572    0.000922
573    0.000881
574    0.00136
575    0.001408
576    0.000775
577    0.000901
578    0.000773
579    0.00075
580    0.000757
581    0.000746
582    0.000955
583    0.001391
584    0.001375
585    0.000768
586    0.000816
587    0.000819
588    0.000786
589    0.000794
590    0.000784
591    0.000806
592    0.001125
593    0.001074
594    0.000777
595    0.001281
596    0.000771
597    0.0014
598    0.00077
599    0.000772
600    0.00078
601    0.001381
602    0.001174
603    0.001145
604    0.001339
605    0.001323
606    0.000732
607    0.001059
608    0.000739
609    0.000772
610    0.001401
611    0.001411
612    0.001402
613    0.000808
614    0.00082
615    0.000805
616    0.000781
617    0.000782
618    0.000769
619    0.000795
620    0.00122
621    0.001248
622    0.00133
623    0.001377
624    0.001379
625    0.000742
626    0.00086
627    0.000919
628    0.000796
629    0.000779
630    0.000777
631    0.000773
632    0.000886
633    0.000925
634    0.000776
635    0.000796
636    0.00077
637    0.00077
638    0.000768
639    0.000801
640    0.000797
641    0.000809
642    0.001143
643    0.000774
644    0.001398
645    0.001439
646    0.000876
647    0.000772
648    0.000783
649    0.000773
650    0.001454
651    0.000754
652    0.000741
653    0.000738
654    0.000733
655    0.000852
656    0.000881
657    0.000822
658    0.000765
659    0.000813
660    0.001411
661    0.001412
662    0.000789
663    0.000805
664    0.000778
665    0.000769
666    0.000812
667    0.001413
668    0.001307
669    0.000772
670    0.000788
671    0.000947
672    0.000768
673    0.000765
674    0.00117
675    0.001414
676    0.001398
677    0.001402
678    0.00077
679    0.000769
680    0.00077
681    0.000786
682    0.001405
683    0.000771
684    0.000799
685    0.000767
686    0.000815
687    0.00137
688    0.000765
689    0.001415
690    0.000766
691    0.001295
692    0.000791
693    0.001414
694    0.000819
695    0.000839
696    0.000749
697    0.000737
698    0.000734
699    0.000746
700    0.000788
701    0.000753
702    0.001404
703    0.000747
704    0.001225
705    0.000766
706    0.000803
707    0.000753
708    0.000816
709    0.000886
710    0.000763
711    0.000809
712    0.001361
713    0.001051
714    0.000749
715    0.000863
716    0.000945
717    0.000824
718    0.000776
719    0.000847
720    0.000771
721    0.000783
722    0.000778
723    0.000782
724    0.000865
725    0.00077
726    0.000763
727    0.000849
728    0.001469
729    0.00077
730    0.000913
731    0.001101
732    0.000809
733    0.000763
734    0.00079
735    0.001138
736    0.000879
737    0.000746
738    0.000734
739    0.00088
740    0.000757
741    0.000756
742    0.001336
743    0.000742
744    0.000744
745    0.000813
746    0.000775
747    0.000771
748    0.000785
749    0.001397
750    0.001369
751    0.001238
752    0.001079
753    0.001392
754    0.000965
755    0.000772
756    0.001402
757    0.001419
758    0.000798
759    0.000765
760    0.000774
761    0.00077
762    0.000735
763    0.000797
764    0.000739
765    0.001342
766    0.000757
767    0.000879
768    0.001372
769    0.000771
770    0.000755
771    0.000743
772    0.000765
773    0.000934
774    0.000785
775    0.000915
776    0.000776
777    0.000782
778    0.001376
779    0.001212
780    0.001324
781    0.000805
782    0.001293
783    0.000779
784    0.001414
785    0.000772
786    0.000759
787    0.00073
788    0.001348
789    0.000739
790    0.000744
791    0.000739
792    0.000737
793    0.000771
794    0.000739
795    0.000771
796    0.001257
797    0.001256
798    0.00075
799    0.000761
800    0.000845
801    0.001305
802    0.00077
803    0.000892
804    0.000776
805    0.000782
806    0.000765
807    0.000778
808    0.000785
809    0.000902
810    0.000811
811    0.000812
812    0.000804
813    0.000785
814    0.000786
815    0.000845
816    0.000765
817    0.000758
818    0.000744
819    0.000754
820    0.00136
821    0.000755
822    0.00074
823    0.001052
824    0.00083
825    0.000878
826    0.000775
827    0.001061
828    0.000762
829    0.000791
830    0.00095
831    0.00078
832    0.00077
833    0.001037
834    0.000743
835    0.00095
836    0.000865
837    0.000767
838    0.000765
839    0.000766
840    0.000756
841    0.000824
842    0.000735
843    0.000733
844    0.000743
845    0.00077
846    0.000759
847    0.000761
848    0.001219
849    0.000733
850    0.00117
851    0.000881
852    0.001424
853    0.001346
854    0.001346
855    0.001346
856    0.00135
857    0.000806
858    0.000712
859    0.000754
860    0.000842
861    0.000855
862    0.00078
863    0.001
864    0.000967
865    0.000775
866    0.000772
867    0.000769
868    0.00138
869    0.000792
870    0.00086
871    0.000768
872    0.000772
873    0.000767
874    0.000905
875    0.00078
876    0.000781
877    0.00089
878    0.000778
879    0.000773
880    0.000876
881    0.000772
882    0.000783
883    0.0008
884    0.000802
885    0.00079
886    0.000789
887    0.000781
888    0.000854
889    0.000798
890    0.000766
891    0.000804
892    0.000781
893    0.000784
894    0.000747
895    0.000742
896    0.001334
897    0.001172
898    0.000807
899    0.000952
900    0.000783
901    0.001324
902    0.001325
903    0.001231
904    0.001379
905    0.001388
906    0.001011
907    0.000875
908    0.000762
909    0.000763
910    0.000763
911    0.000764
912    0.000769
913    0.000788
914    0.000805
915    0.000793
916    0.000774
917    0.000817
918    0.000815
919    0.000771
920    0.000782
921    0.00078
922    0.000948
923    0.000765
924    0.001063
925    0.000769
926    0.000769
927    0.000883
928    0.000803
929    0.000776
930    0.000797
931    0.00138
932    0.001353
933    0.000739
934    0.001326
935    0.000739
936    0.000736
937    0.001343
938    0.00073
939    0.000743
940    0.00106
941    0.000793
942    0.000804
943    0.001384
944    0.000769
945    0.000759
946    0.000781
947    0.000762
948    0.000915
949    0.000786
950    0.000756
951    0.001369
952    0.00074
953    0.000833
954    0.000746
955    0.000742
956    0.000738
957    0.000741
958    0.000841
959    0.000755
960    0.000788
961    0.000776
962    0.000798
963    0.000866
964    0.000817
965    0.000893
966    0.000806
967    0.000784
968    0.000902
969    0.000767
970    0.000788
971    0.00092
972    0.001408
973    0.000773
974    0.000809
975    0.000775
976    0.000865
977    0.000778
978    0.000774
979    0.000773
980    0.000794
981    0.000769
982    0.000988
983    0.001102
984    0.000988
985    0.000767
986    0.001369
987    0.001122
988    0.000766
989    0.000769
990    0.000874
991    0.000853
992    0.000788
993    0.001145
994    0.00077
995    0.000836
996    0.000768
997    0.000773
998    0.000771
999    0.001415
1000    0.000777
1001    0.001355
1002    0.001411
1003    0.001297
1004    0.00142
1005    0.001385
1006    0.001377
1007    0.000768
1008    0.000774
1009    0.000758
1010    0.00076
1011    0.000882
1012    0.000761
1013    0.000804
1014    0.000781
1015    0.000782
1016    0.000774
1017    0.000769
1018    0.00078
1019    0.000879
1020    0.00077
1021    0.001335
1022    0.001328
1023    0.001327
1024    0.001311
1025    0.00074
1026    0.000763
1027    0.000775
1028    0.000776
1029    0.000768
1030    0.000773
1031    0.000918
1032    0.001399
1033    0.00078
1034    0.000776
1035    0.000771
1036    0.000783
1037    0.000774
1038    0.001208
1039    0.000778
1040    0.001252
1041    0.000767
1042    0.00078
1043    0.000866
1044    0.000819
1045    0.000769
1046    0.000814
1047    0.000777
1048    0.000766
1049    0.000809
1050    0.000804
1051    0.001375
1052    0.001411
1053    0.001382
1054    0.001318
1055    0.00073
1056    0.000741
1057    0.000768
1058    0.000764
1059    0.000761
1060    0.000763
1061    0.001114
1062    0.000765
1063    0.000872
1064    0.000736
1065    0.000736
1066    0.001093
1067    0.000737
1068    0.000735
1069    0.000816
1070    0.000804
1071    0.000779
1072    0.000824
1073    0.000786
1074    0.000804
1075    0.000821
1076    0.000786
1077    0.00127
1078    0.000802
1079    0.000769
1080    0.000785
1081    0.000878
1082    0.000835
1083    0.000772
1084    0.001392
1085    0.000793
1086    0.000818
1087    0.000776
1088    0.000775
1089    0.001285
1090    0.001262
1091    0.00122
1092    0.000777
1093    0.000779
1094    0.000774
1095    0.000782
1096    0.000782
1097    0.000785
1098    0.000818
1099    0.000771
1100    0.000771
1101    0.00143
1102    0.000785
1103    0.000773
1104    0.000739
1105    0.001019
1106    0.000746
1107    0.000733
1108    0.000767
1109    0.000773
1110    0.001136
1111    0.000773
1112    0.000765
1113    0.000774
1114    0.00138
1115    0.000783
1116    0.000781
1117    0.000771
1118    0.000795
1119    0.000799
1120    0.0008
1121    0.000807
1122    0.001403
1123    0.00143
1124    0.001276
1125    0.000768
1126    0.000761
1127    0.000881
1128    0.000776
1129    0.000887
1130    0.000892
1131    0.00078
1132    0.000942
1133    0.000775
1134    0.00074
1135    0.000767
1136    0.000742
1137    0.000753
1138    0.000743
1139    0.000775
1140    0.001404
1141    0.000737
1142    0.000754
1143    0.001137
1144    0.001095
1145    0.001091
1146    0.001343
1147    0.000735
1148    0.000741
1149    0.000772
1150    0.000781
1151    0.000772
1152    0.000867
1153    0.000795
1154    0.000775
1155    0.000777
1156    0.00073
1157    0.000735
1158    0.000734
1159    0.000737
1160    0.000766
1161    0.000765
1162    0.000761
1163    0.000755
1164    0.000769
1165    0.000869
1166    0.000758
1167    0.000759
1168    0.000793
1169    0.000768
1170    0.000761
1171    0.000773
1172    0.001003
1173    0.000772
1174    0.000772
1175    0.000782
1176    0.000773
1177    0.000779
1178    0.000771
1179    0.001522
1180    0.001433
1181    0.001509
1182    0.000777
1183    0.000775
1184    0.000765
1185    0.000764
1186    0.000863
1187    0.000772
1188    0.001384
1189    0.00101
1190    0.000798
1191    0.000811
1192    0.001423
1193    0.000792
1194    0.000758
1195    0.000757
1196    0.000793
1197    0.000914
1198    0.000782
1199    0.000756
1200    0.000758
1201    0.001354
1202    0.001333
1203    0.001333
1204    0.000736
1205    0.00086
1206    0.000739
1207    0.000735
1208    0.000735
1209    0.000729
1210    0.000748
1211    0.000772
1212    0.00077
1213    0.000773
1214    0.00077
1215    0.000763
1216    0.000845
1217    0.000769
1218    0.000757
1219    0.000774
1220    0.000776
1221    0.000852
1222    0.000768
1223    0.000792
1224    0.000912
1225    0.000793
1226    0.000801
1227    0.000765
1228    0.000878
1229    0.000882
1230    0.000887
1231    0.000778
1232    0.000784
1233    0.000795
1234    0.000782
1235    0.001386
1236    0.000785
1237    0.000774
1238    0.001155
1239    0.000792
1240    0.001261
1241    0.000773
1242    0.000771
1243    0.000887
1244    0.000787
1245    0.000765
1246    0.000811
1247    0.001322
1248    0.00135
1249    0.00135
1250    0.001326
1251    0.001353
1252    0.000823
1253    0.000741
1254    0.000775
1255    0.00084
1256    0.000836
1257    0.000738
1258    0.000768
1259    0.000765
1260    0.000782
1261    0.000756
1262    0.000744
1263    0.000735
1264    0.000729
1265    0.000771
1266    0.000767
1267    0.000771
1268    0.000764
1269    0.000762
1270    0.000772
1271    0.001399
1272    0.000764
1273    0.000768
1274    0.000784
1275    0.000733
1276    0.000751
1277    0.000774
1278    0.000757
1279    0.000761
1280    0.000795
1281    0.000763
1282    0.000765
1283    0.0008
1284    0.000764
1285    0.000763
1286    0.000762
1287    0.000773
1288    0.00078
1289    0.000768
1290    0.000758
1291    0.000803
1292    0.000807
1293    0.000776
1294    0.000761
1295    0.000774
1296    0.000775
1297    0.000769
1298    0.000754
1299    0.000798
1300    0.00077
1301    0.000758
1302    0.000734
1303    0.000849
1304    0.001186
1305    0.000763
1306    0.000795
1307    0.000758
1308    0.000758
1309    0.000763
1310    0.000764
1311    0.000875
1312    0.000825
1313    0.001116
1314    0.000793
1315    0.000827
1316    0.001139
1317    0.000948
1318    0.000818
1319    0.001457
1320    0.00125
1321    0.000959
1322    0.000781
1323    0.000776
1324    0.00076
1325    0.000764
1326    0.000755
1327    0.001382
1328    0.000774
1329    0.000764
1330    0.000764
1331    0.001237
1332    0.000831
1333    0.000919
1334    0.000834
1335    0.00077
1336    0.00077
1337    0.000774
1338    0.000765
1339    0.000743
1340    0.000756
1341    0.000768
1342    0.001215
1343    0.001335
1344    0.000746
1345    0.001208
1346    0.001088
1347    0.001129
1348    0.000755
1349    0.000741
1350    0.000759
1351    0.000865
1352    0.000742
1353    0.001354
1354    0.001376
1355    0.000745
1356    0.001426
1357    0.000764
1358    0.000806
1359    0.00086
1360    0.001088
1361    0.001326
1362    0.000936
1363    0.000765
1364    0.000802
1365    0.000863
1366    0.001398
1367    0.000796
1368    0.001425
1369    0.001379
1370    0.001332
1371    0.000977
1372    0.00096
1373    0.000743
1374    0.000755
1375    0.000805
1376    0.000767
1377    0.000763
1378    0.000803
1379    0.0008
1380    0.001391
1381    0.000813
1382    0.001062
1383    0.000775
1384    0.000768
1385    0.000775
1386    0.000774
1387    0.000774
1388    0.000772
1389    0.000788
1390    0.000772
1391    0.000782
1392    0.000774
1393    0.000768
1394    0.000777
1395    0.001139
1396    0.001424
1397    0.000804
1398    0.000745
1399    0.000754
1400    0.000754
1401    0.000734
1402    0.001245
1403    0.001173
1404    0.001397
1405    0.001395
1406    0.001394
1407    0.00133
1408    0.001334
1409    0.001336
1410    0.00133
1411    0.001337
1412    0.001335
1413    0.001341
1414    0.001342
1415    0.00134
1416    0.000747
1417    0.000794
1418    0.000778
1419    0.000772
1420    0.000774
1421    0.000779
1422    0.000773
1423    0.00077
1424    0.000769
1425    0.000737
1426    0.000902
1427    0.000781
1428    0.001512
1429    0.00136
1430    0.000829
1431    0.000941
1432    0.000755
1433    0.000955
1434    0.000774
1435    0.000809
1436    0.001401
1437    0.000777
1438    0.000746
1439    0.000806
1440    0.000771
1441    0.001407
1442    0.001338
1443    0.000755
1444    0.001342
1445    0.000972
1446    0.000776
1447    0.001453
1448    0.000842
1449    0.000782
1450    0.001269
1451    0.001236
1452    0.001632
1453    0.001124
1454    0.001604
1455    0.001273
1456    0.001579
1457    0.001578
1458    0.001491
1459    0.001477
1460    0.001555
1461    0.00119
1462    0.001063
1463    0.000901
1464    0.001534
1465    0.001384
1466    0.001558
1467    0.001055
1468    0.001258
1469    0.001245
1470    0.001567
1471    0.001029
1472    0.001319
1473    0.000903
1474    0.001027
1475    0.001161
1476    0.001619
1477    0.001297
1478    0.00088
1479    0.000888
1480    0.001027
1481    0.000833
1482    0.001461
1483    0.000778
1484    0.000827
1485    0.000801
1486    0.000841
1487    0.001451
1488    0.001057
1489    0.001508
1490    0.001501
1491    0.00155
1492    0.001426
1493    0.001529
1494    0.001528
1495    0.001412
1496    0.001484
1497    0.001359
1498    0.001399
1499    0.001523
1500    0.001356
1501    0.001031
1502    0.001161
1503    0.002507
1504    0.001173
1505    0.001604
1506    0.001033
1507    0.001457
1508    0.001496
1509    0.001483
1510    0.001056
1511    0.000814
1512    0.000796
1513    0.000815
1514    0.001284
1515    0.001177
1516    0.001629
1517    0.001549
1518    0.00162
1519    0.001529
1520    0.001471
1521    0.001636
1522    0.001558
1523    0.001474
1524    0.001598
1525    0.001537
1526    0.001591
1527    0.001579
1528    0.00159
1529    0.001462
1530    0.001531
1531    0.001071
1532    0.001529
1533    0.001167
1534    0.000918
1535    0.001512
1536    0.001199
1537    0.000903
1538    0.000858
1539    0.000853
1540    0.000977
1541    0.001332
1542    0.001668
1543    0.001264
1544    0.000963
1545    0.00171
1546    0.001688
1547    0.001215
1548    0.001606
1549    0.001248
1550    0.001518
1551    0.001528
1552    0.00157
1553    0.001099
1554    0.001516
1555    0.00147
1556    0.001505
1557    0.000955
1558    0.00155
1559    0.00145
1560    0.001021
1561    0.001079
1562    0.000849
1563    0.001494
1564    0.000887
1565    0.001128
1566    0.000946
1567    0.001088
1568    0.00162
1569    0.00155
1570    0.00084
1571    0.001508
1572    0.001682
1573    0.001081
1574    0.001591
1575    0.001346
1576    0.001313
1577    0.001318
1578    0.001037
1579    0.00083
1580    0.001202
1581    0.001503
1582    0.001561
1583    0.001009
1584    0.001595
1585    0.001618
1586    0.001531
1587    0.001641
1588    0.001197
1589    0.001499
1590    0.001604
1591    0.001619
1592    0.001639
1593    0.001104
1594    0.001046
1595    0.001644
1596    0.001558
1597    0.001576
1598    0.001634
1599    0.001629
1600    0.001513
1601    0.000923
1602    0.001553
1603    0.001464
1604    0.001575
1605    0.001541
1606    0.000883
1607    0.001323
1608    0.001659
1609    0.001611
1610    0.001598
1611    0.00159
1612    0.001727
1613    0.001643
1614    0.000956
1615    0.000884
1616    0.001502
1617    0.000838
1618    0.000986
1619    0.001157
1620    0.001503
1621    0.00153
1622    0.001479
1623    0.000929
1624    0.000788
1625    0.000902
1626    0.001455
1627    0.001459
1628    0.00097
1629    0.001611
1630    0.000934
1631    0.001543
1632    0.001364
1633    0.000983
1634    0.000868
1635    0.0012
1636    0.000835
1637    0.000901
1638    0.001049
1639    0.001537
1640    0.001532
1641    0.000816
1642    0.001443
1643    0.001419
1644    0.001161
1645    0.001441
1646    0.001451
1647    0.00118
1648    0.000806
1649    0.000799
1650    0.001401
1651    0.001075
1652    0.000979
1653    0.000782
1654    0.00082
1655    0.001398
1656    0.00142
1657    0.000795
1658    0.001343
1659    0.000753
1660    0.000813
1661    0.001371
1662    0.000752
1663    0.000773
1664    0.001111
1665    0.000759
1666    0.000771
1667    0.001121
1668    0.000887
1669    0.000791
1670    0.001063
1671    0.000978
1672    0.000787
1673    0.00077
1674    0.001306
1675    0.001322
1676    0.00138
1677    0.001448
1678    0.001407
1679    0.001435
1680    0.001349
1681    0.000776
1682    0.000884
1683    0.001166
1684    0.000851
1685    0.000779
1686    0.000823
1687    0.000814
1688    0.001397
1689    0.00141
1690    0.00141
1691    0.001392
1692    0.00142
1693    0.001098
1694    0.001077
1695    0.00114
1696    0.001048
1697    0.00074
1698    0.000757
1699    0.00092
1700    0.000852
1701    0.000763
1702    0.000751
1703    0.001062
1704    0.000783
1705    0.000734
1706    0.000868
1707    0.000769
1708    0.000763
1709    0.000813
1710    0.00072
1711    0.001309
1712    0.000774
1713    0.000747
1714    0.000733
1715    0.000756
1716    0.00133
1717    0.000736
1718    0.000765
1719    0.000751
1720    0.000766
1721    0.001332
1722    0.00128
1723    0.001312
1724    0.000721
1725    0.00072
1726    0.000719
1727    0.000882
1728    0.000718
1729    0.001281
1730    0.000738
1731    0.000749
1732    0.000739
1733    0.000709
1734    0.000744
1735    0.000737
1736    0.000755
1737    0.000731
1738    0.001172
1739    0.001269
1740    0.001286
1741    0.000688
1742    0.000728
1743    0.000738
1744    0.000714
1745    0.000741
1746    0.000725
1747    0.000743
1748    0.001349
1749    0.000808
1750    0.000922
1751    0.000725
1752    0.000855
1753    0.001302
1754    0.000734
1755    0.000722
1756    0.00077
1757    0.001262
1758    0.001245
1759    0.001297
1760    0.001251
1761    0.001273
1762    0.001313
1763    0.000684
1764    0.000708
1765    0.000726
1766    0.000722
1767    0.000729
1768    0.000696
1769    0.000701
1770    0.000723
1771    0.000811
1772    0.000746
1773    0.001199
1774    0.000707
1775    0.000725
1776    0.000786
1777    0.000715
1778    0.000719
1779    0.00074
1780    0.000729
1781    0.00074
1782    0.000802
1783    0.000795
1784    0.000776
1785    0.000868
1786    0.00075
1787    0.000768
1788    0.000772
1789    0.001127
1790    0.000776
1791    0.000921
1792    0.000802
1793    0.000786
1794    0.000715
1795    0.000719
1796    0.000829
1797    0.000715
1798    0.00127
1799    0.00076
1800    0.000718
1801    0.000754
1802    0.001004
1803    0.000752
1804    0.00123
1805    0.001138
1806    0.000713
1807    0.000793
1808    0.00071
1809    0.000791
1810    0.000738
1811    0.0009
1812    0.000705
1813    0.000788
1814    0.000861
1815    0.000789
1816    0.000786
1817    0.000863
1818    0.00074
1819    0.000779
1820    0.000718
1821    0.001336
1822    0.000705
1823    0.000771
1824    0.000709
1825    0.000736
1826    0.000753
1827    0.000728
1828    0.000874
1829    0.000827
1830    0.001323
1831    0.001295
1832    0.00077
1833    0.000851
1834    0.001363
1835    0.001394
1836    0.000845
1837    0.001065
1838    0.001395
1839    0.001429
1840    0.000796
1841    0.000829
1842    0.001315
1843    0.0009
1844    0.001263
1845    0.001378
1846    0.001459
1847    0.001495
1848    0.001486
1849    0.001467
1850    0.000864
1851    0.000887
1852    0.000929
1853    0.001568
1854    0.000864
1855    0.001346
1856    0.00149
1857    0.001382
1858    0.001172
1859    0.001444
1860    0.001485
1861    0.000823
1862    0.001583
1863    0.001593
1864    0.001631
1865    0.000936
1866    0.000958
1867    0.000858
1868    0.001467
1869    0.001523
1870    0.001489
1871    0.001003
1872    0.00086
1873    0.000809
1874    0.001477
1875    0.001416
1876    0.000817
1877    0.000797
1878    0.000848
1879    0.001065
1880    0.000849
1881    0.001589
1882    0.000853
1883    0.001458
1884    0.000892
1885    0.000893
1886    0.000839
1887    0.001468
1888    0.000887
1889    0.001456
1890    0.000919
1891    0.001492
1892    0.001476
1893    0.001478
1894    0.000953
1895    0.000832
1896    0.000972
1897    0.001423
1898    0.001394
1899    0.000902
1900    0.001586
1901    0.000949
1902    0.000836
1903    0.000837
1904    0.000784
1905    0.000835
1906    0.000806
1907    0.000745
1908    0.00077
1909    0.000779
1910    0.000747
1911    0.000859
1912    0.000756
1913    0.001296
1914    0.000799
1915    0.001169
1916    0.00123
1917    0.000718
1918    0.00131
1919    0.000719
1920    0.001343
1921    0.000739
1922    0.000715
1923    0.000786
1924    0.000793
1925    0.000743
1926    0.000711
1927    0.000698
1928    0.000734
1929    0.000704
1930    0.000865
1931    0.001039
1932    0.000718
1933    0.000942
1934    0.000715
1935    0.000741
1936    0.001284
1937    0.000726
1938    0.000747
1939    0.000768
1940    0.00073
1941    0.000786
1942    0.000728
1943    0.000775
1944    0.000724
1945    0.00098
1946    0.000727
1947    0.001414
1948    0.00086
1949    0.000753
1950    0.001299
1951    0.001272
1952    0.000705
1953    0.001341
1954    0.001267
1955    0.000705
1956    0.001352
1957    0.000757
1958    0.000721
1959    0.001286
1960    0.00121
1961    0.000692
1962    0.000746
1963    0.000736
1964    0.000675
1965    0.000692
1966    0.000689
1967    0.0007
1968    0.000699
1969    0.001223
1970    0.000714
1971    0.000919
1972    0.001301
1973    0.001225
1974    0.001287
1975    0.001274
1976    0.001194
1977    0.000697
1978    0.000679
1979    0.00069
1980    0.000683
1981    0.000668
1982    0.000666
1983    0.000669
1984    0.00067
1985    0.000653
1986    0.000656
1987    0.000667
1988    0.000645
1989    0.000643
1990    0.000644
1991    0.000657
1992    0.000653
1993    0.000737
1994    0.000752
1995    0.000653
1996    0.000652
1997    0.000827
1998    0.000641
1999    0.000654
2000    0.000646
