1    0.00046
2    0.000347
3    0.000441
4    0.000424
5    0.000445
6    0.000386
7    0.000471
8    0.000504
9    0.000319
10    0.000455
11    0.00056
12    0.000546
13    0.000546
14    0.000578
15    0.00057
16    0.000577
17    0.000566
18    0.000617
19    0.0006
20    0.000559
21    0.000612
22    0.000568
23    0.00056
24    0.000553
25    0.000552
26    0.000548
27    0.000566
28    0.000556
29    0.000557
30    0.000582
31    0.000559
32    0.000558
33    0.000569
34    0.000549
35    0.000552
36    0.000558
37    0.000559
38    0.000554
39    0.000591
40    0.000553
41    0.000548
42    0.000606
43    0.000553
44    0.000585
45    0.000549
46    0.000726
47    0.000547
48    0.000722
49    0.000555
50    0.000554
51    0.000582
52    0.000571
53    0.000996
54    0.000573
55    0.000575
56    0.001009
57    0.000573
58    0.000558
59    0.000563
60    0.00094
61    0.000556
62    0.000563
63    0.000561
64    0.000979
65    0.000559
66    0.000547
67    0.000537
68    0.00055
69    0.000958
70    0.000557
71    0.000562
72    0.000662
73    0.000857
74    0.000555
75    0.000561
76    0.000562
77    0.000984
78    0.000559
79    0.000573
80    0.00057
81    0.000968
82    0.000569
83    0.000564
84    0.000569
85    0.000615
86    0.000944
87    0.000617
88    0.000549
89    0.000548
90    0.000538
91    0.000547
92    0.00097
93    0.000591
94    0.000545
95    0.000543
96    0.000538
97    0.000539
98    0.000985
99    0.000583
100    0.000939
101    0.000568
102    0.00057
103    0.00096
104    0.000568
105    0.000554
106    0.000551
107    0.000554
108    0.001002
109    0.000546
110    0.000552
111    0.000531
112    0.000542
113    0.000536
114    0.000531
115    0.000939
116    0.000533
117    0.000541
118    0.000539
119    0.000524
120    0.000534
121    0.000551
122    0.000559
123    0.00058
124    0.000554
125    0.00056
126    0.000594
127    0.000557
128    0.000562
129    0.000553
130    0.000553
131    0.000559
132    0.000554
133    0.000556
134    0.000569
135    0.000561
136    0.000578
137    0.000631
138    0.000553
139    0.000574
140    0.00057
141    0.000573
142    0.000579
143    0.000554
144    0.000591
145    0.000556
146    0.000584
147    0.000548
148    0.000589
149    0.000595
150    0.000581
151    0.000593
152    0.000586
153    0.000623
154    0.000676
155    0.000571
156    0.000568
157    0.000576
158    0.000553
159    0.000573
160    0.000558
161    0.000585
162    0.000611
163    0.000621
164    0.000561
165    0.000565
166    0.000562
167    0.000565
168    0.000562
169    0.000573
170    0.00056
171    0.000584
172    0.000566
173    0.000553
174    0.00055
175    0.00055
176    0.000557
177    0.000557
178    0.00054
179    0.000539
180    0.000551
181    0.000549
182    0.000543
183    0.000538
184    0.000544
185    0.000563
186    0.000623
187    0.000554
188    0.000551
189    0.00054
190    0.000548
191    0.000542
192    0.000557
193    0.000548
194    0.000548
195    0.000543
196    0.000554
197    0.000543
198    0.000541
199    0.000547
200    0.000551
201    0.000587
202    0.00063
203    0.000643
204    0.000643
205    0.000572
206    0.000581
207    0.000693
208    0.000569
209    0.000555
210    0.000552
211    0.000547
212    0.00057
213    0.000581
214    0.000556
215    0.000549
216    0.000582
217    0.000557
218    0.000564
219    0.000556
220    0.000551
221    0.000548
222    0.000548
223    0.000544
224    0.000536
225    0.000614
226    0.000813
227    0.000591
228    0.000544
229    0.000622
230    0.000538
231    0.000537
232    0.000537
233    0.000942
234    0.00055
235    0.000571
236    0.000664
237    0.000626
238    0.000604
239    0.000589
240    0.000595
241    0.000605
242    0.000626
243    0.00061
244    0.000572
245    0.000571
246    0.000571
247    0.000569
248    0.000597
249    0.000694
250    0.000589
251    0.00061
252    0.000597
253    0.000608
254    0.000572
255    0.000569
256    0.000569
257    0.000555
258    0.000558
259    0.000594
260    0.000579
261    0.000608
262    0.000595
263    0.000573
264    0.000574
265    0.000571
266    0.000566
267    0.000565
268    0.000577
269    0.00056
270    0.000566
271    0.001027
272    0.00056
273    0.00062
274    0.000608
275    0.000581
276    0.000565
277    0.000569
278    0.000564
279    0.000561
280    0.000555
281    0.000566
282    0.000562
283    0.000552
284    0.000583
285    0.000559
286    0.000553
287    0.000554
288    0.000544
289    0.000532
290    0.000534
291    0.000542
292    0.001062
293    0.000595
294    0.000659
295    0.000616
296    0.000611
297    0.000609
298    0.000643
299    0.000635
300    0.000626
301    0.000696
302    0.000644
303    0.000591
304    0.0006
305    0.000604
306    0.000584
307    0.000576
308    0.000634
309    0.000641
310    0.000612
311    0.000595
312    0.000597
313    0.000591
314    0.000558
315    0.000622
316    0.000574
317    0.00055
318    0.000583
319    0.000575
320    0.000602
321    0.000538
322    0.000546
323    0.000542
324    0.000562
325    0.000612
326    0.000565
327    0.000582
328    0.000574
329    0.000544
330    0.000583
331    0.000541
332    0.00054
333    0.000546
334    0.000543
335    0.000549
336    0.000558
337    0.000537
338    0.000544
339    0.000553
340    0.000529
341    0.000527
342    0.000529
343    0.000524
344    0.000563
345    0.000586
346    0.000594
347    0.000542
348    0.000542
349    0.000552
350    0.00054
351    0.000563
352    0.000572
353    0.000563
354    0.000563
355    0.000559
356    0.000561
357    0.000662
358    0.000578
359    0.000571
360    0.000571
361    0.000561
362    0.000551
363    0.000557
364    0.000559
365    0.000552
366    0.000553
367    0.000552
368    0.000556
369    0.000535
370    0.000549
371    0.000538
372    0.000541
373    0.000535
374    0.000542
375    0.000539
376    0.000546
377    0.000536
378    0.000576
379    0.000588
380    0.000558
381    0.000539
382    0.00057
383    0.000569
384    0.000543
385    0.00054
386    0.000532
387    0.000547
388    0.000563
389    0.000525
390    0.000524
391    0.000526
392    0.000526
393    0.000566
394    0.000564
395    0.000536
396    0.000523
397    0.000547
398    0.000543
399    0.000544
400    0.000547
401    0.000557
402    0.000557
403    0.000559
404    0.000559
405    0.000561
406    0.000553
407    0.000557
408    0.000552
409    0.000564
410    0.00054
411    0.000538
412    0.000542
413    0.00055
414    0.000541
415    0.000554
416    0.000593
417    0.000577
418    0.000557
419    0.000562
420    0.000552
421    0.000605
422    0.00054
423    0.000544
424    0.000541
425    0.000546
426    0.000543
427    0.000538
428    0.000538
429    0.000536
430    0.000536
431    0.000562
432    0.000539
433    0.000536
434    0.000554
435    0.000533
436    0.000539
437    0.000531
438    0.000552
439    0.000561
440    0.000542
441    0.000566
442    0.000535
443    0.000534
444    0.000535
445    0.000539
446    0.000535
447    0.000539
448    0.000526
449    0.000544
450    0.000547
451    0.000709
452    0.00111
453    0.00065
454    0.000651
455    0.001119
456    0.000658
457    0.001258
458    0.001218
459    0.000655
460    0.000651
461    0.000649
462    0.000639
463    0.000648
464    0.000641
465    0.000642
466    0.000648
467    0.000655
468    0.000662
469    0.001198
470    0.001275
471    0.000715
472    0.000732
473    0.00073
474    0.001291
475    0.00128
476    0.000687
477    0.000688
478    0.000706
479    0.000693
480    0.000767
481    0.000666
482    0.000779
483    0.00129
484    0.001278
485    0.000963
486    0.000783
487    0.000755
488    0.000754
489    0.000799
490    0.000798
491    0.000816
492    0.000819
493    0.000849
494    0.000779
495    0.000752
496    0.000709
497    0.000717
498    0.000685
499    0.000683
500    0.000689
501    0.000607
502    0.00061
503    0.000597
504    0.000587
505    0.000583
506    0.000585
507    0.000571
508    0.000581
509    0.000573
510    0.000554
511    0.000568
512    0.00056
513    0.000551
514    0.000549
515    0.000532
516    0.000537
517    0.000541
518    0.000536
519    0.000541
520    0.000545
521    0.000542
522    0.00058
523    0.000538
524    0.000603
525    0.000533
526    0.000593
527    0.001019
528    0.000603
529    0.001032
530    0.000622
531    0.000622
532    0.00076
533    0.000592
534    0.000589
535    0.001002
536    0.000576
537    0.000577
538    0.000558
539    0.00057
540    0.000636
541    0.000578
542    0.000679
543    0.000959
544    0.000561
545    0.000545
546    0.000555
547    0.000562
548    0.000543
549    0.000665
550    0.000843
551    0.000545
552    0.000543
553    0.000543
554    0.000881
555    0.000927
556    0.000537
557    0.00055
558    0.000545
559    0.000634
560    0.000563
561    0.000553
562    0.000758
563    0.000557
564    0.000563
565    0.000565
566    0.000581
567    0.00056
568    0.000572
569    0.000556
570    0.000559
571    0.000557
572    0.000561
573    0.000546
574    0.000545
575    0.000544
576    0.000545
577    0.000548
578    0.000552
579    0.000575
580    0.000547
581    0.000545
582    0.000558
583    0.000563
584    0.000549
585    0.000563
586    0.000559
587    0.000542
588    0.000556
589    0.000572
590    0.000567
591    0.000664
592    0.000679
593    0.000973
594    0.000841
595    0.000552
596    0.000534
597    0.000561
598    0.000542
599    0.000555
600    0.000558
601    0.000576
602    0.000564
603    0.000586
604    0.000558
605    0.000552
606    0.000553
607    0.000537
608    0.000544
609    0.000542
610    0.000532
611    0.000523
612    0.00055
613    0.000529
614    0.000533
615    0.000537
616    0.000571
617    0.000653
618    0.00052
619    0.00053
620    0.000518
621    0.00052
622    0.000523
623    0.000546
624    0.000541
625    0.000544
626    0.000536
627    0.000534
628    0.000753
629    0.000554
630    0.000556
631    0.00054
632    0.000537
633    0.000533
634    0.000601
635    0.000552
636    0.000543
637    0.00059
638    0.000548
639    0.000546
640    0.000535
641    0.000518
642    0.000531
643    0.000523
644    0.000527
645    0.000523
646    0.000522
647    0.000532
648    0.000531
649    0.000527
650    0.000526
651    0.000556
652    0.000559
653    0.000563
654    0.000545
655    0.000541
656    0.00053
657    0.000543
658    0.00054
659    0.00055
660    0.000535
661    0.000536
662    0.000543
663    0.000527
664    0.000524
665    0.000527
666    0.000528
667    0.000526
668    0.000535
669    0.000522
670    0.00054
671    0.00053
672    0.000529
673    0.000543
674    0.000542
675    0.000551
676    0.000558
677    0.000576
678    0.000553
679    0.000542
680    0.000542
681    0.000548
682    0.000549
683    0.000542
684    0.000548
685    0.000533
686    0.000536
687    0.000543
688    0.000528
689    0.000528
690    0.000526
691    0.000539
692    0.000529
693    0.000566
694    0.000534
695    0.000524
696    0.000537
697    0.000533
698    0.000515
699    0.000532
700    0.000536
701    0.000571
702    0.000559
703    0.000588
704    0.000545
705    0.000542
706    0.000541
707    0.000556
708    0.000554
709    0.000532
710    0.000542
711    0.000536
712    0.000537
713    0.000545
714    0.000558
715    0.000525
716    0.000529
717    0.000547
718    0.000523
719    0.000531
720    0.000574
721    0.000566
722    0.000563
723    0.000559
724    0.000561
725    0.000579
726    0.000573
727    0.000559
728    0.000598
729    0.000541
730    0.000546
731    0.000543
732    0.000543
733    0.000548
734    0.000537
735    0.000539
736    0.000543
737    0.000542
738    0.000539
739    0.00077
740    0.000544
741    0.000547
742    0.000541
743    0.000543
744    0.000542
745    0.000588
746    0.000541
747    0.000546
748    0.000524
749    0.000689
750    0.000916
751    0.000562
752    0.000546
753    0.000555
754    0.000544
755    0.000575
756    0.00054
757    0.000547
758    0.000553
759    0.000548
760    0.000547
761    0.000531
762    0.000539
763    0.000535
764    0.000531
765    0.000533
766    0.000611
767    0.000876
768    0.000759
769    0.000561
770    0.000561
771    0.000558
772    0.00054
773    0.000553
774    0.000589
775    0.000544
776    0.000591
777    0.00054
778    0.00057
779    0.000542
780    0.000532
781    0.000547
782    0.000546
783    0.000607
784    0.000534
785    0.000636
786    0.000541
787    0.000547
788    0.00054
789    0.000525
790    0.00053
791    0.000542
792    0.000526
793    0.000588
794    0.000542
795    0.000541
796    0.000544
797    0.000538
798    0.000541
799    0.000537
800    0.000561
801    0.000619
802    0.000587
803    0.000556
804    0.000563
805    0.000556
806    0.000557
807    0.000574
808    0.000556
809    0.000565
810    0.000558
811    0.000983
812    0.000989
813    0.000561
814    0.000562
815    0.001056
816    0.001144
817    0.001254
818    0.000675
819    0.000651
820    0.00066
821    0.000706
822    0.001235
823    0.000673
824    0.000738
825    0.000648
826    0.000667
827    0.000649
828    0.000652
829    0.000648
830    0.000668
831    0.000644
832    0.000659
833    0.000828
834    0.000684
835    0.001267
836    0.001231
837    0.000729
838    0.000732
839    0.001331
840    0.000713
841    0.001311
842    0.000737
843    0.000744
844    0.000775
845    0.000716
846    0.001245
847    0.001312
848    0.000738
849    0.001331
850    0.000778
851    0.000837
852    0.000814
853    0.000851
854    0.000997
855    0.001209
856    0.001285
857    0.001238
858    0.001038
859    0.00069
860    0.000649
861    0.001089
862    0.000638
863    0.000627
864    0.00063
865    0.001008
866    0.000616
867    0.000585
868    0.000575
869    0.00058
870    0.000572
871    0.000573
872    0.000559
873    0.000573
874    0.000564
875    0.000568
876    0.000562
877    0.000567
878    0.000556
879    0.00055
880    0.000591
881    0.000601
882    0.001067
883    0.001117
884    0.000843
885    0.000656
886    0.000639
887    0.000624
888    0.000625
889    0.00063
890    0.000624
891    0.000676
892    0.000594
893    0.000574
894    0.000571
895    0.000574
896    0.000574
897    0.000553
898    0.000556
899    0.000557
900    0.000561
901    0.000582
902    0.000564
903    0.000577
904    0.000563
905    0.000559
906    0.000565
907    0.000554
908    0.000557
909    0.000546
910    0.000546
911    0.000543
912    0.000546
913    0.000548
914    0.000541
915    0.000553
916    0.000538
917    0.000538
918    0.000542
919    0.000537
920    0.000525
921    0.00053
922    0.000529
923    0.00056
924    0.000541
925    0.000531
926    0.00053
927    0.000523
928    0.000537
929    0.000526
930    0.000545
931    0.00058
932    0.00057
933    0.000555
934    0.000545
935    0.000558
936    0.000546
937    0.000575
938    0.000536
939    0.000549
940    0.00055
941    0.000523
942    0.000522
943    0.00054
944    0.000556
945    0.000555
946    0.000546
947    0.000551
948    0.000548
949    0.000523
950    0.000532
951    0.000568
952    0.00055
953    0.000563
954    0.000556
955    0.000544
956    0.000547
957    0.000542
958    0.00058
959    0.000549
960    0.000544
961    0.000551
962    0.000549
963    0.000572
964    0.000557
965    0.000541
966    0.000545
967    0.000585
968    0.000555
969    0.000543
970    0.000578
971    0.00054
972    0.000539
973    0.000542
974    0.000547
975    0.000963
976    0.000929
977    0.000537
978    0.000527
979    0.000545
980    0.000931
981    0.000724
982    0.000549
983    0.000548
984    0.00054
985    0.000543
986    0.000537
987    0.000533
988    0.000529
989    0.000528
990    0.000528
991    0.000529
992    0.000533
993    0.000523
994    0.000528
995    0.000529
996    0.000533
997    0.000925
998    0.000561
999    0.000546
1000    0.000552
1001    0.000567
1002    0.000559
1003    0.000565
1004    0.00056
1005    0.000559
1006    0.000562
1007    0.000546
1008    0.000553
1009    0.000552
1010    0.000544
1011    0.000553
1012    0.000539
1013    0.000544
1014    0.000537
1015    0.000547
1016    0.000548
1017    0.000597
1018    0.00054
1019    0.000627
1020    0.000553
1021    0.000553
1022    0.000564
1023    0.000552
1024    0.000551
1025    0.000581
1026    0.000561
1027    0.000541
1028    0.000543
1029    0.000549
1030    0.000545
1031    0.000549
1032    0.00055
1033    0.000543
1034    0.000555
1035    0.000569
1036    0.00056
1037    0.000537
1038    0.000541
1039    0.000544
1040    0.000545
1041    0.000575
1042    0.000541
1043    0.000545
1044    0.000557
1045    0.000541
1046    0.000552
1047    0.000559
1048    0.000573
1049    0.000561
1050    0.000539
1051    0.000553
1052    0.000561
1053    0.000563
1054    0.000556
1055    0.000558
1056    0.000552
1057    0.00054
1058    0.000548
1059    0.000544
1060    0.000573
1061    0.000552
1062    0.000629
1063    0.000541
1064    0.000555
1065    0.000558
1066    0.000564
1067    0.000526
1068    0.000528
1069    0.00053
1070    0.000651
1071    0.000523
1072    0.000528
1073    0.000529
1074    0.000542
1075    0.000541
1076    0.000545
1077    0.000539
1078    0.000581
1079    0.000571
1080    0.00054
1081    0.000527
1082    0.00054
1083    0.000541
1084    0.00056
1085    0.000543
1086    0.000538
1087    0.000566
1088    0.000552
1089    0.000591
1090    0.000563
1091    0.000562
1092    0.000543
1093    0.000556
1094    0.000549
1095    0.000551
1096    0.000546
1097    0.00054
1098    0.000538
1099    0.000558
1100    0.000548
1101    0.000555
1102    0.000555
1103    0.000565
1104    0.000567
1105    0.000563
1106    0.000565
1107    0.000541
1108    0.00055
1109    0.000567
1110    0.001089
1111    0.001168
1112    0.000754
1113    0.000674
1114    0.000691
1115    0.000694
1116    0.000705
1117    0.000647
1118    0.00066
1119    0.000652
1120    0.000674
1121    0.000655
1122    0.00124
1123    0.000666
1124    0.000647
1125    0.000673
1126    0.000655
1127    0.00073
1128    0.000667
1129    0.000682
1130    0.000677
1131    0.001211
1132    0.001298
1133    0.0008
1134    0.000761
1135    0.00073
1136    0.001301
1137    0.001293
1138    0.001283
1139    0.001235
1140    0.001145
1141    0.000798
1142    0.000695
1143    0.001358
1144    0.000735
1145    0.000797
1146    0.000787
1147    0.000795
1148    0.000831
1149    0.000754
1150    0.001274
1151    0.000777
1152    0.000742
1153    0.000725
1154    0.000788
1155    0.000674
1156    0.000664
1157    0.000651
1158    0.000623
1159    0.000627
1160    0.00061
1161    0.000604
1162    0.00059
1163    0.000589
1164    0.000591
1165    0.000579
1166    0.000572
1167    0.000571
1168    0.000578
1169    0.000573
1170    0.000569
1171    0.000571
1172    0.000598
1173    0.000559
1174    0.000558
1175    0.000563
1176    0.00056
1177    0.000565
1178    0.000565
1179    0.001061
1180    0.000632
1181    0.000618
1182    0.000616
1183    0.000604
1184    0.000604
1185    0.000618
1186    0.000605
1187    0.000591
1188    0.000624
1189    0.000609
1190    0.000576
1191    0.000579
1192    0.000572
1193    0.000616
1194    0.00058
1195    0.000575
1196    0.000562
1197    0.000562
1198    0.000559
1199    0.000573
1200    0.000556
1201    0.000562
1202    0.000574
1203    0.000561
1204    0.000564
1205    0.000571
1206    0.000563
1207    0.000559
1208    0.000557
1209    0.00054
1210    0.000542
1211    0.00064
1212    0.000555
1213    0.000556
1214    0.000564
1215    0.000562
1216    0.000542
1217    0.000551
1218    0.000554
1219    0.000756
1220    0.000568
1221    0.000555
1222    0.000702
1223    0.000928
1224    0.000597
1225    0.000534
1226    0.000558
1227    0.000542
1228    0.000541
1229    0.00054
1230    0.000531
1231    0.000521
1232    0.000526
1233    0.00053
1234    0.000533
1235    0.000911
1236    0.000909
1237    0.000884
1238    0.000686
1239    0.000541
1240    0.000528
1241    0.000532
1242    0.000526
1243    0.000527
1244    0.00089
1245    0.000725
1246    0.000523
1247    0.00053
1248    0.000525
1249    0.000526
1250    0.00053
1251    0.000919
1252    0.000924
1253    0.000532
1254    0.000529
1255    0.000544
1256    0.000526
1257    0.00054
1258    0.00053
1259    0.000558
1260    0.000523
1261    0.000526
1262    0.000522
1263    0.001001
1264    0.000554
1265    0.000536
1266    0.000621
1267    0.000825
1268    0.000916
1269    0.00057
1270    0.000539
1271    0.000537
1272    0.000533
1273    0.000529
1274    0.000529
1275    0.000534
1276    0.000527
1277    0.000524
1278    0.000589
1279    0.000887
1280    0.000917
1281    0.000892
1282    0.000529
1283    0.00053
1284    0.000588
1285    0.000529
1286    0.000531
1287    0.000532
1288    0.000527
1289    0.000544
1290    0.000534
1291    0.000539
1292    0.000548
1293    0.000531
1294    0.000529
1295    0.000529
1296    0.000541
1297    0.000528
1298    0.000529
1299    0.000529
1300    0.000531
1301    0.000539
1302    0.000529
1303    0.000535
1304    0.000546
1305    0.000548
1306    0.000546
1307    0.000543
1308    0.000544
1309    0.000539
1310    0.000545
1311    0.000536
1312    0.000557
1313    0.000541
1314    0.000565
1315    0.000548
1316    0.000543
1317    0.000546
1318    0.000577
1319    0.000553
1320    0.000562
1321    0.000557
1322    0.000563
1323    0.000558
1324    0.000588
1325    0.000548
1326    0.000546
1327    0.00054
1328    0.000551
1329    0.000545
1330    0.000552
1331    0.000557
1332    0.00054
1333    0.000917
1334    0.000811
1335    0.000526
1336    0.000529
1337    0.000527
1338    0.000531
1339    0.000525
1340    0.00054
1341    0.000543
1342    0.00054
1343    0.000534
1344    0.000525
1345    0.000545
1346    0.000532
1347    0.000584
1348    0.000536
1349    0.00054
1350    0.000544
1351    0.000647
1352    0.000675
1353    0.000645
1354    0.000644
1355    0.000706
1356    0.000686
1357    0.000696
1358    0.000673
1359    0.000769
1360    0.000775
1361    0.000753
1362    0.000709
1363    0.000791
1364    0.000646
1365    0.000715
1366    0.000704
1367    0.001208
1368    0.001301
1369    0.00079
1370    0.000731
1371    0.000727
1372    0.000965
1373    0.001296
1374    0.000725
1375    0.000737
1376    0.000724
1377    0.000708
1378    0.000705
1379    0.000699
1380    0.000706
1381    0.000768
1382    0.000728
1383    0.000727
1384    0.001354
1385    0.000793
1386    0.000962
1387    0.000692
1388    0.000713
1389    0.0007
1390    0.000702
1391    0.000727
1392    0.000772
1393    0.000827
1394    0.000793
1395    0.000738
1396    0.000713
1397    0.000697
1398    0.000707
1399    0.000655
1400    0.000649
1401    0.000595
1402    0.000598
1403    0.000697
1404    0.000605
1405    0.000599
1406    0.000584
1407    0.000588
1408    0.00059
1409    0.000577
1410    0.000695
1411    0.000574
1412    0.000555
1413    0.000564
1414    0.000565
1415    0.000559
1416    0.000557
1417    0.000562
1418    0.000562
1419    0.000545
1420    0.000539
1421    0.000555
1422    0.000551
1423    0.000541
1424    0.000544
1425    0.00054
1426    0.000543
1427    0.000541
1428    0.000543
1429    0.000537
1430    0.000525
1431    0.000526
1432    0.000526
1433    0.000527
1434    0.000523
1435    0.000541
1436    0.000522
1437    0.000524
1438    0.000529
1439    0.00053
1440    0.000524
1441    0.00054
1442    0.000554
1443    0.000555
1444    0.000545
1445    0.000529
1446    0.000528
1447    0.000525
1448    0.000519
1449    0.000525
1450    0.000522
1451    0.000561
1452    0.000557
1453    0.000556
1454    0.000562
1455    0.000552
1456    0.000537
1457    0.000548
1458    0.000551
1459    0.000548
1460    0.00054
1461    0.000533
1462    0.000542
1463    0.000527
1464    0.000529
1465    0.000566
1466    0.000561
1467    0.000536
1468    0.000532
1469    0.000529
1470    0.000534
1471    0.000529
1472    0.00053
1473    0.000529
1474    0.000541
1475    0.000533
1476    0.000529
1477    0.000532
1478    0.000532
1479    0.000533
1480    0.000526
1481    0.00053
1482    0.000541
1483    0.000534
1484    0.00055
1485    0.000532
1486    0.000528
1487    0.000531
1488    0.000531
1489    0.00053
1490    0.000542
1491    0.00053
1492    0.000532
1493    0.000532
1494    0.000568
1495    0.00055
1496    0.000548
1497    0.00054
1498    0.00054
1499    0.000557
1500    0.000532
1501    0.000559
1502    0.00056
1503    0.000563
1504    0.000568
1505    0.000558
1506    0.00055
1507    0.000552
1508    0.000544
1509    0.000542
1510    0.000543
1511    0.00055
1512    0.000561
1513    0.000557
1514    0.000538
1515    0.000573
1516    0.000548
1517    0.000544
1518    0.00053
1519    0.00053
1520    0.000547
1521    0.000535
1522    0.00054
1523    0.000938
1524    0.000961
1525    0.000566
1526    0.000552
1527    0.000558
1528    0.000548
1529    0.000545
1530    0.000888
1531    0.00092
1532    0.000546
1533    0.000534
1534    0.00054
1535    0.000556
1536    0.000522
1537    0.000525
1538    0.000525
1539    0.000526
1540    0.000582
1541    0.000526
1542    0.000526
1543    0.000526
1544    0.000524
1545    0.00054
1546    0.000532
1547    0.000527
1548    0.000562
1549    0.000591
1550    0.00054
1551    0.000688
1552    0.000727
1553    0.000671
1554    0.000694
1555    0.000622
1556    0.00059
1557    0.000595
1558    0.000698
1559    0.000582
1560    0.000578
1561    0.000649
1562    0.000565
1563    0.000641
1564    0.000561
1565    0.000568
1566    0.000551
1567    0.000549
1568    0.000548
1569    0.000547
1570    0.000548
1571    0.00055
1572    0.000543
1573    0.000546
1574    0.000565
1575    0.000566
1576    0.000563
1577    0.000545
1578    0.000549
1579    0.00055
1580    0.000537
1581    0.000546
1582    0.000561
1583    0.00057
1584    0.000569
1585    0.000556
1586    0.000544
1587    0.00055
1588    0.000537
1589    0.00053
1590    0.000531
1591    0.000527
1592    0.00053
1593    0.000539
1594    0.000541
1595    0.000532
1596    0.000538
1597    0.000612
1598    0.000532
1599    0.000527
1600    0.000548
1601    0.000552
1602    0.000551
1603    0.000554
1604    0.000546
1605    0.000843
1606    0.000937
1607    0.000894
1608    0.000644
1609    0.000524
1610    0.000526
1611    0.000555
1612    0.000531
1613    0.000527
1614    0.000532
1615    0.000525
1616    0.000527
1617    0.000527
1618    0.000525
1619    0.000575
1620    0.000526
1621    0.000737
1622    0.000538
1623    0.000549
1624    0.000543
1625    0.00052
1626    0.000719
1627    0.000804
1628    0.000911
1629    0.000906
1630    0.000897
1631    0.000722
1632    0.00053
1633    0.000538
1634    0.000527
1635    0.000533
1636    0.000527
1637    0.000519
1638    0.00052
1639    0.000513
1640    0.000533
1641    0.000528
1642    0.000906
1643    0.000902
1644    0.000615
1645    0.000525
1646    0.000536
1647    0.000513
1648    0.000526
1649    0.000514
1650    0.000517
1651    0.000543
1652    0.000562
1653    0.000566
1654    0.000542
1655    0.000535
1656    0.00054
1657    0.00054
1658    0.000541
1659    0.000541
1660    0.000535
1661    0.00054
1662    0.000551
1663    0.000537
1664    0.000544
1665    0.00054
1666    0.000539
1667    0.00054
1668    0.00056
1669    0.000566
1670    0.000565
1671    0.000554
1672    0.000546
1673    0.000542
1674    0.00055
1675    0.000536
1676    0.000571
1677    0.000545
1678    0.000547
1679    0.000539
1680    0.000566
1681    0.000551
1682    0.000537
1683    0.00054
1684    0.000542
1685    0.000547
1686    0.000533
1687    0.000551
1688    0.000527
1689    0.000541
1690    0.000562
1691    0.000554
1692    0.000534
1693    0.000534
1694    0.000532
1695    0.000531
1696    0.000531
1697    0.000535
1698    0.000532
1699    0.00053
1700    0.00053
1701    0.000578
1702    0.000557
1703    0.000569
1704    0.000561
1705    0.000563
1706    0.00055
1707    0.000545
1708    0.000548
1709    0.000548
1710    0.000547
1711    0.000575
1712    0.000568
1713    0.00061
1714    0.000546
1715    0.000561
1716    0.000563
1717    0.000559
1718    0.00056
1719    0.000564
1720    0.000627
1721    0.000586
1722    0.000601
1723    0.000605
1724    0.000608
1725    0.001036
1726    0.000625
1727    0.00122
1728    0.000636
1729    0.000607
1730    0.000604
1731    0.000607
1732    0.000599
1733    0.000595
1734    0.000578
1735    0.000597
1736    0.000581
1737    0.000606
1738    0.000573
1739    0.000589
1740    0.000565
1741    0.000588
1742    0.000561
1743    0.000565
1744    0.00102
1745    0.000555
1746    0.000556
1747    0.000582
1748    0.000949
1749    0.00056
1750    0.000988
1751    0.000586
1752    0.00058
1753    0.000611
1754    0.00058
1755    0.000565
1756    0.000615
1757    0.000609
1758    0.000617
1759    0.0006
1760    0.000573
1761    0.000598
1762    0.000617
1763    0.000576
1764    0.000576
1765    0.00058
1766    0.000618
1767    0.000579
1768    0.000595
1769    0.000592
1770    0.000565
1771    0.000563
1772    0.000562
1773    0.000582
1774    0.000554
1775    0.000562
1776    0.000562
1777    0.00056
1778    0.00056
1779    0.000547
1780    0.000561
1781    0.000541
1782    0.000544
1783    0.000547
1784    0.000546
1785    0.000552
1786    0.000574
1787    0.000583
1788    0.000587
1789    0.000553
1790    0.000575
1791    0.000561
1792    0.00055
1793    0.000575
1794    0.000567
1795    0.000573
1796    0.00057
1797    0.000556
1798    0.000588
1799    0.000625
1800    0.000564
1801    0.000585
1802    0.000599
1803    0.000571
1804    0.000572
1805    0.000567
1806    0.000571
1807    0.00058
1808    0.000554
1809    0.00055
1810    0.000552
1811    0.000552
1812    0.000568
1813    0.000572
1814    0.000552
1815    0.000559
1816    0.000566
1817    0.00054
1818    0.000541
1819    0.000541
1820    0.000543
1821    0.000547
1822    0.000555
1823    0.000562
1824    0.00059
1825    0.000569
1826    0.000559
1827    0.000557
1828    0.000552
1829    0.000573
1830    0.00057
1831    0.000554
1832    0.000568
1833    0.000556
1834    0.000583
1835    0.000555
1836    0.000557
1837    0.000559
1838    0.000574
1839    0.000555
1840    0.000542
1841    0.000721
1842    0.000621
1843    0.000604
1844    0.000611
1845    0.00105
1846    0.000613
1847    0.000607
1848    0.000609
1849    0.000614
1850    0.000616
1851    0.000643
1852    0.000641
1853    0.000612
1854    0.000602
1855    0.000592
1856    0.000636
1857    0.000573
1858    0.000581
1859    0.000684
1860    0.000554
1861    0.000565
1862    0.00056
1863    0.000555
1864    0.000547
1865    0.000544
1866    0.000547
1867    0.000547
1868    0.000542
1869    0.000539
1870    0.000542
1871    0.000549
1872    0.000578
1873    0.000549
1874    0.000545
1875    0.000551
1876    0.000539
1877    0.000542
1878    0.000535
1879    0.000533
1880    0.000545
1881    0.000545
1882    0.000559
1883    0.000554
1884    0.000561
1885    0.000541
1886    0.000539
1887    0.000553
1888    0.000541
1889    0.000538
1890    0.000562
1891    0.000542
1892    0.000544
1893    0.000542
1894    0.000543
1895    0.000539
1896    0.000541
1897    0.000543
1898    0.000535
1899    0.00054
1900    0.00057
1901    0.001082
1902    0.001077
1903    0.000759
1904    0.000641
1905    0.000907
1906    0.00104
1907    0.000647
1908    0.000652
1909    0.000705
1910    0.000672
1911    0.000588
1912    0.000589
1913    0.000592
1914    0.000568
1915    0.000607
1916    0.000603
1917    0.000611
1918    0.0006
1919    0.000553
1920    0.000558
1921    0.000556
1922    0.000595
1923    0.00054
1924    0.000994
1925    0.000541
1926    0.000546
1927    0.000566
1928    0.000554
1929    0.00057
1930    0.000563
1931    0.000567
1932    0.000559
1933    0.000561
1934    0.000598
1935    0.000574
1936    0.000566
1937    0.000561
1938    0.000553
1939    0.00056
1940    0.00056
1941    0.000546
1942    0.000537
1943    0.000534
1944    0.000535
1945    0.00054
1946    0.000562
1947    0.000554
1948    0.000544
1949    0.000824
1950    0.000578
1951    0.000589
1952    0.000593
1953    0.000604
1954    0.000595
1955    0.000577
1956    0.000578
1957    0.000609
1958    0.000553
1959    0.000568
1960    0.00056
1961    0.000556
1962    0.000553
1963    0.000559
1964    0.000957
1965    0.000551
1966    0.000557
1967    0.000543
1968    0.000545
1969    0.000541
1970    0.000559
1971    0.000535
1972    0.000542
1973    0.000542
1974    0.000567
1975    0.000553
1976    0.000542
1977    0.000549
1978    0.000544
1979    0.000543
1980    0.000543
1981    0.000545
1982    0.000548
1983    0.000549
1984    0.000727
1985    0.000542
1986    0.000539
1987    0.000547
1988    0.000552
1989    0.000545
1990    0.000552
1991    0.000559
1992    0.000855
1993    0.00061
1994    0.00098
1995    0.001019
1996    0.001055
1997    0.00067
1998    0.000674
1999    0.000655
2000    0.000685
2001    0.001032
2002    0.001085
2003    0.000728
2004    0.000667
2005    0.000748
2006    0.000775
2007    0.000696
2008    0.000748
2009    0.000616
2010    0.000653
2011    0.000605
2012    0.000588
2013    0.000597
2014    0.000587
2015    0.000583
2016    0.000575
2017    0.000555
2018    0.000557
2019    0.000562
2020    0.000652
2021    0.001033
2022    0.001061
2023    0.000795
2024    0.000611
2025    0.000628
2026    0.000607
2027    0.000615
2028    0.001049
2029    0.00061
2030    0.000621
2031    0.000614
2032    0.000622
2033    0.000621
2034    0.000606
2035    0.000594
2036    0.000631
2037    0.000616
2038    0.000576
2039    0.000588
2040    0.000579
2041    0.000575
2042    0.000562
2043    0.000563
2044    0.000562
2045    0.000565
2046    0.000563
2047    0.00055
2048    0.000553
2049    0.000551
2050    0.000983
2051    0.000585
2052    0.000574
2053    0.000586
2054    0.000576
2055    0.000584
2056    0.000576
2057    0.00058
2058    0.000563
2059    0.000567
2060    0.000557
2061    0.00057
2062    0.000559
2063    0.000574
2064    0.000559
2065    0.000576
2066    0.000557
2067    0.000564
2068    0.000549
2069    0.000548
2070    0.000559
2071    0.000553
2072    0.000543
2073    0.000545
2074    0.000545
2075    0.000551
2076    0.000553
2077    0.00055
2078    0.000547
2079    0.000548
2080    0.000552
2081    0.000558
2082    0.000557
2083    0.00056
2084    0.000558
2085    0.000541
2086    0.000552
2087    0.000537
2088    0.000541
2089    0.000554
2090    0.00056
2091    0.000551
2092    0.000535
2093    0.000539
2094    0.000541
2095    0.000535
2096    0.000535
2097    0.000871
2098    0.00054
2099    0.000556
2100    0.000935
2101    0.000855
2102    0.000887
2103    0.000567
2104    0.000561
2105    0.000548
2106    0.000697
2107    0.000936
2108    0.000544
2109    0.000556
2110    0.000554
2111    0.00053
2112    0.000531
2113    0.000531
2114    0.000536
2115    0.000534
2116    0.00078
2117    0.000931
2118    0.000913
2119    0.000692
2120    0.000532
2121    0.000545
2122    0.000532
2123    0.000531
2124    0.000541
2125    0.000535
2126    0.000529
2127    0.000533
2128    0.000531
2129    0.000531
2130    0.000532
2131    0.000529
2132    0.000532
2133    0.000532
2134    0.000536
2135    0.000531
2136    0.000528
2137    0.000534
2138    0.000529
2139    0.000543
2140    0.000543
2141    0.000553
2142    0.000556
2143    0.000693
2144    0.00057
2145    0.000575
2146    0.000594
2147    0.000594
2148    0.000576
2149    0.000565
2150    0.000579
2151    0.000599
2152    0.000629
2153    0.00058
2154    0.000589
2155    0.000579
2156    0.000581
2157    0.000576
2158    0.000572
2159    0.000578
2160    0.000553
2161    0.000562
2162    0.000558
2163    0.000597
2164    0.000548
2165    0.000585
2166    0.000584
2167    0.000594
2168    0.00058
2169    0.000607
2170    0.000571
2171    0.000601
2172    0.00055
2173    0.000601
2174    0.000553
2175    0.000567
2176    0.000542
2177    0.000543
2178    0.000537
2179    0.000568
2180    0.000543
2181    0.000541
2182    0.000552
2183    0.000556
2184    0.000547
2185    0.000547
2186    0.000544
2187    0.000546
2188    0.000529
2189    0.000531
2190    0.000561
2191    0.00054
2192    0.00053
2193    0.000542
2194    0.000525
2195    0.000528
2196    0.000531
2197    0.000534
2198    0.000537
2199    0.000563
2200    0.000573
2201    0.000576
2202    0.000587
2203    0.000576
2204    0.0007
2205    0.000567
2206    0.000565
2207    0.000567
2208    0.000969
2209    0.000541
2210    0.000553
2211    0.000545
2212    0.000543
2213    0.000893
2214    0.000921
2215    0.00057
2216    0.000545
2217    0.000545
2218    0.000544
2219    0.000698
2220    0.000935
2221    0.000542
2222    0.000552
2223    0.000551
2224    0.000533
2225    0.000543
2226    0.000536
2227    0.000526
2228    0.00081
2229    0.00092
2230    0.000906
2231    0.000534
2232    0.000541
2233    0.000534
2234    0.00053
2235    0.000538
2236    0.000534
2237    0.00053
2238    0.00053
2239    0.000532
2240    0.000738
2241    0.000899
2242    0.000701
2243    0.000532
2244    0.000539
2245    0.000955
2246    0.000544
2247    0.000548
2248    0.000546
2249    0.000559
2250    0.000937
2251    0.000567
2252    0.000759
2253    0.000941
2254    0.000552
2255    0.000569
2256    0.000543
2257    0.001063
2258    0.001167
2259    0.000687
2260    0.000677
2261    0.000657
2262    0.000656
2263    0.000663
2264    0.000638
2265    0.000655
2266    0.000673
2267    0.000657
2268    0.000651
2269    0.000726
2270    0.000677
2271    0.000655
2272    0.000655
2273    0.000654
2274    0.000654
2275    0.000654
2276    0.000652
2277    0.000708
2278    0.001284
2279    0.001269
2280    0.0013
2281    0.000899
2282    0.000739
2283    0.000663
2284    0.000679
2285    0.000648
2286    0.000644
2287    0.001141
2288    0.000627
2289    0.000643
2290    0.000649
2291    0.000613
2292    0.00066
2293    0.00061
2294    0.000622
2295    0.000587
2296    0.000594
2297    0.000611
2298    0.00062
2299    0.000588
2300    0.000704
2301    0.00059
2302    0.000596
2303    0.000579
2304    0.000587
2305    0.000591
2306    0.000578
2307    0.000572
2308    0.000596
2309    0.00057
2310    0.000555
2311    0.000584
2312    0.000566
2313    0.000564
2314    0.000565
2315    0.000595
2316    0.000591
2317    0.000624
2318    0.000625
2319    0.000623
2320    0.000626
2321    0.000615
2322    0.000618
2323    0.000908
2324    0.000619
2325    0.000611
2326    0.000737
2327    0.000605
2328    0.000593
2329    0.000592
2330    0.000573
2331    0.000589
2332    0.000585
2333    0.000574
2334    0.000596
2335    0.000558
2336    0.00056
2337    0.000561
2338    0.001051
2339    0.000589
2340    0.000596
2341    0.00059
2342    0.000616
2343    0.000769
2344    0.000582
2345    0.000576
2346    0.000578
2347    0.000573
2348    0.00056
2349    0.00056
2350    0.000565
2351    0.000671
2352    0.000563
2353    0.000556
2354    0.000569
2355    0.000578
2356    0.000558
2357    0.000554
2358    0.000563
2359    0.000562
2360    0.000553
2361    0.000589
2362    0.000555
2363    0.00056
2364    0.00056
2365    0.000554
2366    0.000536
2367    0.000539
2368    0.000577
2369    0.000577
2370    0.000551
2371    0.000572
2372    0.00056
2373    0.000561
2374    0.000575
2375    0.00056
2376    0.000567
2377    0.0006
2378    0.000586
2379    0.000598
2380    0.000594
2381    0.000584
2382    0.000601
2383    0.000737
2384    0.000626
2385    0.000554
2386    0.000554
2387    0.000556
2388    0.000554
2389    0.000552
2390    0.000554
2391    0.00067
2392    0.000574
2393    0.000571
2394    0.000567
2395    0.000567
2396    0.000559
2397    0.000567
2398    0.000577
2399    0.000565
2400    0.000578
2401    0.000591
2402    0.00057
2403    0.000565
2404    0.000574
2405    0.000557
2406    0.000659
2407    0.000566
2408    0.000694
2409    0.000543
2410    0.000538
2411    0.000546
2412    0.000534
2413    0.000544
2414    0.000538
2415    0.000542
2416    0.00054
2417    0.000538
2418    0.00054
2419    0.000529
2420    0.000549
2421    0.000529
2422    0.000524
2423    0.000527
2424    0.000526
2425    0.000522
2426    0.000542
2427    0.000529
2428    0.000532
2429    0.000544
2430    0.00054
2431    0.00058
2432    0.000547
2433    0.000554
2434    0.000544
2435    0.000564
2436    0.000542
2437    0.000538
2438    0.000533
2439    0.000557
2440    0.000562
2441    0.000546
2442    0.000582
2443    0.000575
2444    0.00057
2445    0.000572
2446    0.000564
2447    0.000546
2448    0.000539
2449    0.000551
2450    0.000556
2451    0.000563
2452    0.000564
2453    0.00056
2454    0.000571
2455    0.00056
2456    0.000548
2457    0.000548
2458    0.000551
2459    0.000541
2460    0.000587
2461    0.000557
2462    0.000565
2463    0.000574
2464    0.000566
2465    0.000554
2466    0.000567
2467    0.000548
2468    0.000534
2469    0.000545
2470    0.000542
2471    0.000552
2472    0.000566
2473    0.000573
2474    0.00055
2475    0.000538
2476    0.000542
2477    0.000549
2478    0.000543
2479    0.000538
2480    0.000554
2481    0.000553
2482    0.000543
2483    0.00054
2484    0.000548
2485    0.000571
2486    0.000566
2487    0.000561
2488    0.000569
2489    0.000563
2490    0.000561
2491    0.00056
2492    0.000561
2493    0.000562
2494    0.000545
2495    0.000547
2496    0.000556
2497    0.000587
2498    0.000572
2499    0.000567
2500    0.000579
2501    0.000556
2502    0.000549
2503    0.000561
2504    0.000565
2505    0.000561
2506    0.000555
2507    0.00055
2508    0.000549
2509    0.000541
2510    0.00056
2511    0.000545
2512    0.000582
2513    0.000555
2514    0.000547
2515    0.000544
2516    0.000536
2517    0.00053
2518    0.000529
2519    0.000825
2520    0.001088
2521    0.000994
2522    0.000624
2523    0.000637
2524    0.000891
2525    0.00066
2526    0.000629
2527    0.001024
2528    0.000687
2529    0.000689
2530    0.000758
2531    0.000732
2532    0.000809
2533    0.000707
2534    0.000681
2535    0.001229
2536    0.001235
2537    0.000686
2538    0.000665
2539    0.000634
2540    0.000635
2541    0.000625
2542    0.000657
2543    0.000616
2544    0.000621
2545    0.000591
2546    0.000597
2547    0.000586
2548    0.000593
2549    0.000572
2550    0.000667
2551    0.000675
2552    0.000591
2553    0.000596
2554    0.000596
2555    0.000599
2556    0.000578
2557    0.000645
2558    0.000624
2559    0.000578
2560    0.000577
2561    0.000556
2562    0.000569
2563    0.000575
2564    0.000566
2565    0.000562
2566    0.000561
2567    0.00056
2568    0.000991
2569    0.00056
2570    0.00056
2571    0.000559
2572    0.000564
2573    0.000573
2574    0.000852
2575    0.000571
2576    0.000645
2577    0.000613
2578    0.000611
2579    0.000601
2580    0.000594
2581    0.000595
2582    0.000572
2583    0.000581
2584    0.000573
2585    0.000574
2586    0.000562
2587    0.000603
2588    0.000562
2589    0.000976
2590    0.000564
2591    0.000601
2592    0.000566
2593    0.000558
2594    0.000558
2595    0.00055
2596    0.000536
2597    0.000537
2598    0.000555
2599    0.000561
2600    0.000553
2601    0.0006
2602    0.00061
2603    0.000746
2604    0.000623
2605    0.000645
2606    0.00062
2607    0.000699
2608    0.000735
2609    0.000681
2610    0.000844
2611    0.000704
2612    0.001208
2613    0.000727
2614    0.000794
2615    0.001237
2616    0.000721
2617    0.000785
2618    0.00072
2619    0.00072
2620    0.000729
2621    0.000696
2622    0.000699
2623    0.000688
2624    0.000667
2625    0.000668
2626    0.000665
2627    0.000662
2628    0.000689
2629    0.000649
2630    0.000645
2631    0.00064
2632    0.000633
2633    0.000646
2634    0.000624
2635    0.000674
2636    0.000644
2637    0.000629
2638    0.000623
2639    0.000608
2640    0.000634
2641    0.000649
2642    0.000769
2643    0.000647
2644    0.000652
2645    0.000653
2646    0.000651
2647    0.00065
2648    0.00069
2649    0.000648
2650    0.000633
2651    0.000581
2652    0.000619
2653    0.000616
2654    0.000601
2655    0.000594
2656    0.000586
2657    0.000573
2658    0.000581
2659    0.000571
2660    0.000576
2661    0.000558
2662    0.000568
2663    0.000554
2664    0.000559
2665    0.000554
2666    0.000566
2667    0.000623
2668    0.000584
2669    0.000578
2670    0.00056
2671    0.000557
2672    0.000546
2673    0.000595
2674    0.000558
2675    0.000964
2676    0.000589
2677    0.000566
2678    0.000571
2679    0.000576
2680    0.000557
2681    0.000561
2682    0.00056
2683    0.00057
2684    0.000562
2685    0.000557
2686    0.000618
2687    0.000615
2688    0.000963
2689    0.000556
2690    0.000565
2691    0.000556
2692    0.000583
2693    0.000541
2694    0.000547
2695    0.000546
2696    0.000554
2697    0.000542
2698    0.00055
2699    0.000562
2700    0.000574
2701    0.000582
2702    0.000571
2703    0.000571
2704    0.000978
2705    0.000555
2706    0.000556
2707    0.000565
2708    0.000653
2709    0.000557
2710    0.000561
2711    0.00063
2712    0.000635
2713    0.000638
2714    0.000589
2715    0.000648
2716    0.000611
2717    0.000571
2718    0.000557
2719    0.000568
2720    0.000553
2721    0.000557
2722    0.000556
2723    0.000543
2724    0.000544
2725    0.000541
2726    0.000544
2727    0.000682
2728    0.000562
2729    0.000556
2730    0.000654
2731    0.00062
2732    0.000739
2733    0.00061
2734    0.000641
2735    0.000665
2736    0.000642
2737    0.000632
2738    0.00065
2739    0.000646
2740    0.000681
2741    0.000647
2742    0.000716
2743    0.000712
2744    0.000641
2745    0.000616
2746    0.000608
2747    0.000594
2748    0.000586
2749    0.000587
2750    0.000572
2751    0.000574
2752    0.000573
2753    0.000585
2754    0.000581
2755    0.000552
2756    0.000557
2757    0.000561
2758    0.000553
2759    0.000539
2760    0.000537
2761    0.000547
2762    0.000892
2763    0.000557
2764    0.000596
2765    0.000553
2766    0.000958
2767    0.000552
2768    0.000553
2769    0.000576
2770    0.000957
2771    0.000833
2772    0.000574
2773    0.000565
2774    0.000546
2775    0.000565
2776    0.000561
2777    0.00056
2778    0.00056
2779    0.000561
2780    0.000564
2781    0.00057
2782    0.000552
2783    0.000545
2784    0.000557
2785    0.000544
2786    0.000548
2787    0.00056
2788    0.000544
2789    0.000562
2790    0.000556
2791    0.000559
2792    0.000555
2793    0.000608
2794    0.000618
2795    0.000578
2796    0.000588
2797    0.00059
2798    0.000738
2799    0.000561
2800    0.000576
2801    0.000575
2802    0.000573
2803    0.000572
2804    0.000576
2805    0.000578
2806    0.000586
2807    0.000561
2808    0.000572
2809    0.000561
2810    0.000562
2811    0.000561
2812    0.000561
2813    0.000547
2814    0.000545
2815    0.000546
2816    0.000546
2817    0.000556
2818    0.000545
2819    0.000543
2820    0.000546
2821    0.000545
2822    0.000542
2823    0.00061
2824    0.000539
2825    0.000546
2826    0.000548
2827    0.000597
2828    0.000556
2829    0.000558
2830    0.00056
2831    0.000556
2832    0.000567
2833    0.000575
2834    0.000551
2835    0.000545
2836    0.000545
2837    0.000546
2838    0.00054
2839    0.000547
2840    0.000993
2841    0.000547
2842    0.000552
2843    0.000542
2844    0.000547
2845    0.000538
2846    0.000548
2847    0.000546
2848    0.000575
2849    0.000583
2850    0.000601
2851    0.000573
2852    0.000567
2853    0.000559
2854    0.000557
2855    0.00057
2856    0.000559
2857    0.000563
2858    0.000563
2859    0.000563
2860    0.00056
2861    0.000536
2862    0.000543
2863    0.00054
2864    0.000548
2865    0.000548
2866    0.000557
2867    0.000596
2868    0.000737
2869    0.000696
2870    0.000616
2871    0.000612
2872    0.00061
2873    0.00062
2874    0.000611
2875    0.000629
2876    0.00058
2877    0.000618
2878    0.000577
2879    0.000603
2880    0.000577
2881    0.000617
2882    0.000599
2883    0.000588
2884    0.000593
2885    0.000579
2886    0.000576
2887    0.000578
2888    0.000584
2889    0.000592
2890    0.000572
2891    0.000566
2892    0.000583
2893    0.000566
2894    0.000567
2895    0.000564
2896    0.000562
2897    0.000563
2898    0.000563
2899    0.00056
2900    0.000561
2901    0.000619
2902    0.000609
2903    0.000593
2904    0.000601
2905    0.000586
2906    0.000572
2907    0.000604
2908    0.000597
2909    0.000562
2910    0.000582
2911    0.000567
2912    0.000567
2913    0.000562
2914    0.00058
2915    0.000555
2916    0.000579
2917    0.000548
2918    0.000564
2919    0.000545
2920    0.000576
2921    0.000561
2922    0.000573
2923    0.000568
2924    0.000548
2925    0.000542
2926    0.000544
2927    0.000546
2928    0.000551
2929    0.00054
2930    0.000556
2931    0.000534
2932    0.000543
2933    0.000534
2934    0.000547
2935    0.000551
2936    0.00057
2937    0.000549
2938    0.000552
2939    0.000583
2940    0.000589
2941    0.000592
2942    0.000547
2943    0.000534
2944    0.000533
2945    0.000534
2946    0.000581
2947    0.000598
2948    0.000582
2949    0.000596
2950    0.000578
2951    0.000606
2952    0.000581
2953    0.000582
2954    0.000594
2955    0.000563
2956    0.000584
2957    0.000574
2958    0.000577
2959    0.000579
2960    0.000604
2961    0.00057
2962    0.000568
2963    0.000568
2964    0.000561
2965    0.000558
2966    0.000558
2967    0.000579
2968    0.000569
2969    0.000581
2970    0.000559
2971    0.000563
2972    0.000564
2973    0.000586
2974    0.000563
2975    0.000559
2976    0.000567
2977    0.000563
2978    0.000579
2979    0.000627
2980    0.000561
2981    0.000584
2982    0.000564
2983    0.000562
2984    0.000555
2985    0.000564
2986    0.000566
2987    0.000568
2988    0.000575
2989    0.000571
2990    0.000586
2991    0.000577
2992    0.000597
2993    0.000563
2994    0.000586
2995    0.000582
2996    0.000586
2997    0.000567
2998    0.000614
2999    0.000558
3000    0.000595
3001    0.000808
3002    0.000609
3003    0.000575
3004    0.000575
3005    0.000577
3006    0.000564
3007    0.000927
3008    0.000574
3009    0.000577
3010    0.000567
3011    0.000561
3012    0.000576
3013    0.000559
3014    0.000568
3015    0.000553
3016    0.000565
3017    0.000559
3018    0.000551
3019    0.000554
3020    0.000568
3021    0.000562
3022    0.000592
3023    0.000565
3024    0.000563
3025    0.000561
3026    0.000838
3027    0.000545
3028    0.000547
3029    0.000547
3030    0.000558
3031    0.000569
3032    0.000952
3033    0.000568
3034    0.000555
3035    0.000563
3036    0.00056
3037    0.000543
3038    0.000976
3039    0.000589
3040    0.000918
3041    0.001073
3042    0.000647
3043    0.000657
3044    0.001121
3045    0.001169
3046    0.001159
3047    0.001036
3048    0.000644
3049    0.000678
3050    0.001032
3051    0.000646
3052    0.00063
3053    0.001156
3054    0.00074
3055    0.000684
3056    0.0007
3057    0.000685
3058    0.000655
3059    0.000946
3060    0.00068
3061    0.000688
3062    0.000648
3063    0.000654
3064    0.00066
3065    0.0009
3066    0.000608
3067    0.000636
3068    0.000616
3069    0.000609
3070    0.000658
3071    0.000594
3072    0.000598
3073    0.000604
3074    0.000581
3075    0.000571
3076    0.00058
3077    0.000564
3078    0.000566
3079    0.000577
3080    0.000551
3081    0.000603
3082    0.000582
3083    0.000549
3084    0.000562
3085    0.000554
3086    0.000553
3087    0.000562
3088    0.000558
3089    0.00056
3090    0.000596
3091    0.000551
3092    0.000561
3093    0.000571
3094    0.000565
3095    0.000565
3096    0.000604
3097    0.000566
3098    0.000574
3099    0.000552
3100    0.000549
3101    0.000578
3102    0.000581
3103    0.000994
3104    0.000584
3105    0.000587
3106    0.00099
3107    0.00088
3108    0.000605
3109    0.00058
3110    0.001039
3111    0.000606
3112    0.000601
3113    0.000599
3114    0.00103
3115    0.000602
3116    0.000593
3117    0.001008
3118    0.000585
3119    0.000565
3120    0.000568
3121    0.000969
3122    0.000559
3123    0.000565
3124    0.000781
3125    0.000583
3126    0.000613
3127    0.00058
3128    0.000582
3129    0.000593
3130    0.000584
3131    0.000575
3132    0.000573
3133    0.000593
3134    0.000588
3135    0.000555
3136    0.000562
3137    0.000561
3138    0.000566
3139    0.000567
3140    0.000566
3141    0.000567
3142    0.000572
3143    0.000576
3144    0.000563
3145    0.000549
3146    0.000549
3147    0.000556
3148    0.000551
3149    0.000543
3150    0.00055
3151    0.000567
3152    0.000555
3153    0.000541
3154    0.000562
3155    0.000565
3156    0.001077
3157    0.000602
3158    0.001136
3159    0.001132
3160    0.001264
3161    0.001096
3162    0.001041
3163    0.000653
3164    0.000666
3165    0.000659
3166    0.000929
3167    0.000677
3168    0.000675
3169    0.00079
3170    0.001082
3171    0.000698
3172    0.000705
3173    0.000655
3174    0.000654
3175    0.00063
3176    0.000632
3177    0.000783
3178    0.000669
3179    0.001173
3180    0.001129
3181    0.000664
3182    0.000638
3183    0.001041
3184    0.000615
3185    0.000602
3186    0.000622
3187    0.000599
3188    0.000587
3189    0.000656
3190    0.000642
3191    0.000587
3192    0.000571
3193    0.000573
3194    0.000873
3195    0.000566
3196    0.000561
3197    0.000803
3198    0.000853
3199    0.000552
3200    0.000568
3201    0.00093
3202    0.000632
3203    0.000687
3204    0.000673
3205    0.000617
3206    0.000592
3207    0.000891
3208    0.000613
3209    0.000592
3210    0.000883
3211    0.000651
3212    0.000617
3213    0.000602
3214    0.000578
3215    0.000584
3216    0.000619
3217    0.000594
3218    0.000592
3219    0.000583
3220    0.000563
3221    0.000601
3222    0.000617
3223    0.000564
3224    0.000562
3225    0.000615
3226    0.000559
3227    0.000646
3228    0.000554
3229    0.000545
3230    0.000548
3231    0.000552
3232    0.000549
3233    0.000553
3234    0.000546
3235    0.000551
3236    0.000538
3237    0.000549
3238    0.000547
3239    0.000813
3240    0.000644
3241    0.000907
3242    0.000694
3243    0.000843
3244    0.000673
3245    0.000729
3246    0.001158
3247    0.000651
3248    0.000999
3249    0.000682
3250    0.000644
3251    0.001329
3252    0.001276
3253    0.000697
3254    0.000718
3255    0.000683
3256    0.000666
3257    0.000661
3258    0.000644
3259    0.000642
3260    0.000631
3261    0.000629
3262    0.000606
3263    0.000623
3264    0.000622
3265    0.000608
3266    0.000599
3267    0.000589
3268    0.000655
3269    0.000849
3270    0.000585
3271    0.000613
3272    0.00104
3273    0.000606
3274    0.000597
3275    0.000793
3276    0.000611
3277    0.00061
3278    0.000611
3279    0.00059
3280    0.000772
3281    0.000618
3282    0.000586
3283    0.000569
3284    0.000566
3285    0.000572
3286    0.000576
3287    0.000579
3288    0.000577
3289    0.000756
3290    0.000576
3291    0.000578
3292    0.000566
3293    0.000576
3294    0.00057
3295    0.000585
3296    0.000561
3297    0.000578
3298    0.00101
3299    0.000609
3300    0.00065
3301    0.000638
3302    0.000639
3303    0.000652
3304    0.000654
3305    0.001046
3306    0.000655
3307    0.001123
3308    0.000654
3309    0.000651
3310    0.000945
3311    0.000632
3312    0.000827
3313    0.000694
3314    0.000879
3315    0.001169
3316    0.001058
3317    0.000626
3318    0.000635
3319    0.000647
3320    0.000615
3321    0.000615
3322    0.000613
3323    0.00063
3324    0.000591
3325    0.000585
3326    0.000593
3327    0.000597
3328    0.000603
3329    0.00059
3330    0.000593
3331    0.000602
3332    0.000653
3333    0.000613
3334    0.000635
3335    0.000613
3336    0.000616
3337    0.000625
3338    0.000649
3339    0.000634
3340    0.000613
3341    0.000592
3342    0.000592
3343    0.00059
3344    0.000596
3345    0.000605
3346    0.000572
3347    0.000573
3348    0.00057
3349    0.000555
3350    0.000561
3351    0.000578
3352    0.000577
3353    0.000604
3354    0.000597
3355    0.000571
3356    0.000566
3357    0.000557
3358    0.000557
3359    0.000557
3360    0.000586
3361    0.00059
3362    0.000571
3363    0.000572
3364    0.00057
3365    0.00059
3366    0.000583
3367    0.000569
3368    0.00057
3369    0.000595
3370    0.000564
3371    0.000607
3372    0.000577
3373    0.000573
3374    0.000594
3375    0.000563
3376    0.00058
3377    0.000603
3378    0.000618
3379    0.000558
3380    0.00056
3381    0.000557
3382    0.000558
3383    0.00056
3384    0.00058
3385    0.000551
3386    0.000554
3387    0.000561
3388    0.00056
3389    0.000633
3390    0.00058
3391    0.00059
3392    0.000573
3393    0.000571
3394    0.000572
3395    0.000583
3396    0.000578
3397    0.000574
3398    0.000579
3399    0.000569
3400    0.000976
3401    0.000587
3402    0.000592
3403    0.000572
3404    0.000575
3405    0.000588
3406    0.000583
3407    0.000611
3408    0.000587
3409    0.000971
3410    0.000574
3411    0.000573
3412    0.000576
3413    0.001003
3414    0.000577
3415    0.000586
3416    0.000576
3417    0.000578
3418    0.000576
3419    0.00057
3420    0.000609
3421    0.00061
3422    0.000584
3423    0.000574
3424    0.000557
3425    0.000959
3426    0.00057
3427    0.00056
3428    0.000568
3429    0.000732
3430    0.000934
3431    0.000548
3432    0.000546
3433    0.000545
3434    0.000537
3435    0.000552
3436    0.00053
3437    0.000539
3438    0.000549
3439    0.000543
3440    0.00054
3441    0.000568
3442    0.000544
3443    0.000551
3444    0.000547
3445    0.000553
3446    0.000544
3447    0.000541
3448    0.00054
3449    0.000548
3450    0.000954
3451    0.001049
3452    0.001073
3453    0.001163
3454    0.000828
3455    0.000709
3456    0.000667
3457    0.001056
3458    0.000688
3459    0.001165
3460    0.0012
3461    0.000679
3462    0.000691
3463    0.000651
3464    0.000649
3465    0.000627
3466    0.000633
3467    0.000637
3468    0.000632
3469    0.000719
3470    0.000607
3471    0.000596
3472    0.000594
3473    0.000966
3474    0.000574
3475    0.000575
3476    0.000986
3477    0.000582
3478    0.000571
3479    0.000719
3480    0.000956
3481    0.000549
3482    0.000541
3483    0.00054
3484    0.000549
3485    0.000544
3486    0.000928
3487    0.000549
3488    0.000543
3489    0.000545
3490    0.000586
3491    0.000567
3492    0.000585
3493    0.000552
3494    0.000558
3495    0.000558
3496    0.000572
3497    0.000567
3498    0.000546
3499    0.000548
3500    0.00056
3501    0.000704
3502    0.000628
3503    0.000636
3504    0.000651
3505    0.000633
3506    0.000641
3507    0.000625
3508    0.000627
3509    0.000687
3510    0.000641
3511    0.000662
3512    0.000654
3513    0.00061
3514    0.000595
3515    0.000738
3516    0.000592
3517    0.00057
3518    0.000587
3519    0.000587
3520    0.000582
3521    0.000587
3522    0.000561
3523    0.000569
3524    0.00056
3525    0.00056
3526    0.000545
3527    0.000563
3528    0.000547
3529    0.000541
3530    0.000547
3531    0.000544
3532    0.000548
3533    0.000546
3534    0.000547
3535    0.000549
3536    0.000525
3537    0.000525
3538    0.000536
3539    0.000537
3540    0.000534
3541    0.00053
3542    0.000524
3543    0.000559
3544    0.000623
3545    0.00056
3546    0.000551
3547    0.000553
3548    0.000561
3549    0.000555
3550    0.000548
3551    0.000555
3552    0.000556
3553    0.00056
3554    0.000566
3555    0.000556
3556    0.000669
3557    0.00058
3558    0.00056
3559    0.000552
3560    0.000564
3561    0.00056
3562    0.000561
3563    0.000568
3564    0.00056
3565    0.00055
3566    0.000608
3567    0.000615
3568    0.000618
3569    0.001094
3570    0.000589
3571    0.000617
3572    0.000601
3573    0.000615
3574    0.000591
3575    0.000562
3576    0.000559
3577    0.000567
3578    0.000568
3579    0.000564
3580    0.000571
3581    0.000556
3582    0.000547
3583    0.000545
3584    0.000541
3585    0.000555
3586    0.000544
3587    0.000972
3588    0.000617
3589    0.000571
3590    0.00055
3591    0.000591
3592    0.000577
3593    0.000572
3594    0.000542
3595    0.000543
3596    0.000534
3597    0.000546
3598    0.000546
3599    0.000544
3600    0.000549
