1    0.001426
2    0.000863
3    0.000762
4    0.000657
5    0.001132
6    0.000851
7    0.001002
8    0.001373
9    0.000516
10    0.000966
11    0.001485
12    0.001648
13    0.001476
14    0.001539
15    0.001299
16    0.000804
17    0.000812
18    0.000809
19    0.000753
20    0.000777
21    0.000908
22    0.000814
23    0.000762
24    0.000808
25    0.000815
26    0.001404
27    0.001441
28    0.001543
29    0.001512
30    0.001516
31    0.000852
32    0.001487
33    0.000835
34    0.001439
35    0.000782
36    0.000727
37    0.001065
38    0.001555
39    0.001383
40    0.000791
41    0.000779
42    0.000788
43    0.001441
44    0.001435
45    0.001374
46    0.001145
47    0.001093
48    0.00076
49    0.000771
50    0.000782
51    0.000766
52    0.001391
53    0.001373
54    0.000775
55    0.000763
56    0.000757
57    0.00076
58    0.000827
59    0.000745
60    0.000928
61    0.001357
62    0.000733
63    0.000726
64    0.000742
65    0.000818
66    0.000762
67    0.000781
68    0.000801
69    0.000764
70    0.000766
71    0.000769
72    0.001395
73    0.001394
74    0.000735
75    0.000735
76    0.001343
77    0.000743
78    0.000741
79    0.000729
80    0.000735
81    0.000773
82    0.000784
83    0.000759
84    0.001393
85    0.000805
86    0.001435
87    0.001428
88    0.001221
89    0.001074
90    0.00123
91    0.001226
92    0.001258
93    0.001266
94    0.001006
95    0.000764
96    0.000763
97    0.001266
98    0.000749
99    0.001311
100    0.001338
101    0.000792
102    0.000855
103    0.000737
104    0.00085
105    0.000835
106    0.000798
107    0.000812
108    0.000734
109    0.000917
110    0.000755
111    0.000756
112    0.000773
113    0.000765
114    0.000743
115    0.000757
116    0.00074
117    0.000776
118    0.00138
119    0.001322
120    0.001337
121    0.001338
122    0.000715
123    0.000764
124    0.000841
125    0.000816
126    0.00078
127    0.001372
128    0.00083
129    0.000736
130    0.00076
131    0.00079
132    0.000793
133    0.000759
134    0.000787
135    0.0011
136    0.000789
137    0.000731
138    0.000961
139    0.001376
140    0.001376
141    0.001327
142    0.000746
143    0.000792
144    0.001246
145    0.000801
146    0.000775
147    0.000793
148    0.000789
149    0.001208
150    0.001449
151    0.000822
152    0.000765
153    0.000919
154    0.00076
155    0.00139
156    0.00077
157    0.001392
158    0.001218
159    0.000766
160    0.001379
161    0.001319
162    0.00078
163    0.001344
164    0.00132
165    0.001332
166    0.001322
167    0.001227
168    0.001324
169    0.000764
170    0.000734
171    0.000733
172    0.000824
173    0.000731
174    0.000963
175    0.001314
176    0.000772
177    0.000784
178    0.00076
179    0.001368
180    0.000787
181    0.001102
182    0.000826
183    0.000751
184    0.001356
185    0.001358
186    0.001346
187    0.00073
188    0.001313
189    0.000735
190    0.000877
191    0.000858
192    0.001356
193    0.000857
194    0.001105
195    0.000864
196    0.001396
197    0.00077
198    0.001212
199    0.000773
200    0.000898
201    0.001307
202    0.001289
203    0.000745
204    0.001336
205    0.001174
206    0.001406
207    0.001405
208    0.001367
209    0.001506
210    0.000836
211    0.000904
212    0.000811
213    0.000894
214    0.000889
215    0.000837
216    0.001458
217    0.001463
218    0.001435
219    0.00145
220    0.001388
221    0.001457
222    0.001447
223    0.001451
224    0.001433
225    0.001444
226    0.001454
227    0.001069
228    0.000801
229    0.001418
230    0.00148
231    0.001524
232    0.000854
233    0.000811
234    0.001519
235    0.001488
236    0.001474
237    0.001514
238    0.001362
239    0.001399
240    0.00147
241    0.001476
242    0.001626
243    0.001532
244    0.001228
245    0.001368
246    0.001586
247    0.001062
248    0.001576
249    0.001048
250    0.001615
251    0.001443
252    0.00144
253    0.000915
254    0.000819
255    0.000759
256    0.000787
257    0.001447
258    0.000971
259    0.000899
260    0.000979
261    0.001447
262    0.001387
263    0.000825
264    0.000784
265    0.000794
266    0.001387
267    0.000814
268    0.000765
269    0.000815
270    0.000804
271    0.000808
272    0.001367
273    0.00136
274    0.001389
275    0.000833
276    0.001312
277    0.000733
278    0.000804
279    0.0012
280    0.000748
281    0.000758
282    0.000756
283    0.000761
284    0.000955
285    0.00135
286    0.000756
287    0.000783
288    0.000799
289    0.000787
290    0.000755
291    0.000766
292    0.000754
293    0.00076
294    0.000774
295    0.000769
296    0.000739
297    0.000733
298    0.000723
299    0.000721
300    0.000733
301    0.001311
302    0.001315
303    0.00087
304    0.000741
305    0.000784
306    0.000774
307    0.00077
308    0.000767
309    0.000768
310    0.001153
311    0.000781
312    0.001438
313    0.000827
314    0.000732
315    0.00098
316    0.000732
317    0.00084
318    0.000739
319    0.001014
320    0.000769
321    0.000767
322    0.000791
323    0.000766
324    0.00073
325    0.001337
326    0.000726
327    0.000752
328    0.001336
329    0.000733
330    0.000773
331    0.000732
332    0.000751
333    0.001352
334    0.000743
335    0.001331
336    0.001321
337    0.001346
338    0.000745
339    0.000733
340    0.000851
341    0.000732
342    0.000743
343    0.00075
344    0.000781
345    0.001081
346    0.001418
347    0.001416
348    0.000772
349    0.000769
350    0.000763
351    0.001322
352    0.000744
353    0.000736
354    0.000739
355    0.000733
356    0.001257
357    0.001232
358    0.001336
359    0.000736
360    0.000739
361    0.000791
362    0.000757
363    0.00077
364    0.000783
365    0.001388
366    0.000826
367    0.001486
368    0.000833
369    0.00109
370    0.001442
371    0.001428
372    0.000951
373    0.001444
374    0.00145
375    0.00134
376    0.000964
377    0.000917
378    0.000928
379    0.001469
380    0.001292
381    0.000975
382    0.001548
383    0.000958
384    0.001451
385    0.001431
386    0.001548
387    0.001553
388    0.001513
389    0.001213
390    0.00098
391    0.001423
392    0.000956
393    0.001363
394    0.000845
395    0.00148
396    0.001435
397    0.001186
398    0.001253
399    0.001348
400    0.000929
401    0.001638
402    0.000979
403    0.001514
404    0.000904
405    0.000829
406    0.000848
407    0.001189
408    0.000793
409    0.000794
410    0.000828
411    0.001011
412    0.00099
413    0.00081
414    0.000807
415    0.000791
416    0.000805
417    0.00136
418    0.001487
419    0.001529
420    0.000907
421    0.000858
422    0.000923
423    0.001067
424    0.001018
425    0.000903
426    0.001457
427    0.000758
428    0.001394
429    0.001202
430    0.000763
431    0.000782
432    0.001091
433    0.000812
434    0.001182
435    0.000783
436    0.000739
437    0.000759
438    0.001377
439    0.001406
440    0.000743
441    0.000761
442    0.00075
443    0.000738
444    0.00136
445    0.000751
446    0.001181
447    0.001385
448    0.001383
449    0.001396
450    0.001392
451    0.000823
452    0.001326
453    0.001357
454    0.001389
455    0.001387
456    0.001377
457    0.000771
458    0.000978
459    0.000984
460    0.000846
461    0.000821
462    0.000754
463    0.000829
464    0.000756
465    0.000946
466    0.001318
467    0.00132
468    0.001317
469    0.000747
470    0.000749
471    0.0009
472    0.000765
473    0.00135
474    0.001318
475    0.001311
476    0.000775
477    0.00073
478    0.001313
479    0.001349
480    0.000745
481    0.001264
482    0.001336
483    0.001106
484    0.001192
485    0.001245
486    0.00123
487    0.001352
488    0.00074
489    0.000735
490    0.000755
491    0.000926
492    0.000927
493    0.000767
494    0.000777
495    0.000763
496    0.001196
497    0.000766
498    0.000767
499    0.001382
500    0.000842
501    0.001402
502    0.000795
503    0.000765
504    0.001338
505    0.000739
506    0.000739
507    0.00076
508    0.001362
509    0.00132
510    0.001212
511    0.000859
512    0.001359
513    0.000775
514    0.000779
515    0.001403
516    0.000776
517    0.001338
518    0.001345
519    0.000766
520    0.000763
521    0.001386
522    0.001341
523    0.000764
524    0.001395
525    0.001329
526    0.001262
527    0.000803
528    0.001353
529    0.00131
530    0.001347
531    0.000876
532    0.000771
533    0.000732
534    0.00074
535    0.001436
536    0.001148
537    0.001304
538    0.000765
539    0.001303
540    0.000797
541    0.001376
542    0.001376
543    0.000756
544    0.000814
545    0.000762
546    0.001364
547    0.001384
548    0.001362
549    0.001339
550    0.00134
551    0.001341
552    0.000733
553    0.000734
554    0.000737
555    0.001234
556    0.000854
557    0.001308
558    0.001079
559    0.001215
560    0.00134
561    0.000866
562    0.000758
563    0.000817
564    0.001375
565    0.000769
566    0.001455
567    0.000979
568    0.000831
569    0.000797
570    0.001445
571    0.00144
572    0.001359
573    0.001436
574    0.000878
575    0.001381
576    0.00101
577    0.001122
578    0.000764
579    0.000733
580    0.000753
581    0.000738
582    0.00136
583    0.001352
584    0.001301
585    0.000733
586    0.000725
587    0.001049
588    0.001447
589    0.001434
590    0.001374
591    0.000742
592    0.000749
593    0.000742
594    0.001424
595    0.001256
596    0.000774
597    0.000751
598    0.000736
599    0.000743
600    0.000744
601    0.00131
602    0.001323
603    0.001336
604    0.00133
605    0.001339
606    0.00134
607    0.001333
608    0.001164
609    0.000767
610    0.001346
611    0.00133
612    0.001355
613    0.000732
614    0.000738
615    0.001332
616    0.001328
617    0.000731
618    0.000726
619    0.000723
620    0.000735
621    0.001323
622    0.000745
623    0.00074
624    0.000836
625    0.000762
626    0.001174
627    0.001209
628    0.000764
629    0.000834
630    0.00109
631    0.000738
632    0.000726
633    0.001383
634    0.001374
635    0.000746
636    0.000735
637    0.00074
638    0.001105
639    0.000729
640    0.000732
641    0.000944
642    0.000741
643    0.001131
644    0.001357
645    0.000763
646    0.000869
647    0.000857
648    0.000789
649    0.000759
650    0.000761
651    0.000807
652    0.000826
653    0.001384
654    0.000774
655    0.000928
656    0.000883
657    0.000822
658    0.000782
659    0.000759
660    0.000753
661    0.000737
662    0.000754
663    0.001331
664    0.000854
665    0.000768
666    0.000741
667    0.000736
668    0.000747
669    0.000735
670    0.000736
671    0.000743
672    0.000731
673    0.001347
674    0.001297
675    0.001332
676    0.001379
677    0.000903
678    0.000752
679    0.000767
680    0.000755
681    0.000866
682    0.000769
683    0.000734
684    0.000733
685    0.000759
686    0.001398
687    0.001341
688    0.000732
689    0.00073
690    0.001318
691    0.001286
692    0.00132
693    0.001331
694    0.00132
695    0.001322
696    0.00075
697    0.000992
698    0.000736
699    0.000733
700    0.000751
701    0.000739
702    0.000736
703    0.000733
704    0.000888
705    0.000752
706    0.000745
707    0.000753
708    0.000721
709    0.00073
710    0.000745
711    0.000776
712    0.000766
713    0.000729
714    0.000726
715    0.000785
716    0.001384
717    0.001383
718    0.001132
719    0.000739
720    0.000733
721    0.000905
722    0.000976
723    0.000956
724    0.001057
725    0.000761
726    0.000771
727    0.000773
728    0.000761
729    0.000783
730    0.00078
731    0.00145
732    0.001373
733    0.00132
734    0.001295
735    0.001292
736    0.000731
737    0.00074
738    0.000844
739    0.000754
740    0.000757
741    0.00077
742    0.000792
743    0.00078
744    0.000942
745    0.000755
746    0.000774
747    0.000779
748    0.001148
749    0.001416
750    0.001403
751    0.000786
752    0.000764
753    0.001379
754    0.001325
755    0.000886
756    0.000785
757    0.000758
758    0.000778
759    0.001379
760    0.00121
761    0.0013
762    0.001314
763    0.00124
764    0.000786
765    0.000733
766    0.000848
767    0.000733
768    0.000732
769    0.001318
770    0.000728
771    0.000818
772    0.000757
773    0.000734
774    0.000799
775    0.000797
776    0.00117
777    0.001021
778    0.000997
779    0.000909
780    0.001425
781    0.001458
782    0.001429
783    0.001136
784    0.000919
785    0.00078
786    0.001394
787    0.001386
788    0.000781
789    0.001402
790    0.000787
791    0.000771
792    0.000831
793    0.001713
794    0.00129
795    0.001235
796    0.001577
797    0.001534
798    0.001616
799    0.000943
800    0.001527
801    0.00109
802    0.00146
803    0.001473
804    0.000835
805    0.001375
806    0.001453
807    0.001014
808    0.001453
809    0.001449
810    0.001534
811    0.00144
812    0.001531
813    0.001607
814    0.001519
815    0.000986
816    0.001488
817    0.001431
818    0.001418
819    0.001421
820    0.000946
821    0.000797
822    0.000761
823    0.000761
824    0.000758
825    0.000777
826    0.000804
827    0.000748
828    0.000766
829    0.001428
830    0.001442
831    0.001419
832    0.000762
833    0.001338
834    0.000732
835    0.000733
836    0.000779
837    0.001393
838    0.001385
839    0.000733
840    0.000731
841    0.000757
842    0.000973
843    0.000763
844    0.000778
845    0.000727
846    0.001314
847    0.000797
848    0.000987
849    0.001394
850    0.001379
851    0.001343
852    0.000954
853    0.001407
854    0.001364
855    0.001342
856    0.001332
857    0.000761
858    0.001047
859    0.001101
860    0.0014
861    0.001079
862    0.000815
863    0.001392
864    0.001386
865    0.001367
866    0.001397
867    0.001313
868    0.000742
869    0.001333
870    0.001232
871    0.000747
872    0.000738
873    0.000735
874    0.000761
875    0.001119
876    0.000766
877    0.00075
878    0.000812
879    0.000732
880    0.000734
881    0.00139
882    0.001451
883    0.001578
884    0.000989
885    0.001534
886    0.001536
887    0.001232
888    0.000875
889    0.001272
890    0.00155
891    0.001007
892    0.000962
893    0.001596
894    0.00129
895    0.001495
896    0.001673
897    0.001534
898    0.001123
899    0.001588
900    0.001691
901    0.000782
902    0.001428
903    0.000759
904    0.000768
905    0.000759
906    0.000938
907    0.001571
908    0.001062
909    0.000785
910    0.000757
911    0.000757
912    0.000779
913    0.000772
914    0.001372
915    0.000841
916    0.001362
917    0.001449
918    0.001484
919    0.000851
920    0.000944
921    0.001417
922    0.001352
923    0.001276
924    0.000782
925    0.000762
926    0.001399
927    0.001071
928    0.000753
929    0.000768
930    0.00079
931    0.001396
932    0.000819
933    0.000787
934    0.001399
935    0.00142
936    0.000925
937    0.000959
938    0.001355
939    0.000863
940    0.00133
941    0.000822
942    0.001483
943    0.001476
944    0.001245
945    0.001117
946    0.001566
947    0.00152
948    0.001524
949    0.001423
950    0.001536
951    0.00156
952    0.001518
953    0.001513
954    0.001528
955    0.001605
956    0.001187
957    0.001679
958    0.001524
959    0.001633
960    0.001575
961    0.001559
962    0.00108
963    0.001503
964    0.000824
965    0.001389
966    0.001448
967    0.001016
968    0.000833
969    0.001492
970    0.00118
971    0.001073
972    0.001085
973    0.001076
974    0.001356
975    0.000906
976    0.000806
977    0.000828
978    0.000791
979    0.001436
980    0.000857
981    0.001336
982    0.000876
983    0.000889
984    0.0014
985    0.001404
986    0.000752
987    0.00081
988    0.000828
989    0.000825
990    0.000757
991    0.001358
992    0.001424
993    0.000822
994    0.001283
995    0.001399
996    0.000791
997    0.000849
998    0.001379
999    0.001395
1000    0.001368
1001    0.00132
1002    0.001307
1003    0.000722
1004    0.000735
1005    0.000721
1006    0.000945
1007    0.000824
1008    0.000793
1009    0.001331
1010    0.001346
1011    0.001322
1012    0.000802
1013    0.000762
1014    0.000785
1015    0.001396
1016    0.001391
1017    0.000737
1018    0.001258
1019    0.001342
1020    0.001149
1021    0.000767
1022    0.000775
1023    0.001443
1024    0.000765
1025    0.000785
1026    0.000791
1027    0.000831
1028    0.001378
1029    0.000878
1030    0.000736
1031    0.000737
1032    0.000756
1033    0.000786
1034    0.001118
1035    0.001402
1036    0.001403
1037    0.000742
1038    0.00087
1039    0.001325
1040    0.000725
1041    0.001326
1042    0.00073
1043    0.001391
1044    0.00139
1045    0.000748
1046    0.000909
1047    0.000801
1048    0.001264
1049    0.001245
1050    0.001317
1051    0.000818
1052    0.001398
1053    0.001091
1054    0.001444
1055    0.001367
1056    0.000765
1057    0.001384
1058    0.001377
1059    0.001174
1060    0.000743
1061    0.00086
1062    0.000775
1063    0.000781
1064    0.001368
1065    0.000797
1066    0.001365
1067    0.000971
1068    0.001394
1069    0.001331
1070    0.001336
1071    0.001346
1072    0.001312
1073    0.001355
1074    0.001397
1075    0.000773
1076    0.000833
1077    0.000879
1078    0.000761
1079    0.000765
1080    0.001262
1081    0.001334
1082    0.001385
1083    0.001363
1084    0.00076
1085    0.000761
1086    0.00079
1087    0.000761
1088    0.000729
1089    0.001068
1090    0.001389
1091    0.000813
1092    0.000764
1093    0.000773
1094    0.000765
1095    0.000854
1096    0.001388
1097    0.000747
1098    0.00073
1099    0.000735
1100    0.000737
1101    0.000736
1102    0.000756
1103    0.000738
1104    0.000735
1105    0.001331
1106    0.00131
1107    0.000812
1108    0.000924
1109    0.000763
1110    0.000883
1111    0.000948
1112    0.000866
1113    0.001157
1114    0.000901
1115    0.000995
1116    0.001386
1117    0.000785
1118    0.00135
1119    0.000761
1120    0.00091
1121    0.00139
1122    0.000776
1123    0.001135
1124    0.000775
1125    0.001316
1126    0.00077
1127    0.000779
1128    0.000734
1129    0.000764
1130    0.000779
1131    0.000773
1132    0.000786
1133    0.000774
1134    0.001385
1135    0.000784
1136    0.000734
1137    0.000751
1138    0.001372
1139    0.001186
1140    0.000755
1141    0.000766
1142    0.00075
1143    0.000944
1144    0.001379
1145    0.001368
1146    0.000765
1147    0.00078
1148    0.00075
1149    0.001306
1150    0.001338
1151    0.001235
1152    0.001403
1153    0.001403
1154    0.001381
1155    0.001038
1156    0.001363
1157    0.000906
1158    0.001381
1159    0.001346
1160    0.000755
1161    0.001349
1162    0.001366
1163    0.000906
1164    0.000732
1165    0.001158
1166    0.000862
1167    0.001094
1168    0.000778
1169    0.000765
1170    0.000847
1171    0.000829
1172    0.000739
1173    0.000737
1174    0.001006
1175    0.00106
1176    0.000743
1177    0.000773
1178    0.000829
1179    0.000747
1180    0.000775
1181    0.000899
1182    0.000786
1183    0.000793
1184    0.000763
1185    0.000767
1186    0.00077
1187    0.000767
1188    0.001403
1189    0.000811
1190    0.000732
1191    0.000753
1192    0.000751
1193    0.001417
1194    0.000761
1195    0.000764
1196    0.000776
1197    0.000773
1198    0.001415
1199    0.000768
1200    0.000943
1201    0.000765
1202    0.000764
1203    0.000776
1204    0.001361
1205    0.001367
1206    0.000773
1207    0.000764
1208    0.001379
1209    0.000771
1210    0.000773
1211    0.000819
1212    0.000777
1213    0.000774
1214    0.001391
1215    0.001453
1216    0.001394
1217    0.001353
1218    0.001412
1219    0.001431
1220    0.000774
1221    0.000765
1222    0.000776
1223    0.00124
1224    0.000758
1225    0.001142
1226    0.001389
1227    0.000735
1228    0.000734
1229    0.00074
1230    0.000744
1231    0.000769
1232    0.000802
1233    0.000757
1234    0.001389
1235    0.000769
1236    0.000772
1237    0.000784
1238    0.000781
1239    0.000809
1240    0.000981
1241    0.000757
1242    0.000803
1243    0.000755
1244    0.000752
1245    0.000776
1246    0.000843
1247    0.000762
1248    0.00076
1249    0.000783
1250    0.000764
1251    0.001347
1252    0.000745
1253    0.000781
1254    0.000744
1255    0.000745
1256    0.000778
1257    0.001324
1258    0.000747
1259    0.00132
1260    0.001388
1261    0.001406
1262    0.001334
1263    0.000743
1264    0.000763
1265    0.000772
1266    0.001375
1267    0.000764
1268    0.001423
1269    0.001076
1270    0.000926
1271    0.001387
1272    0.001197
1273    0.000819
1274    0.00118
1275    0.00142
1276    0.000868
1277    0.001383
1278    0.001389
1279    0.000757
1280    0.000753
1281    0.000821
1282    0.000741
1283    0.001308
1284    0.001341
1285    0.000795
1286    0.001281
1287    0.001292
1288    0.000744
1289    0.000788
1290    0.000757
1291    0.00078
1292    0.001209
1293    0.001254
1294    0.000767
1295    0.000814
1296    0.000781
1297    0.000753
1298    0.000733
1299    0.000736
1300    0.00075
1301    0.000764
1302    0.000766
1303    0.001427
1304    0.000779
1305    0.001429
1306    0.000807
1307    0.000841
1308    0.000732
1309    0.001312
1310    0.001316
1311    0.001111
1312    0.000888
1313    0.000778
1314    0.000776
1315    0.00081
1316    0.000804
1317    0.000787
1318    0.000852
1319    0.001342
1320    0.001376
1321    0.000791
1322    0.001374
1323    0.00104
1324    0.000959
1325    0.000914
1326    0.001009
1327    0.000786
1328    0.000989
1329    0.000788
1330    0.000754
1331    0.001395
1332    0.000997
1333    0.000852
1334    0.000888
1335    0.001407
1336    0.0014
1337    0.000896
1338    0.000851
1339    0.000895
1340    0.000786
1341    0.001202
1342    0.001386
1343    0.000859
1344    0.000853
1345    0.000778
1346    0.000813
1347    0.000768
1348    0.000779
1349    0.000791
1350    0.001431
1351    0.001163
1352    0.000786
1353    0.000792
1354    0.001403
1355    0.001073
1356    0.000824
1357    0.001421
1358    0.001213
1359    0.001142
1360    0.000756
1361    0.000943
1362    0.000868
1363    0.000819
1364    0.000778
1365    0.001384
1366    0.000782
1367    0.000864
1368    0.000773
1369    0.000817
1370    0.000784
1371    0.000769
1372    0.001118
1373    0.000772
1374    0.000797
1375    0.000784
1376    0.001361
1377    0.001122
1378    0.001115
1379    0.001229
1380    0.000764
1381    0.000783
1382    0.000784
1383    0.000753
1384    0.000749
1385    0.000737
1386    0.001272
1387    0.00072
1388    0.001285
1389    0.001223
1390    0.00124
1391    0.000684
1392    0.000689
1393    0.0007
1394    0.000689
1395    0.000687
1396    0.000692
1397    0.001206
1398    0.000677
1399    0.000676
1400    0.000704
1401    0.000706
1402    0.000694
1403    0.000712
1404    0.000687
1405    0.000674
1406    0.000678
1407    0.001224
1408    0.000825
1409    0.000714
1410    0.000827
1411    0.000692
1412    0.000692
1413    0.00068
1414    0.000682
1415    0.0007
1416    0.00068
1417    0.000731
1418    0.000737
1419    0.000751
1420    0.000707
1421    0.00072
1422    0.00073
1423    0.000759
1424    0.000748
1425    0.000719
1426    0.000751
1427    0.000686
1428    0.000709
1429    0.000691
1430    0.000682
1431    0.000925
1432    0.000688
1433    0.000686
1434    0.000682
1435    0.000681
1436    0.000709
1437    0.000692
1438    0.000677
1439    0.000713
1440    0.000718
1441    0.000712
1442    0.000824
1443    0.000703
1444    0.000716
1445    0.000711
1446    0.000726
1447    0.000699
1448    0.000668
1449    0.000775
1450    0.000725
1451    0.000711
1452    0.000703
1453    0.000703
1454    0.000729
1455    0.000713
1456    0.000701
1457    0.000888
1458    0.000746
1459    0.000751
1460    0.000704
1461    0.00073
1462    0.000802
1463    0.000724
1464    0.000727
1465    0.000723
1466    0.000718
1467    0.000707
1468    0.000711
1469    0.001199
1470    0.000683
1471    0.000678
1472    0.000694
1473    0.000799
1474    0.000706
1475    0.00068
1476    0.00068
1477    0.000686
1478    0.00068
1479    0.000675
1480    0.000654
1481    0.000656
1482    0.000678
1483    0.000639
1484    0.000657
1485    0.000635
1486    0.000637
1487    0.000645
1488    0.000647
1489    0.000619
1490    0.000632
1491    0.000629
1492    0.000614
1493    0.000616
1494    0.000631
1495    0.000624
1496    0.000644
1497    0.000633
1498    0.000636
1499    0.000646
1500    0.000623
1501    0.000615
1502    0.000614
1503    0.000715
1504    0.000633
1505    0.000743
1506    0.000723
1507    0.00061
1508    0.000579
1509    0.000867
1510    0.000608
1511    0.000701
1512    0.000608
1513    0.000623
1514    0.000726
1515    0.000657
1516    0.000617
1517    0.000614
1518    0.001053
1519    0.000586
1520    0.00062
1521    0.00059
1522    0.000667
1523    0.000597
1524    0.000595
1525    0.00061
1526    0.001138
1527    0.000614
1528    0.001119
1529    0.001119
1530    0.000616
1531    0.000603
1532    0.000998
1533    0.001044
1534    0.000594
1535    0.000592
1536    0.000614
1537    0.000582
1538    0.000614
1539    0.000591
1540    0.000646
1541    0.000624
1542    0.000609
1543    0.000597
1544    0.000615
1545    0.000601
1546    0.000602
1547    0.000608
1548    0.000626
1549    0.000613
1550    0.000621
1551    0.000634
1552    0.000638
1553    0.000649
1554    0.001117
1555    0.000614
1556    0.000618
1557    0.000614
1558    0.000612
1559    0.00061
1560    0.00061
1561    0.000607
1562    0.000599
1563    0.000606
1564    0.000597
1565    0.000618
1566    0.000621
1567    0.000616
1568    0.000625
1569    0.000626
1570    0.000624
1571    0.000603
1572    0.000599
1573    0.000611
1574    0.000646
1575    0.000597
1576    0.000596
1577    0.000608
1578    0.000623
1579    0.000625
1580    0.000629
1581    0.000624
1582    0.00062
1583    0.000631
1584    0.000626
1585    0.00062
1586    0.000621
1587    0.000614
1588    0.000625
1589    0.000625
1590    0.000646
1591    0.000653
1592    0.00064
1593    0.000614
1594    0.000625
1595    0.000632
1596    0.000627
1597    0.000629
1598    0.000626
1599    0.000614
1600    0.000622
1601    0.000585
1602    0.000593
1603    0.000597
1604    0.000597
1605    0.000738
1606    0.000652
1607    0.00067
1608    0.000589
1609    0.000597
1610    0.000591
1611    0.000601
1612    0.000617
1613    0.000602
1614    0.000596
1615    0.000632
1616    0.00061
1617    0.000609
1618    0.000608
1619    0.000601
1620    0.000597
1621    0.00061
1622    0.000601
1623    0.00061
1624    0.000616
1625    0.000592
1626    0.000591
1627    0.000603
1628    0.000603
1629    0.000612
1630    0.000595
1631    0.000616
1632    0.000602
1633    0.00061
1634    0.000587
1635    0.000597
1636    0.000598
1637    0.000607
1638    0.000604
1639    0.000596
1640    0.0006
1641    0.000608
1642    0.000635
1643    0.000599
1644    0.000607
1645    0.000632
1646    0.000621
1647    0.000603
1648    0.0006
1649    0.000596
1650    0.000623
1651    0.000635
1652    0.000618
1653    0.000618
1654    0.000618
1655    0.00063
1656    0.000628
1657    0.000625
1658    0.000623
1659    0.000623
1660    0.000629
1661    0.000661
1662    0.000605
1663    0.000615
1664    0.000622
1665    0.000632
1666    0.000624
1667    0.000592
1668    0.000601
1669    0.000594
1670    0.000596
1671    0.000597
1672    0.000595
1673    0.000587
1674    0.000592
1675    0.00061
1676    0.000588
1677    0.000598
1678    0.000599
1679    0.000606
1680    0.000682
1681    0.000615
1682    0.000623
1683    0.000615
1684    0.000613
1685    0.000633
1686    0.000635
1687    0.001176
1688    0.00068
1689    0.000646
1690    0.000694
1691    0.000696
1692    0.00066
1693    0.000659
1694    0.000708
1695    0.000665
1696    0.000671
1697    0.000659
1698    0.000658
1699    0.000696
1700    0.000707
1701    0.000674
1702    0.000658
1703    0.000668
1704    0.000654
1705    0.000657
1706    0.000746
1707    0.000683
1708    0.00067
1709    0.000672
1710    0.000687
1711    0.000716
1712    0.001245
1713    0.000662
1714    0.000659
1715    0.000693
1716    0.000649
1717    0.000682
1718    0.000952
1719    0.000728
1720    0.000729
1721    0.000649
1722    0.000644
1723    0.000634
1724    0.001175
1725    0.000669
1726    0.000664
1727    0.000653
1728    0.000641
1729    0.000639
1730    0.00112
1731    0.000662
1732    0.000712
1733    0.000664
1734    0.000651
1735    0.000611
1736    0.000606
1737    0.000616
1738    0.00065
1739    0.001455
1740    0.001441
1741    0.00069
1742    0.000686
1743    0.000704
1744    0.000691
1745    0.000675
1746    0.000777
1747    0.000668
1748    0.00066
1749    0.000662
1750    0.000634
1751    0.000628
1752    0.000625
1753    0.000633
1754    0.000628
1755    0.000609
1756    0.00064
1757    0.000618
1758    0.000637
1759    0.000612
1760    0.000615
1761    0.000621
1762    0.000619
1763    0.00066
1764    0.000618
1765    0.00061
1766    0.000614
1767    0.000618
1768    0.000623
1769    0.000617
1770    0.000622
1771    0.000635
1772    0.00068
1773    0.00065
1774    0.000624
1775    0.000605
1776    0.000616
1777    0.000599
1778    0.000605
1779    0.000607
1780    0.000604
1781    0.0006
1782    0.000601
1783    0.000607
1784    0.000597
1785    0.000615
1786    0.000628
1787    0.000623
1788    0.00107
1789    0.001059
1790    0.000578
1791    0.000582
1792    0.000574
1793    0.000593
1794    0.000599
1795    0.000601
1796    0.000597
1797    0.00059
1798    0.000591
1799    0.000622
1800    0.000592
1801    0.000625
1802    0.00062
1803    0.001076
1804    0.000621
1805    0.000612
1806    0.000612
1807    0.001118
1808    0.000616
1809    0.000625
1810    0.000621
1811    0.00062
1812    0.000618
1813    0.000642
1814    0.00061
1815    0.000616
1816    0.000613
1817    0.000637
1818    0.000604
1819    0.000598
1820    0.000601
1821    0.000614
1822    0.000604
1823    0.000596
1824    0.00062
1825    0.000648
1826    0.000653
1827    0.000618
1828    0.000618
1829    0.000911
1830    0.000645
1831    0.000623
1832    0.000674
1833    0.000615
1834    0.000602
1835    0.000597
1836    0.000601
1837    0.000614
1838    0.0006
1839    0.000594
1840    0.00061
1841    0.000672
1842    0.000855
1843    0.000652
1844    0.000852
1845    0.001087
1846    0.000613
1847    0.000583
1848    0.000613
1849    0.00059
1850    0.000592
1851    0.000644
1852    0.000627
1853    0.000663
1854    0.000624
1855    0.000628
1856    0.000621
1857    0.000639
1858    0.000641
1859    0.000633
1860    0.00064
1861    0.000653
1862    0.000638
1863    0.000626
1864    0.000634
1865    0.000655
1866    0.000639
1867    0.000643
1868    0.000682
1869    0.000642
1870    0.000664
1871    0.000638
1872    0.000633
1873    0.000659
1874    0.000613
1875    0.000615
1876    0.000627
1877    0.00063
1878    0.000619
1879    0.000612
1880    0.000614
1881    0.000635
1882    0.000609
1883    0.000617
1884    0.000612
1885    0.000625
1886    0.000612
1887    0.000606
1888    0.000611
1889    0.000613
1890    0.000608
1891    0.000613
1892    0.000619
1893    0.000625
1894    0.000635
1895    0.000617
1896    0.000696
1897    0.00062
1898    0.000716
1899    0.000631
1900    0.000616
1901    0.000641
1902    0.00068
1903    0.000697
1904    0.000646
1905    0.000666
1906    0.000635
1907    0.000646
1908    0.000678
1909    0.000631
1910    0.000653
1911    0.000643
1912    0.000613
1913    0.000609
1914    0.000612
1915    0.00062
1916    0.000611
1917    0.000617
1918    0.000613
1919    0.000626
1920    0.000605
1921    0.000606
1922    0.000586
1923    0.000613
1924    0.000602
1925    0.000616
1926    0.000746
1927    0.000593
1928    0.000592
1929    0.000594
1930    0.00065
1931    0.000599
1932    0.000587
1933    0.000616
1934    0.000589
1935    0.000743
1936    0.000607
1937    0.000614
1938    0.000616
1939    0.0006
1940    0.000614
1941    0.000598
1942    0.000602
1943    0.000601
1944    0.000593
1945    0.000631
1946    0.000596
1947    0.000599
1948    0.001095
1949    0.000598
1950    0.000602
1951    0.001093
1952    0.000599
1953    0.000607
1954    0.001089
1955    0.000609
1956    0.000591
1957    0.000609
1958    0.000591
1959    0.000667
1960    0.000611
1961    0.000599
1962    0.000628
1963    0.000633
1964    0.000624
1965    0.000619
1966    0.000627
1967    0.000646
1968    0.000631
1969    0.000611
1970    0.000585
1971    0.000582
1972    0.000567
1973    0.000586
1974    0.00062
1975    0.000543
1976    0.000546
1977    0.000555
1978    0.000535
1979    0.00054
1980    0.000532
1981    0.000517
1982    0.00053
1983    0.000529
1984    0.000516
1985    0.000521
1986    0.000532
1987    0.000517
1988    0.000525
1989    0.000516
1990    0.000527
1991    0.000513
1992    0.000503
1993    0.000508
1994    0.000507
1995    0.000509
1996    0.000513
1997    0.000504
1998    0.000544
1999    0.000501
2000    0.000515
2001    0.00054
2002    0.00056
2003    0.000528
2004    0.000536
2005    0.00054
2006    0.000541
2007    0.000529
2008    0.000522
2009    0.000515
2010    0.000518
2011    0.000527
2012    0.000531
2013    0.000518
2014    0.000525
2015    0.000508
2016    0.000502
2017    0.000518
2018    0.000505
2019    0.000505
2020    0.000504
2021    0.000526
2022    0.00051
2023    0.000511
2024    0.00051
2025    0.000525
2026    0.000498
2027    0.000511
2028    0.000499
2029    0.000506
2030    0.000529
2031    0.000506
2032    0.00051
2033    0.000508
2034    0.000547
2035    0.000508
2036    0.00051
2037    0.000508
2038    0.000509
2039    0.000524
2040    0.000542
2041    0.000506
2042    0.00051
2043    0.000508
2044    0.000512
2045    0.000503
2046    0.000508
2047    0.000502
2048    0.000508
2049    0.000514
2050    0.00051
2051    0.000541
2052    0.000545
2053    0.000524
2054    0.000538
2055    0.000528
2056    0.000534
2057    0.000523
2058    0.000537
2059    0.000529
2060    0.000518
2061    0.000526
2062    0.00053
2063    0.000523
2064    0.000527
2065    0.000518
2066    0.000517
2067    0.000529
2068    0.000523
2069    0.000518
2070    0.000836
2071    0.0005
2072    0.00051
2073    0.000519
2074    0.000511
2075    0.000521
2076    0.000512
2077    0.000557
2078    0.000518
2079    0.000538
2080    0.000526
2081    0.000526
2082    0.000514
2083    0.000523
2084    0.000503
2085    0.000506
2086    0.00051
2087    0.000505
2088    0.000507
2089    0.000511
2090    0.000508
2091    0.000507
2092    0.000512
2093    0.000504
2094    0.000506
2095    0.000509
2096    0.00051
2097    0.000517
2098    0.000547
2099    0.000518
2100    0.000505
2101    0.000538
2102    0.000564
2103    0.000535
2104    0.000761
2105    0.000537
2106    0.000618
2107    0.000531
2108    0.000615
2109    0.000547
2110    0.000515
2111    0.000516
2112    0.000523
2113    0.000594
2114    0.000523
2115    0.000521
2116    0.000546
2117    0.000623
2118    0.000539
2119    0.000539
2120    0.00056
2121    0.000532
2122    0.000514
2123    0.000522
2124    0.000514
2125    0.000525
2126    0.000516
2127    0.000516
2128    0.000515
2129    0.000517
2130    0.000513
2131    0.000508
2132    0.000506
2133    0.000508
2134    0.000518
2135    0.000514
2136    0.000527
2137    0.000522
2138    0.000532
2139    0.000517
2140    0.000538
2141    0.000538
2142    0.000523
2143    0.000523
2144    0.000531
2145    0.000623
2146    0.000522
2147    0.000506
2148    0.000718
2149    0.000518
2150    0.000633
2151    0.000581
2152    0.00054
2153    0.000534
2154    0.00053
2155    0.000539
2156    0.000536
2157    0.000543
2158    0.000526
2159    0.000513
2160    0.000519
2161    0.000516
2162    0.000511
2163    0.000512
2164    0.000514
2165    0.000555
2166    0.000499
2167    0.000508
2168    0.000501
2169    0.0005
2170    0.000518
2171    0.000901
2172    0.000504
2173    0.000503
2174    0.000503
2175    0.000573
2176    0.000511
2177    0.000506
2178    0.000587
2179    0.000512
2180    0.0005
2181    0.000521
2182    0.000522
2183    0.000537
2184    0.00058
2185    0.00056
2186    0.000524
2187    0.000507
2188    0.000508
2189    0.000542
2190    0.000508
2191    0.000511
2192    0.000513
2193    0.000521
2194    0.000523
2195    0.000516
2196    0.000523
2197    0.000507
2198    0.000523
2199    0.000521
2200    0.000495
2201    0.000542
2202    0.000519
2203    0.00052
2204    0.000512
2205    0.000526
2206    0.000516
2207    0.000515
2208    0.000513
2209    0.000545
2210    0.000498
2211    0.000508
2212    0.000503
2213    0.000501
2214    0.000511
2215    0.000578
2216    0.000533
2217    0.000504
2218    0.0005
2219    0.000534
2220    0.000539
2221    0.000523
2222    0.000522
2223    0.000519
2224    0.000516
2225    0.000516
2226    0.000535
2227    0.00076
2228    0.000572
2229    0.000564
2230    0.000542
2231    0.000558
2232    0.000541
2233    0.000539
2234    0.00055
2235    0.000545
2236    0.000557
2237    0.000537
2238    0.000532
2239    0.000525
2240    0.000551
2241    0.000553
2242    0.000528
2243    0.000533
2244    0.00054
2245    0.000532
2246    0.000536
2247    0.000532
2248    0.000538
2249    0.000527
2250    0.000533
2251    0.000517
2252    0.000517
2253    0.000525
2254    0.000519
2255    0.00052
2256    0.000516
2257    0.000518
2258    0.000518
2259    0.000521
2260    0.000534
2261    0.000506
2262    0.000507
2263    0.000509
2264    0.000499
2265    0.000508
2266    0.000564
2267    0.000504
2268    0.000512
2269    0.000576
2270    0.000513
2271    0.00052
2272    0.000521
2273    0.000514
2274    0.000521
2275    0.000515
2276    0.000531
2277    0.000522
2278    0.000532
2279    0.000549
2280    0.000538
2281    0.000546
2282    0.000561
2283    0.000651
2284    0.000576
2285    0.000579
2286    0.000569
2287    0.00057
2288    0.000562
2289    0.000566
2290    0.000572
2291    0.000573
2292    0.00058
2293    0.000552
2294    0.000565
2295    0.000553
2296    0.000552
2297    0.000581
2298    0.00056
2299    0.000564
2300    0.000547
2301    0.000579
2302    0.000989
2303    0.000683
2304    0.00059
2305    0.000671
2306    0.000606
2307    0.000632
2308    0.000578
2309    0.000607
2310    0.000559
2311    0.000574
2312    0.000566
2313    0.000545
2314    0.000556
2315    0.000548
2316    0.000528
2317    0.000533
2318    0.000532
2319    0.000536
2320    0.00054
2321    0.000519
2322    0.00052
2323    0.000517
2324    0.000518
2325    0.000519
2326    0.000518
2327    0.000535
2328    0.000532
2329    0.000525
2330    0.000507
2331    0.000509
2332    0.000504
2333    0.000506
2334    0.000511
2335    0.000501
2336    0.000503
2337    0.000955
2338    0.000501
2339    0.000528
2340    0.000508
2341    0.000517
2342    0.000507
2343    0.0005
2344    0.000506
2345    0.000504
2346    0.000512
2347    0.000504
2348    0.000511
2349    0.000497
2350    0.000504
2351    0.000508
2352    0.000503
2353    0.000506
2354    0.000504
2355    0.000501
2356    0.000502
2357    0.000509
2358    0.000507
2359    0.0005
2360    0.000509
2361    0.000508
2362    0.000513
2363    0.00098
2364    0.000526
2365    0.000519
2366    0.000505
2367    0.000518
2368    0.000515
2369    0.000516
2370    0.000502
2371    0.000517
2372    0.000519
2373    0.000513
2374    0.000516
2375    0.000525
2376    0.000525
2377    0.000518
2378    0.000508
2379    0.000502
2380    0.000504
2381    0.00052
2382    0.000503
2383    0.000517
2384    0.00052
2385    0.000529
2386    0.000534
2387    0.000539
2388    0.000531
2389    0.000527
2390    0.000554
2391    0.000565
2392    0.000593
2393    0.00056
2394    0.000592
2395    0.000591
2396    0.00055
2397    0.000551
2398    0.000537
2399    0.00055
2400    0.000548
2401    0.000564
2402    0.000575
2403    0.000562
2404    0.000547
2405    0.000542
2406    0.000557
2407    0.000581
2408    0.000555
2409    0.000541
2410    0.000527
2411    0.000566
2412    0.000512
2413    0.000515
2414    0.000518
2415    0.000518
2416    0.000513
2417    0.000517
2418    0.00052
2419    0.000517
2420    0.00052
2421    0.000599
2422    0.000514
2423    0.000519
2424    0.000518
2425    0.000521
2426    0.000526
2427    0.000527
2428    0.000534
2429    0.000536
2430    0.000551
2431    0.000579
2432    0.00057
2433    0.000537
2434    0.000518
2435    0.000594
2436    0.000544
2437    0.000555
2438    0.000531
2439    0.000536
2440    0.000582
2441    0.000534
2442    0.000567
2443    0.000523
2444    0.000524
2445    0.000514
2446    0.000513
2447    0.000594
2448    0.000736
2449    0.001203
2450    0.00059
2451    0.000574
2452    0.000774
2453    0.000583
2454    0.000996
2455    0.000558
2456    0.000552
2457    0.000536
2458    0.000533
2459    0.000532
2460    0.000524
2461    0.000527
2462    0.00054
2463    0.000512
2464    0.000543
2465    0.00052
2466    0.000516
2467    0.000542
2468    0.000524
2469    0.000515
2470    0.00072
2471    0.000533
2472    0.000525
2473    0.000546
2474    0.000537
2475    0.000523
2476    0.000536
2477    0.000536
2478    0.000531
2479    0.000542
2480    0.000525
2481    0.000516
2482    0.000522
2483    0.000513
2484    0.000522
2485    0.000529
2486    0.000528
2487    0.000554
2488    0.000512
2489    0.000525
2490    0.000539
2491    0.000517
2492    0.000525
2493    0.000545
2494    0.000513
2495    0.00051
2496    0.000507
2497    0.000504
2498    0.000515
2499    0.000503
2500    0.000502
2501    0.000582
2502    0.000541
2503    0.000544
2504    0.000526
2505    0.000516
2506    0.00052
2507    0.000516
2508    0.000522
2509    0.000514
2510    0.000519
2511    0.00052
2512    0.00052
2513    0.000537
2514    0.00052
2515    0.00052
2516    0.000521
2517    0.000537
2518    0.000528
2519    0.000513
2520    0.000518
2521    0.000504
2522    0.0005
2523    0.000504
2524    0.0005
2525    0.000514
2526    0.000516
2527    0.000513
2528    0.000823
2529    0.000517
2530    0.00052
2531    0.000538
2532    0.000523
2533    0.000521
2534    0.000517
2535    0.000499
2536    0.000515
2537    0.000504
2538    0.000505
2539    0.000511
2540    0.000503
2541    0.000507
2542    0.000515
2543    0.000517
2544    0.00055
2545    0.000516
2546    0.00052
2547    0.000527
2548    0.000527
2549    0.000526
2550    0.000523
2551    0.000532
2552    0.000535
2553    0.000541
2554    0.000536
2555    0.000625
2556    0.000519
2557    0.000519
2558    0.00054
2559    0.000525
2560    0.000592
2561    0.00052
2562    0.000509
2563    0.000571
2564    0.000511
2565    0.000505
2566    0.000529
2567    0.000514
2568    0.000512
2569    0.000579
2570    0.000554
2571    0.000523
2572    0.000538
2573    0.000526
2574    0.000517
2575    0.000504
2576    0.000504
2577    0.000513
2578    0.000507
2579    0.000508
2580    0.000503
2581    0.000561
2582    0.000528
2583    0.000526
2584    0.000531
2585    0.000515
2586    0.000523
2587    0.000509
2588    0.000503
2589    0.000517
2590    0.000524
2591    0.00052
2592    0.000535
2593    0.000561
2594    0.000515
2595    0.000513
2596    0.000508
2597    0.000512
2598    0.000516
2599    0.000502
2600    0.000521
2601    0.000534
2602    0.000547
2603    0.000542
2604    0.00054
2605    0.000561
2606    0.000536
2607    0.000523
2608    0.000526
2609    0.000534
2610    0.000526
2611    0.000528
2612    0.000533
2613    0.000548
2614    0.000531
2615    0.000521
2616    0.000549
2617    0.000518
2618    0.000503
2619    0.000523
2620    0.000511
2621    0.00051
2622    0.000521
2623    0.000504
2624    0.000508
2625    0.0005
2626    0.000517
2627    0.000523
2628    0.000523
2629    0.00052
2630    0.000521
2631    0.000568
2632    0.000516
2633    0.000528
2634    0.000514
2635    0.00052
2636    0.000519
2637    0.00052
2638    0.000502
2639    0.000504
2640    0.000501
2641    0.000508
2642    0.000504
2643    0.000509
2644    0.000516
2645    0.000506
2646    0.000504
2647    0.000502
2648    0.000504
2649    0.00053
2650    0.000536
2651    0.000508
2652    0.000509
2653    0.000513
2654    0.000507
2655    0.000501
2656    0.000511
2657    0.000505
2658    0.00051
2659    0.000502
2660    0.000504
2661    0.000522
2662    0.000503
2663    0.000522
2664    0.000537
2665    0.000548
2666    0.000524
2667    0.000516
2668    0.000521
2669    0.000517
2670    0.000521
2671    0.000517
2672    0.00051
2673    0.000523
2674    0.000526
2675    0.000514
2676    0.000521
2677    0.000512
2678    0.000505
2679    0.000526
2680    0.000521
2681    0.000521
2682    0.000531
2683    0.000514
2684    0.000517
2685    0.000511
2686    0.000527
2687    0.000523
2688    0.000522
2689    0.000516
2690    0.000526
2691    0.000516
2692    0.000516
2693    0.000515
2694    0.000513
2695    0.000518
2696    0.000524
2697    0.000517
2698    0.000515
2699    0.00051
2700    0.000504
2701    0.000538
2702    0.000532
2703    0.000533
2704    0.000537
2705    0.000522
2706    0.00052
2707    0.000514
2708    0.00052
2709    0.00052
2710    0.000529
2711    0.00052
2712    0.000522
2713    0.000514
2714    0.000515
2715    0.000551
2716    0.000519
2717    0.000615
2718    0.000559
2719    0.000569
2720    0.000583
2721    0.000556
2722    0.000543
2723    0.000559
2724    0.000629
2725    0.000671
2726    0.000605
2727    0.000585
2728    0.000614
2729    0.000589
2730    0.000555
2731    0.000549
2732    0.000613
2733    0.00063
2734    0.00061
2735    0.000592
2736    0.000651
2737    0.000608
2738    0.000605
2739    0.000608
2740    0.00057
2741    0.000551
2742    0.000557
2743    0.000562
2744    0.000533
2745    0.000545
2746    0.000536
2747    0.000535
2748    0.000539
2749    0.000536
2750    0.000534
2751    0.00057
2752    0.000711
2753    0.000603
2754    0.000643
2755    0.00061
2756    0.000597
2757    0.000599
2758    0.000597
2759    0.00061
2760    0.000635
2761    0.000608
2762    0.000595
2763    0.000569
2764    0.00057
2765    0.000558
2766    0.000554
2767    0.000556
2768    0.000531
2769    0.000533
2770    0.000554
2771    0.000539
2772    0.000523
2773    0.000538
2774    0.000513
2775    0.000525
2776    0.000527
2777    0.000521
2778    0.000509
2779    0.000506
2780    0.000518
2781    0.000501
2782    0.000504
2783    0.000511
2784    0.000506
2785    0.000503
2786    0.000515
2787    0.000501
2788    0.000517
2789    0.000503
2790    0.000519
2791    0.000518
2792    0.000537
2793    0.000516
2794    0.000507
2795    0.000502
2796    0.000505
2797    0.000505
2798    0.000513
2799    0.000501
2800    0.000508
2801    0.000522
2802    0.000529
2803    0.000536
2804    0.000537
2805    0.000541
2806    0.000529
2807    0.000531
2808    0.000512
2809    0.000521
2810    0.000516
2811    0.000535
2812    0.00052
2813    0.000517
2814    0.00051
2815    0.000513
2816    0.000523
2817    0.0005
2818    0.000503
2819    0.000502
2820    0.000533
2821    0.000525
2822    0.000518
2823    0.00053
2824    0.000525
2825    0.000526
2826    0.000529
2827    0.000518
2828    0.0005
2829    0.000503
2830    0.000503
2831    0.000517
2832    0.000513
2833    0.000507
2834    0.000565
2835    0.000504
2836    0.000506
2837    0.000508
2838    0.000519
2839    0.000505
2840    0.000507
2841    0.000627
2842    0.000503
2843    0.000499
2844    0.000575
2845    0.000505
2846    0.000506
2847    0.000511
2848    0.000515
2849    0.000513
2850    0.000499
2851    0.000522
2852    0.000525
2853    0.000584
2854    0.000518
2855    0.00052
2856    0.000518
2857    0.000514
2858    0.000537
2859    0.00052
2860    0.000525
2861    0.000575
2862    0.000519
2863    0.000527
2864    0.000519
2865    0.000522
2866    0.000516
2867    0.000518
2868    0.000533
2869    0.000514
2870    0.000501
2871    0.000514
2872    0.000509
2873    0.000512
2874    0.00051
2875    0.000502
2876    0.000501
2877    0.000504
2878    0.000503
2879    0.000506
2880    0.000505
2881    0.000501
2882    0.000504
2883    0.000505
2884    0.000501
2885    0.000506
2886    0.000509
2887    0.000508
2888    0.000504
2889    0.000507
2890    0.000509
2891    0.000494
2892    0.000492
2893    0.000494
2894    0.000514
2895    0.000493
2896    0.00049
2897    0.000513
2898    0.000522
2899    0.000503
2900    0.000506
2901    0.000517
2902    0.000505
2903    0.00051
2904    0.000504
2905    0.000508
2906    0.000504
2907    0.000509
2908    0.000508
2909    0.000517
2910    0.000501
2911    0.0005
2912    0.00052
2913    0.000514
2914    0.000515
2915    0.000525
2916    0.000513
2917    0.000502
2918    0.000512
2919    0.000506
2920    0.000508
2921    0.000505
2922    0.000505
2923    0.000507
2924    0.000514
2925    0.000503
2926    0.000509
2927    0.000508
2928    0.00051
2929    0.000507
2930    0.000512
2931    0.000513
2932    0.000591
2933    0.000544
2934    0.000522
2935    0.000539
2936    0.000543
2937    0.000571
2938    0.000542
2939    0.00062
2940    0.000538
2941    0.000579
2942    0.000586
2943    0.000584
2944    0.000541
2945    0.000576
2946    0.000535
2947    0.000533
2948    0.000554
2949    0.00055
2950    0.000562
2951    0.000588
2952    0.00058
2953    0.000603
2954    0.00063
2955    0.000563
2956    0.000556
2957    0.000654
2958    0.000576
2959    0.000657
2960    0.000634
2961    0.000629
2962    0.000595
2963    0.000621
2964    0.000612
2965    0.00059
2966    0.000602
2967    0.000584
2968    0.000579
2969    0.000582
2970    0.000558
2971    0.000568
2972    0.000547
2973    0.000549
2974    0.000545
2975    0.000547
2976    0.000535
2977    0.00055
2978    0.000533
2979    0.000513
2980    0.000516
2981    0.000519
2982    0.000517
2983    0.000513
2984    0.00059
2985    0.000517
2986    0.000525
2987    0.000519
2988    0.000517
2989    0.000505
2990    0.000501
2991    0.000508
2992    0.000548
2993    0.000505
2994    0.00051
2995    0.000503
2996    0.000508
2997    0.000584
2998    0.0005
2999    0.000502
3000    0.000503
3001    0.000543
3002    0.000557
3003    0.000557
3004    0.000561
3005    0.000543
3006    0.000541
3007    0.000541
3008    0.000535
3009    0.000536
3010    0.00053
3011    0.000551
3012    0.00052
3013    0.000525
3014    0.000516
3015    0.000523
3016    0.000522
3017    0.000524
3018    0.000536
3019    0.000517
3020    0.000519
3021    0.000517
3022    0.000517
3023    0.000524
3024    0.000533
3025    0.000521
3026    0.000514
3027    0.000517
3028    0.000512
3029    0.000518
3030    0.000518
3031    0.00052
3032    0.000566
3033    0.000527
3034    0.000516
3035    0.00052
3036    0.000534
3037    0.00051
3038    0.000498
3039    0.000519
3040    0.000508
3041    0.00056
3042    0.000503
3043    0.000589
3044    0.000509
3045    0.0005
3046    0.000528
3047    0.000508
3048    0.00051
3049    0.000501
3050    0.000505
3051    0.000523
3052    0.000548
3053    0.000548
3054    0.000542
3055    0.000536
3056    0.000523
3057    0.000522
3058    0.000522
3059    0.000518
3060    0.000517
3061    0.000518
3062    0.000517
3063    0.00053
3064    0.00051
3065    0.000499
3066    0.0005
3067    0.000513
3068    0.000512
3069    0.000508
3070    0.000504
3071    0.000507
3072    0.00051
3073    0.000514
3074    0.00051
3075    0.000516
3076    0.00052
3077    0.000524
3078    0.00052
3079    0.000511
3080    0.000497
3081    0.000503
3082    0.000499
3083    0.000502
3084    0.000502
3085    0.000509
3086    0.000519
3087    0.000515
3088    0.000507
3089    0.000507
3090    0.000518
3091    0.000506
3092    0.00051
3093    0.0005
3094    0.000507
3095    0.000505
3096    0.000503
3097    0.000506
3098    0.000509
3099    0.000508
3100    0.00052
3101    0.00056
3102    0.000543
3103    0.000534
3104    0.000531
3105    0.000531
3106    0.000537
3107    0.000526
3108    0.000514
3109    0.000514
3110    0.000527
3111    0.000541
3112    0.000521
3113    0.000516
3114    0.000526
3115    0.000507
3116    0.000519
3117    0.000514
3118    0.000529
3119    0.0005
3120    0.000506
3121    0.000509
3122    0.000543
3123    0.000521
3124    0.000521
3125    0.000544
3126    0.000513
3127    0.000515
3128    0.00055
3129    0.000515
3130    0.000518
3131    0.000515
3132    0.00054
3133    0.000517
3134    0.000499
3135    0.000502
3136    0.000501
3137    0.000501
3138    0.000532
3139    0.000504
3140    0.00059
3141    0.000516
3142    0.000514
3143    0.000509
3144    0.000508
3145    0.000502
3146    0.000506
3147    0.000511
3148    0.000515
3149    0.000525
3150    0.000525
3151    0.000609
3152    0.000627
3153    0.000601
3154    0.000536
3155    0.000523
3156    0.000534
3157    0.000538
3158    0.000516
3159    0.000518
3160    0.00052
3161    0.000516
3162    0.000525
3163    0.000518
3164    0.000516
3165    0.000497
3166    0.000509
3167    0.000502
3168    0.000513
3169    0.000508
3170    0.000508
3171    0.000502
3172    0.000513
3173    0.000511
3174    0.000505
3175    0.000505
3176    0.000501
3177    0.000507
3178    0.000501
3179    0.000502
3180    0.000505
3181    0.000503
3182    0.00049
3183    0.000546
3184    0.000503
3185    0.000512
3186    0.000502
3187    0.000503
3188    0.000521
3189    0.000506
3190    0.000519
3191    0.000516
3192    0.000522
3193    0.000519
3194    0.000505
3195    0.000524
3196    0.000512
3197    0.000504
3198    0.000506
3199    0.000504
3200    0.000517
3201    0.000536
3202    0.000553
3203    0.000549
3204    0.000529
3205    0.000527
3206    0.000513
3207    0.000541
3208    0.000515
3209    0.000514
3210    0.000522
3211    0.000534
3212    0.000547
3213    0.000515
3214    0.000512
3215    0.000538
3216    0.00065
3217    0.000516
3218    0.000528
3219    0.000507
3220    0.000502
3221    0.000503
3222    0.000505
3223    0.000511
3224    0.000519
3225    0.000505
3226    0.000503
3227    0.000502
3228    0.000511
3229    0.000507
3230    0.000504
3231    0.000502
3232    0.000508
3233    0.000496
3234    0.000505
3235    0.000513
3236    0.000501
3237    0.000495
3238    0.000497
3239    0.00049
3240    0.00049
3241    0.000497
3242    0.000503
3243    0.000489
3244    0.000489
3245    0.000489
3246    0.00055
3247    0.000512
3248    0.000505
3249    0.000503
3250    0.000499
3251    0.000531
3252    0.000533
3253    0.000535
3254    0.000537
3255    0.000526
3256    0.000537
3257    0.000515
3258    0.000515
3259    0.000516
3260    0.000517
3261    0.000518
3262    0.000512
3263    0.000514
3264    0.000514
3265    0.000519
3266    0.000505
3267    0.000503
3268    0.000513
3269    0.000501
3270    0.000574
3271    0.000508
3272    0.000515
3273    0.000519
3274    0.00052
3275    0.000536
3276    0.000516
3277    0.000519
3278    0.000533
3279    0.000517
3280    0.000529
3281    0.000521
3282    0.000523
3283    0.000514
3284    0.0005
3285    0.000508
3286    0.00051
3287    0.000504
3288    0.000503
3289    0.00052
3290    0.000518
3291    0.000515
3292    0.000517
3293    0.000527
3294    0.0005
3295    0.000504
3296    0.000502
3297    0.000507
3298    0.000504
3299    0.00051
3300    0.000514
3301    0.000533
3302    0.000534
3303    0.000536
3304    0.000521
3305    0.000526
3306    0.000531
3307    0.000522
3308    0.000516
3309    0.000529
3310    0.000519
3311    0.000589
3312    0.000515
3313    0.000518
3314    0.000517
3315    0.000507
3316    0.000515
3317    0.00051
3318    0.000516
3319    0.0005
3320    0.000508
3321    0.00051
3322    0.000523
3323    0.000521
3324    0.000518
3325    0.000509
3326    0.000516
3327    0.000511
3328    0.000498
3329    0.000518
3330    0.000519
3331    0.000523
3332    0.000515
3333    0.000505
3334    0.000575
3335    0.000502
3336    0.000521
3337    0.000528
3338    0.00052
3339    0.000517
3340    0.000525
3341    0.000501
3342    0.000516
3343    0.000582
3344    0.000505
3345    0.0005
3346    0.000501
3347    0.000503
3348    0.000508
3349    0.000499
3350    0.00051
3351    0.000539
3352    0.00054
3353    0.000542
3354    0.000519
3355    0.000513
3356    0.000516
3357    0.000544
3358    0.000535
3359    0.000531
3360    0.000527
3361    0.000543
3362    0.000517
3363    0.000518
3364    0.000523
3365    0.000536
3366    0.000521
3367    0.000527
3368    0.00069
3369    0.000535
3370    0.000517
3371    0.000515
3372    0.000516
3373    0.000512
3374    0.000518
3375    0.000549
3376    0.000516
3377    0.000503
3378    0.0005
3379    0.000495
3380    0.000508
3381    0.000505
3382    0.000506
3383    0.000507
3384    0.000505
3385    0.000505
3386    0.000495
3387    0.000502
3388    0.000501
3389    0.000504
3390    0.000499
3391    0.000501
3392    0.000508
3393    0.000509
3394    0.000503
3395    0.000521
3396    0.000574
3397    0.000563
3398    0.000517
3399    0.000548
3400    0.000547
3401    0.000538
3402    0.000538
3403    0.00052
3404    0.000516
3405    0.00052
3406    0.000513
3407    0.000516
3408    0.000508
3409    0.000504
3410    0.000504
3411    0.000502
3412    0.000508
3413    0.000511
3414    0.000509
3415    0.000506
3416    0.000498
3417    0.000513
3418    0.000503
3419    0.000493
3420    0.000505
3421    0.000513
3422    0.000504
3423    0.000511
3424    0.000506
3425    0.000517
3426    0.000501
3427    0.00052
3428    0.000505
3429    0.000508
3430    0.000518
3431    0.000508
3432    0.000502
3433    0.000517
3434    0.000504
3435    0.000505
3436    0.000497
3437    0.000508
3438    0.000504
3439    0.000499
3440    0.000507
3441    0.000504
3442    0.000501
3443    0.000502
3444    0.000532
3445    0.000517
3446    0.000518
3447    0.000515
3448    0.00052
3449    0.000508
3450    0.000519
3451    0.000521
3452    0.000515
3453    0.00052
3454    0.000512
3455    0.000516
3456    0.000518
3457    0.000521
3458    0.00051
3459    0.000523
3460    0.000499
3461    0.000502
3462    0.000506
3463    0.000512
3464    0.000503
3465    0.000514
3466    0.000509
3467    0.000518
3468    0.000514
3469    0.000518
3470    0.000518
3471    0.000519
3472    0.000519
3473    0.000524
3474    0.000513
3475    0.000502
3476    0.000565
3477    0.000509
3478    0.000508
3479    0.000585
3480    0.000502
3481    0.000502
3482    0.000548
3483    0.000507
3484    0.000501
3485    0.000506
3486    0.000501
3487    0.000519
3488    0.000542
3489    0.000523
3490    0.000506
3491    0.000503
3492    0.000519
3493    0.000501
3494    0.00051
3495    0.000503
3496    0.000501
3497    0.0005
3498    0.000505
3499    0.000505
3500    0.000501
3501    0.000556
3502    0.00058
3503    0.000546
3504    0.000579
3505    0.000547
3506    0.000551
3507    0.00054
3508    0.000556
3509    0.000535
3510    0.000538
3511    0.00054
3512    0.000615
3513    0.000566
3514    0.000612
3515    0.000543
3516    0.000529
3517    0.000537
3518    0.000607
3519    0.000524
3520    0.000523
3521    0.000554
3522    0.00057
3523    0.000523
3524    0.00053
3525    0.000515
3526    0.000521
3527    0.000561
3528    0.000531
3529    0.000546
3530    0.000536
3531    0.000542
3532    0.000533
3533    0.000529
3534    0.000541
3535    0.000543
3536    0.000536
3537    0.000605
3538    0.000515
3539    0.000519
3540    0.000522
3541    0.000533
3542    0.000514
3543    0.000561
3544    0.000522
3545    0.000512
3546    0.000515
3547    0.000522
3548    0.000527
3549    0.0005
3550    0.00053
3551    0.000525
3552    0.000529
3553    0.000543
3554    0.000532
3555    0.000536
3556    0.000518
3557    0.000517
3558    0.000537
3559    0.00053
3560    0.000561
3561    0.000573
3562    0.000594
3563    0.000534
3564    0.000541
3565    0.000534
3566    0.000535
3567    0.000549
3568    0.000535
3569    0.000531
3570    0.000517
3571    0.000518
3572    0.00052
3573    0.000555
3574    0.000554
3575    0.000539
3576    0.00055
3577    0.000617
3578    0.000536
3579    0.000528
3580    0.000527
3581    0.00055
3582    0.000539
3583    0.000531
3584    0.000518
3585    0.000532
3586    0.000528
3587    0.000539
3588    0.000524
3589    0.000529
3590    0.000534
3591    0.00054
3592    0.000531
3593    0.000528
3594    0.000519
3595    0.000534
3596    0.00054
3597    0.000515
3598    0.000514
3599    0.000522
3600    0.000521
3601    0.000575
3602    0.000638
3603    0.000643
3604    0.000586
3605    0.000568
3606    0.000542
3607    0.000542
3608    0.000555
3609    0.000562
3610    0.000537
3611    0.000516
3612    0.000518
3613    0.000518
3614    0.000513
3615    0.00052
3616    0.000522
3617    0.000514
3618    0.000514
3619    0.000511
3620    0.000515
3621    0.000514
3622    0.000501
3623    0.000499
3624    0.00051
3625    0.0005
3626    0.000525
3627    0.000504
3628    0.000504
3629    0.000502
3630    0.000502
3631    0.0005
3632    0.000497
3633    0.000503
3634    0.00052
3635    0.000521
3636    0.000507
3637    0.000514
3638    0.000513
3639    0.00052
3640    0.000521
3641    0.000511
3642    0.000528
3643    0.000548
3644    0.000518
3645    0.000518
3646    0.000523
3647    0.000519
3648    0.000527
3649    0.000517
3650    0.000506
3651    0.000549
3652    0.000537
3653    0.000528
3654    0.000522
3655    0.00053
3656    0.000533
3657    0.000539
3658    0.000526
3659    0.000529
3660    0.000527
3661    0.000515
3662    0.000522
3663    0.000514
3664    0.000518
3665    0.000519
3666    0.000513
3667    0.000522
3668    0.000521
3669    0.000516
3670    0.000518
3671    0.000514
3672    0.000519
3673    0.000515
3674    0.000516
3675    0.000517
3676    0.000518
3677    0.000516
3678    0.000515
3679    0.000517
3680    0.000514
3681    0.000498
3682    0.000502
3683    0.00053
3684    0.000504
3685    0.000526
3686    0.000517
3687    0.000529
3688    0.000544
3689    0.00056
3690    0.000556
3691    0.000539
3692    0.000554
3693    0.000546
3694    0.000573
3695    0.00058
3696    0.000568
3697    0.000542
3698    0.000575
3699    0.000601
3700    0.00053
3701    0.000545
3702    0.000569
3703    0.000555
3704    0.000547
3705    0.000535
3706    0.000529
3707    0.00057
3708    0.000533
3709    0.000529
3710    0.000563
3711    0.000604
3712    0.000534
3713    0.00054
3714    0.000539
3715    0.000627
3716    0.000536
3717    0.000547
3718    0.000534
3719    0.000522
3720    0.000528
3721    0.000607
3722    0.000544
3723    0.000525
3724    0.000538
3725    0.00052
3726    0.000531
3727    0.000532
3728    0.000538
3729    0.000512
3730    0.000518
3731    0.000522
3732    0.000517
3733    0.000512
3734    0.00088
3735    0.000529
3736    0.00052
3737    0.000547
3738    0.000577
3739    0.000578
3740    0.000539
3741    0.000534
3742    0.000547
3743    0.000526
3744    0.000538
3745    0.000519
3746    0.000535
3747    0.000538
3748    0.000526
3749    0.000514
3750    0.000527
3751    0.000549
3752    0.00055
3753    0.000561
3754    0.00055
3755    0.000564
3756    0.000548
3757    0.000542
3758    0.000537
3759    0.000553
3760    0.000534
3761    0.000523
3762    0.000575
3763    0.000523
3764    0.000549
3765    0.000519
3766    0.000515
3767    0.000517
3768    0.000522
3769    0.000748
3770    0.000526
3771    0.000544
3772    0.000516
3773    0.000515
3774    0.000544
3775    0.000525
3776    0.000528
3777    0.000551
3778    0.000652
3779    0.000529
3780    0.000541
3781    0.000537
3782    0.000525
3783    0.000516
3784    0.000522
3785    0.000519
3786    0.000522
3787    0.000515
3788    0.000518
3789    0.000518
3790    0.001016
3791    0.001154
3792    0.000624
3793    0.000646
3794    0.000576
3795    0.000634
3796    0.000594
3797    0.000609
3798    0.000579
3799    0.000585
3800    0.000559
3801    0.000593
3802    0.000621
3803    0.000589
3804    0.000563
3805    0.000566
3806    0.000563
3807    0.000557
3808    0.000545
3809    0.000558
3810    0.000558
3811    0.000551
3812    0.000544
3813    0.000535
3814    0.000534
3815    0.000564
3816    0.00052
3817    0.000536
3818    0.000543
3819    0.000533
3820    0.000538
3821    0.000673
3822    0.000529
3823    0.00058
3824    0.00054
3825    0.000521
3826    0.000534
3827    0.000537
3828    0.00055
3829    0.000526
3830    0.00052
3831    0.000519
3832    0.000716
3833    0.000514
3834    0.000514
3835    0.000538
3836    0.000532
3837    0.000625
3838    0.000551
3839    0.000544
3840    0.000547
3841    0.000543
3842    0.000522
3843    0.00053
3844    0.000533
3845    0.000666
3846    0.000591
3847    0.000527
3848    0.000549
3849    0.000526
3850    0.000531
3851    0.000578
3852    0.00056
3853    0.000546
3854    0.000542
3855    0.00056
3856    0.000553
3857    0.000534
3858    0.000573
3859    0.000526
3860    0.000531
3861    0.000574
3862    0.000528
3863    0.00054
3864    0.000546
3865    0.000584
3866    0.000519
3867    0.000519
3868    0.000543
3869    0.000529
3870    0.000524
3871    0.000519
3872    0.000572
3873    0.00052
3874    0.000553
3875    0.000585
3876    0.000549
3877    0.000563
3878    0.000542
3879    0.000527
3880    0.000537
3881    0.000542
3882    0.000521
3883    0.000514
3884    0.000513
3885    0.000524
3886    0.000516
3887    0.000523
3888    0.000528
3889    0.000516
3890    0.000526
3891    0.000529
3892    0.000521
3893    0.000521
3894    0.000517
3895    0.000508
3896    0.000512
3897    0.000529
3898    0.000534
3899    0.00056
3900    0.000541
3901    0.00055
3902    0.000562
3903    0.00053
3904    0.00053
3905    0.000533
3906    0.00054
3907    0.000538
3908    0.000539
3909    0.000526
3910    0.000521
3911    0.00052
3912    0.000527
3913    0.000521
3914    0.000519
3915    0.000525
3916    0.00052
3917    0.000508
3918    0.000517
3919    0.000506
3920    0.000509
3921    0.00051
3922    0.000504
3923    0.000504
3924    0.000509
3925    0.000509
3926    0.000511
3927    0.000503
3928    0.000504
3929    0.00058
3930    0.000513
3931    0.000507
3932    0.000513
3933    0.000511
3934    0.00051
3935    0.000507
3936    0.000508
3937    0.000514
3938    0.00051
3939    0.00051
3940    0.000508
3941    0.000505
3942    0.000502
3943    0.000518
3944    0.000508
3945    0.000506
3946    0.000519
3947    0.0005
3948    0.0005
3949    0.000497
3950    0.000507
3951    0.000528
3952    0.000533
3953    0.000536
3954    0.000527
3955    0.000533
3956    0.000518
3957    0.000517
3958    0.000532
3959    0.000515
3960    0.000523
3961    0.000519
3962    0.000521
3963    0.000516
3964    0.000521
3965    0.000507
3966    0.000501
3967    0.000504
3968    0.000506
3969    0.000518
3970    0.000524
3971    0.00051
3972    0.000511
3973    0.000506
3974    0.000521
3975    0.000502
3976    0.00051
3977    0.000503
3978    0.000511
3979    0.000507
3980    0.000502
3981    0.000517
3982    0.000686
3983    0.000517
3984    0.000518
3985    0.000521
3986    0.000522
3987    0.000563
3988    0.000525
3989    0.000514
3990    0.000525
3991    0.000532
3992    0.000613
3993    0.000602
3994    0.000594
3995    0.000605
3996    0.000516
3997    0.000515
3998    0.000512
3999    0.000539
4000    0.00052
4001    0.000588
4002    0.000543
4003    0.000548
4004    0.000545
4005    0.000547
4006    0.000549
4007    0.000545
4008    0.000529
4009    0.000531
4010    0.000538
4011    0.000528
4012    0.000524
4013    0.000518
4014    0.000516
4015    0.000521
4016    0.000524
4017    0.000523
4018    0.000517
4019    0.000517
4020    0.000523
4021    0.000513
4022    0.000522
4023    0.000523
4024    0.000513
4025    0.000535
4026    0.000515
4027    0.00052
4028    0.000521
4029    0.000524
4030    0.000523
4031    0.000527
4032    0.000517
4033    0.000552
4034    0.000518
4035    0.000515
4036    0.000511
4037    0.000527
4038    0.000541
4039    0.000559
4040    0.000554
4041    0.000557
4042    0.000549
4043    0.000529
4044    0.000515
4045    0.000517
4046    0.000544
4047    0.000561
4048    0.000572
4049    0.000536
4050    0.000535
4051    0.000568
4052    0.000546
4053    0.000558
4054    0.000563
4055    0.000544
4056    0.000542
4057    0.000547
4058    0.000548
4059    0.000518
4060    0.000537
4061    0.000544
4062    0.000574
4063    0.000532
4064    0.00054
4065    0.000552
4066    0.000539
4067    0.00053
4068    0.000588
4069    0.000594
4070    0.000539
4071    0.000523
4072    0.000531
4073    0.000523
4074    0.000523
4075    0.000542
4076    0.00052
4077    0.000521
4078    0.000528
4079    0.000523
4080    0.000516
4081    0.000518
4082    0.000525
4083    0.000505
4084    0.000507
4085    0.000525
4086    0.000517
4087    0.000496
4088    0.000511
4089    0.000509
4090    0.000507
4091    0.000497
4092    0.000518
4093    0.000509
4094    0.00052
4095    0.000504
4096    0.000509
4097    0.000526
4098    0.000504
4099    0.000502
4100    0.000498
4101    0.000536
4102    0.000534
4103    0.000523
4104    0.000535
4105    0.000519
4106    0.000518
4107    0.000524
4108    0.000522
4109    0.000522
4110    0.000533
4111    0.000523
4112    0.000525
4113    0.000508
4114    0.000522
4115    0.000511
4116    0.000539
4117    0.000518
4118    0.000527
4119    0.000521
4120    0.000526
4121    0.000524
4122    0.000535
4123    0.000524
4124    0.000552
4125    0.000522
4126    0.000516
4127    0.000522
4128    0.000515
4129    0.000522
4130    0.000513
4131    0.000512
4132    0.000503
4133    0.000538
4134    0.000523
4135    0.000504
4136    0.000504
4137    0.000514
4138    0.000506
4139    0.000521
4140    0.000512
4141    0.000502
4142    0.000527
4143    0.000518
4144    0.000529
4145    0.000524
4146    0.000519
4147    0.000504
4148    0.000514
4149    0.000502
4150    0.000503
4151    0.000536
4152    0.000531
4153    0.000537
4154    0.000534
4155    0.000519
4156    0.000535
4157    0.000519
4158    0.000522
4159    0.00052
4160    0.00052
4161    0.000526
4162    0.000537
4163    0.000514
4164    0.000532
4165    0.00052
4166    0.00052
4167    0.000502
4168    0.000518
4169    0.000513
4170    0.000512
4171    0.000524
4172    0.00053
4173    0.000503
4174    0.000508
4175    0.000506
4176    0.000513
4177    0.000517
4178    0.000507
4179    0.000507
4180    0.000517
4181    0.0005
4182    0.000512
4183    0.000558
4184    0.000502
4185    0.000502
4186    0.000512
4187    0.000508
4188    0.000517
4189    0.000511
4190    0.000512
4191    0.000512
4192    0.000509
4193    0.000506
4194    0.000513
4195    0.000501
4196    0.000501
4197    0.00051
4198    0.000507
4199    0.000526
4200    0.000506
4201    0.000539
4202    0.00052
4203    0.000534
4204    0.000535
4205    0.000521
4206    0.000517
4207    0.000526
4208    0.000514
4209    0.00052
4210    0.000513
4211    0.000515
4212    0.000514
4213    0.000523
4214    0.000519
4215    0.000523
4216    0.000529
4217    0.000516
4218    0.000589
4219    0.000518
4220    0.000518
4221    0.000524
4222    0.000766
4223    0.00052
4224    0.000516
4225    0.000517
4226    0.00051
4227    0.000516
4228    0.000525
4229    0.000515
4230    0.000531
4231    0.00068
4232    0.000513
4233    0.000519
4234    0.000523
4235    0.000503
4236    0.000524
4237    0.000502
4238    0.000505
4239    0.000503
4240    0.000503
4241    0.000502
4242    0.000503
4243    0.000528
4244    0.000505
4245    0.00053
4246    0.000552
4247    0.000515
4248    0.000532
4249    0.000559
4250    0.000533
4251    0.000553
4252    0.000564
4253    0.000545
4254    0.000551
4255    0.000546
4256    0.000537
4257    0.000547
4258    0.000551
4259    0.000537
4260    0.000545
4261    0.000525
4262    0.000563
4263    0.000664
4264    0.000535
4265    0.000543
4266    0.00053
4267    0.0006
4268    0.000533
4269    0.000576
4270    0.000514
4271    0.000521
4272    0.000514
4273    0.000519
4274    0.000518
4275    0.000554
4276    0.000526
4277    0.000524
4278    0.000663
4279    0.000521
4280    0.000519
4281    0.000535
4282    0.000524
4283    0.000516
4284    0.000514
4285    0.000509
4286    0.000514
4287    0.000518
4288    0.000502
4289    0.000555
4290    0.000546
4291    0.000556
4292    0.000579
4293    0.000528
4294    0.000521
4295    0.000541
4296    0.000514
4297    0.000516
4298    0.000591
4299    0.000515
4300    0.000521
4301    0.000523
4302    0.000542
4303    0.000536
4304    0.000538
4305    0.000529
4306    0.000537
4307    0.000524
4308    0.000512
4309    0.000533
4310    0.000516
4311    0.000517
4312    0.000521
4313    0.000827
4314    0.000516
4315    0.000519
4316    0.00052
4317    0.000525
4318    0.000519
4319    0.000545
4320    0.000534
4321    0.000516
4322    0.000501
4323    0.000503
4324    0.000504
4325    0.000504
4326    0.000503
4327    0.000522
4328    0.000504
4329    0.000503
4330    0.000531
4331    0.000506
4332    0.000568
4333    0.000554
4334    0.000502
4335    0.000499
4336    0.000501
4337    0.000587
4338    0.000517
4339    0.000501
4340    0.000503
4341    0.000514
4342    0.000519
4343    0.000523
4344    0.000511
4345    0.000506
4346    0.000503
4347    0.000512
4348    0.000502
4349    0.000506
4350    0.000506
4351    0.00054
4352    0.000547
4353    0.000541
4354    0.000561
4355    0.000563
4356    0.000557
4357    0.000531
4358    0.000725
4359    0.000528
4360    0.000516
4361    0.000566
4362    0.000522
4363    0.00054
4364    0.000519
4365    0.000516
4366    0.000517
4367    0.000511
4368    0.000538
4369    0.000517
4370    0.000528
4371    0.000565
4372    0.000507
4373    0.000496
4374    0.000503
4375    0.000582
4376    0.000505
4377    0.000569
4378    0.0005
4379    0.000504
4380    0.000503
4381    0.000514
4382    0.000512
4383    0.000507
4384    0.000511
4385    0.000517
4386    0.000518
4387    0.000525
4388    0.000514
4389    0.000512
4390    0.000516
4391    0.000519
4392    0.000517
4393    0.000522
4394    0.000501
4395    0.000501
4396    0.000502
4397    0.00051
4398    0.000504
4399    0.000508
4400    0.000529
4401    0.000543
4402    0.00053
4403    0.000802
4404    0.000531
4405    0.000606
4406    0.000524
4407    0.000516
4408    0.000522
4409    0.000553
4410    0.00054
4411    0.000526
4412    0.000534
4413    0.00052
4414    0.000525
4415    0.000519
4416    0.000514
4417    0.000517
4418    0.000517
4419    0.000513
4420    0.000512
4421    0.000517
4422    0.000537
4423    0.000525
4424    0.000548
4425    0.000546
4426    0.000524
4427    0.000526
4428    0.000515
4429    0.000548
4430    0.000536
4431    0.00053
4432    0.000522
4433    0.000532
4434    0.000517
4435    0.000514
4436    0.000513
4437    0.000521
4438    0.000524
4439    0.000514
4440    0.000515
4441    0.000519
4442    0.000523
4443    0.00054
4444    0.000531
4445    0.000561
4446    0.000551
4447    0.000532
4448    0.000552
4449    0.00052
4450    0.000514
4451    0.000568
4452    0.000545
4453    0.000543
4454    0.000522
4455    0.000524
4456    0.000528
4457    0.000575
4458    0.000535
4459    0.000542
4460    0.000564
4461    0.000555
4462    0.000539
4463    0.000544
4464    0.000531
4465    0.000538
4466    0.00053
4467    0.000524
4468    0.000518
4469    0.000518
4470    0.000521
4471    0.000519
4472    0.000516
4473    0.000516
4474    0.000526
4475    0.000523
4476    0.000518
4477    0.000524
4478    0.000528
4479    0.000522
4480    0.00053
4481    0.000518
4482    0.000521
4483    0.000512
4484    0.000519
4485    0.000504
4486    0.000499
4487    0.000506
4488    0.000521
4489    0.000511
4490    0.000557
4491    0.000531
4492    0.000606
4493    0.000567
4494    0.000603
4495    0.000606
4496    0.000584
4497    0.000571
4498    0.000591
4499    0.000573
4500    0.000565
4501    0.000575
4502    0.000599
4503    0.000586
4504    0.000583
4505    0.000664
4506    0.000558
4507    0.000544
4508    0.000539
4509    0.000539
4510    0.000589
4511    0.000587
4512    0.000525
4513    0.000534
4514    0.000528
4515    0.000549
4516    0.000573
4517    0.000568
4518    0.000552
4519    0.000557
4520    0.000594
4521    0.000581
4522    0.000577
4523    0.00055
4524    0.000533
4525    0.000529
4526    0.000529
4527    0.000524
4528    0.00052
4529    0.000524
4530    0.000522
4531    0.00053
4532    0.00052
4533    0.000518
4534    0.000516
4535    0.000515
4536    0.000518
4537    0.000513
4538    0.0005
4539    0.000529
4540    0.000498
4541    0.000507
4542    0.000509
4543    0.000546
4544    0.000503
4545    0.000502
4546    0.000508
4547    0.000502
4548    0.000538
4549    0.000504
4550    0.000498
4551    0.000538
4552    0.000541
4553    0.000522
4554    0.000532
4555    0.000532
4556    0.000529
4557    0.000516
4558    0.000527
4559    0.000514
4560    0.000512
4561    0.000528
4562    0.000517
4563    0.000519
4564    0.000518
4565    0.000514
4566    0.00052
4567    0.000509
4568    0.000518
4569    0.000513
4570    0.000506
4571    0.000516
4572    0.000504
4573    0.000522
4574    0.00055
4575    0.00052
4576    0.000517
4577    0.000525
4578    0.000517
4579    0.000666
4580    0.00051
4581    0.000504
4582    0.000575
4583    0.000503
4584    0.000499
4585    0.000505
4586    0.000557
4587    0.000509
4588    0.000504
4589    0.000508
4590    0.000506
4591    0.000513
4592    0.000504
4593    0.00053
4594    0.000503
4595    0.000512
4596    0.000498
4597    0.000495
4598    0.000497
4599    0.000502
4600    0.000499
4601    0.000509
4602    0.000506
4603    0.000503
4604    0.000512
4605    0.000511
4606    0.000502
4607    0.000494
4608    0.000495
4609    0.00052
4610    0.000537
4611    0.000698
4612    0.000535
4613    0.000525
4614    0.000514
4615    0.000514
4616    0.000517
4617    0.000542
4618    0.000557
4619    0.000547
4620    0.000559
4621    0.000551
4622    0.000577
4623    0.000731
4624    0.000585
4625    0.000575
4626    0.000573
4627    0.000555
4628    0.000564
4629    0.00056
4630    0.000557
4631    0.000544
4632    0.00057
4633    0.000567
4634    0.000546
4635    0.000593
4636    0.000562
4637    0.000582
4638    0.000545
4639    0.000527
4640    0.000602
4641    0.000529
4642    0.000525
4643    0.000534
4644    0.000534
4645    0.000612
4646    0.000544
4647    0.00055
4648    0.000526
4649    0.000563
4650    0.00054
4651    0.000549
4652    0.000605
4653    0.000575
4654    0.000562
4655    0.000565
4656    0.000552
4657    0.000553
4658    0.000565
4659    0.000543
4660    0.000532
4661    0.000548
4662    0.000538
4663    0.00054
4664    0.000532
4665    0.000563
4666    0.000528
4667    0.000512
4668    0.000523
4669    0.000512
4670    0.000516
4671    0.000515
4672    0.000515
4673    0.000513
4674    0.000518
4675    0.000503
4676    0.000509
4677    0.000527
4678    0.000534
4679    0.000527
4680    0.000522
4681    0.000514
4682    0.000517
4683    0.000509
4684    0.00051
4685    0.000503
4686    0.000504
4687    0.000499
4688    0.0005
4689    0.000521
4690    0.000502
4691    0.000525
4692    0.000501
4693    0.000503
4694    0.000504
4695    0.000502
4696    0.0005
4697    0.000502
4698    0.0005
4699    0.000505
4700    0.000503
4701    0.000528
4702    0.000537
4703    0.000545
4704    0.000536
4705    0.000543
4706    0.000513
4707    0.000519
4708    0.000524
4709    0.000512
4710    0.000518
4711    0.000562
4712    0.000552
4713    0.000529
4714    0.000545
4715    0.000548
4716    0.000537
4717    0.000534
4718    0.000581
4719    0.000546
4720    0.00056
4721    0.000533
4722    0.000539
4723    0.000519
4724    0.000536
4725    0.000524
4726    0.000522
4727    0.000519
4728    0.000518
4729    0.000532
4730    0.000517
4731    0.00053
4732    0.000505
4733    0.000507
4734    0.000512
4735    0.000511
4736    0.000512
4737    0.000504
4738    0.000507
4739    0.000517
4740    0.000518
4741    0.000524
4742    0.000543
4743    0.000541
4744    0.000554
4745    0.000536
4746    0.000567
4747    0.000533
4748    0.000532
4749    0.000533
4750    0.000545
4751    0.000529
4752    0.000534
4753    0.000532
4754    0.000529
4755    0.000537
4756    0.000537
4757    0.000519
4758    0.000521
4759    0.000512
4760    0.00052
4761    0.000525
4762    0.000518
4763    0.000523
4764    0.00052
4765    0.000522
4766    0.000521
4767    0.000528
4768    0.000531
4769    0.000516
4770    0.000517
4771    0.000499
4772    0.000511
4773    0.000515
4774    0.000519
4775    0.000502
4776    0.000507
4777    0.000504
4778    0.000511
4779    0.00052
4780    0.000516
4781    0.0005
4782    0.000506
4783    0.000529
4784    0.000508
4785    0.000532
4786    0.000545
4787    0.000548
4788    0.000525
4789    0.000548
4790    0.000549
4791    0.000551
4792    0.000534
4793    0.000524
4794    0.000512
4795    0.000519
4796    0.000519
4797    0.000802
4798    0.000514
4799    0.000518
4800    0.000525
4801    0.000556
4802    0.000553
4803    0.000543
4804    0.000544
4805    0.000536
4806    0.000534
4807    0.000579
4808    0.000517
4809    0.000524
4810    0.000514
4811    0.000524
4812    0.000527
4813    0.000522
4814    0.00051
4815    0.000506
4816    0.000498
4817    0.000498
4818    0.000804
4819    0.000501
4820    0.000503
4821    0.000505
4822    0.000501
4823    0.000519
4824    0.0005
4825    0.000526
4826    0.000502
4827    0.0005
4828    0.000505
4829    0.000514
4830    0.000502
4831    0.000508
4832    0.000506
4833    0.000507
4834    0.000503
4835    0.0005
4836    0.000585
4837    0.000506
4838    0.000503
4839    0.000581
4840    0.000514
4841    0.00052
4842    0.000522
4843    0.000511
4844    0.00052
4845    0.000597
4846    0.000514
4847    0.000514
4848    0.000503
4849    0.000506
4850    0.000513
4851    0.000537
4852    0.000535
4853    0.000531
4854    0.00053
4855    0.000521
4856    0.000519
4857    0.000606
4858    0.000518
4859    0.000522
4860    0.000513
4861    0.000505
4862    0.00051
4863    0.000552
4864    0.000533
4865    0.000529
4866    0.000534
4867    0.000537
4868    0.000534
4869    0.000546
4870    0.000531
4871    0.000516
4872    0.000527
4873    0.000522
4874    0.000515
4875    0.000601
4876    0.000519
4877    0.000501
4878    0.00051
4879    0.000506
4880    0.000511
4881    0.000543
4882    0.000514
4883    0.000641
4884    0.000526
4885    0.000521
4886    0.000536
4887    0.000541
4888    0.00053
4889    0.000517
4890    0.00053
4891    0.000517
4892    0.000521
4893    0.000521
4894    0.000563
4895    0.000521
4896    0.000544
4897    0.000527
4898    0.000528
4899    0.000518
4900    0.000516
4901    0.000568
4902    0.000548
4903    0.000532
4904    0.000534
4905    0.00058
4906    0.000555
4907    0.000536
4908    0.00053
4909    0.000548
4910    0.000546
4911    0.000532
4912    0.000527
4913    0.000531
4914    0.000545
4915    0.000545
4916    0.000529
4917    0.000515
4918    0.000517
4919    0.000523
4920    0.000555
4921    0.000511
4922    0.000512
4923    0.000517
4924    0.000516
4925    0.000521
4926    0.00051
4927    0.000519
4928    0.000514
4929    0.000532
4930    0.000578
4931    0.000545
4932    0.000511
4933    0.000556
4934    0.000522
4935    0.000545
4936    0.00054
4937    0.000535
4938    0.000543
4939    0.000533
4940    0.000533
4941    0.000591
4942    0.000548
4943    0.000532
4944    0.000537
4945    0.00053
4946    0.000517
4947    0.000535
4948    0.000528
4949    0.000548
4950    0.000571
4951    0.000586
4952    0.000595
4953    0.000585
4954    0.000603
4955    0.000579
4956    0.000562
4957    0.000594
4958    0.000604
4959    0.000588
4960    0.000553
4961    0.00057
4962    0.000565
4963    0.000583
4964    0.000546
4965    0.000542
4966    0.000546
4967    0.000566
4968    0.000576
4969    0.000584
4970    0.000558
4971    0.000545
4972    0.000544
4973    0.000616
4974    0.000556
4975    0.000544
4976    0.00061
4977    0.000551
4978    0.000527
4979    0.000563
4980    0.000548
4981    0.000571
4982    0.000534
4983    0.000557
4984    0.000549
4985    0.000551
4986    0.000543
4987    0.000552
4988    0.000584
4989    0.000548
4990    0.000634
4991    0.000535
4992    0.000529
4993    0.000527
4994    0.000519
4995    0.000547
4996    0.000522
4997    0.000546
4998    0.000517
4999    0.000524
5000    0.000522
5001    0.000594
5002    0.000556
5003    0.000602
5004    0.000554
5005    0.000566
5006    0.000593
5007    0.000598
5008    0.000555
5009    0.000534
5010    0.000631
5011    0.00053
5012    0.000544
5013    0.000534
5014    0.000521
5015    0.000547
5016    0.000534
5017    0.000529
5018    0.000526
5019    0.00055
5020    0.000587
5021    0.00053
5022    0.000536
5023    0.000536
5024    0.000517
5025    0.00052
5026    0.000537
5027    0.000559
5028    0.000514
5029    0.000522
5030    0.000519
5031    0.000514
5032    0.000531
5033    0.000539
5034    0.000516
5035    0.000531
5036    0.000524
5037    0.00059
5038    0.000567
5039    0.000531
5040    0.000536
5041    0.000543
5042    0.00055
5043    0.000532
5044    0.000531
5045    0.000527
5046    0.000538
5047    0.00055
5048    0.000684
5049    0.000561
5050    0.000532
5051    0.0006
5052    0.000574
5053    0.000567
5054    0.000583
5055    0.000617
5056    0.0006
5057    0.000604
5058    0.000603
5059    0.000573
5060    0.000565
5061    0.000856
5062    0.000578
5063    0.000618
5064    0.000613
5065    0.000633
5066    0.000568
5067    0.000568
5068    0.000572
5069    0.000573
5070    0.000579
5071    0.000568
5072    0.000565
5073    0.00057
5074    0.000553
5075    0.000556
5076    0.000551
5077    0.000539
5078    0.00055
5079    0.000531
5080    0.000534
5081    0.000556
5082    0.000547
5083    0.000528
5084    0.000573
5085    0.000532
5086    0.000535
5087    0.00056
5088    0.000557
5089    0.000551
5090    0.000541
5091    0.000559
5092    0.000579
5093    0.000591
5094    0.000553
5095    0.000545
5096    0.000542
5097    0.000595
5098    0.000596
5099    0.000535
5100    0.000534
