1    6
2    6
3    6
4    6
5    6
6    6
7    6
8    6
9    6
10    6
11    6
12    6
13    6
14    6
17    6
19    6
20    6
122    6
224    6
326    6
428    6
530    6
632    6
734    6
836    6
938    6
1040    6
1142    6
1244    6
1346    6
1448    6
1550    6
1652    6
1754    6
1856    6
1958    6
2060    6
2162    6
2264    6
2366    6
2468    6
2570    6
2672    6
2774    6
2876    6
2978    6
3080    6
3182    6
3284    6
3386    6
3488    6
3590    6
3692    6
3794    6
3896    6
3998    6
4100    6
4202    6
4304    6
4406    6
4508    6
4610    6
4712    6
4814    6
4916    6
5018    6
