1    0.000414
2    0.000302
3    0.000461
4    0.000388
5    0.000394
6    0.000352
7    0.000423
8    0.000428
9    0.000241
10    0.000332
11    0.000438
12    0.000484
13    0.00042
14    0.000433
15    0.000425
16    0.000433
17    0.000448
18    0.000425
19    0.000469
20    0.000506
21    0.000459
22    0.000452
23    0.000435
24    0.000432
25    0.000424
26    0.000435
27    0.000447
28    0.00044
29    0.000442
30    0.000416
31    0.000434
32    0.000441
33    0.00045
34    0.000477
35    0.000413
36    0.000429
37    0.00045
38    0.000432
39    0.000425
40    0.000452
41    0.000445
42    0.000447
43    0.000435
44    0.000449
45    0.000452
46    0.000459
47    0.000455
48    0.000437
49    0.000451
50    0.000455
51    0.000431
52    0.000444
53    0.000433
54    0.000486
55    0.000517
56    0.000442
57    0.000447
58    0.000486
59    0.000428
60    0.000431
61    0.000491
62    0.000419
63    0.000486
64    0.000499
65    0.000476
66    0.000445
67    0.00043
68    0.000427
69    0.000509
70    0.000446
71    0.000445
72    0.000438
73    0.00045
74    0.000421
75    0.000425
76    0.000431
77    0.000417
78    0.000439
79    0.000453
80    0.000424
81    0.000435
82    0.000439
83    0.000434
84    0.000467
85    0.000476
86    0.000419
87    0.000421
88    0.000449
89    0.000467
90    0.000452
91    0.000496
92    0.000436
93    0.000467
94    0.000463
95    0.000434
96    0.000922
97    0.000475
98    0.000462
99    0.000497
100    0.000431
101    0.000414
102    0.000463
103    0.000436
104    0.000433
105    0.000475
106    0.000441
107    0.000484
108    0.000441
109    0.000477
110    0.000427
111    0.000427
112    0.00043
113    0.000501
114    0.000465
115    0.000424
116    0.000435
117    0.000432
118    0.000427
119    0.000432
120    0.000473
121    0.000446
122    0.000436
123    0.000455
124    0.000426
125    0.00045
126    0.000449
127    0.000469
128    0.00046
129    0.000435
130    0.000454
131    0.000436
132    0.000469
133    0.000464
134    0.000491
135    0.000418
136    0.000449
137    0.000426
138    0.000458
139    0.000483
140    0.000417
141    0.000473
142    0.000426
143    0.000444
144    0.000476
145    0.000437
146    0.000418
147    0.000437
148    0.000418
149    0.00046
150    0.000479
151    0.000422
152    0.00047
153    0.000498
154    0.000462
155    0.000475
156    0.000477
157    0.000478
158    0.000434
159    0.000452
160    0.000469
161    0.00044
162    0.000473
163    0.000457
164    0.000438
165    0.000442
166    0.000443
167    0.000494
168    0.000439
169    0.000445
170    0.000419
171    0.00043
172    0.000438
173    0.000442
174    0.000468
175    0.000416
176    0.000418
177    0.000527
178    0.000483
179    0.00049
180    0.000435
181    0.000466
182    0.000466
183    0.000419
184    0.000499
185    0.000451
186    0.000466
187    0.000419
188    0.000469
189    0.000487
190    0.000546
191    0.000431
192    0.000452
193    0.000434
194    0.000459
195    0.000417
196    0.000461
197    0.000449
198    0.000455
199    0.000452
200    0.000414
201    0.000488
202    0.000436
203    0.000452
204    0.000435
205    0.000432
206    0.000431
207    0.000519
208    0.000419
209    0.000423
210    0.000447
211    0.000488
212    0.000423
213    0.00043
214    0.000421
215    0.000456
216    0.00045
217    0.000419
218    0.000463
219    0.000418
220    0.000467
221    0.00048
222    0.000422
223    0.000452
224    0.000479
225    0.000462
226    0.000494
227    0.00042
228    0.000416
229    0.00044
230    0.000484
231    0.000423
232    0.000456
233    0.000431
234    0.000438
235    0.000429
236    0.00042
237    0.000507
238    0.000439
239    0.00041
240    0.000417
241    0.000426
242    0.000455
243    0.000471
244    0.000451
245    0.000444
246    0.000464
247    0.000476
248    0.000435
249    0.000439
250    0.00043
251    0.000475
252    0.000434
253    0.000436
254    0.000452
255    0.00045
256    0.000471
257    0.000498
258    0.000428
259    0.0005
260    0.000463
261    0.000425
262    0.000434
263    0.000449
264    0.000419
265    0.000467
266    0.000444
267    0.000452
268    0.000417
269    0.000424
270    0.000426
271    0.00044
272    0.000436
273    0.000473
274    0.000519
275    0.000433
276    0.000428
277    0.00042
278    0.000456
279    0.000477
280    0.000487
281    0.000429
282    0.000488
283    0.000418
284    0.000419
285    0.000425
286    0.000427
287    0.000455
288    0.000435
289    0.000421
290    0.000453
291    0.000536
292    0.000488
293    0.000427
294    0.000485
295    0.00047
296    0.000464
297    0.000431
298    0.000427
299    0.000419
300    0.000456
301    0.000435
302    0.00043
303    0.000471
304    0.000424
305    0.000442
306    0.000495
307    0.000451
308    0.000519
309    0.000441
310    0.000472
311    0.000456
312    0.000507
313    0.000496
314    0.000454
315    0.000469
316    0.000478
317    0.000421
318    0.000513
319    0.000438
320    0.000436
321    0.000456
322    0.000454
323    0.000455
324    0.000446
325    0.000474
326    0.000461
327    0.000451
328    0.000416
329    0.000448
330    0.000447
331    0.000428
332    0.000429
333    0.000461
334    0.000441
335    0.000461
336    0.000423
337    0.000426
338    0.000466
339    0.000495
340    0.000551
341    0.00044
342    0.000434
343    0.000437
344    0.000432
345    0.000436
346    0.000467
347    0.000421
348    0.000422
349    0.00048
350    0.000447
351    0.000458
352    0.000445
353    0.000429
354    0.000474
355    0.000472
356    0.000446
357    0.000504
358    0.000458
359    0.000438
360    0.000429
361    0.000463
362    0.000489
363    0.000451
364    0.000443
365    0.000421
366    0.000461
367    0.000443
368    0.000411
369    0.000476
370    0.00051
371    0.000434
372    0.000445
373    0.000486
374    0.000476
375    0.000468
376    0.000439
377    0.000474
378    0.000454
379    0.000498
380    0.000459
381    0.000447
382    0.000444
383    0.000439
384    0.000457
385    0.000487
386    0.000456
387    0.000441
388    0.000467
389    0.000484
390    0.000497
391    0.000465
392    0.000476
393    0.000446
394    0.000453
395    0.000444
396    0.000506
397    0.000426
398    0.000493
399    0.000495
400    0.000417
401    0.000472
402    0.000523
403    0.000493
404    0.000564
405    0.000519
406    0.000475
407    0.000454
408    0.000445
409    0.000442
410    0.000432
411    0.000422
412    0.000421
413    0.000421
414    0.000457
415    0.000537
416    0.000456
417    0.000496
418    0.000565
419    0.000536
420    0.000487
421    0.000552
422    0.000508
423    0.000543
424    0.000462
425    0.000528
426    0.00049
427    0.000465
428    0.000467
429    0.000423
430    0.000438
431    0.000416
432    0.000444
433    0.000431
434    0.000458
435    0.00042
436    0.000458
437    0.000425
438    0.000454
439    0.000457
440    0.000453
441    0.000431
442    0.000421
443    0.000462
444    0.000429
445    0.00047
446    0.000445
447    0.000423
448    0.000443
449    0.000488
450    0.0005
451    0.000453
452    0.00044
453    0.00044
454    0.000458
455    0.000417
456    0.000504
457    0.000447
458    0.000461
459    0.000436
460    0.000419
461    0.000433
462    0.000451
463    0.000429
464    0.000467
465    0.000464
466    0.000458
467    0.000493
468    0.000475
469    0.000462
470    0.000468
471    0.000475
472    0.000448
473    0.000444
474    0.00045
475    0.000568
476    0.00047
477    0.000475
478    0.000479
479    0.000484
480    0.000437
481    0.000477
482    0.000471
483    0.000478
484    0.000455
485    0.000462
486    0.000459
487    0.000493
488    0.000479
489    0.000463
490    0.00074
491    0.000501
492    0.000438
493    0.000502
494    0.00044
495    0.000464
496    0.000496
497    0.000479
498    0.000488
499    0.000454
500    0.00045
501    0.000447
502    0.000447
503    0.00046
504    0.000494
505    0.000491
506    0.000439
507    0.00044
508    0.000455
509    0.000478
510    0.000429
511    0.000452
512    0.000452
513    0.000488
514    0.000487
515    0.000487
516    0.000461
517    0.000477
518    0.000466
519    0.000455
520    0.000501
521    0.000479
522    0.000448
523    0.000437
524    0.00045
525    0.000474
526    0.000449
527    0.000446
528    0.000477
529    0.000485
530    0.000469
531    0.000501
532    0.000447
533    0.000453
534    0.000478
535    0.000518
536    0.00047
537    0.000432
538    0.000463
539    0.000505
540    0.000436
541    0.000475
542    0.000511
543    0.000468
544    0.000469
545    0.000479
546    0.000461
547    0.000471
548    0.000449
549    0.000465
550    0.000469
551    0.000535
552    0.000461
553    0.000498
554    0.000444
555    0.000494
556    0.000455
557    0.000468
558    0.00043
559    0.000474
560    0.000484
561    0.000441
562    0.000434
563    0.000443
564    0.000435
565    0.000465
566    0.000474
567    0.000441
568    0.00047
569    0.000455
570    0.000502
571    0.000478
572    0.000432
573    0.000468
574    0.000463
575    0.000457
576    0.000471
577    0.000434
578    0.000494
579    0.000458
580    0.000516
581    0.000471
582    0.000434
583    0.00045
584    0.000454
585    0.000438
586    0.000478
587    0.000474
588    0.000473
589    0.000482
590    0.000495
591    0.000481
592    0.000438
593    0.000539
594    0.000489
595    0.000456
596    0.000478
597    0.000485
598    0.000454
599    0.000471
600    0.000489
601    0.000475
602    0.000464
603    0.000445
604    0.00046
605    0.00045
606    0.000483
607    0.000481
608    0.00045
609    0.000441
610    0.000453
611    0.000462
612    0.000446
613    0.00046
614    0.000441
615    0.000477
616    0.000503
617    0.000435
618    0.000434
619    0.000468
620    0.000455
621    0.000444
622    0.000454
623    0.000469
624    0.000487
625    0.000534
626    0.000515
627    0.000468
628    0.000468
629    0.000458
630    0.000456
631    0.000445
632    0.000448
633    0.000469
634    0.000464
635    0.000445
636    0.000454
637    0.000448
638    0.000453
639    0.000455
640    0.000464
641    0.000875
642    0.000952
643    0.001023
644    0.000461
645    0.00048
646    0.000471
647    0.000458
648    0.000459
649    0.000453
650    0.000456
651    0.000467
652    0.000479
653    0.000493
654    0.000488
655    0.000494
656    0.000468
657    0.000491
658    0.000484
659    0.000914
660    0.00103
661    0.000499
662    0.000454
663    0.000476
664    0.000494
665    0.00044
666    0.000444
667    0.000487
668    0.000512
669    0.000456
670    0.000445
671    0.000524
672    0.000468
673    0.000466
674    0.000468
675    0.000464
676    0.000508
677    0.000478
678    0.000444
679    0.000465
680    0.000488
681    0.000444
682    0.000533
683    0.00054
684    0.000474
685    0.00066
686    0.000498
687    0.000465
688    0.000432
689    0.000489
690    0.000463
691    0.000503
692    0.000466
693    0.000469
694    0.00049
695    0.000456
696    0.000411
697    0.000423
698    0.000477
699    0.000487
700    0.000463
701    0.000493
702    0.000481
703    0.000467
704    0.000505
705    0.000474
706    0.000459
707    0.000472
708    0.000449
709    0.00049
710    0.000464
711    0.000458
712    0.000444
713    0.000472
714    0.000427
715    0.00047
716    0.00045
717    0.000452
718    0.000464
719    0.00048
720    0.00048
721    0.000499
722    0.00046
723    0.000492
724    0.000462
725    0.000532
726    0.000465
727    0.000467
728    0.000486
729    0.000451
730    0.00048
731    0.000465
732    0.000475
733    0.000445
734    0.000486
735    0.000467
736    0.000484
737    0.000479
738    0.000463
739    0.000483
740    0.000444
741    0.000451
742    0.000474
743    0.000484
744    0.000482
745    0.000441
746    0.000466
747    0.000435
748    0.000448
749    0.000439
750    0.000465
751    0.000438
752    0.000491
753    0.000471
754    0.000493
755    0.000465
756    0.00048
757    0.000496
758    0.000444
759    0.000436
760    0.000464
761    0.000459
762    0.000486
763    0.000442
764    0.000475
765    0.000443
766    0.000524
767    0.000491
768    0.000513
769    0.000489
770    0.000515
771    0.000465
772    0.000465
773    0.000462
774    0.000515
775    0.00046
776    0.000453
777    0.000479
778    0.00051
779    0.000469
780    0.000471
781    0.000465
782    0.000471
783    0.000419
784    0.000449
785    0.000483
786    0.000464
787    0.000474
788    0.000478
789    0.000457
790    0.000469
791    0.000463
792    0.000413
793    0.000446
794    0.000432
795    0.000479
796    0.00045
797    0.000447
798    0.000485
799    0.000466
800    0.000499
801    0.000784
802    0.000473
803    0.000476
804    0.000437
805    0.000466
806    0.000471
807    0.000479
808    0.000456
809    0.000475
810    0.000482
811    0.000464
812    0.000456
813    0.000502
814    0.00047
815    0.000454
816    0.000459
817    0.000434
818    0.000462
819    0.000474
820    0.00047
821    0.000532
822    0.000448
823    0.000451
824    0.000471
825    0.000472
826    0.000422
827    0.000448
828    0.00046
829    0.000449
830    0.000446
831    0.000448
832    0.000483
833    0.000485
834    0.000454
835    0.000467
836    0.000477
837    0.000495
838    0.000476
839    0.000438
840    0.000425
841    0.000436
842    0.000473
843    0.000436
844    0.000491
845    0.000464
846    0.000546
847    0.000477
848    0.00043
849    0.000431
850    0.000461
851    0.000493
852    0.000434
853    0.000456
854    0.000461
855    0.000503
856    0.00049
857    0.000465
858    0.00045
859    0.000467
860    0.000454
861    0.000461
862    0.000509
863    0.000451
864    0.000445
865    0.00042
866    0.00046
867    0.000457
868    0.000455
869    0.000452
870    0.000448
871    0.000473
872    0.000525
873    0.00048
874    0.000478
875    0.000468
876    0.000443
877    0.000446
878    0.000462
879    0.00048
880    0.000439
881    0.000447
882    0.000475
883    0.000463
884    0.00047
885    0.000446
886    0.000582
887    0.00047
888    0.000465
889    0.00044
890    0.000447
891    0.000474
892    0.000505
893    0.000495
894    0.00046
895    0.000509
896    0.000467
897    0.000477
898    0.000472
899    0.000522
900    0.00054
901    0.000447
902    0.000483
903    0.000468
904    0.000452
905    0.000446
906    0.000496
907    0.000475
908    0.000468
909    0.000486
910    0.000437
911    0.000503
912    0.000474
913    0.00049
914    0.000517
915    0.000511
916    0.000481
917    0.000519
918    0.000474
919    0.00046
920    0.000459
921    0.000526
922    0.000486
923    0.000487
924    0.000518
925    0.000442
926    0.000472
927    0.000476
928    0.000471
929    0.000485
930    0.000511
931    0.000526
932    0.000504
933    0.000482
934    0.000463
935    0.000465
936    0.000474
937    0.00048
938    0.000492
939    0.000469
940    0.000465
941    0.000466
942    0.000473
943    0.00047
944    0.000462
945    0.00046
946    0.000461
947    0.000466
948    0.000469
949    0.000462
950    0.000472
951    0.000822
952    0.000831
953    0.000844
954    0.000451
955    0.000458
956    0.000472
957    0.000475
958    0.00046
959    0.000449
960    0.00051
961    0.000469
962    0.000471
963    0.000467
964    0.000462
965    0.000464
966    0.00082
967    0.000824
968    0.000824
969    0.000838
970    0.00086
971    0.000474
972    0.000474
973    0.000473
974    0.00046
975    0.000527
976    0.000521
977    0.000493
978    0.00049
979    0.00048
980    0.000473
981    0.00048
982    0.0005
983    0.000467
984    0.000477
985    0.000471
986    0.000482
987    0.000488
988    0.000533
989    0.000492
990    0.000469
991    0.000478
992    0.000479
993    0.000455
994    0.000479
995    0.000528
996    0.000505
997    0.000502
998    0.000474
999    0.000462
1000    0.000494
1001    0.000452
1002    0.000512
1003    0.000477
1004    0.000453
1005    0.00045
1006    0.000413
1007    0.000474
1008    0.000477
1009    0.000521
1010    0.000568
1011    0.000468
1012    0.000457
1013    0.000465
1014    0.000462
1015    0.000446
1016    0.000437
1017    0.000492
1018    0.000473
1019    0.000483
1020    0.000456
1021    0.000469
1022    0.000533
1023    0.000589
1024    0.000449
1025    0.000487
1026    0.000476
1027    0.00046
1028    0.000451
1029    0.000456
1030    0.000486
1031    0.00046
1032    0.000438
1033    0.000466
1034    0.000456
1035    0.000443
1036    0.000447
1037    0.000448
1038    0.000469
1039    0.000456
1040    0.000472
1041    0.00051
1042    0.000459
1043    0.000468
1044    0.000431
1045    0.000469
1046    0.000483
1047    0.000493
1048    0.00044
1049    0.000466
1050    0.000446
1051    0.000476
1052    0.000517
1053    0.00055
1054    0.000523
1055    0.000459
1056    0.000456
1057    0.000431
1058    0.000484
1059    0.000446
1060    0.000444
1061    0.000456
1062    0.000464
1063    0.00046
1064    0.000456
1065    0.000467
1066    0.000508
1067    0.000466
1068    0.000443
1069    0.000475
1070    0.000463
1071    0.000473
1072    0.000461
1073    0.000471
1074    0.000499
1075    0.00051
1076    0.000508
1077    0.000439
1078    0.00047
1079    0.000457
1080    0.000476
1081    0.000499
1082    0.000444
1083    0.000475
1084    0.000461
1085    0.00045
1086    0.000498
1087    0.000492
1088    0.000459
1089    0.000468
1090    0.000871
1091    0.000484
1092    0.000492
1093    0.000471
1094    0.000478
1095    0.000484
1096    0.000488
1097    0.000469
1098    0.000471
1099    0.000491
1100    0.000479
1101    0.000929
1102    0.000475
1103    0.000473
1104    0.000481
1105    0.000464
1106    0.000469
1107    0.000469
1108    0.000489
1109    0.000488
1110    0.000466
1111    0.000471
1112    0.000478
1113    0.000475
1114    0.000463
1115    0.000533
1116    0.000474
1117    0.000463
1118    0.000468
1119    0.000465
1120    0.000518
1121    0.000531
1122    0.000468
1123    0.000564
1124    0.000459
1125    0.000538
1126    0.000496
1127    0.000547
1128    0.000474
1129    0.00047
1130    0.000565
1131    0.000469
1132    0.000513
1133    0.000513
1134    0.000492
1135    0.0005
1136    0.00056
1137    0.000907
1138    0.000495
1139    0.000493
1140    0.000497
1141    0.000519
1142    0.000495
1143    0.00052
1144    0.000509
1145    0.000519
1146    0.000519
1147    0.00052
1148    0.000519
1149    0.000524
1150    0.000518
1151    0.000526
1152    0.000526
1153    0.00053
1154    0.00053
1155    0.000528
1156    0.000521
1157    0.00053
1158    0.000525
1159    0.000528
1160    0.000963
1161    0.000535
1162    0.000532
1163    0.000527
1164    0.000527
1165    0.000538
1166    0.000538
1167    0.000542
1168    0.000537
1169    0.000526
1170    0.000532
1171    0.000522
1172    0.000526
1173    0.000534
1174    0.000529
1175    0.000549
1176    0.000533
1177    0.000528
1178    0.000523
1179    0.000526
1180    0.000521
1181    0.000534
1182    0.000526
1183    0.000526
1184    0.000556
1185    0.000524
1186    0.00051
1187    0.000519
1188    0.000518
1189    0.000521
1190    0.000531
1191    0.00053
1192    0.000517
1193    0.000539
1194    0.000527
1195    0.000526
1196    0.000509
1197    0.000548
1198    0.00053
1199    0.000948
1200    0.000511
1201    0.000505
1202    0.000511
1203    0.000523
1204    0.000608
1205    0.000509
1206    0.000516
1207    0.000509
1208    0.000513
1209    0.00052
1210    0.000527
1211    0.000632
1212    0.000519
1213    0.000611
1214    0.000527
1215    0.000531
1216    0.000526
1217    0.000523
1218    0.000517
1219    0.000522
1220    0.000524
1221    0.000538
1222    0.000524
1223    0.000514
1224    0.000515
1225    0.000521
1226    0.000517
1227    0.000525
1228    0.000506
1229    0.000507
1230    0.000518
1231    0.000511
1232    0.000515
1233    0.000526
1234    0.000513
1235    0.000513
1236    0.000509
1237    0.000516
1238    0.000526
1239    0.000519
1240    0.000531
1241    0.00053
1242    0.000537
1243    0.000523
1244    0.000516
1245    0.000523
1246    0.000517
1247    0.000528
1248    0.000524
1249    0.000533
1250    0.0006
1251    0.000559
1252    0.000524
1253    0.000527
1254    0.000525
1255    0.000522
1256    0.000526
1257    0.000514
1258    0.000525
1259    0.00053
1260    0.000528
1261    0.000523
1262    0.000528
1263    0.000534
1264    0.000516
1265    0.000509
1266    0.000516
1267    0.000523
1268    0.00053
1269    0.000524
1270    0.000522
1271    0.000536
1272    0.000526
1273    0.000534
1274    0.000531
1275    0.00058
1276    0.00054
1277    0.000538
1278    0.00054
1279    0.000537
1280    0.000528
1281    0.000545
1282    0.000522
1283    0.000522
1284    0.000526
1285    0.000514
1286    0.000521
1287    0.000524
1288    0.000524
1289    0.000527
1290    0.000517
1291    0.000508
1292    0.000502
1293    0.000506
1294    0.000509
1295    0.000506
1296    0.000512
1297    0.000589
1298    0.000521
1299    0.000521
1300    0.000553
1301    0.000514
1302    0.000527
1303    0.000605
1304    0.000525
1305    0.000592
1306    0.000531
1307    0.000534
1308    0.000558
1309    0.000533
1310    0.000531
1311    0.000519
1312    0.00052
1313    0.000521
1314    0.000524
1315    0.000536
1316    0.000526
1317    0.000725
1318    0.000587
1319    0.000559
1320    0.000559
1321    0.000569
1322    0.000544
1323    0.000542
1324    0.000983
1325    0.000531
1326    0.000526
1327    0.000522
1328    0.000521
1329    0.000529
1330    0.00053
1331    0.00054
1332    0.000541
1333    0.000628
1334    0.000533
1335    0.000547
1336    0.000555
1337    0.00055
1338    0.000521
1339    0.000515
1340    0.000524
1341    0.000527
1342    0.000531
1343    0.00052
1344    0.000548
1345    0.000521
1346    0.000523
1347    0.000535
1348    0.00053
1349    0.000516
1350    0.000514
1351    0.00053
1352    0.000534
1353    0.000534
1354    0.000524
1355    0.000567
1356    0.000531
1357    0.000527
1358    0.000512
1359    0.000507
1360    0.000505
1361    0.000514
1362    0.000519
1363    0.000526
1364    0.000622
1365    0.000519
1366    0.000528
1367    0.000536
1368    0.000525
1369    0.000617
1370    0.000553
1371    0.000544
1372    0.000521
1373    0.00053
1374    0.00055
1375    0.000548
1376    0.000506
1377    0.000552
1378    0.00096
1379    0.000549
1380    0.000549
1381    0.000562
1382    0.000582
1383    0.000582
1384    0.000562
1385    0.000563
1386    0.00054
1387    0.000547
1388    0.001034
1389    0.000561
1390    0.000554
1391    0.000553
1392    0.000557
1393    0.000582
1394    0.000571
1395    0.000559
1396    0.00057
1397    0.000567
1398    0.000592
1399    0.000569
1400    0.000569
1401    0.000587
1402    0.000571
1403    0.000571
1404    0.000573
1405    0.000569
1406    0.000683
1407    0.00057
1408    0.000582
1409    0.000571
1410    0.000636
1411    0.000619
1412    0.000571
1413    0.00057
1414    0.000572
1415    0.001068
1416    0.000583
1417    0.00057
1418    0.00055
1419    0.000541
1420    0.000539
1421    0.000527
1422    0.000527
1423    0.000601
1424    0.000644
1425    0.000544
1426    0.000558
1427    0.000521
1428    0.000515
1429    0.000508
1430    0.000514
1431    0.000758
1432    0.000528
1433    0.000514
1434    0.00052
1435    0.000517
1436    0.000527
1437    0.000536
1438    0.000521
1439    0.000532
1440    0.000527
1441    0.000537
1442    0.000552
1443    0.000943
1444    0.000907
1445    0.000552
1446    0.00054
1447    0.000532
1448    0.000729
1449    0.000558
1450    0.000582
1451    0.000531
1452    0.000538
1453    0.000579
1454    0.000533
1455    0.000526
1456    0.000526
1457    0.000526
1458    0.000528
1459    0.000525
1460    0.000537
1461    0.000514
1462    0.000508
1463    0.000502
1464    0.000512
1465    0.000503
1466    0.000521
1467    0.000509
1468    0.000516
1469    0.00052
1470    0.000584
1471    0.000514
1472    0.000513
1473    0.000529
1474    0.000536
1475    0.000608
1476    0.000573
1477    0.000567
1478    0.000525
1479    0.000508
1480    0.000504
1481    0.000507
1482    0.000508
1483    0.000526
1484    0.000509
1485    0.00051
1486    0.000507
1487    0.000508
1488    0.00051
1489    0.000521
1490    0.000506
1491    0.00052
1492    0.000526
1493    0.000524
1494    0.000518
1495    0.000524
1496    0.000561
1497    0.000527
1498    0.000524
1499    0.000542
1500    0.000589
1501    0.000544
1502    0.000545
1503    0.000621
1504    0.000563
1505    0.000921
1506    0.000577
1507    0.00057
1508    0.000579
1509    0.000576
1510    0.000576
1511    0.000582
1512    0.00063
1513    0.000582
1514    0.000595
1515    0.000596
1516    0.000589
1517    0.000606
1518    0.000592
1519    0.000592
1520    0.000586
1521    0.000608
1522    0.000618
1523    0.000742
1524    0.00059
1525    0.001071
1526    0.000969
1527    0.001011
1528    0.000999
1529    0.000896
1530    0.000573
1531    0.000575
1532    0.000572
1533    0.00057
1534    0.000573
1535    0.000579
1536    0.000572
1537    0.000573
1538    0.000589
1539    0.001044
1540    0.000565
1541    0.000587
1542    0.000588
1543    0.000664
1544    0.000586
1545    0.000587
1546    0.000571
1547    0.000595
1548    0.000568
1549    0.000569
1550    0.000573
1551    0.000584
1552    0.000672
1553    0.000586
1554    0.000585
1555    0.000599
1556    0.000592
1557    0.000696
1558    0.000587
1559    0.000678
1560    0.000567
1561    0.000586
1562    0.000584
1563    0.000578
1564    0.000582
1565    0.000603
1566    0.000587
1567    0.00058
1568    0.000591
1569    0.000584
1570    0.000589
1571    0.000597
1572    0.000581
1573    0.001028
1574    0.000568
1575    0.000573
1576    0.000576
1577    0.000579
1578    0.00057
1579    0.000585
1580    0.000639
1581    0.000581
1582    0.00057
1583    0.000826
1584    0.000568
1585    0.000595
1586    0.000587
1587    0.000577
1588    0.000567
1589    0.000572
1590    0.000572
1591    0.000588
1592    0.000705
1593    0.000595
1594    0.000584
1595    0.000567
1596    0.000573
1597    0.000591
1598    0.000584
1599    0.000597
1600    0.000659
1601    0.00059
1602    0.001027
1603    0.000605
1604    0.000607
1605    0.000703
1606    0.000607
1607    0.000613
1608    0.000587
1609    0.000587
1610    0.000587
1611    0.000604
1612    0.000632
1613    0.000591
1614    0.000657
1615    0.00059
1616    0.000581
1617    0.00059
1618    0.000611
1619    0.000591
1620    0.000585
1621    0.000679
1622    0.000683
1623    0.000667
1624    0.000679
1625    0.001098
1626    0.000586
1627    0.000594
1628    0.000589
1629    0.00059
1630    0.000595
1631    0.00059
1632    0.000599
1633    0.000572
1634    0.000575
1635    0.000582
1636    0.000575
1637    0.000585
1638    0.000596
1639    0.000603
1640    0.000587
1641    0.000574
1642    0.000578
1643    0.000612
1644    0.000601
1645    0.000593
1646    0.000583
1647    0.001047
1648    0.000577
1649    0.000575
1650    0.000942
1651    0.000626
1652    0.000675
1653    0.000592
1654    0.00058
1655    0.000579
1656    0.000593
1657    0.000666
1658    0.000814
1659    0.000589
1660    0.00059
1661    0.000629
1662    0.000589
1663    0.00057
1664    0.000582
1665    0.00058
1666    0.000572
1667    0.000569
1668    0.000583
1669    0.000658
1670    0.000605
1671    0.000574
1672    0.00058
1673    0.000579
1674    0.000665
1675    0.000588
1676    0.000656
1677    0.000587
1678    0.00057
1679    0.000666
1680    0.000579
1681    0.000569
1682    0.000568
1683    0.000632
1684    0.000826
1685    0.000575
1686    0.000594
1687    0.000583
1688    0.001034
1689    0.000598
1690    0.00108
1691    0.000644
1692    0.00057
1693    0.000573
1694    0.000573
1695    0.000571
1696    0.000575
1697    0.000594
1698    0.000571
1699    0.000651
1700    0.0006
1701    0.000868
1702    0.000575
1703    0.00058
1704    0.000583
1705    0.000583
1706    0.000579
1707    0.000575
1708    0.000589
1709    0.001085
1710    0.00058
1711    0.000598
1712    0.00108
1713    0.00063
1714    0.000671
1715    0.000575
1716    0.001041
1717    0.00057
1718    0.000592
1719    0.000597
1720    0.000633
1721    0.00057
1722    0.000569
1723    0.000588
1724    0.000592
1725    0.000567
1726    0.000586
1727    0.000616
1728    0.000565
1729    0.000601
1730    0.00058
1731    0.000573
1732    0.000598
1733    0.001056
1734    0.000591
1735    0.000577
1736    0.000573
1737    0.000577
1738    0.001004
1739    0.000589
1740    0.000577
1741    0.000597
1742    0.000586
1743    0.000573
1744    0.000664
1745    0.000581
1746    0.000582
1747    0.00058
1748    0.000595
1749    0.000577
1750    0.000579
1751    0.000569
1752    0.000588
1753    0.000706
1754    0.000569
1755    0.000584
1756    0.000588
1757    0.000587
1758    0.001032
1759    0.000592
1760    0.000566
1761    0.000576
1762    0.000578
1763    0.000604
1764    0.000572
1765    0.000635
1766    0.000614
1767    0.001009
1768    0.001032
1769    0.000585
1770    0.000575
1771    0.000583
1772    0.000581
1773    0.000586
1774    0.000574
1775    0.000578
1776    0.00057
1777    0.000582
1778    0.000569
1779    0.000576
1780    0.000588
1781    0.000598
1782    0.000963
1783    0.000901
1784    0.001056
1785    0.001062
1786    0.001047
1787    0.000584
1788    0.000574
1789    0.000572
1790    0.000573
1791    0.00057
1792    0.000572
1793    0.000569
1794    0.001028
1795    0.001006
1796    0.000563
1797    0.000551
1798    0.00057
1799    0.000567
1800    0.000577
1801    0.000585
1802    0.00061
1803    0.00063
1804    0.000601
1805    0.000577
1806    0.0006
1807    0.000575
1808    0.00058
1809    0.001038
1810    0.000574
1811    0.000572
1812    0.000574
1813    0.000593
1814    0.000622
1815    0.00057
1816    0.000569
1817    0.000968
1818    0.000576
1819    0.001027
1820    0.000599
1821    0.000577
1822    0.00059
1823    0.000588
1824    0.000598
1825    0.000587
1826    0.00057
1827    0.000574
1828    0.000573
1829    0.00057
1830    0.000573
1831    0.000582
1832    0.000925
1833    0.001014
1834    0.000572
1835    0.000581
1836    0.001043
1837    0.00057
1838    0.000574
1839    0.000576
1840    0.000572
1841    0.000595
1842    0.000583
1843    0.000609
1844    0.000571
1845    0.000577
1846    0.00057
1847    0.000568
1848    0.000575
1849    0.000669
1850    0.000571
1851    0.000588
1852    0.000595
1853    0.000588
1854    0.000866
1855    0.000586
1856    0.000568
1857    0.000586
1858    0.000587
1859    0.00058
1860    0.000576
1861    0.000571
1862    0.000611
1863    0.000573
1864    0.000572
1865    0.000655
1866    0.000587
1867    0.000589
1868    0.000596
1869    0.000604
1870    0.000604
1871    0.000622
1872    0.000632
1873    0.000687
1874    0.000625
1875    0.000633
1876    0.000627
1877    0.000628
1878    0.001118
1879    0.000628
1880    0.000713
1881    0.000647
1882    0.00065
1883    0.000646
1884    0.000635
1885    0.000631
1886    0.000655
1887    0.000653
1888    0.000637
1889    0.000642
1890    0.000644
1891    0.000749
1892    0.000633
1893    0.000649
1894    0.000624
1895    0.000636
1896    0.001179
1897    0.001254
1898    0.001251
1899    0.001277
1900    0.000687
1901    0.001158
1902    0.001159
1903    0.001123
1904    0.001117
1905    0.000734
1906    0.000663
1907    0.000651
1908    0.000651
1909    0.000656
1910    0.001214
1911    0.001184
1912    0.001206
1913    0.001088
1914    0.001173
1915    0.00116
1916    0.000674
1917    0.000673
1918    0.000679
1919    0.001108
1920    0.001096
1921    0.000929
1922    0.00099
1923    0.000957
1924    0.000917
1925    0.001111
1926    0.001075
1927    0.001201
1928    0.001191
1929    0.000822
1930    0.000838
1931    0.001041
1932    0.001091
1933    0.001044
1934    0.000604
1935    0.000615
1936    0.000619
1937    0.000606
1938    0.000584
1939    0.000619
1940    0.000631
1941    0.000604
1942    0.000598
1943    0.000607
1944    0.000609
1945    0.000605
1946    0.000605
1947    0.000609
1948    0.000618
1949    0.000706
1950    0.000637
1951    0.000629
1952    0.000634
1953    0.000606
1954    0.000618
1955    0.000617
1956    0.000637
1957    0.000634
1958    0.000623
1959    0.000638
1960    0.000621
1961    0.000964
1962    0.00095
1963    0.000635
1964    0.000605
1965    0.00063
1966    0.000625
1967    0.00063
1968    0.000626
1969    0.000627
1970    0.000631
1971    0.000639
1972    0.000644
1973    0.000625
1974    0.000631
1975    0.00064
1976    0.000633
1977    0.00063
1978    0.000633
1979    0.00071
1980    0.001188
1981    0.00115
1982    0.000629
1983    0.000644
1984    0.001092
1985    0.00063
1986    0.000619
1987    0.000623
1988    0.000656
1989    0.000622
1990    0.000624
1991    0.00064
1992    0.00063
1993    0.000627
1994    0.000632
1995    0.00064
1996    0.000644
1997    0.000618
1998    0.000616
1999    0.000617
2000    0.000625
2001    0.001255
2002    0.001255
2003    0.000965
2004    0.000666
2005    0.000681
2006    0.000839
2007    0.000707
2008    0.000716
2009    0.000681
2010    0.001219
2011    0.001226
2012    0.000663
2013    0.000664
2014    0.000709
2015    0.000687
2016    0.000738
2017    0.000873
2018    0.000685
2019    0.001232
2020    0.000776
2021    0.000766
2022    0.000672
2023    0.000674
2024    0.000676
2025    0.000672
2026    0.000689
2027    0.000735
2028    0.000708
2029    0.001217
2030    0.000673
2031    0.000673
2032    0.000706
2033    0.000817
2034    0.00079
2035    0.0009
2036    0.000727
2037    0.000652
2038    0.001197
2039    0.000689
2040    0.000758
2041    0.000679
2042    0.000698
2043    0.000829
2044    0.000775
2045    0.000696
2046    0.000691
2047    0.001269
2048    0.001258
2049    0.00069
2050    0.000671
2051    0.001215
2052    0.001213
2053    0.001212
2054    0.000647
2055    0.000661
2056    0.000709
2057    0.000703
2058    0.001227
2059    0.001127
2060    0.000656
2061    0.000683
2062    0.000666
2063    0.000706
2064    0.000725
2065    0.001191
2066    0.000675
2067    0.000698
2068    0.000779
2069    0.001248
2070    0.00122
2071    0.001213
2072    0.001211
2073    0.000683
2074    0.000665
2075    0.000683
2076    0.000688
2077    0.000686
2078    0.000713
2079    0.000746
2080    0.001259
2081    0.00101
2082    0.000732
2083    0.000991
2084    0.001015
2085    0.001238
2086    0.001252
2087    0.000719
2088    0.000689
2089    0.000665
2090    0.000663
2091    0.000674
2092    0.000695
2093    0.000678
2094    0.000669
2095    0.000684
2096    0.000739
2097    0.000732
2098    0.000682
2099    0.000665
2100    0.000726
2101    0.00155
2102    0.001321
2103    0.00076
2104    0.000742
2105    0.001264
2106    0.000695
2107    0.000755
2108    0.000761
2109    0.000954
2110    0.000714
2111    0.000756
2112    0.000726
2113    0.000804
2114    0.000721
2115    0.000731
2116    0.000977
2117    0.000726
2118    0.000726
2119    0.000717
2120    0.000709
2121    0.001256
2122    0.001273
2123    0.001297
2124    0.000825
2125    0.001189
2126    0.000674
2127    0.000984
2128    0.001264
2129    0.000707
2130    0.001297
2131    0.000806
2132    0.000951
2133    0.000744
2134    0.000689
2135    0.001238
2136    0.000668
2137    0.000659
2138    0.000666
2139    0.000674
2140    0.000711
2141    0.000666
2142    0.000667
2143    0.001206
2144    0.001234
2145    0.000661
2146    0.001145
2147    0.001259
2148    0.000877
2149    0.000698
2150    0.000685
2151    0.000671
2152    0.00067
2153    0.00076
2154    0.000841
2155    0.000707
2156    0.000712
2157    0.000821
2158    0.000713
2159    0.000693
2160    0.000696
2161    0.000689
2162    0.000656
2163    0.000675
2164    0.001206
2165    0.001162
2166    0.000678
2167    0.000647
2168    0.001169
2169    0.001173
2170    0.001161
2171    0.001258
2172    0.000673
2173    0.000674
2174    0.000669
2175    0.000758
2176    0.00067
2177    0.000829
2178    0.000701
2179    0.000699
2180    0.001284
2181    0.000758
2182    0.001161
2183    0.001128
2184    0.000867
2185    0.001289
2186    0.001326
2187    0.001325
2188    0.001286
2189    0.000766
2190    0.000746
2191    0.000778
2192    0.000772
2193    0.000791
2194    0.001372
2195    0.00086
2196    0.000848
2197    0.00085
2198    0.001262
2199    0.000769
2200    0.000776
2201    0.000806
2202    0.000839
2203    0.001364
2204    0.00083
2205    0.001339
2206    0.00132
2207    0.001088
2208    0.001062
2209    0.000882
2210    0.000958
2211    0.000792
2212    0.000763
2213    0.000843
2214    0.000795
2215    0.00079
2216    0.00141
2217    0.00131
2218    0.001307
2219    0.00074
2220    0.00087
2221    0.00076
2222    0.000734
2223    0.000806
2224    0.00077
2225    0.000762
2226    0.000778
2227    0.001342
2228    0.000908
2229    0.000767
2230    0.000821
2231    0.000779
2232    0.000776
2233    0.001128
2234    0.00078
2235    0.000778
2236    0.000774
2237    0.001216
2238    0.000743
2239    0.000745
2240    0.000935
2241    0.000784
2242    0.000776
2243    0.000817
2244    0.000794
2245    0.001397
2246    0.001404
2247    0.00139
2248    0.001398
2249    0.000738
2250    0.00078
2251    0.001453
2252    0.00115
2253    0.001414
2254    0.000752
2255    0.000773
2256    0.000902
2257    0.000779
2258    0.000857
2259    0.000782
2260    0.000794
2261    0.000778
2262    0.000827
2263    0.000811
2264    0.000795
2265    0.00077
2266    0.000924
2267    0.000949
2268    0.000803
2269    0.000778
2270    0.001417
2271    0.001375
2272    0.00077
2273    0.000769
2274    0.000782
2275    0.000751
2276    0.00134
2277    0.001371
2278    0.000745
2279    0.000776
2280    0.000791
2281    0.000787
2282    0.000776
2283    0.00079
2284    0.000772
2285    0.000768
2286    0.000761
2287    0.000768
2288    0.000746
2289    0.000747
2290    0.000848
2291    0.000736
2292    0.00074
2293    0.000745
2294    0.000744
2295    0.000751
2296    0.000747
2297    0.001285
2298    0.00136
2299    0.000743
2300    0.001335
2301    0.000776
2302    0.000779
2303    0.000829
2304    0.000773
2305    0.000778
2306    0.000887
2307    0.000785
2308    0.000793
2309    0.001158
2310    0.001385
2311    0.00077
2312    0.000779
2313    0.001361
2314    0.000782
2315    0.000786
2316    0.001227
2317    0.00139
2318    0.000774
2319    0.000829
2320    0.000825
2321    0.000795
2322    0.000778
2323    0.001391
2324    0.000878
2325    0.000776
2326    0.000789
2327    0.00079
2328    0.000892
2329    0.000777
2330    0.00082
2331    0.001384
2332    0.001396
2333    0.001406
2334    0.001399
2335    0.000785
2336    0.00117
2337    0.000774
2338    0.000736
2339    0.00081
2340    0.000869
2341    0.000822
2342    0.000782
2343    0.000942
2344    0.000821
2345    0.000772
2346    0.000764
2347    0.000807
2348    0.000954
2349    0.001375
2350    0.001388
2351    0.001343
2352    0.001339
2353    0.000745
2354    0.000858
2355    0.00076
2356    0.000788
2357    0.000786
2358    0.001324
2359    0.000778
2360    0.000795
2361    0.000769
2362    0.000783
2363    0.000772
2364    0.000804
2365    0.000782
2366    0.000758
2367    0.001057
2368    0.000814
2369    0.000814
2370    0.000821
2371    0.000772
2372    0.000789
2373    0.000767
2374    0.000774
2375    0.000854
2376    0.00146
2377    0.001386
2378    0.00135
2379    0.001383
2380    0.001393
2381    0.000764
2382    0.000783
2383    0.000798
2384    0.000896
2385    0.000964
2386    0.000802
2387    0.000771
2388    0.000772
2389    0.001271
2390    0.001297
2391    0.001309
2392    0.001412
2393    0.001422
2394    0.00078
2395    0.000774
2396    0.000787
2397    0.000778
2398    0.000762
2399    0.000832
2400    0.000813
2401    0.000863
2402    0.000793
2403    0.001343
2404    0.000804
2405    0.001253
2406    0.000748
2407    0.000755
2408    0.001107
2409    0.000764
2410    0.000779
2411    0.000782
2412    0.000783
2413    0.000786
2414    0.000788
2415    0.001457
2416    0.001091
2417    0.000878
2418    0.000792
2419    0.000963
2420    0.000827
2421    0.000781
2422    0.000893
2423    0.000761
2424    0.000772
2425    0.00092
2426    0.000778
2427    0.000765
2428    0.00093
2429    0.000764
2430    0.000797
2431    0.000854
2432    0.001003
2433    0.000844
2434    0.000975
2435    0.000868
2436    0.00139
2437    0.000823
2438    0.000794
2439    0.000795
2440    0.000765
2441    0.0008
2442    0.000802
2443    0.001162
2444    0.001127
2445    0.001275
2446    0.001422
2447    0.001447
2448    0.000829
2449    0.00077
2450    0.000776
2451    0.001393
2452    0.001385
2453    0.001407
2454    0.001344
2455    0.001005
2456    0.000913
2457    0.000783
2458    0.000775
2459    0.000783
2460    0.00088
2461    0.000816
2462    0.000813
2463    0.000802
2464    0.000772
2465    0.000789
2466    0.00144
2467    0.000788
2468    0.000802
2469    0.000764
2470    0.00077
2471    0.000798
2472    0.000765
2473    0.000779
2474    0.000768
2475    0.000769
2476    0.0008
2477    0.000789
2478    0.00083
2479    0.000802
2480    0.000811
2481    0.000848
2482    0.001456
2483    0.00094
2484    0.000785
2485    0.000775
2486    0.000772
2487    0.000772
2488    0.000771
2489    0.001438
2490    0.001426
2491    0.001436
2492    0.000768
2493    0.000856
2494    0.000832
2495    0.000768
2496    0.001344
2497    0.000791
2498    0.000972
2499    0.0008
2500    0.000951
2501    0.000832
2502    0.000822
2503    0.000779
2504    0.001101
2505    0.000785
2506    0.000946
2507    0.000781
2508    0.000784
2509    0.000809
2510    0.000777
2511    0.000834
2512    0.000773
2513    0.000791
2514    0.000859
2515    0.000872
2516    0.000951
2517    0.000782
2518    0.00077
2519    0.000863
2520    0.000807
2521    0.000778
2522    0.000776
2523    0.000853
2524    0.000784
2525    0.000851
2526    0.000807
2527    0.000813
2528    0.000807
2529    0.0014
2530    0.00077
2531    0.000781
2532    0.000781
2533    0.000777
2534    0.000775
2535    0.000794
2536    0.000777
2537    0.000785
2538    0.000747
2539    0.000737
2540    0.00079
2541    0.000764
2542    0.000765
2543    0.00137
2544    0.001154
2545    0.000777
2546    0.001371
2547    0.000782
2548    0.000816
2549    0.000787
2550    0.000812
2551    0.001392
2552    0.000784
2553    0.000772
2554    0.000803
2555    0.000763
2556    0.00079
2557    0.000781
2558    0.000766
2559    0.000766
2560    0.000806
2561    0.000798
2562    0.000822
2563    0.0008
2564    0.000826
2565    0.000773
2566    0.000814
2567    0.000912
2568    0.000776
2569    0.000779
2570    0.00105
2571    0.000841
2572    0.000819
2573    0.000974
2574    0.000784
2575    0.00077
2576    0.000774
2577    0.001359
2578    0.00135
2579    0.00134
2580    0.001342
2581    0.001282
2582    0.001089
2583    0.001124
2584    0.001203
2585    0.000755
2586    0.000914
2587    0.000746
2588    0.000744
2589    0.000751
2590    0.000771
2591    0.000778
2592    0.000836
2593    0.000798
2594    0.000771
2595    0.000769
2596    0.000757
2597    0.000743
2598    0.000746
2599    0.000757
2600    0.000917
2601    0.00074
2602    0.001325
2603    0.001334
2604    0.001329
2605    0.001338
2606    0.000743
2607    0.000747
2608    0.001334
2609    0.000853
2610    0.000774
2611    0.000888
2612    0.00077
2613    0.000776
2614    0.000782
2615    0.001377
2616    0.000766
2617    0.000765
2618    0.001409
2619    0.000768
2620    0.000791
2621    0.000782
2622    0.000794
2623    0.000762
2624    0.00077
2625    0.00089
2626    0.000769
2627    0.000786
2628    0.000766
2629    0.00077
2630    0.00143
2631    0.001409
2632    0.001335
2633    0.001352
2634    0.000848
2635    0.00075
2636    0.000742
2637    0.000743
2638    0.000768
2639    0.000771
2640    0.000777
2641    0.000774
2642    0.000756
2643    0.000764
2644    0.000762
2645    0.000777
2646    0.000771
2647    0.001179
2648    0.000833
2649    0.00077
2650    0.000772
2651    0.000779
2652    0.001011
2653    0.000771
2654    0.000775
2655    0.000774
2656    0.000777
2657    0.000804
2658    0.000914
2659    0.001432
2660    0.001406
2661    0.000764
2662    0.001398
2663    0.001384
2664    0.001399
2665    0.001362
2666    0.001348
2667    0.001399
2668    0.001325
2669    0.001315
2670    0.001276
2671    0.001358
2672    0.000729
2673    0.001362
2674    0.001435
2675    0.001166
2676    0.000862
2677    0.000751
2678    0.000782
2679    0.001404
2680    0.000779
2681    0.00093
2682    0.000776
2683    0.000845
2684    0.000763
2685    0.000867
2686    0.00077
2687    0.000801
2688    0.001146
2689    0.001137
2690    0.001054
2691    0.001316
2692    0.001332
2693    0.000761
2694    0.001288
2695    0.00129
2696    0.001279
2697    0.000711
2698    0.001187
2699    0.001115
2700    0.001227
2701    0.001378
2702    0.00076
2703    0.000767
2704    0.00077
2705    0.000767
2706    0.001428
2707    0.001436
2708    0.000748
2709    0.000742
2710    0.000741
2711    0.000779
2712    0.000777
2713    0.00077
2714    0.000775
2715    0.00077
2716    0.000771
2717    0.0008
2718    0.0008
2719    0.000768
2720    0.001402
2721    0.001414
2722    0.001414
2723    0.00077
2724    0.000774
2725    0.001296
2726    0.000777
2727    0.000767
2728    0.000773
2729    0.000791
2730    0.000777
2731    0.000787
2732    0.001372
2733    0.001305
2734    0.001342
2735    0.000742
2736    0.000912
2737    0.000747
2738    0.000738
2739    0.001414
2740    0.001168
2741    0.002072
2742    0.001214
2743    0.001188
2744    0.001399
2745    0.001393
2746    0.000853
2747    0.001075
2748    0.000981
2749    0.00081
2750    0.001369
2751    0.001412
2752    0.001354
2753    0.001333
2754    0.00133
2755    0.000736
2756    0.000749
2757    0.000835
2758    0.000785
2759    0.000819
2760    0.000763
2761    0.00079
2762    0.000768
2763    0.000929
2764    0.000763
2765    0.000867
2766    0.001127
2767    0.000781
2768    0.000763
2769    0.0008
2770    0.000809
2771    0.000796
2772    0.000834
2773    0.000773
2774    0.000778
2775    0.000865
2776    0.000807
2777    0.000766
2778    0.000768
2779    0.000841
2780    0.00095
2781    0.001005
2782    0.00087
2783    0.00085
2784    0.000772
2785    0.00077
2786    0.000773
2787    0.000795
2788    0.000879
2789    0.000766
2790    0.000776
2791    0.0008
2792    0.000797
2793    0.001074
2794    0.000777
2795    0.000741
2796    0.00074
2797    0.000964
2798    0.000833
2799    0.000862
2800    0.000916
2801    0.00074
2802    0.000752
2803    0.000738
2804    0.000741
2805    0.000782
2806    0.000741
2807    0.000964
2808    0.001292
2809    0.001329
2810    0.001256
2811    0.000824
2812    0.00075
2813    0.000885
2814    0.000747
2815    0.000901
2816    0.000914
2817    0.000775
2818    0.000747
2819    0.0009
2820    0.000773
2821    0.000772
2822    0.000851
2823    0.000778
2824    0.001397
2825    0.001411
2826    0.001397
2827    0.000749
2828    0.000778
2829    0.000792
2830    0.000798
2831    0.000766
2832    0.000933
2833    0.000895
2834    0.000788
2835    0.000772
2836    0.000766
2837    0.000772
2838    0.000767
2839    0.0008
2840    0.000767
2841    0.000798
2842    0.000769
2843    0.000776
2844    0.000771
2845    0.001453
2846    0.000778
2847    0.00128
2848    0.001294
2849    0.001287
2850    0.001199
2851    0.000829
2852    0.000789
2853    0.000815
2854    0.000742
2855    0.000771
2856    0.001369
2857    0.000751
2858    0.0014
2859    0.001441
2860    0.000814
2861    0.000756
2862    0.000738
2863    0.000793
2864    0.000914
2865    0.000764
2866    0.001098
2867    0.000765
2868    0.000769
2869    0.000773
2870    0.001419
2871    0.000766
2872    0.000903
2873    0.00077
2874    0.000879
2875    0.000758
2876    0.000754
2877    0.000929
2878    0.001407
2879    0.001431
2880    0.000747
2881    0.001317
2882    0.001425
2883    0.000887
2884    0.00082
2885    0.000788
2886    0.000979
2887    0.000768
2888    0.001392
2889    0.001374
2890    0.000739
2891    0.000736
2892    0.000759
2893    0.001291
2894    0.001118
2895    0.001211
2896    0.001426
2897    0.000872
2898    0.000796
2899    0.000888
2900    0.000783
2901    0.001271
2902    0.000743
2903    0.000843
2904    0.000767
2905    0.000787
2906    0.000812
2907    0.000792
2908    0.000786
2909    0.000766
2910    0.000767
2911    0.000746
2912    0.000875
2913    0.000774
2914    0.000774
2915    0.000793
2916    0.001291
2917    0.000937
2918    0.000754
2919    0.000775
2920    0.000775
2921    0.000767
2922    0.000772
2923    0.000785
2924    0.000767
2925    0.000844
2926    0.000785
2927    0.000782
2928    0.000772
2929    0.00077
2930    0.000771
2931    0.000789
2932    0.000773
2933    0.001352
2934    0.000751
2935    0.00079
2936    0.000953
2937    0.000927
2938    0.000997
2939    0.000775
2940    0.000762
2941    0.000815
2942    0.000857
2943    0.001161
2944    0.001128
2945    0.000771
2946    0.00084
2947    0.000769
2948    0.000777
2949    0.000767
2950    0.001336
2951    0.001218
2952    0.000753
2953    0.000735
2954    0.000743
2955    0.001364
2956    0.001303
2957    0.000794
2958    0.000826
2959    0.000791
2960    0.000755
2961    0.000739
2962    0.000759
2963    0.000893
2964    0.000765
2965    0.000768
2966    0.00077
2967    0.00078
2968    0.00085
2969    0.000763
2970    0.000968
2971    0.00081
2972    0.000795
2973    0.001379
2974    0.000787
2975    0.000787
2976    0.000777
2977    0.000769
2978    0.000774
2979    0.000798
2980    0.00078
2981    0.000782
2982    0.000772
2983    0.000764
2984    0.000773
2985    0.00075
2986    0.000742
2987    0.00085
2988    0.000743
2989    0.000818
2990    0.000745
2991    0.000744
2992    0.001343
2993    0.000755
2994    0.00075
2995    0.000746
2996    0.000788
2997    0.000773
2998    0.000782
2999    0.000789
3000    0.00139
3001    0.000752
3002    0.000754
3003    0.000743
3004    0.001335
3005    0.001334
3006    0.000747
3007    0.001284
3008    0.001351
3009    0.001374
3010    0.001384
3011    0.000771
3012    0.00085
3013    0.00111
3014    0.000746
3015    0.000949
3016    0.00087
3017    0.001339
3018    0.000747
3019    0.000772
3020    0.000783
3021    0.000811
3022    0.000782
3023    0.000776
3024    0.000768
3025    0.000812
3026    0.000768
3027    0.000811
3028    0.000771
3029    0.001295
3030    0.001374
3031    0.001388
3032    0.001304
3033    0.000752
3034    0.000757
3035    0.000765
3036    0.00078
3037    0.000792
3038    0.00079
3039    0.000775
3040    0.000772
3041    0.001324
3042    0.00133
3043    0.001345
3044    0.000747
3045    0.000753
3046    0.000745
3047    0.000839
3048    0.000812
3049    0.00127
3050    0.001285
3051    0.000792
3052    0.000771
3053    0.000765
3054    0.000744
3055    0.000837
3056    0.000743
3057    0.000925
3058    0.000756
3059    0.001133
3060    0.000826
3061    0.000744
3062    0.000747
3063    0.000775
3064    0.000882
3065    0.000872
3066    0.000833
3067    0.000948
3068    0.000945
3069    0.000761
3070    0.000771
3071    0.000805
3072    0.001001
3073    0.000777
3074    0.001301
3075    0.001414
3076    0.00142
3077    0.00143
3078    0.001431
3079    0.000762
3080    0.000758
3081    0.000766
3082    0.00077
3083    0.000763
3084    0.00077
3085    0.000781
3086    0.00078
3087    0.000766
3088    0.000765
3089    0.000876
3090    0.00086
3091    0.000771
3092    0.000771
3093    0.000778
3094    0.000762
3095    0.000796
3096    0.000927
3097    0.000813
3098    0.000792
3099    0.000765
3100    0.000784
3101    0.00134
3102    0.000736
3103    0.000934
3104    0.000748
3105    0.000746
3106    0.000742
3107    0.000765
3108    0.001388
3109    0.0014
3110    0.001344
3111    0.001312
3112    0.000744
3113    0.00109
3114    0.000981
3115    0.000832
3116    0.000763
3117    0.000768
3118    0.000794
3119    0.000782
3120    0.000777
3121    0.000781
3122    0.000944
3123    0.001302
3124    0.00078
3125    0.001235
3126    0.001122
3127    0.001171
3128    0.001055
3129    0.001354
3130    0.000772
3131    0.000772
3132    0.000803
3133    0.000802
3134    0.000781
3135    0.000782
3136    0.000777
3137    0.000795
3138    0.000813
3139    0.00078
3140    0.000771
3141    0.00088
3142    0.000769
3143    0.000788
3144    0.001391
3145    0.000786
3146    0.000761
3147    0.000786
3148    0.000763
3149    0.001386
3150    0.000814
3151    0.001408
3152    0.000914
3153    0.00078
3154    0.001173
3155    0.000762
3156    0.000807
3157    0.000755
3158    0.001316
3159    0.000953
3160    0.000749
3161    0.001333
3162    0.001341
3163    0.000818
3164    0.000749
3165    0.00075
3166    0.000814
3167    0.000783
3168    0.000795
3169    0.000789
3170    0.000797
3171    0.000784
3172    0.000759
3173    0.000758
3174    0.001379
3175    0.000971
3176    0.001394
3177    0.001347
3178    0.001358
3179    0.001343
3180    0.001323
3181    0.001162
3182    0.000763
3183    0.000773
3184    0.000974
3185    0.000912
3186    0.000776
3187    0.000787
3188    0.000784
3189    0.000775
3190    0.001077
3191    0.000771
3192    0.000833
3193    0.001146
3194    0.000806
3195    0.000772
3196    0.000945
3197    0.000771
3198    0.001054
3199    0.001106
3200    0.000765
3201    0.001349
3202    0.00075
3203    0.00075
3204    0.001359
3205    0.000742
3206    0.000745
3207    0.000785
3208    0.000775
3209    0.000803
3210    0.000784
3211    0.000767
3212    0.000777
3213    0.000899
3214    0.000766
3215    0.000806
3216    0.000832
3217    0.000761
3218    0.00077
3219    0.000792
3220    0.00078
3221    0.000777
3222    0.000778
3223    0.000825
3224    0.000773
3225    0.000797
3226    0.000788
3227    0.001442
3228    0.00077
3229    0.00078
3230    0.000794
3231    0.00078
3232    0.00078
3233    0.000766
3234    0.000791
3235    0.000781
3236    0.001056
3237    0.000812
3238    0.000773
3239    0.000775
3240    0.001001
3241    0.000771
3242    0.000781
3243    0.000894
3244    0.000779
3245    0.000898
3246    0.000783
3247    0.000906
3248    0.00144
3249    0.001437
3250    0.001425
3251    0.001264
3252    0.000742
3253    0.000803
3254    0.000853
3255    0.000737
3256    0.000759
3257    0.00111
3258    0.00081
3259    0.001105
3260    0.000764
3261    0.000882
3262    0.001199
3263    0.000778
3264    0.000781
3265    0.000787
3266    0.000807
3267    0.000797
3268    0.000798
3269    0.000789
3270    0.000929
3271    0.001414
3272    0.000753
3273    0.000761
3274    0.000779
3275    0.00077
3276    0.000764
3277    0.000746
3278    0.000744
3279    0.000767
3280    0.000777
3281    0.00077
3282    0.000777
3283    0.000776
3284    0.000766
3285    0.000807
3286    0.000894
3287    0.001392
3288    0.001385
3289    0.001403
3290    0.00079
3291    0.000792
3292    0.000771
3293    0.000858
3294    0.00089
3295    0.000775
3296    0.000786
3297    0.001385
3298    0.000774
3299    0.000894
3300    0.00078
3301    0.00135
3302    0.001343
3303    0.000767
3304    0.000741
3305    0.000743
3306    0.000852
3307    0.000724
3308    0.000772
3309    0.000761
3310    0.000739
3311    0.000853
3312    0.000736
3313    0.000843
3314    0.000784
3315    0.000774
3316    0.000819
3317    0.000928
3318    0.000916
3319    0.00076
3320    0.000746
3321    0.000747
3322    0.000765
3323    0.000776
3324    0.000791
3325    0.000776
3326    0.000769
3327    0.000814
3328    0.000758
3329    0.001423
3330    0.00078
3331    0.001425
3332    0.000775
3333    0.001427
3334    0.000782
3335    0.000777
3336    0.000793
3337    0.000813
3338    0.000768
3339    0.000769
3340    0.000777
3341    0.000769
3342    0.000778
3343    0.000772
3344    0.001398
3345    0.001392
3346    0.001334
3347    0.00075
3348    0.000834
3349    0.00075
3350    0.000777
3351    0.000918
3352    0.001277
3353    0.000766
3354    0.000807
3355    0.001357
3356    0.001348
3357    0.001427
3358    0.001376
3359    0.001376
3360    0.001382
3361    0.00079
3362    0.001139
3363    0.000739
3364    0.000756
3365    0.000756
3366    0.000747
3367    0.000798
3368    0.000841
3369    0.000859
3370    0.000759
3371    0.0008
3372    0.000809
3373    0.000788
3374    0.000774
3375    0.000775
3376    0.000778
3377    0.001398
3378    0.000763
3379    0.001321
3380    0.00075
3381    0.00074
3382    0.000755
3383    0.000735
3384    0.000851
3385    0.001314
3386    0.000763
3387    0.000891
3388    0.000773
3389    0.00082
3390    0.001363
3391    0.001306
3392    0.001293
3393    0.00075
3394    0.000796
3395    0.000774
3396    0.000768
3397    0.000769
3398    0.000808
3399    0.000787
3400    0.000759
3401    0.000745
3402    0.000761
3403    0.000748
3404    0.000759
3405    0.001206
3406    0.000869
3407    0.000833
3408    0.00122
3409    0.001435
3410    0.001403
3411    0.001471
3412    0.001414
3413    0.000745
3414    0.000747
3415    0.000759
3416    0.000736
3417    0.000813
3418    0.000746
3419    0.000759
3420    0.000758
3421    0.000941
3422    0.000878
3423    0.000848
3424    0.001058
3425    0.000746
3426    0.001353
3427    0.000753
3428    0.000745
3429    0.000782
3430    0.001395
3431    0.00107
3432    0.0011
3433    0.000755
3434    0.00133
3435    0.000732
3436    0.000734
3437    0.000743
3438    0.000863
3439    0.001353
3440    0.000742
3441    0.000745
3442    0.001355
3443    0.000734
3444    0.000763
3445    0.000873
3446    0.000749
3447    0.000828
3448    0.000908
3449    0.000788
3450    0.000802
3451    0.001376
3452    0.000801
3453    0.000916
3454    0.001257
3455    0.000814
3456    0.000924
3457    0.000736
3458    0.000745
3459    0.000749
3460    0.000731
3461    0.000744
3462    0.000738
3463    0.001317
3464    0.000776
3465    0.000771
3466    0.000971
3467    0.001423
3468    0.001443
3469    0.001427
3470    0.00078
3471    0.000775
3472    0.000772
3473    0.000868
3474    0.00083
3475    0.000861
3476    0.000742
3477    0.000735
3478    0.000856
3479    0.000764
3480    0.000749
3481    0.00074
3482    0.000801
3483    0.000773
3484    0.000743
3485    0.000748
3486    0.000751
3487    0.000745
3488    0.000768
3489    0.000775
3490    0.000767
3491    0.000789
3492    0.000961
3493    0.000778
3494    0.000785
3495    0.001397
3496    0.001367
3497    0.000773
3498    0.000785
3499    0.001048
3500    0.000833
3501    0.001294
3502    0.000768
3503    0.000883
3504    0.000766
3505    0.000763
3506    0.000763
3507    0.000766
3508    0.000771
3509    0.000792
3510    0.000859
3511    0.000746
3512    0.000738
3513    0.000738
3514    0.001337
3515    0.000737
3516    0.000776
3517    0.001224
3518    0.000915
3519    0.000773
3520    0.000772
3521    0.000904
3522    0.000949
3523    0.000969
3524    0.001424
3525    0.001387
3526    0.001411
3527    0.001434
3528    0.00076
3529    0.000806
3530    0.001208
3531    0.000776
3532    0.000882
3533    0.000734
3534    0.000846
3535    0.000849
3536    0.000762
3537    0.000768
3538    0.00086
3539    0.000762
3540    0.000767
3541    0.000787
3542    0.000765
3543    0.000765
3544    0.000764
3545    0.000862
3546    0.000772
3547    0.000883
3548    0.000763
3549    0.000786
3550    0.001393
3551    0.001259
3552    0.001276
3553    0.00115
3554    0.000783
3555    0.000772
3556    0.000786
3557    0.000884
3558    0.000781
3559    0.000873
3560    0.000894
3561    0.001394
3562    0.001381
3563    0.001297
3564    0.00075
3565    0.000861
3566    0.000881
3567    0.000861
3568    0.000769
3569    0.000783
3570    0.00077
3571    0.000783
3572    0.000782
3573    0.000774
3574    0.00077
3575    0.000783
3576    0.000795
3577    0.000778
3578    0.000778
3579    0.000793
3580    0.00081
3581    0.000776
3582    0.001222
3583    0.000786
3584    0.000774
3585    0.001444
3586    0.000769
3587    0.000765
3588    0.000874
3589    0.001411
3590    0.001044
3591    0.001289
3592    0.000771
3593    0.001359
3594    0.000763
3595    0.000762
3596    0.000764
3597    0.000767
3598    0.000888
3599    0.000789
3600    0.000776
