1    0.000589
2    0.000395
3    0.000448
4    0.000476
5    0.00056
6    0.000414
7    0.00056
8    0.00053
9    0.000321
10    0.00038
11    0.000454
12    0.00045
13    0.000444
14    0.000452
15    0.000459
16    0.000458
17    0.000455
18    0.000456
19    0.000451
20    0.000448
21    0.000465
22    0.000458
23    0.00046
24    0.000458
25    0.000463
26    0.00047
27    0.000629
28    0.000463
29    0.000467
30    0.000466
31    0.000463
32    0.000458
33    0.00046
34    0.00047
35    0.000463
36    0.000464
37    0.000463
38    0.000462
39    0.000456
40    0.000463
41    0.000457
42    0.000469
43    0.00046
44    0.000461
45    0.000455
46    0.000457
47    0.000465
48    0.000461
49    0.000464
50    0.000461
51    0.000497
52    0.00054
53    0.000468
54    0.000459
55    0.000465
56    0.000462
57    0.000474
58    0.00047
59    0.000458
60    0.000468
61    0.000465
62    0.000462
63    0.000466
64    0.000467
65    0.000463
66    0.000465
67    0.000468
68    0.000472
69    0.000463
70    0.000462
71    0.000462
72    0.000464
73    0.000466
74    0.000462
75    0.000466
76    0.000468
77    0.000458
78    0.000462
79    0.000464
80    0.000461
81    0.000459
82    0.000474
83    0.000463
84    0.000528
85    0.000484
86    0.000464
87    0.000461
88    0.000593
89    0.000598
90    0.000595
91    0.000589
92    0.000601
93    0.000591
94    0.001031
95    0.000599
96    0.000587
97    0.000574
98    0.000552
99    0.00047
100    0.000468
101    0.000461
102    0.000459
103    0.00046
104    0.000472
105    0.000467
106    0.000462
107    0.000468
108    0.000463
109    0.000463
110    0.000468
111    0.000466
112    0.000493
113    0.000478
114    0.000471
115    0.000476
116    0.000463
117    0.00046
118    0.000473
119    0.000473
120    0.00045
121    0.00047
122    0.000458
123    0.000459
124    0.000815
125    0.000597
126    0.000584
127    0.000568
128    0.000585
129    0.000596
130    0.000538
131    0.000523
132    0.000464
133    0.000467
134    0.000487
135    0.000536
136    0.000458
137    0.000463
138    0.000465
139    0.000456
140    0.000462
141    0.000464
142    0.000474
143    0.000476
144    0.000468
145    0.000464
146    0.000465
147    0.000462
148    0.000475
149    0.000468
150    0.000458
151    0.000478
152    0.000563
153    0.000472
154    0.000453
155    0.000453
156    0.000468
157    0.000466
158    0.000471
159    0.000471
160    0.000464
161    0.000498
162    0.00047
163    0.000465
164    0.000548
165    0.000518
166    0.000461
167    0.00046
168    0.000448
169    0.000462
170    0.000462
171    0.000485
172    0.000471
173    0.000456
174    0.000461
175    0.000469
176    0.000458
177    0.00046
178    0.00046
179    0.000464
180    0.000446
181    0.000446
182    0.000465
183    0.000462
184    0.00048
185    0.000448
186    0.000467
187    0.001199
188    0.000468
189    0.000453
190    0.000466
191    0.000444
192    0.000451
193    0.000463
194    0.000461
195    0.000452
196    0.000451
197    0.000466
198    0.000462
199    0.000445
200    0.00046
201    0.000521
202    0.000542
203    0.000459
204    0.000467
205    0.00046
206    0.000465
207    0.000469
208    0.000461
209    0.000468
210    0.000459
211    0.000462
212    0.000468
213    0.000457
214    0.000462
215    0.000464
216    0.000475
217    0.000464
218    0.000461
219    0.000461
220    0.000459
221    0.000459
222    0.000459
223    0.000463
224    0.000459
225    0.000459
226    0.000458
227    0.000469
228    0.000464
229    0.000459
230    0.000465
231    0.000467
232    0.00046
233    0.000463
234    0.000464
235    0.000461
236    0.000463
237    0.000468
238    0.000466
239    0.000458
240    0.000463
241    0.00046
242    0.00046
243    0.000459
244    0.000464
245    0.000464
246    0.000458
247    0.000458
248    0.000453
249    0.000466
250    0.000459
251    0.000513
252    0.000519
253    0.000461
254    0.000461
255    0.000463
256    0.000459
257    0.000463
258    0.000458
259    0.000464
260    0.000454
261    0.000459
262    0.000457
263    0.000455
264    0.000457
265    0.000474
266    0.000463
267    0.000462
268    0.000458
269    0.000462
270    0.000461
271    0.000457
272    0.000462
273    0.000469
274    0.00047
275    0.00046
276    0.00053
277    0.00046
278    0.000456
279    0.000459
280    0.00047
281    0.000462
282    0.000453
283    0.000459
284    0.000466
285    0.000459
286    0.000463
287    0.000468
288    0.000466
289    0.000459
290    0.000467
291    0.000461
292    0.000463
293    0.000467
294    0.000457
295    0.000458
296    0.000472
297    0.000461
298    0.000463
299    0.000462
300    0.00047
301    0.000494
302    0.000514
303    0.000466
304    0.000535
305    0.00046
306    0.000461
307    0.000456
308    0.000465
309    0.000468
310    0.000463
311    0.000464
312    0.000466
313    0.000458
314    0.000463
315    0.000464
316    0.000477
317    0.000471
318    0.000456
319    0.000458
320    0.000461
321    0.00046
322    0.000461
323    0.000456
324    0.000465
325    0.000471
326    0.000455
327    0.000459
328    0.00046
329    0.000464
330    0.000462
331    0.00046
332    0.000455
333    0.000461
334    0.000462
335    0.000465
336    0.00046
337    0.000463
338    0.00046
339    0.000463
340    0.000464
341    0.000459
342    0.000458
343    0.000463
344    0.000464
345    0.000464
346    0.000458
347    0.000466
348    0.000467
349    0.000464
350    0.000467
351    0.0005
352    0.000463
353    0.000458
354    0.000463
355    0.000456
356    0.000459
357    0.000457
358    0.000464
359    0.000464
360    0.000462
361    0.000468
362    0.000461
363    0.000465
364    0.000461
365    0.000458
366    0.000459
367    0.000459
368    0.000463
369    0.000455
370    0.00046
371    0.00046
372    0.000459
373    0.00046
374    0.000467
375    0.000463
376    0.000469
377    0.000456
378    0.000457
379    0.000463
380    0.000458
381    0.000466
382    0.000462
383    0.000458
384    0.000464
385    0.000463
386    0.00046
387    0.000464
388    0.000459
389    0.000466
390    0.000461
391    0.000459
392    0.000462
393    0.000461
394    0.000462
395    0.000462
396    0.000463
397    0.00046
398    0.000463
399    0.000462
400    0.000459
401    0.000456
402    0.000526
403    0.000466
404    0.000461
405    0.000461
406    0.000462
407    0.000462
408    0.000459
409    0.000464
410    0.000458
411    0.00046
412    0.000457
413    0.000467
414    0.000458
415    0.000464
416    0.000464
417    0.00046
418    0.000461
419    0.00047
420    0.000459
421    0.000455
422    0.000471
423    0.000464
424    0.000463
425    0.000463
426    0.000463
427    0.000464
428    0.000453
429    0.000466
430    0.000463
431    0.00046
432    0.000457
433    0.000467
434    0.000463
435    0.000458
436    0.000458
437    0.00046
438    0.000475
439    0.000468
440    0.000475
441    0.000462
442    0.000468
443    0.000461
444    0.000468
445    0.00046
446    0.00046
447    0.000461
448    0.000478
449    0.000463
450    0.000464
451    0.000564
452    0.000511
453    0.000452
454    0.000463
455    0.00046
456    0.000473
457    0.000461
458    0.000459
459    0.000464
460    0.000463
461    0.000462
462    0.000461
463    0.000463
464    0.000469
465    0.000459
466    0.000462
467    0.000458
468    0.000467
469    0.000462
470    0.000471
471    0.000456
472    0.000475
473    0.000467
474    0.000468
475    0.000472
476    0.000459
477    0.000457
478    0.000461
479    0.000459
480    0.000468
481    0.000457
482    0.000461
483    0.000462
484    0.00046
485    0.000466
486    0.000462
487    0.000465
488    0.000467
489    0.000461
490    0.000458
491    0.000456
492    0.000466
493    0.000468
494    0.000466
495    0.000461
496    0.000464
497    0.000464
498    0.000462
499    0.000463
500    0.000461
501    0.000499
502    0.000535
503    0.000461
504    0.000459
505    0.000459
506    0.000459
507    0.000464
508    0.000465
509    0.000463
510    0.000459
511    0.000462
512    0.000461
513    0.000466
514    0.000457
515    0.00046
516    0.00047
517    0.000462
518    0.000464
519    0.000466
520    0.000478
521    0.000454
522    0.000462
523    0.000464
524    0.000462
525    0.000466
526    0.000451
527    0.000458
528    0.00045
529    0.000468
530    0.000459
531    0.000462
532    0.000455
533    0.000456
534    0.000454
535    0.000463
536    0.000448
537    0.000471
538    0.000467
539    0.000454
540    0.000469
541    0.000458
542    0.00046
543    0.000459
544    0.000449
545    0.00046
546    0.000465
547    0.000469
548    0.000454
549    0.000462
550    0.000469
551    0.0005
552    0.000521
553    0.000452
554    0.000459
555    0.000464
556    0.000463
557    0.000458
558    0.000457
559    0.000464
560    0.000461
561    0.000461
562    0.000454
563    0.000466
564    0.000454
565    0.000451
566    0.000456
567    0.000463
568    0.000458
569    0.000454
570    0.000454
571    0.000458
572    0.000464
573    0.000451
574    0.00045
575    0.000466
576    0.000454
577    0.000457
578    0.000457
579    0.000472
580    0.000455
581    0.000456
582    0.000456
583    0.000481
584    0.000453
585    0.000457
586    0.000463
587    0.000467
588    0.000461
589    0.000459
590    0.000461
591    0.00046
592    0.000464
593    0.00046
594    0.000458
595    0.000461
596    0.000462
597    0.000455
598    0.000463
599    0.000468
600    0.00046
601    0.00046
602    0.000598
603    0.000535
604    0.000474
605    0.000457
606    0.000452
607    0.000447
608    0.000456
609    0.00046
610    0.000452
611    0.000465
612    0.000471
613    0.000459
614    0.000482
615    0.00046
616    0.000461
617    0.000757
618    0.000459
619    0.000461
620    0.000465
621    0.000462
622    0.000465
623    0.000457
624    0.000453
625    0.000465
626    0.000454
627    0.000463
628    0.000461
629    0.000458
630    0.000462
631    0.000458
632    0.000458
633    0.000464
634    0.000463
635    0.000473
636    0.000465
637    0.000462
638    0.000462
639    0.000472
640    0.000464
641    0.000462
642    0.00046
643    0.000464
644    0.000459
645    0.000463
646    0.000461
647    0.000463
648    0.000463
649    0.000461
650    0.000461
651    0.000501
652    0.000455
653    0.000453
654    0.000455
655    0.000464
656    0.000465
657    0.000445
658    0.000469
659    0.000452
660    0.000463
661    0.000467
662    0.000456
663    0.00046
664    0.000457
665    0.000449
666    0.000461
667    0.000471
668    0.000455
669    0.000455
670    0.000456
671    0.00045
672    0.000461
673    0.000461
674    0.000468
675    0.000461
676    0.000467
677    0.000471
678    0.000466
679    0.000459
680    0.00046
681    0.000462
682    0.000466
683    0.000458
684    0.000457
685    0.000464
686    0.000463
687    0.000461
688    0.00046
689    0.000464
690    0.000476
691    0.000463
692    0.000459
693    0.000459
694    0.000459
695    0.000461
696    0.000466
697    0.00046
698    0.00046
699    0.000463
700    0.00046
701    0.000466
702    0.000844
703    0.000522
704    0.000458
705    0.000459
706    0.000462
707    0.000464
708    0.000463
709    0.000465
710    0.000469
711    0.000458
712    0.000465
713    0.00046
714    0.000472
715    0.00046
716    0.000464
717    0.000467
718    0.000463
719    0.000469
720    0.000455
721    0.000451
722    0.00046
723    0.000461
724    0.000473
725    0.000462
726    0.00046
727    0.000458
728    0.000475
729    0.000468
730    0.00046
731    0.000462
732    0.000461
733    0.000467
734    0.000474
735    0.000465
736    0.000459
737    0.000469
738    0.000464
739    0.000466
740    0.000464
741    0.00047
742    0.000457
743    0.000467
744    0.000463
745    0.000465
746    0.000463
747    0.000461
748    0.00046
749    0.000457
750    0.000459
751    0.000556
752    0.000464
753    0.000474
754    0.000463
755    0.000461
756    0.000464
757    0.000468
758    0.000461
759    0.000459
760    0.000462
761    0.000465
762    0.00046
763    0.000464
764    0.000466
765    0.00046
766    0.000458
767    0.000465
768    0.000461
769    0.000462
770    0.000464
771    0.000462
772    0.000458
773    0.000463
774    0.000465
775    0.000462
776    0.000462
777    0.000459
778    0.000465
779    0.000463
780    0.000469
781    0.00046
782    0.000459
783    0.000463
784    0.000467
785    0.000467
786    0.000461
787    0.000455
788    0.000469
789    0.000471
790    0.000467
791    0.000462
792    0.000461
793    0.000463
794    0.000459
795    0.000459
796    0.00046
797    0.000466
798    0.000462
799    0.000459
800    0.000465
801    0.000461
802    0.000551
803    0.000465
804    0.000465
805    0.000461
806    0.000468
807    0.000458
808    0.000471
809    0.000464
810    0.000459
811    0.000464
812    0.000466
813    0.000465
814    0.00046
815    0.000464
816    0.000459
817    0.000463
818    0.000463
819    0.000469
820    0.00046
821    0.000459
822    0.000466
823    0.000467
824    0.00046
825    0.000464
826    0.00046
827    0.000458
828    0.000463
829    0.000464
830    0.000465
831    0.000462
832    0.000464
833    0.000466
834    0.000462
835    0.000464
836    0.00046
837    0.000466
838    0.00046
839    0.000463
840    0.000465
841    0.000471
842    0.000465
843    0.000465
844    0.000465
845    0.00046
846    0.000472
847    0.000458
848    0.000468
849    0.000457
850    0.000461
851    0.000558
852    0.000458
853    0.000466
854    0.000474
855    0.000461
856    0.000464
857    0.00046
858    0.000458
859    0.00046
860    0.00046
861    0.000457
862    0.00046
863    0.000459
864    0.000459
865    0.00046
866    0.000467
867    0.000461
868    0.000467
869    0.000457
870    0.000459
871    0.000464
872    0.000462
873    0.000457
874    0.000465
875    0.000463
876    0.000463
877    0.000462
878    0.00047
879    0.000464
880    0.000463
881    0.000462
882    0.000464
883    0.000461
884    0.000468
885    0.000469
886    0.000462
887    0.000456
888    0.000466
889    0.000463
890    0.000461
891    0.000464
892    0.000473
893    0.000458
894    0.00046
895    0.00047
896    0.000456
897    0.00046
898    0.00046
899    0.000471
900    0.000471
901    0.000489
902    0.000575
903    0.000458
904    0.000457
905    0.00046
906    0.000472
907    0.000459
908    0.00046
909    0.000465
910    0.000459
911    0.000464
912    0.000465
913    0.000464
914    0.000469
915    0.000462
916    0.000455
917    0.000457
918    0.000462
919    0.000466
920    0.000463
921    0.000464
922    0.000457
923    0.000468
924    0.000464
925    0.000459
926    0.000463
927    0.00046
928    0.000458
929    0.000462
930    0.000463
931    0.00046
932    0.000468
933    0.000464
934    0.000466
935    0.000466
936    0.000459
937    0.000463
938    0.000469
939    0.000459
940    0.000461
941    0.000464
942    0.000461
943    0.000467
944    0.000481
945    0.000456
946    0.000464
947    0.000457
948    0.000457
949    0.000461
950    0.000464
951    0.000496
952    0.000517
953    0.000452
954    0.000455
955    0.000466
956    0.000464
957    0.000449
958    0.000461
959    0.000469
960    0.000458
961    0.000453
962    0.000462
963    0.000455
964    0.000448
965    0.000462
966    0.000461
967    0.000466
968    0.000462
969    0.000461
970    0.000464
971    0.000466
972    0.000447
973    0.000457
974    0.000453
975    0.00045
976    0.000461
977    0.000465
978    0.000454
979    0.000463
980    0.000453
981    0.00046
982    0.000464
983    0.000462
984    0.000476
985    0.000456
986    0.000449
987    0.000458
988    0.000459
989    0.000463
990    0.000453
991    0.000465
992    0.000456
993    0.000461
994    0.000468
995    0.000454
996    0.000454
997    0.000473
998    0.000457
999    0.000461
1000    0.000463
1001    0.000467
1002    0.000589
1003    0.000526
1004    0.000462
1005    0.000454
1006    0.000459
1007    0.000457
1008    0.000454
1009    0.000444
1010    0.000474
1011    0.000447
1012    0.00045
1013    0.00046
1014    0.000462
1015    0.000462
1016    0.000484
1017    0.000456
1018    0.00046
1019    0.000458
1020    0.000468
1021    0.000444
1022    0.00045
1023    0.000446
1024    0.000463
1025    0.000464
1026    0.000455
1027    0.000458
1028    0.000473
1029    0.000465
1030    0.000456
1031    0.00046
1032    0.000472
1033    0.000454
1034    0.00046
1035    0.000451
1036    0.000462
1037    0.00046
1038    0.00046
1039    0.000463
1040    0.000479
1041    0.000453
1042    0.000459
1043    0.00046
1044    0.000467
1045    0.00045
1046    0.000464
1047    0.000478
1048    0.000463
1049    0.000472
1050    0.000461
1051    0.000524
1052    0.000516
1053    0.000464
1054    0.000475
1055    0.000456
1056    0.000461
1057    0.000466
1058    0.000458
1059    0.000454
1060    0.000468
1061    0.000464
1062    0.000458
1063    0.000465
1064    0.000453
1065    0.000464
1066    0.000459
1067    0.000461
1068    0.000458
1069    0.000461
1070    0.000461
1071    0.000462
1072    0.000453
1073    0.000456
1074    0.000462
1075    0.000451
1076    0.000473
1077    0.000465
1078    0.000455
1079    0.00047
1080    0.000446
1081    0.000462
1082    0.000451
1083    0.000463
1084    0.000454
1085    0.00046
1086    0.000449
1087    0.000454
1088    0.000453
1089    0.000473
1090    0.000466
1091    0.000464
1092    0.000452
1093    0.000479
1094    0.000477
1095    0.000467
1096    0.000458
1097    0.000456
1098    0.000462
1099    0.00046
1100    0.000466
1101    0.000479
1102    0.000558
1103    0.000514
1104    0.000463
1105    0.000444
1106    0.000468
1107    0.000459
1108    0.000465
1109    0.000458
1110    0.000459
1111    0.000466
1112    0.00045
1113    0.000478
1114    0.000459
1115    0.000463
1116    0.000454
1117    0.000465
1118    0.000458
1119    0.000456
1120    0.000459
1121    0.000459
1122    0.000462
1123    0.000462
1124    0.000455
1125    0.000461
1126    0.000456
1127    0.000463
1128    0.000463
1129    0.000454
1130    0.000461
1131    0.000457
1132    0.000461
1133    0.000457
1134    0.00046
1135    0.000472
1136    0.000462
1137    0.000456
1138    0.000457
1139    0.00046
1140    0.000456
1141    0.000464
1142    0.000464
1143    0.000453
1144    0.000459
1145    0.000463
1146    0.000464
1147    0.000458
1148    0.000464
1149    0.000455
1150    0.000461
1151    0.000491
1152    0.000533
1153    0.00046
1154    0.000464
1155    0.000459
1156    0.000464
1157    0.000462
1158    0.000467
1159    0.000462
1160    0.000468
1161    0.000464
1162    0.000461
1163    0.000475
1164    0.000449
1165    0.00045
1166    0.000461
1167    0.000451
1168    0.000463
1169    0.000457
1170    0.000468
1171    0.000465
1172    0.000457
1173    0.000463
1174    0.00045
1175    0.000467
1176    0.000455
1177    0.000462
1178    0.000455
1179    0.000462
1180    0.000458
1181    0.000466
1182    0.000462
1183    0.000464
1184    0.000467
1185    0.000459
1186    0.000468
1187    0.000459
1188    0.000465
1189    0.000467
1190    0.000473
1191    0.000458
1192    0.000467
1193    0.000463
1194    0.000461
1195    0.000463
1196    0.000466
1197    0.000463
1198    0.000459
1199    0.000458
1200    0.000458
1201    0.000472
1202    0.000549
1203    0.000515
1204    0.000459
1205    0.000454
1206    0.000456
1207    0.000454
1208    0.000464
1209    0.000457
1210    0.00045
1211    0.000448
1212    0.000464
1213    0.000459
1214    0.000443
1215    0.000458
1216    0.000438
1217    0.000465
1218    0.000553
1219    0.000527
1220    0.000546
1221    0.000541
1222    0.000559
1223    0.000527
1224    0.000528
1225    0.000462
1226    0.000477
1227    0.000449
1228    0.000452
1229    0.000471
1230    0.000445
1231    0.000459
1232    0.000466
1233    0.000464
1234    0.000468
1235    0.000451
1236    0.00047
1237    0.000478
1238    0.000467
1239    0.000452
1240    0.000448
1241    0.000471
1242    0.000458
1243    0.000468
1244    0.000478
1245    0.000459
1246    0.000466
1247    0.000495
1248    0.000471
1249    0.000456
1250    0.000451
1251    0.000519
1252    0.000453
1253    0.000457
1254    0.000459
1255    0.000464
1256    0.000468
1257    0.000503
1258    0.000491
1259    0.000463
1260    0.000467
1261    0.000464
1262    0.00046
1263    0.000461
1264    0.000464
1265    0.000459
1266    0.000465
1267    0.000463
1268    0.000463
1269    0.000467
1270    0.000463
1271    0.000462
1272    0.000461
1273    0.000461
1274    0.000472
1275    0.000467
1276    0.000462
1277    0.000455
1278    0.000471
1279    0.000481
1280    0.000526
1281    0.000458
1282    0.000467
1283    0.000465
1284    0.000463
1285    0.000462
1286    0.000457
1287    0.000464
1288    0.000462
1289    0.000459
1290    0.000461
1291    0.000466
1292    0.000463
1293    0.00046
1294    0.000458
1295    0.000458
1296    0.000463
1297    0.000459
1298    0.000467
1299    0.00046
1300    0.000467
1301    0.000464
1302    0.000462
1303    0.000568
1304    0.00052
1305    0.000459
1306    0.000458
1307    0.000461
1308    0.000464
1309    0.000458
1310    0.000459
1311    0.000464
1312    0.000488
1313    0.000472
1314    0.000509
1315    0.000527
1316    0.000484
1317    0.000461
1318    0.000475
1319    0.000473
1320    0.0005
1321    0.00052
1322    0.000465
1323    0.000461
1324    0.000464
1325    0.00046
1326    0.000475
1327    0.000458
1328    0.000465
1329    0.000471
1330    0.000485
1331    0.000559
1332    0.000525
1333    0.000469
1334    0.000472
1335    0.000485
1336    0.000471
1337    0.000464
1338    0.000498
1339    0.000463
1340    0.000486
1341    0.00046
1342    0.000455
1343    0.000463
1344    0.000465
1345    0.000519
1346    0.000511
1347    0.000511
1348    0.000537
1349    0.000524
1350    0.000459
1351    0.000451
1352    0.000562
1353    0.000514
1354    0.000456
1355    0.000465
1356    0.000464
1357    0.000461
1358    0.000458
1359    0.000464
1360    0.000463
1361    0.000464
1362    0.000461
1363    0.000462
1364    0.000459
1365    0.000465
1366    0.000458
1367    0.000465
1368    0.000461
1369    0.000466
1370    0.000454
1371    0.000466
1372    0.000478
1373    0.000459
1374    0.000498
1375    0.000471
1376    0.000557
1377    0.000525
1378    0.000486
1379    0.000514
1380    0.000465
1381    0.000438
1382    0.000484
1383    0.000516
1384    0.000472
1385    0.000471
1386    0.000455
1387    0.000459
1388    0.000459
1389    0.000462
1390    0.000457
1391    0.000465
1392    0.000461
1393    0.000465
1394    0.000458
1395    0.000459
1396    0.000463
1397    0.000457
1398    0.000455
1399    0.000463
1400    0.000458
1401    0.000529
1402    0.000469
1403    0.00047
1404    0.000455
1405    0.000449
1406    0.000464
1407    0.000466
1408    0.00047
1409    0.000491
1410    0.00054
1411    0.000536
1412    0.000519
1413    0.000516
1414    0.000518
1415    0.000517
1416    0.000556
1417    0.000525
1418    0.00052
1419    0.000516
1420    0.000529
1421    0.000494
1422    0.000603
1423    0.000612
1424    0.000566
1425    0.000556
1426    0.000534
1427    0.000539
1428    0.000551
1429    0.000537
1430    0.000519
1431    0.000462
1432    0.000465
1433    0.000507
1434    0.000521
1435    0.000455
1436    0.000459
1437    0.000494
1438    0.000457
1439    0.00046
1440    0.000534
1441    0.000576
1442    0.000611
1443    0.000573
1444    0.000696
1445    0.000804
1446    0.000597
1447    0.000634
1448    0.000554
1449    0.000569
1450    0.000562
1451    0.000531
1452    0.000522
1453    0.000457
1454    0.000722
1455    0.000534
1456    0.000459
1457    0.000485
1458    0.000564
1459    0.00054
1460    0.000532
1461    0.000534
1462    0.000528
1463    0.000466
1464    0.000603
1465    0.000582
1466    0.00055
1467    0.000601
1468    0.000601
1469    0.000633
1470    0.000625
1471    0.000669
1472    0.000611
1473    0.00061
1474    0.000649
1475    0.000599
1476    0.000579
1477    0.000583
1478    0.000583
1479    0.000601
1480    0.000581
1481    0.000581
1482    0.000579
1483    0.000551
1484    0.000579
1485    0.000582
1486    0.000549
1487    0.000575
1488    0.00056
1489    0.00056
1490    0.000555
1491    0.000552
1492    0.000734
1493    0.000589
1494    0.000769
1495    0.000581
1496    0.000579
1497    0.000563
1498    0.000552
1499    0.000538
1500    0.000616
1501    0.000519
1502    0.000519
1503    0.00053
1504    0.000634
1505    0.000543
1506    0.000534
1507    0.000554
1508    0.000532
1509    0.000546
1510    0.000549
1511    0.000539
1512    0.000518
1513    0.000467
1514    0.000471
1515    0.000539
1516    0.000545
1517    0.000556
1518    0.000589
1519    0.000543
1520    0.000573
1521    0.000587
1522    0.000581
1523    0.000577
1524    0.000581
1525    0.000596
1526    0.000535
1527    0.000546
1528    0.000539
1529    0.000525
1530    0.000527
1531    0.000548
1532    0.000586
1533    0.000619
1534    0.000613
1535    0.000603
1536    0.000586
1537    0.00059
1538    0.000648
1539    0.000589
1540    0.00055
1541    0.000552
1542    0.000535
1543    0.000537
1544    0.000514
1545    0.000457
1546    0.000462
1547    0.000456
1548    0.000484
1549    0.000475
1550    0.000522
1551    0.00056
1552    0.00056
1553    0.00055
1554    0.000546
1555    0.000551
1556    0.000547
1557    0.000533
1558    0.000538
1559    0.00054
1560    0.000525
1561    0.000473
1562    0.00047
1563    0.000565
1564    0.000576
1565    0.000575
1566    0.000568
1567    0.000574
1568    0.000566
1569    0.000562
1570    0.000532
1571    0.000526
1572    0.000471
1573    0.000525
1574    0.000539
1575    0.000561
1576    0.000571
1577    0.000582
1578    0.000569
1579    0.000552
1580    0.000567
1581    0.000554
1582    0.000578
1583    0.001172
1584    0.000646
1585    0.000625
1586    0.000607
1587    0.000627
1588    0.000589
1589    0.000818
1590    0.000586
1591    0.000667
1592    0.000574
1593    0.000529
1594    0.000458
1595    0.000459
1596    0.000476
1597    0.000461
1598    0.000469
1599    0.000516
1600    0.000559
1601    0.000538
1602    0.000518
1603    0.000522
1604    0.00046
1605    0.000467
1606    0.000462
1607    0.000529
1608    0.000639
1609    0.000548
1610    0.000585
1611    0.000567
1612    0.00065
1613    0.000639
1614    0.000628
1615    0.000643
1616    0.000641
1617    0.000614
1618    0.000647
1619    0.000585
1620    0.000553
1621    0.000591
1622    0.000568
1623    0.000578
1624    0.000567
1625    0.000578
1626    0.000567
1627    0.000612
1628    0.000592
1629    0.0006
1630    0.000591
1631    0.000538
1632    0.000538
1633    0.000548
1634    0.000542
1635    0.000539
1636    0.001012
1637    0.000642
1638    0.000586
1639    0.000606
1640    0.000601
1641    0.00108
1642    0.000593
1643    0.000602
1644    0.000613
1645    0.00059
1646    0.00059
1647    0.000593
1648    0.000601
1649    0.000635
1650    0.000603
1651    0.000486
1652    0.000515
1653    0.000521
1654    0.00047
1655    0.000462
1656    0.000446
1657    0.000579
1658    0.000579
1659    0.000549
1660    0.000571
1661    0.00055
1662    0.000529
1663    0.000696
1664    0.000516
1665    0.000461
1666    0.000496
1667    0.000517
1668    0.000542
1669    0.000504
1670    0.000456
1671    0.000505
1672    0.000466
1673    0.000553
1674    0.000462
1675    0.000538
1676    0.000534
1677    0.000539
1678    0.000531
1679    0.000565
1680    0.000541
1681    0.000686
1682    0.000558
1683    0.000521
1684    0.000549
1685    0.001131
1686    0.00062
1687    0.000616
1688    0.000622
1689    0.000625
1690    0.000616
1691    0.000595
1692    0.000585
1693    0.000591
1694    0.000604
1695    0.000517
1696    0.000514
1697    0.000537
1698    0.000568
1699    0.000545
1700    0.000517
1701    0.000462
1702    0.000467
1703    0.000521
1704    0.000522
1705    0.000643
1706    0.000561
1707    0.000523
1708    0.000569
1709    0.000599
1710    0.000529
1711    0.000544
1712    0.000539
1713    0.000584
1714    0.000613
1715    0.000626
1716    0.000578
1717    0.000577
1718    0.000581
1719    0.000596
1720    0.000592
1721    0.000531
1722    0.000542
1723    0.000556
1724    0.000535
1725    0.000525
1726    0.00046
1727    0.000451
1728    0.000465
1729    0.00048
1730    0.000526
1731    0.000467
1732    0.00046
1733    0.000462
1734    0.000474
1735    0.00051
1736    0.000554
1737    0.00045
1738    0.000452
1739    0.000465
1740    0.000452
1741    0.00046
1742    0.000453
1743    0.000455
1744    0.000487
1745    0.000455
1746    0.000463
1747    0.000453
1748    0.000498
1749    0.000521
1750    0.000517
1751    0.000518
1752    0.000526
1753    0.000556
1754    0.00052
1755    0.00054
1756    0.000516
1757    0.000521
1758    0.000516
1759    0.00046
1760    0.000461
1761    0.00046
1762    0.00048
1763    0.000459
1764    0.000473
1765    0.00055
1766    0.000466
1767    0.000476
1768    0.000468
1769    0.000473
1770    0.000457
1771    0.000455
1772    0.000505
1773    0.000524
1774    0.000532
1775    0.000464
1776    0.000457
1777    0.000467
1778    0.000451
1779    0.000475
1780    0.00046
1781    0.000465
1782    0.000468
1783    0.00046
1784    0.000467
1785    0.000454
1786    0.000476
1787    0.000467
1788    0.000461
1789    0.000464
1790    0.000457
1791    0.000455
1792    0.000456
1793    0.000466
1794    0.000448
1795    0.000448
1796    0.00046
1797    0.000454
1798    0.000462
1799    0.000455
1800    0.00046
1801    0.000542
1802    0.000542
1803    0.000539
1804    0.000561
1805    0.000579
1806    0.000522
1807    0.000541
1808    0.000551
1809    0.00053
1810    0.000515
1811    0.00054
1812    0.000517
1813    0.000528
1814    0.000529
1815    0.000545
1816    0.000523
1817    0.000543
1818    0.000532
1819    0.000516
1820    0.000536
1821    0.000468
1822    0.000456
1823    0.00046
1824    0.000464
1825    0.000454
1826    0.000451
1827    0.000465
1828    0.000447
1829    0.000475
1830    0.00045
1831    0.00046
1832    0.000486
1833    0.000452
1834    0.000455
1835    0.000463
1836    0.000463
1837    0.000524
1838    0.000557
1839    0.000546
1840    0.00052
1841    0.000446
1842    0.000443
1843    0.000457
1844    0.000454
1845    0.000465
1846    0.000477
1847    0.000456
1848    0.000453
1849    0.000456
1850    0.000466
1851    0.000453
1852    0.000607
1853    0.000542
1854    0.000516
1855    0.000456
1856    0.000521
1857    0.000459
1858    0.000453
1859    0.000483
1860    0.000457
1861    0.000458
1862    0.000462
1863    0.00046
1864    0.000459
1865    0.000458
1866    0.00045
1867    0.000476
1868    0.000453
1869    0.00046
1870    0.000619
1871    0.000593
1872    0.000591
1873    0.000768
1874    0.000589
1875    0.000535
1876    0.00052
1877    0.000549
1878    0.000459
1879    0.000463
1880    0.000461
1881    0.000444
1882    0.000471
1883    0.000529
1884    0.000528
1885    0.000546
1886    0.000525
1887    0.00053
1888    0.000515
1889    0.00046
1890    0.000462
1891    0.000473
1892    0.000457
1893    0.000449
1894    0.000459
1895    0.000454
1896    0.000447
1897    0.000452
1898    0.000458
1899    0.000464
1900    0.000459
1901    0.000544
1902    0.000572
1903    0.000521
1904    0.000459
1905    0.00046
1906    0.000459
1907    0.000464
1908    0.000463
1909    0.00046
1910    0.000457
1911    0.000463
1912    0.000454
1913    0.000473
1914    0.000463
1915    0.000468
1916    0.000719
1917    0.000586
1918    0.000591
1919    0.000762
1920    0.000603
1921    0.000583
1922    0.000545
1923    0.000568
1924    0.000535
1925    0.000468
1926    0.000461
1927    0.000465
1928    0.000462
1929    0.00046
1930    0.000459
1931    0.000501
1932    0.000552
1933    0.000522
1934    0.000463
1935    0.000464
1936    0.000462
1937    0.000502
1938    0.000582
1939    0.000581
1940    0.000536
1941    0.000521
1942    0.00047
1943    0.000459
1944    0.000464
1945    0.000466
1946    0.00046
1947    0.000463
1948    0.00046
1949    0.000461
1950    0.000461
1951    0.000586
1952    0.000534
1953    0.000524
1954    0.000521
1955    0.000466
1956    0.000471
1957    0.000461
1958    0.000469
1959    0.000458
1960    0.000462
1961    0.000461
1962    0.00055
1963    0.000536
1964    0.000463
1965    0.000456
1966    0.000465
1967    0.000464
1968    0.000465
1969    0.000468
1970    0.000464
1971    0.00046
1972    0.000465
1973    0.000458
1974    0.000465
1975    0.000462
1976    0.00046
1977    0.000461
1978    0.000464
1979    0.000465
1980    0.000454
1981    0.000459
1982    0.000456
1983    0.000463
1984    0.000462
1985    0.000469
1986    0.000469
1987    0.000462
1988    0.000458
1989    0.000466
1990    0.00047
1991    0.000455
1992    0.000461
1993    0.000468
1994    0.000462
1995    0.000461
1996    0.000461
1997    0.000466
1998    0.000474
1999    0.000464
2000    0.000465
2001    0.000522
2002    0.000467
2003    0.000475
2004    0.000466
2005    0.000459
2006    0.000458
2007    0.000462
2008    0.000466
2009    0.000465
2010    0.000462
2011    0.000458
2012    0.00047
2013    0.000462
2014    0.000466
2015    0.000463
2016    0.000472
2017    0.000458
2018    0.000461
2019    0.000462
2020    0.000466
2021    0.000462
2022    0.000461
2023    0.00046
2024    0.000459
2025    0.000463
2026    0.000461
2027    0.000458
2028    0.000466
2029    0.000463
2030    0.000458
2031    0.000464
2032    0.000466
2033    0.000456
2034    0.000462
2035    0.000463
2036    0.00047
2037    0.000458
2038    0.000461
2039    0.000463
2040    0.000471
2041    0.000462
2042    0.000457
2043    0.000464
2044    0.000469
2045    0.000464
2046    0.000458
2047    0.000464
2048    0.000456
2049    0.000473
2050    0.000461
2051    0.000504
2052    0.000542
2053    0.000465
2054    0.000459
2055    0.000467
2056    0.000466
2057    0.000464
2058    0.000465
2059    0.00046
2060    0.000462
2061    0.000457
2062    0.000462
2063    0.000462
2064    0.000464
2065    0.000471
2066    0.000473
2067    0.000475
2068    0.000476
2069    0.000473
2070    0.000482
2071    0.000481
2072    0.000486
2073    0.000486
2074    0.000493
2075    0.000486
2076    0.00049
2077    0.000486
2078    0.000484
2079    0.000486
2080    0.00048
2081    0.000486
2082    0.000484
2083    0.000499
2084    0.000516
2085    0.000499
2086    0.000504
2087    0.000504
2088    0.000503
2089    0.0005
2090    0.00059
2091    0.000616
2092    0.00064
2093    0.000592
2094    0.000585
2095    0.000544
2096    0.000536
2097    0.000516
2098    0.000532
2099    0.000545
2100    0.00054
2101    0.000655
2102    0.000566
2103    0.001065
2104    0.000604
2105    0.000625
2106    0.000739
2107    0.000598
2108    0.000586
2109    0.000618
2110    0.000596
2111    0.0006
2112    0.000614
2113    0.000574
2114    0.000581
2115    0.00057
2116    0.000566
2117    0.000559
2118    0.000548
2119    0.000554
2120    0.000552
2121    0.000539
2122    0.000532
2123    0.00054
2124    0.000529
2125    0.000534
2126    0.000517
2127    0.000517
2128    0.000516
2129    0.000541
2130    0.000554
2131    0.000519
2132    0.000518
2133    0.000529
2134    0.000514
2135    0.000588
2136    0.000547
2137    0.000548
2138    0.000544
2139    0.000534
2140    0.000539
2141    0.000955
2142    0.000564
2143    0.000506
2144    0.000509
2145    0.000525
2146    0.000506
2147    0.000512
2148    0.000596
2149    0.000596
2150    0.000586
2151    0.000583
2152    0.00055
2153    0.00055
2154    0.00055
2155    0.000529
2156    0.00054
2157    0.000539
2158    0.000539
2159    0.000523
2160    0.000516
2161    0.000522
2162    0.000508
2163    0.000588
2164    0.000529
2165    0.000541
2166    0.000525
2167    0.000514
2168    0.00052
2169    0.000518
2170    0.000515
2171    0.000643
2172    0.000578
2173    0.000596
2174    0.000592
2175    0.000531
2176    0.000522
2177    0.000512
2178    0.000504
2179    0.000508
2180    0.000501
2181    0.000508
2182    0.000505
2183    0.000508
2184    0.000501
2185    0.000506
2186    0.000514
2187    0.000502
2188    0.0005
2189    0.000503
2190    0.0005
2191    0.000504
2192    0.000509
2193    0.000497
2194    0.000491
2195    0.000491
2196    0.00049
2197    0.000498
2198    0.000494
2199    0.000502
2200    0.000511
2201    0.000552
2202    0.000537
2203    0.000538
2204    0.000538
2205    0.000521
2206    0.000515
2207    0.00052
2208    0.000536
2209    0.00052
2210    0.000519
2211    0.000504
2212    0.000512
2213    0.000511
2214    0.000503
2215    0.000509
2216    0.000501
2217    0.000508
2218    0.000502
2219    0.000503
2220    0.000511
2221    0.000506
2222    0.000515
2223    0.000507
2224    0.000504
2225    0.000493
2226    0.000497
2227    0.00049
2228    0.000505
2229    0.000492
2230    0.000497
2231    0.000509
2232    0.000521
2233    0.000505
2234    0.00051
2235    0.000506
2236    0.000502
2237    0.000513
2238    0.000503
2239    0.00051
2240    0.000504
2241    0.000504
2242    0.000509
2243    0.000503
2244    0.000504
2245    0.000491
2246    0.000494
2247    0.000489
2248    0.000499
2249    0.000493
2250    0.000492
2251    0.000533
2252    0.000537
2253    0.000537
2254    0.000555
2255    0.000522
2256    0.000519
2257    0.000527
2258    0.00054
2259    0.000524
2260    0.000522
2261    0.000508
2262    0.00051
2263    0.000505
2264    0.0005
2265    0.000508
2266    0.000527
2267    0.000513
2268    0.000505
2269    0.000509
2270    0.000505
2271    0.000508
2272    0.000503
2273    0.000504
2274    0.000492
2275    0.000498
2276    0.00049
2277    0.000493
2278    0.00049
2279    0.000494
2280    0.000495
2281    0.000494
2282    0.000494
2283    0.000491
2284    0.000502
2285    0.000491
2286    0.000488
2287    0.000494
2288    0.00049
2289    0.000492
2290    0.000498
2291    0.000499
2292    0.00053
2293    0.000489
2294    0.000493
2295    0.000497
2296    0.000489
2297    0.000489
2298    0.000494
2299    0.000491
2300    0.00049
2301    0.000537
2302    0.000537
2303    0.000525
2304    0.000524
2305    0.000529
2306    0.00051
2307    0.000511
2308    0.000506
2309    0.000505
2310    0.000506
2311    0.000518
2312    0.000514
2313    0.000508
2314    0.000502
2315    0.000504
2316    0.000508
2317    0.000611
2318    0.000492
2319    0.000494
2320    0.000496
2321    0.000495
2322    0.000494
2323    0.000501
2324    0.00049
2325    0.00049
2326    0.00049
2327    0.000494
2328    0.0005
2329    0.00049
2330    0.000504
2331    0.000507
2332    0.000504
2333    0.00051
2334    0.0005
2335    0.000497
2336    0.000496
2337    0.000493
2338    0.000492
2339    0.00049
2340    0.000499
2341    0.000492
2342    0.000491
2343    0.000497
2344    0.000509
2345    0.000494
2346    0.00049
2347    0.000491
2348    0.00049
2349    0.000508
2350    0.000503
2351    0.000523
2352    0.000518
2353    0.000523
2354    0.000526
2355    0.000522
2356    0.00052
2357    0.000521
2358    0.000504
2359    0.000502
2360    0.000501
2361    0.000509
2362    0.000506
2363    0.000507
2364    0.000506
2365    0.000505
2366    0.000498
2367    0.000503
2368    0.000503
2369    0.00051
2370    0.000507
2371    0.000506
2372    0.000513
2373    0.000503
2374    0.000505
2375    0.000507
2376    0.000509
2377    0.000506
2378    0.00049
2379    0.000493
2380    0.000511
2381    0.000495
2382    0.000496
2383    0.000497
2384    0.000509
2385    0.000496
2386    0.000494
2387    0.000496
2388    0.000508
2389    0.000494
2390    0.000498
2391    0.000498
2392    0.000499
2393    0.000498
2394    0.000492
2395    0.000492
2396    0.000505
2397    0.0005
2398    0.000493
2399    0.000498
2400    0.000495
2401    0.000497
2402    0.000514
2403    0.000516
2404    0.000511
2405    0.000522
2406    0.000492
2407    0.000503
2408    0.000499
2409    0.000495
2410    0.000496
2411    0.000491
2412    0.000494
2413    0.000496
2414    0.000495
2415    0.000504
2416    0.000508
2417    0.000507
2418    0.000512
2419    0.000492
2420    0.000498
2421    0.000497
2422    0.000499
2423    0.000493
2424    0.000494
2425    0.0005
2426    0.0005
2427    0.000497
2428    0.000509
2429    0.000498
2430    0.000496
2431    0.000495
2432    0.000493
2433    0.000498
2434    0.00049
2435    0.000495
2436    0.000498
2437    0.000496
2438    0.000502
2439    0.000492
2440    0.000507
2441    0.000505
2442    0.000508
2443    0.000505
2444    0.000505
2445    0.000508
2446    0.000495
2447    0.000494
2448    0.000496
2449    0.000497
2450    0.000498
2451    0.000528
2452    0.000535
2453    0.000532
2454    0.000541
2455    0.000525
2456    0.000534
2457    0.000536
2458    0.000534
2459    0.000512
2460    0.000512
2461    0.000519
2462    0.000536
2463    0.000506
2464    0.000508
2465    0.000502
2466    0.000505
2467    0.000506
2468    0.000501
2469    0.000507
2470    0.000502
2471    0.000505
2472    0.000504
2473    0.000503
2474    0.000507
2475    0.000509
2476    0.000492
2477    0.000495
2478    0.000504
2479    0.000502
2480    0.000507
2481    0.000504
2482    0.000507
2483    0.000506
2484    0.000518
2485    0.000519
2486    0.000526
2487    0.000571
2488    0.000521
2489    0.000522
2490    0.000522
2491    0.000517
2492    0.000521
2493    0.000524
2494    0.000542
2495    0.000537
2496    0.000519
2497    0.00052
2498    0.000539
2499    0.000528
2500    0.00054
2501    0.000706
2502    0.000589
2503    0.000604
2504    0.000984
2505    0.000583
2506    0.000601
2507    0.000651
2508    0.00058
2509    0.000524
2510    0.000509
2511    0.000461
2512    0.000449
2513    0.000474
2514    0.000551
2515    0.000535
2516    0.000598
2517    0.000589
2518    0.000596
2519    0.000589
2520    0.000555
2521    0.000544
2522    0.000544
2523    0.000589
2524    0.000562
2525    0.000568
2526    0.000555
2527    0.000549
2528    0.000548
2529    0.000618
2530    0.000549
2531    0.000596
2532    0.000623
2533    0.000578
2534    0.000643
2535    0.000621
2536    0.000645
2537    0.000605
2538    0.000648
2539    0.000613
2540    0.000634
2541    0.000608
2542    0.000582
2543    0.000643
2544    0.000591
2545    0.000539
2546    0.000462
2547    0.000462
2548    0.000461
2549    0.000451
2550    0.000631
2551    0.000557
2552    0.000525
2553    0.000527
2554    0.000551
2555    0.000601
2556    0.000554
2557    0.000531
2558    0.000525
2559    0.000515
2560    0.000555
2561    0.000594
2562    0.00067
2563    0.000569
2564    0.000621
2565    0.000611
2566    0.000532
2567    0.000544
2568    0.000537
2569    0.000562
2570    0.000541
2571    0.000618
2572    0.000567
2573    0.000579
2574    0.000564
2575    0.000551
2576    0.00053
2577    0.000526
2578    0.000536
2579    0.000534
2580    0.00053
2581    0.000535
2582    0.000527
2583    0.000518
2584    0.00053
2585    0.000532
2586    0.000554
2587    0.00052
2588    0.000524
2589    0.000525
2590    0.000529
2591    0.000532
2592    0.000821
2593    0.000585
2594    0.000682
2595    0.001083
2596    0.000589
2597    0.00059
2598    0.000581
2599    0.000579
2600    0.000605
2601    0.000621
2602    0.000711
2603    0.000702
2604    0.000584
2605    0.000597
2606    0.000637
2607    0.000612
2608    0.000606
2609    0.000582
2610    0.000623
2611    0.000757
2612    0.000639
2613    0.000637
2614    0.000604
2615    0.000613
2616    0.000568
2617    0.000556
2618    0.000581
2619    0.000581
2620    0.000551
2621    0.000593
2622    0.000575
2623    0.000547
2624    0.000555
2625    0.000557
2626    0.000563
2627    0.000533
2628    0.000528
2629    0.000525
2630    0.000617
2631    0.000624
2632    0.000587
2633    0.0006
2634    0.000625
2635    0.00061
2636    0.000674
2637    0.000597
2638    0.000584
2639    0.000661
2640    0.000651
2641    0.000683
2642    0.000812
2643    0.000613
2644    0.00062
2645    0.000852
2646    0.001169
2647    0.001161
2648    0.00062
2649    0.000617
2650    0.00116
2651    0.000663
2652    0.000693
2653    0.000644
2654    0.000657
2655    0.000664
2656    0.000692
2657    0.000617
2658    0.00061
2659    0.000585
2660    0.000593
2661    0.000591
2662    0.000601
2663    0.000579
2664    0.000581
2665    0.000587
2666    0.000663
2667    0.000589
2668    0.00062
2669    0.000602
2670    0.000607
2671    0.000597
2672    0.000574
2673    0.000593
2674    0.000612
2675    0.000606
2676    0.000597
2677    0.000609
2678    0.000595
2679    0.000582
2680    0.000614
2681    0.000582
2682    0.000586
2683    0.000578
2684    0.000655
2685    0.000624
2686    0.00058
2687    0.000523
2688    0.000507
2689    0.000506
2690    0.000514
2691    0.000499
2692    0.000495
2693    0.000492
2694    0.000502
2695    0.000513
2696    0.000498
2697    0.000496
2698    0.000512
2699    0.000494
2700    0.000497
2701    0.000534
2702    0.000538
2703    0.000528
2704    0.000531
2705    0.000523
2706    0.000527
2707    0.000529
2708    0.000542
2709    0.000519
2710    0.000515
2711    0.000506
2712    0.000511
2713    0.000507
2714    0.000529
2715    0.000524
2716    0.000507
2717    0.000507
2718    0.000511
2719    0.000511
2720    0.000508
2721    0.000505
2722    0.000502
2723    0.000508
2724    0.00049
2725    0.000495
2726    0.000494
2727    0.000501
2728    0.000515
2729    0.000539
2730    0.000495
2731    0.000497
2732    0.000535
2733    0.000528
2734    0.000582
2735    0.000577
2736    0.000591
2737    0.00083
2738    0.000583
2739    0.000607
2740    0.000607
2741    0.000606
2742    0.000584
2743    0.000672
2744    0.000553
2745    0.000493
2746    0.000498
2747    0.000493
2748    0.000506
2749    0.000544
2750    0.000543
2751    0.000553
2752    0.000541
2753    0.00053
2754    0.000539
2755    0.000532
2756    0.000527
2757    0.000523
2758    0.000521
2759    0.000516
2760    0.000515
2761    0.000524
2762    0.000521
2763    0.000523
2764    0.000526
2765    0.000508
2766    0.000509
2767    0.000507
2768    0.000509
2769    0.000563
2770    0.000584
2771    0.000649
2772    0.000579
2773    0.000524
2774    0.000592
2775    0.000538
2776    0.000621
2777    0.000558
2778    0.000526
2779    0.000525
2780    0.000516
2781    0.000535
2782    0.000533
2783    0.000507
2784    0.000504
2785    0.000502
2786    0.000527
2787    0.000534
2788    0.000542
2789    0.000579
2790    0.000521
2791    0.000585
2792    0.000535
2793    0.000527
2794    0.000547
2795    0.000608
2796    0.0006
2797    0.000602
2798    0.000522
2799    0.000523
2800    0.00053
2801    0.00056
2802    0.000563
2803    0.000515
2804    0.000527
2805    0.000548
2806    0.000529
2807    0.000523
2808    0.000523
2809    0.000519
2810    0.000542
2811    0.000585
2812    0.000523
2813    0.00051
2814    0.000525
2815    0.000519
2816    0.000516
2817    0.000523
2818    0.00061
2819    0.000586
2820    0.000601
2821    0.000586
2822    0.000528
2823    0.00052
2824    0.000533
2825    0.000524
2826    0.000598
2827    0.000566
2828    0.00052
2829    0.000528
2830    0.000553
2831    0.000523
2832    0.000604
2833    0.000621
2834    0.000587
2835    0.00053
2836    0.000589
2837    0.000542
2838    0.000527
2839    0.000589
2840    0.000604
2841    0.000574
2842    0.000542
2843    0.00057
2844    0.000523
2845    0.00053
2846    0.00053
2847    0.000526
2848    0.000534
2849    0.00053
2850    0.000572
2851    0.000564
2852    0.000577
2853    0.000586
2854    0.000704
2855    0.000566
2856    0.000793
2857    0.000562
2858    0.000582
2859    0.000569
2860    0.00055
2861    0.000602
2862    0.000594
2863    0.000595
2864    0.000594
2865    0.000562
2866    0.00058
2867    0.000562
2868    0.000541
2869    0.000541
2870    0.000554
2871    0.000535
2872    0.000527
2873    0.000529
2874    0.000535
2875    0.000526
2876    0.000506
2877    0.000524
2878    0.000522
2879    0.000507
2880    0.000511
2881    0.000513
2882    0.000511
2883    0.000506
2884    0.000498
2885    0.000507
2886    0.000496
2887    0.000495
2888    0.000495
2889    0.000495
2890    0.000493
2891    0.000501
2892    0.000504
2893    0.000497
2894    0.000503
2895    0.000494
2896    0.000493
2897    0.000494
2898    0.000502
2899    0.000495
2900    0.00055
2901    0.000568
2902    0.000546
2903    0.000562
2904    0.000906
2905    0.0006
2906    0.000552
2907    0.000587
2908    0.000535
2909    0.000569
2910    0.000534
2911    0.000539
2912    0.000534
2913    0.000553
2914    0.000565
2915    0.000532
2916    0.000539
2917    0.000542
2918    0.000551
2919    0.000538
2920    0.000546
2921    0.000521
2922    0.000587
2923    0.000579
2924    0.000581
2925    0.000542
2926    0.000517
2927    0.000514
2928    0.000521
2929    0.000516
2930    0.000518
2931    0.000506
2932    0.000507
2933    0.000511
2934    0.000501
2935    0.000502
2936    0.000503
2937    0.000503
2938    0.000503
2939    0.000506
2940    0.000503
2941    0.000504
2942    0.000505
2943    0.000523
2944    0.000505
2945    0.000503
2946    0.000501
2947    0.000503
2948    0.000496
2949    0.000494
2950    0.000491
2951    0.000518
2952    0.000516
2953    0.000522
2954    0.000518
2955    0.000518
2956    0.000518
2957    0.000517
2958    0.000505
2959    0.000511
2960    0.000514
2961    0.000505
2962    0.000514
2963    0.000505
2964    0.000492
2965    0.000496
2966    0.000517
2967    0.00049
2968    0.000492
2969    0.00049
2970    0.000493
2971    0.000496
2972    0.000499
2973    0.000512
2974    0.000495
2975    0.000499
2976    0.000492
2977    0.000493
2978    0.000503
2979    0.000509
2980    0.00052
2981    0.00052
2982    0.00051
2983    0.000508
2984    0.000519
2985    0.000509
2986    0.000507
2987    0.000507
2988    0.000496
2989    0.0005
2990    0.000495
2991    0.000498
2992    0.000504
2993    0.000498
2994    0.000493
2995    0.000499
2996    0.000496
2997    0.000497
2998    0.000527
2999    0.000519
3000    0.000509
3001    0.000537
3002    0.000518
3003    0.000539
3004    0.000514
3005    0.000513
3006    0.000521
3007    0.000529
3008    0.00052
3009    0.000511
3010    0.000522
3011    0.000509
3012    0.000524
3013    0.000844
3014    0.000703
3015    0.000588
3016    0.000592
3017    0.000583
3018    0.000581
3019    0.000605
3020    0.000599
3021    0.000681
3022    0.000578
3023    0.000587
3024    0.000617
3025    0.000613
3026    0.000586
3027    0.000538
3028    0.000494
3029    0.000503
3030    0.000492
3031    0.000499
3032    0.000491
3033    0.000493
3034    0.000493
3035    0.000493
3036    0.000498
3037    0.000501
3038    0.000507
3039    0.000491
3040    0.000503
3041    0.000506
3042    0.000527
3043    0.000507
3044    0.000517
3045    0.000505
3046    0.000508
3047    0.000512
3048    0.000496
3049    0.000491
3050    0.000497
3051    0.000605
3052    0.000582
3053    0.000558
3054    0.000571
3055    0.000568
3056    0.000553
3057    0.000601
3058    0.000565
3059    0.000548
3060    0.000565
3061    0.000552
3062    0.000536
3063    0.000555
3064    0.00054
3065    0.000539
3066    0.000549
3067    0.001006
3068    0.000538
3069    0.00054
3070    0.000539
3071    0.000619
3072    0.000537
3073    0.00054
3074    0.000538
3075    0.000549
3076    0.000536
3077    0.000528
3078    0.000522
3079    0.000547
3080    0.00053
3081    0.000531
3082    0.000505
3083    0.000509
3084    0.000522
3085    0.000547
3086    0.000523
3087    0.000569
3088    0.000546
3089    0.000585
3090    0.000549
3091    0.000519
3092    0.000584
3093    0.000527
3094    0.000517
3095    0.000504
3096    0.000512
3097    0.000517
3098    0.000934
3099    0.00054
3100    0.000839
3101    0.000583
3102    0.000579
3103    0.000554
3104    0.00055
3105    0.000535
3106    0.000521
3107    0.000521
3108    0.000533
3109    0.000528
3110    0.000531
3111    0.000597
3112    0.000566
3113    0.000519
3114    0.000527
3115    0.000504
3116    0.000518
3117    0.000503
3118    0.000513
3119    0.000584
3120    0.000584
3121    0.000526
3122    0.000695
3123    0.00059
3124    0.000537
3125    0.000642
3126    0.000535
3127    0.000532
3128    0.000493
3129    0.000557
3130    0.00055
3131    0.000522
3132    0.000529
3133    0.000583
3134    0.000533
3135    0.000499
3136    0.000494
3137    0.000495
3138    0.000496
3139    0.000497
3140    0.000499
3141    0.000495
3142    0.000491
3143    0.0005
3144    0.000493
3145    0.000493
3146    0.000575
3147    0.000579
3148    0.000541
3149    0.000555
3150    0.000604
3151    0.000541
3152    0.000532
3153    0.000532
3154    0.000521
3155    0.000517
3156    0.00052
3157    0.000521
3158    0.000524
3159    0.000528
3160    0.000509
3161    0.000506
3162    0.000526
3163    0.000537
3164    0.000529
3165    0.000503
3166    0.00051
3167    0.00051
3168    0.000493
3169    0.000491
3170    0.000497
3171    0.000497
3172    0.000499
3173    0.000493
3174    0.000518
3175    0.000494
3176    0.000492
3177    0.000491
3178    0.000523
3179    0.000523
3180    0.000543
3181    0.000512
3182    0.000544
3183    0.000532
3184    0.000495
3185    0.0005
3186    0.000504
3187    0.000494
3188    0.000494
3189    0.000496
3190    0.000529
3191    0.000517
3192    0.000511
3193    0.0006
3194    0.000499
3195    0.000505
3196    0.000504
3197    0.000505
3198    0.00083
3199    0.000602
3200    0.000611
3201    0.000648
3202    0.000614
3203    0.00062
3204    0.000657
3205    0.000603
3206    0.000607
3207    0.000613
3208    0.000589
3209    0.000599
3210    0.000571
3211    0.000616
3212    0.000635
3213    0.000698
3214    0.000601
3215    0.000589
3216    0.000589
3217    0.000567
3218    0.000759
3219    0.000689
3220    0.00069
3221    0.000741
3222    0.000731
3223    0.000715
3224    0.00084
3225    0.000848
3226    0.000824
3227    0.000954
3228    0.001243
3229    0.000783
3230    0.0008
3231    0.001398
3232    0.000714
3233    0.001105
3234    0.000733
3235    0.000767
3236    0.000736
3237    0.000725
3238    0.000944
3239    0.001082
3240    0.000719
3241    0.000735
3242    0.00078
3243    0.00077
3244    0.000805
3245    0.000888
3246    0.000879
3247    0.000702
3248    0.000673
3249    0.000672
3250    0.000872
3251    0.000832
3252    0.000657
3253    0.000663
3254    0.000627
3255    0.000645
3256    0.000609
3257    0.000665
3258    0.000628
3259    0.000602
3260    0.000613
3261    0.000651
3262    0.000597
3263    0.000653
3264    0.000723
3265    0.000621
3266    0.000649
3267    0.000655
3268    0.00062
3269    0.000616
3270    0.000659
3271    0.000726
3272    0.000607
3273    0.000609
3274    0.000607
3275    0.000582
3276    0.00057
3277    0.000635
3278    0.000599
3279    0.000545
3280    0.000544
3281    0.000547
3282    0.00055
3283    0.000554
3284    0.000549
3285    0.000544
3286    0.000541
3287    0.000554
3288    0.000553
3289    0.000555
3290    0.000549
3291    0.000565
3292    0.000547
3293    0.000571
3294    0.000575
3295    0.000519
3296    0.000553
3297    0.000522
3298    0.000589
3299    0.000573
3300    0.001042
3301    0.000696
3302    0.000766
3303    0.00082
3304    0.000694
3305    0.000684
3306    0.000667
3307    0.001194
3308    0.001247
3309    0.001193
3310    0.000675
3311    0.000688
3312    0.00064
3313    0.00122
3314    0.00066
3315    0.000637
3316    0.001125
3317    0.000649
3318    0.000681
3319    0.000754
3320    0.000696
3321    0.000679
3322    0.000719
3323    0.000631
3324    0.000631
3325    0.000609
3326    0.000848
3327    0.000653
3328    0.000604
3329    0.000614
3330    0.000599
3331    0.000615
3332    0.000597
3333    0.000613
3334    0.000588
3335    0.000602
3336    0.001084
3337    0.00059
3338    0.000681
3339    0.000637
3340    0.000596
3341    0.000634
3342    0.000714
3343    0.000773
3344    0.000779
3345    0.000702
3346    0.000609
3347    0.000622
3348    0.001053
3349    0.000597
3350    0.000612
3351    0.000682
3352    0.000651
3353    0.000653
3354    0.000624
3355    0.000607
3356    0.000594
3357    0.00061
3358    0.000718
3359    0.000586
3360    0.00057
3361    0.000579
3362    0.000578
3363    0.001114
3364    0.00108
3365    0.000577
3366    0.000586
3367    0.000583
3368    0.00062
3369    0.000631
3370    0.00062
3371    0.000628
3372    0.000645
3373    0.000649
3374    0.000642
3375    0.000662
3376    0.000642
3377    0.000618
3378    0.0006
3379    0.000678
3380    0.000625
3381    0.000604
3382    0.000638
3383    0.000611
3384    0.00058
3385    0.000607
3386    0.000557
3387    0.000567
3388    0.000581
3389    0.000546
3390    0.000552
3391    0.00056
3392    0.000557
3393    0.000558
3394    0.000535
3395    0.000538
3396    0.000538
3397    0.000539
3398    0.000553
3399    0.000532
3400    0.000574
3401    0.000561
3402    0.000547
3403    0.000562
3404    0.000551
3405    0.000552
3406    0.000547
3407    0.000548
3408    0.000526
3409    0.000538
3410    0.00053
3411    0.000544
3412    0.000551
3413    0.00054
3414    0.000542
3415    0.000527
3416    0.000536
3417    0.000535
3418    0.000535
3419    0.000518
3420    0.000536
3421    0.000558
3422    0.00055
3423    0.00057
3424    0.000548
3425    0.000583
3426    0.000586
3427    0.000557
3428    0.000543
3429    0.000551
3430    0.000539
3431    0.000551
3432    0.000568
3433    0.000571
3434    0.000551
3435    0.000522
3436    0.000534
3437    0.000538
3438    0.000536
3439    0.000518
3440    0.000512
3441    0.000528
3442    0.00054
3443    0.000542
3444    0.000547
3445    0.000527
3446    0.000517
3447    0.000784
3448    0.000589
3449    0.00054
3450    0.000531
3451    0.001061
3452    0.000584
3453    0.000554
3454    0.000576
3455    0.000531
3456    0.000543
3457    0.000541
3458    0.000536
3459    0.000556
3460    0.000565
3461    0.00062
3462    0.000569
3463    0.000594
3464    0.000607
3465    0.000573
3466    0.000519
3467    0.000521
3468    0.000528
3469    0.000548
3470    0.000533
3471    0.000541
3472    0.00054
3473    0.000544
3474    0.000533
3475    0.000574
3476    0.000578
3477    0.000565
3478    0.000564
3479    0.000574
3480    0.000581
3481    0.000579
3482    0.000577
3483    0.000535
3484    0.000514
3485    0.000509
3486    0.000506
3487    0.000503
3488    0.000501
3489    0.00053
3490    0.00055
3491    0.000518
3492    0.000515
3493    0.000508
3494    0.000603
3495    0.000513
3496    0.000522
3497    0.00052
3498    0.00051
3499    0.000518
3500    0.000503
3501    0.000649
3502    0.000611
3503    0.000554
3504    0.00057
3505    0.00057
3506    0.00055
3507    0.000558
3508    0.000543
3509    0.000536
3510    0.000542
3511    0.000553
3512    0.000632
3513    0.000588
3514    0.000575
3515    0.000566
3516    0.000537
3517    0.000536
3518    0.000543
3519    0.000589
3520    0.000531
3521    0.000549
3522    0.000541
3523    0.000614
3524    0.000605
3525    0.000584
3526    0.000784
3527    0.000591
3528    0.000526
3529    0.000543
3530    0.000524
3531    0.000534
3532    0.000532
3533    0.000529
3534    0.000518
3535    0.000515
3536    0.000593
3537    0.000742
3538    0.000588
3539    0.000544
3540    0.000556
3541    0.000587
3542    0.000595
3543    0.000586
3544    0.000588
3545    0.000635
3546    0.000587
3547    0.00062
3548    0.000623
3549    0.000593
3550    0.000585
3551    0.000598
3552    0.000634
3553    0.00059
3554    0.000614
3555    0.000606
3556    0.000631
3557    0.000696
3558    0.000748
3559    0.000727
3560    0.000697
3561    0.000703
3562    0.000801
3563    0.000667
3564    0.00067
3565    0.000673
3566    0.00067
3567    0.000648
3568    0.000685
3569    0.000652
3570    0.000627
3571    0.000624
3572    0.000604
3573    0.000637
3574    0.000595
3575    0.000643
3576    0.000584
3577    0.000592
3578    0.000571
3579    0.000683
3580    0.000572
3581    0.000591
3582    0.000589
3583    0.000756
3584    0.000551
3585    0.000556
3586    0.000545
3587    0.000543
3588    0.000536
3589    0.00059
3590    0.000603
3591    0.000571
3592    0.000536
3593    0.00061
3594    0.000536
3595    0.000538
3596    0.000523
3597    0.000541
3598    0.000535
3599    0.000551
3600    0.000522
