1    0.000534
2    0.000412
3    0.000527
4    0.00052
5    0.000603
6    0.000527
7    0.000492
8    0.000534
9    0.000511
10    0.000371
11    0.000498
12    0.000497
13    0.000492
14    0.000502
15    0.000504
16    0.000499
17    0.000499
18    0.000389
19    0.000506
20    0.000509
21    0.000518
22    0.000521
23    0.000737
24    0.000963
25    0.000546
26    0.000543
27    0.000557
28    0.000546
29    0.000485
30    0.000555
31    0.000568
32    0.000568
33    0.00058
34    0.000569
35    0.000559
36    0.00058
37    0.000569
38    0.000567
39    0.000572
40    0.000567
41    0.000571
42    0.000567
43    0.00057
44    0.000576
45    0.000579
46    0.000568
47    0.00057
48    0.000567
49    0.000588
50    0.000569
51    0.000583
52    0.000584
53    0.000566
54    0.000569
55    0.000566
56    0.000555
57    0.000567
58    0.000571
59    0.000573
60    0.000564
61    0.000565
62    0.000566
63    0.000566
64    0.000567
65    0.000567
66    0.000563
67    0.000561
68    0.000561
69    0.000544
70    0.000579
71    0.000544
72    0.000567
73    0.000569
74    0.000569
75    0.00057
76    0.000562
77    0.000547
78    0.000554
79    0.000552
80    0.000564
81    0.001016
82    0.000562
83    0.000547
84    0.000556
85    0.000555
86    0.000554
87    0.000556
88    0.00056
89    0.000551
90    0.000557
91    0.000583
92    0.000544
93    0.000542
94    0.000569
95    0.00057
96    0.000574
97    0.000575
98    0.000562
99    0.000569
100    0.000563
101    0.000573
102    0.000563
103    0.000547
104    0.000578
105    0.000573
106    0.000548
107    0.000552
108    0.000668
109    0.000555
110    0.000549
111    0.000546
112    0.000531
113    0.000561
114    0.000551
115    0.000546
116    0.00056
117    0.000595
118    0.000597
119    0.000562
120    0.000578
121    0.000565
122    0.000576
123    0.00056
124    0.000562
125    0.000563
126    0.000563
127    0.000566
128    0.000561
129    0.001035
130    0.000566
131    0.000537
132    0.001025
133    0.000678
134    0.000634
135    0.000562
136    0.000561
137    0.000702
138    0.000548
139    0.000558
140    0.000633
141    0.000568
142    0.000569
143    0.000568
144    0.000565
145    0.000554
146    0.000562
147    0.000568
148    0.000569
149    0.000561
150    0.0006
151    0.000588
152    0.00058
153    0.000588
154    0.000658
155    0.000568
156    0.000579
157    0.000568
158    0.000571
159    0.000639
160    0.000566
161    0.000574
162    0.000547
163    0.000551
164    0.000554
165    0.000544
166    0.000552
167    0.000554
168    0.000553
169    0.000554
170    0.000636
171    0.000569
172    0.000628
173    0.000565
174    0.000549
175    0.000552
176    0.000626
177    0.001023
178    0.00057
179    0.000569
180    0.000574
181    0.000647
182    0.000616
183    0.00056
184    0.000563
185    0.000557
186    0.000554
187    0.001025
188    0.000554
189    0.000566
190    0.000562
191    0.000572
192    0.000567
193    0.000904
194    0.000765
195    0.00113
196    0.000588
197    0.000589
198    0.000582
199    0.000992
200    0.000565
201    0.00059
202    0.000585
203    0.000582
204    0.000582
205    0.000578
206    0.000566
207    0.000577
208    0.000564
209    0.000568
210    0.000565
211    0.000573
212    0.000562
213    0.000566
214    0.000569
215    0.000561
216    0.000551
217    0.000551
218    0.000557
219    0.000554
220    0.000555
221    0.000551
222    0.000549
223    0.000577
224    0.000619
225    0.000572
226    0.000565
227    0.000563
228    0.000554
229    0.000556
230    0.000554
231    0.000555
232    0.000546
233    0.00051
234    0.000574
235    0.000572
236    0.000632
237    0.000557
238    0.000559
239    0.000565
240    0.00055
241    0.000601
242    0.000565
243    0.000567
244    0.000587
245    0.000568
246    0.000573
247    0.000556
248    0.000562
249    0.000576
250    0.00059
251    0.001004
252    0.000831
253    0.000989
254    0.000602
255    0.000604
256    0.000627
257    0.000621
258    0.000617
259    0.000693
260    0.000626
261    0.000618
262    0.001057
263    0.000808
264    0.000658
265    0.000613
266    0.000617
267    0.000621
268    0.00062
269    0.000625
270    0.001015
271    0.001135
272    0.001143
273    0.000858
274    0.000615
275    0.001049
276    0.001038
277    0.001069
278    0.000614
279    0.000952
280    0.000613
281    0.00063
282    0.000603
283    0.000584
284    0.00058
285    0.000569
286    0.000568
287    0.000573
288    0.000572
289    0.00057
290    0.000552
291    0.000551
292    0.000546
293    0.00058
294    0.000552
295    0.000557
296    0.000559
297    0.000547
298    0.000547
299    0.000558
300    0.000565
301    0.001053
302    0.000567
303    0.000568
304    0.000569
305    0.000571
306    0.00066
307    0.000556
308    0.001027
309    0.000548
310    0.000565
311    0.000583
312    0.000567
313    0.000646
314    0.000567
315    0.000565
316    0.00059
317    0.00057
318    0.000564
319    0.000579
320    0.000577
321    0.000568
322    0.000787
323    0.000549
324    0.000551
325    0.000571
326    0.000553
327    0.000553
328    0.000558
329    0.00056
330    0.000606
331    0.000561
332    0.000556
333    0.000553
334    0.000577
335    0.00054
336    0.000554
337    0.000555
338    0.00068
339    0.000536
340    0.000532
341    0.000584
342    0.000636
343    0.000628
344    0.000548
345    0.000644
346    0.000571
347    0.00059
348    0.000546
349    0.000617
350    0.000632
351    0.000593
352    0.000577
353    0.000607
354    0.000581
355    0.00058
356    0.000574
357    0.00058
358    0.000575
359    0.000646
360    0.000575
361    0.000582
362    0.000595
363    0.000598
364    0.000612
365    0.000622
366    0.000614
367    0.000685
368    0.000712
369    0.000676
370    0.000708
371    0.000625
372    0.000648
373    0.000634
374    0.000643
375    0.000633
376    0.000639
377    0.000635
378    0.000643
379    0.000625
380    0.000719
381    0.000619
382    0.00061
383    0.00062
384    0.001105
385    0.00113
386    0.000653
387    0.001088
388    0.001047
389    0.000625
390    0.000614
391    0.000746
392    0.000616
393    0.000623
394    0.000613
395    0.00064
396    0.000648
397    0.000628
398    0.000616
399    0.000624
400    0.000621
401    0.001132
402    0.000615
403    0.000634
404    0.000635
405    0.000632
406    0.000643
407    0.000637
408    0.000638
409    0.000621
410    0.000609
411    0.000623
412    0.000693
413    0.000631
414    0.000653
415    0.000624
416    0.000636
417    0.000637
418    0.000725
419    0.000635
420    0.000645
421    0.000715
422    0.000657
423    0.001026
424    0.000628
425    0.000668
426    0.000608
427    0.000651
428    0.000635
429    0.000619
430    0.000601
431    0.000607
432    0.000634
433    0.000633
434    0.000654
435    0.000634
436    0.000628
437    0.000548
438    0.000644
439    0.000646
440    0.000643
441    0.000645
442    0.000771
443    0.000634
444    0.000746
445    0.000639
446    0.000657
447    0.000672
448    0.000657
449    0.000671
450    0.000768
451    0.000665
452    0.000661
453    0.000641
454    0.000649
455    0.000639
456    0.000638
457    0.000637
458    0.000638
459    0.00066
460    0.000624
461    0.000628
462    0.000628
463    0.000664
464    0.00064
465    0.000655
466    0.000697
467    0.000628
468    0.000651
469    0.000657
470    0.00065
471    0.000714
472    0.000635
473    0.00063
474    0.000636
475    0.000639
476    0.000643
477    0.000639
478    0.000687
479    0.000629
480    0.000644
481    0.000665
482    0.000637
483    0.000634
484    0.000624
485    0.000614
486    0.000637
487    0.000639
488    0.000637
489    0.00111
490    0.000662
491    0.000634
492    0.000617
493    0.00062
494    0.000652
495    0.000636
496    0.001113
497    0.000622
498    0.000633
499    0.000644
500    0.000637
501    0.000634
502    0.000706
503    0.000663
504    0.000628
505    0.000689
506    0.000627
507    0.000625
508    0.000618
509    0.000631
510    0.00064
511    0.000635
512    0.000614
513    0.000636
514    0.000654
515    0.000634
516    0.000628
517    0.000643
518    0.000631
519    0.000625
520    0.000626
521    0.000615
522    0.000621
523    0.000615
524    0.000631
525    0.000612
526    0.000616
527    0.000632
528    0.00064
529    0.000648
530    0.001129
531    0.000621
532    0.000659
533    0.000766
534    0.000636
535    0.000694
536    0.000628
537    0.000608
538    0.000628
539    0.000561
540    0.000687
541    0.00061
542    0.000617
543    0.000619
544    0.000653
545    0.000624
546    0.000617
547    0.00062
548    0.000635
549    0.000619
550    0.000619
551    0.000624
552    0.000625
553    0.000615
554    0.001094
555    0.000701
556    0.000635
557    0.000625
558    0.000783
559    0.000618
560    0.000611
561    0.000707
562    0.000631
563    0.000762
564    0.000777
565    0.000614
566    0.000717
567    0.000624
568    0.000621
569    0.000682
570    0.000625
571    0.000613
572    0.000619
573    0.001062
574    0.000672
575    0.00062
576    0.00065
577    0.000617
578    0.000619
579    0.000639
580    0.000627
581    0.000651
582    0.000632
583    0.000618
584    0.000622
585    0.000617
586    0.000645
587    0.000644
588    0.000641
589    0.000637
590    0.000638
591    0.000637
592    0.00112
593    0.000619
594    0.000619
595    0.000617
596    0.000644
597    0.000631
598    0.000616
599    0.001108
600    0.000652
601    0.001165
602    0.001158
603    0.000641
604    0.000609
605    0.000648
606    0.000608
607    0.000704
608    0.000609
609    0.000631
610    0.000627
611    0.000615
612    0.000736
613    0.000712
614    0.000643
615    0.000638
616    0.000619
617    0.000619
618    0.00064
619    0.000618
620    0.000619
621    0.000634
622    0.000619
623    0.000686
624    0.000608
625    0.000749
626    0.000924
627    0.000712
628    0.000632
629    0.000635
630    0.000611
631    0.000662
632    0.000691
633    0.000652
634    0.000613
635    0.000717
636    0.001057
637    0.000641
638    0.001105
639    0.000625
640    0.000732
641    0.000592
642    0.000632
643    0.00061
644    0.000627
645    0.000614
646    0.0011
647    0.000616
648    0.000621
649    0.000614
650    0.000688
651    0.000615
652    0.000753
653    0.000614
654    0.000647
655    0.00062
656    0.000613
657    0.000617
658    0.000623
659    0.000642
660    0.000626
661    0.00063
662    0.000627
663    0.000611
664    0.000622
665    0.000623
666    0.000994
667    0.000625
668    0.000663
669    0.000628
670    0.000663
671    0.000618
672    0.000617
673    0.000614
674    0.000628
675    0.000621
676    0.000619
677    0.000627
678    0.000618
679    0.000617
680    0.000615
681    0.000996
682    0.001005
683    0.000617
684    0.000631
685    0.000642
686    0.000645
687    0.00064
688    0.000727
689    0.000653
690    0.000621
691    0.000612
692    0.000615
693    0.000626
694    0.000623
695    0.000619
696    0.000635
697    0.000626
698    0.000718
699    0.000634
700    0.000642
701    0.000766
702    0.000695
703    0.000669
704    0.000678
705    0.000927
706    0.000676
707    0.000686
708    0.000702
709    0.000675
710    0.001153
711    0.001076
712    0.000678
713    0.001148
714    0.000666
715    0.000669
716    0.000664
717    0.000692
718    0.000699
719    0.00068
720    0.000708
721    0.000695
722    0.000688
723    0.00072
724    0.001334
725    0.001057
726    0.001276
727    0.001246
728    0.001052
729    0.001074
730    0.001245
731    0.001263
732    0.001175
733    0.001167
734    0.000827
735    0.001203
736    0.001304
737    0.001362
738    0.001271
739    0.001239
740    0.001314
741    0.001276
742    0.000754
743    0.00064
744    0.000702
745    0.00072
746    0.00076
747    0.000753
748    0.000717
749    0.000767
750    0.000724
751    0.001202
752    0.001097
753    0.001179
754    0.00066
755    0.00066
756    0.000651
757    0.000671
758    0.000694
759    0.000669
760    0.000664
761    0.000757
762    0.000804
763    0.000662
764    0.000654
765    0.000652
766    0.000662
767    0.001218
768    0.000706
769    0.000691
770    0.001121
771    0.001122
772    0.001185
773    0.001204
774    0.001206
775    0.000649
776    0.000654
777    0.000652
778    0.000667
779    0.000749
780    0.000759
781    0.00072
782    0.000665
783    0.000709
784    0.00069
785    0.000655
786    0.00065
787    0.000765
788    0.000728
789    0.000675
790    0.000666
791    0.000682
792    0.000666
793    0.00067
794    0.000664
795    0.000668
796    0.000671
797    0.000674
798    0.000735
799    0.000675
800    0.000694
801    0.000689
802    0.000679
803    0.000671
804    0.000692
805    0.00069
806    0.000719
807    0.000702
808    0.000707
809    0.000718
810    0.000678
811    0.000683
812    0.000976
813    0.000841
814    0.000702
815    0.000697
816    0.000698
817    0.000803
818    0.000718
819    0.000752
820    0.000712
821    0.000726
822    0.000723
823    0.00072
824    0.001295
825    0.000744
826    0.000872
827    0.000725
828    0.000729
829    0.000727
830    0.000734
831    0.000721
832    0.000722
833    0.000797
834    0.000749
835    0.000722
836    0.000717
837    0.000725
838    0.000723
839    0.000722
840    0.001342
841    0.001341
842    0.001349
843    0.001339
844    0.001235
845    0.001008
846    0.001329
847    0.000721
848    0.001017
849    0.001028
850    0.001294
851    0.001358
852    0.000764
853    0.000761
854    0.000753
855    0.000747
856    0.000739
857    0.000727
858    0.000785
859    0.000783
860    0.000844
861    0.000758
862    0.000725
863    0.00153
864    0.000745
865    0.000744
866    0.000737
867    0.000758
868    0.001199
869    0.00074
870    0.000699
871    0.000724
872    0.000731
873    0.000735
874    0.000765
875    0.000732
876    0.001041
877    0.001314
878    0.001306
879    0.00075
880    0.000733
881    0.001319
882    0.000729
883    0.000789
884    0.002005
885    0.000752
886    0.00082
887    0.000752
888    0.000755
889    0.000719
890    0.000826
891    0.000844
892    0.000798
893    0.000768
894    0.000758
895    0.000772
896    0.000953
897    0.001359
898    0.001383
899    0.001294
900    0.000831
901    0.001315
902    0.001321
903    0.001109
904    0.00078
905    0.001013
906    0.000777
907    0.001382
908    0.000834
909    0.000729
910    0.000762
911    0.000723
912    0.001131
913    0.000891
914    0.000773
915    0.00146
916    0.001382
917    0.000878
918    0.001312
919    0.000912
920    0.000747
921    0.000784
922    0.000803
923    0.000779
924    0.00105
925    0.000762
926    0.000742
927    0.000823
928    0.000831
929    0.000777
930    0.000784
931    0.000778
932    0.001343
933    0.001347
934    0.001331
935    0.001342
936    0.000728
937    0.001282
938    0.000738
939    0.000832
940    0.001361
941    0.001329
942    0.001376
943    0.00124
944    0.000763
945    0.000764
946    0.000841
947    0.001124
948    0.001265
949    0.000772
950    0.000939
951    0.001347
952    0.001296
953    0.001335
954    0.001305
955    0.001161
956    0.001312
957    0.001311
958    0.000731
959    0.000752
960    0.000793
961    0.000745
962    0.000984
963    0.001237
964    0.000748
965    0.000718
966    0.000733
967    0.000751
968    0.000855
969    0.000712
970    0.000691
971    0.000786
972    0.000701
973    0.000694
974    0.0007
975    0.001037
976    0.000697
977    0.000696
978    0.000743
979    0.000725
980    0.000727
981    0.00072
982    0.00072
983    0.000834
984    0.000743
985    0.000742
986    0.000742
987    0.001158
988    0.001147
989    0.00083
990    0.00078
991    0.000797
992    0.00081
993    0.000829
994    0.000809
995    0.000875
996    0.000888
997    0.00079
998    0.000853
999    0.000857
1000    0.001496
1001    0.00153
1002    0.000822
1003    0.00083
1004    0.001526
1005    0.00091
1006    0.001524
1007    0.000856
1008    0.001515
1009    0.000824
1010    0.000824
1011    0.00085
1012    0.000883
1013    0.00106
1014    0.000832
1015    0.00088
1016    0.000865
1017    0.000825
1018    0.001516
1019    0.001505
1020    0.001533
1021    0.001424
1022    0.001434
1023    0.001437
1024    0.00147
1025    0.001066
1026    0.000871
1027    0.000884
1028    0.001453
1029    0.000798
1030    0.000796
1031    0.000826
1032    0.000838
1033    0.000825
1034    0.001247
1035    0.000843
1036    0.000835
1037    0.000813
1038    0.001279
1039    0.000831
1040    0.000828
1041    0.001164
1042    0.000848
1043    0.000844
1044    0.000834
1045    0.000857
1046    0.000835
1047    0.000883
1048    0.000823
1049    0.000734
1050    0.000825
1051    0.001483
1052    0.001176
1053    0.000961
1054    0.001027
1055    0.000832
1056    0.00087
1057    0.001465
1058    0.000844
1059    0.00102
1060    0.001042
1061    0.001045
1062    0.000851
1063    0.000864
1064    0.000864
1065    0.000851
1066    0.000888
1067    0.000946
1068    0.000861
1069    0.000861
1070    0.001508
1071    0.001498
1072    0.000809
1073    0.001154
1074    0.000811
1075    0.000803
1076    0.000862
1077    0.000837
1078    0.000833
1079    0.000828
1080    0.001543
1081    0.001501
1082    0.001476
1083    0.001498
1084    0.001373
1085    0.001021
1086    0.001164
1087    0.000806
1088    0.000806
1089    0.000806
1090    0.001452
1091    0.000793
1092    0.001457
1093    0.00079
1094    0.001465
1095    0.000809
1096    0.000801
1097    0.000841
1098    0.000827
1099    0.00154
1100    0.000832
1101    0.001548
1102    0.001014
1103    0.000822
1104    0.000838
1105    0.000843
1106    0.000834
1107    0.000888
1108    0.001211
1109    0.000865
1110    0.000835
1111    0.001101
1112    0.000848
1113    0.00084
1114    0.000829
1115    0.000974
1116    0.000835
1117    0.000846
1118    0.000836
1119    0.000922
1120    0.000835
1121    0.000855
1122    0.000845
1123    0.000836
1124    0.000873
1125    0.000851
1126    0.000899
1127    0.000798
1128    0.000813
1129    0.000855
1130    0.000857
1131    0.001531
1132    0.001142
1133    0.000838
1134    0.000839
1135    0.000839
1136    0.000906
1137    0.000836
1138    0.001513
1139    0.001493
1140    0.001536
1141    0.000851
1142    0.000826
1143    0.001489
1144    0.001501
1145    0.001335
1146    0.001415
1147    0.000817
1148    0.001452
1149    0.000806
1150    0.000839
1151    0.000745
1152    0.000842
1153    0.000838
1154    0.001506
1155    0.001494
1156    0.001489
1157    0.000822
1158    0.000833
1159    0.000862
1160    0.00157
1161    0.001417
1162    0.001525
1163    0.001486
1164    0.000874
1165    0.000826
1166    0.000875
1167    0.000829
1168    0.00088
1169    0.000825
1170    0.000842
1171    0.000856
1172    0.000907
1173    0.000949
1174    0.000832
1175    0.000834
1176    0.000952
1177    0.001092
1178    0.000848
1179    0.000833
1180    0.000831
1181    0.000831
1182    0.000833
1183    0.000872
1184    0.000876
1185    0.000866
1186    0.000834
1187    0.001444
1188    0.000842
1189    0.001348
1190    0.000866
1191    0.00087
1192    0.000838
1193    0.001533
1194    0.000848
1195    0.000939
1196    0.001125
1197    0.000809
1198    0.000831
1199    0.00083
1200    0.000844
1201    0.000883
1202    0.000833
1203    0.00083
1204    0.000827
1205    0.000838
1206    0.000844
1207    0.000847
1208    0.000831
1209    0.000829
1210    0.000826
1211    0.000843
1212    0.000834
1213    0.000883
1214    0.000871
1215    0.000874
1216    0.000909
1217    0.000854
1218    0.000882
1219    0.001508
1220    0.001503
1221    0.00086
1222    0.000835
1223    0.001525
1224    0.000879
1225    0.000849
1226    0.000977
1227    0.001026
1228    0.00086
1229    0.00085
1230    0.000847
1231    0.000838
1232    0.000836
1233    0.000875
1234    0.000838
1235    0.001407
1236    0.001501
1237    0.000839
1238    0.000836
1239    0.000962
1240    0.00086
1241    0.000816
1242    0.001497
1243    0.000864
1244    0.000909
1245    0.001194
1246    0.001234
1247    0.00111
1248    0.000825
1249    0.00086
1250    0.000856
1251    0.000985
1252    0.00084
1253    0.000833
1254    0.000855
1255    0.000878
1256    0.000948
1257    0.00161
1258    0.001547
1259    0.001529
1260    0.000819
1261    0.000824
1262    0.000847
1263    0.000888
1264    0.00152
1265    0.000939
1266    0.000834
1267    0.001203
1268    0.000867
1269    0.00139
1270    0.000965
1271    0.001028
1272    0.000852
1273    0.000839
1274    0.000894
1275    0.000877
1276    0.000843
1277    0.000885
1278    0.000866
1279    0.000862
1280    0.000873
1281    0.001388
1282    0.000861
1283    0.000865
1284    0.001495
1285    0.001336
1286    0.000828
1287    0.00084
1288    0.00101
1289    0.000846
1290    0.000876
1291    0.000863
1292    0.000831
1293    0.00094
1294    0.000835
1295    0.000828
1296    0.000833
1297    0.000833
1298    0.00154
1299    0.000824
1300    0.000819
1301    0.000834
1302    0.00156
1303    0.000867
1304    0.001515
1305    0.001495
1306    0.001487
1307    0.001354
1308    0.001475
1309    0.001202
1310    0.001272
1311    0.000793
1312    0.001523
1313    0.000823
1314    0.000824
1315    0.001317
1316    0.001444
1317    0.000831
1318    0.000831
1319    0.000835
1320    0.001009
1321    0.000839
1322    0.000837
1323    0.00084
1324    0.000837
1325    0.000861
1326    0.00084
1327    0.000857
1328    0.00085
1329    0.000841
1330    0.000843
1331    0.000839
1332    0.000923
1333    0.000834
1334    0.000834
1335    0.000883
1336    0.000908
1337    0.001557
1338    0.000942
1339    0.001484
1340    0.000844
1341    0.000844
1342    0.000832
1343    0.000865
1344    0.000862
1345    0.000874
1346    0.000843
1347    0.001447
1348    0.000803
1349    0.000816
1350    0.000851
1351    0.001408
1352    0.000806
1353    0.00084
1354    0.000817
1355    0.000724
1356    0.000813
1357    0.00086
1358    0.001229
1359    0.000836
1360    0.000828
1361    0.001427
1362    0.00144
1363    0.000808
1364    0.000832
1365    0.001547
1366    0.001536
1367    0.001538
1368    0.00081
1369    0.00146
1370    0.000804
1371    0.001246
1372    0.000797
1373    0.000835
1374    0.000813
1375    0.0008
1376    0.000837
1377    0.000803
1378    0.000817
1379    0.000829
1380    0.00089
1381    0.000881
1382    0.000838
1383    0.001014
1384    0.000825
1385    0.000829
1386    0.000829
1387    0.00102
1388    0.001302
1389    0.000845
1390    0.000857
1391    0.00084
1392    0.00084
1393    0.000892
1394    0.00132
1395    0.000842
1396    0.000832
1397    0.000858
1398    0.0015
1399    0.000832
1400    0.001408
1401    0.000986
1402    0.000842
1403    0.000841
1404    0.001086
1405    0.001213
1406    0.001553
1407    0.001529
1408    0.00154
1409    0.001551
1410    0.001252
1411    0.001557
1412    0.001549
1413    0.000828
1414    0.000835
1415    0.001608
1416    0.001546
1417    0.000829
1418    0.000837
1419    0.000863
1420    0.001201
1421    0.000835
1422    0.001307
1423    0.000865
1424    0.000828
1425    0.000831
1426    0.00083
1427    0.000833
1428    0.000906
1429    0.000841
1430    0.000805
1431    0.000898
1432    0.000801
1433    0.000807
1434    0.000807
1435    0.00081
1436    0.000796
1437    0.000795
1438    0.000801
1439    0.000819
1440    0.000798
1441    0.000809
1442    0.001333
1443    0.001434
1444    0.001551
1445    0.001494
1446    0.001079
1447    0.001496
1448    0.000845
1449    0.000834
1450    0.000843
1451    0.001294
1452    0.001439
1453    0.001427
1454    0.001455
1455    0.001448
1456    0.001405
1457    0.001184
1458    0.001316
1459    0.000775
1460    0.000782
1461    0.000774
1462    0.000795
1463    0.000809
1464    0.000806
1465    0.000833
1466    0.000839
1467    0.000837
1468    0.000861
1469    0.000841
1470    0.000838
1471    0.000836
1472    0.000851
1473    0.000824
1474    0.000815
1475    0.001437
1476    0.001425
1477    0.000834
1478    0.000845
1479    0.000856
1480    0.000893
1481    0.00083
1482    0.000828
1483    0.000861
1484    0.001026
1485    0.001197
1486    0.000853
1487    0.000833
1488    0.000878
1489    0.000856
1490    0.001607
1491    0.000932
1492    0.000842
1493    0.000827
1494    0.000839
1495    0.000844
1496    0.001388
1497    0.001473
1498    0.001419
1499    0.000851
1500    0.000815
1501    0.000825
1502    0.000808
1503    0.000835
1504    0.000826
1505    0.000971
1506    0.000966
1507    0.000878
1508    0.000934
1509    0.001495
1510    0.00142
1511    0.0013
1512    0.001529
1513    0.000836
1514    0.000827
1515    0.000802
1516    0.000946
1517    0.000815
1518    0.000801
1519    0.000945
1520    0.000812
1521    0.000817
1522    0.000854
1523    0.00084
1524    0.000935
1525    0.000836
1526    0.000829
1527    0.000829
1528    0.000833
1529    0.000836
1530    0.000841
1531    0.000953
1532    0.000862
1533    0.000865
1534    0.001361
1535    0.001494
1536    0.000816
1537    0.000839
1538    0.000829
1539    0.000846
1540    0.00084
1541    0.00083
1542    0.000869
1543    0.000834
1544    0.00085
1545    0.001401
1546    0.000833
1547    0.000833
1548    0.000894
1549    0.00153
1550    0.001492
1551    0.001495
1552    0.001454
1553    0.001398
1554    0.001423
1555    0.001429
1556    0.001439
1557    0.001424
1558    0.001471
1559    0.001247
1560    0.000799
1561    0.001428
1562    0.001327
1563    0.001435
1564    0.000791
1565    0.001435
1566    0.001437
1567    0.001271
1568    0.000806
1569    0.00081
1570    0.000826
1571    0.000819
1572    0.000835
1573    0.000824
1574    0.001343
1575    0.000821
1576    0.001052
1577    0.001445
1578    0.000855
1579    0.000819
1580    0.000863
1581    0.000835
1582    0.000958
1583    0.000832
1584    0.0015
1585    0.000825
1586    0.00082
1587    0.001512
1588    0.001491
1589    0.000836
1590    0.000864
1591    0.000853
1592    0.00084
1593    0.000866
1594    0.000833
1595    0.000839
1596    0.000827
1597    0.000834
1598    0.000824
1599    0.000844
1600    0.00084
1601    0.001444
1602    0.00146
1603    0.000804
1604    0.001408
1605    0.000795
1606    0.000796
1607    0.001476
1608    0.001479
1609    0.000819
1610    0.00078
1611    0.00088
1612    0.001472
1613    0.000955
1614    0.001199
1615    0.001334
1616    0.000841
1617    0.00138
1618    0.000849
1619    0.001333
1620    0.000831
1621    0.000837
1622    0.000833
1623    0.001486
1624    0.001505
1625    0.001474
1626    0.000961
1627    0.000866
1628    0.000835
1629    0.000846
1630    0.001277
1631    0.000839
1632    0.000848
1633    0.000867
1634    0.000832
1635    0.000839
1636    0.000804
1637    0.000912
1638    0.000948
1639    0.000868
1640    0.000889
1641    0.001515
1642    0.001092
1643    0.000835
1644    0.001369
1645    0.000872
1646    0.000843
1647    0.000838
1648    0.000875
1649    0.000838
1650    0.00084
1651    0.001504
1652    0.001512
1653    0.001401
1654    0.000809
1655    0.001493
1656    0.000841
1657    0.0015
1658    0.00146
1659    0.000816
1660    0.000829
1661    0.000919
1662    0.001522
1663    0.001387
1664    0.001531
1665    0.001017
1666    0.00085
1667    0.000833
1668    0.001201
1669    0.000828
1670    0.000868
1671    0.000842
1672    0.000795
1673    0.000874
1674    0.000922
1675    0.000833
1676    0.000822
1677    0.000831
1678    0.000835
1679    0.000836
1680    0.000826
1681    0.000873
1682    0.001483
1683    0.001497
1684    0.001519
1685    0.001547
1686    0.00149
1687    0.001291
1688    0.000781
1689    0.001339
1690    0.001459
1691    0.001491
1692    0.000802
1693    0.001464
1694    0.000923
1695    0.001434
1696    0.001438
1697    0.000809
1698    0.001054
1699    0.000829
1700    0.000806
1701    0.000826
1702    0.001357
1703    0.001224
1704    0.00126
1705    0.000846
1706    0.001479
1707    0.001506
1708    0.001126
1709    0.000892
1710    0.000831
1711    0.000912
1712    0.00084
1713    0.001512
1714    0.000795
1715    0.001385
1716    0.001387
1717    0.000813
1718    0.00145
1719    0.001368
1720    0.001445
1721    0.001462
1722    0.000783
1723    0.001472
1724    0.001438
1725    0.000824
1726    0.000801
1727    0.001189
1728    0.001277
1729    0.001194
1730    0.001383
1731    0.000817
1732    0.00085
1733    0.000873
1734    0.000886
1735    0.000882
1736    0.000891
1737    0.001099
1738    0.001477
1739    0.001555
1740    0.001423
1741    0.001534
1742    0.001529
1743    0.001473
1744    0.000825
1745    0.000807
1746    0.001456
1747    0.000982
1748    0.000797
1749    0.000911
1750    0.000829
1751    0.00151
1752    0.001451
1753    0.00149
1754    0.000815
1755    0.000983
1756    0.000922
1757    0.000846
1758    0.000936
1759    0.001514
1760    0.001257
1761    0.000806
1762    0.000925
1763    0.000784
1764    0.000818
1765    0.000788
1766    0.000835
1767    0.001476
1768    0.000836
1769    0.000858
1770    0.001233
1771    0.000909
1772    0.000825
1773    0.00081
1774    0.000801
1775    0.000796
1776    0.00084
1777    0.001534
1778    0.001477
1779    0.00145
1780    0.000798
1781    0.000963
1782    0.000853
1783    0.001467
1784    0.001462
1785    0.000801
1786    0.000904
1787    0.000799
1788    0.000813
1789    0.000874
1790    0.000914
1791    0.000841
1792    0.000837
1793    0.000828
1794    0.000956
1795    0.000832
1796    0.000836
1797    0.000828
1798    0.001225
1799    0.000869
1800    0.000849
1801    0.001506
1802    0.00085
1803    0.000859
1804    0.000858
1805    0.000833
1806    0.00096
1807    0.000842
1808    0.001506
1809    0.000846
1810    0.000839
1811    0.000836
1812    0.000848
1813    0.000829
1814    0.000835
1815    0.000805
1816    0.000804
1817    0.000805
1818    0.001276
1819    0.000805
1820    0.000823
1821    0.000918
1822    0.000823
1823    0.000801
1824    0.001004
1825    0.001068
1826    0.001451
1827    0.000811
1828    0.001526
1829    0.001438
1830    0.000807
1831    0.000861
1832    0.000852
1833    0.000809
1834    0.000937
1835    0.000834
1836    0.000835
1837    0.000846
1838    0.000858
1839    0.000888
1840    0.000842
1841    0.000873
1842    0.000836
1843    0.000852
1844    0.000837
1845    0.001516
1846    0.001527
1847    0.001556
1848    0.001425
1849    0.001518
1850    0.000827
1851    0.000858
1852    0.000839
1853    0.001279
1854    0.001476
1855    0.000949
1856    0.000885
1857    0.000883
1858    0.00084
1859    0.001324
1860    0.001236
1861    0.001413
1862    0.001273
1863    0.001435
1864    0.001395
1865    0.000896
1866    0.001372
1867    0.000794
1868    0.000789
1869    0.00145
1870    0.001412
1871    0.000798
1872    0.0008
1873    0.0008
1874    0.000806
1875    0.000878
1876    0.000798
1877    0.000827
1878    0.000937
1879    0.001076
1880    0.000856
1881    0.000921
1882    0.000878
1883    0.001473
1884    0.001519
1885    0.000824
1886    0.000862
1887    0.000859
1888    0.000779
1889    0.000931
1890    0.001364
1891    0.001448
1892    0.001003
1893    0.000902
1894    0.000944
1895    0.000836
1896    0.000901
1897    0.001491
1898    0.000915
1899    0.000823
1900    0.000961
1901    0.00142
1902    0.00144
1903    0.001181
1904    0.001165
1905    0.00123
1906    0.00092
1907    0.001266
1908    0.001447
1909    0.000802
1910    0.000843
1911    0.000785
1912    0.000791
1913    0.000898
1914    0.000827
1915    0.000898
1916    0.000953
1917    0.00149
1918    0.000855
1919    0.000843
1920    0.000843
1921    0.000851
1922    0.000844
1923    0.00084
1924    0.000839
1925    0.000833
1926    0.000907
1927    0.000847
1928    0.001526
1929    0.000822
1930    0.001528
1931    0.000841
1932    0.000818
1933    0.001053
1934    0.001376
1935    0.000837
1936    0.000825
1937    0.001363
1938    0.001497
1939    0.001495
1940    0.000877
1941    0.000826
1942    0.000922
1943    0.001504
1944    0.001398
1945    0.000847
1946    0.001001
1947    0.000859
1948    0.000852
1949    0.000823
1950    0.00084
1951    0.001238
1952    0.001178
1953    0.001323
1954    0.000778
1955    0.000789
1956    0.001397
1957    0.001368
1958    0.000792
1959    0.000791
1960    0.000794
1961    0.000797
1962    0.000837
1963    0.000826
1964    0.000836
1965    0.000832
1966    0.000831
1967    0.00118
1968    0.001477
1969    0.001485
1970    0.000887
1971    0.000962
1972    0.000821
1973    0.000832
1974    0.001443
1975    0.001457
1976    0.000803
1977    0.000806
1978    0.000824
1979    0.000824
1980    0.00094
1981    0.000822
1982    0.000823
1983    0.000829
1984    0.00151
1985    0.0015
1986    0.001472
1987    0.001189
1988    0.000812
1989    0.000838
1990    0.000823
1991    0.000827
1992    0.000823
1993    0.000842
1994    0.000832
1995    0.000856
1996    0.001251
1997    0.001548
1998    0.000849
1999    0.000819
2000    0.001278
2001    0.001467
2002    0.000776
2003    0.000839
2004    0.000807
2005    0.000805
2006    0.000845
2007    0.00084
2008    0.000818
2009    0.001483
2010    0.001427
2011    0.000792
2012    0.00089
2013    0.000797
2014    0.00079
2015    0.000825
2016    0.000838
2017    0.000822
2018    0.000844
2019    0.001012
2020    0.000836
2021    0.001504
2022    0.000834
2023    0.000829
2024    0.000823
2025    0.001395
2026    0.000837
2027    0.000822
2028    0.001451
2029    0.000832
2030    0.000836
2031    0.000827
2032    0.000857
2033    0.000824
2034    0.000826
2035    0.000829
2036    0.001488
2037    0.001493
2038    0.001358
2039    0.000807
2040    0.000806
2041    0.000884
2042    0.000916
2043    0.000896
2044    0.001548
2045    0.001375
2046    0.001342
2047    0.000832
2048    0.000791
2049    0.00144
2050    0.000831
2051    0.001504
2052    0.001481
2053    0.001389
2054    0.001409
2055    0.000798
2056    0.000822
2057    0.000806
2058    0.000967
2059    0.000935
2060    0.000942
2061    0.000845
2062    0.000827
2063    0.000837
2064    0.001514
2065    0.001495
2066    0.000952
2067    0.000909
2068    0.001421
2069    0.000759
2070    0.000792
2071    0.000834
2072    0.000833
2073    0.000839
2074    0.000836
2075    0.000929
2076    0.000921
2077    0.000896
2078    0.000831
2079    0.000804
2080    0.000812
2081    0.000806
2082    0.000842
2083    0.000846
2084    0.000843
2085    0.000916
2086    0.00088
2087    0.000849
2088    0.000826
2089    0.000908
2090    0.000835
2091    0.000794
2092    0.001096
2093    0.000799
2094    0.000789
2095    0.000794
2096    0.000789
2097    0.000801
2098    0.001485
2099    0.001457
2100    0.000807
2101    0.001025
2102    0.000976
2103    0.000858
2104    0.000832
2105    0.001174
2106    0.000899
2107    0.001509
2108    0.001459
2109    0.001421
2110    0.000793
2111    0.000811
2112    0.000805
2113    0.000849
2114    0.000834
2115    0.000887
2116    0.000796
2117    0.000796
2118    0.001336
2119    0.001344
2120    0.001176
2121    0.001372
2122    0.001444
2123    0.00145
2124    0.001432
2125    0.000819
2126    0.000803
2127    0.000808
2128    0.001361
2129    0.000932
2130    0.00083
2131    0.000833
2132    0.000842
2133    0.000836
2134    0.000807
2135    0.000835
2136    0.000814
2137    0.000808
2138    0.000801
2139    0.000812
2140    0.001515
2141    0.001371
2142    0.001359
2143    0.001438
2144    0.00142
2145    0.000819
2146    0.001444
2147    0.000812
2148    0.000877
2149    0.000869
2150    0.000863
2151    0.001494
2152    0.001451
2153    0.00083
2154    0.001425
2155    0.001407
2156    0.001389
2157    0.001383
2158    0.000806
2159    0.001168
2160    0.000782
2161    0.001217
2162    0.000881
2163    0.000849
2164    0.000949
2165    0.000863
2166    0.000869
2167    0.000893
2168    0.000943
2169    0.001474
2170    0.000887
2171    0.000755
2172    0.000864
2173    0.00084
2174    0.000866
2175    0.000895
2176    0.000864
2177    0.000955
2178    0.001371
2179    0.000912
2180    0.000859
2181    0.000847
2182    0.000855
2183    0.000832
2184    0.000826
2185    0.001017
2186    0.000851
2187    0.000837
2188    0.000861
2189    0.000966
2190    0.00079
2191    0.00143
2192    0.000944
2193    0.001449
2194    0.000796
2195    0.000997
2196    0.001033
2197    0.000946
2198    0.000958
2199    0.000959
2200    0.000915
2201    0.001393
2202    0.00153
2203    0.000818
2204    0.000841
2205    0.00153
2206    0.001322
2207    0.001367
2208    0.001129
2209    0.001323
2210    0.001503
2211    0.001152
2212    0.000831
2213    0.000869
2214    0.000844
2215    0.000845
2216    0.001505
2217    0.001298
2218    0.000827
2219    0.000842
2220    0.000906
2221    0.001262
2222    0.000818
2223    0.000788
2224    0.000848
2225    0.000926
2226    0.000833
2227    0.000854
2228    0.000826
2229    0.001564
2230    0.000887
2231    0.000873
2232    0.000828
2233    0.000873
2234    0.000826
2235    0.000881
2236    0.000915
2237    0.001471
2238    0.000832
2239    0.000841
2240    0.000843
2241    0.000822
2242    0.000942
2243    0.000952
2244    0.000851
2245    0.000881
2246    0.000837
2247    0.000829
2248    0.000852
2249    0.000832
2250    0.000844
2251    0.000841
2252    0.000831
2253    0.000835
2254    0.000893
2255    0.000829
2256    0.001409
2257    0.001506
2258    0.000837
2259    0.00089
2260    0.0009
2261    0.000869
2262    0.00083
2263    0.000848
2264    0.000797
2265    0.001375
2266    0.000847
2267    0.000832
2268    0.00122
2269    0.001327
2270    0.0008
2271    0.000799
2272    0.000837
2273    0.000866
2274    0.000776
2275    0.000793
2276    0.000765
2277    0.000766
2278    0.000779
2279    0.000763
2280    0.00076
2281    0.000755
2282    0.000797
2283    0.000764
2284    0.00079
2285    0.000763
2286    0.000779
2287    0.000763
2288    0.000855
2289    0.000751
2290    0.000869
2291    0.000764
2292    0.000823
2293    0.000743
2294    0.000887
2295    0.000788
2296    0.000732
2297    0.000738
2298    0.000822
2299    0.000739
2300    0.000744
2301    0.000792
2302    0.000772
2303    0.000779
2304    0.000762
2305    0.000774
2306    0.000918
2307    0.000858
2308    0.000839
2309    0.000852
2310    0.00077
2311    0.000765
2312    0.000738
2313    0.000822
2314    0.000732
2315    0.000757
2316    0.000748
2317    0.001006
2318    0.001121
2319    0.0013
2320    0.000749
2321    0.000767
2322    0.000748
2323    0.000786
2324    0.000741
2325    0.000772
2326    0.000778
2327    0.000776
2328    0.000773
2329    0.000779
2330    0.000763
2331    0.000757
2332    0.000746
2333    0.000748
2334    0.000775
2335    0.000774
2336    0.00077
2337    0.000885
2338    0.000767
2339    0.00076
2340    0.00089
2341    0.000776
2342    0.000805
2343    0.000859
2344    0.000778
2345    0.000765
2346    0.000869
2347    0.00082
2348    0.000784
2349    0.000867
2350    0.000781
2351    0.00136
2352    0.000739
2353    0.000741
2354    0.00074
2355    0.000755
2356    0.000979
2357    0.000767
2358    0.001221
2359    0.000736
2360    0.001349
2361    0.001367
2362    0.000738
2363    0.000736
2364    0.001336
2365    0.000764
2366    0.000738
2367    0.000741
2368    0.000745
2369    0.000868
2370    0.000766
2371    0.000746
2372    0.000735
2373    0.000874
2374    0.000875
2375    0.000694
2376    0.000728
2377    0.00074
2378    0.000746
2379    0.000744
2380    0.000748
2381    0.000803
2382    0.000736
2383    0.000744
2384    0.000736
2385    0.000739
2386    0.000738
2387    0.000838
2388    0.000819
2389    0.000734
2390    0.000736
2391    0.000749
2392    0.000739
2393    0.001328
2394    0.000795
2395    0.000758
2396    0.000761
2397    0.000843
2398    0.000758
2399    0.001235
2400    0.001362
2401    0.000781
2402    0.00078
2403    0.00078
2404    0.000793
2405    0.001373
2406    0.000787
2407    0.001293
2408    0.000786
2409    0.001264
2410    0.000804
2411    0.000767
2412    0.000785
2413    0.000772
2414    0.001421
2415    0.000782
2416    0.000772
2417    0.000771
2418    0.000781
2419    0.000803
2420    0.000775
2421    0.000837
2422    0.000807
2423    0.000782
2424    0.000765
2425    0.000821
2426    0.000756
2427    0.000813
2428    0.000763
2429    0.00077
2430    0.000779
2431    0.000875
2432    0.000824
2433    0.000804
2434    0.000766
2435    0.000749
2436    0.000781
2437    0.000778
2438    0.000772
2439    0.000772
2440    0.000773
2441    0.000811
2442    0.001391
2443    0.001322
2444    0.001057
2445    0.00081
2446    0.000784
2447    0.000907
2448    0.000772
2449    0.000877
2450    0.000773
2451    0.000938
2452    0.000942
2453    0.001444
2454    0.001441
2455    0.001065
2456    0.001519
2457    0.001435
2458    0.001385
2459    0.000748
2460    0.000764
2461    0.000729
2462    0.000711
2463    0.000706
2464    0.000696
2465    0.000757
2466    0.000677
2467    0.000669
2468    0.000684
2469    0.000688
2470    0.00067
2471    0.000668
2472    0.000658
2473    0.000663
2474    0.001233
2475    0.000717
2476    0.00083
2477    0.000688
2478    0.000724
2479    0.000668
2480    0.000736
2481    0.000674
2482    0.000734
2483    0.000667
2484    0.000668
2485    0.000856
2486    0.001244
2487    0.000651
2488    0.000664
2489    0.00067
2490    0.000668
2491    0.000673
2492    0.000709
2493    0.000671
2494    0.000658
2495    0.000656
2496    0.000662
2497    0.000668
2498    0.000704
2499    0.000858
2500    0.000693
2501    0.001265
2502    0.000737
2503    0.001344
2504    0.000737
2505    0.000777
2506    0.000742
2507    0.000759
2508    0.000751
2509    0.001345
2510    0.000748
2511    0.000743
2512    0.000735
2513    0.000754
2514    0.000765
2515    0.000748
2516    0.000778
2517    0.001099
2518    0.000714
2519    0.001275
2520    0.001263
2521    0.001235
2522    0.000663
2523    0.000691
2524    0.000662
2525    0.000663
2526    0.000679
2527    0.000805
2528    0.000831
2529    0.000717
2530    0.000685
2531    0.000813
2532    0.000782
2533    0.00066
2534    0.001069
2535    0.000959
2536    0.001084
2537    0.00067
2538    0.000756
2539    0.000669
2540    0.000653
2541    0.00088
2542    0.000659
2543    0.000677
2544    0.000961
2545    0.000642
2546    0.000729
2547    0.000668
2548    0.000982
2549    0.000661
2550    0.000701
2551    0.001077
2552    0.000649
2553    0.000651
2554    0.000664
2555    0.00103
2556    0.000696
2557    0.00071
2558    0.000695
2559    0.000715
2560    0.000808
2561    0.000714
2562    0.001238
2563    0.000964
2564    0.000873
2565    0.000887
2566    0.001075
2567    0.00096
2568    0.000799
2569    0.000762
2570    0.000884
2571    0.000824
2572    0.000804
2573    0.00076
2574    0.00077
2575    0.000764
2576    0.000763
2577    0.000772
2578    0.000757
2579    0.001001
2580    0.000807
2581    0.000775
2582    0.001506
2583    0.001492
2584    0.000843
2585    0.001448
2586    0.001421
2587    0.001388
2588    0.000768
2589    0.000845
2590    0.000774
2591    0.000831
2592    0.000829
2593    0.001375
2594    0.001312
2595    0.000721
2596    0.000704
2597    0.000687
2598    0.000798
2599    0.000805
2600    0.000679
2601    0.00068
2602    0.000687
2603    0.000677
2604    0.000684
2605    0.000682
2606    0.000677
2607    0.000666
2608    0.000675
2609    0.00068
2610    0.000691
2611    0.000671
2612    0.000698
2613    0.000696
2614    0.000736
2615    0.000717
2616    0.001309
2617    0.000863
2618    0.00079
2619    0.000746
2620    0.000756
2621    0.000801
2622    0.000779
2623    0.000756
2624    0.000762
2625    0.000737
2626    0.000846
2627    0.000785
2628    0.000774
2629    0.000805
2630    0.000813
2631    0.001438
2632    0.001427
2633    0.000774
2634    0.001386
2635    0.000745
2636    0.000751
2637    0.00135
2638    0.001336
2639    0.000813
2640    0.000814
2641    0.001398
2642    0.001432
2643    0.000775
2644    0.000782
2645    0.000796
2646    0.000843
2647    0.000906
2648    0.000873
2649    0.000797
2650    0.000794
2651    0.000774
2652    0.000761
2653    0.000832
2654    0.00078
2655    0.000782
2656    0.000787
2657    0.000779
2658    0.000784
2659    0.000746
2660    0.00078
2661    0.000763
2662    0.000773
2663    0.000752
2664    0.000872
2665    0.000767
2666    0.000846
2667    0.000993
2668    0.001401
2669    0.001075
2670    0.001084
2671    0.000803
2672    0.000896
2673    0.001502
2674    0.00084
2675    0.001439
2676    0.001426
2677    0.000785
2678    0.00088
2679    0.001207
2680    0.000799
2681    0.001057
2682    0.00076
2683    0.00078
2684    0.000742
2685    0.000753
2686    0.000745
2687    0.000756
2688    0.000771
2689    0.001436
2690    0.000982
2691    0.000786
2692    0.000772
2693    0.000767
2694    0.000762
2695    0.000765
2696    0.000777
2697    0.000803
2698    0.000774
2699    0.000887
2700    0.00076
2701    0.000773
2702    0.000768
2703    0.000847
2704    0.000764
2705    0.000785
2706    0.000782
2707    0.000763
2708    0.000814
2709    0.001394
2710    0.00077
2711    0.000734
2712    0.000755
2713    0.000818
2714    0.00077
2715    0.000764
2716    0.000782
2717    0.000763
2718    0.000752
2719    0.000768
2720    0.00077
2721    0.000882
2722    0.000761
2723    0.000787
2724    0.000764
2725    0.000739
2726    0.000732
2727    0.000748
2728    0.000733
2729    0.000771
2730    0.000733
2731    0.000744
2732    0.000746
2733    0.000748
2734    0.000776
2735    0.000764
2736    0.000769
2737    0.000758
2738    0.000776
2739    0.00073
2740    0.000794
2741    0.001385
2742    0.00101
2743    0.000758
2744    0.00107
2745    0.001127
2746    0.000956
2747    0.001008
2748    0.000791
2749    0.0008
2750    0.000788
2751    0.001165
2752    0.000802
2753    0.00079
2754    0.00088
2755    0.001527
2756    0.000851
2757    0.000833
2758    0.000845
2759    0.000927
2760    0.000844
2761    0.00088
2762    0.001669
2763    0.000814
2764    0.000839
2765    0.000771
2766    0.001454
2767    0.000875
2768    0.000804
2769    0.000781
2770    0.001
2771    0.001466
2772    0.00139
2773    0.001406
2774    0.000786
2775    0.000808
2776    0.000948
2777    0.000783
2778    0.000761
2779    0.000811
2780    0.000763
2781    0.001416
2782    0.000771
2783    0.000798
2784    0.000777
2785    0.000769
2786    0.000869
2787    0.000891
2788    0.001223
2789    0.000874
2790    0.000885
2791    0.000891
2792    0.000859
2793    0.000956
2794    0.000823
2795    0.000872
2796    0.000823
2797    0.000798
2798    0.000794
2799    0.000894
2800    0.000787
2801    0.001409
2802    0.001414
2803    0.000779
2804    0.001155
2805    0.000781
2806    0.000889
2807    0.000955
2808    0.00077
2809    0.000776
2810    0.000785
2811    0.000796
2812    0.000766
2813    0.000784
2814    0.000773
2815    0.00077
2816    0.000761
2817    0.000799
2818    0.000857
2819    0.001376
2820    0.00098
2821    0.000968
2822    0.001467
2823    0.000801
2824    0.001439
2825    0.000829
2826    0.000828
2827    0.001517
2828    0.001449
2829    0.001312
2830    0.000803
2831    0.000808
2832    0.000754
2833    0.000746
2834    0.000718
2835    0.000713
2836    0.00121
2837    0.000723
2838    0.000692
2839    0.000702
2840    0.000666
2841    0.00068
2842    0.000689
2843    0.0007
2844    0.000704
2845    0.000739
2846    0.000677
2847    0.000671
2848    0.00069
2849    0.000662
2850    0.000679
2851    0.001299
2852    0.00074
2853    0.000717
2854    0.000722
2855    0.001351
2856    0.000758
2857    0.000767
2858    0.000996
2859    0.000774
2860    0.000774
2861    0.00076
2862    0.000769
2863    0.000771
2864    0.000766
2865    0.000769
2866    0.000774
2867    0.000776
2868    0.000754
2869    0.000755
2870    0.000786
2871    0.000886
2872    0.000779
2873    0.001385
2874    0.001161
2875    0.000739
2876    0.000756
2877    0.000767
2878    0.000857
2879    0.000757
2880    0.000754
2881    0.001356
2882    0.001333
2883    0.000819
2884    0.000742
2885    0.000888
2886    0.00087
2887    0.000752
2888    0.00075
2889    0.000783
2890    0.000742
2891    0.000754
2892    0.000773
2893    0.000882
2894    0.000782
2895    0.000782
2896    0.000772
2897    0.000779
2898    0.000757
2899    0.000786
2900    0.000797
2901    0.000772
2902    0.000756
2903    0.001396
2904    0.000781
2905    0.001433
2906    0.000769
2907    0.000768
2908    0.000853
2909    0.000805
2910    0.000851
2911    0.000753
2912    0.000827
2913    0.000803
2914    0.000788
2915    0.00084
2916    0.000831
2917    0.001448
2918    0.001197
2919    0.001466
2920    0.000959
2921    0.000888
2922    0.001288
2923    0.000858
2924    0.001443
2925    0.001402
2926    0.000773
2927    0.00078
2928    0.00077
2929    0.000928
2930    0.000765
2931    0.000775
2932    0.000773
2933    0.000781
2934    0.000878
2935    0.000763
2936    0.000778
2937    0.001168
2938    0.00077
2939    0.000779
2940    0.000793
2941    0.000782
2942    0.000811
2943    0.000777
2944    0.000775
2945    0.000794
2946    0.00077
2947    0.000772
2948    0.000768
2949    0.000775
2950    0.000759
2951    0.001282
2952    0.000848
2953    0.000844
2954    0.000827
2955    0.000828
2956    0.000775
2957    0.000813
2958    0.000861
2959    0.00077
2960    0.000776
2961    0.000849
2962    0.000834
2963    0.000767
2964    0.000743
2965    0.001288
2966    0.001208
2967    0.00152
2968    0.001473
2969    0.001445
2970    0.000768
2971    0.000782
2972    0.000761
2973    0.000767
2974    0.000764
2975    0.001436
2976    0.00089
2977    0.000804
2978    0.000777
2979    0.000814
2980    0.000781
2981    0.000771
2982    0.000766
2983    0.000771
2984    0.000782
2985    0.001378
2986    0.000839
2987    0.00074
2988    0.000774
2989    0.000781
2990    0.000791
2991    0.000762
2992    0.000798
2993    0.000876
2994    0.001469
2995    0.000776
2996    0.000776
2997    0.000773
2998    0.000876
2999    0.000808
3000    0.000782
3001    0.001363
3002    0.000752
3003    0.000766
3004    0.000751
3005    0.000779
3006    0.000803
3007    0.000738
3008    0.00138
3009    0.000785
3010    0.001332
3011    0.001409
3012    0.000744
3013    0.000741
3014    0.000741
3015    0.000751
3016    0.000819
3017    0.000787
3018    0.000788
3019    0.000782
3020    0.000963
3021    0.000831
3022    0.001105
3023    0.00076
3024    0.000772
3025    0.00082
3026    0.000898
3027    0.000847
3028    0.000815
3029    0.000793
3030    0.000752
3031    0.000868
3032    0.001124
3033    0.000779
3034    0.000771
3035    0.00077
3036    0.000775
3037    0.000797
3038    0.000866
3039    0.001107
3040    0.00085
3041    0.001022
3042    0.000834
3043    0.001105
3044    0.000798
3045    0.000814
3046    0.000818
3047    0.000804
3048    0.001555
3049    0.001497
3050    0.000811
3051    0.000845
3052    0.00135
3053    0.000806
3054    0.00078
3055    0.00078
3056    0.001376
3057    0.001236
3058    0.001068
3059    0.001255
3060    0.001248
3061    0.001352
3062    0.000737
3063    0.000776
3064    0.000743
3065    0.000742
3066    0.000739
3067    0.000742
3068    0.000738
3069    0.000762
3070    0.000748
3071    0.000794
3072    0.001372
3073    0.001382
3074    0.001383
3075    0.000767
3076    0.000732
3077    0.000732
3078    0.000747
3079    0.000735
3080    0.000732
3081    0.000782
3082    0.001395
3083    0.00074
3084    0.000738
3085    0.00077
3086    0.000734
3087    0.001345
3088    0.00127
3089    0.000644
3090    0.000722
3091    0.000725
3092    0.001325
3093    0.001259
3094    0.000742
3095    0.000735
3096    0.000735
3097    0.000739
3098    0.000747
3099    0.000818
3100    0.000732
3101    0.001354
3102    0.000753
3103    0.000769
3104    0.00073
3105    0.000776
3106    0.000762
3107    0.000889
3108    0.000788
3109    0.000785
3110    0.000818
3111    0.000769
3112    0.000736
3113    0.001347
3114    0.000766
3115    0.000805
3116    0.000754
3117    0.000771
3118    0.000745
3119    0.000872
3120    0.00095
3121    0.001061
3122    0.000782
3123    0.000769
3124    0.000782
3125    0.001411
3126    0.000744
3127    0.000739
3128    0.000748
3129    0.000862
3130    0.001271
3131    0.000749
3132    0.000744
3133    0.000908
3134    0.000943
3135    0.001114
3136    0.000746
3137    0.001291
3138    0.000768
3139    0.000763
3140    0.000764
3141    0.001286
3142    0.000737
3143    0.00079
3144    0.000853
3145    0.000772
3146    0.000781
3147    0.000773
3148    0.000759
3149    0.000778
3150    0.000773
3151    0.000893
3152    0.000741
3153    0.00074
3154    0.000738
3155    0.000736
3156    0.000766
3157    0.000773
3158    0.000767
3159    0.000757
3160    0.000722
3161    0.000747
3162    0.000741
3163    0.000743
3164    0.000765
3165    0.000762
3166    0.000754
3167    0.001346
3168    0.000736
3169    0.000744
3170    0.001316
3171    0.000756
3172    0.000771
3173    0.000749
3174    0.000742
3175    0.000742
3176    0.000777
3177    0.000789
3178    0.000785
3179    0.000746
3180    0.000759
3181    0.000751
3182    0.000758
3183    0.000743
3184    0.000747
3185    0.000749
3186    0.000745
3187    0.000764
3188    0.000757
3189    0.000748
3190    0.000748
3191    0.000668
3192    0.000734
3193    0.001077
3194    0.000752
3195    0.00075
3196    0.000754
3197    0.00075
3198    0.000778
3199    0.000778
3200    0.000774
3201    0.001565
3202    0.000833
3203    0.001488
3204    0.001137
3205    0.000829
3206    0.000834
3207    0.000863
3208    0.000835
3209    0.000852
3210    0.000875
3211    0.000886
3212    0.001443
3213    0.001287
3214    0.001586
3215    0.001415
3216    0.00085
3217    0.001493
3218    0.001451
3219    0.000992
3220    0.000782
3221    0.000801
3222    0.000768
3223    0.000775
3224    0.000798
3225    0.00078
3226    0.000772
3227    0.000784
3228    0.000776
3229    0.000768
3230    0.000778
3231    0.000777
3232    0.001437
3233    0.001438
3234    0.001422
3235    0.001383
3236    0.000754
3237    0.000758
3238    0.000789
3239    0.000745
3240    0.000776
3241    0.000786
3242    0.00078
3243    0.000772
3244    0.001311
3245    0.000775
3246    0.001259
3247    0.000793
3248    0.000757
3249    0.00078
3250    0.00078
3251    0.000803
3252    0.000744
3253    0.000735
3254    0.000717
3255    0.000697
3256    0.000789
3257    0.000794
3258    0.000702
3259    0.000693
3260    0.000919
3261    0.000668
3262    0.00066
3263    0.000667
3264    0.000663
3265    0.000668
3266    0.000685
3267    0.000747
3268    0.000676
3269    0.000677
3270    0.00067
3271    0.000656
3272    0.000642
3273    0.000647
3274    0.000649
3275    0.000663
3276    0.000634
3277    0.00065
3278    0.00066
3279    0.000747
3280    0.001226
3281    0.001226
3282    0.000952
3283    0.000659
3284    0.000804
3285    0.001255
3286    0.00125
3287    0.001233
3288    0.001215
3289    0.000679
3290    0.000767
3291    0.000677
3292    0.000662
3293    0.000657
3294    0.000675
3295    0.000701
3296    0.000681
3297    0.000801
3298    0.000711
3299    0.000696
3300    0.000728
3301    0.000756
3302    0.000763
3303    0.000767
3304    0.000774
3305    0.000765
3306    0.000775
3307    0.000766
3308    0.000754
3309    0.00078
3310    0.000909
3311    0.000778
3312    0.000772
3313    0.000946
3314    0.000805
3315    0.00084
3316    0.000873
3317    0.001377
3318    0.000828
3319    0.000832
3320    0.001449
3321    0.000858
3322    0.000854
3323    0.001028
3324    0.001103
3325    0.001344
3326    0.00087
3327    0.000871
3328    0.000938
3329    0.001374
3330    0.001067
3331    0.000743
3332    0.001324
3333    0.000755
3334    0.000726
3335    0.000731
3336    0.0007
3337    0.000693
3338    0.000723
3339    0.00069
3340    0.000673
3341    0.000685
3342    0.000684
3343    0.00067
3344    0.001176
3345    0.001139
3346    0.000635
3347    0.000645
3348    0.000666
3349    0.000648
3350    0.00066
3351    0.000744
3352    0.000741
3353    0.000736
3354    0.000749
3355    0.000769
3356    0.000797
3357    0.000875
3358    0.000849
3359    0.000887
3360    0.000777
3361    0.000769
3362    0.000756
3363    0.000778
3364    0.000759
3365    0.000768
3366    0.000766
3367    0.00129
3368    0.000773
3369    0.000766
3370    0.00085
3371    0.000774
3372    0.001419
3373    0.000766
3374    0.000758
3375    0.0009
3376    0.000773
3377    0.001443
3378    0.000791
3379    0.000779
3380    0.000782
3381    0.000792
3382    0.000821
3383    0.00077
3384    0.00079
3385    0.000755
3386    0.000741
3387    0.001402
3388    0.000901
3389    0.000781
3390    0.00073
3391    0.000735
3392    0.000727
3393    0.000734
3394    0.000726
3395    0.000665
3396    0.000754
3397    0.000767
3398    0.000752
3399    0.000746
3400    0.000732
3401    0.000742
3402    0.000741
3403    0.001227
3404    0.000877
3405    0.000939
3406    0.001516
3407    0.000821
3408    0.000791
3409    0.000815
3410    0.000823
3411    0.00081
3412    0.001348
3413    0.000817
3414    0.000809
3415    0.001339
3416    0.000998
3417    0.000837
3418    0.000823
3419    0.000828
3420    0.000822
3421    0.000856
3422    0.000879
3423    0.000927
3424    0.000995
3425    0.000917
3426    0.000837
3427    0.001232
3428    0.001236
3429    0.001503
3430    0.000823
3431    0.000837
3432    0.001008
3433    0.000916
3434    0.00093
3435    0.000862
3436    0.000888
3437    0.00089
3438    0.000874
3439    0.000841
3440    0.000832
3441    0.001155
3442    0.001545
3443    0.000864
3444    0.000861
3445    0.001473
3446    0.000833
3447    0.000829
3448    0.001489
3449    0.001487
3450    0.001467
3451    0.000741
3452    0.001366
3453    0.001338
3454    0.001302
3455    0.000718
3456    0.000723
3457    0.000721
3458    0.000721
3459    0.00125
3460    0.001328
3461    0.001318
3462    0.000744
3463    0.000727
3464    0.000733
3465    0.000726
3466    0.000731
3467    0.000728
3468    0.000782
3469    0.000767
3470    0.000755
3471    0.001372
3472    0.000746
3473    0.000726
3474    0.000734
3475    0.00132
3476    0.000751
3477    0.000753
3478    0.000749
3479    0.000748
3480    0.001254
3481    0.0013
3482    0.000807
3483    0.001301
3484    0.001236
3485    0.001159
3486    0.001204
3487    0.000729
3488    0.000723
3489    0.000726
3490    0.000729
3491    0.000717
3492    0.00073
3493    0.000782
3494    0.000748
3495    0.000767
3496    0.000877
3497    0.000662
3498    0.000818
3499    0.001381
3500    0.001152
3501    0.001358
3502    0.001377
3503    0.00077
3504    0.000804
3505    0.000823
3506    0.000841
3507    0.00084
3508    0.000853
3509    0.000836
3510    0.001375
3511    0.001506
3512    0.00085
3513    0.000844
3514    0.000847
3515    0.000825
3516    0.000844
3517    0.001001
3518    0.000855
3519    0.001449
3520    0.00153
3521    0.001478
3522    0.001455
3523    0.000894
3524    0.00082
3525    0.000846
3526    0.000834
3527    0.000838
3528    0.001495
3529    0.000858
3530    0.000961
3531    0.001485
3532    0.001521
3533    0.001232
3534    0.000976
3535    0.001001
3536    0.001517
3537    0.00095
3538    0.000812
3539    0.000823
3540    0.000806
3541    0.000886
3542    0.000841
3543    0.001375
3544    0.000895
3545    0.000917
3546    0.000838
3547    0.000855
3548    0.001132
3549    0.000793
3550    0.00082
3551    0.001428
3552    0.001234
3553    0.001342
3554    0.001443
3555    0.001431
3556    0.000812
3557    0.000804
3558    0.000788
3559    0.000796
3560    0.000796
3561    0.0009
3562    0.000812
3563    0.000849
3564    0.00083
3565    0.000966
3566    0.000853
3567    0.00084
3568    0.000844
3569    0.000843
3570    0.001244
3571    0.000826
3572    0.001013
3573    0.000858
3574    0.001499
3575    0.001482
3576    0.000887
3577    0.000931
3578    0.001536
3579    0.001502
3580    0.001591
3581    0.000837
3582    0.00083
3583    0.000862
3584    0.000952
3585    0.000845
3586    0.000918
3587    0.000879
3588    0.000827
3589    0.000868
3590    0.000863
3591    0.000877
3592    0.000843
3593    0.000825
3594    0.000828
3595    0.000874
3596    0.001243
3597    0.001052
3598    0.00153
3599    0.000737
3600    0.001564
