1    0.001615
2    0.034175
3    0.001219
4    0.002489
5    0.002282
6    0.00145
7    0.024203
8    0.00248
9    0.00138
10    0.034646
11    0.002477
12    0
13    0.002409
14    0
15    0.002411
16    0
17    0.014954
18    0.035132
19    0.001321
20    0.001311
21    0.00128
22    0.001282
23    0
24    0
25    0
26    0
27    0
28    0.001277
29    0.017734
30    0.001244
31    0
32    0
33    0
34    0
35    0.001273
36    0
37    0
38    0
39    0
40    0
41    0
42    0
43    0
44    0.001752
45    0
46    0
47    0
48    0
49    0
50    0
51    0
52    0
53    0
54    0
55    0
56    0
57    0
58    0
59    0
60    0
61    0
62    0
63    0
64    0
65    0
66    0.00131
67    0
68    0
69    0
70    0
71    0
72    0
73    0
74    0
75    0
76    0
77    0
78    0
79    0
80    0
81    0
82    0
83    0
84    0
85    0
86    0.001267
87    0
88    0
89    0
90    0
91    0
92    0
93    0
94    0
95    0
96    0
97    0
98    0
99    0
100    0
101    0
102    0
103    0
104    0.001303
105    0
106    0
107    0
108    0
109    0
110    0
111    0
112    0
113    0
114    0
115    0
116    0
117    0
118    0
119    0
120    0.001359
121    0
122    0
123    0
124    0
125    0
126    0
127    0
128    0
129    0
130    0
131    0.015826
132    0.001262
133    0
134    0
135    0
136    0
137    0
138    0
139    0
140    0
141    0
142    0
143    0
144    0
145    0
146    0
147    0
148    0.002019
149    0
150    0
151    0
152    0
153    0
154    0
155    0
156    0
157    0
158    0
159    0
160    0
161    0
162    0.002048
163    0
164    0
165    0
166    0
167    0
168    0
169    0
170    0
171    0
172    0
173    0
174    0
175    0
176    0.001807
177    0
178    0
179    0
180    0
181    0
182    0
183    0
184    0
185    0
186    0
187    0
188    0
189    0
190    0.001704
191    0
192    0
193    0
194    0
195    0
196    0
197    0
198    0
199    0
200    0
201    0
202    0.001709
203    0
204    0
205    0
206    0
207    0
208    0
209    0
210    0
211    0
212    0
213    0
214    0.001697
215    0
216    0
217    0
218    0
219    0
220    0
221    0
222    0
223    0
224    0
225    0
226    0.001813
227    0
228    0
229    0
230    0
231    0
232    0
233    0.023178
234    0.001847
235    0
236    0
237    0
238    0
239    0
240    0
241    0
242    0
243    0
244    0.002543
245    0
246    0
247    0
248    0
249    0
250    0
251    0
252    0
253    0
254    0.002549
255    0
256    0
257    0
258    0
259    0
260    0
261    0
262    0
263    0
264    0.002421
265    0
266    0
267    0
268    0
269    0
270    0
271    0
272    0
273    0
274    0.001764
275    0
276    0
277    0
278    0
279    0
280    0
281    0
282    0
283    0
284    0.001811
285    0
286    0
287    0
288    0
289    0
290    0
291    0
292    0
293    0
294    0.00178
295    0
296    0
297    0
298    0
299    0
300    0
301    0
302    0
303    0.002697
304    0
305    0
306    0
307    0
308    0
309    0
310    0.00174
311    0
312    0
313    0
314    0
315    0
316    0
317    0
318    0.001689
319    0
320    0
321    0
322    0
323    0
324    0
325    0
326    0.001748
327    0.021723
328    0.001944
329    0
330    0
331    0
332    0
333    0
334    0
335    0
336    0.001806
337    0
338    0
339    0
340    0
341    0
342    0
343    0
344    0.001811
345    0
346    0
347    0
348    0
349    0
350    0
351    0
352    0.001841
353    0
354    0
355    0
356    0
357    0
358    0
359    0
360    0.00189
361    0
362    0
363    0
364    0
365    0
366    0
367    0
368    0.001704
369    0
370    0
371    0
372    0
373    0
374    0
375    0
376    0.001867
377    0
378    0
379    0
380    0
381    0
382    0.001769
383    0
384    0
385    0
386    0
387    0
388    0.001751
389    0
390    0
391    0
392    0
393    0
394    0.001762
395    0
396    0
397    0
398    0
399    0
400    0.001727
401    0.02871
402    0.002324
403    0
404    0
405    0
406    0
407    0
408    0.0024
409    0
410    0
411    0
412    0
413    0
414    0.002316
415    0
416    0
417    0
418    0
419    0
420    0.001944
421    0
422    0
423    0
424    0
425    0
426    0.001705
427    0
428    0
429    0
430    0
431    0
432    0.001907
433    0
434    0
435    0
436    0
437    0
438    0.00213
439    0
440    0
441    0
442    0
443    0
444    0.002399
445    0
446    0
447    0
448    0
449    0
450    0.001753
451    0
452    0
453    0
454    0
455    0
456    0.001715
457    0
458    0
459    0
460    0
461    0.001729
462    0.022554
463    0.002171
464    0
465    0
466    0.001961
467    0
468    0
469    0
470    0.002347
471    0
472    0
473    0
474    0.002295
475    0
476    0
477    0
478    0.002001
479    0
480    0
481    0
482    0.002314
483    0
484    0
485    0
486    0.001669
487    0
488    0
489    0
490    0.00174
491    0
492    0
493    0
494    0.001916
495    0
496    0
497    0
498    0.001707
499    0
500    0
501    0
502    0.001788
503    0.022306
504    0.001795
505    0
506    0
507    0
508    0
509    0
510    0.00198
511    0
512    0
513    0
514    0
515    0
516    0.001822
517    0
518    0
519    0
520    0
521    0
522    0.001759
523    0
524    0
525    0
526    0
527    0
528    0.001772
529    0
530    0
531    0
532    0
533    0
534    0.001761
535    0
536    0
537    0
538    0
539    0
540    0.00247
541    0
542    0
543    0
544    0
545    0
546    0.001813
547    0
548    0
549    0
550    0
551    0
552    0.001734
553    0
554    0
555    0
556    0
557    0
558    0.001832
559    0
560    0
561    0
562    0.001777
563    0.02241
564    0.001736
565    0
566    0
567    0
568    0.001689
569    0
570    0
571    0
572    0.001751
573    0
574    0
575    0
576    0.002175
577    0
578    0
579    0
580    0.001795
581    0
582    0
583    0
584    0.00176
585    0
586    0
587    0
588    0.001783
589    0
590    0
591    0
592    0.001791
593    0
594    0
595    0
596    0.001771
597    0
598    0
599    0
600    0.002367
601    0
602    0
603    0
604    0.001781
605    0.022169
606    0.001752
607    0
608    0
609    0
610    0.001934
611    0
612    0
613    0
614    0.001753
615    0
616    0
617    0
618    0.001928
619    0
620    0
621    0
622    0.001762
623    0
624    0
625    0
626    0.001771
627    0
628    0
629    0
630    0.002419
631    0
632    0
633    0
634    0.001751
635    0
636    0.001786
637    0.001795
638    0.001796
639    0.023047
640    0.003547
641    0.001812
642    0.00176
643    0.001828
644    0.002072
645    0.001778
646    0.002031
647    0.001841
648    0.002041
649    0.023693
650    0.003989
651    0.001762
652    0.001727
653    0.001859
654    0.001799
655    0.0018
656    0.001783
657    0.001824
658    0.00183
659    0.002381
660    0.024358
661    0.004974
662    0.001761
663    0.001901
664    0.001775
665    0.001846
666    0.001811
667    0.001839
668    0.002219
669    0.0024
670    0.001983
671    0.022744
672    0.003452
673    0.001762
674    0.00179
675    0.001775
676    0.001794
677    0.001764
678    0.001765
679    0.001768
680    0.001783
681    0.001786
682    0.022428
683    0.003819
684    0.001851
685    0.001831
686    0.002494
687    0.001794
688    0.001814
689    0.00184
690    0.001843
691    0.001795
692    0.001831
693    0.021509
694    0.020469
695    0.021772
696    0.02176
697    0.021772
698    0.026606
699    0.020274
700    0.020577
701    0.02636
702    0.020968
703    0.019754
704    0.027279
705    0.028156
706    0.028017
707    0.02667
708    0.02228
709    0.021392
710    0.023974
711    0.029755
712    0.022726
713    0.022935
714    0.023526
715    0.023225
716    0.022656
717    0.023139
718    0.024936
719    0.003917
720    0
721    0
722    0
723    0
724    0
725    0
726    0
727    0
728    0
729    0
730    0
731    0
732    0
733    0
734    0
735    0
736    0
737    0
738    0
739    0
740    0
741    0
742    0
743    0
744    0
745    0
746    0
747    0
748    0
749    0
750    0
751    0
752    0
753    0
754    0
755    0
756    0
757    0
758    0
759    0
760    0
761    0
762    0
763    0
764    0
765    0
766    0
767    0
768    0
769    0
770    0
771    0
772    0
773    0
774    0
775    0
776    0
777    0
778    0
779    0
780    0
781    0
782    0
783    0
784    0
785    0
786    0
787    0
788    0
789    0
790    0
791    0
792    0
793    0
794    0
795    0
796    0
797    0
798    0
799    0
800    0
801    0
802    0
803    0
804    0
805    0
806    0
807    0
808    0
809    0
810    0
811    0
812    0
813    0
814    0
815    0
816    0
817    0
818    0
819    0
820    0.025244
821    0.001962
822    0
823    0
824    0.002088
825    0
826    0
827    0.002049
828    0
829    0.002143
830    0
831    0
832    0.002704
833    0
834    0.002541
835    0
836    0.002673
837    0
838    0.002201
839    0
840    0.001942
841    0
842    0.001888
843    0
844    0.001951
845    0.024349
846    0.001961
847    0
848    0.002017
849    0
850    0.002261
851    0
852    0.002179
853    0
854    0.001998
855    0
856    0.002073
857    0
858    0.002743
859    0
860    0.002076
861    0
862    0.002014
863    0
864    0.002669
865    0
866    0.002347
867    0.024949
868    0.00197
869    0
870    0.002034
871    0
872    0.002741
873    0
874    0.002658
875    0
876    0.002417
877    0
878    0.002669
879    0
880    0.002597
881    0
882    0.002458
883    0
884    0.002396
885    0
886    0.00216
887    0
888    0.002056
889    0.034143
890    0.002001
891    0
892    0.002738
893    0
894    0.00204
895    0
896    0.001904
897    0
898    0.002684
899    0
900    0.001957
901    0
902    0.002071
903    0
904    0.002678
905    0
906    0.00261
907    0
908    0.002635
909    0
910    0.002323
911    0.024368
912    0.001932
913    0
914    0.00197
915    0
916    0.002781
917    0
918    0.002035
919    0
920    0.002701
921    0
922    0.001891
923    0
924    0.001949
925    0
926    0.001947
927    0
928    0.002011
929    0
930    0.00198
931    0
932    0.002019
933    0.025147
934    0.001963
935    0
936    0.001902
937    0
938    0.001902
939    0
940    0.001951
941    0
942    0.001926
943    0
944    0.002087
945    0
946    0.001956
947    0
948    0.002037
949    0
950    0.002794
951    0
952    0.00266
953    0
954    0.001998
955    0.025847
956    0.00212
957    0
958    0.002747
959    0
960    0.002614
961    0
962    0.002556
963    0
964    0.001996
965    0
966    0.00199
967    0
968    0.002079
969    0
970    0.001966
971    0
972    0.001983
973    0
974    0.00232
975    0
976    0.002149
977    0.03576
978    0.002819
979    0
980    0.002655
981    0
982    0.002129
983    0
984    0.001899
985    0
986    0.002
987    0
988    0.002315
989    0
990    0.002757
991    0
992    0.002813
993    0
994    0.001924
995    0
996    0.002177
997    0
998    0.002809
999    0.03517
1000    0.001966
1001    0
1002    0.001948
1003    0
1004    0.002114
1005    0
1006    0.002622
1007    0
1008    0.001956
1009    0
1010    0.00266
1011    0
1012    0.002846
1013    0
1014    0.002689
1015    0
1016    0.001921
1017    0
1018    0.001933
1019    0
1020    0.002012
1021    0.02534
1022    0.001998
1023    0
1024    0.001976
1025    0
1026    0.002575
1027    0
1028    0.001994
1029    0
1030    0.002095
1031    0
1032    0.002149
1033    0
1034    0.002219
1035    0
1036    0.002151
1037    0
1038    0.002065
1039    0
1040    0.002722
1041    0
1042    0.002013
1043    0.025624
1044    0.002716
1045    0
1046    0.002042
1047    0
1048    0.002108
1049    0
1050    0.002587
1051    0
1052    0.001905
1053    0
1054    0.002517
1055    0
1056    0.002545
1057    0
1058    0.00195
1059    0
1060    0.002
1061    0
1062    0.002001
1063    0
1064    0.002032
1065    0.025406
1066    0.002093
1067    0
1068    0.00208
1069    0
1070    0.002009
1071    0
1072    0.002134
1073    0
1074    0.00201
1075    0
1076    0.002205
1077    0
1078    0.002048
1079    0
1080    0.002103
1081    0
1082    0.001952
1083    0
1084    0.002079
1085    0
1086    0.001968
1087    0.026222
1088    0.002124
1089    0
1090    0.002012
1091    0
1092    0.002057
1093    0
1094    0.001996
1095    0
1096    0.002015
1097    0
1098    0.002065
1099    0
1100    0.002788
1101    0
1102    0.001907
1103    0
1104    0.001905
1105    0
1106    0.002201
1107    0
1108    0.001952
1109    0.025283
1110    0.001971
1111    0
1112    0.002035
1113    0
1114    0.002701
1115    0
1116    0.002162
1117    0
1118    0.002027
1119    0
1120    0.002246
1121    0
1122    0.002036
1123    0
1124    0.002065
1125    0
1126    0.00201
1127    0
1128    0.002768
1129    0
1130    0.002046
1131    0.025521
1132    0.002
1133    0
1134    0.002099
1135    0
1136    0.002159
1137    0
1138    0.002458
1139    0
1140    0.002035
1141    0
1142    0.002023
1143    0
1144    0.001951
1145    0
1146    0.002003
1147    0
1148    0.002639
1149    0
1150    0.002043
1151    0
1152    0.002014
1153    0.025002
1154    0.001966
1155    0
1156    0.002014
1157    0
1158    0.00269
1159    0
1160    0.001931
1161    0
1162    0.001902
1163    0
1164    0.001969
1165    0
1166    0.002024
1167    0
1168    0.001986
1169    0
1170    0.001967
1171    0
1172    0.002021
1173    0
1174    0.002744
1175    0.025055
1176    0.001978
1177    0
1178    0.001967
1179    0
1180    0.002571
1181    0
1182    0.002
1183    0
1184    0.00202
1185    0
1186    0.001984
1187    0
1188    0.002735
1189    0
1190    0.002885
1191    0
1192    0.002601
1193    0
1194    0.00277
1195    0
1196    0.002647
1197    0.024831
1198    0.002118
1199    0
1200    0.002013
1201    0
1202    0.00204
1203    0
1204    0.002279
1205    0
1206    0.002
1207    0
1208    0.002101
1209    0
1210    0.001982
1211    0
1212    0.001987
1213    0
1214    0.002027
1215    0
1216    0.002135
1217    0
1218    0.00198
1219    0.025878
1220    0.002148
1221    0
1222    0.00212
1223    0
1224    0.00222
1225    0
1226    0.002002
1227    0
1228    0.001986
1229    0
1230    0.002626
1231    0
1232    0.002206
1233    0
1234    0.002003
1235    0
1236    0.002679
1237    0
1238    0.001929
1239    0
1240    0.001953
1241    0.024936
1242    0.001995
1243    0
1244    0.002014
1245    0
1246    0.00206
1247    0
1248    0.002212
1249    0
1250    0.002296
1251    0
1252    0.001968
1253    0
1254    0.001951
1255    0
1256    0.00263
1257    0
1258    0.0019
1259    0
1260    0.002045
1261    0
1262    0.002521
1263    0.025335
1264    0.001959
1265    0
1266    0.002028
1267    0
1268    0.001947
1269    0
1270    0.00194
1271    0
1272    0.002239
1273    0
1274    0.002009
1275    0
1276    0.001983
1277    0
1278    0.001999
1279    0
1280    0.002005
1281    0
1282    0.001935
1283    0
1284    0.001933
1285    0.025161
1286    0.001981
1287    0
1288    0.002
1289    0
1290    0.001993
1291    0
1292    0.002197
1293    0
1294    0.00218
1295    0
1296    0.001993
1297    0
1298    0.002044
1299    0
1300    0.002199
1301    0
1302    0.002109
1303    0
1304    0.001967
1305    0
1306    0.002004
1307    0.027488
1308    0.001955
1309    0
1310    0.001972
1311    0
1312    0.002064
1313    0
1314    0.002076
1315    0
1316    0.002581
1317    0
1318    0.002644
1319    0
1320    0.001901
1321    0
1322    0.002677
1323    0
1324    0.002593
1325    0
1326    0.00199
1327    0
1328    0.001894
1329    0.026198
1330    0.002104
1331    0
1332    0.002038
1333    0
1334    0.001958
1335    0
1336    0.001998
1337    0
1338    0.002347
1339    0
1340    0.002116
1341    0
1342    0.002222
1343    0
1344    0.001966
1345    0
1346    0.001963
1347    0
1348    0.001988
1349    0
1350    0.001966
1351    0.029784
1352    0.002762
1353    0
1354    0.00263
1355    0
1356    0.002572
1357    0
1358    0.002777
1359    0
1360    0.002469
1361    0
1362    0.002658
1363    0
1364    0.001955
1365    0
1366    0.001932
1367    0
1368    0.001926
1369    0
1370    0.002711
1371    0
1372    0.002014
1373    0.024632
1374    0.002027
1375    0
1376    0.002006
1377    0
1378    0.002381
1379    0
1380    0.001974
1381    0
1382    0.002659
1383    0
1384    0.002008
1385    0
1386    0.002055
1387    0
1388    0.002248
1389    0
1390    0.002
1391    0
1392    0.002242
1393    0
1394    0.002022
1395    0.027296
1396    0.002902
1397    0
1398    0.00281
1399    0
1400    0.002788
1401    0
1402    0.001965
1403    0
1404    0.002127
1405    0
1406    0.002712
1407    0
1408    0.002126
1409    0
1410    0.002224
1411    0
1412    0.002175
1413    0
1414    0.002008
1415    0
1416    0.002081
1417    0.034635
1418    0.002752
1419    0
1420    0.002141
1421    0
1422    0.002272
1423    0
1424    0.00215
1425    0
1426    0.002694
1427    0
1428    0.002058
1429    0
1430    0.002725
1431    0
1432    0.002846
1433    0
1434    0.001961
1435    0
1436    0.002812
1437    0
1438    0.002585
1439    0.023885
1440    0.001916
1441    0
1442    0.001968
1443    0
1444    0.001935
1445    0
1446    0.002653
1447    0
1448    0.00269
1449    0
1450    0.0026
1451    0
1452    0.002433
1453    0
1454    0.002677
1455    0
1456    0.002707
1457    0
1458    0.001986
1459    0
1460    0.001929
1461    0.024093
1462    0.002057
1463    0
1464    0.001998
1465    0
1466    0.002036
1467    0
1468    0.002013
1469    0
1470    0.002009
1471    0
1472    0.002009
1473    0
1474    0.002773
1475    0
1476    0.001969
1477    0
1478    0.001984
1479    0
1480    0.002776
1481    0
1482    0.002104
1483    0.023887
1484    0.001926
1485    0
1486    0.002561
1487    0
1488    0.00256
1489    0
1490    0.002558
1491    0
1492    0.001887
1493    0
1494    0.001939
1495    0
1496    0.002311
1497    0
1498    0.002124
1499    0
1500    0.002147
1501    0
1502    0.001956
1503    0
1504    0.002045
1505    0.025775
1506    0.002704
1507    0
1508    0.002623
1509    0
1510    0.001964
1511    0
1512    0.002016
1513    0
1514    0.002113
1515    0
1516    0.002614
1517    0
1518    0.002734
1519    0
1520    0.001933
1521    0
1522    0.002114
1523    0
1524    0.002706
1525    0
1526    0.001976
1527    0.026062
1528    0.002256
1529    0
1530    0.001947
1531    0
1532    0.002028
1533    0
1534    0.002108
1535    0
1536    0.002023
1537    0
1538    0.00191
1539    0
1540    0.002221
1541    0
1542    0.002623
1543    0
1544    0.003147
1545    0
1546    0.002393
1547    0
1548    0.002345
1549    0.039256
1550    0.002584
1551    0
1552    0.003183
1553    0
1554    0.002263
1555    0
1556    0.003208
1557    0
1558    0.002523
1559    0
1560    0.002803
1561    0
1562    0.00215
1563    0
1564    0.002976
1565    0
1566    0.002823
1567    0
1568    0.003255
1569    0
1570    0.002877
1571    0.034778
1572    0.003133
1573    0
1574    0.002954
1575    0
1576    0.003137
1577    0
1578    0.002778
1579    0
1580    0.003322
1581    0
1582    0.003037
1583    0
1584    0.003142
1585    0
1586    0.002563
1587    0
1588    0.002553
1589    0
1590    0.002189
1591    0
1592    0.002353
1593    0.026976
1594    0.002948
1595    0
1596    0.002623
1597    0
1598    0.003041
1599    0
1600    0.003134
1601    0
1602    0.002264
1603    0
1604    0.002876
1605    0
1606    0.002627
1607    0
1608    0.002427
1609    0
1610    0.002449
1611    0
1612    0.002437
1613    0
1614    0.003178
1615    0.033465
1616    0.002622
1617    0
1618    0.002616
1619    0
1620    0.002317
1621    0
1622    0.003153
1623    0
1624    0.003199
1625    0
1626    0.003053
1627    0
1628    0.002648
1629    0
1630    0.00292
1631    0
1632    0.003173
1633    0
1634    0.002985
1635    0
1636    0.00334
1637    0.038053
1638    0.002357
1639    0
1640    0.002284
1641    0
1642    0.002915
1643    0
1644    0.002961
1645    0
1646    0.002982
1647    0
1648    0.002989
1649    0
1650    0.002371
1651    0
1652    0.0027
1653    0
1654    0.00224
1655    0
1656    0.002997
1657    0
1658    0.003106
1659    0.034009
1660    0.002968
1661    0
1662    0.003081
1663    0
1664    0.003167
1665    0
1666    0.002646
1667    0
1668    0.002463
1669    0
1670    0.002593
1671    0
1672    0.002656
1673    0
1674    0.002682
1675    0
1676    0.002321
1677    0
1678    0.003056
1679    0
1680    0.003085
1681    0.040813
1682    0.00327
1683    0
1684    0.003172
1685    0
1686    0.002375
1687    0
1688    0.002432
1689    0
1690    0.002709
1691    0
1692    0.002643
1693    0
1694    0.002998
1695    0
1696    0.002179
1697    0
1698    0.002241
1699    0
1700    0.002248
1701    0
1702    0.002305
1703    0.038476
1704    0.002095
1705    0
1706    0.002961
1707    0
1708    0.00289
1709    0
1710    0.002872
1711    0
1712    0.002983
1713    0
1714    0.002339
1715    0
1716    0.002387
1717    0
1718    0.002641
1719    0
1720    0.002505
1721    0
1722    0.002753
1723    0
1724    0.002784
1725    0.034902
1726    0.00265
1727    0
1728    0.002417
1729    0
1730    0.002741
1731    0
1732    0.002008
1733    0
1734    0.002873
1735    0
1736    0.002867
1737    0
1738    0.002877
1739    0
1740    0.002796
1741    0
1742    0.00237
1743    0
1744    0.002884
1745    0
1746    0.00321
1747    0.027881
1748    0.002098
1749    0
1750    0.00285
1751    0
1752    0.002737
1753    0
1754    0.002194
1755    0
1756    0.001914
1757    0
1758    0.001987
1759    0
1760    0.001945
1761    0
1762    0.002069
1763    0
1764    0.001941
1765    0
1766    0.00186
1767    0
1768    0.001894
1769    0.024507
1770    0.001887
1771    0
1772    0.001897
1773    0
1774    0.001959
1775    0
1776    0.002627
1777    0
1778    0.002144
1779    0
1780    0.00224
1781    0
1782    0.001937
1783    0
1784    0.002014
1785    0
1786    0.002116
1787    0
1788    0.001911
1789    0
1790    0.002573
1791    0.026177
1792    0.001917
1793    0
1794    0.001896
1795    0
1796    0.001884
1797    0
1798    0.002492
1799    0
1800    0.001997
1801    0
1802    0.001832
1803    0
1804    0.001824
1805    0
1806    0.002296
1807    0
1808    0.00189
1809    0
1810    0.002674
1811    0
1812    0.002657
1813    0.033383
1814    0.002046
1815    0
1816    0.00274
1817    0
1818    0.001802
1819    0
1820    0.001832
1821    0
1822    0.001885
1823    0
1824    0.001859
1825    0
1826    0.001946
1827    0
1828    0.001914
1829    0
1830    0.002075
1831    0
1832    0.001989
1833    0
1834    0.002986
1835    0.030968
1836    0.001953
1837    0
1838    0.002887
1839    0
1840    0.001951
1841    0
1842    0.00188
1843    0
1844    0.001966
1845    0
1846    0.002453
1847    0
1848    0.001883
1849    0
1850    0.002542
1851    0
1852    0.001997
1853    0
1854    0.002148
1855    0
1856    0.002066
1857    0.025888
1858    0.002156
1859    0
1860    0.001956
1861    0
1862    0.002631
1863    0
1864    0.002601
1865    0
1866    0.001883
1867    0
1868    0.002371
1869    0
1870    0.002618
1871    0
1872    0.002809
1873    0
1874    0.002898
1875    0
1876    0.002668
1877    0
1878    0.002264
1879    0.036933
1880    0.002245
1881    0
1882    0.002267
1883    0
1884    0.003185
1885    0
1886    0.002523
1887    0
1888    0.002535
1889    0
1890    0.002336
1891    0
1892    0.002261
1893    0
1894    0.002201
1895    0
1896    0.002193
1897    0
1898    0.002975
1899    0
1900    0.003073
1901    0.031406
1902    0.002613
1903    0
1904    0.002902
1905    0
1906    0.003201
1907    0
1908    0.00212
1909    0
1910    0.002985
1911    0
1912    0.003021
1913    0
1914    0.002271
1915    0
1916    0.002636
1917    0
1918    0.002109
1919    0
1920    0.002176
1921    0
1922    0.002996
1923    0.02902
1924    0.002879
1925    0
1926    0.002399
1927    0
1928    0.002967
1929    0
1930    0.003046
1931    0
1932    0.002959
1933    0
1934    0.003139
1935    0
1936    0.002724
1937    0
1938    0.002555
1939    0
1940    0.002149
1941    0
1942    0.002036
1943    0
1944    0.002676
1945    0.025742
1946    0.002066
1947    0
1948    0.001924
1949    0
1950    0
1951    0
1952    0
1953    0
1954    0
1955    0
1956    0
1957    0
1958    0
1959    0
1960    0
1961    0
1962    0
1963    0
1964    0
1965    0
1966    0
1967    0
1968    0
1969    0
1970    0
1971    0
1972    0
1973    0
1974    0
1975    0
1976    0
1977    0
1978    0
1979    0
1980    0
1981    0
1982    0
1983    0
1984    0
1985    0
1986    0
1987    0
1988    0
1989    0
1990    0
1991    0
1992    0
1993    0
1994    0
1995    0
1996    0
1997    0
1998    0
1999    0
2000    0
