1    0
2    0.037063
3    0.001261
4    0.002747
5    0.00237
6    0.001507
7    0.023683
8    0.002551
9    0.001423
10    0.032535
11    0.002559
12    0
13    0.002486
14    0
15    0.002488
16    0
17    0.014341
18    0.0336
19    0.001365
20    0.001354
21    0.001323
22    0.001323
23    0
24    0
25    0
26    0
27    0
28    0.001321
29    0.015867
30    0.001288
31    0
32    0
33    0
34    0
35    0.00132
36    0
37    0
38    0
39    0
40    0
41    0
42    0
43    0
44    0.001816
45    0
46    0
47    0
48    0
49    0
50    0
51    0
52    0
53    0
54    0
55    0
56    0
57    0
58    0
59    0
60    0
61    0
62    0
63    0
64    0
65    0
66    0.001357
67    0
68    0
69    0
70    0
71    0
72    0
73    0
74    0
75    0
76    0
77    0
78    0
79    0
80    0
81    0
82    0
83    0
84    0
85    0
86    0.001313
87    0
88    0
89    0
90    0
91    0
92    0
93    0
94    0
95    0
96    0
97    0
98    0
99    0
100    0
101    0
102    0
103    0
104    0.001349
105    0
106    0
107    0
108    0
109    0
110    0
111    0
112    0
113    0
114    0
115    0
116    0
117    0
118    0
119    0
120    0.001404
121    0
122    0
123    0
124    0
125    0
126    0
127    0
128    0
129    0
130    0
131    0.013762
132    0.001309
133    0
134    0
135    0
136    0
137    0
138    0
139    0
140    0
141    0
142    0
143    0
144    0
145    0
146    0
147    0
148    0.002092
149    0
150    0
151    0
152    0
153    0
154    0
155    0
156    0
157    0
158    0
159    0
160    0
161    0
162    0.002135
163    0
164    0
165    0
166    0
167    0
168    0
169    0
170    0
171    0
172    0
173    0
174    0
175    0
176    0.001869
177    0
178    0
179    0
180    0
181    0
182    0
183    0
184    0
185    0
186    0
187    0
188    0
189    0
190    0.001764
191    0
192    0
193    0
194    0
195    0
196    0
197    0
198    0
199    0
200    0
201    0
202    0.001765
203    0
204    0
205    0
206    0
207    0
208    0
209    0
210    0
211    0
212    0
213    0
214    0.001759
215    0
216    0
217    0
218    0
219    0
220    0
221    0
222    0
223    0
224    0
225    0
226    0.001876
227    0
228    0
229    0
230    0
231    0
232    0
233    0.020208
234    0.001926
235    0
236    0
237    0
238    0
239    0
240    0
241    0
242    0
243    0
244    0.002625
245    0
246    0
247    0
248    0
249    0
250    0
251    0
252    0
253    0
254    0.002636
255    0
256    0
257    0
258    0
259    0
260    0
261    0
262    0
263    0
264    0.002508
265    0
266    0
267    0
268    0
269    0
270    0
271    0
272    0
273    0
274    0.001822
275    0
276    0
277    0
278    0
279    0
280    0
281    0
282    0
283    0
284    0.001877
285    0
286    0
287    0
288    0
289    0
290    0
291    0
292    0
293    0
294    0.001842
295    0
296    0
297    0
298    0
299    0
300    0
301    0
302    0
303    0.002783
304    0
305    0
306    0
307    0
308    0
309    0
310    0.001801
311    0
312    0
313    0
314    0
315    0
316    0
317    0
318    0.001747
319    0
320    0
321    0
322    0
323    0
324    0
325    0
326    0.00181
327    0.018888
328    0.002006
329    0
330    0
331    0
332    0
333    0
334    0
335    0
336    0.001868
337    0
338    0
339    0
340    0
341    0
342    0
343    0
344    0.001871
345    0
346    0
347    0
348    0
349    0
350    0
351    0
352    0.001903
353    0
354    0
355    0
356    0
357    0
358    0
359    0
360    0.001953
361    0
362    0
363    0
364    0
365    0
366    0
367    0
368    0.001764
369    0
370    0
371    0
372    0
373    0
374    0
375    0
376    0.001931
377    0
378    0
379    0
380    0
381    0
382    0.001832
383    0
384    0
385    0
386    0
387    0
388    0.001809
389    0
390    0
391    0
392    0
393    0
394    0.001821
395    0
396    0
397    0
398    0
399    0
400    0.001788
401    0.025083
402    0.002413
403    0
404    0
405    0
406    0
407    0
408    0.00249
409    0
410    0
411    0
412    0
413    0
414    0.002402
415    0
416    0
417    0
418    0
419    0
420    0.002026
421    0
422    0
423    0
424    0
425    0
426    0.001765
427    0
428    0
429    0
430    0
431    0
432    0.001971
433    0
434    0
435    0
436    0
437    0
438    0.002206
439    0
440    0
441    0
442    0
443    0
444    0.002498
445    0
446    0
447    0
448    0
449    0
450    0.001813
451    0
452    0
453    0
454    0
455    0
456    0.001786
457    0
458    0
459    0
460    0
461    0.001789
462    0.019536
463    0.002235
464    0
465    0
466    0.002024
467    0
468    0
469    0
470    0.002434
471    0
472    0
473    0
474    0.002374
475    0
476    0
477    0
478    0.002065
479    0
480    0
481    0
482    0.002397
483    0
484    0
485    0
486    0.001727
487    0
488    0
489    0
490    0.0018
491    0
492    0
493    0
494    0.001976
495    0
496    0
497    0
498    0.001767
499    0
500    0
501    0
502    0.001849
503    0.019356
504    0.001857
505    0
506    0
507    0
508    0
509    0
510    0.002041
511    0
512    0
513    0
514    0
515    0
516    0.001885
517    0
518    0
519    0
520    0
521    0
522    0.001833
523    0
524    0
525    0
526    0
527    0
528    0.001833
529    0
530    0
531    0
532    0
533    0
534    0.001824
535    0
536    0
537    0
538    0
539    0
540    0.002562
541    0
542    0
543    0
544    0
545    0
546    0.00188
547    0
548    0
549    0
550    0
551    0
552    0.001793
553    0
554    0
555    0
556    0
557    0
558    0.001898
559    0
560    0
561    0
562    0.001838
563    0.019007
564    0.001799
565    0
566    0
567    0
568    0.00176
569    0
570    0
571    0
572    0.00181
573    0
574    0
575    0
576    0.002243
577    0
578    0
579    0
580    0.001861
581    0
582    0
583    0
584    0.00182
585    0
586    0
587    0
588    0.001845
589    0
590    0
591    0
592    0.001853
593    0
594    0
595    0
596    0.001832
597    0
598    0
599    0
600    0.002453
601    0
602    0
603    0
604    0.001843
605    0.019262
606    0.001811
607    0
608    0
609    0
610    0.002011
611    0
612    0
613    0
614    0.001815
615    0
616    0
617    0
618    0.001988
619    0
620    0
621    0
622    0.001821
623    0
624    0
625    0
626    0.001832
627    0
628    0
629    0
630    0.002506
631    0
632    0
633    0
634    0.001814
635    0
636    0.001841
637    0.001852
638    0.001854
639    0.020317
640    0.003665
641    0.001876
642    0.001816
643    0.001886
644    0.002129
645    0.001834
646    0.002102
647    0.001898
648    0.002115
649    0.020652
650    0.004141
651    0.001817
652    0.001784
653    0.001915
654    0.00186
655    0.001858
656    0.001842
657    0.001885
658    0.001889
659    0.002464
660    0.021022
661    0.00515
662    0.001817
663    0.001957
664    0.001835
665    0.001905
666    0.00187
667    0.001897
668    0.002295
669    0.002482
670    0.002047
671    0.019897
672    0.003562
673    0.001818
674    0.001849
675    0.001833
676    0.001852
677    0.001818
678    0.00182
679    0.001825
680    0.001839
681    0.001846
682    0.019473
683    0.003938
684    0.00191
685    0.001893
686    0.002579
687    0.001857
688    0.001873
689    0.0019
690    0.001907
691    0.001851
692    0.001887
693    0.020317
694    0.019257
695    0.020647
696    0.02073
697    0.020219
698    0.025014
699    0.019074
700    0.019417
701    0.024873
702    0.019329
703    0.018644
704    0.02579
705    0.026663
706    0.026581
707    0.025123
708    0.021176
709    0.020169
710    0.022676
711    0.028115
712    0.021429
713    0.021529
714    0.022298
715    0.021762
716    0.021378
717    0.021918
718    0.021739
719    0.00404
720    0
721    0
722    0
723    0
724    0
725    0
726    0
727    0
728    0
729    0
730    0
731    0
732    0
733    0
734    0
735    0
736    0
737    0
738    0
739    0
740    0
741    0
742    0
743    0
744    0
745    0
746    0
747    0
748    0
749    0
750    0
751    0
752    0
753    0
754    0
755    0
756    0
757    0
758    0
759    0
760    0
761    0
762    0
763    0
764    0
765    0
766    0
767    0
768    0
769    0
770    0
771    0
772    0
773    0
774    0
775    0
776    0
777    0
778    0
779    0
780    0
781    0
782    0
783    0
784    0
785    0
786    0
787    0
788    0
789    0
790    0
791    0
792    0
793    0
794    0
795    0
796    0
797    0
798    0
799    0
800    0
801    0
802    0
803    0
804    0
805    0
806    0
807    0
808    0
809    0
810    0
811    0
812    0
813    0
814    0
815    0
816    0
817    0
818    0
819    0
820    0.021993
821    0.00203
822    0
823    0
824    0.002154
825    0
826    0
827    0.002117
828    0
829    0.002214
830    0
831    0
832    0.002802
833    0
834    0.002629
835    0
836    0.00277
837    0
838    0.002267
839    0
840    0.002007
841    0
842    0.001951
843    0
844    0.002016
845    0.021094
846    0.002057
847    0
848    0.002089
849    0
850    0.002333
851    0
852    0.00225
853    0
854    0.002067
855    0
856    0.002175
857    0
858    0.002844
859    0
860    0.002143
861    0
862    0.002081
863    0
864    0.002774
865    0
866    0.002414
867    0.021678
868    0.002038
869    0
870    0.002102
871    0
872    0.002838
873    0
874    0.002748
875    0
876    0.0025
877    0
878    0.002765
879    0
880    0.002693
881    0
882    0.002544
883    0
884    0.002481
885    0
886    0.002227
887    0
888    0.002126
889    0.029706
890    0.00207
891    0
892    0.002839
893    0
894    0.00211
895    0
896    0.001973
897    0
898    0.002787
899    0
900    0.002024
901    0
902    0.002141
903    0
904    0.002773
905    0
906    0.002708
907    0
908    0.002729
909    0
910    0.002393
911    0.021274
912    0.002001
913    0
914    0.002037
915    0
916    0.002901
917    0
918    0.002107
919    0
920    0.002797
921    0
922    0.001957
923    0
924    0.002013
925    0
926    0.002015
927    0
928    0.002079
929    0
930    0.002046
931    0
932    0.002094
933    0.021871
934    0.002029
935    0
936    0.001965
937    0
938    0.00197
939    0
940    0.002017
941    0
942    0.001992
943    0
944    0.00219
945    0
946    0.002023
947    0
948    0.002106
949    0
950    0.0029
951    0
952    0.002756
953    0
954    0.002097
955    0.022738
956    0.002186
957    0
958    0.002846
959    0
960    0.002705
961    0
962    0.002652
963    0
964    0.002065
965    0
966    0.002057
967    0
968    0.002149
969    0
970    0.002033
971    0
972    0.002049
973    0
974    0.002406
975    0
976    0.002219
977    0.031239
978    0.002919
979    0
980    0.00275
981    0
982    0.0022
983    0
984    0.001964
985    0
986    0.002066
987    0
988    0.002387
989    0
990    0.002856
991    0
992    0.002895
993    0
994    0.001991
995    0
996    0.00226
997    0
998    0.002908
999    0.030567
1000    0.00203
1001    0
1002    0.002043
1003    0
1004    0.002183
1005    0
1006    0.002715
1007    0
1008    0.002025
1009    0
1010    0.002757
1011    0
1012    0.002943
1013    0
1014    0.002781
1015    0
1016    0.001988
1017    0
1018    0.002002
1019    0
1020    0.00208
1021    0.022103
1022    0.002068
1023    0
1024    0.002045
1025    0
1026    0.002647
1027    0
1028    0.002062
1029    0
1030    0.002165
1031    0
1032    0.002219
1033    0
1034    0.00229
1035    0
1036    0.002223
1037    0
1038    0.002133
1039    0
1040    0.002821
1041    0
1042    0.002083
1043    0.02219
1044    0.002813
1045    0
1046    0.002108
1047    0
1048    0.002181
1049    0
1050    0.002679
1051    0
1052    0.001969
1053    0
1054    0.00261
1055    0
1056    0.002632
1057    0
1058    0.002017
1059    0
1060    0.002069
1061    0
1062    0.002071
1063    0
1064    0.0021
1065    0.022006
1066    0.002195
1067    0
1068    0.002151
1069    0
1070    0.002078
1071    0
1072    0.002205
1073    0
1074    0.002078
1075    0
1076    0.002296
1077    0
1078    0.002116
1079    0
1080    0.002168
1081    0
1082    0.002016
1083    0
1084    0.002151
1085    0
1086    0.002031
1087    0.022672
1088    0.002197
1089    0
1090    0.002079
1091    0
1092    0.002154
1093    0
1094    0.002062
1095    0
1096    0.002083
1097    0
1098    0.002135
1099    0
1100    0.002886
1101    0
1102    0.001972
1103    0
1104    0.001971
1105    0
1106    0.00227
1107    0
1108    0.002035
1109    0.022036
1110    0.002039
1111    0
1112    0.0021
1113    0
1114    0.002807
1115    0
1116    0.002232
1117    0
1118    0.002095
1119    0
1120    0.002314
1121    0
1122    0.002103
1123    0
1124    0.002133
1125    0
1126    0.002076
1127    0
1128    0.002865
1129    0
1130    0.002113
1131    0.02221
1132    0.002077
1133    0
1134    0.002168
1135    0
1136    0.002228
1137    0
1138    0.00254
1139    0
1140    0.002104
1141    0
1142    0.002092
1143    0
1144    0.002026
1145    0
1146    0.002068
1147    0
1148    0.002734
1149    0
1150    0.002114
1151    0
1152    0.002082
1153    0.021778
1154    0.002034
1155    0
1156    0.002081
1157    0
1158    0.002785
1159    0
1160    0.001998
1161    0
1162    0.001971
1163    0
1164    0.002036
1165    0
1166    0.002098
1167    0
1168    0.002056
1169    0
1170    0.002034
1171    0
1172    0.002087
1173    0
1174    0.002844
1175    0.021775
1176    0.002046
1177    0
1178    0.002035
1179    0
1180    0.002666
1181    0
1182    0.002067
1183    0
1184    0.00209
1185    0
1186    0.00205
1187    0
1188    0.002808
1189    0
1190    0.002986
1191    0
1192    0.002694
1193    0
1194    0.00287
1195    0
1196    0.002743
1197    0.021503
1198    0.002226
1199    0
1200    0.00208
1201    0
1202    0.002111
1203    0
1204    0.002362
1205    0
1206    0.002071
1207    0
1208    0.002168
1209    0
1210    0.002048
1211    0
1212    0.002054
1213    0
1214    0.002094
1215    0
1216    0.002204
1217    0
1218    0.00205
1219    0.022325
1220    0.002214
1221    0
1222    0.002187
1223    0
1224    0.002291
1225    0
1226    0.002071
1227    0
1228    0.002052
1229    0
1230    0.002717
1231    0
1232    0.002274
1233    0
1234    0.00207
1235    0
1236    0.002778
1237    0
1238    0.001996
1239    0
1240    0.002025
1241    0.021738
1242    0.002065
1243    0
1244    0.002082
1245    0
1246    0.002127
1247    0
1248    0.002282
1249    0
1250    0.002374
1251    0
1252    0.002033
1253    0
1254    0.002019
1255    0
1256    0.002733
1257    0
1258    0.001967
1259    0
1260    0.002111
1261    0
1262    0.00261
1263    0.02194
1264    0.002023
1265    0
1266    0.002094
1267    0
1268    0.00202
1269    0
1270    0.002007
1271    0
1272    0.002312
1273    0
1274    0.002079
1275    0
1276    0.00206
1277    0
1278    0.002068
1279    0
1280    0.002075
1281    0
1282    0.002
1283    0
1284    0.002002
1285    0.021904
1286    0.002048
1287    0
1288    0.002066
1289    0
1290    0.002059
1291    0
1292    0.002267
1293    0
1294    0.002249
1295    0
1296    0.002062
1297    0
1298    0.002114
1299    0
1300    0.002269
1301    0
1302    0.00218
1303    0
1304    0.002035
1305    0
1306    0.002072
1307    0.023715
1308    0.002022
1309    0
1310    0.00204
1311    0
1312    0.002138
1313    0
1314    0.002147
1315    0
1316    0.002674
1317    0
1318    0.002738
1319    0
1320    0.001965
1321    0
1322    0.002773
1323    0
1324    0.002688
1325    0
1326    0.002086
1327    0
1328    0.001959
1329    0.022851
1330    0.002175
1331    0
1332    0.00211
1333    0
1334    0.002025
1335    0
1336    0.002066
1337    0
1338    0.002418
1339    0
1340    0.002184
1341    0
1342    0.00232
1343    0
1344    0.002035
1345    0
1346    0.002031
1347    0
1348    0.002067
1349    0
1350    0.002035
1351    0.025967
1352    0.002876
1353    0
1354    0.002724
1355    0
1356    0.002664
1357    0
1358    0.00288
1359    0
1360    0.002557
1361    0
1362    0.002754
1363    0
1364    0.002023
1365    0
1366    0.001997
1367    0
1368    0.001991
1369    0
1370    0.00281
1371    0
1372    0.002083
1373    0.021421
1374    0.002095
1375    0
1376    0.002073
1377    0
1378    0.002474
1379    0
1380    0.002047
1381    0
1382    0.002753
1383    0
1384    0.002075
1385    0
1386    0.002124
1387    0
1388    0.002339
1389    0
1390    0.002066
1391    0
1392    0.002313
1393    0
1394    0.00209
1395    0.024158
1396    0.003002
1397    0
1398    0.00291
1399    0
1400    0.002889
1401    0
1402    0.002031
1403    0
1404    0.002192
1405    0
1406    0.00281
1407    0
1408    0.002198
1409    0
1410    0.002294
1411    0
1412    0.002242
1413    0
1414    0.002077
1415    0
1416    0.00215
1417    0.030195
1418    0.002849
1419    0
1420    0.002208
1421    0
1422    0.002379
1423    0
1424    0.002218
1425    0
1426    0.002791
1427    0
1428    0.002124
1429    0
1430    0.002822
1431    0
1432    0.002942
1433    0
1434    0.002027
1435    0
1436    0.002908
1437    0
1438    0.00268
1439    0.020717
1440    0.001982
1441    0
1442    0.002041
1443    0
1444    0.002004
1445    0
1446    0.002747
1447    0
1448    0.002787
1449    0
1450    0.002694
1451    0
1452    0.002531
1453    0
1454    0.002772
1455    0
1456    0.002803
1457    0
1458    0.002054
1459    0
1460    0.001994
1461    0.020877
1462    0.002129
1463    0
1464    0.002067
1465    0
1466    0.002107
1467    0
1468    0.002081
1469    0
1470    0.002076
1471    0
1472    0.002077
1473    0
1474    0.002851
1475    0
1476    0.002038
1477    0
1478    0.002052
1479    0
1480    0.002876
1481    0
1482    0.002171
1483    0.020688
1484    0.001991
1485    0
1486    0.002652
1487    0
1488    0.002656
1489    0
1490    0.002656
1491    0
1492    0.001953
1493    0
1494    0.002007
1495    0
1496    0.002418
1497    0
1498    0.002191
1499    0
1500    0.002217
1501    0
1502    0.002025
1503    0
1504    0.002114
1505    0.022356
1506    0.002804
1507    0
1508    0.002728
1509    0
1510    0.002032
1511    0
1512    0.002081
1513    0
1514    0.002179
1515    0
1516    0.002712
1517    0
1518    0.002832
1519    0
1520    0.001997
1521    0
1522    0.002204
1523    0
1524    0.002805
1525    0
1526    0.002042
1527    0.022546
1528    0.002351
1529    0
1530    0.002012
1531    0
1532    0.002095
1533    0
1534    0.002174
1535    0
1536    0.00209
1537    0
1538    0.001975
1539    0
1540    0.002301
1541    0
1542    0.002743
1543    0
1544    0.003256
1545    0
1546    0.00248
1547    0
1548    0.002437
1549    0.034461
1550    0.00269
1551    0
1552    0.003321
1553    0
1554    0.002344
1555    0
1556    0.003324
1557    0
1558    0.002623
1559    0
1560    0.002907
1561    0
1562    0.002219
1563    0
1564    0.003083
1565    0
1566    0.002937
1567    0
1568    0.003365
1569    0
1570    0.002956
1571    0.030334
1572    0.003243
1573    0
1574    0.003065
1575    0
1576    0.003255
1577    0
1578    0.002883
1579    0
1580    0.003429
1581    0
1582    0.003147
1583    0
1584    0.003263
1585    0
1586    0.002669
1587    0
1588    0.002658
1589    0
1590    0.002266
1591    0
1592    0.00244
1593    0.023236
1594    0.003051
1595    0
1596    0.002728
1597    0
1598    0.003155
1599    0
1600    0.003255
1601    0
1602    0.002342
1603    0
1604    0.002981
1605    0
1606    0.002733
1607    0
1608    0.002509
1609    0
1610    0.002569
1611    0
1612    0.002515
1613    0
1614    0.003296
1615    0.028933
1616    0.002716
1617    0
1618    0.002727
1619    0
1620    0.002393
1621    0
1622    0.003263
1623    0
1624    0.003317
1625    0
1626    0.003167
1627    0
1628    0.002769
1629    0
1630    0.003031
1631    0
1632    0.003295
1633    0
1634    0.003102
1635    0
1636    0.00345
1637    0.033448
1638    0.002432
1639    0
1640    0.002364
1641    0
1642    0.003019
1643    0
1644    0.003073
1645    0
1646    0.003093
1647    0
1648    0.003108
1649    0
1650    0.00245
1651    0
1652    0.002814
1653    0
1654    0.002318
1655    0
1656    0.003108
1657    0
1658    0.003239
1659    0.029314
1660    0.00305
1661    0
1662    0.003197
1663    0
1664    0.003255
1665    0
1666    0.002749
1667    0
1668    0.002567
1669    0
1670    0.002705
1671    0
1672    0.002757
1673    0
1674    0.002796
1675    0
1676    0.0024
1677    0
1678    0.00316
1679    0
1680    0.0032
1681    0.035683
1682    0.003385
1683    0
1684    0.003287
1685    0
1686    0.002461
1687    0
1688    0.00251
1689    0
1690    0.002796
1691    0
1692    0.002748
1693    0
1694    0.003132
1695    0
1696    0.002267
1697    0
1698    0.002318
1699    0
1700    0.002339
1701    0
1702    0.00238
1703    0.033613
1704    0.002194
1705    0
1706    0.003093
1707    0
1708    0.002991
1709    0
1710    0.002973
1711    0
1712    0.003082
1713    0
1714    0.002408
1715    0
1716    0.002487
1717    0
1718    0.002738
1719    0
1720    0.002595
1721    0
1722    0.002851
1723    0
1724    0.00289
1725    0.030604
1726    0.002765
1727    0
1728    0.002496
1729    0
1730    0.002832
1731    0
1732    0.00208
1733    0
1734    0.002984
1735    0
1736    0.002969
1737    0
1738    0.002985
1739    0
1740    0.002896
1741    0
1742    0.002452
1743    0
1744    0.002964
1745    0
1746    0.003321
1747    0.023866
1748    0.002168
1749    0
1750    0.002948
1751    0
1752    0.002837
1753    0
1754    0.002264
1755    0
1756    0.001981
1757    0
1758    0.002055
1759    0
1760    0.002009
1761    0
1762    0.002136
1763    0
1764    0.002007
1765    0
1766    0.001929
1767    0
1768    0.001958
1769    0.020991
1770    0.001948
1771    0
1772    0.001962
1773    0
1774    0.002026
1775    0
1776    0.00272
1777    0
1778    0.00221
1779    0
1780    0.002308
1781    0
1782    0.002004
1783    0
1784    0.002082
1785    0
1786    0.002186
1787    0
1788    0.001977
1789    0
1790    0.002664
1791    0.023119
1792    0.001984
1793    0
1794    0.001957
1795    0
1796    0.001947
1797    0
1798    0.002582
1799    0
1800    0.002071
1801    0
1802    0.001894
1803    0
1804    0.001887
1805    0
1806    0.002369
1807    0
1808    0.001954
1809    0
1810    0.002763
1811    0
1812    0.002761
1813    0.029352
1814    0.00212
1815    0
1816    0.002833
1817    0
1818    0.001865
1819    0
1820    0.001898
1821    0
1822    0.001953
1823    0
1824    0.001922
1825    0
1826    0.002014
1827    0
1828    0.001978
1829    0
1830    0.002142
1831    0
1832    0.002058
1833    0
1834    0.003088
1835    0.026549
1836    0.002019
1837    0
1838    0.002993
1839    0
1840    0.002024
1841    0
1842    0.001943
1843    0
1844    0.002047
1845    0
1846    0.00254
1847    0
1848    0.001945
1849    0
1850    0.002632
1851    0
1852    0.002065
1853    0
1854    0.002215
1855    0
1856    0.002139
1857    0.022259
1858    0.002236
1859    0
1860    0.002022
1861    0
1862    0.00273
1863    0
1864    0.002708
1865    0
1866    0.001947
1867    0
1868    0.002456
1869    0
1870    0.002712
1871    0
1872    0.002912
1873    0
1874    0.003001
1875    0
1876    0.00276
1877    0
1878    0.002346
1879    0.032226
1880    0.002318
1881    0
1882    0.002356
1883    0
1884    0.003322
1885    0
1886    0.002614
1887    0
1888    0.002653
1889    0
1890    0.00243
1891    0
1892    0.002335
1893    0
1894    0.002285
1895    0
1896    0.002269
1897    0
1898    0.003081
1899    0
1900    0.003178
1901    0.027582
1902    0.002688
1903    0
1904    0.003006
1905    0
1906    0.003314
1907    0
1908    0.002194
1909    0
1910    0.003095
1911    0
1912    0.003129
1913    0
1914    0.002379
1915    0
1916    0.00276
1917    0
1918    0.002184
1919    0
1920    0.002256
1921    0
1922    0.003111
1923    0.025325
1924    0.002991
1925    0
1926    0.002489
1927    0
1928    0.003042
1929    0
1930    0.003157
1931    0
1932    0.003081
1933    0
1934    0.00325
1935    0
1936    0.002801
1937    0
1938    0.002634
1939    0
1940    0.002221
1941    0
1942    0.002104
1943    0
1944    0.002769
1945    0.022146
1946    0.002133
1947    0
1948    0.001994
1949    0
1950    0
1951    0
1952    0
1953    0
1954    0
1955    0
1956    0
1957    0
1958    0
1959    0
1960    0
1961    0
1962    0
1963    0
1964    0
1965    0
1966    0
1967    0
1968    0
1969    0
1970    0
1971    0
1972    0
1973    0
1974    0
1975    0
1976    0
1977    0
1978    0
1979    0
1980    0
1981    0
1982    0
1983    0
1984    0
1985    0
1986    0
1987    0
1988    0
1989    0
1990    0
1991    0
1992    0
1993    0
1994    0
1995    0
1996    0
1997    0
1998    0
1999    0
2000    0
