1    0.000503
2    0.000351
3    0.00052
4    0.000665
5    0.000453
6    0.000646
7    0.000419
8    0.000471
9    0.000509
10    0.00037
11    0.000487
12    0.000513
13    0.000489
14    0.000503
15    0.00049
16    0.000509
17    0.000473
18    0.000363
19    0.000509
20    0.000508
21    0.000505
22    0.000511
23    0.000511
24    0.000506
25    0.000524
26    0.000502
27    0.000516
28    0.000507
29    0.000445
30    0.000512
31    0.000514
32    0.000511
33    0.000506
34    0.000508
35    0.000515
36    0.000509
37    0.000514
38    0.000507
39    0.000507
40    0.000511
41    0.000507
42    0.000592
43    0.000895
44    0.000891
45    0.000514
46    0.00052
47    0.000513
48    0.000511
49    0.000515
50    0.000513
51    0.000584
52    0.000512
53    0.000665
54    0.000504
55    0.000512
56    0.000518
57    0.000513
58    0.000522
59    0.000511
60    0.000585
61    0.000566
62    0.000528
63    0.000501
64    0.000583
65    0.000551
66    0.000501
67    0.000546
68    0.000529
69    0.000516
70    0.000556
71    0.000515
72    0.000503
73    0.000517
74    0.000504
75    0.000525
76    0.000511
77    0.000513
78    0.000472
79    0.000515
80    0.000577
81    0.00048
82    0.000508
83    0.000531
84    0.000503
85    0.000477
86    0.00047
87    0.000498
88    0.000498
89    0.000554
90    0.000509
91    0.000513
92    0.00054
93    0.000519
94    0.000516
95    0.000519
96    0.000512
97    0.000506
98    0.000473
99    0.000486
100    0.000524
101    0.000501
102    0.000594
103    0.000517
104    0.000516
105    0.000518
106    0.000512
107    0.000491
108    0.000475
109    0.00051
110    0.000486
111    0.000496
112    0.000484
113    0.000541
114    0.000492
115    0.000502
116    0.000515
117    0.000482
118    0.000522
119    0.000534
120    0.000453
121    0.000912
122    0.000514
123    0.000517
124    0.000561
125    0.000519
126    0.000514
127    0.000519
128    0.000529
129    0.000567
130    0.000512
131    0.000457
132    0.000502
133    0.000515
134    0.000532
135    0.000575
136    0.000576
137    0.00104
138    0.000634
139    0.000632
140    0.000635
141    0.000643
142    0.000789
143    0.000646
144    0.000662
145    0.000661
146    0.000679
147    0.000673
148    0.001017
149    0.000673
150    0.000682
151    0.000677
152    0.000691
153    0.000692
154    0.000689
155    0.000759
156    0.001165
157    0.000909
158    0.001312
159    0.000719
160    0.000716
161    0.000691
162    0.000694
163    0.000691
164    0.000779
165    0.000781
166    0.000716
167    0.000709
168    0.000747
169    0.001314
170    0.000739
171    0.000763
172    0.000813
173    0.000755
174    0.000766
175    0.000759
176    0.000765
177    0.000765
178    0.000764
179    0.000789
180    0.000791
181    0.000792
182    0.00127
183    0.000765
184    0.000767
185    0.000759
186    0.000735
187    0.000735
188    0.000738
189    0.000733
190    0.000701
191    0.000714
192    0.000715
193    0.00072
194    0.000705
195    0.0007
196    0.000725
197    0.000708
198    0.000841
199    0.000707
200    0.000714
201    0.000715
202    0.000703
203    0.000785
204    0.000802
205    0.000704
206    0.00071
207    0.000724
208    0.000817
209    0.00071
210    0.000787
211    0.000715
212    0.000713
213    0.000807
214    0.000715
215    0.000804
216    0.000744
217    0.000756
218    0.000737
219    0.000736
220    0.000738
221    0.000743
222    0.000766
223    0.000765
224    0.000762
225    0.000788
226    0.000749
227    0.001073
228    0.000791
229    0.000788
230    0.000774
231    0.000754
232    0.000762
233    0.0007
234    0.00075
235    0.000778
236    0.001395
237    0.001263
238    0.000821
239    0.000799
240    0.000863
241    0.000774
242    0.001135
243    0.001286
244    0.001242
245    0.000766
246    0.001154
247    0.000732
248    0.000737
249    0.000766
250    0.000761
251    0.001353
252    0.000758
253    0.000767
254    0.001325
255    0.000757
256    0.000776
257    0.000754
258    0.000775
259    0.000758
260    0.000764
261    0.000775
262    0.000765
263    0.000758
264    0.001325
265    0.000938
266    0.0009
267    0.000769
268    0.000863
269    0.000775
270    0.000737
271    0.000765
272    0.000746
273    0.000738
274    0.000723
275    0.000768
276    0.000765
277    0.000747
278    0.000735
279    0.000761
280    0.000756
281    0.000751
282    0.000735
283    0.000848
284    0.000831
285    0.001362
286    0.001385
287    0.000738
288    0.000757
289    0.000941
290    0.0008
291    0.0014
292    0.001468
293    0.001328
294    0.000726
295    0.000945
296    0.000735
297    0.000738
298    0.00085
299    0.000751
300    0.001202
301    0.000791
302    0.000775
303    0.00136
304    0.00139
305    0.001288
306    0.000733
307    0.00074
308    0.000755
309    0.000765
310    0.000727
311    0.000747
312    0.000877
313    0.000739
314    0.000736
315    0.000744
316    0.000766
317    0.000722
318    0.000705
319    0.000765
320    0.0007
321    0.000703
322    0.000711
323    0.000751
324    0.001111
325    0.000751
326    0.000733
327    0.000677
328    0.001084
329    0.000743
330    0.001365
331    0.000734
332    0.000771
333    0.000761
334    0.000767
335    0.000868
336    0.00075
337    0.000763
338    0.00076
339    0.001231
340    0.001375
341    0.000751
342    0.000774
343    0.000768
344    0.000759
345    0.001374
346    0.000859
347    0.00074
348    0.00077
349    0.001366
350    0.001337
351    0.001326
352    0.000819
353    0.000729
354    0.00073
355    0.000794
356    0.000742
357    0.000733
358    0.000773
359    0.000766
360    0.000724
361    0.000733
362    0.000768
363    0.001286
364    0.000741
365    0.000732
366    0.000738
367    0.000745
368    0.000709
369    0.00072
370    0.000713
371    0.000751
372    0.000732
373    0.000766
374    0.001263
375    0.000703
376    0.000716
377    0.000733
378    0.000728
379    0.000728
380    0.000758
381    0.000724
382    0.000872
383    0.000726
384    0.000776
385    0.000756
386    0.000747
387    0.000755
388    0.000739
389    0.000839
390    0.000725
391    0.000734
392    0.000846
393    0.000705
394    0.000689
395    0.000716
396    0.000708
397    0.000708
398    0.001118
399    0.000747
400    0.000702
401    0.0011
402    0.001174
403    0.00125
404    0.000706
405    0.000738
406    0.000901
407    0.00138
408    0.001273
409    0.000738
410    0.000751
411    0.001279
412    0.000734
413    0.000745
414    0.001277
415    0.000749
416    0.000841
417    0.000752
418    0.000757
419    0.000738
420    0.001031
421    0.000854
422    0.00087
423    0.00089
424    0.000784
425    0.000719
426    0.000728
427    0.001294
428    0.000824
429    0.000852
430    0.00129
431    0.001271
432    0.000706
433    0.000738
434    0.000795
435    0.000715
436    0.000724
437    0.000685
438    0.001173
439    0.000702
440    0.000713
441    0.000846
442    0.000707
443    0.000744
444    0.001177
445    0.000738
446    0.000737
447    0.000749
448    0.000753
449    0.000737
450    0.000733
451    0.000834
452    0.000883
453    0.000735
454    0.001391
455    0.000798
456    0.000723
457    0.000773
458    0.00131
459    0.00074
460    0.001295
461    0.000728
462    0.000727
463    0.001012
464    0.000735
465    0.000837
466    0.000723
467    0.001313
468    0.001303
469    0.001277
470    0.001277
471    0.000704
472    0.000736
473    0.000722
474    0.001228
475    0.00126
476    0.001193
477    0.000917
478    0.000984
479    0.001065
480    0.000714
481    0.00119
482    0.001225
483    0.001244
484    0.001261
485    0.001292
486    0.000716
487    0.00074
488    0.000699
489    0.000807
490    0.000721
491    0.000725
492    0.000704
493    0.000699
494    0.000713
495    0.000726
496    0.001001
497    0.000697
498    0.000692
499    0.000749
500    0.000729
501    0.00128
502    0.000775
503    0.000675
504    0.000724
505    0.000848
506    0.000744
507    0.000745
508    0.000732
509    0.000775
510    0.000718
511    0.000737
512    0.00088
513    0.000736
514    0.000737
515    0.000733
516    0.000724
517    0.000746
518    0.000717
519    0.000712
520    0.000707
521    0.000715
522    0.000698
523    0.000709
524    0.000712
525    0.000709
526    0.000732
527    0.000703
528    0.000735
529    0.000736
530    0.000821
531    0.00074
532    0.000873
533    0.000747
534    0.000765
535    0.000761
536    0.000762
537    0.000766
538    0.000815
539    0.000784
540    0.000826
541    0.00074
542    0.000737
543    0.00077
544    0.000751
545    0.000757
546    0.000751
547    0.000779
548    0.00076
549    0.000757
550    0.000754
551    0.000742
552    0.000734
553    0.000759
554    0.001025
555    0.000868
556    0.000758
557    0.000896
558    0.000727
559    0.000737
560    0.000888
561    0.000748
562    0.000723
563    0.000772
564    0.000704
565    0.000888
566    0.000721
567    0.000727
568    0.0007
569    0.000713
570    0.000709
571    0.00071
572    0.000752
573    0.000737
574    0.000741
575    0.000739
576    0.000729
577    0.000739
578    0.000777
579    0.000733
580    0.000726
581    0.000732
582    0.000739
583    0.000836
584    0.000726
585    0.00082
586    0.000753
587    0.000738
588    0.000739
589    0.000764
590    0.000739
591    0.000746
592    0.000724
593    0.000736
594    0.000738
595    0.000775
596    0.000743
597    0.000787
598    0.001344
599    0.001331
600    0.001278
601    0.000915
602    0.000978
603    0.000737
604    0.000729
605    0.000667
606    0.000698
607    0.000789
608    0.000715
609    0.000814
610    0.000755
611    0.000743
612    0.000731
613    0.000762
614    0.000721
615    0.000744
616    0.000751
617    0.000736
618    0.00072
619    0.000716
620    0.000714
621    0.000706
622    0.000699
623    0.000744
624    0.000823
625    0.000746
626    0.000808
627    0.000733
628    0.000751
629    0.000986
630    0.001315
631    0.000839
632    0.000732
633    0.000738
634    0.000719
635    0.000788
636    0.000725
637    0.000726
638    0.000731
639    0.000627
640    0.000738
641    0.000741
642    0.000745
643    0.00082
644    0.000808
645    0.000726
646    0.000794
647    0.00075
648    0.000796
649    0.000675
650    0.000869
651    0.000724
652    0.000726
653    0.000719
654    0.00072
655    0.000716
656    0.000719
657    0.000743
658    0.000746
659    0.001286
660    0.000777
661    0.001324
662    0.000765
663    0.000728
664    0.00073
665    0.00076
666    0.000749
667    0.000849
668    0.001053
669    0.001295
670    0.000717
671    0.000692
672    0.000908
673    0.000725
674    0.000725
675    0.00073
676    0.000745
677    0.00089
678    0.000745
679    0.00072
680    0.000725
681    0.000725
682    0.000644
683    0.000749
684    0.000766
685    0.000764
686    0.001341
687    0.000757
688    0.000778
689    0.00084
690    0.000946
691    0.000766
692    0.000764
693    0.000731
694    0.000754
695    0.000685
696    0.000698
697    0.000865
698    0.000834
699    0.000646
700    0.00064
701    0.001076
702    0.000723
703    0.000636
704    0.001123
705    0.001108
706    0.001074
707    0.001071
708    0.00068
709    0.000734
710    0.000728
711    0.001212
712    0.000784
713    0.000716
714    0.000724
715    0.000754
716    0.000765
717    0.000817
718    0.000735
719    0.000816
720    0.001045
721    0.000837
722    0.000852
723    0.000843
724    0.001519
725    0.000875
726    0.000854
727    0.001018
728    0.000859
729    0.000858
730    0.000873
731    0.000842
732    0.000852
733    0.000858
734    0.000843
735    0.000862
736    0.000928
737    0.000915
738    0.001543
739    0.001398
740    0.001383
741    0.000858
742    0.000848
743    0.000903
744    0.00089
745    0.000857
746    0.001626
747    0.001636
748    0.001571
749    0.001066
750    0.001494
751    0.001445
752    0.001433
753    0.001434
754    0.001528
755    0.001465
756    0.001539
757    0.000852
758    0.00125
759    0.001077
760    0.001568
761    0.001551
762    0.001578
763    0.000897
764    0.001066
765    0.001084
766    0.001512
767    0.00148
768    0.000836
769    0.000987
770    0.000845
771    0.000809
772    0.001124
773    0.000847
774    0.001507
775    0.001428
776    0.000853
777    0.000849
778    0.000848
779    0.000878
780    0.000902
781    0.001561
782    0.000865
783    0.001218
784    0.000865
785    0.000842
786    0.000847
787    0.000849
788    0.000872
789    0.001256
790    0.00153
791    0.001543
792    0.001398
793    0.000853
794    0.001302
795    0.001438
796    0.001479
797    0.000844
798    0.000837
799    0.001422
800    0.00145
801    0.001465
802    0.000817
803    0.000843
804    0.000877
805    0.001501
806    0.000849
807    0.001229
808    0.001052
809    0.000848
810    0.000976
811    0.000819
812    0.000812
813    0.000825
814    0.000835
815    0.000826
816    0.000848
817    0.00097
818    0.000964
819    0.000903
820    0.000982
821    0.00095
822    0.000955
823    0.000851
824    0.000951
825    0.00096
826    0.000892
827    0.000838
828    0.00089
829    0.000874
830    0.00148
831    0.000839
832    0.001463
833    0.000842
834    0.001053
835    0.001534
836    0.001449
837    0.001427
838    0.000797
839    0.000816
840    0.000797
841    0.000813
842    0.000775
843    0.000802
844    0.000818
845    0.000733
846    0.000808
847    0.000852
848    0.000837
849    0.001501
850    0.001231
851    0.001496
852    0.000906
853    0.001181
854    0.000861
855    0.000859
856    0.000972
857    0.001209
858    0.001506
859    0.001442
860    0.000823
861    0.001191
862    0.000871
863    0.000863
864    0.001509
865    0.000845
866    0.001176
867    0.000749
868    0.000831
869    0.001497
870    0.00085
871    0.001301
872    0.00145
873    0.000858
874    0.001454
875    0.000863
876    0.001166
877    0.001325
878    0.001389
879    0.00146
880    0.001373
881    0.001147
882    0.001304
883    0.000822
884    0.001382
885    0.001438
886    0.000816
887    0.000829
888    0.001116
889    0.00125
890    0.000893
891    0.000856
892    0.001468
893    0.000885
894    0.000815
895    0.000901
896    0.000817
897    0.001503
898    0.001499
899    0.001497
900    0.000893
901    0.000907
902    0.000863
903    0.001478
904    0.001498
905    0.001514
906    0.001423
907    0.001454
908    0.001447
909    0.001267
910    0.000809
911    0.000743
912    0.000806
913    0.000818
914    0.000836
915    0.000852
916    0.001518
917    0.001503
918    0.000841
919    0.000853
920    0.001505
921    0.000929
922    0.000795
923    0.000815
924    0.000793
925    0.00151
926    0.000837
927    0.000851
928    0.000828
929    0.000851
930    0.000895
931    0.000856
932    0.000838
933    0.000778
934    0.000829
935    0.000803
936    0.000889
937    0.000813
938    0.0008
939    0.000818
940    0.000813
941    0.000829
942    0.00081
943    0.000814
944    0.000827
945    0.00092
946    0.001006
947    0.001099
948    0.00083
949    0.000963
950    0.001483
951    0.001444
952    0.001442
953    0.001441
954    0.000885
955    0.000745
956    0.000957
957    0.001078
958    0.001428
959    0.00144
960    0.001426
961    0.001444
962    0.001451
963    0.000852
964    0.000895
965    0.000946
966    0.000877
967    0.000867
968    0.000823
969    0.001292
970    0.000827
971    0.000843
972    0.000832
973    0.000866
974    0.00086
975    0.00112
976    0.000855
977    0.001329
978    0.001482
979    0.001504
980    0.00139
981    0.001467
982    0.000836
983    0.000843
984    0.000801
985    0.000809
986    0.000833
987    0.000893
988    0.000968
989    0.000861
990    0.001491
991    0.001518
992    0.001367
993    0.000803
994    0.000795
995    0.001186
996    0.000909
997    0.000943
998    0.001478
999    0.001367
1000    0.00082
1001    0.000821
1002    0.000853
1003    0.000944
1004    0.000851
1005    0.001257
1006    0.001379
1007    0.000872
1008    0.000833
1009    0.000866
1010    0.000892
1011    0.001494
1012    0.001489
1013    0.0015
1014    0.001432
1015    0.000928
1016    0.000845
1017    0.000825
1018    0.000807
1019    0.000848
1020    0.00084
1021    0.000761
1022    0.000839
1023    0.000845
1024    0.000857
1025    0.000864
1026    0.000836
1027    0.000882
1028    0.000877
1029    0.000916
1030    0.000837
1031    0.000853
1032    0.000838
1033    0.000881
1034    0.001297
1035    0.000858
1036    0.000878
1037    0.000886
1038    0.000828
1039    0.000874
1040    0.001478
1041    0.001513
1042    0.000959
1043    0.000874
1044    0.001456
1045    0.000816
1046    0.0008
1047    0.000809
1048    0.000853
1049    0.001538
1050    0.001354
1051    0.000829
1052    0.000823
1053    0.000957
1054    0.00138
1055    0.000864
1056    0.001089
1057    0.000916
1058    0.000839
1059    0.000856
1060    0.000848
1061    0.001061
1062    0.00085
1063    0.000848
1064    0.000871
1065    0.000762
1066    0.00086
1067    0.000842
1068    0.000854
1069    0.000863
1070    0.000829
1071    0.001294
1072    0.000861
1073    0.001044
1074    0.000856
1075    0.000862
1076    0.000888
1077    0.001082
1078    0.000853
1079    0.001498
1080    0.000878
1081    0.001439
1082    0.000806
1083    0.001452
1084    0.001308
1085    0.001008
1086    0.000831
1087    0.000793
1088    0.000884
1089    0.000888
1090    0.000884
1091    0.00139
1092    0.00085
1093    0.000851
1094    0.001031
1095    0.001437
1096    0.000986
1097    0.000853
1098    0.000853
1099    0.00088
1100    0.001507
1101    0.001424
1102    0.000798
1103    0.000904
1104    0.000942
1105    0.001051
1106    0.000847
1107    0.000873
1108    0.000835
1109    0.000748
1110    0.000828
1111    0.000848
1112    0.000856
1113    0.001529
1114    0.001351
1115    0.000862
1116    0.000855
1117    0.000871
1118    0.000947
1119    0.001027
1120    0.000847
1121    0.000864
1122    0.000902
1123    0.000918
1124    0.000853
1125    0.000872
1126    0.00084
1127    0.001516
1128    0.001411
1129    0.000861
1130    0.000922
1131    0.000754
1132    0.000854
1133    0.000858
1134    0.000843
1135    0.000867
1136    0.000828
1137    0.001254
1138    0.001173
1139    0.001475
1140    0.000839
1141    0.000858
1142    0.000834
1143    0.001193
1144    0.000807
1145    0.000818
1146    0.000811
1147    0.001227
1148    0.001419
1149    0.001557
1150    0.000876
1151    0.001462
1152    0.000841
1153    0.000755
1154    0.000835
1155    0.00149
1156    0.000837
1157    0.001504
1158    0.001424
1159    0.000824
1160    0.000816
1161    0.000814
1162    0.000811
1163    0.000819
1164    0.000809
1165    0.00083
1166    0.000856
1167    0.00089
1168    0.000842
1169    0.000848
1170    0.000853
1171    0.000852
1172    0.000836
1173    0.000864
1174    0.001469
1175    0.00081
1176    0.000908
1177    0.00085
1178    0.000841
1179    0.00154
1180    0.001378
1181    0.000846
1182    0.000853
1183    0.000862
1184    0.000839
1185    0.000961
1186    0.00091
1187    0.000888
1188    0.000842
1189    0.001493
1190    0.001539
1191    0.001563
1192    0.001403
1193    0.001478
1194    0.001472
1195    0.001394
1196    0.00141
1197    0.000729
1198    0.000853
1199    0.000852
1200    0.000866
1201    0.000956
1202    0.001227
1203    0.000871
1204    0.000906
1205    0.000861
1206    0.000879
1207    0.000838
1208    0.000822
1209    0.00084
1210    0.000834
1211    0.000839
1212    0.000935
1213    0.001038
1214    0.000825
1215    0.000837
1216    0.000863
1217    0.000981
1218    0.000828
1219    0.000752
1220    0.000823
1221    0.000841
1222    0.000827
1223    0.000947
1224    0.000831
1225    0.000875
1226    0.001354
1227    0.000839
1228    0.000833
1229    0.001504
1230    0.001361
1231    0.000932
1232    0.001076
1233    0.001359
1234    0.00086
1235    0.000851
1236    0.001481
1237    0.001429
1238    0.000804
1239    0.000819
1240    0.000862
1241    0.000757
1242    0.000851
1243    0.000851
1244    0.000876
1245    0.000857
1246    0.000856
1247    0.000891
1248    0.000853
1249    0.00089
1250    0.000894
1251    0.000934
1252    0.000917
1253    0.00152
1254    0.000838
1255    0.001524
1256    0.001451
1257    0.001441
1258    0.000817
1259    0.000836
1260    0.000804
1261    0.001301
1262    0.00119
1263    0.000778
1264    0.000853
1265    0.00081
1266    0.000833
1267    0.00093
1268    0.00081
1269    0.000813
1270    0.000819
1271    0.000842
1272    0.000872
1273    0.000882
1274    0.000851
1275    0.000848
1276    0.000922
1277    0.000875
1278    0.000836
1279    0.000849
1280    0.000836
1281    0.00082
1282    0.00098
1283    0.000911
1284    0.000932
1285    0.000748
1286    0.000935
1287    0.000868
1288    0.00096
1289    0.000847
1290    0.000979
1291    0.00095
1292    0.000854
1293    0.000931
1294    0.000863
1295    0.000847
1296    0.000955
1297    0.000851
1298    0.000948
1299    0.000862
1300    0.000837
1301    0.000873
1302    0.001067
1303    0.000912
1304    0.000914
1305    0.000851
1306    0.000837
1307    0.000892
1308    0.001146
1309    0.001349
1310    0.000842
1311    0.00089
1312    0.000889
1313    0.000855
1314    0.000858
1315    0.001385
1316    0.001436
1317    0.001438
1318    0.001427
1319    0.000815
1320    0.000804
1321    0.001503
1322    0.001472
1323    0.000815
1324    0.001442
1325    0.000851
1326    0.000931
1327    0.000819
1328    0.000807
1329    0.000778
1330    0.000858
1331    0.001298
1332    0.000841
1333    0.001515
1334    0.000855
1335    0.000851
1336    0.00084
1337    0.000869
1338    0.001097
1339    0.001245
1340    0.000872
1341    0.00089
1342    0.001046
1343    0.001418
1344    0.000874
1345    0.000952
1346    0.000852
1347    0.001147
1348    0.001021
1349    0.000852
1350    0.000838
1351    0.001084
1352    0.001391
1353    0.001395
1354    0.001428
1355    0.00146
1356    0.001296
1357    0.000972
1358    0.001537
1359    0.001305
1360    0.001233
1361    0.001165
1362    0.00145
1363    0.000811
1364    0.000798
1365    0.001033
1366    0.000798
1367    0.000843
1368    0.000796
1369    0.000851
1370    0.001487
1371    0.000812
1372    0.000814
1373    0.000729
1374    0.000944
1375    0.001509
1376    0.000821
1377    0.000867
1378    0.000865
1379    0.00086
1380    0.000842
1381    0.001438
1382    0.001312
1383    0.00082
1384    0.00089
1385    0.00085
1386    0.000862
1387    0.000855
1388    0.000859
1389    0.0011
1390    0.00084
1391    0.001136
1392    0.000847
1393    0.00089
1394    0.000835
1395    0.000799
1396    0.001571
1397    0.001524
1398    0.001492
1399    0.001379
1400    0.001468
1401    0.001458
1402    0.000798
1403    0.000812
1404    0.000815
1405    0.000855
1406    0.00146
1407    0.000858
1408    0.000851
1409    0.001059
1410    0.000891
1411    0.000867
1412    0.000844
1413    0.000883
1414    0.000839
1415    0.001544
1416    0.000868
1417    0.0013
1418    0.001474
1419    0.000839
1420    0.001157
1421    0.000845
1422    0.000995
1423    0.000863
1424    0.000919
1425    0.000936
1426    0.001494
1427    0.001519
1428    0.000835
1429    0.000883
1430    0.001457
1431    0.001505
1432    0.001451
1433    0.000833
1434    0.000801
1435    0.000943
1436    0.001479
1437    0.001498
1438    0.001437
1439    0.000719
1440    0.000806
1441    0.00115
1442    0.000802
1443    0.00122
1444    0.000806
1445    0.001434
1446    0.00144
1447    0.001495
1448    0.001473
1449    0.00146
1450    0.001431
1451    0.001508
1452    0.000993
1453    0.000851
1454    0.001477
1455    0.000854
1456    0.001492
1457    0.00082
1458    0.00083
1459    0.000826
1460    0.00081
1461    0.000721
1462    0.000814
1463    0.000875
1464    0.000858
1465    0.000892
1466    0.000898
1467    0.000872
1468    0.000841
1469    0.000843
1470    0.000835
1471    0.000857
1472    0.000835
1473    0.000842
1474    0.001296
1475    0.001504
1476    0.000828
1477    0.001515
1478    0.000841
1479    0.000891
1480    0.001541
1481    0.000851
1482    0.000865
1483    0.000722
1484    0.0008
1485    0.001436
1486    0.001386
1487    0.001247
1488    0.001459
1489    0.001443
1490    0.001143
1491    0.000823
1492    0.000952
1493    0.000814
1494    0.000841
1495    0.000846
1496    0.001529
1497    0.000867
1498    0.000814
1499    0.00093
1500    0.000816
1501    0.000816
1502    0.000826
1503    0.000818
1504    0.000804
1505    0.000824
1506    0.001508
1507    0.001492
1508    0.001429
1509    0.00082
1510    0.000817
1511    0.000866
1512    0.000839
1513    0.000843
1514    0.000809
1515    0.000915
1516    0.00142
1517    0.000911
1518    0.001489
1519    0.001486
1520    0.00082
1521    0.000832
1522    0.001096
1523    0.001524
1524    0.001502
1525    0.001444
1526    0.001089
1527    0.000749
1528    0.001125
1529    0.000906
1530    0.000821
1531    0.001359
1532    0.000902
1533    0.000879
1534    0.00096
1535    0.000892
1536    0.000852
1537    0.000841
1538    0.000833
1539    0.001102
1540    0.001495
1541    0.001729
1542    0.001844
1543    0.001782
1544    0.001688
1545    0.001217
1546    0.001014
1547    0.001589
1548    0.001499
1549    0.001467
1550    0.00119
1551    0.00126
1552    0.001628
1553    0.001704
1554    0.001297
1555    0.001766
1556    0.00167
1557    0.001659
1558    0.00096
1559    0.001575
1560    0.00156
1561    0.001026
1562    0.000849
1563    0.001181
1564    0.001645
1565    0.000979
1566    0.001563
1567    0.001587
1568    0.001654
1569    0.001765
1570    0.001016
1571    0.001159
1572    0.001687
1573    0.001222
1574    0.00163
1575    0.001585
1576    0.001509
1577    0.001313
1578    0.001464
1579    0.000998
1580    0.00144
1581    0.00125
1582    0.001028
1583    0.001704
1584    0.001733
1585    0.001296
1586    0.000978
1587    0.00106
1588    0.001582
1589    0.000978
1590    0.00091
1591    0.001108
1592    0.000875
1593    0.000879
1594    0.001422
1595    0.001099
1596    0.001353
1597    0.00116
1598    0.002015
1599    0.001797
1600    0.001763
1601    0.000919
1602    0.00093
1603    0.00096
1604    0.001536
1605    0.000958
1606    0.000922
1607    0.001037
1608    0.000937
1609    0.001523
1610    0.0012
1611    0.001059
1612    0.001179
1613    0.001829
1614    0.001701
1615    0.001135
1616    0.001573
1617    0.001708
1618    0.00142
1619    0.001143
1620    0.000903
1621    0.001397
1622    0.001689
1623    0.001654
1624    0.001711
1625    0.001111
1626    0.001683
1627    0.001126
1628    0.00161
1629    0.000915
1630    0.00099
1631    0.00163
1632    0.001777
1633    0.001695
1634    0.001671
1635    0.001664
1636    0.001671
1637    0.001374
1638    0.001149
1639    0.001148
1640    0.00105
1641    0.001673
1642    0.001642
1643    0.00128
1644    0.00161
1645    0.001216
1646    0.001666
1647    0.001647
1648    0.00168
1649    0.001053
1650    0.001436
1651    0.001695
1652    0.001496
1653    0.001712
1654    0.000967
1655    0.001714
1656    0.001628
1657    0.00159
1658    0.001549
1659    0.001238
1660    0.001265
1661    0.001496
1662    0.001629
1663    0.001617
1664    0.001577
1665    0.001842
1666    0.001285
1667    0.001666
1668    0.001506
1669    0.001734
1670    0.001264
1671    0.001471
1672    0.001598
1673    0.001636
1674    0.001623
1675    0.001005
1676    0.000939
1677    0.0011
1678    0.00117
1679    0.001729
1680    0.001691
1681    0.001503
1682    0.001769
1683    0.001701
1684    0.001726
1685    0.001716
1686    0.000973
1687    0.001301
1688    0.000961
1689    0.001349
1690    0.001509
1691    0.001663
1692    0.001663
1693    0.001042
1694    0.001454
1695    0.001406
1696    0.000994
1697    0.001397
1698    0.000945
1699    0.001238
1700    0.000946
1701    0.001738
1702    0.000937
1703    0.001405
1704    0.001192
1705    0.00136
1706    0.001598
1707    0.001418
1708    0.001529
1709    0.000862
1710    0.001517
1711    0.000921
1712    0.001474
1713    0.00137
1714    0.000837
1715    0.000851
1716    0.00119
1717    0.000963
1718    0.001424
1719    0.000895
1720    0.000883
1721    0.001575
1722    0.001614
1723    0.00151
1724    0.001386
1725    0.001286
1726    0.001407
1727    0.001472
1728    0.000969
1729    0.00148
1730    0.001482
1731    0.000877
1732    0.000831
1733    0.001517
1734    0.001572
1735    0.001505
1736    0.001498
1737    0.000848
1738    0.001492
1739    0.001516
1740    0.001506
1741    0.001504
1742    0.000894
1743    0.001521
1744    0.001404
1745    0.001514
1746    0.001515
1747    0.000937
1748    0.000823
1749    0.001521
1750    0.001494
1751    0.000959
1752    0.001102
1753    0.001571
1754    0.000861
1755    0.001076
1756    0.000852
1757    0.000817
1758    0.000831
1759    0.000822
1760    0.001035
1761    0.001081
1762    0.000799
1763    0.000803
1764    0.000842
1765    0.00091
1766    0.000877
1767    0.001406
1768    0.000786
1769    0.000689
1770    0.000773
1771    0.000963
1772    0.000834
1773    0.000789
1774    0.000824
1775    0.001447
1776    0.001429
1777    0.001405
1778    0.000803
1779    0.000782
1780    0.000783
1781    0.00082
1782    0.000827
1783    0.00079
1784    0.000802
1785    0.000786
1786    0.000779
1787    0.000822
1788    0.000791
1789    0.000865
1790    0.00138
1791    0.000972
1792    0.000806
1793    0.00134
1794    0.000738
1795    0.00077
1796    0.000981
1797    0.001438
1798    0.001021
1799    0.00085
1800    0.001253
1801    0.000958
1802    0.000871
1803    0.000787
1804    0.000787
1805    0.000811
1806    0.000847
1807    0.00088
1808    0.000773
1809    0.001349
1810    0.001013
1811    0.001411
1812    0.001432
1813    0.001187
1814    0.000762
1815    0.000798
1816    0.001378
1817    0.000822
1818    0.00077
1819    0.000962
1820    0.000791
1821    0.000791
1822    0.000849
1823    0.000789
1824    0.000791
1825    0.000781
1826    0.000893
1827    0.001007
1828    0.000818
1829    0.000859
1830    0.000994
1831    0.000784
1832    0.000995
1833    0.001098
1834    0.001413
1835    0.001205
1836    0.000808
1837    0.000871
1838    0.000979
1839    0.000818
1840    0.000786
1841    0.001457
1842    0.000909
1843    0.000849
1844    0.001014
1845    0.001451
1846    0.001249
1847    0.00089
1848    0.000809
1849    0.000814
1850    0.001176
1851    0.001407
1852    0.000769
1853    0.000778
1854    0.000768
1855    0.000781
1856    0.000821
1857    0.000733
1858    0.000816
1859    0.000903
1860    0.000841
1861    0.001063
1862    0.001381
1863    0.001405
1864    0.001412
1865    0.000827
1866    0.000994
1867    0.000794
1868    0.000795
1869    0.000837
1870    0.001343
1871    0.00081
1872    0.001493
1873    0.000896
1874    0.00127
1875    0.0011
1876    0.000843
1877    0.001058
1878    0.000924
1879    0.001314
1880    0.001187
1881    0.001169
1882    0.000885
1883    0.001024
1884    0.001557
1885    0.001478
1886    0.001188
1887    0.001305
1888    0.001125
1889    0.001147
1890    0.001295
1891    0.001412
1892    0.000996
1893    0.001026
1894    0.000919
1895    0.001019
1896    0.000883
1897    0.00093
1898    0.001588
1899    0.001409
1900    0.001606
1901    0.000905
1902    0.000878
1903    0.001666
1904    0.001522
1905    0.001627
1906    0.001617
1907    0.001634
1908    0.001212
1909    0.000931
1910    0.00161
1911    0.001535
1912    0.001536
1913    0.001569
1914    0.001039
1915    0.0012
1916    0.001127
1917    0.001022
1918    0.000949
1919    0.001566
1920    0.000973
1921    0.001575
1922    0.001574
1923    0.001116
1924    0.001583
1925    0.00096
1926    0.000905
1927    0.0009
1928    0.000905
1929    0.001181
1930    0.00147
1931    0.001317
1932    0.001583
1933    0.000905
1934    0.001587
1935    0.001523
1936    0.000882
1937    0.000931
1938    0.001023
1939    0.001642
1940    0.00102
1941    0.001092
1942    0.000838
1943    0.000921
1944    0.001461
1945    0.0007
1946    0.000816
1947    0.000829
1948    0.000882
1949    0.000835
1950    0.000803
1951    0.000786
1952    0.000971
1953    0.000796
1954    0.00138
1955    0.000911
1956    0.000924
1957    0.000789
1958    0.000832
1959    0.000831
1960    0.000797
1961    0.001384
1962    0.001407
1963    0.000824
1964    0.000794
1965    0.000794
1966    0.000751
1967    0.000873
1968    0.000787
1969    0.00094
1970    0.000833
1971    0.000947
1972    0.001286
1973    0.001298
1974    0.000896
1975    0.000816
1976    0.000871
1977    0.000779
1978    0.001444
1979    0.000793
1980    0.001453
1981    0.000786
1982    0.000844
1983    0.001253
1984    0.001027
1985    0.000946
1986    0.000897
1987    0.000772
1988    0.000817
1989    0.000807
1990    0.001466
1991    0.001442
1992    0.001391
1993    0.001364
1994    0.000755
1995    0.000794
1996    0.001278
1997    0.001375
1998    0.001364
1999    0.000799
2000    0.000769
