1    0.000336
2    0.005215
3    2.9e-05
4    0.000234
5    7e-05
6    4.4e-05
7    0.001755
8    5.1e-05
9    3.2e-05
10    0.001531
11    6.1e-05
12    0
13    5.7e-05
14    0
15    5.7e-05
16    0
17    0.000538
18    0.001839
19    3.1e-05
20    3.1e-05
21    3.1e-05
22    2.9e-05
23    0
24    0
25    0
26    0
27    0
28    3e-05
29    0.00055
30    3.2e-05
31    0
32    0
33    0
34    0
35    3.3e-05
36    0
37    0
38    0
39    0
40    0
41    0
42    0
43    0
44    4.6e-05
45    0
46    0
47    0
48    0
49    0
50    0
51    0
52    0
53    0
54    0
55    0
56    0
57    0
58    0
59    0
60    0
61    0
62    0
63    0
64    0
65    0
66    3.3e-05
67    0
68    0
69    0
70    0
71    0
72    0
73    0
74    0
75    0
76    0
77    0
78    0
79    0
80    0
81    0
82    0
83    0
84    0
85    0
86    3.2e-05
87    0
88    0
89    0
90    0
91    0
92    0
93    0
94    0
95    0
96    0
97    0
98    0
99    0
100    0
101    0
102    0
103    0
104    3.4e-05
105    0
106    0
107    0
108    0
109    0
110    0
111    0
112    0
113    0
114    0
115    0
116    0
117    0
118    0
119    0
120    3.2e-05
121    0
122    0
123    0
124    0
125    0
126    0
127    0
128    0
129    0
130    0
131    0.000396
132    3.3e-05
133    0
134    0
135    0
136    0
137    0
138    0
139    0
140    0
141    0
142    0
143    0
144    0
145    0
146    0
147    0
148    5.2e-05
149    0
150    0
151    0
152    0
153    0
154    0
155    0
156    0
157    0
158    0
159    0
160    0
161    0
162    6.3e-05
163    0
164    0
165    0
166    0
167    0
168    0
169    0
170    0
171    0
172    0
173    0
174    0
175    0
176    4.4e-05
177    0
178    0
179    0
180    0
181    0
182    0
183    0
184    0
185    0
186    0
187    0
188    0
189    0
190    4.4e-05
191    0
192    0
193    0
194    0
195    0
196    0
197    0
198    0
199    0
200    0
201    0
202    4e-05
203    0
204    0
205    0
206    0
207    0
208    0
209    0
210    0
211    0
212    0
213    0
214    4.4e-05
215    0
216    0
217    0
218    0
219    0
220    0
221    0
222    0
223    0
224    0
225    0
226    4.5e-05
227    0
228    0
229    0
230    0
231    0
232    0
233    0.000512
234    6e-05
235    0
236    0
237    0
238    0
239    0
240    0
241    0
242    0
243    0
244    5.8e-05
245    0
246    0
247    0
248    0
249    0
250    0
251    0
252    0
253    0
254    6.2e-05
255    0
256    0
257    0
258    0
259    0
260    0
261    0
262    0
263    0
264    6.3e-05
265    0
266    0
267    0
268    0
269    0
270    0
271    0
272    0
273    0
274    4.1e-05
275    0
276    0
277    0
278    0
279    0
280    0
281    0
282    0
283    0
284    4.4e-05
285    0
286    0
287    0
288    0
289    0
290    0
291    0
292    0
293    0
294    4.4e-05
295    0
296    0
297    0
298    0
299    0
300    0
301    0
302    0
303    6.3e-05
304    0
305    0
306    0
307    0
308    0
309    0
310    4.2e-05
311    0
312    0
313    0
314    0
315    0
316    0
317    0
318    4.2e-05
319    0
320    0
321    0
322    0
323    0
324    0
325    0
326    4.4e-05
327    0.000482
328    4.4e-05
329    0
330    0
331    0
332    0
333    0
334    0
335    0
336    4.4e-05
337    0
338    0
339    0
340    0
341    0
342    0
343    0
344    4.3e-05
345    0
346    0
347    0
348    0
349    0
350    0
351    0
352    4.4e-05
353    0
354    0
355    0
356    0
357    0
358    0
359    0
360    4.4e-05
361    0
362    0
363    0
364    0
365    0
366    0
367    0
368    4.2e-05
369    0
370    0
371    0
372    0
373    0
374    0
375    0
376    4.6e-05
377    0
378    0
379    0
380    0
381    0
382    4.4e-05
383    0
384    0
385    0
386    0
387    0
388    4.2e-05
389    0
390    0
391    0
392    0
393    0
394    4e-05
395    0
396    0
397    0
398    0
399    0
400    4.4e-05
401    0.000714
402    6.3e-05
403    0
404    0
405    0
406    0
407    0
408    6.5e-05
409    0
410    0
411    0
412    0
413    0
414    6.3e-05
415    0
416    0
417    0
418    0
419    0
420    6.1e-05
421    0
422    0
423    0
424    0
425    0
426    4.3e-05
427    0
428    0
429    0
430    0
431    0
432    4.5e-05
433    0
434    0
435    0
436    0
437    0
438    5.6e-05
439    0
440    0
441    0
442    0
443    0
444    7.6e-05
445    0
446    0
447    0
448    0
449    0
450    4.3e-05
451    0
452    0
453    0
454    0
455    0
456    4.3e-05
457    0
458    0
459    0
460    0
461    4.2e-05
462    0.000574
463    4.5e-05
464    0
465    0
466    4.5e-05
467    0
468    0
469    0
470    6.3e-05
471    0
472    0
473    0
474    5.5e-05
475    0
476    0
477    0
478    4.2e-05
479    0
480    0
481    0
482    6e-05
483    0
484    0
485    0
486    4e-05
487    0
488    0
489    0
490    4.2e-05
491    0
492    0
493    0
494    4.3e-05
495    0
496    0
497    0
498    4.2e-05
499    0
500    0
501    0
502    4.4e-05
503    0.000513
504    4.4e-05
505    0
506    0
507    0
508    0
509    0
510    4.2e-05
511    0
512    0
513    0
514    0
515    0
516    4.6e-05
517    0
518    0
519    0
520    0
521    0
522    5.1e-05
523    0
524    0
525    0
526    0
527    0
528    4.4e-05
529    0
530    0
531    0
532    0
533    0
534    4.5e-05
535    0
536    0
537    0
538    0
539    0
540    6.6e-05
541    0
542    0
543    0
544    0
545    0
546    4.7e-05
547    0
548    0
549    0
550    0
551    0
552    4.3e-05
553    0
554    0
555    0
556    0
557    0
558    4.7e-05
559    0
560    0
561    0
562    4.3e-05
563    0.000511
564    4.5e-05
565    0
566    0
567    0
568    4e-05
569    0
570    0
571    0
572    4.1e-05
573    0
574    0
575    0
576    4.8e-05
577    0
578    0
579    0
580    4.8e-05
581    0
582    0
583    0
584    4.3e-05
585    0
586    0
587    0
588    4.5e-05
589    0
590    0
591    0
592    4.5e-05
593    0
594    0
595    0
596    4.4e-05
597    0
598    0
599    0
600    6.3e-05
601    0
602    0
603    0
604    4.3e-05
605    0.000504
606    4.3e-05
607    0
608    0
609    0
610    5.5e-05
611    0
612    0
613    0
614    4.3e-05
615    0
616    0
617    0
618    4.2e-05
619    0
620    0
621    0
622    4.2e-05
623    0
624    0
625    0
626    4.3e-05
627    0
628    0
629    0
630    6.2e-05
631    0
632    0
633    0
634    4.4e-05
635    0
636    4.1e-05
637    4.2e-05
638    4.3e-05
639    0.000532
640    8.6e-05
641    4.8e-05
642    4.3e-05
643    4.3e-05
644    4.1e-05
645    4.1e-05
646    5.7e-05
647    4.2e-05
648    5.8e-05
649    0.000559
650    0.000115
651    4.1e-05
652    4.3e-05
653    4.2e-05
654    4.6e-05
655    4.2e-05
656    4.4e-05
657    4.4e-05
658    4.4e-05
659    6.1e-05
660    0.00057
661    0.00013
662    4.2e-05
663    4.2e-05
664    4.5e-05
665    4.4e-05
666    4.3e-05
667    4.3e-05
668    5.7e-05
669    6.1e-05
670    5e-05
671    0.000564
672    8e-05
673    4.2e-05
674    4.4e-05
675    4.2e-05
676    4.4e-05
677    4.2e-05
678    4.2e-05
679    4.2e-05
680    4.2e-05
681    4.6e-05
682    0.000517
683    8.5e-05
684    4.5e-05
685    4.6e-05
686    6.5e-05
687    4.7e-05
688    4.5e-05
689    4.3e-05
690    4.6e-05
691    4.2e-05
692    4.1e-05
693    0.000502
694    0.000448
695    0.00051
696    0.000547
697    0.000517
698    0.000657
699    0.000453
700    0.00049
701    0.000636
702    0.000481
703    0.000452
704    0.000671
705    0.000682
706    0.000695
707    0.000658
708    0.000553
709    0.000494
710    0.000575
711    0.000744
712    0.000542
713    0.000543
714    0.000568
715    0.000526
716    0.000574
717    0.000555
718    0.000596
719    9e-05
720    0
721    0
722    0
723    0
724    0
725    0
726    0
727    0
728    0
729    0
730    0
731    0
732    0
733    0
734    0
735    0
736    0
737    0
738    0
739    0
740    0
741    0
742    0
743    0
744    0
745    0
746    0
747    0
748    0
749    0
750    0
751    0
752    0
753    0
754    0
755    0
756    0
757    0
758    0
759    0
760    0
761    0
762    0
763    0
764    0
765    0
766    0
767    0
768    0
769    0
770    0
771    0
772    0
773    0
774    0
775    0
776    0
777    0
778    0
779    0
780    0
781    0
782    0
783    0
784    0
785    0
786    0
787    0
788    0
789    0
790    0
791    0
792    0
793    0
794    0
795    0
796    0
797    0
798    0
799    0
800    0
801    0
802    0
803    0
804    0
805    0
806    0
807    0
808    0
809    0
810    0
811    0
812    0
813    0
814    0
815    0
816    0
817    0
818    0
819    0
820    0.000562
821    4.9e-05
822    0
823    0
824    4.7e-05
825    0
826    0
827    4.9e-05
828    0
829    5e-05
830    0
831    0
832    7.1e-05
833    0
834    6.2e-05
835    0
836    7e-05
837    0
838    4.7e-05
839    0
840    4.6e-05
841    0
842    4.5e-05
843    0
844    4.7e-05
845    0.000548
846    7.2e-05
847    0
848    5.1e-05
849    0
850    5.2e-05
851    0
852    5e-05
853    0
854    4.9e-05
855    0
856    7.4e-05
857    0
858    7.2e-05
859    0
860    4.9e-05
861    0
862    4.8e-05
863    0
864    7.8e-05
865    0
866    4.8e-05
867    0.000565
868    4.9e-05
869    0
870    4.9e-05
871    0
872    6.9e-05
873    0
874    6.2e-05
875    0
876    5.8e-05
877    0
878    6.9e-05
879    0
880    6.5e-05
881    0
882    6.2e-05
883    0
884    6.1e-05
885    0
886    4.7e-05
887    0
888    5e-05
889    0.000819
890    4.7e-05
891    0
892    7.4e-05
893    0
894    5.1e-05
895    0
896    5e-05
897    0
898    7.3e-05
899    0
900    4.8e-05
901    0
902    4.9e-05
903    0
904    7e-05
905    0
906    7.2e-05
907    0
908    6.8e-05
909    0
910    5e-05
911    0.000577
912    4.9e-05
913    0
914    4.8e-05
915    0
916    7.2e-05
917    0
918    5e-05
919    0
920    6.9e-05
921    0
922    4.6e-05
923    0
924    4.5e-05
925    0
926    4.8e-05
927    0
928    4.8e-05
929    0
930    4.8e-05
931    0
932    5.3e-05
933    0.000549
934    4.8e-05
935    0
936    4.5e-05
937    0
938    4.8e-05
939    0
940    4.8e-05
941    0
942    4.8e-05
943    0
944    7.5e-05
945    0
946    4.7e-05
947    0
948    5e-05
949    0
950    7.6e-05
951    0
952    6.9e-05
953    0
954    7.4e-05
955    0.000619
956    4.6e-05
957    0
958    7e-05
959    0
960    6.7e-05
961    0
962    6.9e-05
963    0
964    4.9e-05
965    0
966    4.7e-05
967    0
968    4.9e-05
969    0
970    4.7e-05
971    0
972    4.7e-05
973    0
974    6.5e-05
975    0
976    4.9e-05
977    0.000884
978    7.3e-05
979    0
980    7e-05
981    0
982    4.8e-05
983    0
984    4.6e-05
985    0
986    4.8e-05
987    0
988    5e-05
989    0
990    7.1e-05
991    0
992    5.8e-05
993    0
994    4.8e-05
995    0
996    5.8e-05
997    0
998    7e-05
999    0.000846
1000    4.6e-05
1001    0
1002    7e-05
1003    0
1004    4.7e-05
1005    0
1006    6.8e-05
1007    0
1008    5e-05
1009    0
1010    7.1e-05
1011    0
1012    7e-05
1013    0
1014    6.6e-05
1015    0
1016    4.9e-05
1017    0
1018    5e-05
1019    0
1020    4.8e-05
1021    0.000614
1022    4.9e-05
1023    0
1024    4.8e-05
1025    0
1026    5.1e-05
1027    0
1028    4.9e-05
1029    0
1030    5e-05
1031    0
1032    5e-05
1033    0
1034    5.1e-05
1035    0
1036    5.2e-05
1037    0
1038    5e-05
1039    0
1040    7.2e-05
1041    0
1042    5.1e-05
1043    0.000599
1044    7e-05
1045    0
1046    4.7e-05
1047    0
1048    5e-05
1049    0
1050    6.6e-05
1051    0
1052    4.5e-05
1053    0
1054    6.8e-05
1055    0
1056    6.6e-05
1057    0
1058    4.7e-05
1059    0
1060    5e-05
1061    0
1062    5.1e-05
1063    0
1064    4.8e-05
1065    0.000593
1066    7.6e-05
1067    0
1068    5e-05
1069    0
1070    4.9e-05
1071    0
1072    5e-05
1073    0
1074    4.8e-05
1075    0
1076    7.1e-05
1077    0
1078    4.8e-05
1079    0
1080    4.7e-05
1081    0
1082    4.6e-05
1083    0
1084    5.2e-05
1085    0
1086    4.7e-05
1087    0.000592
1088    5.2e-05
1089    0
1090    4.8e-05
1091    0
1092    7.3e-05
1093    0
1094    4.7e-05
1095    0
1096    4.8e-05
1097    0
1098    4.9e-05
1099    0
1100    7.1e-05
1101    0
1102    4.7e-05
1103    0
1104    4.6e-05
1105    0
1106    5e-05
1107    0
1108    6.5e-05
1109    0.00058
1110    4.8e-05
1111    0
1112    4.6e-05
1113    0
1114    7.5e-05
1115    0
1116    5e-05
1117    0
1118    4.9e-05
1119    0
1120    4.7e-05
1121    0
1122    4.8e-05
1123    0
1124    4.7e-05
1125    0
1126    4.7e-05
1127    0
1128    7e-05
1129    0
1130    4.7e-05
1131    0.000598
1132    5.7e-05
1133    0
1134    4.9e-05
1135    0
1136    4.9e-05
1137    0
1138    5.9e-05
1139    0
1140    5e-05
1141    0
1142    4.8e-05
1143    0
1144    5.5e-05
1145    0
1146    4.5e-05
1147    0
1148    6.8e-05
1149    0
1150    5e-05
1151    0
1152    4.8e-05
1153    0.000567
1154    4.9e-05
1155    0
1156    4.8e-05
1157    0
1158    7e-05
1159    0
1160    4.8e-05
1161    0
1162    4.9e-05
1163    0
1164    4.8e-05
1165    0
1166    5.4e-05
1167    0
1168    5e-05
1169    0
1170    4.8e-05
1171    0
1172    4.8e-05
1173    0
1174    7.2e-05
1175    0.000556
1176    4.7e-05
1177    0
1178    4.8e-05
1179    0
1180    6.9e-05
1181    0
1182    4.8e-05
1183    0
1184    5e-05
1185    0
1186    4.7e-05
1187    0
1188    5.3e-05
1189    0
1190    7.2e-05
1191    0
1192    6.6e-05
1193    0
1194    7.2e-05
1195    0
1196    6.9e-05
1197    0.000581
1198    8e-05
1199    0
1200    4.9e-05
1201    0
1202    5.1e-05
1203    0
1204    5.6e-05
1205    0
1206    5.1e-05
1207    0
1208    4.8e-05
1209    0
1210    4.6e-05
1211    0
1212    4.9e-05
1213    0
1214    4.7e-05
1215    0
1216    4.9e-05
1217    0
1218    5e-05
1219    0.000569
1220    4.8e-05
1221    0
1222    4.7e-05
1223    0
1224    4.9e-05
1225    0
1226    5e-05
1227    0
1228    4.7e-05
1229    0
1230    6.4e-05
1231    0
1232    4.7e-05
1233    0
1234    4.8e-05
1235    0
1236    7.2e-05
1237    0
1238    4.8e-05
1239    0
1240    5.1e-05
1241    0.00057
1242    4.9e-05
1243    0
1244    4.9e-05
1245    0
1246    4.7e-05
1247    0
1248    4.9e-05
1249    0
1250    5.1e-05
1251    0
1252    4.8e-05
1253    0
1254    4.8e-05
1255    0
1256    7.4e-05
1257    0
1258    4.8e-05
1259    0
1260    4.7e-05
1261    0
1262    6.3e-05
1263    0.000542
1264    4.5e-05
1265    0
1266    4.8e-05
1267    0
1268    5.2e-05
1269    0
1270    4.7e-05
1271    0
1272    5.1e-05
1273    0
1274    4.9e-05
1275    0
1276    4.7e-05
1277    0
1278    4.9e-05
1279    0
1280    4.9e-05
1281    0
1282    4.6e-05
1283    0
1284    5e-05
1285    0.000585
1286    4.7e-05
1287    0
1288    4.8e-05
1289    0
1290    4.7e-05
1291    0
1292    5e-05
1293    0
1294    4.9e-05
1295    0
1296    4.8e-05
1297    0
1298    4.8e-05
1299    0
1300    4.9e-05
1301    0
1302    5e-05
1303    0
1304    4.8e-05
1305    0
1306    4.9e-05
1307    0.000663
1308    4.7e-05
1309    0
1310    4.9e-05
1311    0
1312    5.3e-05
1313    0
1314    5e-05
1315    0
1316    6.7e-05
1317    0
1318    6.7e-05
1319    0
1320    4.6e-05
1321    0
1322    6.9e-05
1323    0
1324    6.8e-05
1325    0
1326    7.1e-05
1327    0
1328    4.6e-05
1329    0.000605
1330    4.9e-05
1331    0
1332    5.1e-05
1333    0
1334    4.7e-05
1335    0
1336    4.7e-05
1337    0
1338    4.9e-05
1339    0
1340    4.9e-05
1341    0
1342    7.1e-05
1343    0
1344    4.9e-05
1345    0
1346    4.8e-05
1347    0
1348    6e-05
1349    0
1350    4.9e-05
1351    0.000699
1352    7.4e-05
1353    0
1354    6.7e-05
1355    0
1356    6.7e-05
1357    0
1358    7.5e-05
1359    0
1360    6.3e-05
1361    0
1362    6.8e-05
1363    0
1364    4.8e-05
1365    0
1366    4.6e-05
1367    0
1368    4.6e-05
1369    0
1370    7.1e-05
1371    0
1372    4.9e-05
1373    0.000556
1374    4.8e-05
1375    0
1376    4.8e-05
1377    0
1378    7.1e-05
1379    0
1380    5.4e-05
1381    0
1382    6.8e-05
1383    0
1384    4.8e-05
1385    0
1386    5e-05
1387    0
1388    6.6e-05
1389    0
1390    4.8e-05
1391    0
1392    5e-05
1393    0
1394    4.9e-05
1395    0.000651
1396    7.2e-05
1397    0
1398    7.3e-05
1399    0
1400    7.3e-05
1401    0
1402    4.7e-05
1403    0
1404    4.7e-05
1405    0
1406    7e-05
1407    0
1408    5.1e-05
1409    0
1410    4.9e-05
1411    0
1412    4.9e-05
1413    0
1414    4.7e-05
1415    0
1416    4.8e-05
1417    0.000859
1418    7e-05
1419    0
1420    4.8e-05
1421    0
1422    8e-05
1423    0
1424    4.9e-05
1425    0
1426    7e-05
1427    0
1428    4.6e-05
1429    0
1430    7e-05
1431    0
1432    6.9e-05
1433    0
1434    4.7e-05
1435    0
1436    7e-05
1437    0
1438    6.9e-05
1439    0.000511
1440    4.6e-05
1441    0
1442    5.2e-05
1443    0
1444    4.8e-05
1445    0
1446    6.8e-05
1447    0
1448    7e-05
1449    0
1450    6.8e-05
1451    0
1452    7.1e-05
1453    0
1454    6.8e-05
1455    0
1456    6.9e-05
1457    0
1458    4.9e-05
1459    0
1460    4.6e-05
1461    0.000538
1462    5.2e-05
1463    0
1464    4.9e-05
1465    0
1466    4.9e-05
1467    0
1468    4.9e-05
1469    0
1470    4.9e-05
1471    0
1472    4.9e-05
1473    0
1474    5.3e-05
1475    0
1476    4.9e-05
1477    0
1478    4.8e-05
1479    0
1480    7.2e-05
1481    0
1482    4.7e-05
1483    0.000535
1484    4.6e-05
1485    0
1486    6.5e-05
1487    0
1488    7e-05
1489    0
1490    7.1e-05
1491    0
1492    4.7e-05
1493    0
1494    4.8e-05
1495    0
1496    7.7e-05
1497    0
1498    4.7e-05
1499    0
1500    4.9e-05
1501    0
1502    4.9e-05
1503    0
1504    4.9e-05
1505    0.000578
1506    7.2e-05
1507    0
1508    7.4e-05
1509    0
1510    4.9e-05
1511    0
1512    4.8e-05
1513    0
1514    4.7e-05
1515    0
1516    7.1e-05
1517    0
1518    7.1e-05
1519    0
1520    4.5e-05
1521    0
1522    6.5e-05
1523    0
1524    7.1e-05
1525    0
1526    4.8e-05
1527    0.001025
1528    6.9e-05
1529    0
1530    4.6e-05
1531    0
1532    4.7e-05
1533    0
1534    4.7e-05
1535    0
1536    4.6e-05
1537    0
1538    4.7e-05
1539    0
1540    5.4e-05
1541    0
1542    8.3e-05
1543    0
1544    7.9e-05
1545    0
1546    6.1e-05
1547    0
1548    6.7e-05
1549    0.001062
1550    7.7e-05
1551    0
1552    0.000107
1553    0
1554    5.7e-05
1555    0
1556    8.4e-05
1557    0
1558    7.3e-05
1559    0
1560    7.5e-05
1561    0
1562    4.9e-05
1563    0
1564    7.8e-05
1565    0
1566    7.9e-05
1567    0
1568    7.7e-05
1569    0
1570    5.5e-05
1571    0.000918
1572    7.7e-05
1573    0
1574    8e-05
1575    0
1576    8.4e-05
1577    0
1578    7.3e-05
1579    0
1580    7.7e-05
1581    0
1582    7.7e-05
1583    0
1584    8.7e-05
1585    0
1586    8.1e-05
1587    0
1588    7.5e-05
1589    0
1590    5.4e-05
1591    0
1592    6.5e-05
1593    0.000613
1594    7.3e-05
1595    0
1596    7.7e-05
1597    0
1598    8e-05
1599    0
1600    8.8e-05
1601    0
1602    5.6e-05
1603    0
1604    7.7e-05
1605    0
1606    7.6e-05
1607    0
1608    5.9e-05
1609    0
1610    8.8e-05
1611    0
1612    5.5e-05
1613    0
1614    8.5e-05
1615    0.00088
1616    6.7e-05
1617    0
1618    8e-05
1619    0
1620    5.3e-05
1621    0
1622    7.8e-05
1623    0
1624    8.5e-05
1625    0
1626    8.4e-05
1627    0
1628    8.4e-05
1629    0
1630    7.9e-05
1631    0
1632    8.7e-05
1633    0
1634    8.5e-05
1635    0
1636    7.8e-05
1637    0.000991
1638    5.2e-05
1639    0
1640    5.6e-05
1641    0
1642    7.5e-05
1643    0
1644    8e-05
1645    0
1646    8e-05
1647    0
1648    8.5e-05
1649    0
1650    5.5e-05
1651    0
1652    8.3e-05
1653    0
1654    5.4e-05
1655    0
1656    8e-05
1657    0
1658    9.6e-05
1659    0.000929
1660    5.6e-05
1661    0
1662    8.3e-05
1663    0
1664    6.4e-05
1665    0
1666    7.4e-05
1667    0
1668    7.1e-05
1669    0
1670    8.5e-05
1671    0
1672    7.5e-05
1673    0
1674    8.4e-05
1675    0
1676    5.4e-05
1677    0
1678    7.6e-05
1679    0
1680    8.2e-05
1681    0.001106
1682    8.2e-05
1683    0
1684    8.2e-05
1685    0
1686    5.8e-05
1687    0
1688    5.5e-05
1689    0
1690    6e-05
1691    0
1692    7.9e-05
1693    0
1694    9.8e-05
1695    0
1696    6.3e-05
1697    0
1698    5.4e-05
1699    0
1700    6.2e-05
1701    0
1702    5.4e-05
1703    0.001018
1704    7.4e-05
1705    0
1706    0.0001
1707    0
1708    7.4e-05
1709    0
1710    7.4e-05
1711    0
1712    7.1e-05
1713    0
1714    4.8e-05
1715    0
1716    7.2e-05
1717    0
1718    6.8e-05
1719    0
1720    6.3e-05
1721    0
1722    7.1e-05
1723    0
1724    7.6e-05
1725    0.000906
1726    6.9e-05
1727    0
1728    5.4e-05
1729    0
1730    6.1e-05
1731    0
1732    4.9e-05
1733    0
1734    8.1e-05
1735    0
1736    7.3e-05
1737    0
1738    7.5e-05
1739    0
1740    7.1e-05
1741    0
1742    5.8e-05
1743    0
1744    5.8e-05
1745    0
1746    7.6e-05
1747    0.000683
1748    4.9e-05
1749    0
1750    7.1e-05
1751    0
1752    7.2e-05
1753    0
1754    4.8e-05
1755    0
1756    4.8e-05
1757    0
1758    4.8e-05
1759    0
1760    4.7e-05
1761    0
1762    4.7e-05
1763    0
1764    4.7e-05
1765    0
1766    4.6e-05
1767    0
1768    4.7e-05
1769    0.000806
1770    4.4e-05
1771    0
1772    4.6e-05
1773    0
1774    4.8e-05
1775    0
1776    6.8e-05
1777    0
1778    4.8e-05
1779    0
1780    4.6e-05
1781    0
1782    4.8e-05
1783    0
1784    4.6e-05
1785    0
1786    4.9e-05
1787    0
1788    4.6e-05
1789    0
1790    6.7e-05
1791    0.000871
1792    4.8e-05
1793    0
1794    4.4e-05
1795    0
1796    4.5e-05
1797    0
1798    6.4e-05
1799    0
1800    5.4e-05
1801    0
1802    4.4e-05
1803    0
1804    4.4e-05
1805    0
1806    5.2e-05
1807    0
1808    4.6e-05
1809    0
1810    6.1e-05
1811    0
1812    7.6e-05
1813    0.000816
1814    5.4e-05
1815    0
1816    6.7e-05
1817    0
1818    4.4e-05
1819    0
1820    4.8e-05
1821    0
1822    4.8e-05
1823    0
1824    4.5e-05
1825    0
1826    4.7e-05
1827    0
1828    4.4e-05
1829    0
1830    4.7e-05
1831    0
1832    4.7e-05
1833    0
1834    7.2e-05
1835    0.000868
1836    4.7e-05
1837    0
1838    7.6e-05
1839    0
1840    5e-05
1841    0
1842    4.5e-05
1843    0
1844    6.1e-05
1845    0
1846    6.3e-05
1847    0
1848    4.4e-05
1849    0
1850    6.2e-05
1851    0
1852    5e-05
1853    0
1854    4.6e-05
1855    0
1856    5.2e-05
1857    0.00061
1858    5.6e-05
1859    0
1860    4.7e-05
1861    0
1862    7.3e-05
1863    0
1864    7.8e-05
1865    0
1866    4.6e-05
1867    0
1868    6.5e-05
1869    0
1870    6.7e-05
1871    0
1872    7.4e-05
1873    0
1874    7.1e-05
1875    0
1876    6.5e-05
1877    0
1878    5.8e-05
1879    0.001001
1880    5.2e-05
1881    0
1882    6.3e-05
1883    0
1884    9.5e-05
1885    0
1886    6.6e-05
1887    0
1888    8.7e-05
1889    0
1890    6.9e-05
1891    0
1892    5.1e-05
1893    0
1894    5.7e-05
1895    0
1896    5.3e-05
1897    0
1898    7.5e-05
1899    0
1900    7.6e-05
1901    0.00081
1902    5.2e-05
1903    0
1904    7.5e-05
1905    0
1906    8.1e-05
1907    0
1908    5.2e-05
1909    0
1910    7.8e-05
1911    0
1912    7.7e-05
1913    0
1914    8.2e-05
1915    0
1916    9.2e-05
1917    0
1918    5.3e-05
1919    0
1920    5.8e-05
1921    0
1922    8.3e-05
1923    0.000785
1924    7.9e-05
1925    0
1926    5.5e-05
1927    0
1928    5.1e-05
1929    0
1930    7.8e-05
1931    0
1932    8.8e-05
1933    0
1934    7.7e-05
1935    0
1936    5.4e-05
1937    0
1938    5.4e-05
1939    0
1940    5e-05
1941    0
1942    4.8e-05
1943    0
1944    6.8e-05
1945    0.000624
1946    4.8e-05
1947    0
1948    4.9e-05
1949    0
1950    0
1951    0
1952    0
1953    0
1954    0
1955    0
1956    0
1957    0
1958    0
1959    0
1960    0
1961    0
1962    0
1963    0
1964    0
1965    0
1966    0
1967    0
1968    0
1969    0
1970    0
1971    0
1972    0
1973    0
1974    0
1975    0
1976    0
1977    0
1978    0
1979    0
1980    0
1981    0
1982    0
1983    0
1984    0
1985    0
1986    0
1987    0
1988    0
1989    0
1990    0
1991    0
1992    0
1993    0
1994    0
1995    0
1996    0
1997    0
1998    0
1999    0
2000    0
