1    80
2    52
3    80
4    79
5    79
6    80
7    60
8    79
9    80
10    52
11    79
12    81
13    79
14    81
15    79
16    81
17    68
18    50
19    80
20    80
21    80
22    80
23    81
24    81
25    81
26    81
27    81
28    80
29    66
30    80
31    81
32    81
33    81
34    81
35    80
36    81
37    81
38    81
39    81
40    81
41    81
42    81
43    81
44    80
45    81
46    81
47    81
48    81
49    81
50    81
51    81
52    81
53    81
54    81
55    81
56    81
57    81
58    81
59    81
60    81
61    81
62    81
63    81
64    81
65    81
66    80
67    81
68    81
69    81
70    81
71    81
72    81
73    81
74    81
75    81
76    81
77    81
78    81
79    81
80    81
81    81
82    81
83    81
84    81
85    81
86    80
87    81
88    81
89    81
90    81
91    81
92    81
93    81
94    81
95    81
96    81
97    81
98    81
99    81
100    81
101    81
102    81
103    81
104    80
105    81
106    81
107    81
108    81
109    81
110    81
111    81
112    81
113    81
114    81
115    81
116    81
117    81
118    81
119    81
120    80
121    81
122    81
123    81
124    81
125    81
126    81
127    81
128    81
129    81
130    81
131    68
132    80
133    81
134    81
135    81
136    81
137    81
138    81
139    81
140    81
141    81
142    81
143    81
144    81
145    81
146    81
147    81
148    80
149    81
150    81
151    81
152    81
153    81
154    81
155    81
156    81
157    81
158    81
159    81
160    81
161    81
162    80
163    81
164    81
165    81
166    81
167    81
168    81
169    81
170    81
171    81
172    81
173    81
174    81
175    81
176    80
177    81
178    81
179    81
180    81
181    81
182    81
183    81
184    81
185    81
186    81
187    81
188    81
189    81
190    80
191    81
192    81
193    81
194    81
195    81
196    81
197    81
198    81
199    81
200    81
201    81
202    80
203    81
204    81
205    81
206    81
207    81
208    81
209    81
210    81
211    81
212    81
213    81
214    80
215    81
216    81
217    81
218    81
219    81
220    81
221    81
222    81
223    81
224    81
225    81
226    80
227    81
228    81
229    81
230    81
231    81
232    81
233    68
234    80
235    81
236    81
237    81
238    81
239    81
240    81
241    81
242    81
243    81
244    80
245    81
246    81
247    81
248    81
249    81
250    81
251    81
252    81
253    81
254    80
255    81
256    81
257    81
258    81
259    81
260    81
261    81
262    81
263    81
264    80
265    81
266    81
267    81
268    81
269    81
270    81
271    81
272    81
273    81
274    80
275    81
276    81
277    81
278    81
279    81
280    81
281    81
282    81
283    81
284    80
285    81
286    81
287    81
288    81
289    81
290    81
291    81
292    81
293    81
294    80
295    81
296    81
297    81
298    81
299    81
300    81
301    81
302    81
303    80
304    81
305    81
306    81
307    81
308    81
309    81
310    80
311    81
312    81
313    81
314    81
315    81
316    81
317    81
318    80
319    81
320    81
321    81
322    81
323    81
324    81
325    81
326    80
327    68
328    80
329    81
330    81
331    81
332    81
333    81
334    81
335    81
336    80
337    81
338    81
339    81
340    81
341    81
342    81
343    81
344    80
345    81
346    81
347    81
348    81
349    81
350    81
351    81
352    80
353    81
354    81
355    81
356    81
357    81
358    81
359    81
360    80
361    81
362    81
363    81
364    81
365    81
366    81
367    81
368    80
369    81
370    81
371    81
372    81
373    81
374    81
375    81
376    80
377    81
378    81
379    81
380    81
381    81
382    80
383    81
384    81
385    81
386    81
387    81
388    80
389    81
390    81
391    81
392    81
393    81
394    80
395    81
396    81
397    81
398    81
399    81
400    80
401    68
402    80
403    81
404    81
405    81
406    81
407    81
408    80
409    81
410    81
411    81
412    81
413    81
414    80
415    81
416    81
417    81
418    81
419    81
420    80
421    81
422    81
423    81
424    81
425    81
426    80
427    81
428    81
429    81
430    81
431    81
432    80
433    81
434    81
435    81
436    81
437    81
438    80
439    81
440    81
441    81
442    81
443    81
444    80
445    81
446    81
447    81
448    81
449    81
450    80
451    81
452    81
453    81
454    81
455    81
456    80
457    81
458    81
459    81
460    81
461    80
462    68
463    80
464    81
465    81
466    80
467    81
468    81
469    81
470    80
471    81
472    81
473    81
474    80
475    81
476    81
477    81
478    80
479    81
480    81
481    81
482    80
483    81
484    81
485    81
486    80
487    81
488    81
489    81
490    80
491    81
492    81
493    81
494    80
495    81
496    81
497    81
498    80
499    81
500    81
501    81
502    80
503    68
504    80
505    81
506    81
507    81
508    81
509    81
510    80
511    81
512    81
513    81
514    81
515    81
516    80
517    81
518    81
519    81
520    81
521    81
522    80
523    81
524    81
525    81
526    81
527    81
528    80
529    81
530    81
531    81
532    81
533    81
534    80
535    81
536    81
537    81
538    81
539    81
540    80
541    81
542    81
543    81
544    81
545    81
546    80
547    81
548    81
549    81
550    81
551    81
552    80
553    81
554    81
555    81
556    81
557    81
558    80
559    81
560    81
561    81
562    80
563    68
564    80
565    81
566    81
567    81
568    80
569    81
570    81
571    81
572    80
573    81
574    81
575    81
576    80
577    81
578    81
579    81
580    80
581    81
582    81
583    81
584    80
585    81
586    81
587    81
588    80
589    81
590    81
591    81
592    80
593    81
594    81
595    81
596    80
597    81
598    81
599    81
600    80
601    81
602    81
603    81
604    80
605    68
606    80
607    81
608    81
609    81
610    80
611    81
612    81
613    81
614    80
615    81
616    81
617    81
618    80
619    81
620    81
621    81
622    80
623    81
624    81
625    81
626    80
627    81
628    81
629    81
630    80
631    81
632    81
633    81
634    80
635    81
636    80
637    80
638    80
639    67
640    79
641    80
642    80
643    80
644    80
645    80
646    80
647    80
648    80
649    68
650    79
651    80
652    80
653    80
654    80
655    80
656    80
657    80
658    80
659    80
660    68
661    79
662    80
663    80
664    80
665    80
666    80
667    80
668    80
669    80
670    80
671    68
672    79
673    80
674    80
675    80
676    80
677    80
678    80
679    80
680    80
681    80
682    68
683    79
684    80
685    80
686    80
687    80
688    80
689    80
690    80
691    80
692    80
693    69
694    69
695    69
696    69
697    69
698    69
699    69
700    69
701    69
702    69
703    69
704    69
705    69
706    69
707    69
708    69
709    69
710    69
711    69
712    69
713    69
714    69
715    69
716    69
717    69
718    68
719    79
720    81
721    81
722    81
723    81
724    81
725    81
726    81
727    81
728    81
729    81
730    81
731    81
732    81
733    81
734    81
735    81
736    81
737    81
738    81
739    81
740    81
741    81
742    81
743    81
744    81
745    81
746    81
747    81
748    81
749    81
750    81
751    81
752    81
753    81
754    81
755    81
756    81
757    81
758    81
759    81
760    81
761    81
762    81
763    81
764    81
765    81
766    81
767    81
768    81
769    81
770    81
771    81
772    81
773    81
774    81
775    81
776    81
777    81
778    81
779    81
780    81
781    81
782    81
783    81
784    81
785    81
786    81
787    81
788    81
789    81
790    81
791    81
792    81
793    81
794    81
795    81
796    81
797    81
798    81
799    81
800    81
801    81
802    81
803    81
804    81
805    81
806    81
807    81
808    81
809    81
810    81
811    81
812    81
813    81
814    81
815    81
816    81
817    81
818    81
819    81
820    68
821    80
822    81
823    81
824    80
825    81
826    81
827    80
828    81
829    80
830    81
831    81
832    80
833    81
834    80
835    81
836    80
837    81
838    80
839    81
840    80
841    81
842    80
843    81
844    80
845    68
846    80
847    81
848    80
849    81
850    80
851    81
852    80
853    81
854    80
855    81
856    80
857    81
858    80
859    81
860    80
861    81
862    80
863    81
864    80
865    81
866    80
867    68
868    80
869    81
870    80
871    81
872    80
873    81
874    80
875    81
876    80
877    81
878    80
879    81
880    80
881    81
882    80
883    81
884    80
885    81
886    80
887    81
888    80
889    68
890    80
891    81
892    80
893    81
894    80
895    81
896    80
897    81
898    80
899    81
900    80
901    81
902    80
903    81
904    80
905    81
906    80
907    81
908    80
909    81
910    80
911    68
912    80
913    81
914    80
915    81
916    80
917    81
918    80
919    81
920    80
921    81
922    80
923    81
924    80
925    81
926    80
927    81
928    80
929    81
930    80
931    81
932    80
933    68
934    80
935    81
936    80
937    81
938    80
939    81
940    80
941    81
942    80
943    81
944    80
945    81
946    80
947    81
948    80
949    81
950    80
951    81
952    80
953    81
954    80
955    68
956    80
957    81
958    80
959    81
960    80
961    81
962    80
963    81
964    80
965    81
966    80
967    81
968    80
969    81
970    80
971    81
972    80
973    81
974    80
975    81
976    80
977    68
978    80
979    81
980    80
981    81
982    80
983    81
984    80
985    81
986    80
987    81
988    80
989    81
990    80
991    81
992    80
993    81
994    80
995    81
996    80
997    81
998    80
999    68
1000    80
1001    81
1002    80
1003    81
1004    80
1005    81
1006    80
1007    81
1008    80
1009    81
1010    80
1011    81
1012    80
1013    81
1014    80
1015    81
1016    80
1017    81
1018    80
1019    81
1020    80
1021    68
1022    80
1023    81
1024    80
1025    81
1026    80
1027    81
1028    80
1029    81
1030    80
1031    81
1032    80
1033    81
1034    80
1035    81
1036    80
1037    81
1038    80
1039    81
1040    80
1041    81
1042    80
1043    68
1044    80
1045    81
1046    80
1047    81
1048    80
1049    81
1050    80
1051    81
1052    80
1053    81
1054    80
1055    81
1056    80
1057    81
1058    80
1059    81
1060    80
1061    81
1062    80
1063    81
1064    80
1065    68
1066    80
1067    81
1068    80
1069    81
1070    80
1071    81
1072    80
1073    81
1074    80
1075    81
1076    80
1077    81
1078    80
1079    81
1080    80
1081    81
1082    80
1083    81
1084    80
1085    81
1086    80
1087    68
1088    80
1089    81
1090    80
1091    81
1092    80
1093    81
1094    80
1095    81
1096    80
1097    81
1098    80
1099    81
1100    80
1101    81
1102    80
1103    81
1104    80
1105    81
1106    80
1107    81
1108    80
1109    68
1110    80
1111    81
1112    80
1113    81
1114    80
1115    81
1116    80
1117    81
1118    80
1119    81
1120    80
1121    81
1122    80
1123    81
1124    80
1125    81
1126    80
1127    81
1128    80
1129    81
1130    80
1131    68
1132    80
1133    81
1134    80
1135    81
1136    80
1137    81
1138    80
1139    81
1140    80
1141    81
1142    80
1143    81
1144    80
1145    81
1146    80
1147    81
1148    80
1149    81
1150    80
1151    81
1152    80
1153    68
1154    80
1155    81
1156    80
1157    81
1158    80
1159    81
1160    80
1161    81
1162    80
1163    81
1164    80
1165    81
1166    80
1167    81
1168    80
1169    81
1170    80
1171    81
1172    80
1173    81
1174    80
1175    68
1176    80
1177    81
1178    80
1179    81
1180    80
1181    81
1182    80
1183    81
1184    80
1185    81
1186    80
1187    81
1188    80
1189    81
1190    80
1191    81
1192    80
1193    81
1194    80
1195    81
1196    80
1197    68
1198    80
1199    81
1200    80
1201    81
1202    80
1203    81
1204    80
1205    81
1206    80
1207    81
1208    80
1209    81
1210    80
1211    81
1212    80
1213    81
1214    80
1215    81
1216    80
1217    81
1218    80
1219    68
1220    80
1221    81
1222    80
1223    81
1224    80
1225    81
1226    80
1227    81
1228    80
1229    81
1230    80
1231    81
1232    80
1233    81
1234    80
1235    81
1236    80
1237    81
1238    80
1239    81
1240    80
1241    68
1242    80
1243    81
1244    80
1245    81
1246    80
1247    81
1248    80
1249    81
1250    80
1251    81
1252    80
1253    81
1254    80
1255    81
1256    80
1257    81
1258    80
1259    81
1260    80
1261    81
1262    80
1263    68
1264    80
1265    81
1266    80
1267    81
1268    80
1269    81
1270    80
1271    81
1272    80
1273    81
1274    80
1275    81
1276    80
1277    81
1278    80
1279    81
1280    80
1281    81
1282    80
1283    81
1284    80
1285    68
1286    80
1287    81
1288    80
1289    81
1290    80
1291    81
1292    80
1293    81
1294    80
1295    81
1296    80
1297    81
1298    80
1299    81
1300    80
1301    81
1302    80
1303    81
1304    80
1305    81
1306    80
1307    68
1308    80
1309    81
1310    80
1311    81
1312    80
1313    81
1314    80
1315    81
1316    80
1317    81
1318    80
1319    81
1320    80
1321    81
1322    80
1323    81
1324    80
1325    81
1326    80
1327    81
1328    80
1329    68
1330    80
1331    81
1332    80
1333    81
1334    80
1335    81
1336    80
1337    81
1338    80
1339    81
1340    80
1341    81
1342    80
1343    81
1344    80
1345    81
1346    80
1347    81
1348    80
1349    81
1350    80
1351    68
1352    80
1353    81
1354    80
1355    81
1356    80
1357    81
1358    80
1359    81
1360    80
1361    81
1362    80
1363    81
1364    80
1365    81
1366    80
1367    81
1368    80
1369    81
1370    80
1371    81
1372    80
1373    68
1374    80
1375    81
1376    80
1377    81
1378    80
1379    81
1380    80
1381    81
1382    80
1383    81
1384    80
1385    81
1386    80
1387    81
1388    80
1389    81
1390    80
1391    81
1392    80
1393    81
1394    80
1395    68
1396    80
1397    81
1398    80
1399    81
1400    80
1401    81
1402    80
1403    81
1404    80
1405    81
1406    80
1407    81
1408    80
1409    81
1410    80
1411    81
1412    80
1413    81
1414    80
1415    81
1416    80
1417    68
1418    80
1419    81
1420    80
1421    81
1422    80
1423    81
1424    80
1425    81
1426    80
1427    81
1428    80
1429    81
1430    80
1431    81
1432    80
1433    81
1434    80
1435    81
1436    80
1437    81
1438    80
1439    68
1440    80
1441    81
1442    80
1443    81
1444    80
1445    81
1446    80
1447    81
1448    80
1449    81
1450    80
1451    81
1452    80
1453    81
1454    80
1455    81
1456    80
1457    81
1458    80
1459    81
1460    80
1461    68
1462    80
1463    81
1464    80
1465    81
1466    80
1467    81
1468    80
1469    81
1470    80
1471    81
1472    80
1473    81
1474    80
1475    81
1476    80
1477    81
1478    80
1479    81
1480    80
1481    81
1482    80
1483    68
1484    80
1485    81
1486    80
1487    81
1488    80
1489    81
1490    80
1491    81
1492    80
1493    81
1494    80
1495    81
1496    80
1497    81
1498    80
1499    81
1500    80
1501    81
1502    80
1503    81
1504    80
1505    68
1506    80
1507    81
1508    80
1509    81
1510    80
1511    81
1512    80
1513    81
1514    80
1515    81
1516    80
1517    81
1518    80
1519    81
1520    80
1521    81
1522    80
1523    81
1524    80
1525    81
1526    80
1527    68
1528    80
1529    81
1530    80
1531    81
1532    80
1533    81
1534    80
1535    81
1536    80
1537    81
1538    80
1539    81
1540    80
1541    81
1542    80
1543    81
1544    80
1545    81
1546    80
1547    81
1548    80
1549    68
1550    80
1551    81
1552    80
1553    81
1554    80
1555    81
1556    80
1557    81
1558    80
1559    81
1560    80
1561    81
1562    80
1563    81
1564    80
1565    81
1566    80
1567    81
1568    80
1569    81
1570    80
1571    68
1572    80
1573    81
1574    80
1575    81
1576    80
1577    81
1578    80
1579    81
1580    80
1581    81
1582    80
1583    81
1584    80
1585    81
1586    80
1587    81
1588    80
1589    81
1590    80
1591    81
1592    80
1593    68
1594    80
1595    81
1596    80
1597    81
1598    80
1599    81
1600    80
1601    81
1602    80
1603    81
1604    80
1605    81
1606    80
1607    81
1608    80
1609    81
1610    80
1611    81
1612    80
1613    81
1614    80
1615    68
1616    80
1617    81
1618    80
1619    81
1620    80
1621    81
1622    80
1623    81
1624    80
1625    81
1626    80
1627    81
1628    80
1629    81
1630    80
1631    81
1632    80
1633    81
1634    80
1635    81
1636    80
1637    68
1638    80
1639    81
1640    80
1641    81
1642    80
1643    81
1644    80
1645    81
1646    80
1647    81
1648    80
1649    81
1650    80
1651    81
1652    80
1653    81
1654    80
1655    81
1656    80
1657    81
1658    80
1659    68
1660    80
1661    81
1662    80
1663    81
1664    80
1665    81
1666    80
1667    81
1668    80
1669    81
1670    80
1671    81
1672    80
1673    81
1674    80
1675    81
1676    80
1677    81
1678    80
1679    81
1680    80
1681    68
1682    80
1683    81
1684    80
1685    81
1686    80
1687    81
1688    80
1689    81
1690    80
1691    81
1692    80
1693    81
1694    80
1695    81
1696    80
1697    81
1698    80
1699    81
1700    80
1701    81
1702    80
1703    68
1704    80
1705    81
1706    80
1707    81
1708    80
1709    81
1710    80
1711    81
1712    80
1713    81
1714    80
1715    81
1716    80
1717    81
1718    80
1719    81
1720    80
1721    81
1722    80
1723    81
1724    80
1725    68
1726    80
1727    81
1728    80
1729    81
1730    80
1731    81
1732    80
1733    81
1734    80
1735    81
1736    80
1737    81
1738    80
1739    81
1740    80
1741    81
1742    80
1743    81
1744    80
1745    81
1746    80
1747    68
1748    80
1749    81
1750    80
1751    81
1752    80
1753    81
1754    80
1755    81
1756    80
1757    81
1758    80
1759    81
1760    80
1761    81
1762    80
1763    81
1764    80
1765    81
1766    80
1767    81
1768    80
1769    68
1770    80
1771    81
1772    80
1773    81
1774    80
1775    81
1776    80
1777    81
1778    80
1779    81
1780    80
1781    81
1782    80
1783    81
1784    80
1785    81
1786    80
1787    81
1788    80
1789    81
1790    80
1791    68
1792    80
1793    81
1794    80
1795    81
1796    80
1797    81
1798    80
1799    81
1800    80
1801    81
1802    80
1803    81
1804    80
1805    81
1806    80
1807    81
1808    80
1809    81
1810    80
1811    81
1812    80
1813    68
1814    80
1815    81
1816    80
1817    81
1818    80
1819    81
1820    80
1821    81
1822    80
1823    81
1824    80
1825    81
1826    80
1827    81
1828    80
1829    81
1830    80
1831    81
1832    80
1833    81
1834    80
1835    68
1836    80
1837    81
1838    80
1839    81
1840    80
1841    81
1842    80
1843    81
1844    80
1845    81
1846    80
1847    81
1848    80
1849    81
1850    80
1851    81
1852    80
1853    81
1854    80
1855    81
1856    80
1857    68
1858    80
1859    81
1860    80
1861    81
1862    80
1863    81
1864    80
1865    81
1866    80
1867    81
1868    80
1869    81
1870    80
1871    81
1872    80
1873    81
1874    80
1875    81
1876    80
1877    81
1878    80
1879    68
1880    80
1881    81
1882    80
1883    81
1884    80
1885    81
1886    80
1887    81
1888    80
1889    81
1890    80
1891    81
1892    80
1893    81
1894    80
1895    81
1896    80
1897    81
1898    80
1899    81
1900    80
1901    68
1902    80
1903    81
1904    80
1905    81
1906    80
1907    81
1908    80
1909    81
1910    80
1911    81
1912    80
1913    81
1914    80
1915    81
1916    80
1917    81
1918    80
1919    81
1920    80
1921    81
1922    80
1923    68
1924    80
1925    81
1926    80
1927    81
1928    80
1929    81
1930    80
1931    81
1932    80
1933    81
1934    80
1935    81
1936    80
1937    81
1938    80
1939    81
1940    80
1941    81
1942    80
1943    81
1944    80
1945    68
1946    80
1947    81
1948    80
1949    81
1950    81
1951    81
1952    81
1953    81
1954    81
1955    81
1956    81
1957    81
1958    81
1959    81
1960    81
1961    81
1962    81
1963    81
1964    81
1965    81
1966    81
1967    81
1968    81
1969    81
1970    81
1971    81
1972    81
1973    81
1974    81
1975    81
1976    81
1977    81
1978    81
1979    81
1980    81
1981    81
1982    81
1983    81
1984    81
1985    81
1986    81
1987    81
1988    81
1989    81
1990    81
1991    81
1992    81
1993    81
1994    81
1995    81
1996    81
1997    81
1998    81
1999    81
2000    81
