1    6
2    6
3    6
4    6
5    6
6    6
7    6
8    6
9    6
10    6
11    6
13    6
15    6
17    6
18    6
19    6
20    6
21    6
22    6
28    6
29    6
30    6
35    6
44    6
66    6
86    6
104    6
120    6
131    6
132    6
148    6
162    6
176    6
190    6
202    6
214    6
226    6
233    6
234    6
244    6
254    6
264    6
274    6
284    6
294    6
303    6
310    6
318    6
326    6
327    6
328    6
336    6
344    6
352    6
360    6
368    6
376    6
382    6
388    6
394    6
400    6
401    6
402    6
408    6
414    6
420    6
426    6
432    6
438    6
444    6
450    6
456    6
461    6
462    6
463    6
466    6
470    6
474    6
478    6
482    6
486    6
490    6
494    6
498    6
502    6
503    6
504    6
510    6
516    6
522    6
528    6
534    6
540    6
546    6
552    6
558    6
562    6
563    6
564    6
568    6
572    6
576    6
580    6
584    6
588    6
592    6
596    6
600    6
604    6
605    6
606    6
610    6
614    6
618    6
622    6
626    6
630    6
634    6
636    6
637    6
638    6
639    6
640    6
641    6
642    6
643    6
644    6
645    6
646    6
647    6
648    6
649    6
650    6
651    6
652    6
653    6
654    6
655    6
656    6
657    6
658    6
659    6
660    6
661    6
662    6
663    6
664    6
665    6
666    6
667    6
668    6
669    6
670    6
671    6
672    6
673    6
674    6
675    6
676    6
677    6
678    6
679    6
680    6
681    6
682    6
683    6
684    6
685    6
686    6
687    6
688    6
689    6
690    6
691    6
692    6
693    6
694    6
695    6
696    6
697    6
698    6
699    6
700    6
701    6
702    6
703    6
704    6
705    6
706    6
707    6
708    6
709    6
710    6
711    6
712    6
713    6
714    6
715    6
716    6
717    6
718    6
719    6
820    6
821    6
824    6
827    6
829    6
832    6
834    6
836    6
838    6
840    6
842    6
844    6
845    6
846    6
848    6
850    6
852    6
854    6
856    6
858    6
860    6
862    6
864    6
866    6
867    6
868    6
870    6
872    6
874    6
876    6
878    6
880    6
882    6
884    6
886    6
888    6
889    6
890    6
892    6
894    6
896    6
898    6
900    6
902    6
904    6
906    6
908    6
910    6
911    6
912    6
914    6
916    6
918    6
920    6
922    6
924    6
926    6
928    6
930    6
932    6
933    6
934    6
936    6
938    6
940    6
942    6
944    6
946    6
948    6
950    6
952    6
954    6
955    6
956    6
958    6
960    6
962    6
964    6
966    6
968    6
970    6
972    6
974    6
976    6
977    6
978    6
980    6
982    6
984    6
986    6
988    6
990    6
992    6
994    6
996    6
998    6
999    6
1000    6
1002    6
1004    6
1006    6
1008    6
1010    6
1012    6
1014    6
1016    6
1018    6
1020    6
1021    6
1022    6
1024    6
1026    6
1028    6
1030    6
1032    6
1034    6
1036    6
1038    6
1040    6
1042    6
1043    6
1044    6
1046    6
1048    6
1050    6
1052    6
1054    6
1056    6
1058    6
1060    6
1062    6
1064    6
1065    6
1066    6
1068    6
1070    6
1072    6
1074    6
1076    6
1078    6
1080    6
1082    6
1084    6
1086    6
1087    6
1088    6
1090    6
1092    6
1094    6
1096    6
1098    6
1100    6
1102    6
1104    6
1106    6
1108    6
1109    6
1110    6
1112    6
1114    6
1116    6
1118    6
1120    6
1122    6
1124    6
1126    6
1128    6
1130    6
1131    6
1132    6
1134    6
1136    6
1138    6
1140    6
1142    6
1144    6
1146    6
1148    6
1150    6
1152    6
1153    6
1154    6
1156    6
1158    6
1160    6
1162    6
1164    6
1166    6
1168    6
1170    6
1172    6
1174    6
1175    6
1176    6
1178    6
1180    6
1182    6
1184    6
1186    6
1188    6
1190    6
1192    6
1194    6
1196    6
1197    6
1198    6
1200    6
1202    6
1204    6
1206    6
1208    6
1210    6
1212    6
1214    6
1216    6
1218    6
1219    6
1220    6
1222    6
1224    6
1226    6
1228    6
1230    6
1232    6
1234    6
1236    6
1238    6
1240    6
1241    6
1242    6
1244    6
1246    6
1248    6
1250    6
1252    6
1254    6
1256    6
1258    6
1260    6
1262    6
1263    6
1264    6
1266    6
1268    6
1270    6
1272    6
1274    6
1276    6
1278    6
1280    6
1282    6
1284    6
1285    6
1286    6
1288    6
1290    6
1292    6
1294    6
1296    6
1298    6
1300    6
1302    6
1304    6
1306    6
1307    6
1308    6
1310    6
1312    6
1314    6
1316    6
1318    6
1320    6
1322    6
1324    6
1326    6
1328    6
1329    6
1330    6
1332    6
1334    6
1336    6
1338    6
1340    6
1342    6
1344    6
1346    6
1348    6
1350    6
1351    6
1352    6
1354    6
1356    6
1358    6
1360    6
1362    6
1364    6
1366    6
1368    6
1370    6
1372    6
1373    6
1374    6
1376    6
1378    6
1380    6
1382    6
1384    6
1386    6
1388    6
1390    6
1392    6
1394    6
1395    6
1396    6
1398    6
1400    6
1402    6
1404    6
1406    6
1408    6
1410    6
1412    6
1414    6
1416    6
1417    6
1418    6
1420    6
1422    6
1424    6
1426    6
1428    6
1430    6
1432    6
1434    6
1436    6
1438    6
1439    6
1440    6
1442    6
1444    6
1446    6
1448    6
1450    6
1452    6
1454    6
1456    6
1458    6
1460    6
1461    6
1462    6
1464    6
1466    6
1468    6
1470    6
1472    6
1474    6
1476    6
1478    6
1480    6
1482    6
1483    6
1484    6
1486    6
1488    6
1490    6
1492    6
1494    6
1496    6
1498    6
1500    6
1502    6
1504    6
1505    6
1506    6
1508    6
1510    6
1512    6
1514    6
1516    6
1518    6
1520    6
1522    6
1524    6
1526    6
1527    6
1528    6
1530    6
1532    6
1534    6
1536    6
1538    6
1540    6
1542    6
1544    6
1546    6
1548    6
1549    6
1550    6
1552    6
1554    6
1556    6
1558    6
1560    6
1562    6
1564    6
1566    6
1568    6
1570    6
1571    6
1572    6
1574    6
1576    6
1578    6
1580    6
1582    6
1584    6
1586    6
1588    6
1590    6
1592    6
1593    6
1594    6
1596    6
1598    6
1600    6
1602    6
1604    6
1606    6
1608    6
1610    6
1612    6
1614    6
1615    6
1616    6
1618    6
1620    6
1622    6
1624    6
1626    6
1628    6
1630    6
1632    6
1634    6
1636    6
1637    6
1638    6
1640    6
1642    6
1644    6
1646    6
1648    6
1650    6
1652    6
1654    6
1656    6
1658    6
1659    6
1660    6
1662    6
1664    6
1666    6
1668    6
1670    6
1672    6
1674    6
1676    6
1678    6
1680    6
1681    6
1682    6
1684    6
1686    6
1688    6
1690    6
1692    6
1694    6
1696    6
1698    6
1700    6
1702    6
1703    6
1704    6
1706    6
1708    6
1710    6
1712    6
1714    6
1716    6
1718    6
1720    6
1722    6
1724    6
1725    6
1726    6
1728    6
1730    6
1732    6
1734    6
1736    6
1738    6
1740    6
1742    6
1744    6
1746    6
1747    6
1748    6
1750    6
1752    6
1754    6
1756    6
1758    6
1760    6
1762    6
1764    6
1766    6
1768    6
1769    6
1770    6
1772    6
1774    6
1776    6
1778    6
1780    6
1782    6
1784    6
1786    6
1788    6
1790    6
1791    6
1792    6
1794    6
1796    6
1798    6
1800    6
1802    6
1804    6
1806    6
1808    6
1810    6
1812    6
1813    6
1814    6
1816    6
1818    6
1820    6
1822    6
1824    6
1826    6
1828    6
1830    6
1832    6
1834    6
1835    6
1836    6
1838    6
1840    6
1842    6
1844    6
1846    6
1848    6
1850    6
1852    6
1854    6
1856    6
1857    6
1858    6
1860    6
1862    6
1864    6
1866    6
1868    6
1870    6
1872    6
1874    6
1876    6
1878    6
1879    6
1880    6
1882    6
1884    6
1886    6
1888    6
1890    6
1892    6
1894    6
1896    6
1898    6
1900    6
1901    6
1902    6
1904    6
1906    6
1908    6
1910    6
1912    6
1914    6
1916    6
1918    6
1920    6
1922    6
1923    6
1924    6
1926    6
1928    6
1930    6
1932    6
1934    6
1936    6
1938    6
1940    6
1942    6
1944    6
1945    6
1946    6
1948    6
